

================================================================
== Vitis HLS Report for 'fiat_25519_carry_square'
================================================================
* Date:           Fri May 10 12:48:02 2024

* Version:        2023.1.1 (Build 3869133 on Jun 15 2023)
* Project:        D3
* Solution:       comb_36 (Vivado IP Flow Target)
* Product family: zynquplus
* Target device:  xczu9eg-ffvb1156-2-e


================================================================
== Performance Estimates
================================================================
+ Timing: 
    * Summary: 
    +--------+----------+----------+------------+
    |  Clock |  Target  | Estimated| Uncertainty|
    +--------+----------+----------+------------+
    |ap_clk  |  10.00 ns|  7.300 ns|     2.70 ns|
    +--------+----------+----------+------------+

+ Latency: 
    * Summary: 
    +---------+---------+----------+----------+-----+-----+---------+
    |  Latency (cycles) |  Latency (absolute) |  Interval | Pipeline|
    |   min   |   max   |    min   |    max   | min | max |   Type  |
    +---------+---------+----------+----------+-----+-----+---------+
    |       97|       97|  0.970 us|  0.970 us|   98|   98|       no|
    +---------+---------+----------+----------+-----+-----+---------+

    + Detail: 
        * Instance: 
        +-------------------------------------------------------------+--------------------------------------------------+---------+---------+-----------+-----------+-----+-----+---------+
        |                                                             |                                                  |  Latency (cycles) |   Latency (absolute)  |  Interval | Pipeline|
        |                           Instance                          |                      Module                      |   min   |   max   |    min    |    max    | min | max |   Type  |
        +-------------------------------------------------------------+--------------------------------------------------+---------+---------+-----------+-----------+-----+-----+---------+
        |grp_fiat_25519_carry_square_Pipeline_1_fu_437                |fiat_25519_carry_square_Pipeline_1                |       12|       12|   0.120 us|   0.120 us|   12|   12|       no|
        |grp_fiat_25519_carry_square_Pipeline_ARRAY_1_READ_fu_444     |fiat_25519_carry_square_Pipeline_ARRAY_1_READ     |       13|       13|   0.130 us|   0.130 us|   13|   13|       no|
        |grp_fiat_25519_carry_square_Pipeline_VITIS_LOOP_23_1_fu_463  |fiat_25519_carry_square_Pipeline_VITIS_LOOP_23_1  |       16|       16|   0.160 us|   0.160 us|   16|   16|       no|
        |grp_fiat_25519_carry_square_Pipeline_VITIS_LOOP_34_3_fu_481  |fiat_25519_carry_square_Pipeline_VITIS_LOOP_34_3  |        9|        9|  90.000 ns|  90.000 ns|    9|    9|       no|
        |grp_fiat_25519_carry_square_Pipeline_VITIS_LOOP_44_5_fu_498  |fiat_25519_carry_square_Pipeline_VITIS_LOOP_44_5  |       13|       13|   0.130 us|   0.130 us|   13|   13|       no|
        |grp_fiat_25519_carry_square_Pipeline_VITIS_LOOP_68_9_fu_518  |fiat_25519_carry_square_Pipeline_VITIS_LOOP_68_9  |        5|        5|  50.000 ns|  50.000 ns|    5|    5|       no|
        |grp_fiat_25519_carry_square_Pipeline_ARRAY_WRITE_fu_559      |fiat_25519_carry_square_Pipeline_ARRAY_WRITE      |       13|       13|   0.130 us|   0.130 us|   13|   13|       no|
        +-------------------------------------------------------------+--------------------------------------------------+---------+---------+-----------+-----------+-----+-----+---------+

        * Loop: 
        N/A



================================================================
== Utilization Estimates
================================================================
* Summary: 
+-----------------+---------+------+--------+--------+-----+
|       Name      | BRAM_18K|  DSP |   FF   |   LUT  | URAM|
+-----------------+---------+------+--------+--------+-----+
|DSP              |        -|     -|       -|       -|    -|
|Expression       |        -|     -|       0|    2290|    -|
|FIFO             |        -|     -|       -|       -|    -|
|Instance         |        4|   172|    2817|    5397|    0|
|Memory           |        0|     -|     438|      17|    0|
|Multiplexer      |        -|     -|       -|    1037|    -|
|Register         |        -|     -|    3370|       -|    -|
+-----------------+---------+------+--------+--------+-----+
|Total            |        4|   172|    6625|    8741|    0|
+-----------------+---------+------+--------+--------+-----+
|Available        |     1824|  2520|  548160|  274080|    0|
+-----------------+---------+------+--------+--------+-----+
|Utilization (%)  |       ~0|     6|       1|       3|    0|
+-----------------+---------+------+--------+--------+-----+

+ Detail: 
    * Instance: 
    +-------------------------------------------------------------+--------------------------------------------------+---------+----+-----+------+-----+
    |                           Instance                          |                      Module                      | BRAM_18K| DSP|  FF |  LUT | URAM|
    +-------------------------------------------------------------+--------------------------------------------------+---------+----+-----+------+-----+
    |control_s_axi_U                                              |control_s_axi                                     |        0|   0|  176|   296|    0|
    |grp_fiat_25519_carry_square_Pipeline_1_fu_437                |fiat_25519_carry_square_Pipeline_1                |        0|   0|   18|   130|    0|
    |grp_fiat_25519_carry_square_Pipeline_ARRAY_1_READ_fu_444     |fiat_25519_carry_square_Pipeline_ARRAY_1_READ     |        0|   0|  409|   154|    0|
    |grp_fiat_25519_carry_square_Pipeline_ARRAY_WRITE_fu_559      |fiat_25519_carry_square_Pipeline_ARRAY_WRITE      |        0|   0|   37|    73|    0|
    |grp_fiat_25519_carry_square_Pipeline_VITIS_LOOP_23_1_fu_463  |fiat_25519_carry_square_Pipeline_VITIS_LOOP_23_1  |        0|   4|  328|   458|    0|
    |grp_fiat_25519_carry_square_Pipeline_VITIS_LOOP_34_3_fu_481  |fiat_25519_carry_square_Pipeline_VITIS_LOOP_34_3  |        0|  12|  245|   784|    0|
    |grp_fiat_25519_carry_square_Pipeline_VITIS_LOOP_44_5_fu_498  |fiat_25519_carry_square_Pipeline_VITIS_LOOP_44_5  |        0|   4|  384|   547|    0|
    |grp_fiat_25519_carry_square_Pipeline_VITIS_LOOP_68_9_fu_518  |fiat_25519_carry_square_Pipeline_VITIS_LOOP_68_9  |        0|   0|  390|  1454|    0|
    |mem_m_axi_U                                                  |mem_m_axi                                         |        4|   0|  830|   694|    0|
    |mul_32ns_32ns_63_1_1_U142                                    |mul_32ns_32ns_63_1_1                              |        0|   4|    0|    20|    0|
    |mul_32ns_32ns_63_1_1_U143                                    |mul_32ns_32ns_63_1_1                              |        0|   4|    0|    20|    0|
    |mul_32ns_32ns_63_1_1_U144                                    |mul_32ns_32ns_63_1_1                              |        0|   4|    0|    20|    0|
    |mul_32ns_32ns_63_1_1_U145                                    |mul_32ns_32ns_63_1_1                              |        0|   4|    0|    20|    0|
    |mul_32ns_32ns_63_1_1_U146                                    |mul_32ns_32ns_63_1_1                              |        0|   4|    0|    20|    0|
    |mul_32ns_32ns_64_1_1_U147                                    |mul_32ns_32ns_64_1_1                              |        0|   4|    0|    20|    0|
    |mul_32ns_32ns_64_1_1_U148                                    |mul_32ns_32ns_64_1_1                              |        0|   4|    0|    20|    0|
    |mul_32ns_32ns_64_1_1_U149                                    |mul_32ns_32ns_64_1_1                              |        0|   4|    0|    20|    0|
    |mul_32ns_32ns_64_1_1_U150                                    |mul_32ns_32ns_64_1_1                              |        0|   4|    0|    20|    0|
    |mul_32ns_32ns_64_1_1_U151                                    |mul_32ns_32ns_64_1_1                              |        0|   4|    0|    20|    0|
    |mul_32ns_32ns_64_1_1_U152                                    |mul_32ns_32ns_64_1_1                              |        0|   4|    0|    20|    0|
    |mul_32ns_32ns_64_1_1_U153                                    |mul_32ns_32ns_64_1_1                              |        0|   4|    0|    20|    0|
    |mul_32ns_32ns_64_1_1_U154                                    |mul_32ns_32ns_64_1_1                              |        0|   4|    0|    20|    0|
    |mul_32ns_32ns_64_1_1_U155                                    |mul_32ns_32ns_64_1_1                              |        0|   4|    0|    20|    0|
    |mul_32ns_32ns_64_1_1_U156                                    |mul_32ns_32ns_64_1_1                              |        0|   4|    0|    20|    0|
    |mul_32ns_32ns_64_1_1_U157                                    |mul_32ns_32ns_64_1_1                              |        0|   4|    0|    20|    0|
    |mul_32ns_32ns_64_1_1_U158                                    |mul_32ns_32ns_64_1_1                              |        0|   4|    0|    20|    0|
    |mul_32ns_32ns_64_1_1_U159                                    |mul_32ns_32ns_64_1_1                              |        0|   4|    0|    20|    0|
    |mul_32ns_32ns_64_1_1_U160                                    |mul_32ns_32ns_64_1_1                              |        0|   4|    0|    20|    0|
    |mul_32ns_32ns_64_1_1_U161                                    |mul_32ns_32ns_64_1_1                              |        0|   4|    0|    20|    0|
    |mul_32ns_32ns_64_1_1_U162                                    |mul_32ns_32ns_64_1_1                              |        0|   4|    0|    20|    0|
    |mul_32ns_32ns_64_1_1_U163                                    |mul_32ns_32ns_64_1_1                              |        0|   4|    0|    20|    0|
    |mul_32ns_32ns_64_1_1_U164                                    |mul_32ns_32ns_64_1_1                              |        0|   4|    0|    20|    0|
    |mul_32ns_32ns_64_1_1_U165                                    |mul_32ns_32ns_64_1_1                              |        0|   4|    0|    20|    0|
    |mul_32ns_32ns_64_1_1_U166                                    |mul_32ns_32ns_64_1_1                              |        0|   4|    0|    20|    0|
    |mul_32ns_32ns_64_1_1_U167                                    |mul_32ns_32ns_64_1_1                              |        0|   4|    0|    20|    0|
    |mul_32ns_32ns_64_1_1_U168                                    |mul_32ns_32ns_64_1_1                              |        0|   4|    0|    20|    0|
    |mul_32ns_32ns_64_1_1_U169                                    |mul_32ns_32ns_64_1_1                              |        0|   4|    0|    20|    0|
    |mul_32ns_32ns_64_1_1_U170                                    |mul_32ns_32ns_64_1_1                              |        0|   4|    0|    20|    0|
    |mul_32ns_32ns_64_1_1_U171                                    |mul_32ns_32ns_64_1_1                              |        0|   4|    0|    20|    0|
    |mul_32ns_32ns_64_1_1_U172                                    |mul_32ns_32ns_64_1_1                              |        0|   4|    0|    20|    0|
    |mul_32ns_32ns_64_1_1_U173                                    |mul_32ns_32ns_64_1_1                              |        0|   4|    0|    20|    0|
    |mul_32ns_32ns_64_1_1_U174                                    |mul_32ns_32ns_64_1_1                              |        0|   4|    0|    20|    0|
    |mul_32ns_32ns_64_1_1_U175                                    |mul_32ns_32ns_64_1_1                              |        0|   4|    0|    20|    0|
    |mul_32ns_32ns_64_1_1_U176                                    |mul_32ns_32ns_64_1_1                              |        0|   4|    0|    20|    0|
    |mul_32ns_32ns_64_1_1_U177                                    |mul_32ns_32ns_64_1_1                              |        0|   4|    0|    20|    0|
    |mul_32s_6ns_32_1_1_U179                                      |mul_32s_6ns_32_1_1                                |        0|   2|    0|    20|    0|
    |mul_32s_7ns_32_1_1_U178                                      |mul_32s_7ns_32_1_1                                |        0|   2|    0|    20|    0|
    |mul_32s_7ns_32_1_1_U180                                      |mul_32s_7ns_32_1_1                                |        0|   2|    0|    20|    0|
    |mul_39ns_6ns_44_1_1_U181                                     |mul_39ns_6ns_44_1_1                               |        0|   2|    0|    27|    0|
    +-------------------------------------------------------------+--------------------------------------------------+---------+----+-----+------+-----+
    |Total                                                        |                                                  |        4| 172| 2817|  5397|    0|
    +-------------------------------------------------------------+--------------------------------------------------+---------+----+-----+------+-----+

    * DSP: 
    N/A

    * Memory: 
    +----------+----------------------+---------+-----+----+-----+------+-----+------+-------------+
    |  Memory  |        Module        | BRAM_18K|  FF | LUT| URAM| Words| Bits| Banks| W*Bits*Banks|
    +----------+----------------------+---------+-----+----+-----+------+-----+------+-------------+
    |arr_U     |arr_RAM_AUTO_1R1W     |        0|  128|   4|    0|     4|   64|     1|          256|
    |arr_1_U   |arr_RAM_AUTO_1R1W     |        0|  128|   4|    0|     4|   64|     1|          256|
    |arr_2_U   |arr_RAM_AUTO_1R1W     |        0|  128|   4|    0|     4|   64|     1|          256|
    |out1_w_U  |out1_w_RAM_AUTO_1R1W  |        0|   54|   5|    0|    10|   27|     1|          270|
    +----------+----------------------+---------+-----+----+-----+------+-----+------+-------------+
    |Total     |                      |        0|  438|  17|    0|    22|  219|     4|         1038|
    +----------+----------------------+---------+-----+----+-----+------+-----+------+-------------+

    * FIFO: 
    N/A

    * Expression: 
    +----------------------------------+----------+----+---+----+------------+------------+
    |           Variable Name          | Operation| DSP| FF| LUT| Bitwidth P0| Bitwidth P1|
    +----------------------------------+----------+----+---+----+------------+------------+
    |add_ln113_1_fu_1349_p2            |         +|   0|  0|  71|          64|          64|
    |add_ln113_2_fu_1383_p2            |         +|   0|  0|  71|          64|          64|
    |add_ln113_3_fu_1417_p2            |         +|   0|  0|  71|          64|          64|
    |add_ln113_4_fu_1447_p2            |         +|   0|  0|  71|          64|          64|
    |add_ln113_5_fu_1476_p2            |         +|   0|  0|  71|          64|          64|
    |add_ln113_6_fu_1560_p2            |         +|   0|  0|  71|          64|          64|
    |add_ln113_7_fu_1593_p2            |         +|   0|  0|  71|          64|          64|
    |add_ln113_8_fu_1627_p2            |         +|   0|  0|  71|          64|          64|
    |add_ln113_9_fu_1673_p2            |         +|   0|  0|  33|          26|          26|
    |add_ln113_fu_1315_p2              |         +|   0|  0|  71|          64|          64|
    |add_ln114_1_fu_1710_p2            |         +|   0|  0|  32|          25|          25|
    |add_ln114_2_fu_1501_p2            |         +|   0|  0|  32|          25|          25|
    |add_ln114_fu_1686_p2              |         +|   0|  0|  51|          44|          44|
    |add_ln115_1_fu_1743_p2            |         +|   0|  0|  34|          27|          27|
    |add_ln115_2_fu_1507_p2            |         +|   0|  0|  33|          26|          26|
    |add_ln115_fu_1723_p2              |         +|   0|  0|  33|          26|          26|
    |add_ln116_fu_1513_p2              |         +|   0|  0|  32|          25|          25|
    |add_ln117_fu_1519_p2              |         +|   0|  0|  33|          26|          26|
    |add_ln118_1_fu_1525_p2            |         +|   0|  0|  25|          25|          25|
    |add_ln118_fu_1530_p2              |         +|   0|  0|  25|          25|          25|
    |add_ln119_1_fu_1535_p2            |         +|   0|  0|  33|          26|          26|
    |add_ln119_fu_1540_p2              |         +|   0|  0|  26|          26|          26|
    |add_ln120_1_fu_1643_p2            |         +|   0|  0|  32|          25|          25|
    |add_ln120_fu_1647_p2              |         +|   0|  0|  25|          25|          25|
    |add_ln121_fu_1653_p2              |         +|   0|  0|  33|          26|          26|
    |add_ln122_fu_1659_p2              |         +|   0|  0|  32|          25|          25|
    |add_ln60_1_fu_1138_p2             |         +|   0|  0|  64|          64|          64|
    |add_ln60_2_fu_1144_p2             |         +|   0|  0|  64|          64|          64|
    |add_ln60_3_fu_1150_p2             |         +|   0|  0|  64|          64|          64|
    |add_ln60_fu_1132_p2               |         +|   0|  0|  64|          64|          64|
    |add_ln61_1_fu_1163_p2             |         +|   0|  0|  71|          64|          64|
    |add_ln61_2_fu_1219_p2             |         +|   0|  0|  64|          64|          64|
    |add_ln61_3_fu_1227_p2             |         +|   0|  0|  64|          64|          64|
    |add_ln61_4_fu_1550_p2             |         +|   0|  0|  25|          25|          25|
    |add_ln61_fu_1157_p2               |         +|   0|  0|  71|          64|          64|
    |add_ln62_1_fu_1183_p2             |         +|   0|  0|  64|          64|          64|
    |add_ln62_2_fu_1234_p2             |         +|   0|  0|  64|          64|          64|
    |add_ln62_3_fu_1242_p2             |         +|   0|  0|  64|          64|          64|
    |add_ln62_4_fu_1189_p2             |         +|   0|  0|  64|          64|          64|
    |add_ln62_5_fu_1259_p2             |         +|   0|  0|  26|          26|          26|
    |add_ln62_fu_1177_p2               |         +|   0|  0|  71|          64|          64|
    |add_ln64_1_fu_1209_p2             |         +|   0|  0|  64|          64|          64|
    |add_ln64_2_fu_1253_p2             |         +|   0|  0|  71|          64|          64|
    |add_ln64_fu_1203_p2               |         +|   0|  0|  64|          64|          64|
    |ap_block_state11_on_subcall_done  |        or|   0|  0|   2|           1|           1|
    |ap_block_state20_on_subcall_done  |        or|   0|  0|   2|           1|           1|
    +----------------------------------+----------+----+---+----+------------+------------+
    |Total                             |          |   0|  0|2290|        2106|        2106|
    +----------------------------------+----------+----+---+----+------------+------------+

    * Multiplexer: 
    +-----------------+-----+-----------+-----+-----------+
    |       Name      | LUT | Input Size| Bits| Total Bits|
    +-----------------+-----+-----------+-----+-----------+
    |ap_NS_fsm        |  159|         35|    1|         35|
    |arr_1_address0   |   37|          7|    2|         14|
    |arr_1_address1   |   31|          6|    2|         12|
    |arr_1_ce0        |   26|          5|    1|          5|
    |arr_1_ce1        |   20|          4|    1|          4|
    |arr_1_d0         |   26|          5|   64|        320|
    |arr_1_d1         |   14|          3|   64|        192|
    |arr_1_we0        |   26|          5|    1|          5|
    |arr_2_address0   |   37|          7|    2|         14|
    |arr_2_address1   |   31|          6|    2|         12|
    |arr_2_ce0        |   26|          5|    1|          5|
    |arr_2_ce1        |   20|          4|    1|          4|
    |arr_2_d0         |   26|          5|   64|        320|
    |arr_2_d1         |   14|          3|   64|        192|
    |arr_2_we0        |   26|          5|    1|          5|
    |arr_address0     |   43|          8|    2|         16|
    |arr_address1     |   37|          7|    2|         14|
    |arr_ce0          |   26|          5|    1|          5|
    |arr_ce1          |   20|          4|    1|          4|
    |arr_d0           |   31|          6|   64|        384|
    |arr_d1           |   14|          3|   64|        192|
    |arr_we0          |   26|          5|    1|          5|
    |grp_fu_727_p0    |   20|          4|   32|        128|
    |grp_fu_727_p1    |   14|          3|    7|         21|
    |mem_ARADDR       |   14|          3|   64|        192|
    |mem_ARLEN        |   14|          3|   32|         96|
    |mem_ARVALID      |   14|          3|    1|          3|
    |mem_AWADDR       |   14|          3|   64|        192|
    |mem_AWLEN        |   14|          3|   32|         96|
    |mem_AWVALID      |   14|          3|    1|          3|
    |mem_BREADY       |   14|          3|    1|          3|
    |mem_RREADY       |    9|          2|    1|          2|
    |mem_WVALID       |    9|          2|    1|          2|
    |mem_blk_n_AR     |    9|          2|    1|          2|
    |mem_blk_n_AW     |    9|          2|    1|          2|
    |mem_blk_n_B      |    9|          2|    1|          2|
    |out1_w_address0  |   37|          7|    4|         28|
    |out1_w_address1  |   31|          6|    4|         24|
    |out1_w_ce0       |   14|          3|    1|          3|
    |out1_w_d0        |   31|          6|   27|        162|
    |out1_w_d1        |   31|          6|   27|        162|
    +-----------------+-----+-----------+-----+-----------+
    |Total            | 1037|        209|  708|       2882|
    +-----------------+-----+-----------+-----+-----------+

    * Register: 
    +--------------------------------------------------------------------------+----+----+-----+-----------+
    |                                   Name                                   | FF | LUT| Bits| Const Bits|
    +--------------------------------------------------------------------------+----+----+-----+-----------+
    |add_ln114_2_reg_2300                                                      |  25|   0|   25|          0|
    |add_ln115_2_reg_2306                                                      |  26|   0|   26|          0|
    |add_ln116_reg_2311                                                        |  25|   0|   25|          0|
    |add_ln117_reg_2316                                                        |  26|   0|   26|          0|
    |add_ln118_reg_2321                                                        |  25|   0|   25|          0|
    |add_ln119_reg_2326                                                        |  26|   0|   26|          0|
    |add_ln120_reg_2339                                                        |  25|   0|   25|          0|
    |add_ln121_reg_2344                                                        |  26|   0|   26|          0|
    |add_ln122_reg_2349                                                        |  25|   0|   25|          0|
    |add_ln60_3_reg_2174                                                       |  64|   0|   64|          0|
    |add_ln61_1_reg_2184                                                       |  64|   0|   64|          0|
    |add_ln61_3_reg_2259                                                       |  64|   0|   64|          0|
    |add_ln61_reg_2179                                                         |  64|   0|   64|          0|
    |add_ln62_3_reg_2269                                                       |  64|   0|   64|          0|
    |add_ln62_4_reg_2204                                                       |  64|   0|   64|          0|
    |add_ln62_reg_2199                                                         |  64|   0|   64|          0|
    |add_ln64_1_reg_2219                                                       |  64|   0|   64|          0|
    |add_ln64_2_reg_2279                                                       |  64|   0|   64|          0|
    |ap_CS_fsm                                                                 |  34|   0|   34|          0|
    |arg1_r_1_3_0279_loc_fu_178                                                |  31|   0|   31|          0|
    |arg1_r_2_3_0283_loc_fu_194                                                |  31|   0|   31|          0|
    |arr_1_load_1_reg_2239                                                     |  64|   0|   64|          0|
    |arr_1_load_2_reg_2249                                                     |  64|   0|   64|          0|
    |arr_2_load_1_reg_2234                                                     |  64|   0|   64|          0|
    |arr_2_load_2_reg_2244                                                     |  64|   0|   64|          0|
    |arr_load_3_reg_2229                                                       |  64|   0|   64|          0|
    |arr_load_reg_2002                                                         |  64|   0|   64|          0|
    |empty_36_reg_1922                                                         |  31|   0|   31|          0|
    |empty_37_reg_1955                                                         |  31|   0|   31|          0|
    |empty_38_reg_1966                                                         |  31|   0|   31|          0|
    |empty_39_reg_1971                                                         |  31|   0|   31|          0|
    |empty_40_reg_1976                                                         |  31|   0|   31|          0|
    |empty_41_reg_1981                                                         |  31|   0|   31|          0|
    |grp_fiat_25519_carry_square_Pipeline_1_fu_437_ap_start_reg                |   1|   0|    1|          0|
    |grp_fiat_25519_carry_square_Pipeline_ARRAY_1_READ_fu_444_ap_start_reg     |   1|   0|    1|          0|
    |grp_fiat_25519_carry_square_Pipeline_ARRAY_WRITE_fu_559_ap_start_reg      |   1|   0|    1|          0|
    |grp_fiat_25519_carry_square_Pipeline_VITIS_LOOP_23_1_fu_463_ap_start_reg  |   1|   0|    1|          0|
    |grp_fiat_25519_carry_square_Pipeline_VITIS_LOOP_34_3_fu_481_ap_start_reg  |   1|   0|    1|          0|
    |grp_fiat_25519_carry_square_Pipeline_VITIS_LOOP_44_5_fu_498_ap_start_reg  |   1|   0|    1|          0|
    |grp_fiat_25519_carry_square_Pipeline_VITIS_LOOP_68_9_fu_518_ap_start_reg  |   1|   0|    1|          0|
    |lshr_ln113_6_reg_2290                                                     |  38|   0|   38|          0|
    |mul16_reg_1927                                                            |  32|   0|   32|          0|
    |mul202_reg_2074                                                           |  64|   0|   64|          0|
    |mul211_reg_2079                                                           |  64|   0|   64|          0|
    |mul219_reg_2007                                                           |  32|   0|   32|          0|
    |mul221_reg_2084                                                           |  64|   0|   64|          0|
    |mul229_reg_2089                                                           |  64|   0|   64|          0|
    |mul237_reg_2094                                                           |  64|   0|   64|          0|
    |mul244_reg_2018                                                           |  32|   0|   32|          0|
    |mul246_reg_2099                                                           |  64|   0|   64|          0|
    |mul254_reg_2104                                                           |  64|   0|   64|          0|
    |mul262_reg_2109                                                           |  64|   0|   64|          0|
    |mul290_reg_2124                                                           |  64|   0|   64|          0|
    |mul299_reg_2129                                                           |  64|   0|   64|          0|
    |mul316_reg_2040                                                           |  32|   0|   32|          0|
    |mul318_reg_2139                                                           |  64|   0|   64|          0|
    |mul325_reg_2144                                                           |  64|   0|   64|          0|
    |mul344_reg_2154                                                           |  64|   0|   64|          0|
    |mul353_reg_2159                                                           |  64|   0|   64|          0|
    |mul360_reg_2164                                                           |  64|   0|   64|          0|
    |mul369_reg_2169                                                           |  64|   0|   64|          0|
    |mul3_reg_2114                                                             |  63|   0|   64|          1|
    |mul45_reg_1986                                                            |  32|   0|   32|          0|
    |mul4_reg_2119                                                             |  63|   0|   64|          1|
    |mul5_reg_2134                                                             |  63|   0|   64|          1|
    |mul6_reg_2149                                                             |  63|   0|   64|          1|
    |tmp_reg_2354                                                              |   1|   0|    1|          0|
    |trunc_ln113_10_reg_2295                                                   |  25|   0|   25|          0|
    |trunc_ln113_15_reg_2334                                                   |  39|   0|   39|          0|
    |trunc_ln113_reg_2284                                                      |  26|   0|   26|          0|
    |trunc_ln1_reg_1908                                                        |  62|   0|   62|          0|
    |trunc_ln61_1_reg_2194                                                     |  25|   0|   25|          0|
    |trunc_ln61_2_reg_2254                                                     |  25|   0|   25|          0|
    |trunc_ln61_reg_2189                                                       |  25|   0|   25|          0|
    |trunc_ln62_1_reg_2214                                                     |  26|   0|   26|          0|
    |trunc_ln62_2_reg_2264                                                     |  26|   0|   26|          0|
    |trunc_ln62_reg_2209                                                       |  26|   0|   26|          0|
    |trunc_ln64_1_reg_2224                                                     |  25|   0|   25|          0|
    |trunc_ln64_reg_2274                                                       |  25|   0|   25|          0|
    |trunc_ln_reg_1902                                                         |  62|   0|   62|          0|
    +--------------------------------------------------------------------------+----+----+-----+-----------+
    |Total                                                                     |3370|   0| 3374|          4|
    +--------------------------------------------------------------------------+----+----+-----+-----------+



================================================================
== Interface
================================================================
* Summary: 
+-----------------------+-----+-----+------------+-------------------------+--------------+
|       RTL Ports       | Dir | Bits|  Protocol  |      Source Object      |    C Type    |
+-----------------------+-----+-----+------------+-------------------------+--------------+
|s_axi_control_AWVALID  |   in|    1|       s_axi|                  control|        scalar|
|s_axi_control_AWREADY  |  out|    1|       s_axi|                  control|        scalar|
|s_axi_control_AWADDR   |   in|    6|       s_axi|                  control|        scalar|
|s_axi_control_WVALID   |   in|    1|       s_axi|                  control|        scalar|
|s_axi_control_WREADY   |  out|    1|       s_axi|                  control|        scalar|
|s_axi_control_WDATA    |   in|   32|       s_axi|                  control|        scalar|
|s_axi_control_WSTRB    |   in|    4|       s_axi|                  control|        scalar|
|s_axi_control_ARVALID  |   in|    1|       s_axi|                  control|        scalar|
|s_axi_control_ARREADY  |  out|    1|       s_axi|                  control|        scalar|
|s_axi_control_ARADDR   |   in|    6|       s_axi|                  control|        scalar|
|s_axi_control_RVALID   |  out|    1|       s_axi|                  control|        scalar|
|s_axi_control_RREADY   |   in|    1|       s_axi|                  control|        scalar|
|s_axi_control_RDATA    |  out|   32|       s_axi|                  control|        scalar|
|s_axi_control_RRESP    |  out|    2|       s_axi|                  control|        scalar|
|s_axi_control_BVALID   |  out|    1|       s_axi|                  control|        scalar|
|s_axi_control_BREADY   |   in|    1|       s_axi|                  control|        scalar|
|s_axi_control_BRESP    |  out|    2|       s_axi|                  control|        scalar|
|ap_clk                 |   in|    1|  ap_ctrl_hs|  fiat_25519_carry_square|  return value|
|ap_rst_n               |   in|    1|  ap_ctrl_hs|  fiat_25519_carry_square|  return value|
|interrupt              |  out|    1|  ap_ctrl_hs|  fiat_25519_carry_square|  return value|
|m_axi_mem_AWVALID      |  out|    1|       m_axi|                      mem|       pointer|
|m_axi_mem_AWREADY      |   in|    1|       m_axi|                      mem|       pointer|
|m_axi_mem_AWADDR       |  out|   64|       m_axi|                      mem|       pointer|
|m_axi_mem_AWID         |  out|    1|       m_axi|                      mem|       pointer|
|m_axi_mem_AWLEN        |  out|    8|       m_axi|                      mem|       pointer|
|m_axi_mem_AWSIZE       |  out|    3|       m_axi|                      mem|       pointer|
|m_axi_mem_AWBURST      |  out|    2|       m_axi|                      mem|       pointer|
|m_axi_mem_AWLOCK       |  out|    2|       m_axi|                      mem|       pointer|
|m_axi_mem_AWCACHE      |  out|    4|       m_axi|                      mem|       pointer|
|m_axi_mem_AWPROT       |  out|    3|       m_axi|                      mem|       pointer|
|m_axi_mem_AWQOS        |  out|    4|       m_axi|                      mem|       pointer|
|m_axi_mem_AWREGION     |  out|    4|       m_axi|                      mem|       pointer|
|m_axi_mem_AWUSER       |  out|    1|       m_axi|                      mem|       pointer|
|m_axi_mem_WVALID       |  out|    1|       m_axi|                      mem|       pointer|
|m_axi_mem_WREADY       |   in|    1|       m_axi|                      mem|       pointer|
|m_axi_mem_WDATA        |  out|   32|       m_axi|                      mem|       pointer|
|m_axi_mem_WSTRB        |  out|    4|       m_axi|                      mem|       pointer|
|m_axi_mem_WLAST        |  out|    1|       m_axi|                      mem|       pointer|
|m_axi_mem_WID          |  out|    1|       m_axi|                      mem|       pointer|
|m_axi_mem_WUSER        |  out|    1|       m_axi|                      mem|       pointer|
|m_axi_mem_ARVALID      |  out|    1|       m_axi|                      mem|       pointer|
|m_axi_mem_ARREADY      |   in|    1|       m_axi|                      mem|       pointer|
|m_axi_mem_ARADDR       |  out|   64|       m_axi|                      mem|       pointer|
|m_axi_mem_ARID         |  out|    1|       m_axi|                      mem|       pointer|
|m_axi_mem_ARLEN        |  out|    8|       m_axi|                      mem|       pointer|
|m_axi_mem_ARSIZE       |  out|    3|       m_axi|                      mem|       pointer|
|m_axi_mem_ARBURST      |  out|    2|       m_axi|                      mem|       pointer|
|m_axi_mem_ARLOCK       |  out|    2|       m_axi|                      mem|       pointer|
|m_axi_mem_ARCACHE      |  out|    4|       m_axi|                      mem|       pointer|
|m_axi_mem_ARPROT       |  out|    3|       m_axi|                      mem|       pointer|
|m_axi_mem_ARQOS        |  out|    4|       m_axi|                      mem|       pointer|
|m_axi_mem_ARREGION     |  out|    4|       m_axi|                      mem|       pointer|
|m_axi_mem_ARUSER       |  out|    1|       m_axi|                      mem|       pointer|
|m_axi_mem_RVALID       |   in|    1|       m_axi|                      mem|       pointer|
|m_axi_mem_RREADY       |  out|    1|       m_axi|                      mem|       pointer|
|m_axi_mem_RDATA        |   in|   32|       m_axi|                      mem|       pointer|
|m_axi_mem_RLAST        |   in|    1|       m_axi|                      mem|       pointer|
|m_axi_mem_RID          |   in|    1|       m_axi|                      mem|       pointer|
|m_axi_mem_RUSER        |   in|    1|       m_axi|                      mem|       pointer|
|m_axi_mem_RRESP        |   in|    2|       m_axi|                      mem|       pointer|
|m_axi_mem_BVALID       |   in|    1|       m_axi|                      mem|       pointer|
|m_axi_mem_BREADY       |  out|    1|       m_axi|                      mem|       pointer|
|m_axi_mem_BRESP        |   in|    2|       m_axi|                      mem|       pointer|
|m_axi_mem_BID          |   in|    1|       m_axi|                      mem|       pointer|
|m_axi_mem_BUSER        |   in|    1|       m_axi|                      mem|       pointer|
+-----------------------+-----+-----+------------+-------------------------+--------------+

