

================================================================
== Vitis HLS Report for 'fiat_25519_carry_square_Pipeline_VITIS_LOOP_34_3'
================================================================
* Date:           Fri May 10 12:43:47 2024

* Version:        2023.1.1 (Build 3869133 on Jun 15 2023)
* Project:        D3
* Solution:       comb_28 (Vivado IP Flow Target)
* Product family: zynquplus
* Target device:  xczu9eg-ffvb1156-2-e


================================================================
== Performance Estimates
================================================================
+ Timing: 
    * Summary: 
    +--------+----------+----------+------------+
    |  Clock |  Target  | Estimated| Uncertainty|
    +--------+----------+----------+------------+
    |ap_clk  |  10.00 ns|  6.156 ns|     2.70 ns|
    +--------+----------+----------+------------+

+ Latency: 
    * Summary: 
    +---------+---------+-----------+-----------+-----+-----+---------+
    |  Latency (cycles) |   Latency (absolute)  |  Interval | Pipeline|
    |   min   |   max   |    min    |    max    | min | max |   Type  |
    +---------+---------+-----------+-----------+-----+-----+---------+
    |        4|        4|  40.000 ns|  40.000 ns|    4|    4|       no|
    +---------+---------+-----------+-----------+-----+-----+---------+

    + Detail: 
        * Instance: 
        N/A

        * Loop: 
        +-------------------+---------+---------+----------+-----------+-----------+------+----------+
        |                   |  Latency (cycles) | Iteration|  Initiation Interval  | Trip |          |
        |     Loop Name     |   min   |   max   |  Latency |  achieved |   target  | Count| Pipelined|
        +-------------------+---------+---------+----------+-----------+-----------+------+----------+
        |- VITIS_LOOP_34_3  |        2|        2|         2|          1|          1|     2|       yes|
        +-------------------+---------+---------+----------+-----------+-----------+------+----------+



================================================================
== Utilization Estimates
================================================================
* Summary: 
+-----------------+---------+------+--------+--------+-----+
|       Name      | BRAM_18K|  DSP |   FF   |   LUT  | URAM|
+-----------------+---------+------+--------+--------+-----+
|DSP              |        -|     -|       -|       -|    -|
|Expression       |        -|     -|       0|     521|    -|
|FIFO             |        -|     -|       -|       -|    -|
|Instance         |        -|    12|       0|     120|    -|
|Memory           |        -|     -|       -|       -|    -|
|Multiplexer      |        -|     -|       -|      54|    -|
|Register         |        -|     -|      51|       -|    -|
+-----------------+---------+------+--------+--------+-----+
|Total            |        0|    12|      51|     695|    0|
+-----------------+---------+------+--------+--------+-----+
|Available        |     1824|  2520|  548160|  274080|    0|
+-----------------+---------+------+--------+--------+-----+
|Utilization (%)  |        0|    ~0|      ~0|      ~0|    0|
+-----------------+---------+------+--------+--------+-----+

+ Detail: 
    * Instance: 
    +--------------------------+----------------------+---------+----+---+----+-----+
    |         Instance         |        Module        | BRAM_18K| DSP| FF| LUT| URAM|
    +--------------------------+----------------------+---------+----+---+----+-----+
    |mul_32ns_32ns_63_1_1_U18  |mul_32ns_32ns_63_1_1  |        0|   4|  0|  20|    0|
    |mul_32ns_32ns_63_1_1_U19  |mul_32ns_32ns_63_1_1  |        0|   4|  0|  20|    0|
    |mul_32ns_32ns_63_1_1_U20  |mul_32ns_32ns_63_1_1  |        0|   4|  0|  20|    0|
    |mux_4_2_32_1_1_U21        |mux_4_2_32_1_1        |        0|   0|  0|  20|    0|
    |mux_4_2_32_1_1_U22        |mux_4_2_32_1_1        |        0|   0|  0|  20|    0|
    |mux_4_2_32_1_1_U23        |mux_4_2_32_1_1        |        0|   0|  0|  20|    0|
    +--------------------------+----------------------+---------+----+---+----+-----+
    |Total                     |                      |        0|  12|  0| 120|    0|
    +--------------------------+----------------------+---------+----+---+----+-----+

    * DSP: 
    N/A

    * Memory: 
    N/A

    * FIFO: 
    N/A

    * Expression: 
    +-------------------------+----------+----+---+----+------------+------------+
    |      Variable Name      | Operation| DSP| FF| LUT| Bitwidth P0| Bitwidth P1|
    +-------------------------+----------+----+---+----+------------+------------+
    |add_ln34_1_fu_264_p2     |         +|   0|  0|   9|           2|           1|
    |add_ln34_fu_258_p2       |         +|   0|  0|  12|           4|           2|
    |add_ln40_1_fu_244_p2     |         +|   0|  0|  10|           3|           2|
    |arr_1_d0                 |         +|   0|  0|  71|          64|          64|
    |arr_2_d0                 |         +|   0|  0|  71|          64|          64|
    |arr_d0                   |         +|   0|  0|  71|          64|          64|
    |sub_ln37_fu_226_p2       |         -|   0|  0|  10|           2|           3|
    |icmp_ln34_fu_206_p2      |      icmp|   0|  0|   9|           2|           2|
    |select_ln40_4_fu_333_p3  |    select|   0|  0|  32|           1|          32|
    |select_ln40_5_fu_338_p3  |    select|   0|  0|  32|           1|          32|
    |select_ln40_6_fu_343_p3  |    select|   0|  0|  32|           1|          32|
    |select_ln40_7_fu_348_p3  |    select|   0|  0|  32|           1|          32|
    |tmp_fu_300_p1            |    select|   0|  0|  32|           1|          32|
    |tmp_fu_300_p2            |    select|   0|  0|  32|           1|          32|
    |tmp_fu_300_p3            |    select|   0|  0|  32|           1|          32|
    |tmp_fu_300_p4            |    select|   0|  0|  32|           1|          32|
    |ap_enable_pp0            |       xor|   0|  0|   2|           1|           2|
    +-------------------------+----------+----+---+----+------------+------------+
    |Total                    |          |   0|  0| 521|         214|         460|
    +-------------------------+----------+----+---+----+------------+------------+

    * Multiplexer: 
    +----------------------------------+----+-----------+-----+-----------+
    |               Name               | LUT| Input Size| Bits| Total Bits|
    +----------------------------------+----+-----------+-----+-----------+
    |ap_done_int                       |   9|          2|    1|          2|
    |ap_enable_reg_pp0_iter1           |   9|          2|    1|          2|
    |ap_sig_allocacmp_i_1_load         |   9|          2|    4|          8|
    |ap_sig_allocacmp_indvars_iv_load  |   9|          2|    2|          4|
    |i_1_fu_64                         |   9|          2|    4|          8|
    |indvars_iv_fu_68                  |   9|          2|    2|          4|
    +----------------------------------+----+-----------+-----+-----------+
    |Total                             |  54|         12|   14|         28|
    +----------------------------------+----+-----------+-----+-----------+

    * Register: 
    +-------------------------+----+----+-----+-----------+
    |           Name          | FF | LUT| Bits| Const Bits|
    +-------------------------+----+----+-----+-----------+
    |ap_CS_fsm                |   1|   0|    1|          0|
    |ap_done_reg              |   1|   0|    1|          0|
    |ap_enable_reg_pp0_iter1  |   1|   0|    1|          0|
    |arr_1_addr_reg_520       |   2|   0|    2|          0|
    |arr_2_addr_reg_526       |   2|   0|    2|          0|
    |arr_addr_reg_506         |   2|   0|    2|          0|
    |i_1_fu_64                |   4|   0|    4|          0|
    |indvars_iv_fu_68         |   2|   0|    2|          0|
    |tmp_4_reg_498            |   1|   0|    1|          0|
    |tmp_5_reg_512            |   1|   0|    1|          0|
    |trunc_ln37_reg_491       |   2|   0|    2|          0|
    |zext_ln40_cast_reg_481   |  32|   0|   63|         31|
    +-------------------------+----+----+-----+-----------+
    |Total                    |  51|   0|   82|         31|
    +-------------------------+----+----+-----+-----------+



================================================================
== Interface
================================================================
* Summary: 
+------------------------+-----+-----+------------+--------------------------------------------------+--------------+
|        RTL Ports       | Dir | Bits|  Protocol  |                   Source Object                  |    C Type    |
+------------------------+-----+-----+------------+--------------------------------------------------+--------------+
|ap_clk                  |   in|    1|  ap_ctrl_hs|  fiat_25519_carry_square_Pipeline_VITIS_LOOP_34_3|  return value|
|ap_rst                  |   in|    1|  ap_ctrl_hs|  fiat_25519_carry_square_Pipeline_VITIS_LOOP_34_3|  return value|
|ap_start                |   in|    1|  ap_ctrl_hs|  fiat_25519_carry_square_Pipeline_VITIS_LOOP_34_3|  return value|
|ap_done                 |  out|    1|  ap_ctrl_hs|  fiat_25519_carry_square_Pipeline_VITIS_LOOP_34_3|  return value|
|ap_idle                 |  out|    1|  ap_ctrl_hs|  fiat_25519_carry_square_Pipeline_VITIS_LOOP_34_3|  return value|
|ap_ready                |  out|    1|  ap_ctrl_hs|  fiat_25519_carry_square_Pipeline_VITIS_LOOP_34_3|  return value|
|arr_2_address0          |  out|    2|   ap_memory|                                             arr_2|         array|
|arr_2_ce0               |  out|    1|   ap_memory|                                             arr_2|         array|
|arr_2_we0               |  out|    1|   ap_memory|                                             arr_2|         array|
|arr_2_d0                |  out|   64|   ap_memory|                                             arr_2|         array|
|arr_2_address1          |  out|    2|   ap_memory|                                             arr_2|         array|
|arr_2_ce1               |  out|    1|   ap_memory|                                             arr_2|         array|
|arr_2_q1                |   in|   64|   ap_memory|                                             arr_2|         array|
|arr_1_address0          |  out|    2|   ap_memory|                                             arr_1|         array|
|arr_1_ce0               |  out|    1|   ap_memory|                                             arr_1|         array|
|arr_1_we0               |  out|    1|   ap_memory|                                             arr_1|         array|
|arr_1_d0                |  out|   64|   ap_memory|                                             arr_1|         array|
|arr_1_address1          |  out|    2|   ap_memory|                                             arr_1|         array|
|arr_1_ce1               |  out|    1|   ap_memory|                                             arr_1|         array|
|arr_1_q1                |   in|   64|   ap_memory|                                             arr_1|         array|
|arr_address0            |  out|    2|   ap_memory|                                               arr|         array|
|arr_ce0                 |  out|    1|   ap_memory|                                               arr|         array|
|arr_we0                 |  out|    1|   ap_memory|                                               arr|         array|
|arr_d0                  |  out|   64|   ap_memory|                                               arr|         array|
|arr_address1            |  out|    2|   ap_memory|                                               arr|         array|
|arr_ce1                 |  out|    1|   ap_memory|                                               arr|         array|
|arr_q1                  |   in|   64|   ap_memory|                                               arr|         array|
|arg1_r_136_0304_reload  |   in|   32|     ap_none|                            arg1_r_136_0304_reload|        scalar|
|arg1_r_0_0303_reload    |   in|   32|     ap_none|                              arg1_r_0_0303_reload|        scalar|
|arg1_r_1_1_0307_reload  |   in|   32|     ap_none|                            arg1_r_1_1_0307_reload|        scalar|
|arg1_r_1_0_0306_reload  |   in|   32|     ap_none|                            arg1_r_1_0_0306_reload|        scalar|
|arg1_r_2_1_0310_reload  |   in|   32|     ap_none|                            arg1_r_2_1_0310_reload|        scalar|
|arg1_r_2_0_0309_reload  |   in|   32|     ap_none|                            arg1_r_2_0_0309_reload|        scalar|
|arg1_r_3_1_0313_reload  |   in|   32|     ap_none|                            arg1_r_3_1_0313_reload|        scalar|
|arg1_r_3_0_0312_reload  |   in|   32|     ap_none|                            arg1_r_3_0_0312_reload|        scalar|
|zext_ln40               |   in|   32|     ap_none|                                         zext_ln40|        scalar|
+------------------------+-----+-----+------------+--------------------------------------------------+--------------+

