

================================================================
== Synthesis Summary Report of 'test'
================================================================
+ General Information: 
    * Date:           Thu May  9 22:16:31 2024
    * Version:        2023.1.1 (Build 3869133 on Jun 15 2023)
    * Project:        D7
    * Solution:       comb_39 (Vivado IP Flow Target)
    * Product family: zynquplus
    * Target device:  xczu9eg-ffvb1156-2-e
    

+ Performance & Resource Estimates: 
    
    PS: '+' for module; 'o' for loop; '*' for dataflow
    +----------------------------------+------+------+---------+---------+----------+---------+------+----------+---------+-----------+------------+------------+-----+
    |              Modules             | Issue|      | Latency | Latency | Iteration|         | Trip |          |         |           |            |            |     |
    |              & Loops             | Type | Slack| (cycles)|   (ns)  |  Latency | Interval| Count| Pipelined|  BRAM   |    DSP    |     FF     |     LUT    | URAM|
    +----------------------------------+------+------+---------+---------+----------+---------+------+----------+---------+-----------+------------+------------+-----+
    |+ test                            |     -|  0.00|       77|  770.000|         -|       78|     -|        no|  8 (~0%)|  800 (31%)|  10612 (1%)|  20772 (7%)|    -|
    | + test_Pipeline_ARRAY_1_READ     |     -|  0.00|       11|  110.000|         -|       11|     -|        no|        -|          -|   587 (~0%)|    73 (~0%)|    -|
    |  o ARRAY_1_READ                  |     -|  7.30|        9|   90.000|         2|        1|     9|       yes|        -|          -|           -|           -|    -|
    | + test_Pipeline_ARRAY_2_READ     |     -|  0.00|       11|  110.000|         -|       11|     -|        no|        -|          -|   587 (~0%)|    73 (~0%)|    -|
    |  o ARRAY_2_READ                  |     -|  7.30|        9|   90.000|         2|        1|     9|       yes|        -|          -|           -|           -|    -|
    | + test_Pipeline_VITIS_LOOP_36_1  |     -|  0.42|        5|   50.000|         -|        5|     -|        no|        -|  416 (16%)|  3085 (~0%)|   8589 (3%)|    -|
    |  o VITIS_LOOP_36_1               |     -|  7.30|        3|   30.000|         3|        1|     2|       yes|        -|          -|           -|           -|    -|
    | + test_Pipeline_VITIS_LOOP_56_5  |     -|  0.03|        6|   60.000|         -|        6|     -|        no|        -|  384 (15%)|  3416 (~0%)|   8339 (3%)|    -|
    |  o VITIS_LOOP_56_5               |     -|  7.30|        4|   40.000|         3|        1|     3|       yes|        -|          -|           -|           -|    -|
    | + test_Pipeline_ARRAY_WRITE      |     -|  0.00|       11|  110.000|         -|       11|     -|        no|        -|          -|    66 (~0%)|   122 (~0%)|    -|
    |  o ARRAY_WRITE                   |     -|  7.30|        9|   90.000|         2|        1|     9|       yes|        -|          -|           -|           -|    -|
    +----------------------------------+------+------+---------+---------+----------+---------+------+----------+---------+-----------+------------+------------+-----+


================================================================
== HW Interfaces
================================================================
* M_AXI
+-----------+------------+---------------+---------+--------+----------+-----------+--------------+--------------+-------------+-------------+-------------------+
| Interface | Data Width | Address Width | Latency | Offset | Register | Max Widen | Max Read     | Max Write    | Num Read    | Num Write   | Resource Estimate |
|           | (SW->HW)   |               |         |        |          | Bitwidth  | Burst Length | Burst Length | Outstanding | Outstanding |                   |
+-----------+------------+---------------+---------+--------+----------+-----------+--------------+--------------+-------------+-------------+-------------------+
| m_axi_mem | 64 -> 64   | 64            | 0       | slave  | 0        | 0         | 16           | 16           | 16          | 16          | BRAM=8            |
+-----------+------------+---------------+---------+--------+----------+-----------+--------------+--------------+-------------+-------------+-------------------+

* S_AXILITE Interfaces
+---------------+------------+---------------+--------+----------+
| Interface     | Data Width | Address Width | Offset | Register |
+---------------+------------+---------------+--------+----------+
| s_axi_control | 32         | 6             | 16     | 0        |
+---------------+------------+---------------+--------+----------+

* S_AXILITE Registers
+---------------+----------+--------+-------+--------+----------------------------------+----------------------------------------------------------------------+
| Interface     | Register | Offset | Width | Access | Description                      | Bit Fields                                                           |
+---------------+----------+--------+-------+--------+----------------------------------+----------------------------------------------------------------------+
| s_axi_control | CTRL     | 0x00   | 32    | RW     | Control signals                  | 0=AP_START 1=AP_DONE 2=AP_IDLE 3=AP_READY 7=AUTO_RESTART 9=INTERRUPT |
| s_axi_control | GIER     | 0x04   | 32    | RW     | Global Interrupt Enable Register | 0=Enable                                                             |
| s_axi_control | IP_IER   | 0x08   | 32    | RW     | IP Interrupt Enable Register     | 0=CHAN0_INT_EN 1=CHAN1_INT_EN                                        |
| s_axi_control | IP_ISR   | 0x0c   | 32    | RW     | IP Interrupt Status Register     | 0=CHAN0_INT_ST 1=CHAN1_INT_ST                                        |
| s_axi_control | out1_1   | 0x10   | 32    | W      | Data signal of out1              |                                                                      |
| s_axi_control | out1_2   | 0x14   | 32    | W      | Data signal of out1              |                                                                      |
| s_axi_control | arg1_1   | 0x1c   | 32    | W      | Data signal of arg1              |                                                                      |
| s_axi_control | arg1_2   | 0x20   | 32    | W      | Data signal of arg1              |                                                                      |
| s_axi_control | arg2_1   | 0x28   | 32    | W      | Data signal of arg2              |                                                                      |
| s_axi_control | arg2_2   | 0x2c   | 32    | W      | Data signal of arg2              |                                                                      |
+---------------+----------+--------+-------+--------+----------------------------------+----------------------------------------------------------------------+

* TOP LEVEL CONTROL
+-----------+------------+-----------+
| Interface | Type       | Ports     |
+-----------+------------+-----------+
| ap_clk    | clock      | ap_clk    |
| ap_rst_n  | reset      | ap_rst_n  |
| interrupt | interrupt  | interrupt |
| ap_ctrl   | ap_ctrl_hs |           |
+-----------+------------+-----------+


================================================================
== SW I/O Information
================================================================
* Top Function Arguments
+----------+-----------+--------------------+
| Argument | Direction | Datatype           |
+----------+-----------+--------------------+
| out1     | inout     | long unsigned int* |
| arg1     | inout     | long unsigned int* |
| arg2     | inout     | long unsigned int* |
+----------+-----------+--------------------+

* SW-to-HW Mapping
+----------+---------------+-----------+----------+----------------------------------+
| Argument | HW Interface  | HW Type   | HW Usage | HW Info                          |
+----------+---------------+-----------+----------+----------------------------------+
| out1     | m_axi_mem     | interface |          |                                  |
| out1     | s_axi_control | register  | offset   | name=out1_1 offset=0x10 range=32 |
| out1     | s_axi_control | register  | offset   | name=out1_2 offset=0x14 range=32 |
| arg1     | m_axi_mem     | interface |          |                                  |
| arg1     | s_axi_control | register  | offset   | name=arg1_1 offset=0x1c range=32 |
| arg1     | s_axi_control | register  | offset   | name=arg1_2 offset=0x20 range=32 |
| arg2     | m_axi_mem     | interface |          |                                  |
| arg2     | s_axi_control | register  | offset   | name=arg2_1 offset=0x28 range=32 |
| arg2     | s_axi_control | register  | offset   | name=arg2_2 offset=0x2c range=32 |
+----------+---------------+-----------+----------+----------------------------------+


================================================================
== M_AXI Burst Information
================================================================
 Note: All burst requests might be further partitioned into multiple requests during RTL generation based on max_read_burst_length or max_write_burst_length settings.

* Inferred Burst Summary
+--------------+-----------+--------+-------+--------------+---------------+
| HW Interface | Direction | Length | Width | Loop         | Loop Location |
+--------------+-----------+--------+-------+--------------+---------------+
| m_axi_mem    | read      | 9      | 64    | ARRAY_1_READ | d7.cpp:22:2   |
| m_axi_mem    | read      | 9      | 64    | ARRAY_2_READ | d7.cpp:29:2   |
| m_axi_mem    | write     | 9      | 64    | ARRAY_WRITE  | d7.cpp:91:2   |
+--------------+-----------+--------+-------+--------------+---------------+

* All M_AXI Variable Accesses
+--------------+----------+-----------------+-----------+--------------+--------+--------------+---------------+------------+-------------------------------------------------------------------------------------------------------+
| HW Interface | Variable | Access Location | Direction | Burst Status | Length | Loop         | Loop Location | Resolution | Problem                                                                                               |
+--------------+----------+-----------------+-----------+--------------+--------+--------------+---------------+------------+-------------------------------------------------------------------------------------------------------+
| m_axi_mem    | arg1     | d7.cpp:24:15    | read      | Widen Fail   |        | ARRAY_1_READ | d7.cpp:22:2   | 214-353    | Could not widen since type i64 size is greater than or equal to the max_widen_bitwidth threshold of 0 |
| m_axi_mem    | arg1     | d7.cpp:24:15    | read      | Inferred     | 9      | ARRAY_1_READ | d7.cpp:22:2   |            |                                                                                                       |
| m_axi_mem    | arg2     | d7.cpp:31:15    | read      | Widen Fail   |        | ARRAY_2_READ | d7.cpp:29:2   | 214-353    | Could not widen since type i64 size is greater than or equal to the max_widen_bitwidth threshold of 0 |
| m_axi_mem    | arg2     | d7.cpp:31:15    | read      | Inferred     | 9      | ARRAY_2_READ | d7.cpp:29:2   |            |                                                                                                       |
| m_axi_mem    | out1     | d7.cpp:93:11    | write     | Widen Fail   |        | ARRAY_WRITE  | d7.cpp:91:2   | 214-353    | Could not widen since type i64 size is greater than or equal to the max_widen_bitwidth threshold of 0 |
| m_axi_mem    | out1     | d7.cpp:93:11    | write     | Inferred     | 9      | ARRAY_WRITE  | d7.cpp:91:2   |            |                                                                                                       |
+--------------+----------+-----------------+-----------+--------------+--------+--------------+---------------+------------+-------------------------------------------------------------------------------------------------------+

    * Resolution URL: www.xilinx.com/cgi-bin/docs/rdoc?v=2023.1;t=hls+guidance;d=XXX-YYY.html (replace XXX-YYY with column value)

================================================================
== Bind Op Report
================================================================
+----------------------------------+-----+--------+-------------+-----+--------+---------+
| Name                             | DSP | Pragma | Variable    | Op  | Impl   | Latency |
+----------------------------------+-----+--------+-------------+-----+--------+---------+
| + test                           | 800 |        |             |     |        |         |
|   add_ln79_fu_614_p2             | -   |        | add_ln79    | add | fabric | 0       |
|   add_ln79_1_fu_634_p2           | -   |        | add_ln79_1  | add | fabric | 0       |
|   add_ln79_2_fu_715_p2           | -   |        | add_ln79_2  | add | fabric | 0       |
|   add_ln79_3_fu_735_p2           | -   |        | add_ln79_3  | add | fabric | 0       |
|   add_ln79_4_fu_755_p2           | -   |        | add_ln79_4  | add | fabric | 0       |
|   add_ln79_5_fu_775_p2           | -   |        | add_ln79_5  | add | fabric | 0       |
|   add_ln79_6_fu_889_p2           | -   |        | add_ln79_6  | add | fabric | 0       |
|   add_ln79_7_fu_909_p2           | -   |        | add_ln79_7  | add | fabric | 0       |
|   out1_w_fu_925_p2               | -   |        | out1_w      | add | fabric | 0       |
|   add_ln80_fu_948_p2             | -   |        | add_ln80    | add | fabric | 0       |
|   add_ln80_1_fu_664_p2           | -   |        | add_ln80_1  | add | fabric | 0       |
|   out1_w_1_fu_972_p2             | -   |        | out1_w_1    | add | fabric | 0       |
|   add_ln81_fu_981_p2             | -   |        | add_ln81    | add | fabric | 0       |
|   add_ln81_1_fu_684_p2           | -   |        | add_ln81_1  | add | fabric | 0       |
|   out1_w_2_fu_1008_p2            | -   |        | out1_w_2    | add | fabric | 0       |
|   out1_w_3_fu_795_p2             | -   |        | out1_w_3    | add | fabric | 0       |
|   out1_w_4_fu_814_p2             | -   |        | out1_w_4    | add | fabric | 0       |
|   out1_w_5_fu_834_p2             | -   |        | out1_w_5    | add | fabric | 0       |
|   out1_w_6_fu_854_p2             | -   |        | out1_w_6    | add | fabric | 0       |
|   out1_w_7_fu_1019_p2            | -   |        | out1_w_7    | add | fabric | 0       |
|   out1_w_8_fu_1039_p2            | -   |        | out1_w_8    | add | fabric | 0       |
|  + test_Pipeline_ARRAY_1_READ    | 0   |        |             |     |        |         |
|    add_ln22_fu_218_p2            | -   |        | add_ln22    | add | fabric | 0       |
|  + test_Pipeline_ARRAY_2_READ    | 0   |        |             |     |        |         |
|    add_ln29_fu_218_p2            | -   |        | add_ln29    | add | fabric | 0       |
|  + test_Pipeline_VITIS_LOOP_36_1 | 416 |        |             |     |        |         |
|    mul_64ns_64ns_128_1_1_U23     | 16  |        | mul_ln49    | mul | auto   | 0       |
|    arr_fu_1810_p2                | -   |        | arr         | add | fabric | 0       |
|    sub_ln34_fu_516_p2            | -   |        | sub_ln34    | sub | fabric | 0       |
|    sub_ln34_1_fu_532_p2          | -   |        | sub_ln34_1  | sub | fabric | 0       |
|    sub_ln34_2_fu_548_p2          | -   |        | sub_ln34_2  | sub | fabric | 0       |
|    empty_fu_554_p2               | -   |        | empty       | add | fabric | 0       |
|    mul_64ns_64ns_128_1_1_U24     | 16  |        | mul_ln49_1  | mul | auto   | 0       |
|    mul_64ns_64ns_128_1_1_U25     | 16  |        | mul_ln49_2  | mul | auto   | 0       |
|    sub_ln34_3_fu_584_p2          | -   |        | sub_ln34_3  | sub | fabric | 0       |
|    sub_ln34_4_fu_600_p2          | -   |        | sub_ln34_4  | sub | fabric | 0       |
|    sub_ln34_5_fu_626_p2          | -   |        | sub_ln34_5  | sub | fabric | 0       |
|    empty_31_fu_632_p2            | -   |        | empty_31    | add | fabric | 0       |
|    mul_64ns_64ns_128_1_1_U26     | 16  |        | mul_ln49_3  | mul | auto   | 0       |
|    mul_64ns_64ns_128_1_1_U27     | 16  |        | mul_ln49_4  | mul | auto   | 0       |
|    mul_64ns_64ns_128_1_1_U28     | 16  |        | mul_ln49_5  | mul | auto   | 0       |
|    add_ln49_2_fu_1305_p2         | -   |        | add_ln49_2  | add | fabric | 0       |
|    sub_ln34_6_fu_662_p2          | -   |        | sub_ln34_6  | sub | fabric | 0       |
|    sub_ln34_7_fu_688_p2          | -   |        | sub_ln34_7  | sub | fabric | 0       |
|    sub_ln34_8_fu_704_p2          | -   |        | sub_ln34_8  | sub | fabric | 0       |
|    empty_32_fu_710_p2            | -   |        | empty_32    | add | fabric | 0       |
|    mul_64ns_64ns_128_1_1_U29     | 16  |        | mul_ln49_6  | mul | auto   | 0       |
|    mul_64ns_64ns_128_1_1_U30     | 16  |        | mul_ln49_7  | mul | auto   | 0       |
|    mul_64ns_64ns_128_1_1_U31     | 16  |        | mul_ln49_8  | mul | auto   | 0       |
|    mul_64ns_64ns_128_1_1_U32     | 16  |        | mul_ln49_9  | mul | auto   | 0       |
|    add_ln49_5_fu_1522_p2         | -   |        | add_ln49_5  | add | fabric | 0       |
|    add_ln49_6_fu_1528_p2         | -   |        | add_ln49_6  | add | fabric | 0       |
|    mul_64ns_64ns_128_1_1_U33     | 16  |        | mul_ln49_10 | mul | auto   | 0       |
|    mul_64ns_64ns_128_1_1_U34     | 16  |        | mul_ln49_11 | mul | auto   | 0       |
|    mul_64ns_64ns_128_1_1_U35     | 16  |        | mul_ln49_12 | mul | auto   | 0       |
|    mul_64ns_64ns_128_1_1_U36     | 16  |        | mul_ln49_13 | mul | auto   | 0       |
|    add_ln49_9_fu_1591_p2         | -   |        | add_ln49_9  | add | fabric | 0       |
|    add_ln49_10_fu_1597_p2        | -   |        | add_ln49_10 | add | fabric | 0       |
|    sub_ln34_9_fu_750_p2          | -   |        | sub_ln34_9  | sub | fabric | 0       |
|    mul_64ns_64ns_128_1_1_U37     | 16  |        | mul_ln49_14 | mul | auto   | 0       |
|    mul_64ns_64ns_128_1_1_U38     | 16  |        | mul_ln49_15 | mul | auto   | 0       |
|    mul_64ns_64ns_128_1_1_U39     | 16  |        | mul_ln49_16 | mul | auto   | 0       |
|    mul_64ns_64ns_128_1_1_U40     | 16  |        | mul_ln49_17 | mul | auto   | 0       |
|    add_ln49_13_fu_1662_p2        | -   |        | add_ln49_13 | add | fabric | 0       |
|    add_ln49_14_fu_1668_p2        | -   |        | add_ln49_14 | add | fabric | 0       |
|    sub_ln34_10_fu_766_p2         | -   |        | sub_ln34_10 | sub | fabric | 0       |
|    mul_64ns_64ns_128_1_1_U41     | 16  |        | mul_ln49_18 | mul | auto   | 0       |
|    mul_64ns_64ns_128_1_1_U42     | 16  |        | mul_ln49_19 | mul | auto   | 0       |
|    mul_64ns_64ns_128_1_1_U43     | 16  |        | mul_ln49_20 | mul | auto   | 0       |
|    mul_64ns_64ns_128_1_1_U44     | 16  |        | mul_ln49_21 | mul | auto   | 0       |
|    add_ln49_17_fu_1719_p2        | -   |        | add_ln49_17 | add | fabric | 0       |
|    add_ln49_18_fu_1725_p2        | -   |        | add_ln49_18 | add | fabric | 0       |
|    sub_ln34_11_fu_792_p2         | -   |        | sub_ln34_11 | sub | fabric | 0       |
|    mul_64ns_64ns_128_1_1_U45     | 16  |        | mul_ln49_22 | mul | auto   | 0       |
|    mul_64ns_64ns_128_1_1_U46     | 16  |        | mul_ln49_23 | mul | auto   | 0       |
|    mul_64ns_64ns_128_1_1_U47     | 16  |        | mul_ln49_24 | mul | auto   | 0       |
|    mul_64ns_64ns_128_1_1_U48     | 16  |        | mul_ln49_25 | mul | auto   | 0       |
|    add_ln49_21_fu_1762_p2        | -   |        | add_ln49_21 | add | fabric | 0       |
|    add_ln49_22_fu_1768_p2        | -   |        | add_ln49_22 | add | fabric | 0       |
|    add_ln36_fu_798_p2            | -   |        | add_ln36    | add | fabric | 0       |
|  + test_Pipeline_VITIS_LOOP_56_5 | 384 |        |             |     |        |         |
|    empty_fu_582_p2               | -   |        | empty       | sub | fabric | 0       |
|    sub_ln59_fu_592_p2            | -   |        | sub_ln59    | sub | fabric | 0       |
|    sub_ln67_9_fu_632_p2          | -   |        | sub_ln67_9  | sub | fabric | 0       |
|    sub_ln67_10_fu_648_p2         | -   |        | sub_ln67_10 | sub | fabric | 0       |
|    sub_ln67_fu_664_p2            | -   |        | sub_ln67    | sub | fabric | 0       |
|    sub_ln67_1_fu_1026_p2         | -   |        | sub_ln67_1  | sub | fabric | 0       |
|    tmp_9_fu_1060_p10             | -   |        | sub_ln67_2  | sub | fabric | 0       |
|    add_ln63_fu_698_p2            | -   |        | add_ln63    | add | fabric | 0       |
|    sub_ln67_11_fu_714_p2         | -   |        | sub_ln67_11 | sub | fabric | 0       |
|    sub_ln67_12_fu_730_p2         | -   |        | sub_ln67_12 | sub | fabric | 0       |
|    sub_ln67_3_fu_746_p2          | -   |        | sub_ln67_3  | sub | fabric | 0       |
|    sub_ln67_4_fu_772_p2          | -   |        | sub_ln67_4  | sub | fabric | 0       |
|    tmp_19_fu_1262_p10            | -   |        | sub_ln67_5  | sub | fabric | 0       |
|    add_ln63_1_fu_800_p2          | -   |        | add_ln63_1  | add | fabric | 0       |
|    mul_64ns_64ns_128_1_1_U94     | 16  |        | mul_ln63    | mul | auto   | 0       |
|    mul_64ns_64ns_128_1_1_U95     | 16  |        | mul_ln63_1  | mul | auto   | 0       |
|    mul_64ns_64ns_128_1_1_U96     | 16  |        | mul_ln63_2  | mul | auto   | 0       |
|    add_ln63_2_fu_1328_p2         | -   |        | add_ln63_2  | add | fabric | 0       |
|    mul_64ns_64ns_128_1_1_U97     | 16  |        | mul_ln70    | mul | auto   | 0       |
|    mul_64ns_64ns_128_1_1_U98     | 16  |        | mul_ln70_1  | mul | auto   | 0       |
|    mul_64ns_64ns_128_1_1_U99     | 16  |        | mul_ln70_2  | mul | auto   | 0       |
|    add_ln70_fu_1382_p2           | -   |        | add_ln70    | add | fabric | 0       |
|    mul_64ns_64ns_128_1_1_U100    | 16  |        | mul_ln70_3  | mul | auto   | 0       |
|    mul_64ns_64ns_128_1_1_U101    | 16  |        | mul_ln70_4  | mul | auto   | 0       |
|    mul_64ns_64ns_128_1_1_U102    | 16  |        | mul_ln70_5  | mul | auto   | 0       |
|    add_ln70_3_fu_1414_p2         | -   |        | add_ln70_3  | add | fabric | 0       |
|    mul_64ns_64ns_128_1_1_U103    | 16  |        | mul_ln70_6  | mul | auto   | 0       |
|    mul_64ns_64ns_128_1_1_U104    | 16  |        | mul_ln70_7  | mul | auto   | 0       |
|    mul_64ns_64ns_128_1_1_U105    | 16  |        | mul_ln70_8  | mul | auto   | 0       |
|    add_ln70_6_fu_1459_p2         | -   |        | add_ln70_6  | add | fabric | 0       |
|    sub_ln67_13_fu_816_p2         | -   |        | sub_ln67_13 | sub | fabric | 0       |
|    mul_64ns_64ns_128_1_1_U106    | 16  |        | mul_ln70_9  | mul | auto   | 0       |
|    mul_64ns_64ns_128_1_1_U107    | 16  |        | mul_ln70_10 | mul | auto   | 0       |
|    mul_64ns_64ns_128_1_1_U108    | 16  |        | mul_ln70_11 | mul | auto   | 0       |
|    add_ln70_9_fu_1523_p2         | -   |        | add_ln70_9  | add | fabric | 0       |
|    sub_ln67_14_fu_832_p2         | -   |        | sub_ln67_14 | sub | fabric | 0       |
|    mul_64ns_64ns_128_1_1_U109    | 16  |        | mul_ln70_12 | mul | auto   | 0       |
|    mul_64ns_64ns_128_1_1_U110    | 16  |        | mul_ln70_13 | mul | auto   | 0       |
|    mul_64ns_64ns_128_1_1_U111    | 16  |        | mul_ln70_14 | mul | auto   | 0       |
|    add_ln70_12_fu_1587_p2        | -   |        | add_ln70_12 | add | fabric | 0       |
|    sub_ln67_6_fu_858_p2          | -   |        | sub_ln67_6  | sub | fabric | 0       |
|    mul_64ns_64ns_128_1_1_U112    | 16  |        | mul_ln70_15 | mul | auto   | 0       |
|    mul_64ns_64ns_128_1_1_U113    | 16  |        | mul_ln70_16 | mul | auto   | 0       |
|    mul_64ns_64ns_128_1_1_U114    | 16  |        | mul_ln70_17 | mul | auto   | 0       |
|    add_ln70_15_fu_1651_p2        | -   |        | add_ln70_15 | add | fabric | 0       |
|    sub_ln67_7_fu_1660_p2         | -   |        | sub_ln67_7  | sub | fabric | 0       |
|    mul_64ns_64ns_128_1_1_U115    | 16  |        | mul_ln70_18 | mul | auto   | 0       |
|    mul_64ns_64ns_128_1_1_U116    | 16  |        | mul_ln70_19 | mul | auto   | 0       |
|    tmp_30_fu_1720_p10            | -   |        | sub_ln67_8  | sub | fabric | 0       |
|    mul_64ns_64ns_128_1_1_U117    | 16  |        | mul_ln70_20 | mul | auto   | 0       |
|    add_ln70_20_fu_1859_p2        | -   |        | add_ln70_20 | add | fabric | 0       |
|    add_ln56_fu_892_p2            | -   |        | add_ln56    | add | fabric | 0       |
|  + test_Pipeline_ARRAY_WRITE     | 0   |        |             |     |        |         |
|    add_ln91_fu_204_p2            | -   |        | add_ln91    | add | fabric | 0       |
+----------------------------------+-----+--------+-------------+-----+--------+---------+


================================================================
== Bind Storage Report
================================================================
  No bind storage info in design

================================================================
== Pragma Report
================================================================
* Valid Pragma Syntax
+-----------------+-------------------------------------------------+---------------------------+
| Type            | Options                                         | Location                  |
+-----------------+-------------------------------------------------+---------------------------+
| interface       | m_axi depth=9 port=out1 offset=slave bundle=mem | d7.cpp:5 in test, out1    |
| interface       | m_axi depth=9 port=arg1 offset=slave bundle=mem | d7.cpp:6 in test, arg1    |
| interface       | m_axi depth=9 port=arg2 offset=slave bundle=mem | d7.cpp:7 in test, arg2    |
| interface       | mode=s_axilite port=return                      | d7.cpp:9 in test, return  |
| array_partition | variable=out1_w type=complete                   | d7.cpp:15 in test, out1_w |
| array_partition | variable=arg1_r type=complete                   | d7.cpp:16 in test, arg1_r |
| array_partition | variable=arg2_r type=complete                   | d7.cpp:17 in test, arg2_r |
| array_partition | variable=arr type=complete                      | d7.cpp:18 in test, arr    |
| pipeline        | II=1                                            | d7.cpp:38 in test         |
| unroll          |                                                 | d7.cpp:41 in test         |
| pipeline        | II=1                                            | d7.cpp:45 in test         |
| unroll          |                                                 | d7.cpp:48 in test         |
| pipeline        | II=1                                            | d7.cpp:58 in test         |
| unroll          |                                                 | d7.cpp:61 in test         |
| pipeline        | II=1                                            | d7.cpp:66 in test         |
| unroll          |                                                 | d7.cpp:69 in test         |
+-----------------+-------------------------------------------------+---------------------------+


