/export/hdd/scratch/km304/MSThesis/EllipticCurves/fiat_25519_carry_mul/OptimizedDesigns/D1/run_script.tcl:15:9: warning: HLS pragma dump _XLX_SEP_ PragmaIsValid=1_XLX_SEP_ PragmaType=top_XLX_SEP_ PragmaContext=directive_XLX_SEP_ PragmaFunction=fiat_25519_carry_mul_XLX_SEP_ PragmaOptions=name=fiat_25519_carry_mul_XLX_SEP_ [-Wdump-hls-pragmas]
#pragma HLSDIRECTIVE TOP name=fiat_25519_carry_mul
        ^
/export/hdd/scratch/km304/MSThesis/EllipticCurves/fiat_25519_carry_mul/OptimizedDesigns/D1/run_script.tcl:19:9: warning: HLS pragma dump _XLX_SEP_ PragmaIsValid=1_XLX_SEP_ PragmaType=top_XLX_SEP_ PragmaContext=directive_XLX_SEP_ PragmaFunction=fiat_25519_carry_mul_XLX_SEP_ PragmaOptions=name=fiat_25519_carry_mul_XLX_SEP_ [-Wdump-hls-pragmas]
#pragma HLSDIRECTIVE TOP name=fiat_25519_carry_mul
        ^
d1.cpp:5:9: warning: HLS pragma dump _XLX_SEP_ PragmaIsValid=1_XLX_SEP_ PragmaType=interface_XLX_SEP_ PragmaContext=_XLX_SEP_ PragmaFunction=fiat_25519_carry_mul_XLX_SEP_ PragmaOptions=m_axi depth=10 port=out1 offset=slave bundle=mem_XLX_SEP_ [-Wdump-hls-pragmas]
#pragma HLS interface m_axi depth=10 port=out1 offset=slave bundle=mem
        ^
d1.cpp:6:9: warning: HLS pragma dump _XLX_SEP_ PragmaIsValid=1_XLX_SEP_ PragmaType=interface_XLX_SEP_ PragmaContext=_XLX_SEP_ PragmaFunction=fiat_25519_carry_mul_XLX_SEP_ PragmaOptions=m_axi depth=10 port=arg1 offset=slave bundle=mem_XLX_SEP_ [-Wdump-hls-pragmas]
#pragma HLS interface m_axi depth=10 port=arg1 offset=slave bundle=mem
        ^
d1.cpp:7:9: warning: HLS pragma dump _XLX_SEP_ PragmaIsValid=1_XLX_SEP_ PragmaType=interface_XLX_SEP_ PragmaContext=_XLX_SEP_ PragmaFunction=fiat_25519_carry_mul_XLX_SEP_ PragmaOptions=m_axi depth=10 port=arg2 offset=slave bundle=mem_XLX_SEP_ [-Wdump-hls-pragmas]
#pragma HLS interface m_axi depth=10 port=arg2 offset=slave bundle=mem
        ^
d1.cpp:9:9: warning: HLS pragma dump _XLX_SEP_ PragmaIsValid=1_XLX_SEP_ PragmaType=interface_XLX_SEP_ PragmaContext=_XLX_SEP_ PragmaFunction=fiat_25519_carry_mul_XLX_SEP_ PragmaOptions=mode=s_axilite port=return_XLX_SEP_ [-Wdump-hls-pragmas]
#pragma HLS interface mode=s_axilite port=return
        ^
d1.cpp:16:9: warning: HLS pragma dump _XLX_SEP_ PragmaIsValid=1_XLX_SEP_ PragmaType=array_partition_XLX_SEP_ PragmaContext=_XLX_SEP_ PragmaFunction=fiat_25519_carry_mul_XLX_SEP_ PragmaOptions=variable=arr type=complete dim=1_XLX_SEP_ [-Wdump-hls-pragmas]
#pragma HLS ARRAY_PARTITION variable=arr type=complete dim=1
        ^
d1.cpp:17:9: warning: HLS pragma dump _XLX_SEP_ PragmaIsValid=1_XLX_SEP_ PragmaType=array_partition_XLX_SEP_ PragmaContext=_XLX_SEP_ PragmaFunction=fiat_25519_carry_mul_XLX_SEP_ PragmaOptions=variable=arg1_r type=complete dim=1_XLX_SEP_ [-Wdump-hls-pragmas]
#pragma HLS ARRAY_PARTITION variable=arg1_r type=complete dim=1
        ^
d1.cpp:18:9: warning: HLS pragma dump _XLX_SEP_ PragmaIsValid=1_XLX_SEP_ PragmaType=array_partition_XLX_SEP_ PragmaContext=_XLX_SEP_ PragmaFunction=fiat_25519_carry_mul_XLX_SEP_ PragmaOptions=variable=arg2_r type=complete dim=1_XLX_SEP_ [-Wdump-hls-pragmas]
#pragma HLS ARRAY_PARTITION variable=arg2_r type=complete dim=1
        ^
d1.cpp:19:9: warning: HLS pragma dump _XLX_SEP_ PragmaIsValid=1_XLX_SEP_ PragmaType=array_partition_XLX_SEP_ PragmaContext=_XLX_SEP_ PragmaFunction=fiat_25519_carry_mul_XLX_SEP_ PragmaOptions=variable=out1_w type=complete dim=1_XLX_SEP_ [-Wdump-hls-pragmas]
#pragma HLS ARRAY_PARTITION variable=out1_w type=complete dim=1
        ^
d1.cpp:37:9: warning: HLS pragma dump _XLX_SEP_ PragmaIsValid=1_XLX_SEP_ PragmaType=pipeline_XLX_SEP_ PragmaContext=_XLX_SEP_ PragmaFunction=fiat_25519_carry_mul_XLX_SEP_ PragmaOptions=II = 1_XLX_SEP_ [-Wdump-hls-pragmas]
#pragma HLS PIPELINE II = 1
        ^
d1.cpp:40:9: warning: HLS pragma dump _XLX_SEP_ PragmaIsValid=1_XLX_SEP_ PragmaType=pipeline_XLX_SEP_ PragmaContext=_XLX_SEP_ PragmaFunction=fiat_25519_carry_mul_XLX_SEP_ PragmaOptions=II = 1_XLX_SEP_ [-Wdump-hls-pragmas]
#pragma HLS PIPELINE II = 1
        ^
d1.cpp:43:9: warning: HLS pragma dump _XLX_SEP_ PragmaIsValid=1_XLX_SEP_ PragmaType=unroll_XLX_SEP_ PragmaContext=_XLX_SEP_ PragmaFunction=fiat_25519_carry_mul_XLX_SEP_ PragmaOptions=_XLX_SEP_ [-Wdump-hls-pragmas]
#pragma HLS UNROLL
        ^
d1.cpp:46:9: warning: HLS pragma dump _XLX_SEP_ PragmaIsValid=1_XLX_SEP_ PragmaType=unroll_XLX_SEP_ PragmaContext=_XLX_SEP_ PragmaFunction=fiat_25519_carry_mul_XLX_SEP_ PragmaOptions=_XLX_SEP_ [-Wdump-hls-pragmas]
#pragma HLS UNROLL
        ^
14 warnings generated.
