

================================================================
== Vitis HLS Report for 'fiat_25519_carry_square_Pipeline_VITIS_LOOP_34_3'
================================================================
* Date:           Fri May 10 12:31:53 2024

* Version:        2023.1.1 (Build 3869133 on Jun 15 2023)
* Project:        D3
* Solution:       comb_5 (Vivado IP Flow Target)
* Product family: zynquplus
* Target device:  xczu9eg-ffvb1156-2-e


================================================================
== Performance Estimates
================================================================
+ Timing: 
    * Summary: 
    +--------+----------+----------+------------+
    |  Clock |  Target  | Estimated| Uncertainty|
    +--------+----------+----------+------------+
    |ap_clk  |  10.00 ns|  6.575 ns|     2.70 ns|
    +--------+----------+----------+------------+

+ Latency: 
    * Summary: 
    +---------+---------+-----------+-----------+-----+-----+---------+
    |  Latency (cycles) |   Latency (absolute)  |  Interval | Pipeline|
    |   min   |   max   |    min    |    max    | min | max |   Type  |
    +---------+---------+-----------+-----------+-----+-----+---------+
    |        6|        6|  60.000 ns|  60.000 ns|    6|    6|       no|
    +---------+---------+-----------+-----------+-----+-----+---------+

    + Detail: 
        * Instance: 
        N/A

        * Loop: 
        +-------------------+---------+---------+----------+-----------+-----------+------+----------+
        |                   |  Latency (cycles) | Iteration|  Initiation Interval  | Trip |          |
        |     Loop Name     |   min   |   max   |  Latency |  achieved |   target  | Count| Pipelined|
        +-------------------+---------+---------+----------+-----------+-----------+------+----------+
        |- VITIS_LOOP_34_3  |        4|        4|         3|          1|          1|     3|       yes|
        +-------------------+---------+---------+----------+-----------+-----------+------+----------+

============================================================
+ Verbose Summary: Synthesis Manager
============================================================
InlineROM: 1
ExposeGlobal: 0
============================================================
+ Verbose Summary: CDFG Model
============================================================
IsTopModel: 0
ResetActiveHigh: 1
IsCombinational: 0
IsDatapathOnly: 0
HasWiredReturn: 1
HasMFsm: 2
HasVarLatency: 1
IsPipeline: 0
IsRtlPipelined: 0
IsInstanceOverlapped: 0
IsDontTouch: 0
HasImplIP: 0
IsGatedGlobalClock: 0

+ Individual pipeline summary: 
  * Pipeline-0: initiation interval (II) = 1, depth = 3


============================================================
+ Verbose Summary: Schedule
============================================================
* Number of FSM states : 3
* Pipeline : 1
  Pipeline-0 : II = 1, D = 3, States = { 1 2 3 }
* Dataflow Pipeline: 0

* FSM state transitions: 
1 --> 2 
2 --> 3 
3 --> 

* FSM state operations: 

State 1 <SV = 0> <Delay = 1.22>
ST_1 : Operation 6 [1/1] (0.00ns)   --->   "%i = alloca i32 1"   --->   Operation 6 'alloca' 'i' <Predicate = true> <Delay = 0.00>
ST_1 : Operation 7 [1/1] (0.00ns)   --->   "%arg1_r_2_reload_read = read i32 @_ssdm_op_Read.ap_auto.i32, i32 %arg1_r_2_reload"   --->   Operation 7 'read' 'arg1_r_2_reload_read' <Predicate = true> <Delay = 0.00>
ST_1 : Operation 8 [1/1] (0.00ns)   --->   "%zext_ln40_read = read i32 @_ssdm_op_Read.ap_auto.i32, i32 %zext_ln40"   --->   Operation 8 'read' 'zext_ln40_read' <Predicate = true> <Delay = 0.00>
ST_1 : Operation 9 [1/1] (0.00ns)   --->   "%arg1_r_7_reload_read = read i32 @_ssdm_op_Read.ap_auto.i32, i32 %arg1_r_7_reload"   --->   Operation 9 'read' 'arg1_r_7_reload_read' <Predicate = true> <Delay = 0.00>
ST_1 : Operation 10 [1/1] (0.00ns)   --->   "%arg1_r_6_reload_read = read i32 @_ssdm_op_Read.ap_auto.i32, i32 %arg1_r_6_reload"   --->   Operation 10 'read' 'arg1_r_6_reload_read' <Predicate = true> <Delay = 0.00>
ST_1 : Operation 11 [1/1] (0.00ns)   --->   "%arg1_r_5_reload_read = read i32 @_ssdm_op_Read.ap_auto.i32, i32 %arg1_r_5_reload"   --->   Operation 11 'read' 'arg1_r_5_reload_read' <Predicate = true> <Delay = 0.00>
ST_1 : Operation 12 [1/1] (0.00ns)   --->   "%arg1_r_4_reload_read = read i32 @_ssdm_op_Read.ap_auto.i32, i32 %arg1_r_4_reload"   --->   Operation 12 'read' 'arg1_r_4_reload_read' <Predicate = true> <Delay = 0.00>
ST_1 : Operation 13 [1/1] (0.00ns)   --->   "%arg1_r_3_reload_read = read i32 @_ssdm_op_Read.ap_auto.i32, i32 %arg1_r_3_reload"   --->   Operation 13 'read' 'arg1_r_3_reload_read' <Predicate = true> <Delay = 0.00>
ST_1 : Operation 14 [1/1] (0.00ns)   --->   "%zext_ln40_cast = zext i32 %zext_ln40_read"   --->   Operation 14 'zext' 'zext_ln40_cast' <Predicate = true> <Delay = 0.00>
ST_1 : Operation 15 [1/1] (0.42ns)   --->   "%store_ln0 = store i4 3, i4 %i"   --->   Operation 15 'store' 'store_ln0' <Predicate = true> <Delay = 0.42>
ST_1 : Operation 16 [1/1] (0.00ns)   --->   "%br_ln0 = br void %for.inc53"   --->   Operation 16 'br' 'br_ln0' <Predicate = true> <Delay = 0.00>
ST_1 : Operation 17 [1/1] (0.00ns)   --->   "%i_2 = load i4 %i" [d3.cpp:22]   --->   Operation 17 'load' 'i_2' <Predicate = true> <Delay = 0.00>
ST_1 : Operation 18 [1/1] (0.79ns)   --->   "%icmp_ln34 = icmp_ult  i4 %i_2, i4 9" [d3.cpp:34]   --->   Operation 18 'icmp' 'icmp_ln34' <Predicate = true> <Delay = 0.79> <CoreInst = "Cmp">   --->   Core 9 'Cmp' <Latency = 0> <II = 1> <Delay = 0.79> <FuncUnit> <Opcode : 'icmp'> <InPorts = 2> <OutPorts = 1>
ST_1 : Operation 19 [1/1] (0.00ns)   --->   "%br_ln34 = br i1 %icmp_ln34, void %VITIS_LOOP_44_5.exitStub, void %for.inc53.split" [d3.cpp:34]   --->   Operation 19 'br' 'br_ln34' <Predicate = true> <Delay = 0.00>
ST_1 : Operation 20 [1/1] (0.00ns)   --->   "%trunc_ln34_1 = trunc i4 %i_2" [d3.cpp:34]   --->   Operation 20 'trunc' 'trunc_ln34_1' <Predicate = (icmp_ln34)> <Delay = 0.00>
ST_1 : Operation 21 [1/1] (0.73ns)   --->   "%switch_ln40 = switch i2 %trunc_ln34_1, void %arrayidx51.1.case.0, i2 0, void %arrayidx51.1.case.1, i2 1, void %arrayidx51.1.case.2, i2 2, void %arrayidx51.1.case.3" [d3.cpp:40]   --->   Operation 21 'switch' 'switch_ln40' <Predicate = (icmp_ln34)> <Delay = 0.73>
ST_1 : Operation 22 [1/1] (0.79ns)   --->   "%add_ln34 = add i4 %i_2, i4 2" [d3.cpp:34]   --->   Operation 22 'add' 'add_ln34' <Predicate = (icmp_ln34)> <Delay = 0.79> <CoreInst = "Adder">   --->   Core 1 'Adder' <Latency = 0> <II = 1> <Delay = 0.79> <FuncUnit> <Opcode : 'add' 'sub'> <InPorts = 2> <OutPorts = 1>
ST_1 : Operation 23 [1/1] (0.42ns)   --->   "%store_ln34 = store i4 %add_ln34, i4 %i" [d3.cpp:34]   --->   Operation 23 'store' 'store_ln34' <Predicate = (icmp_ln34)> <Delay = 0.42>
ST_1 : Operation 24 [1/1] (0.00ns)   --->   "%br_ln34 = br void %for.inc53" [d3.cpp:34]   --->   Operation 24 'br' 'br_ln34' <Predicate = (icmp_ln34)> <Delay = 0.00>

State 2 <SV = 1> <Delay = 1.47>
ST_2 : Operation 25 [1/1] (0.00ns)   --->   "%trunc_ln34 = trunc i4 %i_2" [d3.cpp:34]   --->   Operation 25 'trunc' 'trunc_ln34' <Predicate = true> <Delay = 0.00>
ST_2 : Operation 26 [1/1] (0.00ns)   --->   "%tmp = bitselect i1 @_ssdm_op_BitSelect.i1.i4.i32, i4 %i_2, i32 2" [d3.cpp:22]   --->   Operation 26 'bitselect' 'tmp' <Predicate = true> <Delay = 0.00>
ST_2 : Operation 27 [1/1] (0.00ns)   --->   "%zext_ln22 = zext i1 %tmp" [d3.cpp:22]   --->   Operation 27 'zext' 'zext_ln22' <Predicate = true> <Delay = 0.00>
ST_2 : Operation 28 [1/1] (0.00ns)   --->   "%arr_addr = getelementptr i64 %arr, i64 0, i64 %zext_ln22" [d3.cpp:40]   --->   Operation 28 'getelementptr' 'arr_addr' <Predicate = true> <Delay = 0.00>
ST_2 : Operation 29 [1/1] (0.00ns)   --->   "%arr_1_addr = getelementptr i64 %arr_1, i64 0, i64 %zext_ln22" [d3.cpp:40]   --->   Operation 29 'getelementptr' 'arr_1_addr' <Predicate = true> <Delay = 0.00>
ST_2 : Operation 30 [1/1] (0.00ns)   --->   "%arr_2_addr = getelementptr i64 %arr_2, i64 0, i64 %zext_ln22" [d3.cpp:40]   --->   Operation 30 'getelementptr' 'arr_2_addr' <Predicate = true> <Delay = 0.00>
ST_2 : Operation 31 [1/1] (0.00ns)   --->   "%arr_3_addr = getelementptr i64 %arr_3, i64 0, i64 %zext_ln22" [d3.cpp:40]   --->   Operation 31 'getelementptr' 'arr_3_addr' <Predicate = true> <Delay = 0.00>
ST_2 : Operation 32 [2/2] (0.67ns)   --->   "%arr_load = load i2 %arr_addr" [d3.cpp:40]   --->   Operation 32 'load' 'arr_load' <Predicate = (trunc_ln34_1 == 0)> <Delay = 0.67> <CoreInst = "RAM">   --->   Core 83 'RAM' <Latency = 1> <II = 1> <Delay = 0.67> <Storage> <Opcode : 'load' 'store'> <Ports = 2> <Width = 64> <Depth = 3> <RAM>
ST_2 : Operation 33 [2/2] (0.67ns)   --->   "%arr_1_load = load i2 %arr_1_addr" [d3.cpp:40]   --->   Operation 33 'load' 'arr_1_load' <Predicate = (trunc_ln34_1 == 1)> <Delay = 0.67> <CoreInst = "RAM">   --->   Core 83 'RAM' <Latency = 1> <II = 1> <Delay = 0.67> <Storage> <Opcode : 'load' 'store'> <Ports = 2> <Width = 64> <Depth = 3> <RAM>
ST_2 : Operation 34 [2/2] (0.67ns)   --->   "%arr_2_load = load i2 %arr_2_addr" [d3.cpp:40]   --->   Operation 34 'load' 'arr_2_load' <Predicate = (trunc_ln34_1 == 2)> <Delay = 0.67> <CoreInst = "RAM">   --->   Core 83 'RAM' <Latency = 1> <II = 1> <Delay = 0.67> <Storage> <Opcode : 'load' 'store'> <Ports = 2> <Width = 64> <Depth = 3> <RAM>
ST_2 : Operation 35 [2/2] (0.67ns)   --->   "%arr_3_load = load i2 %arr_3_addr" [d3.cpp:40]   --->   Operation 35 'load' 'arr_3_load' <Predicate = (trunc_ln34_1 == 3)> <Delay = 0.67> <CoreInst = "RAM">   --->   Core 83 'RAM' <Latency = 1> <II = 1> <Delay = 0.67> <Storage> <Opcode : 'load' 'store'> <Ports = 2> <Width = 64> <Depth = 3> <RAM>
ST_2 : Operation 36 [1/1] (0.79ns)   --->   "%add_ln40_1 = add i4 %i_2, i4 1" [d3.cpp:40]   --->   Operation 36 'add' 'add_ln40_1' <Predicate = true> <Delay = 0.79> <CoreInst = "Adder">   --->   Core 1 'Adder' <Latency = 0> <II = 1> <Delay = 0.79> <FuncUnit> <Opcode : 'add' 'sub'> <InPorts = 2> <OutPorts = 1>
ST_2 : Operation 37 [1/1] (0.00ns)   --->   "%lshr_ln1 = partselect i2 @_ssdm_op_PartSelect.i2.i4.i32.i32, i4 %add_ln40_1, i32 2, i32 3" [d3.cpp:40]   --->   Operation 37 'partselect' 'lshr_ln1' <Predicate = true> <Delay = 0.00>
ST_2 : Operation 38 [1/1] (0.00ns)   --->   "%zext_ln40_3 = zext i2 %lshr_ln1" [d3.cpp:40]   --->   Operation 38 'zext' 'zext_ln40_3' <Predicate = true> <Delay = 0.00>
ST_2 : Operation 39 [1/1] (0.00ns)   --->   "%arr_addr_1 = getelementptr i64 %arr, i64 0, i64 %zext_ln40_3" [d3.cpp:40]   --->   Operation 39 'getelementptr' 'arr_addr_1' <Predicate = true> <Delay = 0.00>
ST_2 : Operation 40 [1/1] (0.00ns)   --->   "%arr_1_addr_1 = getelementptr i64 %arr_1, i64 0, i64 %zext_ln40_3" [d3.cpp:40]   --->   Operation 40 'getelementptr' 'arr_1_addr_1' <Predicate = true> <Delay = 0.00>
ST_2 : Operation 41 [1/1] (0.00ns)   --->   "%arr_2_addr_1 = getelementptr i64 %arr_2, i64 0, i64 %zext_ln40_3" [d3.cpp:40]   --->   Operation 41 'getelementptr' 'arr_2_addr_1' <Predicate = true> <Delay = 0.00>
ST_2 : Operation 42 [1/1] (0.00ns)   --->   "%arr_3_addr_1 = getelementptr i64 %arr_3, i64 0, i64 %zext_ln40_3" [d3.cpp:40]   --->   Operation 42 'getelementptr' 'arr_3_addr_1' <Predicate = true> <Delay = 0.00>
ST_2 : Operation 43 [2/2] (0.67ns)   --->   "%arr_load_1 = load i2 %arr_addr_1" [d3.cpp:40]   --->   Operation 43 'load' 'arr_load_1' <Predicate = (trunc_ln34_1 == 3)> <Delay = 0.67> <CoreInst = "RAM">   --->   Core 83 'RAM' <Latency = 1> <II = 1> <Delay = 0.67> <Storage> <Opcode : 'load' 'store'> <Ports = 2> <Width = 64> <Depth = 3> <RAM>
ST_2 : Operation 44 [2/2] (0.67ns)   --->   "%arr_1_load_1 = load i2 %arr_1_addr_1" [d3.cpp:40]   --->   Operation 44 'load' 'arr_1_load_1' <Predicate = (trunc_ln34_1 == 0)> <Delay = 0.67> <CoreInst = "RAM">   --->   Core 83 'RAM' <Latency = 1> <II = 1> <Delay = 0.67> <Storage> <Opcode : 'load' 'store'> <Ports = 2> <Width = 64> <Depth = 3> <RAM>
ST_2 : Operation 45 [2/2] (0.67ns)   --->   "%arr_2_load_1 = load i2 %arr_2_addr_1" [d3.cpp:40]   --->   Operation 45 'load' 'arr_2_load_1' <Predicate = (trunc_ln34_1 == 1)> <Delay = 0.67> <CoreInst = "RAM">   --->   Core 83 'RAM' <Latency = 1> <II = 1> <Delay = 0.67> <Storage> <Opcode : 'load' 'store'> <Ports = 2> <Width = 64> <Depth = 3> <RAM>
ST_2 : Operation 46 [2/2] (0.67ns)   --->   "%arr_3_load_1 = load i2 %arr_3_addr_1" [d3.cpp:40]   --->   Operation 46 'load' 'arr_3_load_1' <Predicate = (trunc_ln34_1 == 2)> <Delay = 0.67> <CoreInst = "RAM">   --->   Core 83 'RAM' <Latency = 1> <II = 1> <Delay = 0.67> <Storage> <Opcode : 'load' 'store'> <Ports = 2> <Width = 64> <Depth = 3> <RAM>
ST_2 : Operation 83 [1/1] (0.00ns)   --->   "%ret_ln0 = ret"   --->   Operation 83 'ret' 'ret_ln0' <Predicate = (!icmp_ln34)> <Delay = 0.00>

State 3 <SV = 2> <Delay = 6.57>
ST_3 : Operation 47 [1/1] (0.00ns)   --->   "%specpipeline_ln36 = specpipeline void @_ssdm_op_SpecPipeline, i32 1, i32 0, i32 0, i32 0, void @empty_3" [d3.cpp:36]   --->   Operation 47 'specpipeline' 'specpipeline_ln36' <Predicate = true> <Delay = 0.00>
ST_3 : Operation 48 [1/1] (0.00ns)   --->   "%speclooptripcount_ln22 = speclooptripcount void @_ssdm_op_SpecLoopTripCount, i64 3, i64 3, i64 3" [d3.cpp:22]   --->   Operation 48 'speclooptripcount' 'speclooptripcount_ln22' <Predicate = true> <Delay = 0.00>
ST_3 : Operation 49 [1/1] (0.00ns)   --->   "%specloopname_ln34 = specloopname void @_ssdm_op_SpecLoopName, void @empty_9" [d3.cpp:34]   --->   Operation 49 'specloopname' 'specloopname_ln34' <Predicate = true> <Delay = 0.00>
ST_3 : Operation 50 [1/1] (0.67ns)   --->   "%sub_ln37 = sub i3 2, i3 %trunc_ln34" [d3.cpp:37]   --->   Operation 50 'sub' 'sub_ln37' <Predicate = true> <Delay = 0.67> <CoreInst = "Adder">   --->   Core 1 'Adder' <Latency = 0> <II = 1> <Delay = 0.67> <FuncUnit> <Opcode : 'add' 'sub'> <InPorts = 2> <OutPorts = 1>
ST_3 : Operation 51 [1/1] (0.72ns)   --->   "%tmp_8 = mux i32 @_ssdm_op_Mux.ap_auto.8i32.i3, i32 0, i32 0, i32 0, i32 %arg1_r_3_reload_read, i32 %arg1_r_4_reload_read, i32 %arg1_r_5_reload_read, i32 %arg1_r_6_reload_read, i32 %arg1_r_7_reload_read, i3 %sub_ln37" [d3.cpp:40]   --->   Operation 51 'mux' 'tmp_8' <Predicate = true> <Delay = 0.72> <CoreInst = "Multiplexer">   --->   Core 76 'Multiplexer' <Latency = 0> <II = 1> <Delay = 0.72> <FuncUnit> <Opcode : 'mux'> <InPorts = 2> <OutPorts = 1>
ST_3 : Operation 52 [1/1] (0.00ns)   --->   "%zext_ln40_1 = zext i32 %tmp_8" [d3.cpp:40]   --->   Operation 52 'zext' 'zext_ln40_1' <Predicate = true> <Delay = 0.00>
ST_3 : [1/1] (0.72ns)   --->   Input mux for Operation 53 '%mul_ln40_1 = mul i63 %zext_ln40_cast, i63 %zext_ln40_1'
ST_3 : Operation 53 [1/1] (2.69ns)   --->   "%mul_ln40_1 = mul i63 %zext_ln40_cast, i63 %zext_ln40_1" [d3.cpp:40]   --->   Operation 53 'mul' 'mul_ln40_1' <Predicate = true> <Delay = 2.69> <CoreInst = "Multiplier">   --->   Core 3 'Multiplier' <Latency = 0> <II = 1> <Delay = 3.42> <FuncUnit> <Opcode : 'mul'> <InPorts = 2> <OutPorts = 1>
ST_3 : Operation 54 [1/1] (0.00ns)   --->   "%shl_ln1 = bitconcatenate i64 @_ssdm_op_BitConcatenate.i64.i63.i1, i63 %mul_ln40_1, i1 0" [d3.cpp:40]   --->   Operation 54 'bitconcatenate' 'shl_ln1' <Predicate = true> <Delay = 0.00>
ST_3 : Operation 55 [1/2] (0.67ns)   --->   "%arr_load = load i2 %arr_addr" [d3.cpp:40]   --->   Operation 55 'load' 'arr_load' <Predicate = (trunc_ln34_1 == 0)> <Delay = 0.67> <CoreInst = "RAM">   --->   Core 83 'RAM' <Latency = 1> <II = 1> <Delay = 0.67> <Storage> <Opcode : 'load' 'store'> <Ports = 2> <Width = 64> <Depth = 3> <RAM>
ST_3 : Operation 56 [1/2] (0.67ns)   --->   "%arr_1_load = load i2 %arr_1_addr" [d3.cpp:40]   --->   Operation 56 'load' 'arr_1_load' <Predicate = (trunc_ln34_1 == 1)> <Delay = 0.67> <CoreInst = "RAM">   --->   Core 83 'RAM' <Latency = 1> <II = 1> <Delay = 0.67> <Storage> <Opcode : 'load' 'store'> <Ports = 2> <Width = 64> <Depth = 3> <RAM>
ST_3 : Operation 57 [1/2] (0.67ns)   --->   "%arr_2_load = load i2 %arr_2_addr" [d3.cpp:40]   --->   Operation 57 'load' 'arr_2_load' <Predicate = (trunc_ln34_1 == 2)> <Delay = 0.67> <CoreInst = "RAM">   --->   Core 83 'RAM' <Latency = 1> <II = 1> <Delay = 0.67> <Storage> <Opcode : 'load' 'store'> <Ports = 2> <Width = 64> <Depth = 3> <RAM>
ST_3 : Operation 58 [1/2] (0.67ns)   --->   "%arr_3_load = load i2 %arr_3_addr" [d3.cpp:40]   --->   Operation 58 'load' 'arr_3_load' <Predicate = (trunc_ln34_1 == 3)> <Delay = 0.67> <CoreInst = "RAM">   --->   Core 83 'RAM' <Latency = 1> <II = 1> <Delay = 0.67> <Storage> <Opcode : 'load' 'store'> <Ports = 2> <Width = 64> <Depth = 3> <RAM>
ST_3 : Operation 59 [1/1] (0.52ns)   --->   "%tmp_9 = mux i64 @_ssdm_op_Mux.ap_auto.4i64.i2, i64 %arr_load, i64 %arr_1_load, i64 %arr_2_load, i64 %arr_3_load, i2 %trunc_ln34_1" [d3.cpp:40]   --->   Operation 59 'mux' 'tmp_9' <Predicate = true> <Delay = 0.52> <CoreInst = "Multiplexer">   --->   Core 76 'Multiplexer' <Latency = 0> <II = 1> <Delay = 0.52> <FuncUnit> <Opcode : 'mux'> <InPorts = 2> <OutPorts = 1>
ST_3 : Operation 60 [1/1] (1.08ns)   --->   "%add_ln40 = add i64 %tmp_9, i64 %shl_ln1" [d3.cpp:40]   --->   Operation 60 'add' 'add_ln40' <Predicate = true> <Delay = 1.08> <CoreInst = "Adder">   --->   Core 1 'Adder' <Latency = 0> <II = 1> <Delay = 1.08> <FuncUnit> <Opcode : 'add' 'sub'> <InPorts = 2> <OutPorts = 1>
ST_3 : Operation 61 [1/1] (0.72ns)   --->   "%tmp_s = mux i32 @_ssdm_op_Mux.ap_auto.8i32.i3, i32 0, i32 0, i32 0, i32 %arg1_r_2_reload_read, i32 %arg1_r_3_reload_read, i32 %arg1_r_4_reload_read, i32 %arg1_r_5_reload_read, i32 %arg1_r_6_reload_read, i3 %sub_ln37" [d3.cpp:40]   --->   Operation 61 'mux' 'tmp_s' <Predicate = true> <Delay = 0.72> <CoreInst = "Multiplexer">   --->   Core 76 'Multiplexer' <Latency = 0> <II = 1> <Delay = 0.72> <FuncUnit> <Opcode : 'mux'> <InPorts = 2> <OutPorts = 1>
ST_3 : Operation 62 [1/1] (0.00ns)   --->   "%zext_ln40_2 = zext i32 %tmp_s" [d3.cpp:40]   --->   Operation 62 'zext' 'zext_ln40_2' <Predicate = true> <Delay = 0.00>
ST_3 : [1/1] (0.72ns)   --->   Input mux for Operation 63 '%mul_ln40 = mul i63 %zext_ln40_cast, i63 %zext_ln40_2'
ST_3 : Operation 63 [1/1] (2.69ns)   --->   "%mul_ln40 = mul i63 %zext_ln40_cast, i63 %zext_ln40_2" [d3.cpp:40]   --->   Operation 63 'mul' 'mul_ln40' <Predicate = true> <Delay = 2.69> <CoreInst = "Multiplier">   --->   Core 3 'Multiplier' <Latency = 0> <II = 1> <Delay = 3.42> <FuncUnit> <Opcode : 'mul'> <InPorts = 2> <OutPorts = 1>
ST_3 : Operation 64 [1/1] (0.00ns)   --->   "%shl_ln40_1 = bitconcatenate i64 @_ssdm_op_BitConcatenate.i64.i63.i1, i63 %mul_ln40, i1 0" [d3.cpp:40]   --->   Operation 64 'bitconcatenate' 'shl_ln40_1' <Predicate = true> <Delay = 0.00>
ST_3 : Operation 65 [1/2] (0.67ns)   --->   "%arr_load_1 = load i2 %arr_addr_1" [d3.cpp:40]   --->   Operation 65 'load' 'arr_load_1' <Predicate = (trunc_ln34_1 == 3)> <Delay = 0.67> <CoreInst = "RAM">   --->   Core 83 'RAM' <Latency = 1> <II = 1> <Delay = 0.67> <Storage> <Opcode : 'load' 'store'> <Ports = 2> <Width = 64> <Depth = 3> <RAM>
ST_3 : Operation 66 [1/2] (0.67ns)   --->   "%arr_1_load_1 = load i2 %arr_1_addr_1" [d3.cpp:40]   --->   Operation 66 'load' 'arr_1_load_1' <Predicate = (trunc_ln34_1 == 0)> <Delay = 0.67> <CoreInst = "RAM">   --->   Core 83 'RAM' <Latency = 1> <II = 1> <Delay = 0.67> <Storage> <Opcode : 'load' 'store'> <Ports = 2> <Width = 64> <Depth = 3> <RAM>
ST_3 : Operation 67 [1/2] (0.67ns)   --->   "%arr_2_load_1 = load i2 %arr_2_addr_1" [d3.cpp:40]   --->   Operation 67 'load' 'arr_2_load_1' <Predicate = (trunc_ln34_1 == 1)> <Delay = 0.67> <CoreInst = "RAM">   --->   Core 83 'RAM' <Latency = 1> <II = 1> <Delay = 0.67> <Storage> <Opcode : 'load' 'store'> <Ports = 2> <Width = 64> <Depth = 3> <RAM>
ST_3 : Operation 68 [1/2] (0.67ns)   --->   "%arr_3_load_1 = load i2 %arr_3_addr_1" [d3.cpp:40]   --->   Operation 68 'load' 'arr_3_load_1' <Predicate = (trunc_ln34_1 == 2)> <Delay = 0.67> <CoreInst = "RAM">   --->   Core 83 'RAM' <Latency = 1> <II = 1> <Delay = 0.67> <Storage> <Opcode : 'load' 'store'> <Ports = 2> <Width = 64> <Depth = 3> <RAM>
ST_3 : Operation 69 [1/1] (0.52ns)   --->   "%tmp_2 = mux i64 @_ssdm_op_Mux.ap_auto.4i64.i2, i64 %arr_1_load_1, i64 %arr_2_load_1, i64 %arr_3_load_1, i64 %arr_load_1, i2 %trunc_ln34_1" [d3.cpp:40]   --->   Operation 69 'mux' 'tmp_2' <Predicate = true> <Delay = 0.52> <CoreInst = "Multiplexer">   --->   Core 76 'Multiplexer' <Latency = 0> <II = 1> <Delay = 0.52> <FuncUnit> <Opcode : 'mux'> <InPorts = 2> <OutPorts = 1>
ST_3 : Operation 70 [1/1] (1.08ns)   --->   "%add_ln40_2 = add i64 %tmp_2, i64 %shl_ln40_1" [d3.cpp:40]   --->   Operation 70 'add' 'add_ln40_2' <Predicate = true> <Delay = 1.08> <CoreInst = "Adder">   --->   Core 1 'Adder' <Latency = 0> <II = 1> <Delay = 1.08> <FuncUnit> <Opcode : 'add' 'sub'> <InPorts = 2> <OutPorts = 1>
ST_3 : Operation 71 [1/1] (0.67ns)   --->   "%store_ln40 = store i64 %add_ln40, i2 %arr_2_addr" [d3.cpp:40]   --->   Operation 71 'store' 'store_ln40' <Predicate = (trunc_ln34_1 == 2)> <Delay = 0.67> <CoreInst = "RAM">   --->   Core 83 'RAM' <Latency = 1> <II = 1> <Delay = 0.67> <Storage> <Opcode : 'load' 'store'> <Ports = 2> <Width = 64> <Depth = 3> <RAM>
ST_3 : Operation 72 [1/1] (0.67ns)   --->   "%store_ln40 = store i64 %add_ln40_2, i2 %arr_3_addr_1" [d3.cpp:40]   --->   Operation 72 'store' 'store_ln40' <Predicate = (trunc_ln34_1 == 2)> <Delay = 0.67> <CoreInst = "RAM">   --->   Core 83 'RAM' <Latency = 1> <II = 1> <Delay = 0.67> <Storage> <Opcode : 'load' 'store'> <Ports = 2> <Width = 64> <Depth = 3> <RAM>
ST_3 : Operation 73 [1/1] (0.00ns)   --->   "%br_ln40 = br void %arrayidx51.1.exit" [d3.cpp:40]   --->   Operation 73 'br' 'br_ln40' <Predicate = (trunc_ln34_1 == 2)> <Delay = 0.00>
ST_3 : Operation 74 [1/1] (0.67ns)   --->   "%store_ln40 = store i64 %add_ln40, i2 %arr_1_addr" [d3.cpp:40]   --->   Operation 74 'store' 'store_ln40' <Predicate = (trunc_ln34_1 == 1)> <Delay = 0.67> <CoreInst = "RAM">   --->   Core 83 'RAM' <Latency = 1> <II = 1> <Delay = 0.67> <Storage> <Opcode : 'load' 'store'> <Ports = 2> <Width = 64> <Depth = 3> <RAM>
ST_3 : Operation 75 [1/1] (0.67ns)   --->   "%store_ln40 = store i64 %add_ln40_2, i2 %arr_2_addr_1" [d3.cpp:40]   --->   Operation 75 'store' 'store_ln40' <Predicate = (trunc_ln34_1 == 1)> <Delay = 0.67> <CoreInst = "RAM">   --->   Core 83 'RAM' <Latency = 1> <II = 1> <Delay = 0.67> <Storage> <Opcode : 'load' 'store'> <Ports = 2> <Width = 64> <Depth = 3> <RAM>
ST_3 : Operation 76 [1/1] (0.00ns)   --->   "%br_ln40 = br void %arrayidx51.1.exit" [d3.cpp:40]   --->   Operation 76 'br' 'br_ln40' <Predicate = (trunc_ln34_1 == 1)> <Delay = 0.00>
ST_3 : Operation 77 [1/1] (0.67ns)   --->   "%store_ln40 = store i64 %add_ln40, i2 %arr_addr" [d3.cpp:40]   --->   Operation 77 'store' 'store_ln40' <Predicate = (trunc_ln34_1 == 0)> <Delay = 0.67> <CoreInst = "RAM">   --->   Core 83 'RAM' <Latency = 1> <II = 1> <Delay = 0.67> <Storage> <Opcode : 'load' 'store'> <Ports = 2> <Width = 64> <Depth = 3> <RAM>
ST_3 : Operation 78 [1/1] (0.67ns)   --->   "%store_ln40 = store i64 %add_ln40_2, i2 %arr_1_addr_1" [d3.cpp:40]   --->   Operation 78 'store' 'store_ln40' <Predicate = (trunc_ln34_1 == 0)> <Delay = 0.67> <CoreInst = "RAM">   --->   Core 83 'RAM' <Latency = 1> <II = 1> <Delay = 0.67> <Storage> <Opcode : 'load' 'store'> <Ports = 2> <Width = 64> <Depth = 3> <RAM>
ST_3 : Operation 79 [1/1] (0.00ns)   --->   "%br_ln40 = br void %arrayidx51.1.exit" [d3.cpp:40]   --->   Operation 79 'br' 'br_ln40' <Predicate = (trunc_ln34_1 == 0)> <Delay = 0.00>
ST_3 : Operation 80 [1/1] (0.67ns)   --->   "%store_ln40 = store i64 %add_ln40, i2 %arr_3_addr" [d3.cpp:40]   --->   Operation 80 'store' 'store_ln40' <Predicate = (trunc_ln34_1 == 3)> <Delay = 0.67> <CoreInst = "RAM">   --->   Core 83 'RAM' <Latency = 1> <II = 1> <Delay = 0.67> <Storage> <Opcode : 'load' 'store'> <Ports = 2> <Width = 64> <Depth = 3> <RAM>
ST_3 : Operation 81 [1/1] (0.67ns)   --->   "%store_ln40 = store i64 %add_ln40_2, i2 %arr_addr_1" [d3.cpp:40]   --->   Operation 81 'store' 'store_ln40' <Predicate = (trunc_ln34_1 == 3)> <Delay = 0.67> <CoreInst = "RAM">   --->   Core 83 'RAM' <Latency = 1> <II = 1> <Delay = 0.67> <Storage> <Opcode : 'load' 'store'> <Ports = 2> <Width = 64> <Depth = 3> <RAM>
ST_3 : Operation 82 [1/1] (0.00ns)   --->   "%br_ln40 = br void %arrayidx51.1.exit" [d3.cpp:40]   --->   Operation 82 'br' 'br_ln40' <Predicate = (trunc_ln34_1 == 3)> <Delay = 0.00>


============================================================
+ Verbose Summary: Timing violations
============================================================
Target clock period: 10.000ns, clock uncertainty: 2.700ns.

 <State 1>: 1.224ns
The critical path consists of the following:
	'alloca' operation ('i') [12]  (0.000 ns)
	'load' operation ('i', d3.cpp:22) on local variable 'i' [24]  (0.000 ns)
	'add' operation ('add_ln34', d3.cpp:34) [85]  (0.797 ns)
	'store' operation ('store_ln34', d3.cpp:34) of variable 'add_ln34', d3.cpp:34 on local variable 'i' [86]  (0.427 ns)

 <State 2>: 1.474ns
The critical path consists of the following:
	'add' operation ('add_ln40_1', d3.cpp:40) [54]  (0.797 ns)
	'getelementptr' operation ('arr_addr_1', d3.cpp:40) [57]  (0.000 ns)
	'load' operation ('arr_load_1', d3.cpp:40) on array 'arr' [61]  (0.677 ns)

 <State 3>: 6.575ns
The critical path consists of the following:
	'sub' operation ('sub_ln37', d3.cpp:37) [35]  (0.673 ns)
	'mux' operation ('tmp_8', d3.cpp:40) [36]  (0.721 ns)
	multiplexor before operation 'mul' with delay (0.721 ns)
'mul' operation ('mul_ln40_1', d3.cpp:40) [38]  (2.699 ns)
	'add' operation ('add_ln40', d3.cpp:40) [49]  (1.085 ns)
	'store' operation ('store_ln40', d3.cpp:40) of variable 'add_ln40', d3.cpp:40 on array 'arr_2' [69]  (0.677 ns)


============================================================
+ Verbose Summary: Binding
============================================================
N/A
* FSMD analyzer results:
  - Output states:
 - Input state : 
  - Chain level:
	State 1
	State 2
	State 3


============================================================
+ Verbose Summary: Datapath Resource usage 
============================================================
N/A
