

================================================================
== Vitis HLS Report for 'fiat_25519_carry_square'
================================================================
* Date:           Fri May 10 12:30:47 2024

* Version:        2023.1.1 (Build 3869133 on Jun 15 2023)
* Project:        D3
* Solution:       comb_3 (Vivado IP Flow Target)
* Product family: zynquplus
* Target device:  xczu9eg-ffvb1156-2-e


================================================================
== Performance Estimates
================================================================
+ Timing: 
    * Summary: 
    +--------+----------+----------+------------+
    |  Clock |  Target  | Estimated| Uncertainty|
    +--------+----------+----------+------------+
    |ap_clk  |  10.00 ns|  7.300 ns|     2.70 ns|
    +--------+----------+----------+------------+

+ Latency: 
    * Summary: 
    +---------+---------+----------+----------+-----+-----+---------+
    |  Latency (cycles) |  Latency (absolute) |  Interval | Pipeline|
    |   min   |   max   |    min   |    max   | min | max |   Type  |
    +---------+---------+----------+----------+-----+-----+---------+
    |       83|       83|  0.830 us|  0.830 us|   84|   84|       no|
    +---------+---------+----------+----------+-----+-----+---------+

    + Detail: 
        * Instance: 
        +-------------------------------------------------------------+--------------------------------------------------+---------+---------+-----------+-----------+-----+-----+---------+
        |                                                             |                                                  |  Latency (cycles) |   Latency (absolute)  |  Interval | Pipeline|
        |                           Instance                          |                      Module                      |   min   |   max   |    min    |    max    | min | max |   Type  |
        +-------------------------------------------------------------+--------------------------------------------------+---------+---------+-----------+-----------+-----+-----+---------+
        |grp_fiat_25519_carry_square_Pipeline_1_fu_425                |fiat_25519_carry_square_Pipeline_1                |       12|       12|   0.120 us|   0.120 us|   12|   12|       no|
        |grp_fiat_25519_carry_square_Pipeline_ARRAY_1_READ_fu_432     |fiat_25519_carry_square_Pipeline_ARRAY_1_READ     |       12|       12|   0.120 us|   0.120 us|   12|   12|       no|
        |grp_fiat_25519_carry_square_Pipeline_VITIS_LOOP_23_1_fu_449  |fiat_25519_carry_square_Pipeline_VITIS_LOOP_23_1  |       16|       16|   0.160 us|   0.160 us|   16|   16|       no|
        |grp_fiat_25519_carry_square_Pipeline_VITIS_LOOP_34_3_fu_466  |fiat_25519_carry_square_Pipeline_VITIS_LOOP_34_3  |        4|        4|  40.000 ns|  40.000 ns|    4|    4|       no|
        |grp_fiat_25519_carry_square_Pipeline_VITIS_LOOP_44_5_fu_480  |fiat_25519_carry_square_Pipeline_VITIS_LOOP_44_5  |        7|        7|  70.000 ns|  70.000 ns|    7|    7|       no|
        |grp_fiat_25519_carry_square_Pipeline_VITIS_LOOP_54_7_fu_496  |fiat_25519_carry_square_Pipeline_VITIS_LOOP_54_7  |        4|        4|  40.000 ns|  40.000 ns|    4|    4|       no|
        |grp_fiat_25519_carry_square_Pipeline_ARRAY_WRITE_fu_522      |fiat_25519_carry_square_Pipeline_ARRAY_WRITE      |       13|       13|   0.130 us|   0.130 us|   13|   13|       no|
        +-------------------------------------------------------------+--------------------------------------------------+---------+---------+-----------+-----------+-----+-----+---------+

        * Loop: 
        N/A



================================================================
== Utilization Estimates
================================================================
* Summary: 
+-----------------+---------+------+--------+--------+-----+
|       Name      | BRAM_18K|  DSP |   FF   |   LUT  | URAM|
+-----------------+---------+------+--------+--------+-----+
|DSP              |        -|     -|       -|       -|    -|
|Expression       |        -|     -|       0|    2730|    -|
|FIFO             |        -|     -|       -|       -|    -|
|Instance         |        4|   140|    1964|    4078|    0|
|Memory           |        0|     -|     438|      17|    0|
|Multiplexer      |        -|     -|       -|    1049|    -|
|Register         |        -|     -|    2110|       -|    -|
+-----------------+---------+------+--------+--------+-----+
|Total            |        4|   140|    4512|    7874|    0|
+-----------------+---------+------+--------+--------+-----+
|Available        |     1824|  2520|  548160|  274080|    0|
+-----------------+---------+------+--------+--------+-----+
|Utilization (%)  |       ~0|     5|      ~0|       2|    0|
+-----------------+---------+------+--------+--------+-----+

+ Detail: 
    * Instance: 
    +-------------------------------------------------------------+--------------------------------------------------+---------+----+-----+------+-----+
    |                           Instance                          |                      Module                      | BRAM_18K| DSP|  FF |  LUT | URAM|
    +-------------------------------------------------------------+--------------------------------------------------+---------+----+-----+------+-----+
    |control_s_axi_U                                              |control_s_axi                                     |        0|   0|  176|   296|    0|
    |grp_fiat_25519_carry_square_Pipeline_1_fu_425                |fiat_25519_carry_square_Pipeline_1                |        0|   0|   18|   130|    0|
    |grp_fiat_25519_carry_square_Pipeline_ARRAY_1_READ_fu_432     |fiat_25519_carry_square_Pipeline_ARRAY_1_READ     |        0|   0|  331|    73|    0|
    |grp_fiat_25519_carry_square_Pipeline_ARRAY_WRITE_fu_522      |fiat_25519_carry_square_Pipeline_ARRAY_WRITE      |        0|   0|   37|    73|    0|
    |grp_fiat_25519_carry_square_Pipeline_VITIS_LOOP_23_1_fu_449  |fiat_25519_carry_square_Pipeline_VITIS_LOOP_23_1  |        0|   4|  193|   347|    0|
    |grp_fiat_25519_carry_square_Pipeline_VITIS_LOOP_34_3_fu_466  |fiat_25519_carry_square_Pipeline_VITIS_LOOP_34_3  |        0|  12|   47|   489|    0|
    |grp_fiat_25519_carry_square_Pipeline_VITIS_LOOP_44_5_fu_480  |fiat_25519_carry_square_Pipeline_VITIS_LOOP_44_5  |        0|   4|   70|   241|    0|
    |grp_fiat_25519_carry_square_Pipeline_VITIS_LOOP_54_7_fu_496  |fiat_25519_carry_square_Pipeline_VITIS_LOOP_54_7  |        0|  32|  262|  1248|    0|
    |mem_m_axi_U                                                  |mem_m_axi                                         |        4|   0|  830|   694|    0|
    |mul_32ns_32ns_63_1_1_U107                                    |mul_32ns_32ns_63_1_1                              |        0|   4|    0|    20|    0|
    |mul_32ns_32ns_63_1_1_U108                                    |mul_32ns_32ns_63_1_1                              |        0|   4|    0|    20|    0|
    |mul_32ns_32ns_63_1_1_U109                                    |mul_32ns_32ns_63_1_1                              |        0|   4|    0|    20|    0|
    |mul_32ns_32ns_63_1_1_U110                                    |mul_32ns_32ns_63_1_1                              |        0|   4|    0|    20|    0|
    |mul_32ns_32ns_64_1_1_U111                                    |mul_32ns_32ns_64_1_1                              |        0|   4|    0|    20|    0|
    |mul_32ns_32ns_64_1_1_U112                                    |mul_32ns_32ns_64_1_1                              |        0|   4|    0|    20|    0|
    |mul_32ns_32ns_64_1_1_U113                                    |mul_32ns_32ns_64_1_1                              |        0|   4|    0|    20|    0|
    |mul_32ns_32ns_64_1_1_U114                                    |mul_32ns_32ns_64_1_1                              |        0|   4|    0|    20|    0|
    |mul_32ns_32ns_64_1_1_U115                                    |mul_32ns_32ns_64_1_1                              |        0|   4|    0|    20|    0|
    |mul_32ns_32ns_64_1_1_U116                                    |mul_32ns_32ns_64_1_1                              |        0|   4|    0|    20|    0|
    |mul_32ns_32ns_64_1_1_U117                                    |mul_32ns_32ns_64_1_1                              |        0|   4|    0|    20|    0|
    |mul_32ns_32ns_64_1_1_U118                                    |mul_32ns_32ns_64_1_1                              |        0|   4|    0|    20|    0|
    |mul_32ns_32ns_64_1_1_U119                                    |mul_32ns_32ns_64_1_1                              |        0|   4|    0|    20|    0|
    |mul_32ns_32ns_64_1_1_U120                                    |mul_32ns_32ns_64_1_1                              |        0|   4|    0|    20|    0|
    |mul_32ns_32ns_64_1_1_U121                                    |mul_32ns_32ns_64_1_1                              |        0|   4|    0|    20|    0|
    |mul_32ns_32ns_64_1_1_U122                                    |mul_32ns_32ns_64_1_1                              |        0|   4|    0|    20|    0|
    |mul_32ns_32ns_64_1_1_U123                                    |mul_32ns_32ns_64_1_1                              |        0|   4|    0|    20|    0|
    |mul_32ns_32ns_64_1_1_U124                                    |mul_32ns_32ns_64_1_1                              |        0|   4|    0|    20|    0|
    |mul_32ns_32ns_64_1_1_U125                                    |mul_32ns_32ns_64_1_1                              |        0|   4|    0|    20|    0|
    |mul_32ns_32ns_64_1_1_U126                                    |mul_32ns_32ns_64_1_1                              |        0|   4|    0|    20|    0|
    |mul_32s_7ns_32_1_1_U127                                      |mul_32s_7ns_32_1_1                                |        0|   2|    0|    20|    0|
    |mul_32s_7ns_32_1_1_U128                                      |mul_32s_7ns_32_1_1                                |        0|   2|    0|    20|    0|
    |mul_32s_7ns_32_1_1_U129                                      |mul_32s_7ns_32_1_1                                |        0|   2|    0|    20|    0|
    |mul_39ns_6ns_44_1_1_U130                                     |mul_39ns_6ns_44_1_1                               |        0|   2|    0|    27|    0|
    +-------------------------------------------------------------+--------------------------------------------------+---------+----+-----+------+-----+
    |Total                                                        |                                                  |        4| 140| 1964|  4078|    0|
    +-------------------------------------------------------------+--------------------------------------------------+---------+----+-----+------+-----+

    * DSP: 
    N/A

    * Memory: 
    +----------+----------------------+---------+-----+----+-----+------+-----+------+-------------+
    |  Memory  |        Module        | BRAM_18K|  FF | LUT| URAM| Words| Bits| Banks| W*Bits*Banks|
    +----------+----------------------+---------+-----+----+-----+------+-----+------+-------------+
    |arr_U     |arr_RAM_AUTO_1R1W     |        0|  128|   4|    0|     4|   64|     1|          256|
    |arr_1_U   |arr_RAM_AUTO_1R1W     |        0|  128|   4|    0|     4|   64|     1|          256|
    |arr_2_U   |arr_RAM_AUTO_1R1W     |        0|  128|   4|    0|     4|   64|     1|          256|
    |out1_w_U  |out1_w_RAM_AUTO_1R1W  |        0|   54|   5|    0|    10|   27|     1|          270|
    +----------+----------------------+---------+-----+----+-----+------+-----+------+-------------+
    |Total     |                      |        0|  438|  17|    0|    22|  219|     4|         1038|
    +----------+----------------------+---------+-----+----+-----+------+-----+------+-------------+

    * FIFO: 
    N/A

    * Expression: 
    +----------------------------------+----------+----+---+----+------------+------------+
    |           Variable Name          | Operation| DSP| FF| LUT| Bitwidth P0| Bitwidth P1|
    +----------------------------------+----------+----+---+----+------------+------------+
    |add_ln100_1_fu_1093_p2            |         +|   0|  0|  64|          64|          64|
    |add_ln100_2_fu_990_p2             |         +|   0|  0|  71|          64|          64|
    |add_ln100_fu_1099_p2              |         +|   0|  0|  64|          64|          64|
    |add_ln105_1_fu_996_p2             |         +|   0|  0|  71|          64|          64|
    |add_ln105_2_fu_1002_p2            |         +|   0|  0|  71|          64|          64|
    |add_ln105_fu_1105_p2              |         +|   0|  0|  64|          64|          64|
    |add_ln106_1_fu_1113_p2            |         +|   0|  0|  26|          26|          26|
    |add_ln106_fu_1117_p2              |         +|   0|  0|  64|          64|          64|
    |add_ln113_10_fu_1135_p2           |         +|   0|  0|  26|          26|          26|
    |add_ln113_11_fu_1124_p2           |         +|   0|  0|  26|          26|          26|
    |add_ln113_12_fu_1130_p2           |         +|   0|  0|  33|          26|          26|
    |add_ln113_1_fu_1194_p2            |         +|   0|  0|  71|          64|          64|
    |add_ln113_2_fu_1224_p2            |         +|   0|  0|  71|          64|          64|
    |add_ln113_3_fu_1254_p2            |         +|   0|  0|  71|          64|          64|
    |add_ln113_4_fu_1376_p2            |         +|   0|  0|  71|          64|          64|
    |add_ln113_5_fu_1410_p2            |         +|   0|  0|  71|          64|          64|
    |add_ln113_6_fu_1444_p2            |         +|   0|  0|  71|          64|          64|
    |add_ln113_7_fu_1474_p2            |         +|   0|  0|  71|          64|          64|
    |add_ln113_8_fu_1508_p2            |         +|   0|  0|  71|          64|          64|
    |add_ln113_9_fu_1566_p2            |         +|   0|  0|  33|          26|          26|
    |add_ln113_fu_1165_p2              |         +|   0|  0|  71|          64|          64|
    |add_ln114_1_fu_1603_p2            |         +|   0|  0|  32|          25|          25|
    |add_ln114_2_fu_1285_p2            |         +|   0|  0|  25|          25|          25|
    |add_ln114_3_fu_1280_p2            |         +|   0|  0|  32|          25|          25|
    |add_ln114_fu_1579_p2              |         +|   0|  0|  51|          44|          44|
    |add_ln115_1_fu_1636_p2            |         +|   0|  0|  34|          27|          27|
    |add_ln115_2_fu_1302_p2            |         +|   0|  0|  26|          26|          26|
    |add_ln115_3_fu_1291_p2            |         +|   0|  0|  26|          26|          26|
    |add_ln115_4_fu_1296_p2            |         +|   0|  0|  33|          26|          26|
    |add_ln115_fu_1616_p2              |         +|   0|  0|  33|          26|          26|
    |add_ln116_1_fu_1308_p2            |         +|   0|  0|  25|          25|          25|
    |add_ln116_fu_1314_p2              |         +|   0|  0|  25|          25|          25|
    |add_ln117_1_fu_1324_p2            |         +|   0|  0|  33|          26|          26|
    |add_ln117_fu_1330_p2              |         +|   0|  0|  26|          26|          26|
    |add_ln118_fu_1524_p2              |         +|   0|  0|  32|          25|          25|
    |add_ln119_fu_1529_p2              |         +|   0|  0|  33|          26|          26|
    |add_ln120_fu_1535_p2              |         +|   0|  0|  32|          25|          25|
    |add_ln121_1_fu_1541_p2            |         +|   0|  0|  26|          26|          26|
    |add_ln121_fu_1547_p2              |         +|   0|  0|  26|          26|          26|
    |add_ln122_fu_1552_p2              |         +|   0|  0|  32|          25|          25|
    |add_ln77_fu_895_p2                |         +|   0|  0|  71|          64|          64|
    |add_ln78_fu_1364_p2               |         +|   0|  0|  71|          64|          64|
    |add_ln82_1_fu_905_p2              |         +|   0|  0|  64|          64|          64|
    |add_ln82_fu_911_p2                |         +|   0|  0|  64|          64|          64|
    |add_ln83_fu_1034_p2               |         +|   0|  0|  71|          64|          64|
    |add_ln87_1_fu_921_p2              |         +|   0|  0|  64|          64|          64|
    |add_ln87_fu_927_p2                |         +|   0|  0|  64|          64|          64|
    |add_ln89_1_fu_1051_p2             |         +|   0|  0|  64|          64|          64|
    |add_ln89_fu_1056_p2               |         +|   0|  0|  64|          64|          64|
    |add_ln93_1_fu_941_p2              |         +|   0|  0|  71|          64|          64|
    |add_ln93_fu_955_p2                |         +|   0|  0|  64|          64|          64|
    |add_ln94_1_fu_1070_p2             |         +|   0|  0|  25|          25|          25|
    |add_ln94_fu_965_p2                |         +|   0|  0|  64|          64|          64|
    |add_ln97_fu_972_p2                |         +|   0|  0|  71|          64|          64|
    |ap_block_state11_on_subcall_done  |        or|   0|  0|   2|           1|           1|
    |ap_block_state20_on_subcall_done  |        or|   0|  0|   2|           1|           1|
    +----------------------------------+----------+----+---+----+------------+------------+
    |Total                             |          |   0|  0|2730|        2518|        2518|
    +----------------------------------+----------+----+---+----+------------+------------+

    * Multiplexer: 
    +-----------------+-----+-----------+-----+-----------+
    |       Name      | LUT | Input Size| Bits| Total Bits|
    +-----------------+-----+-----------+-----+-----------+
    |ap_NS_fsm        |  152|         33|    1|         33|
    |arr_1_address0   |   37|          7|    2|         14|
    |arr_1_address1   |   31|          6|    2|         12|
    |arr_1_ce0        |   26|          5|    1|          5|
    |arr_1_ce1        |   20|          4|    1|          4|
    |arr_1_d0         |   31|          6|   64|        384|
    |arr_1_we0        |   26|          5|    1|          5|
    |arr_2_address0   |   37|          7|    2|         14|
    |arr_2_address1   |   31|          6|    2|         12|
    |arr_2_ce0        |   26|          5|    1|          5|
    |arr_2_ce1        |   20|          4|    1|          4|
    |arr_2_d0         |   26|          5|   64|        320|
    |arr_2_d1         |   14|          3|   64|        192|
    |arr_2_we0        |   26|          5|    1|          5|
    |arr_address0     |   43|          8|    2|         16|
    |arr_address1     |   37|          7|    2|         14|
    |arr_ce0          |   26|          5|    1|          5|
    |arr_ce1          |   20|          4|    1|          4|
    |arr_d0           |   31|          6|   64|        384|
    |arr_d1           |   14|          3|   64|        192|
    |arr_we0          |   26|          5|    1|          5|
    |grp_fu_546_p0    |   14|          3|   32|         96|
    |grp_fu_546_p1    |   14|          3|   32|         96|
    |grp_fu_610_p0    |   20|          4|   32|        128|
    |grp_fu_610_p1    |   14|          3|    7|         21|
    |mem_ARADDR       |   14|          3|   64|        192|
    |mem_ARLEN        |   14|          3|   32|         96|
    |mem_ARVALID      |   14|          3|    1|          3|
    |mem_AWADDR       |   14|          3|   64|        192|
    |mem_AWLEN        |   14|          3|   32|         96|
    |mem_AWVALID      |   14|          3|    1|          3|
    |mem_BREADY       |   14|          3|    1|          3|
    |mem_RREADY       |    9|          2|    1|          2|
    |mem_WVALID       |    9|          2|    1|          2|
    |mem_blk_n_AR     |    9|          2|    1|          2|
    |mem_blk_n_AW     |    9|          2|    1|          2|
    |mem_blk_n_B      |    9|          2|    1|          2|
    |out1_w_address0  |   37|          7|    4|         28|
    |out1_w_address1  |   31|          6|    4|         24|
    |out1_w_ce0       |   14|          3|    1|          3|
    |out1_w_d0        |   31|          6|   27|        162|
    |out1_w_d1        |   31|          6|   27|        162|
    +-----------------+-----+-----------+-----+-----------+
    |Total            | 1049|        211|  708|       2944|
    +-----------------+-----+-----------+-----+-----------+

    * Register: 
    +--------------------------------------------------------------------------+----+----+-----+-----------+
    |                                   Name                                   | FF | LUT| Bits| Const Bits|
    +--------------------------------------------------------------------------+----+----+-----+-----------+
    |add_ln100_2_reg_2028                                                      |  64|   0|   64|          0|
    |add_ln105_1_reg_2033                                                      |  64|   0|   64|          0|
    |add_ln105_2_reg_2038                                                      |  64|   0|   64|          0|
    |add_ln113_10_reg_2053                                                     |  26|   0|   26|          0|
    |add_ln114_2_reg_2069                                                      |  25|   0|   25|          0|
    |add_ln115_2_reg_2075                                                      |  26|   0|   26|          0|
    |add_ln118_reg_2090                                                        |  25|   0|   25|          0|
    |add_ln119_reg_2095                                                        |  26|   0|   26|          0|
    |add_ln120_reg_2100                                                        |  25|   0|   25|          0|
    |add_ln121_reg_2105                                                        |  26|   0|   26|          0|
    |add_ln122_reg_2110                                                        |  25|   0|   25|          0|
    |add_ln77_reg_1958                                                         |  64|   0|   64|          0|
    |add_ln78_reg_2080                                                         |  64|   0|   64|          0|
    |add_ln82_reg_1968                                                         |  64|   0|   64|          0|
    |add_ln87_reg_1978                                                         |  64|   0|   64|          0|
    |add_ln94_reg_2008                                                         |  64|   0|   64|          0|
    |ap_CS_fsm                                                                 |  32|   0|   32|          0|
    |arr_1_load_reg_1909                                                       |  64|   0|   64|          0|
    |arr_2_load_reg_1914                                                       |  64|   0|   64|          0|
    |arr_load_1_reg_1904                                                       |  64|   0|   64|          0|
    |arr_load_2_reg_1919                                                       |  64|   0|   64|          0|
    |arr_load_reg_1869                                                         |  64|   0|   64|          0|
    |empty_30_reg_1810                                                         |  31|   0|   31|          0|
    |empty_31_reg_1783                                                         |  31|   0|   31|          0|
    |empty_32_reg_1824                                                         |  31|   0|   31|          0|
    |empty_33_reg_1830                                                         |  31|   0|   31|          0|
    |empty_34_reg_1836                                                         |  31|   0|   31|          0|
    |empty_35_reg_1842                                                         |  31|   0|   31|          0|
    |grp_fiat_25519_carry_square_Pipeline_1_fu_425_ap_start_reg                |   1|   0|    1|          0|
    |grp_fiat_25519_carry_square_Pipeline_ARRAY_1_READ_fu_432_ap_start_reg     |   1|   0|    1|          0|
    |grp_fiat_25519_carry_square_Pipeline_ARRAY_WRITE_fu_522_ap_start_reg      |   1|   0|    1|          0|
    |grp_fiat_25519_carry_square_Pipeline_VITIS_LOOP_23_1_fu_449_ap_start_reg  |   1|   0|    1|          0|
    |grp_fiat_25519_carry_square_Pipeline_VITIS_LOOP_34_3_fu_466_ap_start_reg  |   1|   0|    1|          0|
    |grp_fiat_25519_carry_square_Pipeline_VITIS_LOOP_44_5_fu_480_ap_start_reg  |   1|   0|    1|          0|
    |grp_fiat_25519_carry_square_Pipeline_VITIS_LOOP_54_7_fu_496_ap_start_reg  |   1|   0|    1|          0|
    |lshr_ln113_4_reg_2059                                                     |  38|   0|   38|          0|
    |mul157_reg_1874                                                           |  64|   0|   64|          0|
    |mul16_reg_1788                                                            |  32|   0|   32|          0|
    |mul219_reg_1885                                                           |  32|   0|   32|          0|
    |mul2722633_reg_1936                                                       |  63|   0|   63|          0|
    |mul3092429_reg_1941                                                       |  63|   0|   63|          0|
    |mul316_reg_1896                                                           |  32|   0|   32|          0|
    |reg_631                                                                   |  32|   0|   32|          0|
    |tmp_reg_2115                                                              |   1|   0|    1|          0|
    |trunc_ln105_1_reg_2048                                                    |  26|   0|   26|          0|
    |trunc_ln105_reg_2043                                                      |  26|   0|   26|          0|
    |trunc_ln113_11_reg_2085                                                   |  39|   0|   39|          0|
    |trunc_ln113_6_reg_2064                                                    |  25|   0|   25|          0|
    |trunc_ln17_1_reg_1763                                                     |  62|   0|   62|          0|
    |trunc_ln1_reg_1769                                                        |  62|   0|   62|          0|
    |trunc_ln78_1_reg_1963                                                     |  26|   0|   26|          0|
    |trunc_ln83_1_reg_1973                                                     |  25|   0|   25|          0|
    |trunc_ln88_1_reg_1988                                                     |  26|   0|   26|          0|
    |trunc_ln88_reg_1983                                                       |  25|   0|   25|          0|
    |trunc_ln93_1_reg_1998                                                     |  25|   0|   25|          0|
    |trunc_ln93_reg_1993                                                       |  24|   0|   24|          0|
    |trunc_ln94_reg_2003                                                       |  25|   0|   25|          0|
    |trunc_ln98_1_reg_2018                                                     |  26|   0|   26|          0|
    |trunc_ln98_reg_2013                                                       |  25|   0|   25|          0|
    |trunc_ln99_reg_2023                                                       |  25|   0|   25|          0|
    +--------------------------------------------------------------------------+----+----+-----+-----------+
    |Total                                                                     |2110|   0| 2110|          0|
    +--------------------------------------------------------------------------+----+----+-----+-----------+



================================================================
== Interface
================================================================
* Summary: 
+-----------------------+-----+-----+------------+-------------------------+--------------+
|       RTL Ports       | Dir | Bits|  Protocol  |      Source Object      |    C Type    |
+-----------------------+-----+-----+------------+-------------------------+--------------+
|s_axi_control_AWVALID  |   in|    1|       s_axi|                  control|        scalar|
|s_axi_control_AWREADY  |  out|    1|       s_axi|                  control|        scalar|
|s_axi_control_AWADDR   |   in|    6|       s_axi|                  control|        scalar|
|s_axi_control_WVALID   |   in|    1|       s_axi|                  control|        scalar|
|s_axi_control_WREADY   |  out|    1|       s_axi|                  control|        scalar|
|s_axi_control_WDATA    |   in|   32|       s_axi|                  control|        scalar|
|s_axi_control_WSTRB    |   in|    4|       s_axi|                  control|        scalar|
|s_axi_control_ARVALID  |   in|    1|       s_axi|                  control|        scalar|
|s_axi_control_ARREADY  |  out|    1|       s_axi|                  control|        scalar|
|s_axi_control_ARADDR   |   in|    6|       s_axi|                  control|        scalar|
|s_axi_control_RVALID   |  out|    1|       s_axi|                  control|        scalar|
|s_axi_control_RREADY   |   in|    1|       s_axi|                  control|        scalar|
|s_axi_control_RDATA    |  out|   32|       s_axi|                  control|        scalar|
|s_axi_control_RRESP    |  out|    2|       s_axi|                  control|        scalar|
|s_axi_control_BVALID   |  out|    1|       s_axi|                  control|        scalar|
|s_axi_control_BREADY   |   in|    1|       s_axi|                  control|        scalar|
|s_axi_control_BRESP    |  out|    2|       s_axi|                  control|        scalar|
|ap_clk                 |   in|    1|  ap_ctrl_hs|  fiat_25519_carry_square|  return value|
|ap_rst_n               |   in|    1|  ap_ctrl_hs|  fiat_25519_carry_square|  return value|
|interrupt              |  out|    1|  ap_ctrl_hs|  fiat_25519_carry_square|  return value|
|m_axi_mem_AWVALID      |  out|    1|       m_axi|                      mem|       pointer|
|m_axi_mem_AWREADY      |   in|    1|       m_axi|                      mem|       pointer|
|m_axi_mem_AWADDR       |  out|   64|       m_axi|                      mem|       pointer|
|m_axi_mem_AWID         |  out|    1|       m_axi|                      mem|       pointer|
|m_axi_mem_AWLEN        |  out|    8|       m_axi|                      mem|       pointer|
|m_axi_mem_AWSIZE       |  out|    3|       m_axi|                      mem|       pointer|
|m_axi_mem_AWBURST      |  out|    2|       m_axi|                      mem|       pointer|
|m_axi_mem_AWLOCK       |  out|    2|       m_axi|                      mem|       pointer|
|m_axi_mem_AWCACHE      |  out|    4|       m_axi|                      mem|       pointer|
|m_axi_mem_AWPROT       |  out|    3|       m_axi|                      mem|       pointer|
|m_axi_mem_AWQOS        |  out|    4|       m_axi|                      mem|       pointer|
|m_axi_mem_AWREGION     |  out|    4|       m_axi|                      mem|       pointer|
|m_axi_mem_AWUSER       |  out|    1|       m_axi|                      mem|       pointer|
|m_axi_mem_WVALID       |  out|    1|       m_axi|                      mem|       pointer|
|m_axi_mem_WREADY       |   in|    1|       m_axi|                      mem|       pointer|
|m_axi_mem_WDATA        |  out|   32|       m_axi|                      mem|       pointer|
|m_axi_mem_WSTRB        |  out|    4|       m_axi|                      mem|       pointer|
|m_axi_mem_WLAST        |  out|    1|       m_axi|                      mem|       pointer|
|m_axi_mem_WID          |  out|    1|       m_axi|                      mem|       pointer|
|m_axi_mem_WUSER        |  out|    1|       m_axi|                      mem|       pointer|
|m_axi_mem_ARVALID      |  out|    1|       m_axi|                      mem|       pointer|
|m_axi_mem_ARREADY      |   in|    1|       m_axi|                      mem|       pointer|
|m_axi_mem_ARADDR       |  out|   64|       m_axi|                      mem|       pointer|
|m_axi_mem_ARID         |  out|    1|       m_axi|                      mem|       pointer|
|m_axi_mem_ARLEN        |  out|    8|       m_axi|                      mem|       pointer|
|m_axi_mem_ARSIZE       |  out|    3|       m_axi|                      mem|       pointer|
|m_axi_mem_ARBURST      |  out|    2|       m_axi|                      mem|       pointer|
|m_axi_mem_ARLOCK       |  out|    2|       m_axi|                      mem|       pointer|
|m_axi_mem_ARCACHE      |  out|    4|       m_axi|                      mem|       pointer|
|m_axi_mem_ARPROT       |  out|    3|       m_axi|                      mem|       pointer|
|m_axi_mem_ARQOS        |  out|    4|       m_axi|                      mem|       pointer|
|m_axi_mem_ARREGION     |  out|    4|       m_axi|                      mem|       pointer|
|m_axi_mem_ARUSER       |  out|    1|       m_axi|                      mem|       pointer|
|m_axi_mem_RVALID       |   in|    1|       m_axi|                      mem|       pointer|
|m_axi_mem_RREADY       |  out|    1|       m_axi|                      mem|       pointer|
|m_axi_mem_RDATA        |   in|   32|       m_axi|                      mem|       pointer|
|m_axi_mem_RLAST        |   in|    1|       m_axi|                      mem|       pointer|
|m_axi_mem_RID          |   in|    1|       m_axi|                      mem|       pointer|
|m_axi_mem_RUSER        |   in|    1|       m_axi|                      mem|       pointer|
|m_axi_mem_RRESP        |   in|    2|       m_axi|                      mem|       pointer|
|m_axi_mem_BVALID       |   in|    1|       m_axi|                      mem|       pointer|
|m_axi_mem_BREADY       |  out|    1|       m_axi|                      mem|       pointer|
|m_axi_mem_BRESP        |   in|    2|       m_axi|                      mem|       pointer|
|m_axi_mem_BID          |   in|    1|       m_axi|                      mem|       pointer|
|m_axi_mem_BUSER        |   in|    1|       m_axi|                      mem|       pointer|
+-----------------------+-----+-----+------------+-------------------------+--------------+

