

================================================================
== Vitis HLS Report for 'fiat_25519_carry_mul'
================================================================
* Date:           Thu May  9 14:27:22 2024

* Version:        2023.1.1 (Build 3869133 on Jun 15 2023)
* Project:        D3
* Solution:       comb_7 (Vivado IP Flow Target)
* Product family: zynquplus
* Target device:  xczu9eg-ffvb1156-2-e


================================================================
== Performance Estimates
================================================================
+ Timing: 
    * Summary: 
    +--------+----------+----------+------------+
    |  Clock |  Target  | Estimated| Uncertainty|
    +--------+----------+----------+------------+
    |ap_clk  |  10.00 ns|  7.300 ns|     2.70 ns|
    +--------+----------+----------+------------+

+ Latency: 
    * Summary: 
    +---------+---------+----------+----------+-----+-----+---------+
    |  Latency (cycles) |  Latency (absolute) |  Interval | Pipeline|
    |   min   |   max   |    min   |    max   | min | max |   Type  |
    +---------+---------+----------+----------+-----+-----+---------+
    |       73|       73|  0.730 us|  0.730 us|   74|   74|       no|
    +---------+---------+----------+----------+-----+-----+---------+

    + Detail: 
        * Instance: 
        +----------------------------------------------------------+-----------------------------------------------+---------+---------+-----------+-----------+-----+-----+---------+
        |                                                          |                                               |  Latency (cycles) |   Latency (absolute)  |  Interval | Pipeline|
        |                         Instance                         |                     Module                    |   min   |   max   |    min    |    max    | min | max |   Type  |
        +----------------------------------------------------------+-----------------------------------------------+---------+---------+-----------+-----------+-----+-----+---------+
        |grp_fiat_25519_carry_mul_Pipeline_ARRAY_1_READ_fu_256     |fiat_25519_carry_mul_Pipeline_ARRAY_1_READ     |       12|       12|   0.120 us|   0.120 us|   12|   12|       no|
        |grp_fiat_25519_carry_mul_Pipeline_ARRAY_2_READ_fu_273     |fiat_25519_carry_mul_Pipeline_ARRAY_2_READ     |       12|       12|   0.120 us|   0.120 us|   12|   12|       no|
        |grp_fiat_25519_carry_mul_Pipeline_VITIS_LOOP_55_5_fu_290  |fiat_25519_carry_mul_Pipeline_VITIS_LOOP_55_5  |        4|        4|  40.000 ns|  40.000 ns|    4|    4|       no|
        |grp_fiat_25519_carry_mul_Pipeline_ARRAY_WRITE_fu_334      |fiat_25519_carry_mul_Pipeline_ARRAY_WRITE      |       12|       12|   0.120 us|   0.120 us|   12|   12|       no|
        +----------------------------------------------------------+-----------------------------------------------+---------+---------+-----------+-----------+-----+-----+---------+

        * Loop: 
        N/A



================================================================
== Utilization Estimates
================================================================
* Summary: 
+-----------------+---------+------+--------+--------+-----+
|       Name      | BRAM_18K|  DSP |   FF   |   LUT  | URAM|
+-----------------+---------+------+--------+--------+-----+
|DSP              |        -|     -|       -|       -|    -|
|Expression       |        -|     -|       0|    3488|    -|
|FIFO             |        -|     -|       -|       -|    -|
|Instance         |        4|   328|    2841|    8578|    0|
|Memory           |        -|     -|       -|       -|    -|
|Multiplexer      |        -|     -|       -|     667|    -|
|Register         |        -|     -|    1909|       -|    -|
+-----------------+---------+------+--------+--------+-----+
|Total            |        4|   328|    4750|   12733|    0|
+-----------------+---------+------+--------+--------+-----+
|Available        |     1824|  2520|  548160|  274080|    0|
+-----------------+---------+------+--------+--------+-----+
|Utilization (%)  |       ~0|    13|      ~0|       4|    0|
+-----------------+---------+------+--------+--------+-----+

+ Detail: 
    * Instance: 
    +----------------------------------------------------------+-----------------------------------------------+---------+-----+------+------+-----+
    |                         Instance                         |                     Module                    | BRAM_18K| DSP |  FF  |  LUT | URAM|
    +----------------------------------------------------------+-----------------------------------------------+---------+-----+------+------+-----+
    |control_s_axi_U                                           |control_s_axi                                  |        0|    0|   246|   424|    0|
    |grp_fiat_25519_carry_mul_Pipeline_ARRAY_1_READ_fu_256     |fiat_25519_carry_mul_Pipeline_ARRAY_1_READ     |        0|    0|   331|    73|    0|
    |grp_fiat_25519_carry_mul_Pipeline_ARRAY_2_READ_fu_273     |fiat_25519_carry_mul_Pipeline_ARRAY_2_READ     |        0|    0|   331|    73|    0|
    |grp_fiat_25519_carry_mul_Pipeline_ARRAY_WRITE_fu_334      |fiat_25519_carry_mul_Pipeline_ARRAY_WRITE      |        0|    0|    34|   127|    0|
    |grp_fiat_25519_carry_mul_Pipeline_VITIS_LOOP_55_5_fu_290  |fiat_25519_carry_mul_Pipeline_VITIS_LOOP_55_5  |        0|  160|  1069|  6240|    0|
    |mem_m_axi_U                                               |mem_m_axi                                      |        4|    0|   830|   694|    0|
    |mul_32ns_32ns_64_1_1_U143                                 |mul_32ns_32ns_64_1_1                           |        0|    4|     0|    20|    0|
    |mul_32ns_32ns_64_1_1_U144                                 |mul_32ns_32ns_64_1_1                           |        0|    4|     0|    20|    0|
    |mul_32ns_32ns_64_1_1_U145                                 |mul_32ns_32ns_64_1_1                           |        0|    4|     0|    20|    0|
    |mul_32ns_32ns_64_1_1_U146                                 |mul_32ns_32ns_64_1_1                           |        0|    4|     0|    20|    0|
    |mul_32ns_32ns_64_1_1_U147                                 |mul_32ns_32ns_64_1_1                           |        0|    4|     0|    20|    0|
    |mul_32ns_32ns_64_1_1_U148                                 |mul_32ns_32ns_64_1_1                           |        0|    4|     0|    20|    0|
    |mul_32ns_32ns_64_1_1_U149                                 |mul_32ns_32ns_64_1_1                           |        0|    4|     0|    20|    0|
    |mul_32ns_32ns_64_1_1_U150                                 |mul_32ns_32ns_64_1_1                           |        0|    4|     0|    20|    0|
    |mul_32ns_32ns_64_1_1_U151                                 |mul_32ns_32ns_64_1_1                           |        0|    4|     0|    20|    0|
    |mul_32ns_32ns_64_1_1_U152                                 |mul_32ns_32ns_64_1_1                           |        0|    4|     0|    20|    0|
    |mul_32ns_32ns_64_1_1_U153                                 |mul_32ns_32ns_64_1_1                           |        0|    4|     0|    20|    0|
    |mul_32ns_32ns_64_1_1_U154                                 |mul_32ns_32ns_64_1_1                           |        0|    4|     0|    20|    0|
    |mul_32ns_32ns_64_1_1_U155                                 |mul_32ns_32ns_64_1_1                           |        0|    4|     0|    20|    0|
    |mul_32ns_32ns_64_1_1_U156                                 |mul_32ns_32ns_64_1_1                           |        0|    4|     0|    20|    0|
    |mul_32ns_32ns_64_1_1_U157                                 |mul_32ns_32ns_64_1_1                           |        0|    4|     0|    20|    0|
    |mul_32ns_32ns_64_1_1_U158                                 |mul_32ns_32ns_64_1_1                           |        0|    4|     0|    20|    0|
    |mul_32ns_32ns_64_1_1_U159                                 |mul_32ns_32ns_64_1_1                           |        0|    4|     0|    20|    0|
    |mul_32ns_32ns_64_1_1_U160                                 |mul_32ns_32ns_64_1_1                           |        0|    4|     0|    20|    0|
    |mul_32ns_32ns_64_1_1_U161                                 |mul_32ns_32ns_64_1_1                           |        0|    4|     0|    20|    0|
    |mul_32ns_32ns_64_1_1_U162                                 |mul_32ns_32ns_64_1_1                           |        0|    4|     0|    20|    0|
    |mul_32ns_32ns_64_1_1_U163                                 |mul_32ns_32ns_64_1_1                           |        0|    4|     0|    20|    0|
    |mul_32ns_32ns_64_1_1_U164                                 |mul_32ns_32ns_64_1_1                           |        0|    4|     0|    20|    0|
    |mul_32ns_32ns_64_1_1_U165                                 |mul_32ns_32ns_64_1_1                           |        0|    4|     0|    20|    0|
    |mul_32ns_32ns_64_1_1_U166                                 |mul_32ns_32ns_64_1_1                           |        0|    4|     0|    20|    0|
    |mul_32ns_32ns_64_1_1_U167                                 |mul_32ns_32ns_64_1_1                           |        0|    4|     0|    20|    0|
    |mul_32ns_32ns_64_1_1_U168                                 |mul_32ns_32ns_64_1_1                           |        0|    4|     0|    20|    0|
    |mul_32ns_32ns_64_1_1_U169                                 |mul_32ns_32ns_64_1_1                           |        0|    4|     0|    20|    0|
    |mul_32ns_32ns_64_1_1_U170                                 |mul_32ns_32ns_64_1_1                           |        0|    4|     0|    20|    0|
    |mul_32ns_32ns_64_1_1_U171                                 |mul_32ns_32ns_64_1_1                           |        0|    4|     0|    20|    0|
    |mul_32ns_32ns_64_1_1_U172                                 |mul_32ns_32ns_64_1_1                           |        0|    4|     0|    20|    0|
    |mul_32ns_32ns_64_1_1_U173                                 |mul_32ns_32ns_64_1_1                           |        0|    4|     0|    20|    0|
    |mul_32ns_32ns_64_1_1_U174                                 |mul_32ns_32ns_64_1_1                           |        0|    4|     0|    20|    0|
    |mul_32ns_32ns_64_1_1_U175                                 |mul_32ns_32ns_64_1_1                           |        0|    4|     0|    20|    0|
    |mul_32ns_32ns_64_1_1_U176                                 |mul_32ns_32ns_64_1_1                           |        0|    4|     0|    20|    0|
    |mul_32ns_32ns_64_1_1_U177                                 |mul_32ns_32ns_64_1_1                           |        0|    4|     0|    20|    0|
    |mul_32ns_32ns_64_1_1_U178                                 |mul_32ns_32ns_64_1_1                           |        0|    4|     0|    20|    0|
    |mul_32ns_32ns_64_1_1_U179                                 |mul_32ns_32ns_64_1_1                           |        0|    4|     0|    20|    0|
    |mul_32s_6ns_32_1_1_U184                                   |mul_32s_6ns_32_1_1                             |        0|    2|     0|    20|    0|
    |mul_32s_6ns_32_1_1_U186                                   |mul_32s_6ns_32_1_1                             |        0|    2|     0|    20|    0|
    |mul_32s_6ns_32_1_1_U187                                   |mul_32s_6ns_32_1_1                             |        0|    2|     0|    20|    0|
    |mul_32s_6ns_32_1_1_U188                                   |mul_32s_6ns_32_1_1                             |        0|    2|     0|    20|    0|
    |mul_32s_7ns_32_1_1_U180                                   |mul_32s_7ns_32_1_1                             |        0|    2|     0|    20|    0|
    |mul_32s_7ns_32_1_1_U181                                   |mul_32s_7ns_32_1_1                             |        0|    2|     0|    20|    0|
    |mul_32s_7ns_32_1_1_U182                                   |mul_32s_7ns_32_1_1                             |        0|    2|     0|    20|    0|
    |mul_32s_7ns_32_1_1_U183                                   |mul_32s_7ns_32_1_1                             |        0|    2|     0|    20|    0|
    |mul_32s_7ns_32_1_1_U185                                   |mul_32s_7ns_32_1_1                             |        0|    2|     0|    20|    0|
    |mul_39ns_6ns_44_1_1_U189                                  |mul_39ns_6ns_44_1_1                            |        0|    2|     0|    27|    0|
    +----------------------------------------------------------+-----------------------------------------------+---------+-----+------+------+-----+
    |Total                                                     |                                               |        4|  328|  2841|  8578|    0|
    +----------------------------------------------------------+-----------------------------------------------+---------+-----+------+------+-----+

    * DSP: 
    N/A

    * Memory: 
    N/A

    * FIFO: 
    N/A

    * Expression: 
    +------------------------+----------+----+---+----+------------+------------+
    |      Variable Name     | Operation| DSP| FF| LUT| Bitwidth P0| Bitwidth P1|
    +------------------------+----------+----+---+----+------------+------------+
    |add_ln49_10_fu_935_p2   |         +|   0|  0|  71|          64|          64|
    |add_ln49_11_fu_941_p2   |         +|   0|  0|  64|          64|          64|
    |add_ln49_12_fu_947_p2   |         +|   0|  0|  64|          64|          64|
    |add_ln49_13_fu_953_p2   |         +|   0|  0|  64|          64|          64|
    |add_ln49_15_fu_966_p2   |         +|   0|  0|  71|          64|          64|
    |add_ln49_16_fu_972_p2   |         +|   0|  0|  64|          64|          64|
    |add_ln49_17_fu_978_p2   |         +|   0|  0|  64|          64|          64|
    |add_ln49_18_fu_714_p2   |         +|   0|  0|  71|          64|          64|
    |add_ln49_19_fu_984_p2   |         +|   0|  0|  64|          64|          64|
    |add_ln49_1_fu_859_p2    |         +|   0|  0|  64|          64|          64|
    |add_ln49_21_fu_996_p2   |         +|   0|  0|  71|          64|          64|
    |add_ln49_22_fu_1002_p2  |         +|   0|  0|  71|          64|          64|
    |add_ln49_23_fu_1008_p2  |         +|   0|  0|  64|          64|          64|
    |add_ln49_24_fu_1014_p2  |         +|   0|  0|  64|          64|          64|
    |add_ln49_25_fu_726_p2   |         +|   0|  0|  71|          64|          64|
    |add_ln49_26_fu_1020_p2  |         +|   0|  0|  64|          64|          64|
    |add_ln49_28_fu_1032_p2  |         +|   0|  0|  71|          64|          64|
    |add_ln49_29_fu_1038_p2  |         +|   0|  0|  71|          64|          64|
    |add_ln49_30_fu_1044_p2  |         +|   0|  0|  64|          64|          64|
    |add_ln49_31_fu_1050_p2  |         +|   0|  0|  64|          64|          64|
    |add_ln49_32_fu_737_p2   |         +|   0|  0|  64|          64|          64|
    |add_ln49_33_fu_743_p2   |         +|   0|  0|  64|          64|          64|
    |add_ln49_34_fu_1056_p2  |         +|   0|  0|  64|          64|          64|
    |add_ln49_3_fu_882_p2    |         +|   0|  0|  64|          64|          64|
    |add_ln49_4_fu_888_p2    |         +|   0|  0|  71|          64|          64|
    |add_ln49_6_fu_910_p2    |         +|   0|  0|  64|          64|          64|
    |add_ln49_7_fu_916_p2    |         +|   0|  0|  64|          64|          64|
    |add_ln49_8_fu_922_p2    |         +|   0|  0|  64|          64|          64|
    |add_ln74_1_fu_1146_p2   |         +|   0|  0|  71|          64|          64|
    |add_ln74_2_fu_1180_p2   |         +|   0|  0|  71|          64|          64|
    |add_ln74_3_fu_1249_p2   |         +|   0|  0|  71|          64|          64|
    |add_ln74_4_fu_1283_p2   |         +|   0|  0|  71|          64|          64|
    |add_ln74_5_fu_1317_p2   |         +|   0|  0|  71|          64|          64|
    |add_ln74_6_fu_1351_p2   |         +|   0|  0|  71|          64|          64|
    |add_ln74_7_fu_1385_p2   |         +|   0|  0|  71|          64|          64|
    |add_ln74_8_fu_1419_p2   |         +|   0|  0|  71|          64|          64|
    |add_ln74_fu_1112_p2     |         +|   0|  0|  71|          64|          64|
    |add_ln75_1_fu_1206_p2   |         +|   0|  0|  32|          25|          25|
    |add_ln75_fu_1497_p2     |         +|   0|  0|  51|          44|          44|
    |add_ln76_1_fu_1212_p2   |         +|   0|  0|  33|          26|          26|
    |add_ln76_fu_1530_p2     |         +|   0|  0|  33|          26|          26|
    |arr_1_fu_826_p2         |         +|   0|  0|  71|          64|          64|
    |arr_2_fu_865_p2         |         +|   0|  0|  64|          64|          64|
    |arr_3_fu_894_p2         |         +|   0|  0|  64|          64|          64|
    |arr_4_fu_928_p2         |         +|   0|  0|  64|          64|          64|
    |arr_5_fu_959_p2         |         +|   0|  0|  64|          64|          64|
    |arr_6_fu_989_p2         |         +|   0|  0|  64|          64|          64|
    |arr_7_fu_1025_p2        |         +|   0|  0|  64|          64|          64|
    |arr_8_fu_1061_p2        |         +|   0|  0|  64|          64|          64|
    |out1_w_1_fu_1521_p2     |         +|   0|  0|  32|          25|          25|
    |out1_w_2_fu_1551_p2     |         +|   0|  0|  34|          27|          27|
    |out1_w_3_fu_1218_p2     |         +|   0|  0|  32|          25|          25|
    |out1_w_4_fu_1435_p2     |         +|   0|  0|  33|          26|          26|
    |out1_w_5_fu_1440_p2     |         +|   0|  0|  32|          25|          25|
    |out1_w_6_fu_1446_p2     |         +|   0|  0|  33|          26|          26|
    |out1_w_7_fu_1452_p2     |         +|   0|  0|  32|          25|          25|
    |out1_w_8_fu_1458_p2     |         +|   0|  0|  33|          26|          26|
    |out1_w_9_fu_1464_p2     |         +|   0|  0|  32|          25|          25|
    |out1_w_fu_1488_p2       |         +|   0|  0|  33|          26|          26|
    +------------------------+----------+----+---+----+------------+------------+
    |Total                   |          |   0|  0|3488|        3257|        3257|
    +------------------------+----------+----+---+----+------------+------------+

    * Multiplexer: 
    +---------------+-----+-----------+-----+-----------+
    |      Name     | LUT | Input Size| Bits| Total Bits|
    +---------------+-----+-----------+-----+-----------+
    |ap_NS_fsm      |  159|         35|    1|         35|
    |grp_fu_351_p0  |   14|          3|   32|         96|
    |grp_fu_351_p1  |   14|          3|   32|         96|
    |grp_fu_355_p0  |   14|          3|   32|         96|
    |grp_fu_355_p1  |   14|          3|   32|         96|
    |grp_fu_359_p0  |   14|          3|   32|         96|
    |grp_fu_359_p1  |   14|          3|   32|         96|
    |grp_fu_363_p0  |   14|          3|   32|         96|
    |grp_fu_363_p1  |   14|          3|   32|         96|
    |grp_fu_367_p0  |   14|          3|   32|         96|
    |grp_fu_367_p1  |   14|          3|   32|         96|
    |grp_fu_371_p0  |   14|          3|   32|         96|
    |grp_fu_371_p1  |   14|          3|   32|         96|
    |grp_fu_375_p0  |   14|          3|   32|         96|
    |grp_fu_375_p1  |   14|          3|   32|         96|
    |grp_fu_379_p0  |   14|          3|   32|         96|
    |grp_fu_379_p1  |   14|          3|   32|         96|
    |grp_fu_499_p0  |   14|          3|   32|         96|
    |grp_fu_499_p1  |   14|          3|    7|         21|
    |grp_fu_504_p0  |   14|          3|   32|         96|
    |grp_fu_504_p1  |   14|          3|    7|         21|
    |grp_fu_509_p0  |   14|          3|   32|         96|
    |grp_fu_509_p1  |   14|          3|    7|         21|
    |grp_fu_514_p0  |   14|          3|   32|         96|
    |grp_fu_514_p1  |   14|          3|    7|         21|
    |mem_ARADDR     |   26|          5|   64|        320|
    |mem_ARLEN      |   20|          4|   32|        128|
    |mem_ARVALID    |   20|          4|    1|          4|
    |mem_AWADDR     |   14|          3|   64|        192|
    |mem_AWLEN      |   14|          3|   32|         96|
    |mem_AWVALID    |   14|          3|    1|          3|
    |mem_BREADY     |   14|          3|    1|          3|
    |mem_RREADY     |   14|          3|    1|          3|
    |mem_WVALID     |    9|          2|    1|          2|
    |mem_blk_n_AR   |    9|          2|    1|          2|
    |mem_blk_n_AW   |    9|          2|    1|          2|
    |mem_blk_n_B    |    9|          2|    1|          2|
    +---------------+-----+-----------+-----+-----------+
    |Total          |  667|        143|  869|       2796|
    +---------------+-----+-----------+-----+-----------+

    * Register: 
    +-----------------------------------------------------------------------+----+----+-----+-----------+
    |                                  Name                                 | FF | LUT| Bits| Const Bits|
    +-----------------------------------------------------------------------+----+----+-----+-----------+
    |add_ln49_18_reg_1886                                                   |  64|   0|   64|          0|
    |add_ln49_25_reg_1891                                                   |  64|   0|   64|          0|
    |add_ln49_33_reg_1896                                                   |  64|   0|   64|          0|
    |add_ln75_1_reg_1975                                                    |  25|   0|   25|          0|
    |add_ln76_1_reg_1981                                                    |  26|   0|   26|          0|
    |ap_CS_fsm                                                              |  34|   0|   34|          0|
    |arr_1_reg_1919                                                         |  64|   0|   64|          0|
    |arr_2_reg_1924                                                         |  64|   0|   64|          0|
    |arr_3_reg_1929                                                         |  64|   0|   64|          0|
    |arr_4_reg_1934                                                         |  64|   0|   64|          0|
    |arr_5_reg_1939                                                         |  64|   0|   64|          0|
    |arr_6_reg_1944                                                         |  64|   0|   64|          0|
    |arr_7_reg_1949                                                         |  64|   0|   64|          0|
    |arr_8_reg_1954                                                         |  64|   0|   64|          0|
    |arr_reg_1826                                                           |  64|   0|   64|          0|
    |grp_fiat_25519_carry_mul_Pipeline_ARRAY_1_READ_fu_256_ap_start_reg     |   1|   0|    1|          0|
    |grp_fiat_25519_carry_mul_Pipeline_ARRAY_2_READ_fu_273_ap_start_reg     |   1|   0|    1|          0|
    |grp_fiat_25519_carry_mul_Pipeline_ARRAY_WRITE_fu_334_ap_start_reg      |   1|   0|    1|          0|
    |grp_fiat_25519_carry_mul_Pipeline_VITIS_LOOP_55_5_fu_290_ap_start_reg  |   1|   0|    1|          0|
    |lshr_ln74_3_reg_1965                                                   |  39|   0|   39|          0|
    |mul_ln49_14_reg_1847                                                   |  32|   0|   32|          0|
    |mul_ln49_16_reg_1852                                                   |  32|   0|   32|          0|
    |mul_ln49_21_reg_1864                                                   |  32|   0|   32|          0|
    |mul_ln49_24_reg_1869                                                   |  32|   0|   32|          0|
    |mul_ln49_27_reg_1874                                                   |  32|   0|   32|          0|
    |out1_w_1_reg_2036                                                      |  25|   0|   25|          0|
    |out1_w_2_reg_2041                                                      |  27|   0|   27|          0|
    |out1_w_3_reg_1986                                                      |  25|   0|   25|          0|
    |out1_w_4_reg_1996                                                      |  26|   0|   26|          0|
    |out1_w_5_reg_2001                                                      |  25|   0|   25|          0|
    |out1_w_6_reg_2006                                                      |  26|   0|   26|          0|
    |out1_w_7_reg_2011                                                      |  25|   0|   25|          0|
    |out1_w_8_reg_2016                                                      |  26|   0|   26|          0|
    |out1_w_9_reg_2021                                                      |  25|   0|   25|          0|
    |out1_w_reg_2031                                                        |  26|   0|   26|          0|
    |reg_553                                                                |  32|   0|   32|          0|
    |reg_557                                                                |  32|   0|   32|          0|
    |reg_561                                                                |  32|   0|   32|          0|
    |reg_565                                                                |  32|   0|   32|          0|
    |trunc_ln24_1_reg_1738                                                  |  62|   0|   62|          0|
    |trunc_ln31_1_reg_1744                                                  |  62|   0|   62|          0|
    |trunc_ln74_18_reg_1991                                                 |  39|   0|   39|          0|
    |trunc_ln74_9_reg_1970                                                  |  26|   0|   26|          0|
    |trunc_ln74_reg_1959                                                    |  26|   0|   26|          0|
    |trunc_ln87_1_reg_1750                                                  |  62|   0|   62|          0|
    |zext_ln49_11_reg_1857                                                  |  32|   0|   64|         32|
    |zext_ln49_18_reg_1879                                                  |  32|   0|   64|         32|
    |zext_ln49_1_reg_1820                                                   |  32|   0|   64|         32|
    |zext_ln49_2_reg_1831                                                   |  32|   0|   64|         32|
    |zext_ln49_3_reg_1840                                                   |  32|   0|   64|         32|
    |zext_ln49_reg_1808                                                     |  32|   0|   64|         32|
    +-----------------------------------------------------------------------+----+----+-----+-----------+
    |Total                                                                  |1909|   0| 2101|        192|
    +-----------------------------------------------------------------------+----+----+-----+-----------+



================================================================
== Interface
================================================================
* Summary: 
+-----------------------+-----+-----+------------+----------------------+--------------+
|       RTL Ports       | Dir | Bits|  Protocol  |     Source Object    |    C Type    |
+-----------------------+-----+-----+------------+----------------------+--------------+
|s_axi_control_AWVALID  |   in|    1|       s_axi|               control|        scalar|
|s_axi_control_AWREADY  |  out|    1|       s_axi|               control|        scalar|
|s_axi_control_AWADDR   |   in|    6|       s_axi|               control|        scalar|
|s_axi_control_WVALID   |   in|    1|       s_axi|               control|        scalar|
|s_axi_control_WREADY   |  out|    1|       s_axi|               control|        scalar|
|s_axi_control_WDATA    |   in|   32|       s_axi|               control|        scalar|
|s_axi_control_WSTRB    |   in|    4|       s_axi|               control|        scalar|
|s_axi_control_ARVALID  |   in|    1|       s_axi|               control|        scalar|
|s_axi_control_ARREADY  |  out|    1|       s_axi|               control|        scalar|
|s_axi_control_ARADDR   |   in|    6|       s_axi|               control|        scalar|
|s_axi_control_RVALID   |  out|    1|       s_axi|               control|        scalar|
|s_axi_control_RREADY   |   in|    1|       s_axi|               control|        scalar|
|s_axi_control_RDATA    |  out|   32|       s_axi|               control|        scalar|
|s_axi_control_RRESP    |  out|    2|       s_axi|               control|        scalar|
|s_axi_control_BVALID   |  out|    1|       s_axi|               control|        scalar|
|s_axi_control_BREADY   |   in|    1|       s_axi|               control|        scalar|
|s_axi_control_BRESP    |  out|    2|       s_axi|               control|        scalar|
|ap_clk                 |   in|    1|  ap_ctrl_hs|  fiat_25519_carry_mul|  return value|
|ap_rst_n               |   in|    1|  ap_ctrl_hs|  fiat_25519_carry_mul|  return value|
|interrupt              |  out|    1|  ap_ctrl_hs|  fiat_25519_carry_mul|  return value|
|m_axi_mem_AWVALID      |  out|    1|       m_axi|                   mem|       pointer|
|m_axi_mem_AWREADY      |   in|    1|       m_axi|                   mem|       pointer|
|m_axi_mem_AWADDR       |  out|   64|       m_axi|                   mem|       pointer|
|m_axi_mem_AWID         |  out|    1|       m_axi|                   mem|       pointer|
|m_axi_mem_AWLEN        |  out|    8|       m_axi|                   mem|       pointer|
|m_axi_mem_AWSIZE       |  out|    3|       m_axi|                   mem|       pointer|
|m_axi_mem_AWBURST      |  out|    2|       m_axi|                   mem|       pointer|
|m_axi_mem_AWLOCK       |  out|    2|       m_axi|                   mem|       pointer|
|m_axi_mem_AWCACHE      |  out|    4|       m_axi|                   mem|       pointer|
|m_axi_mem_AWPROT       |  out|    3|       m_axi|                   mem|       pointer|
|m_axi_mem_AWQOS        |  out|    4|       m_axi|                   mem|       pointer|
|m_axi_mem_AWREGION     |  out|    4|       m_axi|                   mem|       pointer|
|m_axi_mem_AWUSER       |  out|    1|       m_axi|                   mem|       pointer|
|m_axi_mem_WVALID       |  out|    1|       m_axi|                   mem|       pointer|
|m_axi_mem_WREADY       |   in|    1|       m_axi|                   mem|       pointer|
|m_axi_mem_WDATA        |  out|   32|       m_axi|                   mem|       pointer|
|m_axi_mem_WSTRB        |  out|    4|       m_axi|                   mem|       pointer|
|m_axi_mem_WLAST        |  out|    1|       m_axi|                   mem|       pointer|
|m_axi_mem_WID          |  out|    1|       m_axi|                   mem|       pointer|
|m_axi_mem_WUSER        |  out|    1|       m_axi|                   mem|       pointer|
|m_axi_mem_ARVALID      |  out|    1|       m_axi|                   mem|       pointer|
|m_axi_mem_ARREADY      |   in|    1|       m_axi|                   mem|       pointer|
|m_axi_mem_ARADDR       |  out|   64|       m_axi|                   mem|       pointer|
|m_axi_mem_ARID         |  out|    1|       m_axi|                   mem|       pointer|
|m_axi_mem_ARLEN        |  out|    8|       m_axi|                   mem|       pointer|
|m_axi_mem_ARSIZE       |  out|    3|       m_axi|                   mem|       pointer|
|m_axi_mem_ARBURST      |  out|    2|       m_axi|                   mem|       pointer|
|m_axi_mem_ARLOCK       |  out|    2|       m_axi|                   mem|       pointer|
|m_axi_mem_ARCACHE      |  out|    4|       m_axi|                   mem|       pointer|
|m_axi_mem_ARPROT       |  out|    3|       m_axi|                   mem|       pointer|
|m_axi_mem_ARQOS        |  out|    4|       m_axi|                   mem|       pointer|
|m_axi_mem_ARREGION     |  out|    4|       m_axi|                   mem|       pointer|
|m_axi_mem_ARUSER       |  out|    1|       m_axi|                   mem|       pointer|
|m_axi_mem_RVALID       |   in|    1|       m_axi|                   mem|       pointer|
|m_axi_mem_RREADY       |  out|    1|       m_axi|                   mem|       pointer|
|m_axi_mem_RDATA        |   in|   32|       m_axi|                   mem|       pointer|
|m_axi_mem_RLAST        |   in|    1|       m_axi|                   mem|       pointer|
|m_axi_mem_RID          |   in|    1|       m_axi|                   mem|       pointer|
|m_axi_mem_RUSER        |   in|    1|       m_axi|                   mem|       pointer|
|m_axi_mem_RRESP        |   in|    2|       m_axi|                   mem|       pointer|
|m_axi_mem_BVALID       |   in|    1|       m_axi|                   mem|       pointer|
|m_axi_mem_BREADY       |  out|    1|       m_axi|                   mem|       pointer|
|m_axi_mem_BRESP        |   in|    2|       m_axi|                   mem|       pointer|
|m_axi_mem_BID          |   in|    1|       m_axi|                   mem|       pointer|
|m_axi_mem_BUSER        |   in|    1|       m_axi|                   mem|       pointer|
+-----------------------+-----+-----+------------+----------------------+--------------+

