

================================================================
== Vitis HLS Report for 'fiat_25519_carry_square_Pipeline_VITIS_LOOP_44_5'
================================================================
* Date:           Fri May 10 12:33:50 2024

* Version:        2023.1.1 (Build 3869133 on Jun 15 2023)
* Project:        D3
* Solution:       comb_9 (Vivado IP Flow Target)
* Product family: zynquplus
* Target device:  xczu9eg-ffvb1156-2-e


================================================================
== Performance Estimates
================================================================
+ Timing: 
    * Summary: 
    +--------+----------+----------+------------+
    |  Clock |  Target  | Estimated| Uncertainty|
    +--------+----------+----------+------------+
    |ap_clk  |  10.00 ns|  7.220 ns|     2.70 ns|
    +--------+----------+----------+------------+

+ Latency: 
    * Summary: 
    +---------+---------+-----------+-----------+-----+-----+---------+
    |  Latency (cycles) |   Latency (absolute)  |  Interval | Pipeline|
    |   min   |   max   |    min    |    max    | min | max |   Type  |
    +---------+---------+-----------+-----------+-----+-----+---------+
    |        7|        7|  70.000 ns|  70.000 ns|    7|    7|       no|
    +---------+---------+-----------+-----------+-----+-----+---------+

    + Detail: 
        * Instance: 
        N/A

        * Loop: 
        +-------------------+---------+---------+----------+-----------+-----------+------+----------+
        |                   |  Latency (cycles) | Iteration|  Initiation Interval  | Trip |          |
        |     Loop Name     |   min   |   max   |  Latency |  achieved |   target  | Count| Pipelined|
        +-------------------+---------+---------+----------+-----------+-----------+------+----------+
        |- VITIS_LOOP_44_5  |        5|        5|         1|          1|          1|     5|       yes|
        +-------------------+---------+---------+----------+-----------+-----------+------+----------+



================================================================
== Utilization Estimates
================================================================
* Summary: 
+-----------------+---------+------+--------+--------+-----+
|       Name      | BRAM_18K|  DSP |   FF   |   LUT  | URAM|
+-----------------+---------+------+--------+--------+-----+
|DSP              |        -|     -|       -|       -|    -|
|Expression       |        -|     -|       0|     366|    -|
|FIFO             |        -|     -|       -|       -|    -|
|Instance         |        -|     4|       0|      60|    -|
|Memory           |        -|     -|       -|       -|    -|
|Multiplexer      |        -|     -|       -|      36|    -|
|Register         |        -|     -|      70|       -|    -|
+-----------------+---------+------+--------+--------+-----+
|Total            |        0|     4|      70|     462|    0|
+-----------------+---------+------+--------+--------+-----+
|Available        |     1824|  2520|  548160|  274080|    0|
+-----------------+---------+------+--------+--------+-----+
|Utilization (%)  |        0|    ~0|      ~0|      ~0|    0|
+-----------------+---------+------+--------+--------+-----+

+ Detail: 
    * Instance: 
    +--------------------------+----------------------+---------+----+---+----+-----+
    |         Instance         |        Module        | BRAM_18K| DSP| FF| LUT| URAM|
    +--------------------------+----------------------+---------+----+---+----+-----+
    |mul_32ns_32ns_64_1_1_U30  |mul_32ns_32ns_64_1_1  |        0|   4|  0|  20|    0|
    |mux_4_2_31_1_1_U32        |mux_4_2_31_1_1        |        0|   0|  0|  20|    0|
    |mux_4_2_32_1_1_U31        |mux_4_2_32_1_1        |        0|   0|  0|  20|    0|
    +--------------------------+----------------------+---------+----+---+----+-----+
    |Total                     |                      |        0|   4|  0|  60|    0|
    +--------------------------+----------------------+---------+----+---+----+-----+

    * DSP: 
    N/A

    * Memory: 
    N/A

    * FIFO: 
    N/A

    * Expression: 
    +---------------------+----------+----+---+----+------------+------------+
    |    Variable Name    | Operation| DSP| FF| LUT| Bitwidth P0| Bitwidth P1|
    +---------------------+----------+----+---+----+------------+------------+
    |add_ln44_fu_226_p2   |         +|   0|  0|  10|           3|           1|
    |add_ln50_fu_371_p2   |         +|   0|  0|  71|          64|          64|
    |empty_fu_243_p2      |         -|   0|  0|  12|           4|           4|
    |icmp_ln44_fu_220_p2  |      icmp|   0|  0|  10|           3|           3|
    |icmp_ln50_fu_314_p2  |      icmp|   0|  0|   9|           2|           1|
    |tmp_1_fu_285_p1      |    select|   0|  0|  32|           1|          32|
    |tmp_1_fu_285_p2      |    select|   0|  0|  32|           1|          32|
    |tmp_1_fu_285_p3      |    select|   0|  0|  32|           1|          32|
    |tmp_1_fu_285_p4      |    select|   0|  0|  32|           1|          32|
    |tmp_2_fu_344_p1      |    select|   0|  0|  31|           1|          31|
    |tmp_2_fu_344_p2      |    select|   0|  0|  31|           1|          31|
    |tmp_2_fu_344_p3      |    select|   0|  0|  31|           1|          31|
    |tmp_2_fu_344_p4      |    select|   0|  0|  31|           1|          31|
    |ap_enable_pp0        |       xor|   0|  0|   2|           1|           2|
    +---------------------+----------+----+---+----+------------+------------+
    |Total                |          |   0|  0| 366|          85|         327|
    +---------------------+----------+----+---+----+------------+------------+

    * Multiplexer: 
    +-------------------------+----+-----------+-----+-----------+
    |           Name          | LUT| Input Size| Bits| Total Bits|
    +-------------------------+----+-----------+-----+-----------+
    |add8117_fu_86            |   9|          2|   64|        128|
    |ap_done_int              |   9|          2|    1|          2|
    |ap_enable_reg_pp0_iter1  |   9|          2|    1|          2|
    |i_2_fu_90                |   9|          2|    3|          6|
    +-------------------------+----+-----------+-----+-----------+
    |Total                    |  36|          8|   69|        138|
    +-------------------------+----+-----------+-----+-----------+

    * Register: 
    +-------------------------+----+----+-----+-----------+
    |           Name          | FF | LUT| Bits| Const Bits|
    +-------------------------+----+----+-----+-----------+
    |add8117_fu_86            |  64|   0|   64|          0|
    |ap_CS_fsm                |   1|   0|    1|          0|
    |ap_done_reg              |   1|   0|    1|          0|
    |ap_enable_reg_pp0_iter1  |   1|   0|    1|          0|
    |i_2_fu_90                |   3|   0|    3|          0|
    +-------------------------+----+----+-----+-----------+
    |Total                    |  70|   0|   70|          0|
    +-------------------------+----+----+-----+-----------+



================================================================
== Interface
================================================================
* Summary: 
+------------------------+-----+-----+------------+--------------------------------------------------+--------------+
|        RTL Ports       | Dir | Bits|  Protocol  |                   Source Object                  |    C Type    |
+------------------------+-----+-----+------------+--------------------------------------------------+--------------+
|ap_clk                  |   in|    1|  ap_ctrl_hs|  fiat_25519_carry_square_Pipeline_VITIS_LOOP_44_5|  return value|
|ap_rst                  |   in|    1|  ap_ctrl_hs|  fiat_25519_carry_square_Pipeline_VITIS_LOOP_44_5|  return value|
|ap_start                |   in|    1|  ap_ctrl_hs|  fiat_25519_carry_square_Pipeline_VITIS_LOOP_44_5|  return value|
|ap_done                 |  out|    1|  ap_ctrl_hs|  fiat_25519_carry_square_Pipeline_VITIS_LOOP_44_5|  return value|
|ap_idle                 |  out|    1|  ap_ctrl_hs|  fiat_25519_carry_square_Pipeline_VITIS_LOOP_44_5|  return value|
|ap_ready                |  out|    1|  ap_ctrl_hs|  fiat_25519_carry_square_Pipeline_VITIS_LOOP_44_5|  return value|
|arr_load_8              |   in|   64|     ap_none|                                        arr_load_8|        scalar|
|arg1_r_130_0333_reload  |   in|   32|     ap_none|                            arg1_r_130_0333_reload|        scalar|
|arg1_r_0_0332_reload    |   in|   32|     ap_none|                              arg1_r_0_0332_reload|        scalar|
|arg1_r_1_1_0336_reload  |   in|   32|     ap_none|                            arg1_r_1_1_0336_reload|        scalar|
|arg1_r_1_0_0335_reload  |   in|   32|     ap_none|                            arg1_r_1_0_0335_reload|        scalar|
|arg1_r_2_1_0339_reload  |   in|   32|     ap_none|                            arg1_r_2_1_0339_reload|        scalar|
|arg1_r_2_0_0338_reload  |   in|   32|     ap_none|                            arg1_r_2_0_0338_reload|        scalar|
|arg1_r_3_1_0342_reload  |   in|   32|     ap_none|                            arg1_r_3_1_0342_reload|        scalar|
|arg1_r_3_0_0341_reload  |   in|   32|     ap_none|                            arg1_r_3_0_0341_reload|        scalar|
|arg1_r_130_0333_cast    |   in|   31|     ap_none|                              arg1_r_130_0333_cast|        scalar|
|arg1_r_231_0334_cast    |   in|   31|     ap_none|                              arg1_r_231_0334_cast|        scalar|
|arg1_r_1_1_0336_cast    |   in|   31|     ap_none|                              arg1_r_1_1_0336_cast|        scalar|
|arg1_r_1_2_0337_cast    |   in|   31|     ap_none|                              arg1_r_1_2_0337_cast|        scalar|
|arg1_r_2_1_0339_cast    |   in|   31|     ap_none|                              arg1_r_2_1_0339_cast|        scalar|
|arg1_r_2_2_0340_cast    |   in|   31|     ap_none|                              arg1_r_2_2_0340_cast|        scalar|
|arg1_r_3_1_0342_cast    |   in|   31|     ap_none|                              arg1_r_3_1_0342_cast|        scalar|
|arg1_r_3_2_0343_cast    |   in|   31|     ap_none|                              arg1_r_3_2_0343_cast|        scalar|
|add8117_out             |  out|   64|      ap_vld|                                       add8117_out|       pointer|
|add8117_out_ap_vld      |  out|    1|      ap_vld|                                       add8117_out|       pointer|
+------------------------+-----+-----+------------+--------------------------------------------------+--------------+

