

================================================================
== Vitis HLS Report for 'fiat_25519_carry_mul_Pipeline_VITIS_LOOP_55_5'
================================================================
* Date:           Thu May  9 14:34:13 2024

* Version:        2023.1.1 (Build 3869133 on Jun 15 2023)
* Project:        D3
* Solution:       comb_26 (Vivado IP Flow Target)
* Product family: zynquplus
* Target device:  xczu9eg-ffvb1156-2-e


================================================================
== Performance Estimates
================================================================
+ Timing: 
    * Summary: 
    +--------+----------+----------+------------+
    |  Clock |  Target  | Estimated| Uncertainty|
    +--------+----------+----------+------------+
    |ap_clk  |  10.00 ns|  6.948 ns|     2.70 ns|
    +--------+----------+----------+------------+

+ Latency: 
    * Summary: 
    +---------+---------+----------+----------+-----+-----+---------+
    |  Latency (cycles) |  Latency (absolute) |  Interval | Pipeline|
    |   min   |   max   |    min   |    max   | min | max |   Type  |
    +---------+---------+----------+----------+-----+-----+---------+
    |       12|       12|  0.120 us|  0.120 us|   12|   12|       no|
    +---------+---------+----------+----------+-----+-----+---------+

    + Detail: 
        * Instance: 
        N/A

        * Loop: 
        +-------------------+---------+---------+----------+-----------+-----------+------+----------+
        |                   |  Latency (cycles) | Iteration|  Initiation Interval  | Trip |          |
        |     Loop Name     |   min   |   max   |  Latency |  achieved |   target  | Count| Pipelined|
        +-------------------+---------+---------+----------+-----------+-----------+------+----------+
        |- VITIS_LOOP_55_5  |       10|       10|         1|          1|          1|    10|       yes|
        +-------------------+---------+---------+----------+-----------+-----------+------+----------+

============================================================
+ Verbose Summary: Synthesis Manager
============================================================
InlineROM: 1
ExposeGlobal: 0
============================================================
+ Verbose Summary: CDFG Model
============================================================
IsTopModel: 0
ResetActiveHigh: 1
IsCombinational: 0
IsDatapathOnly: 0
HasWiredReturn: 1
HasMFsm: 2
HasVarLatency: 1
IsPipeline: 0
IsRtlPipelined: 0
IsInstanceOverlapped: 0
IsDontTouch: 0
HasImplIP: 0
IsGatedGlobalClock: 0

+ Individual pipeline summary: 
  * Pipeline-0: initiation interval (II) = 1, depth = 2


============================================================
+ Verbose Summary: Schedule
============================================================
* Number of FSM states : 2
* Pipeline : 1
  Pipeline-0 : II = 1, D = 2, States = { 1 2 }
* Dataflow Pipeline: 0

* FSM state transitions: 
1 --> 2 
2 --> 

* FSM state operations: 

State 1 <SV = 0> <Delay = 0.42>
ST_1 : Operation 4 [1/1] (0.00ns)   --->   "%add120194 = alloca i32 1"   --->   Operation 4 'alloca' 'add120194' <Predicate = true> <Delay = 0.00>
ST_1 : Operation 5 [1/1] (0.00ns)   --->   "%add120_1195 = alloca i32 1"   --->   Operation 5 'alloca' 'add120_1195' <Predicate = true> <Delay = 0.00>
ST_1 : Operation 6 [1/1] (0.00ns)   --->   "%add120_2196 = alloca i32 1"   --->   Operation 6 'alloca' 'add120_2196' <Predicate = true> <Delay = 0.00>
ST_1 : Operation 7 [1/1] (0.00ns)   --->   "%add120_3197 = alloca i32 1"   --->   Operation 7 'alloca' 'add120_3197' <Predicate = true> <Delay = 0.00>
ST_1 : Operation 8 [1/1] (0.00ns)   --->   "%add120_4198 = alloca i32 1"   --->   Operation 8 'alloca' 'add120_4198' <Predicate = true> <Delay = 0.00>
ST_1 : Operation 9 [1/1] (0.00ns)   --->   "%add120_5199 = alloca i32 1"   --->   Operation 9 'alloca' 'add120_5199' <Predicate = true> <Delay = 0.00>
ST_1 : Operation 10 [1/1] (0.00ns)   --->   "%add120_6200 = alloca i32 1"   --->   Operation 10 'alloca' 'add120_6200' <Predicate = true> <Delay = 0.00>
ST_1 : Operation 11 [1/1] (0.00ns)   --->   "%add120_7201 = alloca i32 1"   --->   Operation 11 'alloca' 'add120_7201' <Predicate = true> <Delay = 0.00>
ST_1 : Operation 12 [1/1] (0.00ns)   --->   "%add120_8202 = alloca i32 1"   --->   Operation 12 'alloca' 'add120_8202' <Predicate = true> <Delay = 0.00>
ST_1 : Operation 13 [1/1] (0.00ns)   --->   "%add120_9203 = alloca i32 1"   --->   Operation 13 'alloca' 'add120_9203' <Predicate = true> <Delay = 0.00>
ST_1 : Operation 14 [1/1] (0.00ns)   --->   "%i1 = alloca i32 1"   --->   Operation 14 'alloca' 'i1' <Predicate = true> <Delay = 0.00>
ST_1 : Operation 15 [1/1] (0.00ns)   --->   "%arg2_r_6_reload_read = read i32 @_ssdm_op_Read.ap_auto.i32, i32 %arg2_r_6_reload"   --->   Operation 15 'read' 'arg2_r_6_reload_read' <Predicate = true> <Delay = 0.00>
ST_1 : Operation 16 [1/1] (0.00ns)   --->   "%arg2_r_5_reload_read = read i32 @_ssdm_op_Read.ap_auto.i32, i32 %arg2_r_5_reload"   --->   Operation 16 'read' 'arg2_r_5_reload_read' <Predicate = true> <Delay = 0.00>
ST_1 : Operation 17 [1/1] (0.00ns)   --->   "%arg2_r_4_reload_read = read i32 @_ssdm_op_Read.ap_auto.i32, i32 %arg2_r_4_reload"   --->   Operation 17 'read' 'arg2_r_4_reload_read' <Predicate = true> <Delay = 0.00>
ST_1 : Operation 18 [1/1] (0.00ns)   --->   "%arg2_r_3_reload_read = read i32 @_ssdm_op_Read.ap_auto.i32, i32 %arg2_r_3_reload"   --->   Operation 18 'read' 'arg2_r_3_reload_read' <Predicate = true> <Delay = 0.00>
ST_1 : Operation 19 [1/1] (0.00ns)   --->   "%arg2_r_2_reload_read = read i32 @_ssdm_op_Read.ap_auto.i32, i32 %arg2_r_2_reload"   --->   Operation 19 'read' 'arg2_r_2_reload_read' <Predicate = true> <Delay = 0.00>
ST_1 : Operation 20 [1/1] (0.00ns)   --->   "%arg2_r_1_reload_read = read i32 @_ssdm_op_Read.ap_auto.i32, i32 %arg2_r_1_reload"   --->   Operation 20 'read' 'arg2_r_1_reload_read' <Predicate = true> <Delay = 0.00>
ST_1 : Operation 21 [1/1] (0.00ns)   --->   "%arg2_r_9_reload_read = read i32 @_ssdm_op_Read.ap_auto.i32, i32 %arg2_r_9_reload"   --->   Operation 21 'read' 'arg2_r_9_reload_read' <Predicate = true> <Delay = 0.00>
ST_1 : Operation 22 [1/1] (0.00ns)   --->   "%arg2_r_8_reload_read = read i32 @_ssdm_op_Read.ap_auto.i32, i32 %arg2_r_8_reload"   --->   Operation 22 'read' 'arg2_r_8_reload_read' <Predicate = true> <Delay = 0.00>
ST_1 : Operation 23 [1/1] (0.00ns)   --->   "%arg2_r_7_reload_read = read i32 @_ssdm_op_Read.ap_auto.i32, i32 %arg2_r_7_reload"   --->   Operation 23 'read' 'arg2_r_7_reload_read' <Predicate = true> <Delay = 0.00>
ST_1 : Operation 24 [1/1] (0.00ns)   --->   "%arg2_r_reload_read = read i32 @_ssdm_op_Read.ap_auto.i32, i32 %arg2_r_reload"   --->   Operation 24 'read' 'arg2_r_reload_read' <Predicate = true> <Delay = 0.00>
ST_1 : Operation 25 [1/1] (0.00ns)   --->   "%arg1_r_9_reload_read = read i32 @_ssdm_op_Read.ap_auto.i32, i32 %arg1_r_9_reload"   --->   Operation 25 'read' 'arg1_r_9_reload_read' <Predicate = true> <Delay = 0.00>
ST_1 : Operation 26 [1/1] (0.00ns)   --->   "%arg1_r_8_reload_read = read i32 @_ssdm_op_Read.ap_auto.i32, i32 %arg1_r_8_reload"   --->   Operation 26 'read' 'arg1_r_8_reload_read' <Predicate = true> <Delay = 0.00>
ST_1 : Operation 27 [1/1] (0.00ns)   --->   "%arg1_r_7_reload_read = read i32 @_ssdm_op_Read.ap_auto.i32, i32 %arg1_r_7_reload"   --->   Operation 27 'read' 'arg1_r_7_reload_read' <Predicate = true> <Delay = 0.00>
ST_1 : Operation 28 [1/1] (0.00ns)   --->   "%arg1_r_6_reload_read = read i32 @_ssdm_op_Read.ap_auto.i32, i32 %arg1_r_6_reload"   --->   Operation 28 'read' 'arg1_r_6_reload_read' <Predicate = true> <Delay = 0.00>
ST_1 : Operation 29 [1/1] (0.00ns)   --->   "%arg1_r_5_reload_read = read i32 @_ssdm_op_Read.ap_auto.i32, i32 %arg1_r_5_reload"   --->   Operation 29 'read' 'arg1_r_5_reload_read' <Predicate = true> <Delay = 0.00>
ST_1 : Operation 30 [1/1] (0.00ns)   --->   "%arg1_r_4_reload_read = read i32 @_ssdm_op_Read.ap_auto.i32, i32 %arg1_r_4_reload"   --->   Operation 30 'read' 'arg1_r_4_reload_read' <Predicate = true> <Delay = 0.00>
ST_1 : Operation 31 [1/1] (0.00ns)   --->   "%arg1_r_3_reload_read = read i32 @_ssdm_op_Read.ap_auto.i32, i32 %arg1_r_3_reload"   --->   Operation 31 'read' 'arg1_r_3_reload_read' <Predicate = true> <Delay = 0.00>
ST_1 : Operation 32 [1/1] (0.00ns)   --->   "%arg1_r_2_reload_read = read i32 @_ssdm_op_Read.ap_auto.i32, i32 %arg1_r_2_reload"   --->   Operation 32 'read' 'arg1_r_2_reload_read' <Predicate = true> <Delay = 0.00>
ST_1 : Operation 33 [1/1] (0.00ns)   --->   "%arg1_r_1_reload_read = read i32 @_ssdm_op_Read.ap_auto.i32, i32 %arg1_r_1_reload"   --->   Operation 33 'read' 'arg1_r_1_reload_read' <Predicate = true> <Delay = 0.00>
ST_1 : Operation 34 [1/1] (0.00ns)   --->   "%arg1_r_reload_read = read i32 @_ssdm_op_Read.ap_auto.i32, i32 %arg1_r_reload"   --->   Operation 34 'read' 'arg1_r_reload_read' <Predicate = true> <Delay = 0.00>
ST_1 : Operation 35 [1/1] (0.00ns)   --->   "%arr_8_read = read i64 @_ssdm_op_Read.ap_auto.i64, i64 %arr_8"   --->   Operation 35 'read' 'arr_8_read' <Predicate = true> <Delay = 0.00>
ST_1 : Operation 36 [1/1] (0.00ns)   --->   "%arr_7_read = read i64 @_ssdm_op_Read.ap_auto.i64, i64 %arr_7"   --->   Operation 36 'read' 'arr_7_read' <Predicate = true> <Delay = 0.00>
ST_1 : Operation 37 [1/1] (0.00ns)   --->   "%arr_6_read = read i64 @_ssdm_op_Read.ap_auto.i64, i64 %arr_6"   --->   Operation 37 'read' 'arr_6_read' <Predicate = true> <Delay = 0.00>
ST_1 : Operation 38 [1/1] (0.00ns)   --->   "%arr_5_read = read i64 @_ssdm_op_Read.ap_auto.i64, i64 %arr_5"   --->   Operation 38 'read' 'arr_5_read' <Predicate = true> <Delay = 0.00>
ST_1 : Operation 39 [1/1] (0.00ns)   --->   "%arr_4_read = read i64 @_ssdm_op_Read.ap_auto.i64, i64 %arr_4"   --->   Operation 39 'read' 'arr_4_read' <Predicate = true> <Delay = 0.00>
ST_1 : Operation 40 [1/1] (0.00ns)   --->   "%arr_3_read = read i64 @_ssdm_op_Read.ap_auto.i64, i64 %arr_3"   --->   Operation 40 'read' 'arr_3_read' <Predicate = true> <Delay = 0.00>
ST_1 : Operation 41 [1/1] (0.00ns)   --->   "%arr_2_read = read i64 @_ssdm_op_Read.ap_auto.i64, i64 %arr_2"   --->   Operation 41 'read' 'arr_2_read' <Predicate = true> <Delay = 0.00>
ST_1 : Operation 42 [1/1] (0.00ns)   --->   "%arr_1_read = read i64 @_ssdm_op_Read.ap_auto.i64, i64 %arr_1"   --->   Operation 42 'read' 'arr_1_read' <Predicate = true> <Delay = 0.00>
ST_1 : Operation 43 [1/1] (0.00ns)   --->   "%arr_read = read i64 @_ssdm_op_Read.ap_auto.i64, i64 %arr"   --->   Operation 43 'read' 'arr_read' <Predicate = true> <Delay = 0.00>
ST_1 : Operation 44 [1/1] (0.42ns)   --->   "%store_ln0 = store i5 9, i5 %i1"   --->   Operation 44 'store' 'store_ln0' <Predicate = true> <Delay = 0.42>
ST_1 : Operation 45 [1/1] (0.42ns)   --->   "%store_ln0 = store i64 0, i64 %add120_9203"   --->   Operation 45 'store' 'store_ln0' <Predicate = true> <Delay = 0.42>
ST_1 : Operation 46 [1/1] (0.42ns)   --->   "%store_ln0 = store i64 %arr_read, i64 %add120_8202"   --->   Operation 46 'store' 'store_ln0' <Predicate = true> <Delay = 0.42>
ST_1 : Operation 47 [1/1] (0.42ns)   --->   "%store_ln0 = store i64 %arr_1_read, i64 %add120_7201"   --->   Operation 47 'store' 'store_ln0' <Predicate = true> <Delay = 0.42>
ST_1 : Operation 48 [1/1] (0.42ns)   --->   "%store_ln0 = store i64 %arr_2_read, i64 %add120_6200"   --->   Operation 48 'store' 'store_ln0' <Predicate = true> <Delay = 0.42>
ST_1 : Operation 49 [1/1] (0.42ns)   --->   "%store_ln0 = store i64 %arr_3_read, i64 %add120_5199"   --->   Operation 49 'store' 'store_ln0' <Predicate = true> <Delay = 0.42>
ST_1 : Operation 50 [1/1] (0.42ns)   --->   "%store_ln0 = store i64 %arr_4_read, i64 %add120_4198"   --->   Operation 50 'store' 'store_ln0' <Predicate = true> <Delay = 0.42>
ST_1 : Operation 51 [1/1] (0.42ns)   --->   "%store_ln0 = store i64 %arr_5_read, i64 %add120_3197"   --->   Operation 51 'store' 'store_ln0' <Predicate = true> <Delay = 0.42>
ST_1 : Operation 52 [1/1] (0.42ns)   --->   "%store_ln0 = store i64 %arr_6_read, i64 %add120_2196"   --->   Operation 52 'store' 'store_ln0' <Predicate = true> <Delay = 0.42>
ST_1 : Operation 53 [1/1] (0.42ns)   --->   "%store_ln0 = store i64 %arr_7_read, i64 %add120_1195"   --->   Operation 53 'store' 'store_ln0' <Predicate = true> <Delay = 0.42>
ST_1 : Operation 54 [1/1] (0.42ns)   --->   "%store_ln0 = store i64 %arr_8_read, i64 %add120194"   --->   Operation 54 'store' 'store_ln0' <Predicate = true> <Delay = 0.42>
ST_1 : Operation 55 [1/1] (0.00ns)   --->   "%br_ln0 = br void %for.body87"   --->   Operation 55 'br' 'br_ln0' <Predicate = true> <Delay = 0.00>

State 2 <SV = 1> <Delay = 6.94>
ST_2 : Operation 56 [1/1] (0.00ns)   --->   "%i1_1 = load i5 %i1"   --->   Operation 56 'load' 'i1_1' <Predicate = true> <Delay = 0.00>
ST_2 : Operation 57 [1/1] (0.00ns)   --->   "%tmp_10 = bitselect i1 @_ssdm_op_BitSelect.i1.i5.i32, i5 %i1_1, i32 4" [d3.cpp:55]   --->   Operation 57 'bitselect' 'tmp_10' <Predicate = true> <Delay = 0.00>
ST_2 : Operation 58 [1/1] (0.00ns)   --->   "%br_ln55 = br i1 %tmp_10, void %for.body87.split, void %for.end132.exitStub" [d3.cpp:55]   --->   Operation 58 'br' 'br_ln55' <Predicate = true> <Delay = 0.00>
ST_2 : Operation 59 [1/1] (0.00ns)   --->   "%add120194_load = load i64 %add120194" [d3.cpp:68]   --->   Operation 59 'load' 'add120194_load' <Predicate = (!tmp_10)> <Delay = 0.00>
ST_2 : Operation 60 [1/1] (0.00ns)   --->   "%add120_1195_load = load i64 %add120_1195" [d3.cpp:68]   --->   Operation 60 'load' 'add120_1195_load' <Predicate = (!tmp_10)> <Delay = 0.00>
ST_2 : Operation 61 [1/1] (0.00ns)   --->   "%add120_2196_load = load i64 %add120_2196" [d3.cpp:68]   --->   Operation 61 'load' 'add120_2196_load' <Predicate = (!tmp_10)> <Delay = 0.00>
ST_2 : Operation 62 [1/1] (0.00ns)   --->   "%add120_3197_load = load i64 %add120_3197" [d3.cpp:68]   --->   Operation 62 'load' 'add120_3197_load' <Predicate = (!tmp_10)> <Delay = 0.00>
ST_2 : Operation 63 [1/1] (0.00ns)   --->   "%add120_4198_load = load i64 %add120_4198" [d3.cpp:68]   --->   Operation 63 'load' 'add120_4198_load' <Predicate = (!tmp_10)> <Delay = 0.00>
ST_2 : Operation 64 [1/1] (0.00ns)   --->   "%add120_5199_load = load i64 %add120_5199" [d3.cpp:68]   --->   Operation 64 'load' 'add120_5199_load' <Predicate = (!tmp_10)> <Delay = 0.00>
ST_2 : Operation 65 [1/1] (0.00ns)   --->   "%add120_6200_load = load i64 %add120_6200" [d3.cpp:68]   --->   Operation 65 'load' 'add120_6200_load' <Predicate = (!tmp_10)> <Delay = 0.00>
ST_2 : Operation 66 [1/1] (0.00ns)   --->   "%add120_7201_load = load i64 %add120_7201" [d3.cpp:68]   --->   Operation 66 'load' 'add120_7201_load' <Predicate = (!tmp_10)> <Delay = 0.00>
ST_2 : Operation 67 [1/1] (0.00ns)   --->   "%add120_8202_load = load i64 %add120_8202" [d3.cpp:68]   --->   Operation 67 'load' 'add120_8202_load' <Predicate = (!tmp_10)> <Delay = 0.00>
ST_2 : Operation 68 [1/1] (0.00ns)   --->   "%add120_9203_load = load i64 %add120_9203" [d3.cpp:68]   --->   Operation 68 'load' 'add120_9203_load' <Predicate = (!tmp_10)> <Delay = 0.00>
ST_2 : Operation 69 [1/1] (0.00ns)   --->   "%specpipeline_ln57 = specpipeline void @_ssdm_op_SpecPipeline, i32 1, i32 0, i32 0, i32 0, void @empty_14" [d3.cpp:57]   --->   Operation 69 'specpipeline' 'specpipeline_ln57' <Predicate = (!tmp_10)> <Delay = 0.00>
ST_2 : Operation 70 [1/1] (0.00ns)   --->   "%speclooptripcount_ln55 = speclooptripcount void @_ssdm_op_SpecLoopTripCount, i64 10, i64 10, i64 10" [d3.cpp:55]   --->   Operation 70 'speclooptripcount' 'speclooptripcount_ln55' <Predicate = (!tmp_10)> <Delay = 0.00>
ST_2 : Operation 71 [1/1] (0.00ns)   --->   "%specloopname_ln55 = specloopname void @_ssdm_op_SpecLoopName, void @empty_11" [d3.cpp:55]   --->   Operation 71 'specloopname' 'specloopname_ln55' <Predicate = (!tmp_10)> <Delay = 0.00>
ST_2 : Operation 72 [1/1] (0.00ns)   --->   "%trunc_ln55 = trunc i5 %i1_1" [d3.cpp:55]   --->   Operation 72 'trunc' 'trunc_ln55' <Predicate = (!tmp_10)> <Delay = 0.00>
ST_2 : Operation 73 [1/1] (0.00ns)   --->   "%trunc_ln55_1 = trunc i5 %i1_1" [d3.cpp:55]   --->   Operation 73 'trunc' 'trunc_ln55_1' <Predicate = (!tmp_10)> <Delay = 0.00>
ST_2 : Operation 74 [1/1] (0.00ns)   --->   "%trunc_ln55_2 = trunc i5 %i1_1" [d3.cpp:55]   --->   Operation 74 'trunc' 'trunc_ln55_2' <Predicate = (!tmp_10)> <Delay = 0.00>
ST_2 : Operation 75 [1/1] (0.00ns)   --->   "%empty = trunc i5 %i1_1"   --->   Operation 75 'trunc' 'empty' <Predicate = (!tmp_10)> <Delay = 0.00>
ST_2 : Operation 76 [1/1] (0.78ns)   --->   "%empty_22 = add i5 %i1_1, i5 9"   --->   Operation 76 'add' 'empty_22' <Predicate = (!tmp_10)> <Delay = 0.78> <CoreInst = "Adder">   --->   Core 1 'Adder' <Latency = 0> <II = 1> <Delay = 0.78> <FuncUnit> <Opcode : 'add' 'sub'> <InPorts = 2> <OutPorts = 1>
ST_2 : Operation 77 [1/1] (0.75ns)   --->   "%tmp = mux i32 @_ssdm_op_Mux.ap_auto.10i32.i4, i32 %arg1_r_reload_read, i32 %arg1_r_1_reload_read, i32 %arg1_r_2_reload_read, i32 %arg1_r_3_reload_read, i32 %arg1_r_4_reload_read, i32 %arg1_r_5_reload_read, i32 %arg1_r_6_reload_read, i32 %arg1_r_7_reload_read, i32 %arg1_r_8_reload_read, i32 %arg1_r_9_reload_read, i4 %trunc_ln55" [d3.cpp:68]   --->   Operation 77 'mux' 'tmp' <Predicate = (!tmp_10)> <Delay = 0.75> <CoreInst = "Multiplexer">   --->   Core 76 'Multiplexer' <Latency = 0> <II = 1> <Delay = 0.75> <FuncUnit> <Opcode : 'mux'> <InPorts = 2> <OutPorts = 1>
ST_2 : Operation 78 [1/1] (0.00ns)   --->   "%zext_ln68 = zext i32 %tmp" [d3.cpp:68]   --->   Operation 78 'zext' 'zext_ln68' <Predicate = (!tmp_10)> <Delay = 0.00>
ST_2 : Operation 79 [1/1] (0.79ns)   --->   "%sub_ln68 = sub i4 0, i4 %trunc_ln55" [d3.cpp:68]   --->   Operation 79 'sub' 'sub_ln68' <Predicate = (!tmp_10)> <Delay = 0.79> <CoreInst = "Adder">   --->   Core 1 'Adder' <Latency = 0> <II = 1> <Delay = 0.79> <FuncUnit> <Opcode : 'add' 'sub'> <InPorts = 2> <OutPorts = 1>
ST_2 : Operation 80 [1/1] (0.75ns)   --->   "%tmp_1 = mux i32 @_ssdm_op_Mux.ap_auto.10i32.i4, i32 %arg2_r_reload_read, i32 0, i32 0, i32 0, i32 0, i32 0, i32 0, i32 %arg2_r_7_reload_read, i32 %arg2_r_8_reload_read, i32 %arg2_r_9_reload_read, i4 %sub_ln68" [d3.cpp:68]   --->   Operation 80 'mux' 'tmp_1' <Predicate = (!tmp_10)> <Delay = 0.75> <CoreInst = "Multiplexer">   --->   Core 76 'Multiplexer' <Latency = 0> <II = 1> <Delay = 0.75> <FuncUnit> <Opcode : 'mux'> <InPorts = 2> <OutPorts = 1>
ST_2 : Operation 81 [1/1] (0.00ns) (grouped into LUT with out node select_ln68)   --->   "%shl_ln68 = shl i32 %tmp_1, i32 1" [d3.cpp:68]   --->   Operation 81 'shl' 'shl_ln68' <Predicate = (!tmp_10)> <Delay = 0.00>
ST_2 : Operation 82 [1/1] (0.44ns) (out node of the LUT)   --->   "%select_ln68 = select i1 %empty, i32 %shl_ln68, i32 %tmp_1" [d3.cpp:68]   --->   Operation 82 'select' 'select_ln68' <Predicate = (!tmp_10)> <Delay = 0.44> <CoreInst = "Sel">   --->   Core 73 'Sel' <Latency = 0> <II = 1> <Delay = 0.44> <FuncUnit> <Opcode : 'select'> <InPorts = 3> <OutPorts = 1>
ST_2 : Operation 83 [1/1] (0.00ns)   --->   "%zext_ln68_1 = zext i32 %select_ln68" [d3.cpp:68]   --->   Operation 83 'zext' 'zext_ln68_1' <Predicate = (!tmp_10)> <Delay = 0.00>
ST_2 : Operation 84 [1/1] (0.78ns)   --->   "%icmp_ln68 = icmp_ult  i5 %empty_22, i5 10" [d3.cpp:68]   --->   Operation 84 'icmp' 'icmp_ln68' <Predicate = (!tmp_10)> <Delay = 0.78> <CoreInst = "Cmp">   --->   Core 9 'Cmp' <Latency = 0> <II = 1> <Delay = 0.78> <FuncUnit> <Opcode : 'icmp'> <InPorts = 2> <OutPorts = 1>
ST_2 : [1/1] (0.95ns)   --->   Input mux for Operation 85 '%mul_ln68 = mul i64 %zext_ln68_1, i64 %zext_ln68'
ST_2 : Operation 85 [1/1] (2.46ns)   --->   "%mul_ln68 = mul i64 %zext_ln68_1, i64 %zext_ln68" [d3.cpp:68]   --->   Operation 85 'mul' 'mul_ln68' <Predicate = (!tmp_10)> <Delay = 2.46> <CoreInst = "Multiplier">   --->   Core 3 'Multiplier' <Latency = 0> <II = 1> <Delay = 3.42> <FuncUnit> <Opcode : 'mul'> <InPorts = 2> <OutPorts = 1>
ST_2 : Operation 86 [1/1] (0.00ns) (grouped into LUT with out node add_ln68)   --->   "%select_ln68_5 = select i1 %icmp_ln68, i64 18446744073709551615, i64 0" [d3.cpp:68]   --->   Operation 86 'select' 'select_ln68_5' <Predicate = (!tmp_10)> <Delay = 0.00> <CoreInst = "Sel">   --->   Core 73 'Sel' <Latency = 0> <II = 1> <Delay = 0.17> <FuncUnit> <Opcode : 'select'> <InPorts = 3> <OutPorts = 1>
ST_2 : Operation 87 [1/1] (0.00ns) (grouped into LUT with out node add_ln68)   --->   "%and_ln68 = and i64 %mul_ln68, i64 %select_ln68_5" [d3.cpp:68]   --->   Operation 87 'and' 'and_ln68' <Predicate = (!tmp_10)> <Delay = 0.00> <CoreInst = "LogicGate">   --->   Core 74 'LogicGate' <Latency = 0> <II = 1> <Delay = 0.37> <FuncUnit> <Opcode : 'and' 'or' 'xor'> <InPorts = 2> <OutPorts = 1>
ST_2 : Operation 88 [1/1] (1.08ns) (out node of the LUT)   --->   "%add_ln68 = add i64 %and_ln68, i64 %add120194_load" [d3.cpp:68]   --->   Operation 88 'add' 'add_ln68' <Predicate = (!tmp_10)> <Delay = 1.08> <CoreInst = "Adder">   --->   Core 1 'Adder' <Latency = 0> <II = 1> <Delay = 1.08> <FuncUnit> <Opcode : 'add' 'sub'> <InPorts = 2> <OutPorts = 1>
ST_2 : Operation 89 [1/1] (0.78ns)   --->   "%empty_23 = add i5 %i1_1, i5 8"   --->   Operation 89 'add' 'empty_23' <Predicate = (!tmp_10)> <Delay = 0.78> <CoreInst = "Adder">   --->   Core 1 'Adder' <Latency = 0> <II = 1> <Delay = 0.78> <FuncUnit> <Opcode : 'add' 'sub'> <InPorts = 2> <OutPorts = 1>
ST_2 : Operation 90 [1/1] (0.79ns)   --->   "%sub_ln68_1 = sub i4 1, i4 %trunc_ln55" [d3.cpp:68]   --->   Operation 90 'sub' 'sub_ln68_1' <Predicate = (!tmp_10)> <Delay = 0.79> <CoreInst = "Adder">   --->   Core 1 'Adder' <Latency = 0> <II = 1> <Delay = 0.79> <FuncUnit> <Opcode : 'add' 'sub'> <InPorts = 2> <OutPorts = 1>
ST_2 : Operation 91 [1/1] (0.75ns)   --->   "%tmp_2 = mux i32 @_ssdm_op_Mux.ap_auto.10i32.i4, i32 %arg2_r_reload_read, i32 %arg2_r_1_reload_read, i32 0, i32 0, i32 0, i32 0, i32 0, i32 0, i32 %arg2_r_8_reload_read, i32 %arg2_r_9_reload_read, i4 %sub_ln68_1" [d3.cpp:68]   --->   Operation 91 'mux' 'tmp_2' <Predicate = (!tmp_10)> <Delay = 0.75> <CoreInst = "Multiplexer">   --->   Core 76 'Multiplexer' <Latency = 0> <II = 1> <Delay = 0.75> <FuncUnit> <Opcode : 'mux'> <InPorts = 2> <OutPorts = 1>
ST_2 : Operation 92 [1/1] (0.00ns)   --->   "%zext_ln68_2 = zext i32 %tmp_2" [d3.cpp:68]   --->   Operation 92 'zext' 'zext_ln68_2' <Predicate = (!tmp_10)> <Delay = 0.00>
ST_2 : Operation 93 [1/1] (0.78ns)   --->   "%icmp_ln68_1 = icmp_ult  i5 %empty_23, i5 10" [d3.cpp:68]   --->   Operation 93 'icmp' 'icmp_ln68_1' <Predicate = (!tmp_10)> <Delay = 0.78> <CoreInst = "Cmp">   --->   Core 9 'Cmp' <Latency = 0> <II = 1> <Delay = 0.78> <FuncUnit> <Opcode : 'icmp'> <InPorts = 2> <OutPorts = 1>
ST_2 : [1/1] (0.95ns)   --->   Input mux for Operation 94 '%mul_ln68_1 = mul i64 %zext_ln68_2, i64 %zext_ln68'
ST_2 : Operation 94 [1/1] (2.46ns)   --->   "%mul_ln68_1 = mul i64 %zext_ln68_2, i64 %zext_ln68" [d3.cpp:68]   --->   Operation 94 'mul' 'mul_ln68_1' <Predicate = (!tmp_10)> <Delay = 2.46> <CoreInst = "Multiplier">   --->   Core 3 'Multiplier' <Latency = 0> <II = 1> <Delay = 3.42> <FuncUnit> <Opcode : 'mul'> <InPorts = 2> <OutPorts = 1>
ST_2 : Operation 95 [1/1] (0.00ns) (grouped into LUT with out node add_ln68_1)   --->   "%select_ln68_6 = select i1 %icmp_ln68_1, i64 18446744073709551615, i64 0" [d3.cpp:68]   --->   Operation 95 'select' 'select_ln68_6' <Predicate = (!tmp_10)> <Delay = 0.00> <CoreInst = "Sel">   --->   Core 73 'Sel' <Latency = 0> <II = 1> <Delay = 0.17> <FuncUnit> <Opcode : 'select'> <InPorts = 3> <OutPorts = 1>
ST_2 : Operation 96 [1/1] (0.00ns) (grouped into LUT with out node add_ln68_1)   --->   "%and_ln68_1 = and i64 %mul_ln68_1, i64 %select_ln68_6" [d3.cpp:68]   --->   Operation 96 'and' 'and_ln68_1' <Predicate = (!tmp_10)> <Delay = 0.00> <CoreInst = "LogicGate">   --->   Core 74 'LogicGate' <Latency = 0> <II = 1> <Delay = 0.37> <FuncUnit> <Opcode : 'and' 'or' 'xor'> <InPorts = 2> <OutPorts = 1>
ST_2 : Operation 97 [1/1] (1.08ns) (out node of the LUT)   --->   "%add_ln68_1 = add i64 %and_ln68_1, i64 %add120_1195_load" [d3.cpp:68]   --->   Operation 97 'add' 'add_ln68_1' <Predicate = (!tmp_10)> <Delay = 1.08> <CoreInst = "Adder">   --->   Core 1 'Adder' <Latency = 0> <II = 1> <Delay = 1.08> <FuncUnit> <Opcode : 'add' 'sub'> <InPorts = 2> <OutPorts = 1>
ST_2 : Operation 98 [1/1] (0.78ns)   --->   "%empty_24 = add i5 %i1_1, i5 7"   --->   Operation 98 'add' 'empty_24' <Predicate = (!tmp_10)> <Delay = 0.78> <CoreInst = "Adder">   --->   Core 1 'Adder' <Latency = 0> <II = 1> <Delay = 0.78> <FuncUnit> <Opcode : 'add' 'sub'> <InPorts = 2> <OutPorts = 1>
ST_2 : Operation 99 [1/1] (0.79ns)   --->   "%sub_ln68_2 = sub i4 2, i4 %trunc_ln55" [d3.cpp:68]   --->   Operation 99 'sub' 'sub_ln68_2' <Predicate = (!tmp_10)> <Delay = 0.79> <CoreInst = "Adder">   --->   Core 1 'Adder' <Latency = 0> <II = 1> <Delay = 0.79> <FuncUnit> <Opcode : 'add' 'sub'> <InPorts = 2> <OutPorts = 1>
ST_2 : Operation 100 [1/1] (0.75ns)   --->   "%tmp_3 = mux i32 @_ssdm_op_Mux.ap_auto.10i32.i4, i32 %arg2_r_reload_read, i32 %arg2_r_1_reload_read, i32 %arg2_r_2_reload_read, i32 0, i32 0, i32 0, i32 0, i32 0, i32 0, i32 %arg2_r_9_reload_read, i4 %sub_ln68_2" [d3.cpp:68]   --->   Operation 100 'mux' 'tmp_3' <Predicate = (!tmp_10)> <Delay = 0.75> <CoreInst = "Multiplexer">   --->   Core 76 'Multiplexer' <Latency = 0> <II = 1> <Delay = 0.75> <FuncUnit> <Opcode : 'mux'> <InPorts = 2> <OutPorts = 1>
ST_2 : Operation 101 [1/1] (0.00ns) (grouped into LUT with out node select_ln68_1)   --->   "%shl_ln68_1 = shl i32 %tmp_3, i32 1" [d3.cpp:68]   --->   Operation 101 'shl' 'shl_ln68_1' <Predicate = (!tmp_10)> <Delay = 0.00>
ST_2 : Operation 102 [1/1] (0.44ns) (out node of the LUT)   --->   "%select_ln68_1 = select i1 %empty, i32 %shl_ln68_1, i32 %tmp_3" [d3.cpp:68]   --->   Operation 102 'select' 'select_ln68_1' <Predicate = (!tmp_10)> <Delay = 0.44> <CoreInst = "Sel">   --->   Core 73 'Sel' <Latency = 0> <II = 1> <Delay = 0.44> <FuncUnit> <Opcode : 'select'> <InPorts = 3> <OutPorts = 1>
ST_2 : Operation 103 [1/1] (0.00ns)   --->   "%zext_ln68_3 = zext i32 %select_ln68_1" [d3.cpp:68]   --->   Operation 103 'zext' 'zext_ln68_3' <Predicate = (!tmp_10)> <Delay = 0.00>
ST_2 : Operation 104 [1/1] (0.78ns)   --->   "%icmp_ln68_2 = icmp_ult  i5 %empty_24, i5 10" [d3.cpp:68]   --->   Operation 104 'icmp' 'icmp_ln68_2' <Predicate = (!tmp_10)> <Delay = 0.78> <CoreInst = "Cmp">   --->   Core 9 'Cmp' <Latency = 0> <II = 1> <Delay = 0.78> <FuncUnit> <Opcode : 'icmp'> <InPorts = 2> <OutPorts = 1>
ST_2 : [1/1] (0.95ns)   --->   Input mux for Operation 105 '%mul_ln68_2 = mul i64 %zext_ln68_3, i64 %zext_ln68'
ST_2 : Operation 105 [1/1] (2.46ns)   --->   "%mul_ln68_2 = mul i64 %zext_ln68_3, i64 %zext_ln68" [d3.cpp:68]   --->   Operation 105 'mul' 'mul_ln68_2' <Predicate = (!tmp_10)> <Delay = 2.46> <CoreInst = "Multiplier">   --->   Core 3 'Multiplier' <Latency = 0> <II = 1> <Delay = 3.42> <FuncUnit> <Opcode : 'mul'> <InPorts = 2> <OutPorts = 1>
ST_2 : Operation 106 [1/1] (0.00ns) (grouped into LUT with out node add_ln68_2)   --->   "%select_ln68_7 = select i1 %icmp_ln68_2, i64 18446744073709551615, i64 0" [d3.cpp:68]   --->   Operation 106 'select' 'select_ln68_7' <Predicate = (!tmp_10)> <Delay = 0.00> <CoreInst = "Sel">   --->   Core 73 'Sel' <Latency = 0> <II = 1> <Delay = 0.17> <FuncUnit> <Opcode : 'select'> <InPorts = 3> <OutPorts = 1>
ST_2 : Operation 107 [1/1] (0.00ns) (grouped into LUT with out node add_ln68_2)   --->   "%and_ln68_2 = and i64 %mul_ln68_2, i64 %select_ln68_7" [d3.cpp:68]   --->   Operation 107 'and' 'and_ln68_2' <Predicate = (!tmp_10)> <Delay = 0.00> <CoreInst = "LogicGate">   --->   Core 74 'LogicGate' <Latency = 0> <II = 1> <Delay = 0.37> <FuncUnit> <Opcode : 'and' 'or' 'xor'> <InPorts = 2> <OutPorts = 1>
ST_2 : Operation 108 [1/1] (1.08ns) (out node of the LUT)   --->   "%add_ln68_2 = add i64 %and_ln68_2, i64 %add120_2196_load" [d3.cpp:68]   --->   Operation 108 'add' 'add_ln68_2' <Predicate = (!tmp_10)> <Delay = 1.08> <CoreInst = "Adder">   --->   Core 1 'Adder' <Latency = 0> <II = 1> <Delay = 1.08> <FuncUnit> <Opcode : 'add' 'sub'> <InPorts = 2> <OutPorts = 1>
ST_2 : Operation 109 [1/1] (0.78ns)   --->   "%empty_25 = add i5 %i1_1, i5 6"   --->   Operation 109 'add' 'empty_25' <Predicate = (!tmp_10)> <Delay = 0.78> <CoreInst = "Adder">   --->   Core 1 'Adder' <Latency = 0> <II = 1> <Delay = 0.78> <FuncUnit> <Opcode : 'add' 'sub'> <InPorts = 2> <OutPorts = 1>
ST_2 : Operation 110 [1/1] (0.28ns)   --->   "%xor_ln68 = xor i2 %trunc_ln55_2, i2 3" [d3.cpp:68]   --->   Operation 110 'xor' 'xor_ln68' <Predicate = (!tmp_10)> <Delay = 0.28> <CoreInst = "LogicGate">   --->   Core 74 'LogicGate' <Latency = 0> <II = 1> <Delay = 0.28> <FuncUnit> <Opcode : 'and' 'or' 'xor'> <InPorts = 2> <OutPorts = 1>
ST_2 : Operation 111 [1/1] (0.52ns)   --->   "%tmp_4 = mux i32 @_ssdm_op_Mux.ap_auto.4i32.i2, i32 %arg2_r_reload_read, i32 %arg2_r_1_reload_read, i32 %arg2_r_2_reload_read, i32 %arg2_r_3_reload_read, i2 %xor_ln68" [d3.cpp:68]   --->   Operation 111 'mux' 'tmp_4' <Predicate = (!tmp_10)> <Delay = 0.52> <CoreInst = "Multiplexer">   --->   Core 76 'Multiplexer' <Latency = 0> <II = 1> <Delay = 0.52> <FuncUnit> <Opcode : 'mux'> <InPorts = 2> <OutPorts = 1>
ST_2 : Operation 112 [1/1] (0.00ns)   --->   "%zext_ln68_4 = zext i32 %tmp_4" [d3.cpp:68]   --->   Operation 112 'zext' 'zext_ln68_4' <Predicate = (!tmp_10)> <Delay = 0.00>
ST_2 : Operation 113 [1/1] (0.78ns)   --->   "%icmp_ln68_3 = icmp_slt  i5 %empty_25, i5 10" [d3.cpp:68]   --->   Operation 113 'icmp' 'icmp_ln68_3' <Predicate = (!tmp_10)> <Delay = 0.78> <CoreInst = "Cmp">   --->   Core 9 'Cmp' <Latency = 0> <II = 1> <Delay = 0.78> <FuncUnit> <Opcode : 'icmp'> <InPorts = 2> <OutPorts = 1>
ST_2 : [1/1] (0.95ns)   --->   Input mux for Operation 114 '%mul_ln68_3 = mul i64 %zext_ln68_4, i64 %zext_ln68'
ST_2 : Operation 114 [1/1] (2.46ns)   --->   "%mul_ln68_3 = mul i64 %zext_ln68_4, i64 %zext_ln68" [d3.cpp:68]   --->   Operation 114 'mul' 'mul_ln68_3' <Predicate = (!tmp_10)> <Delay = 2.46> <CoreInst = "Multiplier">   --->   Core 3 'Multiplier' <Latency = 0> <II = 1> <Delay = 3.42> <FuncUnit> <Opcode : 'mul'> <InPorts = 2> <OutPorts = 1>
ST_2 : Operation 115 [1/1] (0.00ns) (grouped into LUT with out node add_ln68_3)   --->   "%select_ln68_8 = select i1 %icmp_ln68_3, i64 18446744073709551615, i64 0" [d3.cpp:68]   --->   Operation 115 'select' 'select_ln68_8' <Predicate = (!tmp_10)> <Delay = 0.00> <CoreInst = "Sel">   --->   Core 73 'Sel' <Latency = 0> <II = 1> <Delay = 0.17> <FuncUnit> <Opcode : 'select'> <InPorts = 3> <OutPorts = 1>
ST_2 : Operation 116 [1/1] (0.00ns) (grouped into LUT with out node add_ln68_3)   --->   "%and_ln68_3 = and i64 %mul_ln68_3, i64 %select_ln68_8" [d3.cpp:68]   --->   Operation 116 'and' 'and_ln68_3' <Predicate = (!tmp_10)> <Delay = 0.00> <CoreInst = "LogicGate">   --->   Core 74 'LogicGate' <Latency = 0> <II = 1> <Delay = 0.37> <FuncUnit> <Opcode : 'and' 'or' 'xor'> <InPorts = 2> <OutPorts = 1>
ST_2 : Operation 117 [1/1] (1.08ns) (out node of the LUT)   --->   "%add_ln68_3 = add i64 %and_ln68_3, i64 %add120_3197_load" [d3.cpp:68]   --->   Operation 117 'add' 'add_ln68_3' <Predicate = (!tmp_10)> <Delay = 1.08> <CoreInst = "Adder">   --->   Core 1 'Adder' <Latency = 0> <II = 1> <Delay = 1.08> <FuncUnit> <Opcode : 'add' 'sub'> <InPorts = 2> <OutPorts = 1>
ST_2 : Operation 118 [1/1] (0.78ns)   --->   "%empty_26 = add i5 %i1_1, i5 5"   --->   Operation 118 'add' 'empty_26' <Predicate = (!tmp_10)> <Delay = 0.78> <CoreInst = "Adder">   --->   Core 1 'Adder' <Latency = 0> <II = 1> <Delay = 0.78> <FuncUnit> <Opcode : 'add' 'sub'> <InPorts = 2> <OutPorts = 1>
ST_2 : Operation 119 [1/1] (0.67ns)   --->   "%sub_ln68_3 = sub i3 4, i3 %trunc_ln55_1" [d3.cpp:68]   --->   Operation 119 'sub' 'sub_ln68_3' <Predicate = (!tmp_10)> <Delay = 0.67> <CoreInst = "Adder">   --->   Core 1 'Adder' <Latency = 0> <II = 1> <Delay = 0.67> <FuncUnit> <Opcode : 'add' 'sub'> <InPorts = 2> <OutPorts = 1>
ST_2 : Operation 120 [1/1] (0.57ns)   --->   "%tmp_5 = mux i32 @_ssdm_op_Mux.ap_auto.5i32.i3, i32 %arg2_r_reload_read, i32 %arg2_r_1_reload_read, i32 %arg2_r_2_reload_read, i32 %arg2_r_3_reload_read, i32 %arg2_r_4_reload_read, i3 %sub_ln68_3" [d3.cpp:68]   --->   Operation 120 'mux' 'tmp_5' <Predicate = (!tmp_10)> <Delay = 0.57> <CoreInst = "Multiplexer">   --->   Core 76 'Multiplexer' <Latency = 0> <II = 1> <Delay = 0.57> <FuncUnit> <Opcode : 'mux'> <InPorts = 2> <OutPorts = 1>
ST_2 : Operation 121 [1/1] (0.00ns) (grouped into LUT with out node select_ln68_2)   --->   "%shl_ln68_2 = shl i32 %tmp_5, i32 1" [d3.cpp:68]   --->   Operation 121 'shl' 'shl_ln68_2' <Predicate = (!tmp_10)> <Delay = 0.00>
ST_2 : Operation 122 [1/1] (0.44ns) (out node of the LUT)   --->   "%select_ln68_2 = select i1 %empty, i32 %shl_ln68_2, i32 %tmp_5" [d3.cpp:68]   --->   Operation 122 'select' 'select_ln68_2' <Predicate = (!tmp_10)> <Delay = 0.44> <CoreInst = "Sel">   --->   Core 73 'Sel' <Latency = 0> <II = 1> <Delay = 0.44> <FuncUnit> <Opcode : 'select'> <InPorts = 3> <OutPorts = 1>
ST_2 : Operation 123 [1/1] (0.00ns)   --->   "%zext_ln68_5 = zext i32 %select_ln68_2" [d3.cpp:68]   --->   Operation 123 'zext' 'zext_ln68_5' <Predicate = (!tmp_10)> <Delay = 0.00>
ST_2 : Operation 124 [1/1] (0.78ns)   --->   "%icmp_ln68_4 = icmp_slt  i5 %empty_26, i5 10" [d3.cpp:68]   --->   Operation 124 'icmp' 'icmp_ln68_4' <Predicate = (!tmp_10)> <Delay = 0.78> <CoreInst = "Cmp">   --->   Core 9 'Cmp' <Latency = 0> <II = 1> <Delay = 0.78> <FuncUnit> <Opcode : 'icmp'> <InPorts = 2> <OutPorts = 1>
ST_2 : [1/1] (0.95ns)   --->   Input mux for Operation 125 '%mul_ln68_4 = mul i64 %zext_ln68_5, i64 %zext_ln68'
ST_2 : Operation 125 [1/1] (2.46ns)   --->   "%mul_ln68_4 = mul i64 %zext_ln68_5, i64 %zext_ln68" [d3.cpp:68]   --->   Operation 125 'mul' 'mul_ln68_4' <Predicate = (!tmp_10)> <Delay = 2.46> <CoreInst = "Multiplier">   --->   Core 3 'Multiplier' <Latency = 0> <II = 1> <Delay = 3.42> <FuncUnit> <Opcode : 'mul'> <InPorts = 2> <OutPorts = 1>
ST_2 : Operation 126 [1/1] (0.00ns) (grouped into LUT with out node add_ln68_4)   --->   "%select_ln68_9 = select i1 %icmp_ln68_4, i64 18446744073709551615, i64 0" [d3.cpp:68]   --->   Operation 126 'select' 'select_ln68_9' <Predicate = (!tmp_10)> <Delay = 0.00> <CoreInst = "Sel">   --->   Core 73 'Sel' <Latency = 0> <II = 1> <Delay = 0.17> <FuncUnit> <Opcode : 'select'> <InPorts = 3> <OutPorts = 1>
ST_2 : Operation 127 [1/1] (0.00ns) (grouped into LUT with out node add_ln68_4)   --->   "%and_ln68_4 = and i64 %mul_ln68_4, i64 %select_ln68_9" [d3.cpp:68]   --->   Operation 127 'and' 'and_ln68_4' <Predicate = (!tmp_10)> <Delay = 0.00> <CoreInst = "LogicGate">   --->   Core 74 'LogicGate' <Latency = 0> <II = 1> <Delay = 0.37> <FuncUnit> <Opcode : 'and' 'or' 'xor'> <InPorts = 2> <OutPorts = 1>
ST_2 : Operation 128 [1/1] (1.08ns) (out node of the LUT)   --->   "%add_ln68_4 = add i64 %and_ln68_4, i64 %add120_4198_load" [d3.cpp:68]   --->   Operation 128 'add' 'add_ln68_4' <Predicate = (!tmp_10)> <Delay = 1.08> <CoreInst = "Adder">   --->   Core 1 'Adder' <Latency = 0> <II = 1> <Delay = 1.08> <FuncUnit> <Opcode : 'add' 'sub'> <InPorts = 2> <OutPorts = 1>
ST_2 : Operation 129 [1/1] (0.78ns)   --->   "%empty_27 = add i5 %i1_1, i5 4"   --->   Operation 129 'add' 'empty_27' <Predicate = (!tmp_10)> <Delay = 0.78> <CoreInst = "Adder">   --->   Core 1 'Adder' <Latency = 0> <II = 1> <Delay = 0.78> <FuncUnit> <Opcode : 'add' 'sub'> <InPorts = 2> <OutPorts = 1>
ST_2 : Operation 130 [1/1] (0.67ns)   --->   "%sub_ln68_4 = sub i3 5, i3 %trunc_ln55_1" [d3.cpp:68]   --->   Operation 130 'sub' 'sub_ln68_4' <Predicate = (!tmp_10)> <Delay = 0.67> <CoreInst = "Adder">   --->   Core 1 'Adder' <Latency = 0> <II = 1> <Delay = 0.67> <FuncUnit> <Opcode : 'add' 'sub'> <InPorts = 2> <OutPorts = 1>
ST_2 : Operation 131 [1/1] (0.62ns)   --->   "%tmp_6 = mux i32 @_ssdm_op_Mux.ap_auto.6i32.i3, i32 %arg2_r_reload_read, i32 %arg2_r_1_reload_read, i32 %arg2_r_2_reload_read, i32 %arg2_r_3_reload_read, i32 %arg2_r_4_reload_read, i32 %arg2_r_5_reload_read, i3 %sub_ln68_4" [d3.cpp:68]   --->   Operation 131 'mux' 'tmp_6' <Predicate = (!tmp_10)> <Delay = 0.62> <CoreInst = "Multiplexer">   --->   Core 76 'Multiplexer' <Latency = 0> <II = 1> <Delay = 0.62> <FuncUnit> <Opcode : 'mux'> <InPorts = 2> <OutPorts = 1>
ST_2 : Operation 132 [1/1] (0.00ns)   --->   "%zext_ln68_6 = zext i32 %tmp_6" [d3.cpp:68]   --->   Operation 132 'zext' 'zext_ln68_6' <Predicate = (!tmp_10)> <Delay = 0.00>
ST_2 : Operation 133 [1/1] (0.78ns)   --->   "%icmp_ln68_5 = icmp_slt  i5 %empty_27, i5 10" [d3.cpp:68]   --->   Operation 133 'icmp' 'icmp_ln68_5' <Predicate = (!tmp_10)> <Delay = 0.78> <CoreInst = "Cmp">   --->   Core 9 'Cmp' <Latency = 0> <II = 1> <Delay = 0.78> <FuncUnit> <Opcode : 'icmp'> <InPorts = 2> <OutPorts = 1>
ST_2 : [1/1] (0.95ns)   --->   Input mux for Operation 134 '%mul_ln68_5 = mul i64 %zext_ln68_6, i64 %zext_ln68'
ST_2 : Operation 134 [1/1] (2.46ns)   --->   "%mul_ln68_5 = mul i64 %zext_ln68_6, i64 %zext_ln68" [d3.cpp:68]   --->   Operation 134 'mul' 'mul_ln68_5' <Predicate = (!tmp_10)> <Delay = 2.46> <CoreInst = "Multiplier">   --->   Core 3 'Multiplier' <Latency = 0> <II = 1> <Delay = 3.42> <FuncUnit> <Opcode : 'mul'> <InPorts = 2> <OutPorts = 1>
ST_2 : Operation 135 [1/1] (0.00ns) (grouped into LUT with out node add_ln68_5)   --->   "%select_ln68_10 = select i1 %icmp_ln68_5, i64 18446744073709551615, i64 0" [d3.cpp:68]   --->   Operation 135 'select' 'select_ln68_10' <Predicate = (!tmp_10)> <Delay = 0.00> <CoreInst = "Sel">   --->   Core 73 'Sel' <Latency = 0> <II = 1> <Delay = 0.17> <FuncUnit> <Opcode : 'select'> <InPorts = 3> <OutPorts = 1>
ST_2 : Operation 136 [1/1] (0.00ns) (grouped into LUT with out node add_ln68_5)   --->   "%and_ln68_5 = and i64 %mul_ln68_5, i64 %select_ln68_10" [d3.cpp:68]   --->   Operation 136 'and' 'and_ln68_5' <Predicate = (!tmp_10)> <Delay = 0.00> <CoreInst = "LogicGate">   --->   Core 74 'LogicGate' <Latency = 0> <II = 1> <Delay = 0.37> <FuncUnit> <Opcode : 'and' 'or' 'xor'> <InPorts = 2> <OutPorts = 1>
ST_2 : Operation 137 [1/1] (1.08ns) (out node of the LUT)   --->   "%add_ln68_5 = add i64 %and_ln68_5, i64 %add120_5199_load" [d3.cpp:68]   --->   Operation 137 'add' 'add_ln68_5' <Predicate = (!tmp_10)> <Delay = 1.08> <CoreInst = "Adder">   --->   Core 1 'Adder' <Latency = 0> <II = 1> <Delay = 1.08> <FuncUnit> <Opcode : 'add' 'sub'> <InPorts = 2> <OutPorts = 1>
ST_2 : Operation 138 [1/1] (0.78ns)   --->   "%empty_28 = add i5 %i1_1, i5 3"   --->   Operation 138 'add' 'empty_28' <Predicate = (!tmp_10)> <Delay = 0.78> <CoreInst = "Adder">   --->   Core 1 'Adder' <Latency = 0> <II = 1> <Delay = 0.78> <FuncUnit> <Opcode : 'add' 'sub'> <InPorts = 2> <OutPorts = 1>
ST_2 : Operation 139 [1/1] (0.67ns)   --->   "%sub_ln68_5 = sub i3 6, i3 %trunc_ln55_1" [d3.cpp:68]   --->   Operation 139 'sub' 'sub_ln68_5' <Predicate = (!tmp_10)> <Delay = 0.67> <CoreInst = "Adder">   --->   Core 1 'Adder' <Latency = 0> <II = 1> <Delay = 0.67> <FuncUnit> <Opcode : 'add' 'sub'> <InPorts = 2> <OutPorts = 1>
ST_2 : Operation 140 [1/1] (0.67ns)   --->   "%tmp_7 = mux i32 @_ssdm_op_Mux.ap_auto.7i32.i3, i32 %arg2_r_reload_read, i32 %arg2_r_1_reload_read, i32 %arg2_r_2_reload_read, i32 %arg2_r_3_reload_read, i32 %arg2_r_4_reload_read, i32 %arg2_r_5_reload_read, i32 %arg2_r_6_reload_read, i3 %sub_ln68_5" [d3.cpp:68]   --->   Operation 140 'mux' 'tmp_7' <Predicate = (!tmp_10)> <Delay = 0.67> <CoreInst = "Multiplexer">   --->   Core 76 'Multiplexer' <Latency = 0> <II = 1> <Delay = 0.67> <FuncUnit> <Opcode : 'mux'> <InPorts = 2> <OutPorts = 1>
ST_2 : Operation 141 [1/1] (0.00ns) (grouped into LUT with out node select_ln68_3)   --->   "%shl_ln68_3 = shl i32 %tmp_7, i32 1" [d3.cpp:68]   --->   Operation 141 'shl' 'shl_ln68_3' <Predicate = (!tmp_10)> <Delay = 0.00>
ST_2 : Operation 142 [1/1] (0.44ns) (out node of the LUT)   --->   "%select_ln68_3 = select i1 %empty, i32 %shl_ln68_3, i32 %tmp_7" [d3.cpp:68]   --->   Operation 142 'select' 'select_ln68_3' <Predicate = (!tmp_10)> <Delay = 0.44> <CoreInst = "Sel">   --->   Core 73 'Sel' <Latency = 0> <II = 1> <Delay = 0.44> <FuncUnit> <Opcode : 'select'> <InPorts = 3> <OutPorts = 1>
ST_2 : Operation 143 [1/1] (0.00ns)   --->   "%zext_ln68_7 = zext i32 %select_ln68_3" [d3.cpp:68]   --->   Operation 143 'zext' 'zext_ln68_7' <Predicate = (!tmp_10)> <Delay = 0.00>
ST_2 : Operation 144 [1/1] (0.78ns)   --->   "%icmp_ln68_6 = icmp_slt  i5 %empty_28, i5 10" [d3.cpp:68]   --->   Operation 144 'icmp' 'icmp_ln68_6' <Predicate = (!tmp_10)> <Delay = 0.78> <CoreInst = "Cmp">   --->   Core 9 'Cmp' <Latency = 0> <II = 1> <Delay = 0.78> <FuncUnit> <Opcode : 'icmp'> <InPorts = 2> <OutPorts = 1>
ST_2 : [1/1] (0.95ns)   --->   Input mux for Operation 145 '%mul_ln68_6 = mul i64 %zext_ln68_7, i64 %zext_ln68'
ST_2 : Operation 145 [1/1] (2.46ns)   --->   "%mul_ln68_6 = mul i64 %zext_ln68_7, i64 %zext_ln68" [d3.cpp:68]   --->   Operation 145 'mul' 'mul_ln68_6' <Predicate = (!tmp_10)> <Delay = 2.46> <CoreInst = "Multiplier">   --->   Core 3 'Multiplier' <Latency = 0> <II = 1> <Delay = 3.42> <FuncUnit> <Opcode : 'mul'> <InPorts = 2> <OutPorts = 1>
ST_2 : Operation 146 [1/1] (0.00ns) (grouped into LUT with out node add_ln68_6)   --->   "%select_ln68_11 = select i1 %icmp_ln68_6, i64 18446744073709551615, i64 0" [d3.cpp:68]   --->   Operation 146 'select' 'select_ln68_11' <Predicate = (!tmp_10)> <Delay = 0.00> <CoreInst = "Sel">   --->   Core 73 'Sel' <Latency = 0> <II = 1> <Delay = 0.17> <FuncUnit> <Opcode : 'select'> <InPorts = 3> <OutPorts = 1>
ST_2 : Operation 147 [1/1] (0.00ns) (grouped into LUT with out node add_ln68_6)   --->   "%and_ln68_6 = and i64 %mul_ln68_6, i64 %select_ln68_11" [d3.cpp:68]   --->   Operation 147 'and' 'and_ln68_6' <Predicate = (!tmp_10)> <Delay = 0.00> <CoreInst = "LogicGate">   --->   Core 74 'LogicGate' <Latency = 0> <II = 1> <Delay = 0.37> <FuncUnit> <Opcode : 'and' 'or' 'xor'> <InPorts = 2> <OutPorts = 1>
ST_2 : Operation 148 [1/1] (1.08ns) (out node of the LUT)   --->   "%add_ln68_6 = add i64 %and_ln68_6, i64 %add120_6200_load" [d3.cpp:68]   --->   Operation 148 'add' 'add_ln68_6' <Predicate = (!tmp_10)> <Delay = 1.08> <CoreInst = "Adder">   --->   Core 1 'Adder' <Latency = 0> <II = 1> <Delay = 1.08> <FuncUnit> <Opcode : 'add' 'sub'> <InPorts = 2> <OutPorts = 1>
ST_2 : Operation 149 [1/1] (0.78ns)   --->   "%empty_29 = add i5 %i1_1, i5 2"   --->   Operation 149 'add' 'empty_29' <Predicate = (!tmp_10)> <Delay = 0.78> <CoreInst = "Adder">   --->   Core 1 'Adder' <Latency = 0> <II = 1> <Delay = 0.78> <FuncUnit> <Opcode : 'add' 'sub'> <InPorts = 2> <OutPorts = 1>
ST_2 : Operation 150 [1/1] (0.12ns)   --->   "%xor_ln68_1 = xor i3 %trunc_ln55_1, i3 7" [d3.cpp:68]   --->   Operation 150 'xor' 'xor_ln68_1' <Predicate = (!tmp_10)> <Delay = 0.12> <CoreInst = "LogicGate">   --->   Core 74 'LogicGate' <Latency = 0> <II = 1> <Delay = 0.12> <FuncUnit> <Opcode : 'and' 'or' 'xor'> <InPorts = 2> <OutPorts = 1>
ST_2 : Operation 151 [1/1] (0.72ns)   --->   "%tmp_8 = mux i32 @_ssdm_op_Mux.ap_auto.8i32.i3, i32 %arg2_r_reload_read, i32 %arg2_r_1_reload_read, i32 %arg2_r_2_reload_read, i32 %arg2_r_3_reload_read, i32 %arg2_r_4_reload_read, i32 %arg2_r_5_reload_read, i32 %arg2_r_6_reload_read, i32 %arg2_r_7_reload_read, i3 %xor_ln68_1" [d3.cpp:68]   --->   Operation 151 'mux' 'tmp_8' <Predicate = (!tmp_10)> <Delay = 0.72> <CoreInst = "Multiplexer">   --->   Core 76 'Multiplexer' <Latency = 0> <II = 1> <Delay = 0.72> <FuncUnit> <Opcode : 'mux'> <InPorts = 2> <OutPorts = 1>
ST_2 : Operation 152 [1/1] (0.00ns)   --->   "%zext_ln68_8 = zext i32 %tmp_8" [d3.cpp:68]   --->   Operation 152 'zext' 'zext_ln68_8' <Predicate = (!tmp_10)> <Delay = 0.00>
ST_2 : Operation 153 [1/1] (0.78ns)   --->   "%icmp_ln68_7 = icmp_slt  i5 %empty_29, i5 10" [d3.cpp:68]   --->   Operation 153 'icmp' 'icmp_ln68_7' <Predicate = (!tmp_10)> <Delay = 0.78> <CoreInst = "Cmp">   --->   Core 9 'Cmp' <Latency = 0> <II = 1> <Delay = 0.78> <FuncUnit> <Opcode : 'icmp'> <InPorts = 2> <OutPorts = 1>
ST_2 : [1/1] (0.95ns)   --->   Input mux for Operation 154 '%mul_ln68_7 = mul i64 %zext_ln68_8, i64 %zext_ln68'
ST_2 : Operation 154 [1/1] (2.46ns)   --->   "%mul_ln68_7 = mul i64 %zext_ln68_8, i64 %zext_ln68" [d3.cpp:68]   --->   Operation 154 'mul' 'mul_ln68_7' <Predicate = (!tmp_10)> <Delay = 2.46> <CoreInst = "Multiplier">   --->   Core 3 'Multiplier' <Latency = 0> <II = 1> <Delay = 3.42> <FuncUnit> <Opcode : 'mul'> <InPorts = 2> <OutPorts = 1>
ST_2 : Operation 155 [1/1] (0.00ns) (grouped into LUT with out node add_ln68_7)   --->   "%select_ln68_12 = select i1 %icmp_ln68_7, i64 18446744073709551615, i64 0" [d3.cpp:68]   --->   Operation 155 'select' 'select_ln68_12' <Predicate = (!tmp_10)> <Delay = 0.00> <CoreInst = "Sel">   --->   Core 73 'Sel' <Latency = 0> <II = 1> <Delay = 0.17> <FuncUnit> <Opcode : 'select'> <InPorts = 3> <OutPorts = 1>
ST_2 : Operation 156 [1/1] (0.00ns) (grouped into LUT with out node add_ln68_7)   --->   "%and_ln68_7 = and i64 %mul_ln68_7, i64 %select_ln68_12" [d3.cpp:68]   --->   Operation 156 'and' 'and_ln68_7' <Predicate = (!tmp_10)> <Delay = 0.00> <CoreInst = "LogicGate">   --->   Core 74 'LogicGate' <Latency = 0> <II = 1> <Delay = 0.37> <FuncUnit> <Opcode : 'and' 'or' 'xor'> <InPorts = 2> <OutPorts = 1>
ST_2 : Operation 157 [1/1] (1.08ns) (out node of the LUT)   --->   "%add_ln68_7 = add i64 %and_ln68_7, i64 %add120_7201_load" [d3.cpp:68]   --->   Operation 157 'add' 'add_ln68_7' <Predicate = (!tmp_10)> <Delay = 1.08> <CoreInst = "Adder">   --->   Core 1 'Adder' <Latency = 0> <II = 1> <Delay = 1.08> <FuncUnit> <Opcode : 'add' 'sub'> <InPorts = 2> <OutPorts = 1>
ST_2 : Operation 158 [1/1] (0.78ns)   --->   "%empty_30 = add i5 %i1_1, i5 1"   --->   Operation 158 'add' 'empty_30' <Predicate = (!tmp_10)> <Delay = 0.78> <CoreInst = "Adder">   --->   Core 1 'Adder' <Latency = 0> <II = 1> <Delay = 0.78> <FuncUnit> <Opcode : 'add' 'sub'> <InPorts = 2> <OutPorts = 1>
ST_2 : Operation 159 [1/1] (0.79ns)   --->   "%sub_ln68_6 = sub i4 8, i4 %trunc_ln55" [d3.cpp:68]   --->   Operation 159 'sub' 'sub_ln68_6' <Predicate = (!tmp_10)> <Delay = 0.79> <CoreInst = "Adder">   --->   Core 1 'Adder' <Latency = 0> <II = 1> <Delay = 0.79> <FuncUnit> <Opcode : 'add' 'sub'> <InPorts = 2> <OutPorts = 1>
ST_2 : Operation 160 [1/1] (0.77ns)   --->   "%tmp_9 = mux i32 @_ssdm_op_Mux.ap_auto.9i32.i4, i32 %arg2_r_reload_read, i32 %arg2_r_1_reload_read, i32 %arg2_r_2_reload_read, i32 %arg2_r_3_reload_read, i32 %arg2_r_4_reload_read, i32 %arg2_r_5_reload_read, i32 %arg2_r_6_reload_read, i32 %arg2_r_7_reload_read, i32 %arg2_r_8_reload_read, i4 %sub_ln68_6" [d3.cpp:68]   --->   Operation 160 'mux' 'tmp_9' <Predicate = (!tmp_10)> <Delay = 0.77> <CoreInst = "Multiplexer">   --->   Core 76 'Multiplexer' <Latency = 0> <II = 1> <Delay = 0.77> <FuncUnit> <Opcode : 'mux'> <InPorts = 2> <OutPorts = 1>
ST_2 : Operation 161 [1/1] (0.00ns) (grouped into LUT with out node select_ln68_4)   --->   "%shl_ln68_4 = shl i32 %tmp_9, i32 1" [d3.cpp:68]   --->   Operation 161 'shl' 'shl_ln68_4' <Predicate = (!tmp_10)> <Delay = 0.00>
ST_2 : Operation 162 [1/1] (0.44ns) (out node of the LUT)   --->   "%select_ln68_4 = select i1 %empty, i32 %shl_ln68_4, i32 %tmp_9" [d3.cpp:68]   --->   Operation 162 'select' 'select_ln68_4' <Predicate = (!tmp_10)> <Delay = 0.44> <CoreInst = "Sel">   --->   Core 73 'Sel' <Latency = 0> <II = 1> <Delay = 0.44> <FuncUnit> <Opcode : 'select'> <InPorts = 3> <OutPorts = 1>
ST_2 : Operation 163 [1/1] (0.00ns)   --->   "%zext_ln68_9 = zext i32 %select_ln68_4" [d3.cpp:68]   --->   Operation 163 'zext' 'zext_ln68_9' <Predicate = (!tmp_10)> <Delay = 0.00>
ST_2 : Operation 164 [1/1] (0.78ns)   --->   "%icmp_ln68_8 = icmp_slt  i5 %empty_30, i5 10" [d3.cpp:68]   --->   Operation 164 'icmp' 'icmp_ln68_8' <Predicate = (!tmp_10)> <Delay = 0.78> <CoreInst = "Cmp">   --->   Core 9 'Cmp' <Latency = 0> <II = 1> <Delay = 0.78> <FuncUnit> <Opcode : 'icmp'> <InPorts = 2> <OutPorts = 1>
ST_2 : [1/1] (0.95ns)   --->   Input mux for Operation 165 '%mul_ln68_8 = mul i64 %zext_ln68_9, i64 %zext_ln68'
ST_2 : Operation 165 [1/1] (2.46ns)   --->   "%mul_ln68_8 = mul i64 %zext_ln68_9, i64 %zext_ln68" [d3.cpp:68]   --->   Operation 165 'mul' 'mul_ln68_8' <Predicate = (!tmp_10)> <Delay = 2.46> <CoreInst = "Multiplier">   --->   Core 3 'Multiplier' <Latency = 0> <II = 1> <Delay = 3.42> <FuncUnit> <Opcode : 'mul'> <InPorts = 2> <OutPorts = 1>
ST_2 : Operation 166 [1/1] (0.00ns) (grouped into LUT with out node add_ln68_8)   --->   "%select_ln68_13 = select i1 %icmp_ln68_8, i64 18446744073709551615, i64 0" [d3.cpp:68]   --->   Operation 166 'select' 'select_ln68_13' <Predicate = (!tmp_10)> <Delay = 0.00> <CoreInst = "Sel">   --->   Core 73 'Sel' <Latency = 0> <II = 1> <Delay = 0.17> <FuncUnit> <Opcode : 'select'> <InPorts = 3> <OutPorts = 1>
ST_2 : Operation 167 [1/1] (0.00ns) (grouped into LUT with out node add_ln68_8)   --->   "%and_ln68_8 = and i64 %mul_ln68_8, i64 %select_ln68_13" [d3.cpp:68]   --->   Operation 167 'and' 'and_ln68_8' <Predicate = (!tmp_10)> <Delay = 0.00> <CoreInst = "LogicGate">   --->   Core 74 'LogicGate' <Latency = 0> <II = 1> <Delay = 0.37> <FuncUnit> <Opcode : 'and' 'or' 'xor'> <InPorts = 2> <OutPorts = 1>
ST_2 : Operation 168 [1/1] (1.08ns) (out node of the LUT)   --->   "%add_ln68_8 = add i64 %and_ln68_8, i64 %add120_8202_load" [d3.cpp:68]   --->   Operation 168 'add' 'add_ln68_8' <Predicate = (!tmp_10)> <Delay = 1.08> <CoreInst = "Adder">   --->   Core 1 'Adder' <Latency = 0> <II = 1> <Delay = 1.08> <FuncUnit> <Opcode : 'add' 'sub'> <InPorts = 2> <OutPorts = 1>
ST_2 : Operation 169 [1/1] (0.79ns)   --->   "%sub_ln68_7 = sub i4 9, i4 %trunc_ln55" [d3.cpp:68]   --->   Operation 169 'sub' 'sub_ln68_7' <Predicate = (!tmp_10)> <Delay = 0.79> <CoreInst = "Adder">   --->   Core 1 'Adder' <Latency = 0> <II = 1> <Delay = 0.79> <FuncUnit> <Opcode : 'add' 'sub'> <InPorts = 2> <OutPorts = 1>
ST_2 : Operation 170 [1/1] (0.75ns)   --->   "%tmp_s = mux i32 @_ssdm_op_Mux.ap_auto.10i32.i4, i32 %arg2_r_reload_read, i32 %arg2_r_1_reload_read, i32 %arg2_r_2_reload_read, i32 %arg2_r_3_reload_read, i32 %arg2_r_4_reload_read, i32 %arg2_r_5_reload_read, i32 %arg2_r_6_reload_read, i32 %arg2_r_7_reload_read, i32 %arg2_r_8_reload_read, i32 %arg2_r_9_reload_read, i4 %sub_ln68_7" [d3.cpp:68]   --->   Operation 170 'mux' 'tmp_s' <Predicate = (!tmp_10)> <Delay = 0.75> <CoreInst = "Multiplexer">   --->   Core 76 'Multiplexer' <Latency = 0> <II = 1> <Delay = 0.75> <FuncUnit> <Opcode : 'mux'> <InPorts = 2> <OutPorts = 1>
ST_2 : Operation 171 [1/1] (0.00ns)   --->   "%zext_ln68_10 = zext i32 %tmp_s" [d3.cpp:68]   --->   Operation 171 'zext' 'zext_ln68_10' <Predicate = (!tmp_10)> <Delay = 0.00>
ST_2 : [1/1] (0.95ns)   --->   Input mux for Operation 172 '%mul_ln68_9 = mul i64 %zext_ln68_10, i64 %zext_ln68'
ST_2 : Operation 172 [1/1] (2.46ns)   --->   "%mul_ln68_9 = mul i64 %zext_ln68_10, i64 %zext_ln68" [d3.cpp:68]   --->   Operation 172 'mul' 'mul_ln68_9' <Predicate = (!tmp_10)> <Delay = 2.46> <CoreInst = "Multiplier">   --->   Core 3 'Multiplier' <Latency = 0> <II = 1> <Delay = 3.42> <FuncUnit> <Opcode : 'mul'> <InPorts = 2> <OutPorts = 1>
ST_2 : Operation 173 [1/1] (1.08ns)   --->   "%add_ln68_9 = add i64 %mul_ln68_9, i64 %add120_9203_load" [d3.cpp:68]   --->   Operation 173 'add' 'add_ln68_9' <Predicate = (!tmp_10)> <Delay = 1.08> <CoreInst = "Adder">   --->   Core 1 'Adder' <Latency = 0> <II = 1> <Delay = 1.08> <FuncUnit> <Opcode : 'add' 'sub'> <InPorts = 2> <OutPorts = 1>
ST_2 : Operation 174 [1/1] (0.78ns)   --->   "%add_ln55 = add i5 %i1_1, i5 31" [d3.cpp:55]   --->   Operation 174 'add' 'add_ln55' <Predicate = (!tmp_10)> <Delay = 0.78> <CoreInst = "Adder">   --->   Core 1 'Adder' <Latency = 0> <II = 1> <Delay = 0.78> <FuncUnit> <Opcode : 'add' 'sub'> <InPorts = 2> <OutPorts = 1>
ST_2 : Operation 175 [1/1] (0.42ns)   --->   "%store_ln55 = store i5 %add_ln55, i5 %i1" [d3.cpp:55]   --->   Operation 175 'store' 'store_ln55' <Predicate = (!tmp_10)> <Delay = 0.42>
ST_2 : Operation 176 [1/1] (0.42ns)   --->   "%store_ln55 = store i64 %add_ln68_9, i64 %add120_9203" [d3.cpp:55]   --->   Operation 176 'store' 'store_ln55' <Predicate = (!tmp_10)> <Delay = 0.42>
ST_2 : Operation 177 [1/1] (0.42ns)   --->   "%store_ln55 = store i64 %add_ln68_8, i64 %add120_8202" [d3.cpp:55]   --->   Operation 177 'store' 'store_ln55' <Predicate = (!tmp_10)> <Delay = 0.42>
ST_2 : Operation 178 [1/1] (0.42ns)   --->   "%store_ln55 = store i64 %add_ln68_7, i64 %add120_7201" [d3.cpp:55]   --->   Operation 178 'store' 'store_ln55' <Predicate = (!tmp_10)> <Delay = 0.42>
ST_2 : Operation 179 [1/1] (0.42ns)   --->   "%store_ln55 = store i64 %add_ln68_6, i64 %add120_6200" [d3.cpp:55]   --->   Operation 179 'store' 'store_ln55' <Predicate = (!tmp_10)> <Delay = 0.42>
ST_2 : Operation 180 [1/1] (0.42ns)   --->   "%store_ln55 = store i64 %add_ln68_5, i64 %add120_5199" [d3.cpp:55]   --->   Operation 180 'store' 'store_ln55' <Predicate = (!tmp_10)> <Delay = 0.42>
ST_2 : Operation 181 [1/1] (0.42ns)   --->   "%store_ln55 = store i64 %add_ln68_4, i64 %add120_4198" [d3.cpp:55]   --->   Operation 181 'store' 'store_ln55' <Predicate = (!tmp_10)> <Delay = 0.42>
ST_2 : Operation 182 [1/1] (0.42ns)   --->   "%store_ln55 = store i64 %add_ln68_3, i64 %add120_3197" [d3.cpp:55]   --->   Operation 182 'store' 'store_ln55' <Predicate = (!tmp_10)> <Delay = 0.42>
ST_2 : Operation 183 [1/1] (0.42ns)   --->   "%store_ln55 = store i64 %add_ln68_2, i64 %add120_2196" [d3.cpp:55]   --->   Operation 183 'store' 'store_ln55' <Predicate = (!tmp_10)> <Delay = 0.42>
ST_2 : Operation 184 [1/1] (0.42ns)   --->   "%store_ln55 = store i64 %add_ln68_1, i64 %add120_1195" [d3.cpp:55]   --->   Operation 184 'store' 'store_ln55' <Predicate = (!tmp_10)> <Delay = 0.42>
ST_2 : Operation 185 [1/1] (0.42ns)   --->   "%store_ln55 = store i64 %add_ln68, i64 %add120194" [d3.cpp:55]   --->   Operation 185 'store' 'store_ln55' <Predicate = (!tmp_10)> <Delay = 0.42>
ST_2 : Operation 186 [1/1] (0.00ns)   --->   "%br_ln55 = br void %for.body87" [d3.cpp:55]   --->   Operation 186 'br' 'br_ln55' <Predicate = (!tmp_10)> <Delay = 0.00>
ST_2 : Operation 187 [1/1] (0.00ns)   --->   "%add120194_load_1 = load i64 %add120194"   --->   Operation 187 'load' 'add120194_load_1' <Predicate = (tmp_10)> <Delay = 0.00>
ST_2 : Operation 188 [1/1] (0.00ns)   --->   "%add120_1195_load_1 = load i64 %add120_1195"   --->   Operation 188 'load' 'add120_1195_load_1' <Predicate = (tmp_10)> <Delay = 0.00>
ST_2 : Operation 189 [1/1] (0.00ns)   --->   "%add120_2196_load_1 = load i64 %add120_2196"   --->   Operation 189 'load' 'add120_2196_load_1' <Predicate = (tmp_10)> <Delay = 0.00>
ST_2 : Operation 190 [1/1] (0.00ns)   --->   "%add120_3197_load_1 = load i64 %add120_3197"   --->   Operation 190 'load' 'add120_3197_load_1' <Predicate = (tmp_10)> <Delay = 0.00>
ST_2 : Operation 191 [1/1] (0.00ns)   --->   "%add120_4198_load_1 = load i64 %add120_4198"   --->   Operation 191 'load' 'add120_4198_load_1' <Predicate = (tmp_10)> <Delay = 0.00>
ST_2 : Operation 192 [1/1] (0.00ns)   --->   "%add120_5199_load_1 = load i64 %add120_5199"   --->   Operation 192 'load' 'add120_5199_load_1' <Predicate = (tmp_10)> <Delay = 0.00>
ST_2 : Operation 193 [1/1] (0.00ns)   --->   "%add120_6200_load_1 = load i64 %add120_6200"   --->   Operation 193 'load' 'add120_6200_load_1' <Predicate = (tmp_10)> <Delay = 0.00>
ST_2 : Operation 194 [1/1] (0.00ns)   --->   "%add120_7201_load_1 = load i64 %add120_7201"   --->   Operation 194 'load' 'add120_7201_load_1' <Predicate = (tmp_10)> <Delay = 0.00>
ST_2 : Operation 195 [1/1] (0.00ns)   --->   "%add120_8202_load_1 = load i64 %add120_8202"   --->   Operation 195 'load' 'add120_8202_load_1' <Predicate = (tmp_10)> <Delay = 0.00>
ST_2 : Operation 196 [1/1] (0.00ns)   --->   "%add120_9203_load_1 = load i64 %add120_9203"   --->   Operation 196 'load' 'add120_9203_load_1' <Predicate = (tmp_10)> <Delay = 0.00>
ST_2 : Operation 197 [1/1] (0.00ns)   --->   "%write_ln0 = write void @_ssdm_op_Write.ap_auto.i64P0A, i64 %add120_9203_out, i64 %add120_9203_load_1"   --->   Operation 197 'write' 'write_ln0' <Predicate = (tmp_10)> <Delay = 0.00>
ST_2 : Operation 198 [1/1] (0.00ns)   --->   "%write_ln0 = write void @_ssdm_op_Write.ap_auto.i64P0A, i64 %add120_8202_out, i64 %add120_8202_load_1"   --->   Operation 198 'write' 'write_ln0' <Predicate = (tmp_10)> <Delay = 0.00>
ST_2 : Operation 199 [1/1] (0.00ns)   --->   "%write_ln0 = write void @_ssdm_op_Write.ap_auto.i64P0A, i64 %add120_7201_out, i64 %add120_7201_load_1"   --->   Operation 199 'write' 'write_ln0' <Predicate = (tmp_10)> <Delay = 0.00>
ST_2 : Operation 200 [1/1] (0.00ns)   --->   "%write_ln0 = write void @_ssdm_op_Write.ap_auto.i64P0A, i64 %add120_6200_out, i64 %add120_6200_load_1"   --->   Operation 200 'write' 'write_ln0' <Predicate = (tmp_10)> <Delay = 0.00>
ST_2 : Operation 201 [1/1] (0.00ns)   --->   "%write_ln0 = write void @_ssdm_op_Write.ap_auto.i64P0A, i64 %add120_5199_out, i64 %add120_5199_load_1"   --->   Operation 201 'write' 'write_ln0' <Predicate = (tmp_10)> <Delay = 0.00>
ST_2 : Operation 202 [1/1] (0.00ns)   --->   "%write_ln0 = write void @_ssdm_op_Write.ap_auto.i64P0A, i64 %add120_4198_out, i64 %add120_4198_load_1"   --->   Operation 202 'write' 'write_ln0' <Predicate = (tmp_10)> <Delay = 0.00>
ST_2 : Operation 203 [1/1] (0.00ns)   --->   "%write_ln0 = write void @_ssdm_op_Write.ap_auto.i64P0A, i64 %add120_3197_out, i64 %add120_3197_load_1"   --->   Operation 203 'write' 'write_ln0' <Predicate = (tmp_10)> <Delay = 0.00>
ST_2 : Operation 204 [1/1] (0.00ns)   --->   "%write_ln0 = write void @_ssdm_op_Write.ap_auto.i64P0A, i64 %add120_2196_out, i64 %add120_2196_load_1"   --->   Operation 204 'write' 'write_ln0' <Predicate = (tmp_10)> <Delay = 0.00>
ST_2 : Operation 205 [1/1] (0.00ns)   --->   "%write_ln0 = write void @_ssdm_op_Write.ap_auto.i64P0A, i64 %add120_1195_out, i64 %add120_1195_load_1"   --->   Operation 205 'write' 'write_ln0' <Predicate = (tmp_10)> <Delay = 0.00>
ST_2 : Operation 206 [1/1] (0.00ns)   --->   "%write_ln0 = write void @_ssdm_op_Write.ap_auto.i64P0A, i64 %add120194_out, i64 %add120194_load_1"   --->   Operation 206 'write' 'write_ln0' <Predicate = (tmp_10)> <Delay = 0.00>
ST_2 : Operation 207 [1/1] (0.00ns)   --->   "%ret_ln0 = ret"   --->   Operation 207 'ret' 'ret_ln0' <Predicate = (tmp_10)> <Delay = 0.00>


============================================================
+ Verbose Summary: Timing violations
============================================================
Target clock period: 10.000ns, clock uncertainty: 2.700ns.

 <State 1>: 0.427ns
The critical path consists of the following:
	'alloca' operation ('i1') [50]  (0.000 ns)
	'store' operation ('store_ln0') of constant 9 on local variable 'i1' [80]  (0.427 ns)

 <State 2>: 6.948ns
The critical path consists of the following:
	'load' operation ('i1') on local variable 'i1' [93]  (0.000 ns)
	'sub' operation ('sub_ln68_6', d3.cpp:68) [197]  (0.797 ns)
	'mux' operation ('tmp_9', d3.cpp:68) [198]  (0.770 ns)
	'select' operation ('select_ln68_4', d3.cpp:68) [200]  (0.449 ns)
	multiplexor before operation 'mul' with delay (0.956 ns)
'mul' operation ('mul_ln68_8', d3.cpp:68) [203]  (2.464 ns)
	'and' operation ('and_ln68_8', d3.cpp:68) [205]  (0.000 ns)
	'add' operation ('add_ln68_8', d3.cpp:68) [206]  (1.085 ns)
	'store' operation ('store_ln55', d3.cpp:55) of variable 'add_ln68_8', d3.cpp:68 on local variable 'add120_8202' [215]  (0.427 ns)


============================================================
+ Verbose Summary: Binding
============================================================
N/A
* FSMD analyzer results:
  - Output states:
 - Input state : 
  - Chain level:
	State 1
	State 2


============================================================
+ Verbose Summary: Datapath Resource usage 
============================================================
N/A
