

================================================================
== Synthesis Summary Report of 'test'
================================================================
+ General Information: 
    * Date:           Thu May  9 21:52:58 2024
    * Version:        2023.1.1 (Build 3869133 on Jun 15 2023)
    * Project:        D4
    * Solution:       comb_13 (Vivado IP Flow Target)
    * Product family: zynquplus
    * Target device:  xczu9eg-ffvb1156-2-e
    

+ Performance & Resource Estimates: 
    
    PS: '+' for module; 'o' for loop; '*' for dataflow
    +----------------------------------+------+------+---------+---------+----------+---------+------+----------+---------+-----------+------------+------------+-----+
    |              Modules             | Issue|      | Latency | Latency | Iteration|         | Trip |          |         |           |            |            |     |
    |              & Loops             | Type | Slack| (cycles)|   (ns)  |  Latency | Interval| Count| Pipelined|  BRAM   |    DSP    |     FF     |     LUT    | URAM|
    +----------------------------------+------+------+---------+---------+----------+---------+------+----------+---------+-----------+------------+------------+-----+
    |+ test                            |     -|  0.00|       72|  720.000|         -|       73|     -|        no|  8 (~0%)|  528 (20%)|   7706 (1%)|  14766 (5%)|    -|
    | + test_Pipeline_ARRAY_1_READ     |     -|  0.00|       11|  110.000|         -|       11|     -|        no|        -|          -|   587 (~0%)|    73 (~0%)|    -|
    |  o ARRAY_1_READ                  |     -|  7.30|        9|   90.000|         2|        1|     9|       yes|        -|          -|           -|           -|    -|
    | + test_Pipeline_ARRAY_2_READ     |     -|  0.00|       11|  110.000|         -|       11|     -|        no|        -|          -|   587 (~0%)|    73 (~0%)|    -|
    |  o ARRAY_2_READ                  |     -|  7.30|        9|   90.000|         2|        1|     9|       yes|        -|          -|           -|           -|    -|
    | + test_Pipeline_VITIS_LOOP_36_1  |     -|  0.42|        7|   70.000|         -|        7|     -|        no|        -|  512 (20%)|  3469 (~0%)|  10880 (3%)|    -|
    |  o VITIS_LOOP_36_1               |     -|  7.30|        5|   50.000|         3|        1|     4|       yes|        -|          -|           -|           -|    -|
    | + test_Pipeline_ARRAY_WRITE      |     -|  0.00|       11|  110.000|         -|       11|     -|        no|        -|          -|    66 (~0%)|   122 (~0%)|    -|
    |  o ARRAY_WRITE                   |     -|  7.30|        9|   90.000|         2|        1|     9|       yes|        -|          -|           -|           -|    -|
    +----------------------------------+------+------+---------+---------+----------+---------+------+----------+---------+-----------+------------+------------+-----+


================================================================
== HW Interfaces
================================================================
* M_AXI
+-----------+------------+---------------+---------+--------+----------+-----------+--------------+--------------+-------------+-------------+-------------------+
| Interface | Data Width | Address Width | Latency | Offset | Register | Max Widen | Max Read     | Max Write    | Num Read    | Num Write   | Resource Estimate |
|           | (SW->HW)   |               |         |        |          | Bitwidth  | Burst Length | Burst Length | Outstanding | Outstanding |                   |
+-----------+------------+---------------+---------+--------+----------+-----------+--------------+--------------+-------------+-------------+-------------------+
| m_axi_mem | 64 -> 64   | 64            | 0       | slave  | 0        | 0         | 16           | 16           | 16          | 16          | BRAM=8            |
+-----------+------------+---------------+---------+--------+----------+-----------+--------------+--------------+-------------+-------------+-------------------+

* S_AXILITE Interfaces
+---------------+------------+---------------+--------+----------+
| Interface     | Data Width | Address Width | Offset | Register |
+---------------+------------+---------------+--------+----------+
| s_axi_control | 32         | 6             | 16     | 0        |
+---------------+------------+---------------+--------+----------+

* S_AXILITE Registers
+---------------+----------+--------+-------+--------+----------------------------------+----------------------------------------------------------------------+
| Interface     | Register | Offset | Width | Access | Description                      | Bit Fields                                                           |
+---------------+----------+--------+-------+--------+----------------------------------+----------------------------------------------------------------------+
| s_axi_control | CTRL     | 0x00   | 32    | RW     | Control signals                  | 0=AP_START 1=AP_DONE 2=AP_IDLE 3=AP_READY 7=AUTO_RESTART 9=INTERRUPT |
| s_axi_control | GIER     | 0x04   | 32    | RW     | Global Interrupt Enable Register | 0=Enable                                                             |
| s_axi_control | IP_IER   | 0x08   | 32    | RW     | IP Interrupt Enable Register     | 0=CHAN0_INT_EN 1=CHAN1_INT_EN                                        |
| s_axi_control | IP_ISR   | 0x0c   | 32    | RW     | IP Interrupt Status Register     | 0=CHAN0_INT_ST 1=CHAN1_INT_ST                                        |
| s_axi_control | out1_1   | 0x10   | 32    | W      | Data signal of out1              |                                                                      |
| s_axi_control | out1_2   | 0x14   | 32    | W      | Data signal of out1              |                                                                      |
| s_axi_control | arg1_1   | 0x1c   | 32    | W      | Data signal of arg1              |                                                                      |
| s_axi_control | arg1_2   | 0x20   | 32    | W      | Data signal of arg1              |                                                                      |
| s_axi_control | arg2_1   | 0x28   | 32    | W      | Data signal of arg2              |                                                                      |
| s_axi_control | arg2_2   | 0x2c   | 32    | W      | Data signal of arg2              |                                                                      |
+---------------+----------+--------+-------+--------+----------------------------------+----------------------------------------------------------------------+

* TOP LEVEL CONTROL
+-----------+------------+-----------+
| Interface | Type       | Ports     |
+-----------+------------+-----------+
| ap_clk    | clock      | ap_clk    |
| ap_rst_n  | reset      | ap_rst_n  |
| interrupt | interrupt  | interrupt |
| ap_ctrl   | ap_ctrl_hs |           |
+-----------+------------+-----------+


================================================================
== SW I/O Information
================================================================
* Top Function Arguments
+----------+-----------+--------------------+
| Argument | Direction | Datatype           |
+----------+-----------+--------------------+
| out1     | inout     | long unsigned int* |
| arg1     | inout     | long unsigned int* |
| arg2     | inout     | long unsigned int* |
+----------+-----------+--------------------+

* SW-to-HW Mapping
+----------+---------------+-----------+----------+----------------------------------+
| Argument | HW Interface  | HW Type   | HW Usage | HW Info                          |
+----------+---------------+-----------+----------+----------------------------------+
| out1     | m_axi_mem     | interface |          |                                  |
| out1     | s_axi_control | register  | offset   | name=out1_1 offset=0x10 range=32 |
| out1     | s_axi_control | register  | offset   | name=out1_2 offset=0x14 range=32 |
| arg1     | m_axi_mem     | interface |          |                                  |
| arg1     | s_axi_control | register  | offset   | name=arg1_1 offset=0x1c range=32 |
| arg1     | s_axi_control | register  | offset   | name=arg1_2 offset=0x20 range=32 |
| arg2     | m_axi_mem     | interface |          |                                  |
| arg2     | s_axi_control | register  | offset   | name=arg2_1 offset=0x28 range=32 |
| arg2     | s_axi_control | register  | offset   | name=arg2_2 offset=0x2c range=32 |
+----------+---------------+-----------+----------+----------------------------------+


================================================================
== M_AXI Burst Information
================================================================
 Note: All burst requests might be further partitioned into multiple requests during RTL generation based on max_read_burst_length or max_write_burst_length settings.

* Inferred Burst Summary
+--------------+-----------+--------+-------+--------------+---------------+
| HW Interface | Direction | Length | Width | Loop         | Loop Location |
+--------------+-----------+--------+-------+--------------+---------------+
| m_axi_mem    | read      | 9      | 64    | ARRAY_1_READ | d4.cpp:22:2   |
| m_axi_mem    | read      | 9      | 64    | ARRAY_2_READ | d4.cpp:29:2   |
| m_axi_mem    | write     | 9      | 64    | ARRAY_WRITE  | d4.cpp:72:2   |
+--------------+-----------+--------+-------+--------------+---------------+

* All M_AXI Variable Accesses
+--------------+----------+-----------------+-----------+--------------+--------+--------------+---------------+------------+-------------------------------------------------------------------------------------------------------+
| HW Interface | Variable | Access Location | Direction | Burst Status | Length | Loop         | Loop Location | Resolution | Problem                                                                                               |
+--------------+----------+-----------------+-----------+--------------+--------+--------------+---------------+------------+-------------------------------------------------------------------------------------------------------+
| m_axi_mem    | arg1     | d4.cpp:24:15    | read      | Widen Fail   |        | ARRAY_1_READ | d4.cpp:22:2   | 214-353    | Could not widen since type i64 size is greater than or equal to the max_widen_bitwidth threshold of 0 |
| m_axi_mem    | arg1     | d4.cpp:24:15    | read      | Inferred     | 9      | ARRAY_1_READ | d4.cpp:22:2   |            |                                                                                                       |
| m_axi_mem    | arg2     | d4.cpp:31:15    | read      | Widen Fail   |        | ARRAY_2_READ | d4.cpp:29:2   | 214-353    | Could not widen since type i64 size is greater than or equal to the max_widen_bitwidth threshold of 0 |
| m_axi_mem    | arg2     | d4.cpp:31:15    | read      | Inferred     | 9      | ARRAY_2_READ | d4.cpp:29:2   |            |                                                                                                       |
| m_axi_mem    | out1     | d4.cpp:74:11    | write     | Widen Fail   |        | ARRAY_WRITE  | d4.cpp:72:2   | 214-353    | Could not widen since type i64 size is greater than or equal to the max_widen_bitwidth threshold of 0 |
| m_axi_mem    | out1     | d4.cpp:74:11    | write     | Inferred     | 9      | ARRAY_WRITE  | d4.cpp:72:2   |            |                                                                                                       |
+--------------+----------+-----------------+-----------+--------------+--------+--------------+---------------+------------+-------------------------------------------------------------------------------------------------------+

    * Resolution URL: www.xilinx.com/cgi-bin/docs/rdoc?v=2023.1;t=hls+guidance;d=XXX-YYY.html (replace XXX-YYY with column value)

================================================================
== Bind Op Report
================================================================
+----------------------------------+-----+--------+-------------+-----+--------+---------+
| Name                             | DSP | Pragma | Variable    | Op  | Impl   | Latency |
+----------------------------------+-----+--------+-------------+-----+--------+---------+
| + test                           | 528 |        |             |     |        |         |
|   mul_64ns_64ns_128_1_1_U133     | 16  |        | mul40       | mul | auto   | 0       |
|   add_ln60_fu_544_p2             | -   |        | add_ln60    | add | fabric | 0       |
|   add_ln60_1_fu_564_p2           | -   |        | add_ln60_1  | add | fabric | 0       |
|   add_ln60_2_fu_645_p2           | -   |        | add_ln60_2  | add | fabric | 0       |
|   add_ln60_3_fu_665_p2           | -   |        | add_ln60_3  | add | fabric | 0       |
|   add_ln60_4_fu_685_p2           | -   |        | add_ln60_4  | add | fabric | 0       |
|   add_ln60_5_fu_705_p2           | -   |        | add_ln60_5  | add | fabric | 0       |
|   add_ln60_6_fu_819_p2           | -   |        | add_ln60_6  | add | fabric | 0       |
|   add_ln60_7_fu_839_p2           | -   |        | add_ln60_7  | add | fabric | 0       |
|   out1_w_fu_855_p2               | -   |        | out1_w      | add | fabric | 0       |
|   add_ln61_fu_878_p2             | -   |        | add_ln61    | add | fabric | 0       |
|   add_ln61_1_fu_594_p2           | -   |        | add_ln61_1  | add | fabric | 0       |
|   out1_w_1_fu_902_p2             | -   |        | out1_w_1    | add | fabric | 0       |
|   add_ln62_fu_911_p2             | -   |        | add_ln62    | add | fabric | 0       |
|   add_ln62_1_fu_614_p2           | -   |        | add_ln62_1  | add | fabric | 0       |
|   out1_w_2_fu_938_p2             | -   |        | out1_w_2    | add | fabric | 0       |
|   out1_w_3_fu_725_p2             | -   |        | out1_w_3    | add | fabric | 0       |
|   out1_w_4_fu_744_p2             | -   |        | out1_w_4    | add | fabric | 0       |
|   out1_w_5_fu_764_p2             | -   |        | out1_w_5    | add | fabric | 0       |
|   out1_w_6_fu_784_p2             | -   |        | out1_w_6    | add | fabric | 0       |
|   out1_w_7_fu_949_p2             | -   |        | out1_w_7    | add | fabric | 0       |
|   out1_w_8_fu_969_p2             | -   |        | out1_w_8    | add | fabric | 0       |
|  + test_Pipeline_ARRAY_1_READ    | 0   |        |             |     |        |         |
|    add_ln22_fu_218_p2            | -   |        | add_ln22    | add | fabric | 0       |
|  + test_Pipeline_ARRAY_2_READ    | 0   |        |             |     |        |         |
|    add_ln29_fu_218_p2            | -   |        | add_ln29    | add | fabric | 0       |
|  + test_Pipeline_VITIS_LOOP_36_1 | 512 |        |             |     |        |         |
|    sub_ln39_fu_642_p2            | -   |        | sub_ln39    | sub | fabric | 0       |
|    empty_28_fu_652_p2            | -   |        | empty_28    | add | fabric | 0       |
|    sub_ln54_6_fu_684_p2          | -   |        | sub_ln54_6  | sub | fabric | 0       |
|    sub_ln54_7_fu_700_p2          | -   |        | sub_ln54_7  | sub | fabric | 0       |
|    sub_ln54_fu_716_p2            | -   |        | sub_ln54    | sub | fabric | 0       |
|    sub_ln54_1_fu_748_p2          | -   |        | sub_ln54_1  | sub | fabric | 0       |
|    sub_ln54_2_fu_764_p2          | -   |        | sub_ln54_2  | sub | fabric | 0       |
|    mul_64ns_64ns_128_1_1_U23     | 16  |        | mul_ln44    | mul | auto   | 0       |
|    mul_64ns_64ns_128_1_1_U24     | 16  |        | mul_ln44_1  | mul | auto   | 0       |
|    add_ln44_fu_1405_p2           | -   |        | add_ln44    | add | fabric | 0       |
|    add_ln36_fu_770_p2            | -   |        | add_ln36    | add | fabric | 0       |
|    mul_64ns_64ns_128_1_1_U53     | 16  |        | mul_ln54    | mul | auto   | 0       |
|    mul_64ns_64ns_128_1_1_U25     | 16  |        | mul_ln54_1  | mul | auto   | 0       |
|    mul_64ns_64ns_128_1_1_U26     | 16  |        | mul_ln54_2  | mul | auto   | 0       |
|    add_ln54_fu_1462_p2           | -   |        | add_ln54    | add | fabric | 0       |
|    mul_64ns_64ns_128_1_1_U27     | 16  |        | mul_ln54_3  | mul | auto   | 0       |
|    mul_64ns_64ns_128_1_1_U28     | 16  |        | mul_ln54_4  | mul | auto   | 0       |
|    mul_64ns_64ns_128_1_1_U29     | 16  |        | mul_ln54_5  | mul | auto   | 0       |
|    mul_64ns_64ns_128_1_1_U30     | 16  |        | mul_ln54_6  | mul | auto   | 0       |
|    add_ln54_3_fu_1513_p2         | -   |        | add_ln54_3  | add | fabric | 0       |
|    add_ln54_4_fu_1519_p2         | -   |        | add_ln54_4  | add | fabric | 0       |
|    sub_ln54_8_fu_800_p2          | -   |        | sub_ln54_8  | sub | fabric | 0       |
|    mul_64ns_64ns_128_1_1_U31     | 16  |        | mul_ln54_7  | mul | auto   | 0       |
|    mul_64ns_64ns_128_1_1_U32     | 16  |        | mul_ln54_8  | mul | auto   | 0       |
|    mul_64ns_64ns_128_1_1_U33     | 16  |        | mul_ln54_9  | mul | auto   | 0       |
|    mul_64ns_64ns_128_1_1_U34     | 16  |        | mul_ln54_10 | mul | auto   | 0       |
|    add_ln54_7_fu_1602_p2         | -   |        | add_ln54_7  | add | fabric | 0       |
|    add_ln54_8_fu_1608_p2         | -   |        | add_ln54_8  | add | fabric | 0       |
|    sub_ln54_9_fu_816_p2          | -   |        | sub_ln54_9  | sub | fabric | 0       |
|    mul_64ns_64ns_128_1_1_U35     | 16  |        | mul_ln54_11 | mul | auto   | 0       |
|    mul_64ns_64ns_128_1_1_U36     | 16  |        | mul_ln54_12 | mul | auto   | 0       |
|    mul_64ns_64ns_128_1_1_U37     | 16  |        | mul_ln54_13 | mul | auto   | 0       |
|    mul_64ns_64ns_128_1_1_U38     | 16  |        | mul_ln54_14 | mul | auto   | 0       |
|    add_ln54_11_fu_1706_p2        | -   |        | add_ln54_11 | add | fabric | 0       |
|    add_ln54_12_fu_1712_p2        | -   |        | add_ln54_12 | add | fabric | 0       |
|    sub_ln54_3_fu_842_p2          | -   |        | sub_ln54_3  | sub | fabric | 0       |
|    mul_64ns_64ns_128_1_1_U39     | 16  |        | mul_ln54_15 | mul | auto   | 0       |
|    mul_64ns_64ns_128_1_1_U40     | 16  |        | mul_ln54_16 | mul | auto   | 0       |
|    mul_64ns_64ns_128_1_1_U41     | 16  |        | mul_ln54_17 | mul | auto   | 0       |
|    mul_64ns_64ns_128_1_1_U42     | 16  |        | mul_ln54_18 | mul | auto   | 0       |
|    add_ln54_15_fu_1809_p2        | -   |        | add_ln54_15 | add | fabric | 0       |
|    add_ln54_16_fu_1815_p2        | -   |        | add_ln54_16 | add | fabric | 0       |
|    sub_ln54_4_fu_858_p2          | -   |        | sub_ln54_4  | sub | fabric | 0       |
|    mul_64ns_64ns_128_1_1_U43     | 16  |        | mul_ln54_19 | mul | auto   | 0       |
|    mul_64ns_64ns_128_1_1_U44     | 16  |        | mul_ln54_20 | mul | auto   | 0       |
|    mul_64ns_64ns_128_1_1_U45     | 16  |        | mul_ln54_21 | mul | auto   | 0       |
|    mul_64ns_64ns_128_1_1_U46     | 16  |        | mul_ln54_22 | mul | auto   | 0       |
|    add_ln54_19_fu_1905_p2        | -   |        | add_ln54_19 | add | fabric | 0       |
|    add_ln54_20_fu_1911_p2        | -   |        | add_ln54_20 | add | fabric | 0       |
|    sub_ln54_5_fu_900_p2          | -   |        | sub_ln54_5  | sub | fabric | 0       |
|    mul_64ns_64ns_128_1_1_U47     | 16  |        | mul_ln54_23 | mul | auto   | 0       |
|    mul_64ns_64ns_128_1_1_U48     | 16  |        | mul_ln54_24 | mul | auto   | 0       |
|    mul_64ns_64ns_128_1_1_U49     | 16  |        | mul_ln54_25 | mul | auto   | 0       |
|    mul_64ns_64ns_128_1_1_U50     | 16  |        | mul_ln54_26 | mul | auto   | 0       |
|    add_ln54_23_fu_1993_p2        | -   |        | add_ln54_23 | add | fabric | 0       |
|    add_ln54_24_fu_1999_p2        | -   |        | add_ln54_24 | add | fabric | 0       |
|    mul_64ns_64ns_128_1_1_U51     | 16  |        | mul_ln54_27 | mul | auto   | 0       |
|    mul_64ns_64ns_128_1_1_U54     | 16  |        | mul_ln54_28 | mul | auto   | 0       |
|    mul_64ns_64ns_128_1_1_U52     | 16  |        | mul_ln54_29 | mul | auto   | 0       |
|    add_ln54_27_fu_2047_p2        | -   |        | add_ln54_27 | add | fabric | 0       |
|  + test_Pipeline_ARRAY_WRITE     | 0   |        |             |     |        |         |
|    add_ln72_fu_204_p2            | -   |        | add_ln72    | add | fabric | 0       |
+----------------------------------+-----+--------+-------------+-----+--------+---------+


================================================================
== Bind Storage Report
================================================================
  No bind storage info in design

================================================================
== Pragma Report
================================================================
* Valid Pragma Syntax
+-----------------+-------------------------------------------------+---------------------------+
| Type            | Options                                         | Location                  |
+-----------------+-------------------------------------------------+---------------------------+
| interface       | m_axi depth=9 port=out1 offset=slave bundle=mem | d4.cpp:5 in test, out1    |
| interface       | m_axi depth=9 port=arg1 offset=slave bundle=mem | d4.cpp:6 in test, arg1    |
| interface       | m_axi depth=9 port=arg2 offset=slave bundle=mem | d4.cpp:7 in test, arg2    |
| interface       | mode=s_axilite port=return                      | d4.cpp:9 in test, return  |
| array_partition | variable=out1_w type=complete                   | d4.cpp:15 in test, out1_w |
| array_partition | variable=arg1_r type=complete                   | d4.cpp:16 in test, arg1_r |
| array_partition | variable=arg2_r type=complete                   | d4.cpp:17 in test, arg2_r |
| array_partition | variable=arr type=complete                      | d4.cpp:18 in test, arr    |
| pipeline        | II = 1                                          | d4.cpp:38 in test         |
| unroll          |                                                 | d4.cpp:41 in test         |
| pipeline        | II = 1                                          | d4.cpp:48 in test         |
| unroll          |                                                 | d4.cpp:51 in test         |
+-----------------+-------------------------------------------------+---------------------------+


