

================================================================
== Vitis HLS Report for 'fiat_25519_carry_mul_Pipeline_VITIS_LOOP_55_5'
================================================================
* Date:           Thu May  9 14:20:57 2024

* Version:        2023.1.1 (Build 3869133 on Jun 15 2023)
* Project:        D2
* Solution:       comb_37 (Vivado IP Flow Target)
* Product family: zynquplus
* Target device:  xczu9eg-ffvb1156-2-e


================================================================
== Performance Estimates
================================================================
+ Timing: 
    * Summary: 
    +--------+----------+----------+------------+
    |  Clock |  Target  | Estimated| Uncertainty|
    +--------+----------+----------+------------+
    |ap_clk  |  10.00 ns|  7.125 ns|     2.70 ns|
    +--------+----------+----------+------------+

+ Latency: 
    * Summary: 
    +---------+---------+-----------+-----------+-----+-----+---------+
    |  Latency (cycles) |   Latency (absolute)  |  Interval | Pipeline|
    |   min   |   max   |    min    |    max    | min | max |   Type  |
    +---------+---------+-----------+-----------+-----+-----+---------+
    |        4|        4|  40.000 ns|  40.000 ns|    4|    4|       no|
    +---------+---------+-----------+-----------+-----+-----+---------+

    + Detail: 
        * Instance: 
        N/A

        * Loop: 
        +-------------------+---------+---------+----------+-----------+-----------+------+----------+
        |                   |  Latency (cycles) | Iteration|  Initiation Interval  | Trip |          |
        |     Loop Name     |   min   |   max   |  Latency |  achieved |   target  | Count| Pipelined|
        +-------------------+---------+---------+----------+-----------+-----------+------+----------+
        |- VITIS_LOOP_55_5  |        2|        2|         2|          1|          1|     2|       yes|
        +-------------------+---------+---------+----------+-----------+-----------+------+----------+

============================================================
+ Verbose Summary: Synthesis Manager
============================================================
InlineROM: 1
ExposeGlobal: 0
============================================================
+ Verbose Summary: CDFG Model
============================================================
IsTopModel: 0
ResetActiveHigh: 1
IsCombinational: 0
IsDatapathOnly: 0
HasWiredReturn: 1
HasMFsm: 2
HasVarLatency: 1
IsPipeline: 0
IsRtlPipelined: 0
IsInstanceOverlapped: 0
IsDontTouch: 0
HasImplIP: 0
IsGatedGlobalClock: 0

+ Individual pipeline summary: 
  * Pipeline-0: initiation interval (II) = 1, depth = 2


============================================================
+ Verbose Summary: Schedule
============================================================
* Number of FSM states : 2
* Pipeline : 1
  Pipeline-0 : II = 1, D = 2, States = { 1 2 }
* Dataflow Pipeline: 0

* FSM state transitions: 
1 --> 2 
2 --> 

* FSM state operations: 

State 1 <SV = 0> <Delay = 1.59>
ST_1 : Operation 5 [1/1] (0.00ns)   --->   "%add129378 = alloca i32 1"   --->   Operation 5 'alloca' 'add129378' <Predicate = true> <Delay = 0.00>
ST_1 : Operation 6 [1/1] (0.00ns)   --->   "%add129_1135379 = alloca i32 1"   --->   Operation 6 'alloca' 'add129_1135379' <Predicate = true> <Delay = 0.00>
ST_1 : Operation 7 [1/1] (0.00ns)   --->   "%add129_2153380 = alloca i32 1"   --->   Operation 7 'alloca' 'add129_2153380' <Predicate = true> <Delay = 0.00>
ST_1 : Operation 8 [1/1] (0.00ns)   --->   "%add129_3171381 = alloca i32 1"   --->   Operation 8 'alloca' 'add129_3171381' <Predicate = true> <Delay = 0.00>
ST_1 : Operation 9 [1/1] (0.00ns)   --->   "%add129_4189382 = alloca i32 1"   --->   Operation 9 'alloca' 'add129_4189382' <Predicate = true> <Delay = 0.00>
ST_1 : Operation 10 [1/1] (0.00ns)   --->   "%add129_1383 = alloca i32 1"   --->   Operation 10 'alloca' 'add129_1383' <Predicate = true> <Delay = 0.00>
ST_1 : Operation 11 [1/1] (0.00ns)   --->   "%add129_1_128384 = alloca i32 1"   --->   Operation 11 'alloca' 'add129_1_128384' <Predicate = true> <Delay = 0.00>
ST_1 : Operation 12 [1/1] (0.00ns)   --->   "%add129_1_246385 = alloca i32 1"   --->   Operation 12 'alloca' 'add129_1_246385' <Predicate = true> <Delay = 0.00>
ST_1 : Operation 13 [1/1] (0.00ns)   --->   "%add129_1_364386 = alloca i32 1"   --->   Operation 13 'alloca' 'add129_1_364386' <Predicate = true> <Delay = 0.00>
ST_1 : Operation 14 [1/1] (0.00ns)   --->   "%add129_1_482387 = alloca i32 1"   --->   Operation 14 'alloca' 'add129_1_482387' <Predicate = true> <Delay = 0.00>
ST_1 : Operation 15 [1/1] (0.00ns)   --->   "%i1 = alloca i32 1"   --->   Operation 15 'alloca' 'i1' <Predicate = true> <Delay = 0.00>
ST_1 : Operation 16 [1/1] (0.00ns)   --->   "%zext_ln68_23_read = read i32 @_ssdm_op_Read.ap_auto.i32, i32 %zext_ln68_23"   --->   Operation 16 'read' 'zext_ln68_23_read' <Predicate = true> <Delay = 0.00>
ST_1 : Operation 17 [1/1] (0.00ns)   --->   "%arg1_r_9_reload_read = read i32 @_ssdm_op_Read.ap_auto.i32, i32 %arg1_r_9_reload"   --->   Operation 17 'read' 'arg1_r_9_reload_read' <Predicate = true> <Delay = 0.00>
ST_1 : Operation 18 [1/1] (0.00ns)   --->   "%arg1_r_8_reload_read = read i32 @_ssdm_op_Read.ap_auto.i32, i32 %arg1_r_8_reload"   --->   Operation 18 'read' 'arg1_r_8_reload_read' <Predicate = true> <Delay = 0.00>
ST_1 : Operation 19 [1/1] (0.00ns)   --->   "%arg1_r_7_reload_read = read i32 @_ssdm_op_Read.ap_auto.i32, i32 %arg1_r_7_reload"   --->   Operation 19 'read' 'arg1_r_7_reload_read' <Predicate = true> <Delay = 0.00>
ST_1 : Operation 20 [1/1] (0.00ns)   --->   "%arg1_r_6_reload_read = read i32 @_ssdm_op_Read.ap_auto.i32, i32 %arg1_r_6_reload"   --->   Operation 20 'read' 'arg1_r_6_reload_read' <Predicate = true> <Delay = 0.00>
ST_1 : Operation 21 [1/1] (0.00ns)   --->   "%arg2_r_reload_read = read i32 @_ssdm_op_Read.ap_auto.i32, i32 %arg2_r_reload"   --->   Operation 21 'read' 'arg2_r_reload_read' <Predicate = true> <Delay = 0.00>
ST_1 : Operation 22 [1/1] (0.00ns)   --->   "%arg2_r_1_reload_read = read i32 @_ssdm_op_Read.ap_auto.i32, i32 %arg2_r_1_reload"   --->   Operation 22 'read' 'arg2_r_1_reload_read' <Predicate = true> <Delay = 0.00>
ST_1 : Operation 23 [1/1] (0.00ns)   --->   "%arg2_r_2_reload_read = read i32 @_ssdm_op_Read.ap_auto.i32, i32 %arg2_r_2_reload"   --->   Operation 23 'read' 'arg2_r_2_reload_read' <Predicate = true> <Delay = 0.00>
ST_1 : Operation 24 [1/1] (0.00ns)   --->   "%arg2_r_3_reload_read = read i32 @_ssdm_op_Read.ap_auto.i32, i32 %arg2_r_3_reload"   --->   Operation 24 'read' 'arg2_r_3_reload_read' <Predicate = true> <Delay = 0.00>
ST_1 : Operation 25 [1/1] (0.00ns)   --->   "%arg2_r_9_reload_read = read i32 @_ssdm_op_Read.ap_auto.i32, i32 %arg2_r_9_reload"   --->   Operation 25 'read' 'arg2_r_9_reload_read' <Predicate = true> <Delay = 0.00>
ST_1 : Operation 26 [1/1] (0.00ns)   --->   "%arg2_r_8_reload_read = read i32 @_ssdm_op_Read.ap_auto.i32, i32 %arg2_r_8_reload"   --->   Operation 26 'read' 'arg2_r_8_reload_read' <Predicate = true> <Delay = 0.00>
ST_1 : Operation 27 [1/1] (0.00ns)   --->   "%arg2_r_7_reload_read = read i32 @_ssdm_op_Read.ap_auto.i32, i32 %arg2_r_7_reload"   --->   Operation 27 'read' 'arg2_r_7_reload_read' <Predicate = true> <Delay = 0.00>
ST_1 : Operation 28 [1/1] (0.00ns)   --->   "%arg2_r_6_reload_read = read i32 @_ssdm_op_Read.ap_auto.i32, i32 %arg2_r_6_reload"   --->   Operation 28 'read' 'arg2_r_6_reload_read' <Predicate = true> <Delay = 0.00>
ST_1 : Operation 29 [1/1] (0.00ns)   --->   "%arg2_r_5_reload_read = read i32 @_ssdm_op_Read.ap_auto.i32, i32 %arg2_r_5_reload"   --->   Operation 29 'read' 'arg2_r_5_reload_read' <Predicate = true> <Delay = 0.00>
ST_1 : Operation 30 [1/1] (0.00ns)   --->   "%arg2_r_4_reload_read = read i32 @_ssdm_op_Read.ap_auto.i32, i32 %arg2_r_4_reload"   --->   Operation 30 'read' 'arg2_r_4_reload_read' <Predicate = true> <Delay = 0.00>
ST_1 : Operation 31 [1/1] (0.00ns)   --->   "%arg1_r_5_reload_read = read i32 @_ssdm_op_Read.ap_auto.i32, i32 %arg1_r_5_reload"   --->   Operation 31 'read' 'arg1_r_5_reload_read' <Predicate = true> <Delay = 0.00>
ST_1 : Operation 32 [1/1] (0.00ns)   --->   "%arg1_r_4_reload_read = read i32 @_ssdm_op_Read.ap_auto.i32, i32 %arg1_r_4_reload"   --->   Operation 32 'read' 'arg1_r_4_reload_read' <Predicate = true> <Delay = 0.00>
ST_1 : Operation 33 [1/1] (0.00ns)   --->   "%arg1_r_3_reload_read = read i32 @_ssdm_op_Read.ap_auto.i32, i32 %arg1_r_3_reload"   --->   Operation 33 'read' 'arg1_r_3_reload_read' <Predicate = true> <Delay = 0.00>
ST_1 : Operation 34 [1/1] (0.00ns)   --->   "%arg1_r_2_reload_read = read i32 @_ssdm_op_Read.ap_auto.i32, i32 %arg1_r_2_reload"   --->   Operation 34 'read' 'arg1_r_2_reload_read' <Predicate = true> <Delay = 0.00>
ST_1 : Operation 35 [1/1] (0.00ns)   --->   "%arg1_r_1_reload_read = read i32 @_ssdm_op_Read.ap_auto.i32, i32 %arg1_r_1_reload"   --->   Operation 35 'read' 'arg1_r_1_reload_read' <Predicate = true> <Delay = 0.00>
ST_1 : Operation 36 [1/1] (0.00ns)   --->   "%arg1_r_reload_read = read i32 @_ssdm_op_Read.ap_auto.i32, i32 %arg1_r_reload"   --->   Operation 36 'read' 'arg1_r_reload_read' <Predicate = true> <Delay = 0.00>
ST_1 : Operation 37 [1/1] (0.00ns)   --->   "%arr_read = read i64 @_ssdm_op_Read.ap_auto.i64, i64 %arr"   --->   Operation 37 'read' 'arr_read' <Predicate = true> <Delay = 0.00>
ST_1 : Operation 38 [1/1] (0.00ns)   --->   "%arr_1_read = read i64 @_ssdm_op_Read.ap_auto.i64, i64 %arr_1"   --->   Operation 38 'read' 'arr_1_read' <Predicate = true> <Delay = 0.00>
ST_1 : Operation 39 [1/1] (0.00ns)   --->   "%arr_2_read = read i64 @_ssdm_op_Read.ap_auto.i64, i64 %arr_2"   --->   Operation 39 'read' 'arr_2_read' <Predicate = true> <Delay = 0.00>
ST_1 : Operation 40 [1/1] (0.00ns)   --->   "%arr_3_read = read i64 @_ssdm_op_Read.ap_auto.i64, i64 %arr_3"   --->   Operation 40 'read' 'arr_3_read' <Predicate = true> <Delay = 0.00>
ST_1 : Operation 41 [1/1] (0.00ns)   --->   "%arr_4_read = read i64 @_ssdm_op_Read.ap_auto.i64, i64 %arr_4"   --->   Operation 41 'read' 'arr_4_read' <Predicate = true> <Delay = 0.00>
ST_1 : Operation 42 [1/1] (0.00ns)   --->   "%arr_5_read = read i64 @_ssdm_op_Read.ap_auto.i64, i64 %arr_5"   --->   Operation 42 'read' 'arr_5_read' <Predicate = true> <Delay = 0.00>
ST_1 : Operation 43 [1/1] (0.00ns)   --->   "%arr_6_read = read i64 @_ssdm_op_Read.ap_auto.i64, i64 %arr_6"   --->   Operation 43 'read' 'arr_6_read' <Predicate = true> <Delay = 0.00>
ST_1 : Operation 44 [1/1] (0.00ns)   --->   "%arr_7_read = read i64 @_ssdm_op_Read.ap_auto.i64, i64 %arr_7"   --->   Operation 44 'read' 'arr_7_read' <Predicate = true> <Delay = 0.00>
ST_1 : Operation 45 [1/1] (0.00ns)   --->   "%arr_8_read = read i64 @_ssdm_op_Read.ap_auto.i64, i64 %arr_8"   --->   Operation 45 'read' 'arr_8_read' <Predicate = true> <Delay = 0.00>
ST_1 : Operation 46 [1/1] (0.00ns)   --->   "%zext_ln68_23_cast = zext i32 %zext_ln68_23_read"   --->   Operation 46 'zext' 'zext_ln68_23_cast' <Predicate = true> <Delay = 0.00>
ST_1 : Operation 47 [1/1] (0.42ns)   --->   "%store_ln0 = store i4 0, i4 %i1"   --->   Operation 47 'store' 'store_ln0' <Predicate = true> <Delay = 0.42>
ST_1 : Operation 48 [1/1] (0.42ns)   --->   "%store_ln0 = store i64 %arr_8_read, i64 %add129_1_482387"   --->   Operation 48 'store' 'store_ln0' <Predicate = true> <Delay = 0.42>
ST_1 : Operation 49 [1/1] (0.42ns)   --->   "%store_ln0 = store i64 %arr_7_read, i64 %add129_1_364386"   --->   Operation 49 'store' 'store_ln0' <Predicate = true> <Delay = 0.42>
ST_1 : Operation 50 [1/1] (0.42ns)   --->   "%store_ln0 = store i64 %arr_6_read, i64 %add129_1_246385"   --->   Operation 50 'store' 'store_ln0' <Predicate = true> <Delay = 0.42>
ST_1 : Operation 51 [1/1] (0.42ns)   --->   "%store_ln0 = store i64 %arr_5_read, i64 %add129_1_128384"   --->   Operation 51 'store' 'store_ln0' <Predicate = true> <Delay = 0.42>
ST_1 : Operation 52 [1/1] (0.42ns)   --->   "%store_ln0 = store i64 %arr_4_read, i64 %add129_1383"   --->   Operation 52 'store' 'store_ln0' <Predicate = true> <Delay = 0.42>
ST_1 : Operation 53 [1/1] (0.42ns)   --->   "%store_ln0 = store i64 %arr_3_read, i64 %add129_4189382"   --->   Operation 53 'store' 'store_ln0' <Predicate = true> <Delay = 0.42>
ST_1 : Operation 54 [1/1] (0.42ns)   --->   "%store_ln0 = store i64 %arr_2_read, i64 %add129_3171381"   --->   Operation 54 'store' 'store_ln0' <Predicate = true> <Delay = 0.42>
ST_1 : Operation 55 [1/1] (0.42ns)   --->   "%store_ln0 = store i64 %arr_1_read, i64 %add129_2153380"   --->   Operation 55 'store' 'store_ln0' <Predicate = true> <Delay = 0.42>
ST_1 : Operation 56 [1/1] (0.42ns)   --->   "%store_ln0 = store i64 %arr_read, i64 %add129_1135379"   --->   Operation 56 'store' 'store_ln0' <Predicate = true> <Delay = 0.42>
ST_1 : Operation 57 [1/1] (0.42ns)   --->   "%store_ln0 = store i64 0, i64 %add129378"   --->   Operation 57 'store' 'store_ln0' <Predicate = true> <Delay = 0.42>
ST_1 : Operation 58 [1/1] (0.00ns)   --->   "%br_ln0 = br void %for.body91"   --->   Operation 58 'br' 'br_ln0' <Predicate = true> <Delay = 0.00>
ST_1 : Operation 59 [1/1] (0.00ns)   --->   "%i1_2 = load i4 %i1" [d2.cpp:55]   --->   Operation 59 'load' 'i1_2' <Predicate = true> <Delay = 0.00>
ST_1 : Operation 60 [1/1] (0.79ns)   --->   "%icmp_ln68 = icmp_ult  i4 %i1_2, i4 10" [d2.cpp:68]   --->   Operation 60 'icmp' 'icmp_ln68' <Predicate = true> <Delay = 0.79> <CoreInst = "Cmp">   --->   Core 9 'Cmp' <Latency = 0> <II = 1> <Delay = 0.79> <FuncUnit> <Opcode : 'icmp'> <InPorts = 2> <OutPorts = 1>
ST_1 : Operation 61 [1/1] (0.00ns)   --->   "%br_ln55 = br i1 %icmp_ln68, void %for.end141.exitStub, void %for.body91.split" [d2.cpp:55]   --->   Operation 61 'br' 'br_ln55' <Predicate = true> <Delay = 0.00>
ST_1 : Operation 62 [1/1] (0.00ns)   --->   "%trunc_ln68 = trunc i4 %i1_2" [d2.cpp:68]   --->   Operation 62 'trunc' 'trunc_ln68' <Predicate = (icmp_ln68)> <Delay = 0.00>
ST_1 : Operation 63 [1/1] (0.00ns)   --->   "%zext_ln68_24 = zext i4 %i1_2" [d2.cpp:68]   --->   Operation 63 'zext' 'zext_ln68_24' <Predicate = (icmp_ln68)> <Delay = 0.00>
ST_1 : Operation 64 [1/1] (0.00ns)   --->   "%trunc_ln55 = trunc i4 %i1_2" [d2.cpp:55]   --->   Operation 64 'trunc' 'trunc_ln55' <Predicate = (icmp_ln68)> <Delay = 0.00>
ST_1 : Operation 65 [1/1] (0.00ns)   --->   "%trunc_ln55_1 = trunc i4 %i1_2" [d2.cpp:55]   --->   Operation 65 'trunc' 'trunc_ln55_1' <Predicate = (icmp_ln68)> <Delay = 0.00>
ST_1 : Operation 66 [1/1] (0.79ns)   --->   "%sub_ln68 = sub i4 9, i4 %i1_2" [d2.cpp:68]   --->   Operation 66 'sub' 'sub_ln68' <Predicate = (icmp_ln68)> <Delay = 0.79> <CoreInst = "Adder">   --->   Core 1 'Adder' <Latency = 0> <II = 1> <Delay = 0.79> <FuncUnit> <Opcode : 'add' 'sub'> <InPorts = 2> <OutPorts = 1>
ST_1 : Operation 67 [1/1] (0.79ns)   --->   "%sub_ln68_1 = sub i4 8, i4 %i1_2" [d2.cpp:68]   --->   Operation 67 'sub' 'sub_ln68_1' <Predicate = (icmp_ln68)> <Delay = 0.79> <CoreInst = "Adder">   --->   Core 1 'Adder' <Latency = 0> <II = 1> <Delay = 0.79> <FuncUnit> <Opcode : 'add' 'sub'> <InPorts = 2> <OutPorts = 1>
ST_1 : Operation 68 [1/1] (0.67ns)   --->   "%sub_ln68_2 = sub i3 6, i3 %trunc_ln55_1" [d2.cpp:68]   --->   Operation 68 'sub' 'sub_ln68_2' <Predicate = (icmp_ln68)> <Delay = 0.67> <CoreInst = "Adder">   --->   Core 1 'Adder' <Latency = 0> <II = 1> <Delay = 0.67> <FuncUnit> <Opcode : 'add' 'sub'> <InPorts = 2> <OutPorts = 1>
ST_1 : Operation 69 [1/1] (0.67ns)   --->   "%sub_ln68_3 = sub i3 5, i3 %trunc_ln55_1" [d2.cpp:68]   --->   Operation 69 'sub' 'sub_ln68_3' <Predicate = (icmp_ln68)> <Delay = 0.67> <CoreInst = "Adder">   --->   Core 1 'Adder' <Latency = 0> <II = 1> <Delay = 0.67> <FuncUnit> <Opcode : 'add' 'sub'> <InPorts = 2> <OutPorts = 1>
ST_1 : Operation 70 [1/1] (0.79ns)   --->   "%i1_3 = add i4 %i1_2, i4 5" [d2.cpp:68]   --->   Operation 70 'add' 'i1_3' <Predicate = (icmp_ln68)> <Delay = 0.79> <CoreInst = "Adder">   --->   Core 1 'Adder' <Latency = 0> <II = 1> <Delay = 0.79> <FuncUnit> <Opcode : 'add' 'sub'> <InPorts = 2> <OutPorts = 1>
ST_1 : Operation 71 [1/1] (0.67ns)   --->   "%sub_ln68_4 = sub i3 4, i3 %trunc_ln55_1" [d2.cpp:68]   --->   Operation 71 'sub' 'sub_ln68_4' <Predicate = (icmp_ln68)> <Delay = 0.67> <CoreInst = "Adder">   --->   Core 1 'Adder' <Latency = 0> <II = 1> <Delay = 0.67> <FuncUnit> <Opcode : 'add' 'sub'> <InPorts = 2> <OutPorts = 1>
ST_1 : Operation 72 [1/1] (0.79ns)   --->   "%icmp_ln68_1 = icmp_ult  i4 %i1_3, i4 10" [d2.cpp:68]   --->   Operation 72 'icmp' 'icmp_ln68_1' <Predicate = (icmp_ln68)> <Delay = 0.79> <CoreInst = "Cmp">   --->   Core 9 'Cmp' <Latency = 0> <II = 1> <Delay = 0.79> <FuncUnit> <Opcode : 'icmp'> <InPorts = 2> <OutPorts = 1>
ST_1 : Operation 73 [1/1] (0.79ns)   --->   "%add_ln68_1 = add i4 %i1_2, i4 6" [d2.cpp:68]   --->   Operation 73 'add' 'add_ln68_1' <Predicate = (icmp_ln68)> <Delay = 0.79> <CoreInst = "Adder">   --->   Core 1 'Adder' <Latency = 0> <II = 1> <Delay = 0.79> <FuncUnit> <Opcode : 'add' 'sub'> <InPorts = 2> <OutPorts = 1>
ST_1 : Operation 74 [1/1] (0.79ns)   --->   "%icmp_ln68_2 = icmp_ult  i4 %add_ln68_1, i4 10" [d2.cpp:68]   --->   Operation 74 'icmp' 'icmp_ln68_2' <Predicate = (icmp_ln68)> <Delay = 0.79> <CoreInst = "Cmp">   --->   Core 9 'Cmp' <Latency = 0> <II = 1> <Delay = 0.79> <FuncUnit> <Opcode : 'icmp'> <InPorts = 2> <OutPorts = 1>
ST_1 : Operation 75 [1/1] (0.79ns)   --->   "%add_ln68_2 = add i5 %zext_ln68_24, i5 7" [d2.cpp:68]   --->   Operation 75 'add' 'add_ln68_2' <Predicate = (icmp_ln68)> <Delay = 0.79> <CoreInst = "Adder">   --->   Core 1 'Adder' <Latency = 0> <II = 1> <Delay = 0.79> <FuncUnit> <Opcode : 'add' 'sub'> <InPorts = 2> <OutPorts = 1>
ST_1 : Operation 76 [1/1] (0.54ns)   --->   "%sub_ln68_5 = sub i2 2, i2 %trunc_ln55" [d2.cpp:68]   --->   Operation 76 'sub' 'sub_ln68_5' <Predicate = (icmp_ln68)> <Delay = 0.54> <CoreInst = "Adder">   --->   Core 1 'Adder' <Latency = 0> <II = 1> <Delay = 0.54> <FuncUnit> <Opcode : 'add' 'sub'> <InPorts = 2> <OutPorts = 1>
ST_1 : Operation 77 [1/1] (0.78ns)   --->   "%icmp_ln68_3 = icmp_ult  i5 %add_ln68_2, i5 10" [d2.cpp:68]   --->   Operation 77 'icmp' 'icmp_ln68_3' <Predicate = (icmp_ln68)> <Delay = 0.78> <CoreInst = "Cmp">   --->   Core 9 'Cmp' <Latency = 0> <II = 1> <Delay = 0.78> <FuncUnit> <Opcode : 'icmp'> <InPorts = 2> <OutPorts = 1>
ST_1 : Operation 78 [1/1] (0.78ns)   --->   "%add_ln68_23 = add i5 %zext_ln68_24, i5 8" [d2.cpp:68]   --->   Operation 78 'add' 'add_ln68_23' <Predicate = (icmp_ln68)> <Delay = 0.78> <CoreInst = "Adder">   --->   Core 1 'Adder' <Latency = 0> <II = 1> <Delay = 0.78> <FuncUnit> <Opcode : 'add' 'sub'> <InPorts = 2> <OutPorts = 1>
ST_1 : Operation 79 [1/1] (0.78ns)   --->   "%icmp_ln68_4 = icmp_ult  i5 %add_ln68_23, i5 10" [d2.cpp:68]   --->   Operation 79 'icmp' 'icmp_ln68_4' <Predicate = (icmp_ln68)> <Delay = 0.78> <CoreInst = "Cmp">   --->   Core 9 'Cmp' <Latency = 0> <II = 1> <Delay = 0.78> <FuncUnit> <Opcode : 'icmp'> <InPorts = 2> <OutPorts = 1>
ST_1 : Operation 80 [1/1] (0.78ns)   --->   "%add_ln67 = add i5 %zext_ln68_24, i5 9" [d2.cpp:67]   --->   Operation 80 'add' 'add_ln67' <Predicate = (icmp_ln68)> <Delay = 0.78> <CoreInst = "Adder">   --->   Core 1 'Adder' <Latency = 0> <II = 1> <Delay = 0.78> <FuncUnit> <Opcode : 'add' 'sub'> <InPorts = 2> <OutPorts = 1>
ST_1 : Operation 81 [1/1] (0.78ns)   --->   "%icmp_ln67 = icmp_ult  i5 %add_ln67, i5 10" [d2.cpp:67]   --->   Operation 81 'icmp' 'icmp_ln67' <Predicate = (icmp_ln68)> <Delay = 0.78> <CoreInst = "Cmp">   --->   Core 9 'Cmp' <Latency = 0> <II = 1> <Delay = 0.78> <FuncUnit> <Opcode : 'icmp'> <InPorts = 2> <OutPorts = 1>
ST_1 : Operation 82 [1/1] (0.42ns)   --->   "%store_ln55 = store i4 %i1_3, i4 %i1" [d2.cpp:55]   --->   Operation 82 'store' 'store_ln55' <Predicate = (icmp_ln68)> <Delay = 0.42>
ST_1 : Operation 280 [1/1] (0.00ns)   --->   "%add129378_load_1 = load i64 %add129378"   --->   Operation 280 'load' 'add129378_load_1' <Predicate = (!icmp_ln68)> <Delay = 0.00>
ST_1 : Operation 281 [1/1] (0.00ns)   --->   "%add129_1135379_load_1 = load i64 %add129_1135379"   --->   Operation 281 'load' 'add129_1135379_load_1' <Predicate = (!icmp_ln68)> <Delay = 0.00>
ST_1 : Operation 282 [1/1] (0.00ns)   --->   "%add129_2153380_load_1 = load i64 %add129_2153380"   --->   Operation 282 'load' 'add129_2153380_load_1' <Predicate = (!icmp_ln68)> <Delay = 0.00>
ST_1 : Operation 283 [1/1] (0.00ns)   --->   "%add129_3171381_load_1 = load i64 %add129_3171381"   --->   Operation 283 'load' 'add129_3171381_load_1' <Predicate = (!icmp_ln68)> <Delay = 0.00>
ST_1 : Operation 284 [1/1] (0.00ns)   --->   "%add129_4189382_load_1 = load i64 %add129_4189382"   --->   Operation 284 'load' 'add129_4189382_load_1' <Predicate = (!icmp_ln68)> <Delay = 0.00>
ST_1 : Operation 285 [1/1] (0.00ns)   --->   "%add129_1383_load_1 = load i64 %add129_1383"   --->   Operation 285 'load' 'add129_1383_load_1' <Predicate = (!icmp_ln68)> <Delay = 0.00>
ST_1 : Operation 286 [1/1] (0.00ns)   --->   "%add129_1_128384_load_1 = load i64 %add129_1_128384"   --->   Operation 286 'load' 'add129_1_128384_load_1' <Predicate = (!icmp_ln68)> <Delay = 0.00>
ST_1 : Operation 287 [1/1] (0.00ns)   --->   "%add129_1_246385_load_1 = load i64 %add129_1_246385"   --->   Operation 287 'load' 'add129_1_246385_load_1' <Predicate = (!icmp_ln68)> <Delay = 0.00>
ST_1 : Operation 288 [1/1] (0.00ns)   --->   "%add129_1_364386_load_1 = load i64 %add129_1_364386"   --->   Operation 288 'load' 'add129_1_364386_load_1' <Predicate = (!icmp_ln68)> <Delay = 0.00>
ST_1 : Operation 289 [1/1] (0.00ns)   --->   "%add129_1_482387_load_1 = load i64 %add129_1_482387"   --->   Operation 289 'load' 'add129_1_482387_load_1' <Predicate = (!icmp_ln68)> <Delay = 0.00>
ST_1 : Operation 290 [1/1] (0.00ns)   --->   "%write_ln0 = write void @_ssdm_op_Write.ap_auto.i64P0A, i64 %add129_1_482387_out, i64 %add129_1_482387_load_1"   --->   Operation 290 'write' 'write_ln0' <Predicate = (!icmp_ln68)> <Delay = 0.00>
ST_1 : Operation 291 [1/1] (0.00ns)   --->   "%write_ln0 = write void @_ssdm_op_Write.ap_auto.i64P0A, i64 %add129_1_364386_out, i64 %add129_1_364386_load_1"   --->   Operation 291 'write' 'write_ln0' <Predicate = (!icmp_ln68)> <Delay = 0.00>
ST_1 : Operation 292 [1/1] (0.00ns)   --->   "%write_ln0 = write void @_ssdm_op_Write.ap_auto.i64P0A, i64 %add129_1_246385_out, i64 %add129_1_246385_load_1"   --->   Operation 292 'write' 'write_ln0' <Predicate = (!icmp_ln68)> <Delay = 0.00>
ST_1 : Operation 293 [1/1] (0.00ns)   --->   "%write_ln0 = write void @_ssdm_op_Write.ap_auto.i64P0A, i64 %add129_1_128384_out, i64 %add129_1_128384_load_1"   --->   Operation 293 'write' 'write_ln0' <Predicate = (!icmp_ln68)> <Delay = 0.00>
ST_1 : Operation 294 [1/1] (0.00ns)   --->   "%write_ln0 = write void @_ssdm_op_Write.ap_auto.i64P0A, i64 %add129_1383_out, i64 %add129_1383_load_1"   --->   Operation 294 'write' 'write_ln0' <Predicate = (!icmp_ln68)> <Delay = 0.00>
ST_1 : Operation 295 [1/1] (0.00ns)   --->   "%write_ln0 = write void @_ssdm_op_Write.ap_auto.i64P0A, i64 %add129_4189382_out, i64 %add129_4189382_load_1"   --->   Operation 295 'write' 'write_ln0' <Predicate = (!icmp_ln68)> <Delay = 0.00>
ST_1 : Operation 296 [1/1] (0.00ns)   --->   "%write_ln0 = write void @_ssdm_op_Write.ap_auto.i64P0A, i64 %add129_3171381_out, i64 %add129_3171381_load_1"   --->   Operation 296 'write' 'write_ln0' <Predicate = (!icmp_ln68)> <Delay = 0.00>
ST_1 : Operation 297 [1/1] (0.00ns)   --->   "%write_ln0 = write void @_ssdm_op_Write.ap_auto.i64P0A, i64 %add129_2153380_out, i64 %add129_2153380_load_1"   --->   Operation 297 'write' 'write_ln0' <Predicate = (!icmp_ln68)> <Delay = 0.00>
ST_1 : Operation 298 [1/1] (0.00ns)   --->   "%write_ln0 = write void @_ssdm_op_Write.ap_auto.i64P0A, i64 %add129_1135379_out, i64 %add129_1135379_load_1"   --->   Operation 298 'write' 'write_ln0' <Predicate = (!icmp_ln68)> <Delay = 0.00>
ST_1 : Operation 299 [1/1] (0.00ns)   --->   "%write_ln0 = write void @_ssdm_op_Write.ap_auto.i64P0A, i64 %add129378_out, i64 %add129378_load_1"   --->   Operation 299 'write' 'write_ln0' <Predicate = (!icmp_ln68)> <Delay = 0.00>
ST_1 : Operation 300 [1/1] (0.00ns)   --->   "%ret_ln0 = ret"   --->   Operation 300 'ret' 'ret_ln0' <Predicate = (!icmp_ln68)> <Delay = 0.00>

State 2 <SV = 1> <Delay = 7.12>
ST_2 : Operation 83 [1/1] (0.00ns)   --->   "%add129378_load = load i64 %add129378" [d2.cpp:68]   --->   Operation 83 'load' 'add129378_load' <Predicate = true> <Delay = 0.00>
ST_2 : Operation 84 [1/1] (0.00ns)   --->   "%add129_1135379_load = load i64 %add129_1135379" [d2.cpp:68]   --->   Operation 84 'load' 'add129_1135379_load' <Predicate = true> <Delay = 0.00>
ST_2 : Operation 85 [1/1] (0.00ns)   --->   "%add129_2153380_load = load i64 %add129_2153380" [d2.cpp:68]   --->   Operation 85 'load' 'add129_2153380_load' <Predicate = true> <Delay = 0.00>
ST_2 : Operation 86 [1/1] (0.00ns)   --->   "%add129_3171381_load = load i64 %add129_3171381" [d2.cpp:68]   --->   Operation 86 'load' 'add129_3171381_load' <Predicate = true> <Delay = 0.00>
ST_2 : Operation 87 [1/1] (0.00ns)   --->   "%add129_4189382_load = load i64 %add129_4189382" [d2.cpp:68]   --->   Operation 87 'load' 'add129_4189382_load' <Predicate = true> <Delay = 0.00>
ST_2 : Operation 88 [1/1] (0.00ns)   --->   "%add129_1383_load = load i64 %add129_1383" [d2.cpp:68]   --->   Operation 88 'load' 'add129_1383_load' <Predicate = true> <Delay = 0.00>
ST_2 : Operation 89 [1/1] (0.00ns)   --->   "%add129_1_128384_load = load i64 %add129_1_128384" [d2.cpp:68]   --->   Operation 89 'load' 'add129_1_128384_load' <Predicate = true> <Delay = 0.00>
ST_2 : Operation 90 [1/1] (0.00ns)   --->   "%add129_1_246385_load = load i64 %add129_1_246385" [d2.cpp:68]   --->   Operation 90 'load' 'add129_1_246385_load' <Predicate = true> <Delay = 0.00>
ST_2 : Operation 91 [1/1] (0.00ns)   --->   "%add129_1_364386_load = load i64 %add129_1_364386" [d2.cpp:68]   --->   Operation 91 'load' 'add129_1_364386_load' <Predicate = true> <Delay = 0.00>
ST_2 : Operation 92 [1/1] (0.00ns)   --->   "%add129_1_482387_load = load i64 %add129_1_482387" [d2.cpp:68]   --->   Operation 92 'load' 'add129_1_482387_load' <Predicate = true> <Delay = 0.00>
ST_2 : Operation 93 [1/1] (0.00ns)   --->   "%specpipeline_ln57 = specpipeline void @_ssdm_op_SpecPipeline, i32 1, i32 0, i32 0, i32 0, void @empty_14" [d2.cpp:57]   --->   Operation 93 'specpipeline' 'specpipeline_ln57' <Predicate = true> <Delay = 0.00>
ST_2 : Operation 94 [1/1] (0.00ns)   --->   "%speclooptripcount_ln55 = speclooptripcount void @_ssdm_op_SpecLoopTripCount, i64 2, i64 2, i64 2" [d2.cpp:55]   --->   Operation 94 'speclooptripcount' 'speclooptripcount_ln55' <Predicate = true> <Delay = 0.00>
ST_2 : Operation 95 [1/1] (0.00ns)   --->   "%specloopname_ln55 = specloopname void @_ssdm_op_SpecLoopName, void @empty_11" [d2.cpp:55]   --->   Operation 95 'specloopname' 'specloopname_ln55' <Predicate = true> <Delay = 0.00>
ST_2 : Operation 96 [1/1] (0.62ns)   --->   "%tmp = mux i32 @_ssdm_op_Mux.ap_auto.6i32.i3, i32 %arg1_r_reload_read, i32 %arg1_r_1_reload_read, i32 %arg1_r_2_reload_read, i32 %arg1_r_3_reload_read, i32 %arg1_r_4_reload_read, i32 %arg1_r_5_reload_read, i3 %trunc_ln55_1" [d2.cpp:68]   --->   Operation 96 'mux' 'tmp' <Predicate = true> <Delay = 0.62> <CoreInst = "Multiplexer">   --->   Core 76 'Multiplexer' <Latency = 0> <II = 1> <Delay = 0.62> <FuncUnit> <Opcode : 'mux'> <InPorts = 2> <OutPorts = 1>
ST_2 : Operation 97 [1/1] (0.00ns)   --->   "%zext_ln68 = zext i32 %tmp" [d2.cpp:68]   --->   Operation 97 'zext' 'zext_ln68' <Predicate = true> <Delay = 0.00>
ST_2 : Operation 98 [1/1] (0.75ns)   --->   "%tmp_1 = mux i32 @_ssdm_op_Mux.ap_auto.10i32.i4, i32 0, i32 0, i32 0, i32 0, i32 %arg2_r_4_reload_read, i32 %arg2_r_5_reload_read, i32 %arg2_r_6_reload_read, i32 %arg2_r_7_reload_read, i32 %arg2_r_8_reload_read, i32 %arg2_r_9_reload_read, i4 %sub_ln68" [d2.cpp:68]   --->   Operation 98 'mux' 'tmp_1' <Predicate = true> <Delay = 0.75> <CoreInst = "Multiplexer">   --->   Core 76 'Multiplexer' <Latency = 0> <II = 1> <Delay = 0.75> <FuncUnit> <Opcode : 'mux'> <InPorts = 2> <OutPorts = 1>
ST_2 : Operation 99 [1/1] (0.00ns)   --->   "%zext_ln68_1 = zext i32 %tmp_1" [d2.cpp:68]   --->   Operation 99 'zext' 'zext_ln68_1' <Predicate = true> <Delay = 0.00>
ST_2 : Operation 100 [1/1] (0.77ns)   --->   "%tmp_2 = mux i32 @_ssdm_op_Mux.ap_auto.9i32.i4, i32 0, i32 0, i32 0, i32 %arg2_r_3_reload_read, i32 %arg2_r_4_reload_read, i32 %arg2_r_5_reload_read, i32 %arg2_r_6_reload_read, i32 %arg2_r_7_reload_read, i32 %arg2_r_8_reload_read, i4 %sub_ln68_1" [d2.cpp:68]   --->   Operation 100 'mux' 'tmp_2' <Predicate = true> <Delay = 0.77> <CoreInst = "Multiplexer">   --->   Core 76 'Multiplexer' <Latency = 0> <II = 1> <Delay = 0.77> <FuncUnit> <Opcode : 'mux'> <InPorts = 2> <OutPorts = 1>
ST_2 : Operation 101 [1/1] (0.00ns) (grouped into LUT with out node select_ln68)   --->   "%shl_ln68 = shl i32 %tmp_2, i32 1" [d2.cpp:68]   --->   Operation 101 'shl' 'shl_ln68' <Predicate = (trunc_ln68)> <Delay = 0.00>
ST_2 : Operation 102 [1/1] (0.44ns) (out node of the LUT)   --->   "%select_ln68 = select i1 %trunc_ln68, i32 %shl_ln68, i32 %tmp_2" [d2.cpp:68]   --->   Operation 102 'select' 'select_ln68' <Predicate = true> <Delay = 0.44> <CoreInst = "Sel">   --->   Core 73 'Sel' <Latency = 0> <II = 1> <Delay = 0.44> <FuncUnit> <Opcode : 'select'> <InPorts = 3> <OutPorts = 1>
ST_2 : Operation 103 [1/1] (0.00ns)   --->   "%zext_ln68_2 = zext i32 %select_ln68" [d2.cpp:68]   --->   Operation 103 'zext' 'zext_ln68_2' <Predicate = true> <Delay = 0.00>
ST_2 : Operation 104 [1/1] (0.12ns)   --->   "%xor_ln68 = xor i3 %trunc_ln55_1, i3 7" [d2.cpp:68]   --->   Operation 104 'xor' 'xor_ln68' <Predicate = true> <Delay = 0.12> <CoreInst = "LogicGate">   --->   Core 74 'LogicGate' <Latency = 0> <II = 1> <Delay = 0.12> <FuncUnit> <Opcode : 'and' 'or' 'xor'> <InPorts = 2> <OutPorts = 1>
ST_2 : Operation 105 [1/1] (0.72ns)   --->   "%tmp_3 = mux i32 @_ssdm_op_Mux.ap_auto.8i32.i3, i32 0, i32 0, i32 %arg2_r_2_reload_read, i32 %arg2_r_3_reload_read, i32 %arg2_r_4_reload_read, i32 %arg2_r_5_reload_read, i32 %arg2_r_6_reload_read, i32 %arg2_r_7_reload_read, i3 %xor_ln68" [d2.cpp:68]   --->   Operation 105 'mux' 'tmp_3' <Predicate = true> <Delay = 0.72> <CoreInst = "Multiplexer">   --->   Core 76 'Multiplexer' <Latency = 0> <II = 1> <Delay = 0.72> <FuncUnit> <Opcode : 'mux'> <InPorts = 2> <OutPorts = 1>
ST_2 : Operation 106 [1/1] (0.00ns)   --->   "%zext_ln68_3 = zext i32 %tmp_3" [d2.cpp:68]   --->   Operation 106 'zext' 'zext_ln68_3' <Predicate = true> <Delay = 0.00>
ST_2 : Operation 107 [1/1] (0.67ns)   --->   "%tmp_4 = mux i32 @_ssdm_op_Mux.ap_auto.7i32.i3, i32 0, i32 %arg2_r_1_reload_read, i32 %arg2_r_2_reload_read, i32 %arg2_r_3_reload_read, i32 %arg2_r_4_reload_read, i32 %arg2_r_5_reload_read, i32 %arg2_r_6_reload_read, i3 %sub_ln68_2" [d2.cpp:68]   --->   Operation 107 'mux' 'tmp_4' <Predicate = true> <Delay = 0.67> <CoreInst = "Multiplexer">   --->   Core 76 'Multiplexer' <Latency = 0> <II = 1> <Delay = 0.67> <FuncUnit> <Opcode : 'mux'> <InPorts = 2> <OutPorts = 1>
ST_2 : Operation 108 [1/1] (0.00ns) (grouped into LUT with out node select_ln68_1)   --->   "%shl_ln68_1 = shl i32 %tmp_4, i32 1" [d2.cpp:68]   --->   Operation 108 'shl' 'shl_ln68_1' <Predicate = (trunc_ln68)> <Delay = 0.00>
ST_2 : Operation 109 [1/1] (0.44ns) (out node of the LUT)   --->   "%select_ln68_1 = select i1 %trunc_ln68, i32 %shl_ln68_1, i32 %tmp_4" [d2.cpp:68]   --->   Operation 109 'select' 'select_ln68_1' <Predicate = true> <Delay = 0.44> <CoreInst = "Sel">   --->   Core 73 'Sel' <Latency = 0> <II = 1> <Delay = 0.44> <FuncUnit> <Opcode : 'select'> <InPorts = 3> <OutPorts = 1>
ST_2 : Operation 110 [1/1] (0.00ns)   --->   "%zext_ln68_4 = zext i32 %select_ln68_1" [d2.cpp:68]   --->   Operation 110 'zext' 'zext_ln68_4' <Predicate = true> <Delay = 0.00>
ST_2 : Operation 111 [1/1] (0.62ns)   --->   "%tmp_5 = mux i32 @_ssdm_op_Mux.ap_auto.6i32.i3, i32 %arg2_r_reload_read, i32 %arg2_r_1_reload_read, i32 %arg2_r_2_reload_read, i32 %arg2_r_3_reload_read, i32 %arg2_r_4_reload_read, i32 %arg2_r_5_reload_read, i3 %sub_ln68_3" [d2.cpp:68]   --->   Operation 111 'mux' 'tmp_5' <Predicate = true> <Delay = 0.62> <CoreInst = "Multiplexer">   --->   Core 76 'Multiplexer' <Latency = 0> <II = 1> <Delay = 0.62> <FuncUnit> <Opcode : 'mux'> <InPorts = 2> <OutPorts = 1>
ST_2 : Operation 112 [1/1] (0.00ns)   --->   "%zext_ln68_5 = zext i32 %tmp_5" [d2.cpp:68]   --->   Operation 112 'zext' 'zext_ln68_5' <Predicate = true> <Delay = 0.00>
ST_2 : Operation 113 [1/1] (0.28ns)   --->   "%cmp95_185 = xor i1 %trunc_ln68, i1 1" [d2.cpp:68]   --->   Operation 113 'xor' 'cmp95_185' <Predicate = true> <Delay = 0.28> <CoreInst = "LogicGate">   --->   Core 74 'LogicGate' <Latency = 0> <II = 1> <Delay = 0.28> <FuncUnit> <Opcode : 'and' 'or' 'xor'> <InPorts = 2> <OutPorts = 1>
ST_2 : Operation 114 [1/1] (0.62ns)   --->   "%tmp_6 = mux i32 @_ssdm_op_Mux.ap_auto.6i32.i3, i32 %arg1_r_1_reload_read, i32 %arg1_r_2_reload_read, i32 %arg1_r_3_reload_read, i32 %arg1_r_4_reload_read, i32 %arg1_r_5_reload_read, i32 %arg1_r_6_reload_read, i3 %trunc_ln55_1" [d2.cpp:68]   --->   Operation 114 'mux' 'tmp_6' <Predicate = true> <Delay = 0.62> <CoreInst = "Multiplexer">   --->   Core 76 'Multiplexer' <Latency = 0> <II = 1> <Delay = 0.62> <FuncUnit> <Opcode : 'mux'> <InPorts = 2> <OutPorts = 1>
ST_2 : Operation 115 [1/1] (0.00ns)   --->   "%zext_ln68_6 = zext i32 %tmp_6" [d2.cpp:68]   --->   Operation 115 'zext' 'zext_ln68_6' <Predicate = true> <Delay = 0.00>
ST_2 : Operation 116 [1/1] (0.00ns)   --->   "%zext_ln68_7 = zext i32 %tmp_2" [d2.cpp:68]   --->   Operation 116 'zext' 'zext_ln68_7' <Predicate = true> <Delay = 0.00>
ST_2 : Operation 117 [1/1] (0.00ns) (grouped into LUT with out node select_ln68_2)   --->   "%shl_ln68_2 = shl i32 %tmp_3, i32 1" [d2.cpp:68]   --->   Operation 117 'shl' 'shl_ln68_2' <Predicate = (!trunc_ln68)> <Delay = 0.00>
ST_2 : Operation 118 [1/1] (0.44ns) (out node of the LUT)   --->   "%select_ln68_2 = select i1 %trunc_ln68, i32 %tmp_3, i32 %shl_ln68_2" [d2.cpp:68]   --->   Operation 118 'select' 'select_ln68_2' <Predicate = true> <Delay = 0.44> <CoreInst = "Sel">   --->   Core 73 'Sel' <Latency = 0> <II = 1> <Delay = 0.44> <FuncUnit> <Opcode : 'select'> <InPorts = 3> <OutPorts = 1>
ST_2 : Operation 119 [1/1] (0.00ns)   --->   "%zext_ln68_8 = zext i32 %select_ln68_2" [d2.cpp:68]   --->   Operation 119 'zext' 'zext_ln68_8' <Predicate = true> <Delay = 0.00>
ST_2 : Operation 120 [1/1] (0.00ns)   --->   "%zext_ln68_9 = zext i32 %tmp_4" [d2.cpp:68]   --->   Operation 120 'zext' 'zext_ln68_9' <Predicate = true> <Delay = 0.00>
ST_2 : Operation 121 [1/1] (0.00ns) (grouped into LUT with out node select_ln68_3)   --->   "%shl_ln68_3 = shl i32 %tmp_5, i32 1" [d2.cpp:68]   --->   Operation 121 'shl' 'shl_ln68_3' <Predicate = (!trunc_ln68)> <Delay = 0.00>
ST_2 : Operation 122 [1/1] (0.44ns) (out node of the LUT)   --->   "%select_ln68_3 = select i1 %trunc_ln68, i32 %tmp_5, i32 %shl_ln68_3" [d2.cpp:68]   --->   Operation 122 'select' 'select_ln68_3' <Predicate = true> <Delay = 0.44> <CoreInst = "Sel">   --->   Core 73 'Sel' <Latency = 0> <II = 1> <Delay = 0.44> <FuncUnit> <Opcode : 'select'> <InPorts = 3> <OutPorts = 1>
ST_2 : Operation 123 [1/1] (0.00ns)   --->   "%zext_ln68_10 = zext i32 %select_ln68_3" [d2.cpp:68]   --->   Operation 123 'zext' 'zext_ln68_10' <Predicate = true> <Delay = 0.00>
ST_2 : Operation 124 [1/1] (0.57ns)   --->   "%tmp_7 = mux i32 @_ssdm_op_Mux.ap_auto.5i32.i3, i32 %arg2_r_reload_read, i32 %arg2_r_1_reload_read, i32 %arg2_r_2_reload_read, i32 %arg2_r_3_reload_read, i32 %arg2_r_4_reload_read, i3 %sub_ln68_4" [d2.cpp:68]   --->   Operation 124 'mux' 'tmp_7' <Predicate = true> <Delay = 0.57> <CoreInst = "Multiplexer">   --->   Core 76 'Multiplexer' <Latency = 0> <II = 1> <Delay = 0.57> <FuncUnit> <Opcode : 'mux'> <InPorts = 2> <OutPorts = 1>
ST_2 : Operation 125 [1/1] (0.00ns)   --->   "%zext_ln68_11 = zext i32 %tmp_7" [d2.cpp:68]   --->   Operation 125 'zext' 'zext_ln68_11' <Predicate = true> <Delay = 0.00>
ST_2 : Operation 126 [1/1] (0.62ns)   --->   "%tmp_8 = mux i32 @_ssdm_op_Mux.ap_auto.6i32.i3, i32 %arg1_r_2_reload_read, i32 %arg1_r_3_reload_read, i32 %arg1_r_4_reload_read, i32 %arg1_r_5_reload_read, i32 %arg1_r_6_reload_read, i32 %arg1_r_7_reload_read, i3 %trunc_ln55_1" [d2.cpp:68]   --->   Operation 126 'mux' 'tmp_8' <Predicate = true> <Delay = 0.62> <CoreInst = "Multiplexer">   --->   Core 76 'Multiplexer' <Latency = 0> <II = 1> <Delay = 0.62> <FuncUnit> <Opcode : 'mux'> <InPorts = 2> <OutPorts = 1>
ST_2 : Operation 127 [1/1] (0.00ns)   --->   "%zext_ln68_12 = zext i32 %tmp_8" [d2.cpp:68]   --->   Operation 127 'zext' 'zext_ln68_12' <Predicate = true> <Delay = 0.00>
ST_2 : Operation 128 [1/1] (0.00ns) (grouped into LUT with out node select_ln68_4)   --->   "%and_ln67 = and i1 %trunc_ln68, i1 %icmp_ln68_1" [d2.cpp:67]   --->   Operation 128 'and' 'and_ln67' <Predicate = true> <Delay = 0.00> <CoreInst = "LogicGate">   --->   Core 74 'LogicGate' <Latency = 0> <II = 1> <Delay = 0.28> <FuncUnit> <Opcode : 'and' 'or' 'xor'> <InPorts = 2> <OutPorts = 1>
ST_2 : Operation 129 [1/1] (0.00ns) (grouped into LUT with out node select_ln68_4)   --->   "%shl_ln68_4 = shl i32 %tmp_7, i32 1" [d2.cpp:68]   --->   Operation 129 'shl' 'shl_ln68_4' <Predicate = true> <Delay = 0.00>
ST_2 : Operation 130 [1/1] (0.44ns) (out node of the LUT)   --->   "%select_ln68_4 = select i1 %and_ln67, i32 %shl_ln68_4, i32 %tmp_7" [d2.cpp:68]   --->   Operation 130 'select' 'select_ln68_4' <Predicate = true> <Delay = 0.44> <CoreInst = "Sel">   --->   Core 73 'Sel' <Latency = 0> <II = 1> <Delay = 0.44> <FuncUnit> <Opcode : 'select'> <InPorts = 3> <OutPorts = 1>
ST_2 : Operation 131 [1/1] (0.00ns)   --->   "%zext_ln68_13 = zext i32 %select_ln68_4" [d2.cpp:68]   --->   Operation 131 'zext' 'zext_ln68_13' <Predicate = true> <Delay = 0.00>
ST_2 : Operation 132 [1/1] (0.28ns)   --->   "%xor_ln68_1 = xor i2 %trunc_ln55, i2 3" [d2.cpp:68]   --->   Operation 132 'xor' 'xor_ln68_1' <Predicate = true> <Delay = 0.28> <CoreInst = "LogicGate">   --->   Core 74 'LogicGate' <Latency = 0> <II = 1> <Delay = 0.28> <FuncUnit> <Opcode : 'and' 'or' 'xor'> <InPorts = 2> <OutPorts = 1>
ST_2 : Operation 133 [1/1] (0.52ns)   --->   "%tmp_9 = mux i32 @_ssdm_op_Mux.ap_auto.4i32.i2, i32 %arg2_r_reload_read, i32 %arg2_r_1_reload_read, i32 %arg2_r_2_reload_read, i32 %arg2_r_3_reload_read, i2 %xor_ln68_1" [d2.cpp:68]   --->   Operation 133 'mux' 'tmp_9' <Predicate = true> <Delay = 0.52> <CoreInst = "Multiplexer">   --->   Core 76 'Multiplexer' <Latency = 0> <II = 1> <Delay = 0.52> <FuncUnit> <Opcode : 'mux'> <InPorts = 2> <OutPorts = 1>
ST_2 : Operation 134 [1/1] (0.00ns)   --->   "%zext_ln68_14 = zext i32 %tmp_9" [d2.cpp:68]   --->   Operation 134 'zext' 'zext_ln68_14' <Predicate = true> <Delay = 0.00>
ST_2 : Operation 135 [1/1] (0.62ns)   --->   "%tmp_s = mux i32 @_ssdm_op_Mux.ap_auto.6i32.i3, i32 %arg1_r_3_reload_read, i32 %arg1_r_4_reload_read, i32 %arg1_r_5_reload_read, i32 %arg1_r_6_reload_read, i32 %arg1_r_7_reload_read, i32 %arg1_r_8_reload_read, i3 %trunc_ln55_1" [d2.cpp:68]   --->   Operation 135 'mux' 'tmp_s' <Predicate = true> <Delay = 0.62> <CoreInst = "Multiplexer">   --->   Core 76 'Multiplexer' <Latency = 0> <II = 1> <Delay = 0.62> <FuncUnit> <Opcode : 'mux'> <InPorts = 2> <OutPorts = 1>
ST_2 : Operation 136 [1/1] (0.00ns)   --->   "%zext_ln68_15 = zext i32 %tmp_s" [d2.cpp:68]   --->   Operation 136 'zext' 'zext_ln68_15' <Predicate = true> <Delay = 0.00>
ST_2 : Operation 137 [1/1] (0.00ns) (grouped into LUT with out node select_ln68_5)   --->   "%and_ln67_1 = and i1 %icmp_ln68_2, i1 %cmp95_185" [d2.cpp:67]   --->   Operation 137 'and' 'and_ln67_1' <Predicate = true> <Delay = 0.00> <CoreInst = "LogicGate">   --->   Core 74 'LogicGate' <Latency = 0> <II = 1> <Delay = 0.28> <FuncUnit> <Opcode : 'and' 'or' 'xor'> <InPorts = 2> <OutPorts = 1>
ST_2 : Operation 138 [1/1] (0.00ns) (grouped into LUT with out node select_ln68_5)   --->   "%shl_ln68_5 = shl i32 %tmp_9, i32 1" [d2.cpp:68]   --->   Operation 138 'shl' 'shl_ln68_5' <Predicate = true> <Delay = 0.00>
ST_2 : Operation 139 [1/1] (0.44ns) (out node of the LUT)   --->   "%select_ln68_5 = select i1 %and_ln67_1, i32 %shl_ln68_5, i32 %tmp_9" [d2.cpp:68]   --->   Operation 139 'select' 'select_ln68_5' <Predicate = true> <Delay = 0.44> <CoreInst = "Sel">   --->   Core 73 'Sel' <Latency = 0> <II = 1> <Delay = 0.44> <FuncUnit> <Opcode : 'select'> <InPorts = 3> <OutPorts = 1>
ST_2 : Operation 140 [1/1] (0.00ns)   --->   "%zext_ln68_16 = zext i32 %select_ln68_5" [d2.cpp:68]   --->   Operation 140 'zext' 'zext_ln68_16' <Predicate = true> <Delay = 0.00>
ST_2 : Operation 141 [1/1] (0.47ns)   --->   "%tmp_10 = mux i32 @_ssdm_op_Mux.ap_auto.3i32.i2, i32 %arg2_r_reload_read, i32 %arg2_r_1_reload_read, i32 %arg2_r_2_reload_read, i2 %sub_ln68_5" [d2.cpp:68]   --->   Operation 141 'mux' 'tmp_10' <Predicate = true> <Delay = 0.47> <CoreInst = "Multiplexer">   --->   Core 76 'Multiplexer' <Latency = 0> <II = 1> <Delay = 0.47> <FuncUnit> <Opcode : 'mux'> <InPorts = 2> <OutPorts = 1>
ST_2 : Operation 142 [1/1] (0.00ns)   --->   "%zext_ln68_17 = zext i32 %tmp_10" [d2.cpp:68]   --->   Operation 142 'zext' 'zext_ln68_17' <Predicate = true> <Delay = 0.00>
ST_2 : Operation 143 [1/1] (0.62ns)   --->   "%tmp_11 = mux i32 @_ssdm_op_Mux.ap_auto.6i32.i3, i32 %arg1_r_4_reload_read, i32 %arg1_r_5_reload_read, i32 %arg1_r_6_reload_read, i32 %arg1_r_7_reload_read, i32 %arg1_r_8_reload_read, i32 %arg1_r_9_reload_read, i3 %trunc_ln55_1" [d2.cpp:68]   --->   Operation 143 'mux' 'tmp_11' <Predicate = true> <Delay = 0.62> <CoreInst = "Multiplexer">   --->   Core 76 'Multiplexer' <Latency = 0> <II = 1> <Delay = 0.62> <FuncUnit> <Opcode : 'mux'> <InPorts = 2> <OutPorts = 1>
ST_2 : Operation 144 [1/1] (0.00ns)   --->   "%zext_ln68_18 = zext i32 %tmp_11" [d2.cpp:68]   --->   Operation 144 'zext' 'zext_ln68_18' <Predicate = true> <Delay = 0.00>
ST_2 : [1/1] (1.33ns)   --->   Input mux for Operation 145 '%mul_ln68 = mul i64 %zext_ln68_1, i64 %zext_ln68'
ST_2 : Operation 145 [1/1] (2.08ns)   --->   "%mul_ln68 = mul i64 %zext_ln68_1, i64 %zext_ln68" [d2.cpp:68]   --->   Operation 145 'mul' 'mul_ln68' <Predicate = true> <Delay = 2.08> <CoreInst = "Multiplier">   --->   Core 3 'Multiplier' <Latency = 0> <II = 1> <Delay = 3.42> <FuncUnit> <Opcode : 'mul'> <InPorts = 2> <OutPorts = 1>
ST_2 : [1/1] (1.33ns)   --->   Input mux for Operation 146 '%mul_ln68_1 = mul i64 %zext_ln68_6, i64 %zext_ln68_7'
ST_2 : Operation 146 [1/1] (2.08ns)   --->   "%mul_ln68_1 = mul i64 %zext_ln68_6, i64 %zext_ln68_7" [d2.cpp:68]   --->   Operation 146 'mul' 'mul_ln68_1' <Predicate = true> <Delay = 2.08> <CoreInst = "Multiplier">   --->   Core 3 'Multiplier' <Latency = 0> <II = 1> <Delay = 3.42> <FuncUnit> <Opcode : 'mul'> <InPorts = 2> <OutPorts = 1>
ST_2 : [1/1] (1.33ns)   --->   Input mux for Operation 147 '%mul_ln68_2 = mul i64 %zext_ln68_15, i64 %zext_ln68_9'
ST_2 : Operation 147 [1/1] (2.08ns)   --->   "%mul_ln68_2 = mul i64 %zext_ln68_15, i64 %zext_ln68_9" [d2.cpp:68]   --->   Operation 147 'mul' 'mul_ln68_2' <Predicate = true> <Delay = 2.08> <CoreInst = "Multiplier">   --->   Core 3 'Multiplier' <Latency = 0> <II = 1> <Delay = 3.42> <FuncUnit> <Opcode : 'mul'> <InPorts = 2> <OutPorts = 1>
ST_2 : [1/1] (1.33ns)   --->   Input mux for Operation 148 '%mul_ln68_3 = mul i64 %zext_ln68_18, i64 %zext_ln68_5'
ST_2 : Operation 148 [1/1] (2.08ns)   --->   "%mul_ln68_3 = mul i64 %zext_ln68_18, i64 %zext_ln68_5" [d2.cpp:68]   --->   Operation 148 'mul' 'mul_ln68_3' <Predicate = true> <Delay = 2.08> <CoreInst = "Multiplier">   --->   Core 3 'Multiplier' <Latency = 0> <II = 1> <Delay = 3.42> <FuncUnit> <Opcode : 'mul'> <InPorts = 2> <OutPorts = 1>
ST_2 : [1/1] (1.33ns)   --->   Input mux for Operation 149 '%mul_ln68_4 = mul i64 %zext_ln68_12, i64 %zext_ln68_3'
ST_2 : Operation 149 [1/1] (2.08ns)   --->   "%mul_ln68_4 = mul i64 %zext_ln68_12, i64 %zext_ln68_3" [d2.cpp:68]   --->   Operation 149 'mul' 'mul_ln68_4' <Predicate = true> <Delay = 2.08> <CoreInst = "Multiplier">   --->   Core 3 'Multiplier' <Latency = 0> <II = 1> <Delay = 3.42> <FuncUnit> <Opcode : 'mul'> <InPorts = 2> <OutPorts = 1>
ST_2 : Operation 150 [1/1] (1.08ns)   --->   "%add_ln68_3 = add i64 %mul_ln68, i64 %mul_ln68_1" [d2.cpp:68]   --->   Operation 150 'add' 'add_ln68_3' <Predicate = true> <Delay = 1.08> <CoreInst = "Adder">   --->   Core 1 'Adder' <Latency = 0> <II = 1> <Delay = 1.08> <FuncUnit> <Opcode : 'add' 'sub'> <InPorts = 2> <OutPorts = 1>
ST_2 : Operation 151 [1/1] (0.00ns) (grouped into TernaryAdder)   --->   "%add_ln68_4 = add i64 %mul_ln68_2, i64 %mul_ln68_3" [d2.cpp:68]   --->   Operation 151 'add' 'add_ln68_4' <Predicate = true> <Delay = 0.00> <CoreInst = "TAddSub">   --->   Core 10 'TAddSub' <Latency = 0> <II = 1> <Delay = 0.40> <IPBlock> <Opcode : '<invalid operator> ' 'add' 'sub'> <InPorts = 3> <OutPorts = 1> <Sync> <CReg>
ST_2 : Operation 152 [1/1] (0.81ns) (root node of TernaryAdder)   --->   "%add_ln68_5 = add i64 %add_ln68_4, i64 %mul_ln68_4" [d2.cpp:68]   --->   Operation 152 'add' 'add_ln68_5' <Predicate = true> <Delay = 0.81> <CoreInst = "TAddSub">   --->   Core 10 'TAddSub' <Latency = 0> <II = 1> <Delay = 0.40> <IPBlock> <Opcode : '<invalid operator> ' 'add' 'sub'> <InPorts = 3> <OutPorts = 1> <Sync> <CReg>
ST_2 : Operation 153 [1/1] (0.00ns) (grouped into TernaryAdder)   --->   "%add_ln68_6 = add i64 %add_ln68_5, i64 %add_ln68_3" [d2.cpp:68]   --->   Operation 153 'add' 'add_ln68_6' <Predicate = true> <Delay = 0.00> <CoreInst = "TAddSub">   --->   Core 10 'TAddSub' <Latency = 0> <II = 1> <Delay = 0.40> <IPBlock> <Opcode : '<invalid operator> ' 'add' 'sub'> <InPorts = 3> <OutPorts = 1> <Sync> <CReg>
ST_2 : Operation 154 [1/1] (0.81ns) (root node of TernaryAdder)   --->   "%add_ln68_7 = add i64 %add129378_load, i64 %add_ln68_6" [d2.cpp:68]   --->   Operation 154 'add' 'add_ln68_7' <Predicate = true> <Delay = 0.81> <CoreInst = "TAddSub">   --->   Core 10 'TAddSub' <Latency = 0> <II = 1> <Delay = 0.40> <IPBlock> <Opcode : '<invalid operator> ' 'add' 'sub'> <InPorts = 3> <OutPorts = 1> <Sync> <CReg>
ST_2 : [1/1] (1.33ns)   --->   Input mux for Operation 155 '%mul_ln68_5 = mul i64 %zext_ln68_2, i64 %zext_ln68'
ST_2 : Operation 155 [1/1] (2.08ns)   --->   "%mul_ln68_5 = mul i64 %zext_ln68_2, i64 %zext_ln68" [d2.cpp:68]   --->   Operation 155 'mul' 'mul_ln68_5' <Predicate = true> <Delay = 2.08> <CoreInst = "Multiplier">   --->   Core 3 'Multiplier' <Latency = 0> <II = 1> <Delay = 3.42> <FuncUnit> <Opcode : 'mul'> <InPorts = 2> <OutPorts = 1>
ST_2 : [1/1] (1.33ns)   --->   Input mux for Operation 156 '%mul_ln68_6 = mul i64 %zext_ln68_6, i64 %zext_ln68_8'
ST_2 : Operation 156 [1/1] (2.08ns)   --->   "%mul_ln68_6 = mul i64 %zext_ln68_6, i64 %zext_ln68_8" [d2.cpp:68]   --->   Operation 156 'mul' 'mul_ln68_6' <Predicate = true> <Delay = 2.08> <CoreInst = "Multiplier">   --->   Core 3 'Multiplier' <Latency = 0> <II = 1> <Delay = 3.42> <FuncUnit> <Opcode : 'mul'> <InPorts = 2> <OutPorts = 1>
ST_2 : [1/1] (1.33ns)   --->   Input mux for Operation 157 '%mul_ln68_7 = mul i64 %zext_ln68_15, i64 %zext_ln68_10'
ST_2 : Operation 157 [1/1] (2.08ns)   --->   "%mul_ln68_7 = mul i64 %zext_ln68_15, i64 %zext_ln68_10" [d2.cpp:68]   --->   Operation 157 'mul' 'mul_ln68_7' <Predicate = true> <Delay = 2.08> <CoreInst = "Multiplier">   --->   Core 3 'Multiplier' <Latency = 0> <II = 1> <Delay = 3.42> <FuncUnit> <Opcode : 'mul'> <InPorts = 2> <OutPorts = 1>
ST_2 : [1/1] (1.33ns)   --->   Input mux for Operation 158 '%mul_ln68_8 = mul i64 %zext_ln68_18, i64 %zext_ln68_13'
ST_2 : Operation 158 [1/1] (2.08ns)   --->   "%mul_ln68_8 = mul i64 %zext_ln68_18, i64 %zext_ln68_13" [d2.cpp:68]   --->   Operation 158 'mul' 'mul_ln68_8' <Predicate = true> <Delay = 2.08> <CoreInst = "Multiplier">   --->   Core 3 'Multiplier' <Latency = 0> <II = 1> <Delay = 3.42> <FuncUnit> <Opcode : 'mul'> <InPorts = 2> <OutPorts = 1>
ST_2 : Operation 159 [1/1] (0.17ns)   --->   "%select_ln68_9 = select i1 %icmp_ln68_1, i64 18446744073709551615, i64 0" [d2.cpp:68]   --->   Operation 159 'select' 'select_ln68_9' <Predicate = true> <Delay = 0.17> <CoreInst = "Sel">   --->   Core 73 'Sel' <Latency = 0> <II = 1> <Delay = 0.17> <FuncUnit> <Opcode : 'select'> <InPorts = 3> <OutPorts = 1>
ST_2 : Operation 160 [1/1] (0.37ns)   --->   "%and_ln68 = and i64 %mul_ln68_8, i64 %select_ln68_9" [d2.cpp:68]   --->   Operation 160 'and' 'and_ln68' <Predicate = true> <Delay = 0.37> <CoreInst = "LogicGate">   --->   Core 74 'LogicGate' <Latency = 0> <II = 1> <Delay = 0.37> <FuncUnit> <Opcode : 'and' 'or' 'xor'> <InPorts = 2> <OutPorts = 1>
ST_2 : [1/1] (1.33ns)   --->   Input mux for Operation 161 '%mul_ln68_9 = mul i64 %zext_ln68_12, i64 %zext_ln68_4'
ST_2 : Operation 161 [1/1] (2.08ns)   --->   "%mul_ln68_9 = mul i64 %zext_ln68_12, i64 %zext_ln68_4" [d2.cpp:68]   --->   Operation 161 'mul' 'mul_ln68_9' <Predicate = true> <Delay = 2.08> <CoreInst = "Multiplier">   --->   Core 3 'Multiplier' <Latency = 0> <II = 1> <Delay = 3.42> <FuncUnit> <Opcode : 'mul'> <InPorts = 2> <OutPorts = 1>
ST_2 : Operation 162 [1/1] (1.08ns)   --->   "%add_ln68_8 = add i64 %mul_ln68_5, i64 %mul_ln68_6" [d2.cpp:68]   --->   Operation 162 'add' 'add_ln68_8' <Predicate = true> <Delay = 1.08> <CoreInst = "Adder">   --->   Core 1 'Adder' <Latency = 0> <II = 1> <Delay = 1.08> <FuncUnit> <Opcode : 'add' 'sub'> <InPorts = 2> <OutPorts = 1>
ST_2 : Operation 163 [1/1] (0.00ns) (grouped into TernaryAdder)   --->   "%add_ln68_9 = add i64 %mul_ln68_7, i64 %and_ln68" [d2.cpp:68]   --->   Operation 163 'add' 'add_ln68_9' <Predicate = true> <Delay = 0.00> <CoreInst = "TAddSub">   --->   Core 10 'TAddSub' <Latency = 0> <II = 1> <Delay = 0.40> <IPBlock> <Opcode : '<invalid operator> ' 'add' 'sub'> <InPorts = 3> <OutPorts = 1> <Sync> <CReg>
ST_2 : Operation 164 [1/1] (0.81ns) (root node of TernaryAdder)   --->   "%add_ln68_10 = add i64 %add_ln68_9, i64 %mul_ln68_9" [d2.cpp:68]   --->   Operation 164 'add' 'add_ln68_10' <Predicate = true> <Delay = 0.81> <CoreInst = "TAddSub">   --->   Core 10 'TAddSub' <Latency = 0> <II = 1> <Delay = 0.40> <IPBlock> <Opcode : '<invalid operator> ' 'add' 'sub'> <InPorts = 3> <OutPorts = 1> <Sync> <CReg>
ST_2 : Operation 165 [1/1] (0.00ns) (grouped into TernaryAdder)   --->   "%add_ln68_11 = add i64 %add_ln68_10, i64 %add_ln68_8" [d2.cpp:68]   --->   Operation 165 'add' 'add_ln68_11' <Predicate = true> <Delay = 0.00> <CoreInst = "TAddSub">   --->   Core 10 'TAddSub' <Latency = 0> <II = 1> <Delay = 0.40> <IPBlock> <Opcode : '<invalid operator> ' 'add' 'sub'> <InPorts = 3> <OutPorts = 1> <Sync> <CReg>
ST_2 : Operation 166 [1/1] (0.81ns) (root node of TernaryAdder)   --->   "%add_ln68_12 = add i64 %add129_1135379_load, i64 %add_ln68_11" [d2.cpp:68]   --->   Operation 166 'add' 'add_ln68_12' <Predicate = true> <Delay = 0.81> <CoreInst = "TAddSub">   --->   Core 10 'TAddSub' <Latency = 0> <II = 1> <Delay = 0.40> <IPBlock> <Opcode : '<invalid operator> ' 'add' 'sub'> <InPorts = 3> <OutPorts = 1> <Sync> <CReg>
ST_2 : [1/1] (1.33ns)   --->   Input mux for Operation 167 '%mul_ln68_10 = mul i64 %zext_ln68_6, i64 %zext_ln68_9'
ST_2 : Operation 167 [1/1] (2.08ns)   --->   "%mul_ln68_10 = mul i64 %zext_ln68_6, i64 %zext_ln68_9" [d2.cpp:68]   --->   Operation 167 'mul' 'mul_ln68_10' <Predicate = true> <Delay = 2.08> <CoreInst = "Multiplier">   --->   Core 3 'Multiplier' <Latency = 0> <II = 1> <Delay = 3.42> <FuncUnit> <Opcode : 'mul'> <InPorts = 2> <OutPorts = 1>
ST_2 : [1/1] (1.33ns)   --->   Input mux for Operation 168 '%mul_ln68_11 = mul i64 %zext_ln68_12, i64 %zext_ln68_5'
ST_2 : Operation 168 [1/1] (2.08ns)   --->   "%mul_ln68_11 = mul i64 %zext_ln68_12, i64 %zext_ln68_5" [d2.cpp:68]   --->   Operation 168 'mul' 'mul_ln68_11' <Predicate = true> <Delay = 2.08> <CoreInst = "Multiplier">   --->   Core 3 'Multiplier' <Latency = 0> <II = 1> <Delay = 3.42> <FuncUnit> <Opcode : 'mul'> <InPorts = 2> <OutPorts = 1>
ST_2 : [1/1] (1.33ns)   --->   Input mux for Operation 169 '%mul_ln68_12 = mul i64 %zext_ln68_3, i64 %zext_ln68'
ST_2 : Operation 169 [1/1] (2.08ns)   --->   "%mul_ln68_12 = mul i64 %zext_ln68_3, i64 %zext_ln68" [d2.cpp:68]   --->   Operation 169 'mul' 'mul_ln68_12' <Predicate = true> <Delay = 2.08> <CoreInst = "Multiplier">   --->   Core 3 'Multiplier' <Latency = 0> <II = 1> <Delay = 3.42> <FuncUnit> <Opcode : 'mul'> <InPorts = 2> <OutPorts = 1>
ST_2 : [1/1] (1.33ns)   --->   Input mux for Operation 170 '%mul_ln68_13 = mul i64 %zext_ln68_18, i64 %zext_ln68_14'
ST_2 : Operation 170 [1/1] (2.08ns)   --->   "%mul_ln68_13 = mul i64 %zext_ln68_18, i64 %zext_ln68_14" [d2.cpp:68]   --->   Operation 170 'mul' 'mul_ln68_13' <Predicate = true> <Delay = 2.08> <CoreInst = "Multiplier">   --->   Core 3 'Multiplier' <Latency = 0> <II = 1> <Delay = 3.42> <FuncUnit> <Opcode : 'mul'> <InPorts = 2> <OutPorts = 1>
ST_2 : [1/1] (1.33ns)   --->   Input mux for Operation 171 '%mul_ln68_14 = mul i64 %zext_ln68_15, i64 %zext_ln68_11'
ST_2 : Operation 171 [1/1] (2.08ns)   --->   "%mul_ln68_14 = mul i64 %zext_ln68_15, i64 %zext_ln68_11" [d2.cpp:68]   --->   Operation 171 'mul' 'mul_ln68_14' <Predicate = true> <Delay = 2.08> <CoreInst = "Multiplier">   --->   Core 3 'Multiplier' <Latency = 0> <II = 1> <Delay = 3.42> <FuncUnit> <Opcode : 'mul'> <InPorts = 2> <OutPorts = 1>
ST_2 : Operation 172 [1/1] (0.17ns)   --->   "%select_ln68_10 = select i1 %icmp_ln68_2, i64 18446744073709551615, i64 0" [d2.cpp:68]   --->   Operation 172 'select' 'select_ln68_10' <Predicate = true> <Delay = 0.17> <CoreInst = "Sel">   --->   Core 73 'Sel' <Latency = 0> <II = 1> <Delay = 0.17> <FuncUnit> <Opcode : 'select'> <InPorts = 3> <OutPorts = 1>
ST_2 : Operation 173 [1/1] (0.37ns)   --->   "%and_ln68_1 = and i64 %mul_ln68_13, i64 %select_ln68_10" [d2.cpp:68]   --->   Operation 173 'and' 'and_ln68_1' <Predicate = true> <Delay = 0.37> <CoreInst = "LogicGate">   --->   Core 74 'LogicGate' <Latency = 0> <II = 1> <Delay = 0.37> <FuncUnit> <Opcode : 'and' 'or' 'xor'> <InPorts = 2> <OutPorts = 1>
ST_2 : Operation 174 [1/1] (0.37ns)   --->   "%and_ln68_2 = and i64 %mul_ln68_14, i64 %select_ln68_9" [d2.cpp:68]   --->   Operation 174 'and' 'and_ln68_2' <Predicate = true> <Delay = 0.37> <CoreInst = "LogicGate">   --->   Core 74 'LogicGate' <Latency = 0> <II = 1> <Delay = 0.37> <FuncUnit> <Opcode : 'and' 'or' 'xor'> <InPorts = 2> <OutPorts = 1>
ST_2 : Operation 175 [1/1] (1.08ns)   --->   "%add_ln68_13 = add i64 %mul_ln68_12, i64 %mul_ln68_10" [d2.cpp:68]   --->   Operation 175 'add' 'add_ln68_13' <Predicate = true> <Delay = 1.08> <CoreInst = "Adder">   --->   Core 1 'Adder' <Latency = 0> <II = 1> <Delay = 1.08> <FuncUnit> <Opcode : 'add' 'sub'> <InPorts = 2> <OutPorts = 1>
ST_2 : Operation 176 [1/1] (0.00ns) (grouped into TernaryAdder)   --->   "%add_ln68_14 = add i64 %and_ln68_2, i64 %and_ln68_1" [d2.cpp:68]   --->   Operation 176 'add' 'add_ln68_14' <Predicate = true> <Delay = 0.00> <CoreInst = "TAddSub">   --->   Core 10 'TAddSub' <Latency = 0> <II = 1> <Delay = 0.40> <IPBlock> <Opcode : '<invalid operator> ' 'add' 'sub'> <InPorts = 3> <OutPorts = 1> <Sync> <CReg>
ST_2 : Operation 177 [1/1] (0.81ns) (root node of TernaryAdder)   --->   "%add_ln68_15 = add i64 %add_ln68_14, i64 %mul_ln68_11" [d2.cpp:68]   --->   Operation 177 'add' 'add_ln68_15' <Predicate = true> <Delay = 0.81> <CoreInst = "TAddSub">   --->   Core 10 'TAddSub' <Latency = 0> <II = 1> <Delay = 0.40> <IPBlock> <Opcode : '<invalid operator> ' 'add' 'sub'> <InPorts = 3> <OutPorts = 1> <Sync> <CReg>
ST_2 : Operation 178 [1/1] (0.00ns) (grouped into TernaryAdder)   --->   "%add_ln68_16 = add i64 %add_ln68_15, i64 %add_ln68_13" [d2.cpp:68]   --->   Operation 178 'add' 'add_ln68_16' <Predicate = true> <Delay = 0.00> <CoreInst = "TAddSub">   --->   Core 10 'TAddSub' <Latency = 0> <II = 1> <Delay = 0.40> <IPBlock> <Opcode : '<invalid operator> ' 'add' 'sub'> <InPorts = 3> <OutPorts = 1> <Sync> <CReg>
ST_2 : Operation 179 [1/1] (0.81ns) (root node of TernaryAdder)   --->   "%add_ln68_17 = add i64 %add129_2153380_load, i64 %add_ln68_16" [d2.cpp:68]   --->   Operation 179 'add' 'add_ln68_17' <Predicate = true> <Delay = 0.81> <CoreInst = "TAddSub">   --->   Core 10 'TAddSub' <Latency = 0> <II = 1> <Delay = 0.40> <IPBlock> <Opcode : '<invalid operator> ' 'add' 'sub'> <InPorts = 3> <OutPorts = 1> <Sync> <CReg>
ST_2 : Operation 180 [1/1] (0.00ns) (grouped into LUT with out node select_ln68_6)   --->   "%and_ln67_2 = and i1 %trunc_ln68, i1 %icmp_ln68_3" [d2.cpp:67]   --->   Operation 180 'and' 'and_ln67_2' <Predicate = true> <Delay = 0.00> <CoreInst = "LogicGate">   --->   Core 74 'LogicGate' <Latency = 0> <II = 1> <Delay = 0.28> <FuncUnit> <Opcode : 'and' 'or' 'xor'> <InPorts = 2> <OutPorts = 1>
ST_2 : Operation 181 [1/1] (0.00ns) (grouped into LUT with out node select_ln68_6)   --->   "%shl_ln68_6 = shl i32 %tmp_10, i32 1" [d2.cpp:68]   --->   Operation 181 'shl' 'shl_ln68_6' <Predicate = true> <Delay = 0.00>
ST_2 : Operation 182 [1/1] (0.44ns) (out node of the LUT)   --->   "%select_ln68_6 = select i1 %and_ln67_2, i32 %shl_ln68_6, i32 %tmp_10" [d2.cpp:68]   --->   Operation 182 'select' 'select_ln68_6' <Predicate = true> <Delay = 0.44> <CoreInst = "Sel">   --->   Core 73 'Sel' <Latency = 0> <II = 1> <Delay = 0.44> <FuncUnit> <Opcode : 'select'> <InPorts = 3> <OutPorts = 1>
ST_2 : Operation 183 [1/1] (0.00ns)   --->   "%zext_ln68_19 = zext i32 %select_ln68_6" [d2.cpp:68]   --->   Operation 183 'zext' 'zext_ln68_19' <Predicate = true> <Delay = 0.00>
ST_2 : [1/1] (1.33ns)   --->   Input mux for Operation 184 '%mul_ln68_15 = mul i64 %zext_ln68_12, i64 %zext_ln68_13'
ST_2 : Operation 184 [1/1] (2.08ns)   --->   "%mul_ln68_15 = mul i64 %zext_ln68_12, i64 %zext_ln68_13" [d2.cpp:68]   --->   Operation 184 'mul' 'mul_ln68_15' <Predicate = true> <Delay = 2.08> <CoreInst = "Multiplier">   --->   Core 3 'Multiplier' <Latency = 0> <II = 1> <Delay = 3.42> <FuncUnit> <Opcode : 'mul'> <InPorts = 2> <OutPorts = 1>
ST_2 : Operation 185 [1/1] (0.37ns)   --->   "%and_ln68_3 = and i64 %mul_ln68_15, i64 %select_ln68_9" [d2.cpp:68]   --->   Operation 185 'and' 'and_ln68_3' <Predicate = true> <Delay = 0.37> <CoreInst = "LogicGate">   --->   Core 74 'LogicGate' <Latency = 0> <II = 1> <Delay = 0.37> <FuncUnit> <Opcode : 'and' 'or' 'xor'> <InPorts = 2> <OutPorts = 1>
ST_2 : [1/1] (1.33ns)   --->   Input mux for Operation 186 '%mul_ln68_16 = mul i64 %zext_ln68_4, i64 %zext_ln68'
ST_2 : Operation 186 [1/1] (2.08ns)   --->   "%mul_ln68_16 = mul i64 %zext_ln68_4, i64 %zext_ln68" [d2.cpp:68]   --->   Operation 186 'mul' 'mul_ln68_16' <Predicate = true> <Delay = 2.08> <CoreInst = "Multiplier">   --->   Core 3 'Multiplier' <Latency = 0> <II = 1> <Delay = 3.42> <FuncUnit> <Opcode : 'mul'> <InPorts = 2> <OutPorts = 1>
ST_2 : [1/1] (1.33ns)   --->   Input mux for Operation 187 '%mul_ln68_17 = mul i64 %zext_ln68_6, i64 %zext_ln68_10'
ST_2 : Operation 187 [1/1] (2.08ns)   --->   "%mul_ln68_17 = mul i64 %zext_ln68_6, i64 %zext_ln68_10" [d2.cpp:68]   --->   Operation 187 'mul' 'mul_ln68_17' <Predicate = true> <Delay = 2.08> <CoreInst = "Multiplier">   --->   Core 3 'Multiplier' <Latency = 0> <II = 1> <Delay = 3.42> <FuncUnit> <Opcode : 'mul'> <InPorts = 2> <OutPorts = 1>
ST_2 : [1/1] (1.33ns)   --->   Input mux for Operation 188 '%mul_ln68_18 = mul i64 %zext_ln68_18, i64 %zext_ln68_19'
ST_2 : Operation 188 [1/1] (2.08ns)   --->   "%mul_ln68_18 = mul i64 %zext_ln68_18, i64 %zext_ln68_19" [d2.cpp:68]   --->   Operation 188 'mul' 'mul_ln68_18' <Predicate = true> <Delay = 2.08> <CoreInst = "Multiplier">   --->   Core 3 'Multiplier' <Latency = 0> <II = 1> <Delay = 3.42> <FuncUnit> <Opcode : 'mul'> <InPorts = 2> <OutPorts = 1>
ST_2 : [1/1] (1.33ns)   --->   Input mux for Operation 189 '%mul_ln68_19 = mul i64 %zext_ln68_15, i64 %zext_ln68_16'
ST_2 : Operation 189 [1/1] (2.08ns)   --->   "%mul_ln68_19 = mul i64 %zext_ln68_15, i64 %zext_ln68_16" [d2.cpp:68]   --->   Operation 189 'mul' 'mul_ln68_19' <Predicate = true> <Delay = 2.08> <CoreInst = "Multiplier">   --->   Core 3 'Multiplier' <Latency = 0> <II = 1> <Delay = 3.42> <FuncUnit> <Opcode : 'mul'> <InPorts = 2> <OutPorts = 1>
ST_2 : Operation 190 [1/1] (0.17ns)   --->   "%select_ln68_11 = select i1 %icmp_ln68_3, i64 18446744073709551615, i64 0" [d2.cpp:68]   --->   Operation 190 'select' 'select_ln68_11' <Predicate = true> <Delay = 0.17> <CoreInst = "Sel">   --->   Core 73 'Sel' <Latency = 0> <II = 1> <Delay = 0.17> <FuncUnit> <Opcode : 'select'> <InPorts = 3> <OutPorts = 1>
ST_2 : Operation 191 [1/1] (0.37ns)   --->   "%and_ln68_4 = and i64 %mul_ln68_18, i64 %select_ln68_11" [d2.cpp:68]   --->   Operation 191 'and' 'and_ln68_4' <Predicate = true> <Delay = 0.37> <CoreInst = "LogicGate">   --->   Core 74 'LogicGate' <Latency = 0> <II = 1> <Delay = 0.37> <FuncUnit> <Opcode : 'and' 'or' 'xor'> <InPorts = 2> <OutPorts = 1>
ST_2 : Operation 192 [1/1] (0.37ns)   --->   "%and_ln68_5 = and i64 %mul_ln68_19, i64 %select_ln68_10" [d2.cpp:68]   --->   Operation 192 'and' 'and_ln68_5' <Predicate = true> <Delay = 0.37> <CoreInst = "LogicGate">   --->   Core 74 'LogicGate' <Latency = 0> <II = 1> <Delay = 0.37> <FuncUnit> <Opcode : 'and' 'or' 'xor'> <InPorts = 2> <OutPorts = 1>
ST_2 : Operation 193 [1/1] (1.08ns)   --->   "%add_ln68_18 = add i64 %mul_ln68_16, i64 %mul_ln68_17" [d2.cpp:68]   --->   Operation 193 'add' 'add_ln68_18' <Predicate = true> <Delay = 1.08> <CoreInst = "Adder">   --->   Core 1 'Adder' <Latency = 0> <II = 1> <Delay = 1.08> <FuncUnit> <Opcode : 'add' 'sub'> <InPorts = 2> <OutPorts = 1>
ST_2 : Operation 194 [1/1] (0.00ns) (grouped into TernaryAdder)   --->   "%add_ln68_19 = add i64 %and_ln68_5, i64 %and_ln68_4" [d2.cpp:68]   --->   Operation 194 'add' 'add_ln68_19' <Predicate = true> <Delay = 0.00> <CoreInst = "TAddSub">   --->   Core 10 'TAddSub' <Latency = 0> <II = 1> <Delay = 0.40> <IPBlock> <Opcode : '<invalid operator> ' 'add' 'sub'> <InPorts = 3> <OutPorts = 1> <Sync> <CReg>
ST_2 : Operation 195 [1/1] (0.81ns) (root node of TernaryAdder)   --->   "%add_ln68_20 = add i64 %add_ln68_19, i64 %and_ln68_3" [d2.cpp:68]   --->   Operation 195 'add' 'add_ln68_20' <Predicate = true> <Delay = 0.81> <CoreInst = "TAddSub">   --->   Core 10 'TAddSub' <Latency = 0> <II = 1> <Delay = 0.40> <IPBlock> <Opcode : '<invalid operator> ' 'add' 'sub'> <InPorts = 3> <OutPorts = 1> <Sync> <CReg>
ST_2 : Operation 196 [1/1] (0.00ns) (grouped into TernaryAdder)   --->   "%add_ln68_21 = add i64 %add_ln68_20, i64 %add_ln68_18" [d2.cpp:68]   --->   Operation 196 'add' 'add_ln68_21' <Predicate = true> <Delay = 0.00> <CoreInst = "TAddSub">   --->   Core 10 'TAddSub' <Latency = 0> <II = 1> <Delay = 0.40> <IPBlock> <Opcode : '<invalid operator> ' 'add' 'sub'> <InPorts = 3> <OutPorts = 1> <Sync> <CReg>
ST_2 : Operation 197 [1/1] (0.81ns) (root node of TernaryAdder)   --->   "%add_ln68_22 = add i64 %add129_3171381_load, i64 %add_ln68_21" [d2.cpp:68]   --->   Operation 197 'add' 'add_ln68_22' <Predicate = true> <Delay = 0.81> <CoreInst = "TAddSub">   --->   Core 10 'TAddSub' <Latency = 0> <II = 1> <Delay = 0.40> <IPBlock> <Opcode : '<invalid operator> ' 'add' 'sub'> <InPorts = 3> <OutPorts = 1> <Sync> <CReg>
ST_2 : Operation 198 [1/1] (0.42ns)   --->   "%tmp_12 = mux i32 @_ssdm_op_Mux.ap_auto.2i32.i1, i32 %arg2_r_reload_read, i32 %arg2_r_1_reload_read, i1 %cmp95_185" [d2.cpp:68]   --->   Operation 198 'mux' 'tmp_12' <Predicate = true> <Delay = 0.42> <CoreInst = "Multiplexer">   --->   Core 76 'Multiplexer' <Latency = 0> <II = 1> <Delay = 0.42> <FuncUnit> <Opcode : 'mux'> <InPorts = 2> <OutPorts = 1>
ST_2 : Operation 199 [1/1] (0.00ns)   --->   "%zext_ln68_20 = zext i32 %tmp_12" [d2.cpp:68]   --->   Operation 199 'zext' 'zext_ln68_20' <Predicate = true> <Delay = 0.00>
ST_2 : [1/1] (1.33ns)   --->   Input mux for Operation 200 '%mul_ln68_20 = mul i64 %zext_ln68_11, i64 %zext_ln68_6'
ST_2 : Operation 200 [1/1] (2.08ns)   --->   "%mul_ln68_20 = mul i64 %zext_ln68_11, i64 %zext_ln68_6" [d2.cpp:68]   --->   Operation 200 'mul' 'mul_ln68_20' <Predicate = true> <Delay = 2.08> <CoreInst = "Multiplier">   --->   Core 3 'Multiplier' <Latency = 0> <II = 1> <Delay = 3.42> <FuncUnit> <Opcode : 'mul'> <InPorts = 2> <OutPorts = 1>
ST_2 : [1/1] (1.33ns)   --->   Input mux for Operation 201 '%mul_ln68_21 = mul i64 %zext_ln68_17, i64 %zext_ln68_15'
ST_2 : Operation 201 [1/1] (2.08ns)   --->   "%mul_ln68_21 = mul i64 %zext_ln68_17, i64 %zext_ln68_15" [d2.cpp:68]   --->   Operation 201 'mul' 'mul_ln68_21' <Predicate = true> <Delay = 2.08> <CoreInst = "Multiplier">   --->   Core 3 'Multiplier' <Latency = 0> <II = 1> <Delay = 3.42> <FuncUnit> <Opcode : 'mul'> <InPorts = 2> <OutPorts = 1>
ST_2 : Operation 202 [1/1] (0.00ns) (grouped into LUT with out node add_ln68_24)   --->   "%and_ln68_6 = and i64 %mul_ln68_20, i64 %select_ln68_9" [d2.cpp:68]   --->   Operation 202 'and' 'and_ln68_6' <Predicate = true> <Delay = 0.00> <CoreInst = "LogicGate">   --->   Core 74 'LogicGate' <Latency = 0> <II = 1> <Delay = 0.37> <FuncUnit> <Opcode : 'and' 'or' 'xor'> <InPorts = 2> <OutPorts = 1>
ST_2 : Operation 203 [1/1] (0.37ns)   --->   "%and_ln68_7 = and i64 %mul_ln68_21, i64 %select_ln68_11" [d2.cpp:68]   --->   Operation 203 'and' 'and_ln68_7' <Predicate = true> <Delay = 0.37> <CoreInst = "LogicGate">   --->   Core 74 'LogicGate' <Latency = 0> <II = 1> <Delay = 0.37> <FuncUnit> <Opcode : 'and' 'or' 'xor'> <InPorts = 2> <OutPorts = 1>
ST_2 : [1/1] (1.33ns)   --->   Input mux for Operation 204 '%mul_ln68_22 = mul i64 %zext_ln68_5, i64 %zext_ln68'
ST_2 : Operation 204 [1/1] (2.08ns)   --->   "%mul_ln68_22 = mul i64 %zext_ln68_5, i64 %zext_ln68" [d2.cpp:68]   --->   Operation 204 'mul' 'mul_ln68_22' <Predicate = true> <Delay = 2.08> <CoreInst = "Multiplier">   --->   Core 3 'Multiplier' <Latency = 0> <II = 1> <Delay = 3.42> <FuncUnit> <Opcode : 'mul'> <InPorts = 2> <OutPorts = 1>
ST_2 : [1/1] (1.33ns)   --->   Input mux for Operation 205 '%mul_ln68_23 = mul i64 %zext_ln68_20, i64 %zext_ln68_18'
ST_2 : Operation 205 [1/1] (2.08ns)   --->   "%mul_ln68_23 = mul i64 %zext_ln68_20, i64 %zext_ln68_18" [d2.cpp:68]   --->   Operation 205 'mul' 'mul_ln68_23' <Predicate = true> <Delay = 2.08> <CoreInst = "Multiplier">   --->   Core 3 'Multiplier' <Latency = 0> <II = 1> <Delay = 3.42> <FuncUnit> <Opcode : 'mul'> <InPorts = 2> <OutPorts = 1>
ST_2 : [1/1] (1.33ns)   --->   Input mux for Operation 206 '%mul_ln68_24 = mul i64 %zext_ln68_14, i64 %zext_ln68_12'
ST_2 : Operation 206 [1/1] (2.08ns)   --->   "%mul_ln68_24 = mul i64 %zext_ln68_14, i64 %zext_ln68_12" [d2.cpp:68]   --->   Operation 206 'mul' 'mul_ln68_24' <Predicate = true> <Delay = 2.08> <CoreInst = "Multiplier">   --->   Core 3 'Multiplier' <Latency = 0> <II = 1> <Delay = 3.42> <FuncUnit> <Opcode : 'mul'> <InPorts = 2> <OutPorts = 1>
ST_2 : Operation 207 [1/1] (0.17ns)   --->   "%select_ln68_12 = select i1 %icmp_ln68_4, i64 18446744073709551615, i64 0" [d2.cpp:68]   --->   Operation 207 'select' 'select_ln68_12' <Predicate = true> <Delay = 0.17> <CoreInst = "Sel">   --->   Core 73 'Sel' <Latency = 0> <II = 1> <Delay = 0.17> <FuncUnit> <Opcode : 'select'> <InPorts = 3> <OutPorts = 1>
ST_2 : Operation 208 [1/1] (0.37ns)   --->   "%and_ln68_8 = and i64 %mul_ln68_23, i64 %select_ln68_12" [d2.cpp:68]   --->   Operation 208 'and' 'and_ln68_8' <Predicate = true> <Delay = 0.37> <CoreInst = "LogicGate">   --->   Core 74 'LogicGate' <Latency = 0> <II = 1> <Delay = 0.37> <FuncUnit> <Opcode : 'and' 'or' 'xor'> <InPorts = 2> <OutPorts = 1>
ST_2 : Operation 209 [1/1] (0.37ns)   --->   "%and_ln68_9 = and i64 %mul_ln68_24, i64 %select_ln68_10" [d2.cpp:68]   --->   Operation 209 'and' 'and_ln68_9' <Predicate = true> <Delay = 0.37> <CoreInst = "LogicGate">   --->   Core 74 'LogicGate' <Latency = 0> <II = 1> <Delay = 0.37> <FuncUnit> <Opcode : 'and' 'or' 'xor'> <InPorts = 2> <OutPorts = 1>
ST_2 : Operation 210 [1/1] (1.08ns) (out node of the LUT)   --->   "%add_ln68_24 = add i64 %mul_ln68_22, i64 %and_ln68_6" [d2.cpp:68]   --->   Operation 210 'add' 'add_ln68_24' <Predicate = true> <Delay = 1.08> <CoreInst = "Adder">   --->   Core 1 'Adder' <Latency = 0> <II = 1> <Delay = 1.08> <FuncUnit> <Opcode : 'add' 'sub'> <InPorts = 2> <OutPorts = 1>
ST_2 : Operation 211 [1/1] (0.00ns) (grouped into TernaryAdder)   --->   "%add_ln68_25 = add i64 %and_ln68_7, i64 %and_ln68_8" [d2.cpp:68]   --->   Operation 211 'add' 'add_ln68_25' <Predicate = true> <Delay = 0.00> <CoreInst = "TAddSub">   --->   Core 10 'TAddSub' <Latency = 0> <II = 1> <Delay = 0.40> <IPBlock> <Opcode : '<invalid operator> ' 'add' 'sub'> <InPorts = 3> <OutPorts = 1> <Sync> <CReg>
ST_2 : Operation 212 [1/1] (0.81ns) (root node of TernaryAdder)   --->   "%add_ln68_26 = add i64 %add_ln68_25, i64 %and_ln68_9" [d2.cpp:68]   --->   Operation 212 'add' 'add_ln68_26' <Predicate = true> <Delay = 0.81> <CoreInst = "TAddSub">   --->   Core 10 'TAddSub' <Latency = 0> <II = 1> <Delay = 0.40> <IPBlock> <Opcode : '<invalid operator> ' 'add' 'sub'> <InPorts = 3> <OutPorts = 1> <Sync> <CReg>
ST_2 : Operation 213 [1/1] (0.00ns) (grouped into TernaryAdder)   --->   "%add_ln68_27 = add i64 %add_ln68_26, i64 %add_ln68_24" [d2.cpp:68]   --->   Operation 213 'add' 'add_ln68_27' <Predicate = true> <Delay = 0.00> <CoreInst = "TAddSub">   --->   Core 10 'TAddSub' <Latency = 0> <II = 1> <Delay = 0.40> <IPBlock> <Opcode : '<invalid operator> ' 'add' 'sub'> <InPorts = 3> <OutPorts = 1> <Sync> <CReg>
ST_2 : Operation 214 [1/1] (0.81ns) (root node of TernaryAdder)   --->   "%add_ln68_28 = add i64 %add129_4189382_load, i64 %add_ln68_27" [d2.cpp:68]   --->   Operation 214 'add' 'add_ln68_28' <Predicate = true> <Delay = 0.81> <CoreInst = "TAddSub">   --->   Core 10 'TAddSub' <Latency = 0> <II = 1> <Delay = 0.40> <IPBlock> <Opcode : '<invalid operator> ' 'add' 'sub'> <InPorts = 3> <OutPorts = 1> <Sync> <CReg>
ST_2 : Operation 215 [1/1] (0.00ns) (grouped into LUT with out node select_ln68_7)   --->   "%and_ln67_3 = and i1 %trunc_ln68, i1 %icmp_ln67" [d2.cpp:67]   --->   Operation 215 'and' 'and_ln67_3' <Predicate = true> <Delay = 0.00> <CoreInst = "LogicGate">   --->   Core 74 'LogicGate' <Latency = 0> <II = 1> <Delay = 0.28> <FuncUnit> <Opcode : 'and' 'or' 'xor'> <InPorts = 2> <OutPorts = 1>
ST_2 : Operation 216 [1/1] (0.00ns) (grouped into LUT with out node select_ln68_7)   --->   "%shl_ln68_7 = shl i32 %arg2_r_reload_read, i32 1" [d2.cpp:68]   --->   Operation 216 'shl' 'shl_ln68_7' <Predicate = true> <Delay = 0.00>
ST_2 : Operation 217 [1/1] (0.44ns) (out node of the LUT)   --->   "%select_ln68_7 = select i1 %and_ln67_3, i32 %shl_ln68_7, i32 %arg2_r_reload_read" [d2.cpp:68]   --->   Operation 217 'select' 'select_ln68_7' <Predicate = true> <Delay = 0.44> <CoreInst = "Sel">   --->   Core 73 'Sel' <Latency = 0> <II = 1> <Delay = 0.44> <FuncUnit> <Opcode : 'select'> <InPorts = 3> <OutPorts = 1>
ST_2 : Operation 218 [1/1] (0.00ns)   --->   "%zext_ln68_21 = zext i32 %select_ln68_7" [d2.cpp:68]   --->   Operation 218 'zext' 'zext_ln68_21' <Predicate = true> <Delay = 0.00>
ST_2 : [1/1] (1.33ns)   --->   Input mux for Operation 219 '%mul_ln68_25 = mul i64 %zext_ln68_21, i64 %zext_ln68'
ST_2 : Operation 219 [1/1] (2.08ns)   --->   "%mul_ln68_25 = mul i64 %zext_ln68_21, i64 %zext_ln68" [d2.cpp:68]   --->   Operation 219 'mul' 'mul_ln68_25' <Predicate = true> <Delay = 2.08> <CoreInst = "Multiplier">   --->   Core 3 'Multiplier' <Latency = 0> <II = 1> <Delay = 3.42> <FuncUnit> <Opcode : 'mul'> <InPorts = 2> <OutPorts = 1>
ST_2 : Operation 220 [1/1] (0.17ns)   --->   "%select_ln68_13 = select i1 %icmp_ln67, i64 18446744073709551615, i64 0" [d2.cpp:68]   --->   Operation 220 'select' 'select_ln68_13' <Predicate = true> <Delay = 0.17> <CoreInst = "Sel">   --->   Core 73 'Sel' <Latency = 0> <II = 1> <Delay = 0.17> <FuncUnit> <Opcode : 'select'> <InPorts = 3> <OutPorts = 1>
ST_2 : Operation 221 [1/1] (0.00ns) (grouped into LUT with out node add_ln68_29)   --->   "%and_ln68_10 = and i64 %mul_ln68_25, i64 %select_ln68_13" [d2.cpp:68]   --->   Operation 221 'and' 'and_ln68_10' <Predicate = true> <Delay = 0.00> <CoreInst = "LogicGate">   --->   Core 74 'LogicGate' <Latency = 0> <II = 1> <Delay = 0.37> <FuncUnit> <Opcode : 'and' 'or' 'xor'> <InPorts = 2> <OutPorts = 1>
ST_2 : Operation 222 [1/1] (1.08ns) (out node of the LUT)   --->   "%add_ln68_29 = add i64 %and_ln68_10, i64 %add129_1_482387_load" [d2.cpp:68]   --->   Operation 222 'add' 'add_ln68_29' <Predicate = true> <Delay = 1.08> <CoreInst = "Adder">   --->   Core 1 'Adder' <Latency = 0> <II = 1> <Delay = 1.08> <FuncUnit> <Opcode : 'add' 'sub'> <InPorts = 2> <OutPorts = 1>
ST_2 : Operation 223 [1/1] (0.00ns) (grouped into LUT with out node select_ln68_8)   --->   "%and_ln67_4 = and i1 %icmp_ln68_4, i1 %cmp95_185" [d2.cpp:67]   --->   Operation 223 'and' 'and_ln67_4' <Predicate = true> <Delay = 0.00> <CoreInst = "LogicGate">   --->   Core 74 'LogicGate' <Latency = 0> <II = 1> <Delay = 0.28> <FuncUnit> <Opcode : 'and' 'or' 'xor'> <InPorts = 2> <OutPorts = 1>
ST_2 : Operation 224 [1/1] (0.00ns) (grouped into LUT with out node select_ln68_8)   --->   "%shl_ln68_8 = shl i32 %tmp_12, i32 1" [d2.cpp:68]   --->   Operation 224 'shl' 'shl_ln68_8' <Predicate = true> <Delay = 0.00>
ST_2 : Operation 225 [1/1] (0.44ns) (out node of the LUT)   --->   "%select_ln68_8 = select i1 %and_ln67_4, i32 %shl_ln68_8, i32 %tmp_12" [d2.cpp:68]   --->   Operation 225 'select' 'select_ln68_8' <Predicate = true> <Delay = 0.44> <CoreInst = "Sel">   --->   Core 73 'Sel' <Latency = 0> <II = 1> <Delay = 0.44> <FuncUnit> <Opcode : 'select'> <InPorts = 3> <OutPorts = 1>
ST_2 : Operation 226 [1/1] (0.00ns)   --->   "%zext_ln68_22 = zext i32 %select_ln68_8" [d2.cpp:68]   --->   Operation 226 'zext' 'zext_ln68_22' <Predicate = true> <Delay = 0.00>
ST_2 : [1/1] (1.33ns)   --->   Input mux for Operation 227 '%mul_ln68_26 = mul i64 %zext_ln68_20, i64 %zext_ln68'
ST_2 : Operation 227 [1/1] (2.08ns)   --->   "%mul_ln68_26 = mul i64 %zext_ln68_20, i64 %zext_ln68" [d2.cpp:68]   --->   Operation 227 'mul' 'mul_ln68_26' <Predicate = true> <Delay = 2.08> <CoreInst = "Multiplier">   --->   Core 3 'Multiplier' <Latency = 0> <II = 1> <Delay = 3.42> <FuncUnit> <Opcode : 'mul'> <InPorts = 2> <OutPorts = 1>
ST_2 : Operation 228 [1/1] (0.37ns)   --->   "%and_ln68_11 = and i64 %mul_ln68_26, i64 %select_ln68_12" [d2.cpp:68]   --->   Operation 228 'and' 'and_ln68_11' <Predicate = true> <Delay = 0.37> <CoreInst = "LogicGate">   --->   Core 74 'LogicGate' <Latency = 0> <II = 1> <Delay = 0.37> <FuncUnit> <Opcode : 'and' 'or' 'xor'> <InPorts = 2> <OutPorts = 1>
ST_2 : [1/1] (1.33ns)   --->   Input mux for Operation 229 '%mul_ln68_27 = mul i64 %zext_ln68_23_cast, i64 %zext_ln68_6'
ST_2 : Operation 229 [1/1] (2.08ns)   --->   "%mul_ln68_27 = mul i64 %zext_ln68_23_cast, i64 %zext_ln68_6" [d2.cpp:68]   --->   Operation 229 'mul' 'mul_ln68_27' <Predicate = true> <Delay = 2.08> <CoreInst = "Multiplier">   --->   Core 3 'Multiplier' <Latency = 0> <II = 1> <Delay = 3.42> <FuncUnit> <Opcode : 'mul'> <InPorts = 2> <OutPorts = 1>
ST_2 : Operation 230 [1/1] (0.37ns)   --->   "%and_ln68_12 = and i64 %mul_ln68_27, i64 %select_ln68_13" [d2.cpp:68]   --->   Operation 230 'and' 'and_ln68_12' <Predicate = true> <Delay = 0.37> <CoreInst = "LogicGate">   --->   Core 74 'LogicGate' <Latency = 0> <II = 1> <Delay = 0.37> <FuncUnit> <Opcode : 'and' 'or' 'xor'> <InPorts = 2> <OutPorts = 1>
ST_2 : Operation 231 [1/1] (0.00ns) (grouped into TernaryAdder)   --->   "%add_ln68_30 = add i64 %and_ln68_12, i64 %and_ln68_11" [d2.cpp:68]   --->   Operation 231 'add' 'add_ln68_30' <Predicate = true> <Delay = 0.00> <CoreInst = "TAddSub">   --->   Core 10 'TAddSub' <Latency = 0> <II = 1> <Delay = 0.40> <IPBlock> <Opcode : '<invalid operator> ' 'add' 'sub'> <InPorts = 3> <OutPorts = 1> <Sync> <CReg>
ST_2 : Operation 232 [1/1] (0.81ns) (root node of TernaryAdder)   --->   "%add_ln68_31 = add i64 %add129_1_364386_load, i64 %add_ln68_30" [d2.cpp:68]   --->   Operation 232 'add' 'add_ln68_31' <Predicate = true> <Delay = 0.81> <CoreInst = "TAddSub">   --->   Core 10 'TAddSub' <Latency = 0> <II = 1> <Delay = 0.40> <IPBlock> <Opcode : '<invalid operator> ' 'add' 'sub'> <InPorts = 3> <OutPorts = 1> <Sync> <CReg>
ST_2 : [1/1] (1.33ns)   --->   Input mux for Operation 233 '%mul_ln68_28 = mul i64 %zext_ln68_21, i64 %zext_ln68_12'
ST_2 : Operation 233 [1/1] (2.08ns)   --->   "%mul_ln68_28 = mul i64 %zext_ln68_21, i64 %zext_ln68_12" [d2.cpp:68]   --->   Operation 233 'mul' 'mul_ln68_28' <Predicate = true> <Delay = 2.08> <CoreInst = "Multiplier">   --->   Core 3 'Multiplier' <Latency = 0> <II = 1> <Delay = 3.42> <FuncUnit> <Opcode : 'mul'> <InPorts = 2> <OutPorts = 1>
ST_2 : [1/1] (1.33ns)   --->   Input mux for Operation 234 '%mul_ln68_29 = mul i64 %zext_ln68_19, i64 %zext_ln68'
ST_2 : Operation 234 [1/1] (2.08ns)   --->   "%mul_ln68_29 = mul i64 %zext_ln68_19, i64 %zext_ln68" [d2.cpp:68]   --->   Operation 234 'mul' 'mul_ln68_29' <Predicate = true> <Delay = 2.08> <CoreInst = "Multiplier">   --->   Core 3 'Multiplier' <Latency = 0> <II = 1> <Delay = 3.42> <FuncUnit> <Opcode : 'mul'> <InPorts = 2> <OutPorts = 1>
ST_2 : [1/1] (1.33ns)   --->   Input mux for Operation 235 '%mul_ln68_30 = mul i64 %zext_ln68_22, i64 %zext_ln68_6'
ST_2 : Operation 235 [1/1] (2.08ns)   --->   "%mul_ln68_30 = mul i64 %zext_ln68_22, i64 %zext_ln68_6" [d2.cpp:68]   --->   Operation 235 'mul' 'mul_ln68_30' <Predicate = true> <Delay = 2.08> <CoreInst = "Multiplier">   --->   Core 3 'Multiplier' <Latency = 0> <II = 1> <Delay = 3.42> <FuncUnit> <Opcode : 'mul'> <InPorts = 2> <OutPorts = 1>
ST_2 : Operation 236 [1/1] (0.00ns) (grouped into LUT with out node add_ln68_32)   --->   "%and_ln68_13 = and i64 %mul_ln68_28, i64 %select_ln68_13" [d2.cpp:68]   --->   Operation 236 'and' 'and_ln68_13' <Predicate = true> <Delay = 0.00> <CoreInst = "LogicGate">   --->   Core 74 'LogicGate' <Latency = 0> <II = 1> <Delay = 0.37> <FuncUnit> <Opcode : 'and' 'or' 'xor'> <InPorts = 2> <OutPorts = 1>
ST_2 : Operation 237 [1/1] (0.37ns)   --->   "%and_ln68_14 = and i64 %mul_ln68_29, i64 %select_ln68_11" [d2.cpp:68]   --->   Operation 237 'and' 'and_ln68_14' <Predicate = true> <Delay = 0.37> <CoreInst = "LogicGate">   --->   Core 74 'LogicGate' <Latency = 0> <II = 1> <Delay = 0.37> <FuncUnit> <Opcode : 'and' 'or' 'xor'> <InPorts = 2> <OutPorts = 1>
ST_2 : Operation 238 [1/1] (0.00ns) (grouped into LUT with out node add_ln68_32)   --->   "%and_ln68_15 = and i64 %mul_ln68_30, i64 %select_ln68_12" [d2.cpp:68]   --->   Operation 238 'and' 'and_ln68_15' <Predicate = true> <Delay = 0.00> <CoreInst = "LogicGate">   --->   Core 74 'LogicGate' <Latency = 0> <II = 1> <Delay = 0.37> <FuncUnit> <Opcode : 'and' 'or' 'xor'> <InPorts = 2> <OutPorts = 1>
ST_2 : Operation 239 [1/1] (1.08ns) (out node of the LUT)   --->   "%add_ln68_32 = add i64 %and_ln68_15, i64 %and_ln68_13" [d2.cpp:68]   --->   Operation 239 'add' 'add_ln68_32' <Predicate = true> <Delay = 1.08> <CoreInst = "Adder">   --->   Core 1 'Adder' <Latency = 0> <II = 1> <Delay = 1.08> <FuncUnit> <Opcode : 'add' 'sub'> <InPorts = 2> <OutPorts = 1>
ST_2 : Operation 240 [1/1] (0.00ns) (grouped into TernaryAdder)   --->   "%add_ln68_33 = add i64 %add_ln68_32, i64 %and_ln68_14" [d2.cpp:68]   --->   Operation 240 'add' 'add_ln68_33' <Predicate = true> <Delay = 0.00> <CoreInst = "TAddSub">   --->   Core 10 'TAddSub' <Latency = 0> <II = 1> <Delay = 0.40> <IPBlock> <Opcode : '<invalid operator> ' 'add' 'sub'> <InPorts = 3> <OutPorts = 1> <Sync> <CReg>
ST_2 : Operation 241 [1/1] (0.81ns) (root node of TernaryAdder)   --->   "%add_ln68_34 = add i64 %add129_1_246385_load, i64 %add_ln68_33" [d2.cpp:68]   --->   Operation 241 'add' 'add_ln68_34' <Predicate = true> <Delay = 0.81> <CoreInst = "TAddSub">   --->   Core 10 'TAddSub' <Latency = 0> <II = 1> <Delay = 0.40> <IPBlock> <Opcode : '<invalid operator> ' 'add' 'sub'> <InPorts = 3> <OutPorts = 1> <Sync> <CReg>
ST_2 : [1/1] (1.33ns)   --->   Input mux for Operation 242 '%mul_ln68_31 = mul i64 %zext_ln68_23_cast, i64 %zext_ln68_15'
ST_2 : Operation 242 [1/1] (2.08ns)   --->   "%mul_ln68_31 = mul i64 %zext_ln68_23_cast, i64 %zext_ln68_15" [d2.cpp:68]   --->   Operation 242 'mul' 'mul_ln68_31' <Predicate = true> <Delay = 2.08> <CoreInst = "Multiplier">   --->   Core 3 'Multiplier' <Latency = 0> <II = 1> <Delay = 3.42> <FuncUnit> <Opcode : 'mul'> <InPorts = 2> <OutPorts = 1>
ST_2 : Operation 243 [1/1] (0.00ns) (grouped into LUT with out node add_ln68_36)   --->   "%and_ln68_16 = and i64 %mul_ln68_31, i64 %select_ln68_13" [d2.cpp:68]   --->   Operation 243 'and' 'and_ln68_16' <Predicate = true> <Delay = 0.00> <CoreInst = "LogicGate">   --->   Core 74 'LogicGate' <Latency = 0> <II = 1> <Delay = 0.37> <FuncUnit> <Opcode : 'and' 'or' 'xor'> <InPorts = 2> <OutPorts = 1>
ST_2 : [1/1] (1.33ns)   --->   Input mux for Operation 244 '%mul_ln68_32 = mul i64 %zext_ln68_17, i64 %zext_ln68_6'
ST_2 : Operation 244 [1/1] (2.08ns)   --->   "%mul_ln68_32 = mul i64 %zext_ln68_17, i64 %zext_ln68_6" [d2.cpp:68]   --->   Operation 244 'mul' 'mul_ln68_32' <Predicate = true> <Delay = 2.08> <CoreInst = "Multiplier">   --->   Core 3 'Multiplier' <Latency = 0> <II = 1> <Delay = 3.42> <FuncUnit> <Opcode : 'mul'> <InPorts = 2> <OutPorts = 1>
ST_2 : [1/1] (1.33ns)   --->   Input mux for Operation 245 '%mul_ln68_33 = mul i64 %zext_ln68_20, i64 %zext_ln68_12'
ST_2 : Operation 245 [1/1] (2.08ns)   --->   "%mul_ln68_33 = mul i64 %zext_ln68_20, i64 %zext_ln68_12" [d2.cpp:68]   --->   Operation 245 'mul' 'mul_ln68_33' <Predicate = true> <Delay = 2.08> <CoreInst = "Multiplier">   --->   Core 3 'Multiplier' <Latency = 0> <II = 1> <Delay = 3.42> <FuncUnit> <Opcode : 'mul'> <InPorts = 2> <OutPorts = 1>
ST_2 : [1/1] (1.33ns)   --->   Input mux for Operation 246 '%mul_ln68_34 = mul i64 %zext_ln68_14, i64 %zext_ln68'
ST_2 : Operation 246 [1/1] (2.08ns)   --->   "%mul_ln68_34 = mul i64 %zext_ln68_14, i64 %zext_ln68" [d2.cpp:68]   --->   Operation 246 'mul' 'mul_ln68_34' <Predicate = true> <Delay = 2.08> <CoreInst = "Multiplier">   --->   Core 3 'Multiplier' <Latency = 0> <II = 1> <Delay = 3.42> <FuncUnit> <Opcode : 'mul'> <InPorts = 2> <OutPorts = 1>
ST_2 : Operation 247 [1/1] (0.00ns) (grouped into LUT with out node add_ln68_35)   --->   "%and_ln68_17 = and i64 %mul_ln68_32, i64 %select_ln68_11" [d2.cpp:68]   --->   Operation 247 'and' 'and_ln68_17' <Predicate = true> <Delay = 0.00> <CoreInst = "LogicGate">   --->   Core 74 'LogicGate' <Latency = 0> <II = 1> <Delay = 0.37> <FuncUnit> <Opcode : 'and' 'or' 'xor'> <InPorts = 2> <OutPorts = 1>
ST_2 : Operation 248 [1/1] (0.00ns) (grouped into LUT with out node add_ln68_36)   --->   "%and_ln68_18 = and i64 %mul_ln68_33, i64 %select_ln68_12" [d2.cpp:68]   --->   Operation 248 'and' 'and_ln68_18' <Predicate = true> <Delay = 0.00> <CoreInst = "LogicGate">   --->   Core 74 'LogicGate' <Latency = 0> <II = 1> <Delay = 0.37> <FuncUnit> <Opcode : 'and' 'or' 'xor'> <InPorts = 2> <OutPorts = 1>
ST_2 : Operation 249 [1/1] (0.00ns) (grouped into LUT with out node add_ln68_35)   --->   "%and_ln68_19 = and i64 %mul_ln68_34, i64 %select_ln68_10" [d2.cpp:68]   --->   Operation 249 'and' 'and_ln68_19' <Predicate = true> <Delay = 0.00> <CoreInst = "LogicGate">   --->   Core 74 'LogicGate' <Latency = 0> <II = 1> <Delay = 0.37> <FuncUnit> <Opcode : 'and' 'or' 'xor'> <InPorts = 2> <OutPorts = 1>
ST_2 : Operation 250 [1/1] (1.08ns) (out node of the LUT)   --->   "%add_ln68_35 = add i64 %and_ln68_19, i64 %and_ln68_17" [d2.cpp:68]   --->   Operation 250 'add' 'add_ln68_35' <Predicate = true> <Delay = 1.08> <CoreInst = "Adder">   --->   Core 1 'Adder' <Latency = 0> <II = 1> <Delay = 1.08> <FuncUnit> <Opcode : 'add' 'sub'> <InPorts = 2> <OutPorts = 1>
ST_2 : Operation 251 [1/1] (1.08ns) (out node of the LUT)   --->   "%add_ln68_36 = add i64 %and_ln68_18, i64 %and_ln68_16" [d2.cpp:68]   --->   Operation 251 'add' 'add_ln68_36' <Predicate = true> <Delay = 1.08> <CoreInst = "Adder">   --->   Core 1 'Adder' <Latency = 0> <II = 1> <Delay = 1.08> <FuncUnit> <Opcode : 'add' 'sub'> <InPorts = 2> <OutPorts = 1>
ST_2 : Operation 252 [1/1] (0.00ns) (grouped into TernaryAdder)   --->   "%add_ln68_37 = add i64 %add_ln68_36, i64 %add_ln68_35" [d2.cpp:68]   --->   Operation 252 'add' 'add_ln68_37' <Predicate = true> <Delay = 0.00> <CoreInst = "TAddSub">   --->   Core 10 'TAddSub' <Latency = 0> <II = 1> <Delay = 0.40> <IPBlock> <Opcode : '<invalid operator> ' 'add' 'sub'> <InPorts = 3> <OutPorts = 1> <Sync> <CReg>
ST_2 : Operation 253 [1/1] (0.81ns) (root node of TernaryAdder)   --->   "%add_ln68_38 = add i64 %add129_1_128384_load, i64 %add_ln68_37" [d2.cpp:68]   --->   Operation 253 'add' 'add_ln68_38' <Predicate = true> <Delay = 0.81> <CoreInst = "TAddSub">   --->   Core 10 'TAddSub' <Latency = 0> <II = 1> <Delay = 0.40> <IPBlock> <Opcode : '<invalid operator> ' 'add' 'sub'> <InPorts = 3> <OutPorts = 1> <Sync> <CReg>
ST_2 : [1/1] (1.33ns)   --->   Input mux for Operation 254 '%mul_ln68_35 = mul i64 %zext_ln68_13, i64 %zext_ln68'
ST_2 : Operation 254 [1/1] (2.08ns)   --->   "%mul_ln68_35 = mul i64 %zext_ln68_13, i64 %zext_ln68" [d2.cpp:68]   --->   Operation 254 'mul' 'mul_ln68_35' <Predicate = true> <Delay = 2.08> <CoreInst = "Multiplier">   --->   Core 3 'Multiplier' <Latency = 0> <II = 1> <Delay = 3.42> <FuncUnit> <Opcode : 'mul'> <InPorts = 2> <OutPorts = 1>
ST_2 : [1/1] (1.33ns)   --->   Input mux for Operation 255 '%mul_ln68_36 = mul i64 %zext_ln68_16, i64 %zext_ln68_6'
ST_2 : Operation 255 [1/1] (2.08ns)   --->   "%mul_ln68_36 = mul i64 %zext_ln68_16, i64 %zext_ln68_6" [d2.cpp:68]   --->   Operation 255 'mul' 'mul_ln68_36' <Predicate = true> <Delay = 2.08> <CoreInst = "Multiplier">   --->   Core 3 'Multiplier' <Latency = 0> <II = 1> <Delay = 3.42> <FuncUnit> <Opcode : 'mul'> <InPorts = 2> <OutPorts = 1>
ST_2 : [1/1] (1.33ns)   --->   Input mux for Operation 256 '%mul_ln68_37 = mul i64 %zext_ln68_22, i64 %zext_ln68_15'
ST_2 : Operation 256 [1/1] (2.08ns)   --->   "%mul_ln68_37 = mul i64 %zext_ln68_22, i64 %zext_ln68_15" [d2.cpp:68]   --->   Operation 256 'mul' 'mul_ln68_37' <Predicate = true> <Delay = 2.08> <CoreInst = "Multiplier">   --->   Core 3 'Multiplier' <Latency = 0> <II = 1> <Delay = 3.42> <FuncUnit> <Opcode : 'mul'> <InPorts = 2> <OutPorts = 1>
ST_2 : Operation 257 [1/1] (0.00ns) (grouped into LUT with out node add_ln68_39)   --->   "%and_ln68_20 = and i64 %mul_ln68_35, i64 %select_ln68_9" [d2.cpp:68]   --->   Operation 257 'and' 'and_ln68_20' <Predicate = true> <Delay = 0.00> <CoreInst = "LogicGate">   --->   Core 74 'LogicGate' <Latency = 0> <II = 1> <Delay = 0.37> <FuncUnit> <Opcode : 'and' 'or' 'xor'> <InPorts = 2> <OutPorts = 1>
ST_2 : Operation 258 [1/1] (0.00ns) (grouped into LUT with out node add_ln68_39)   --->   "%and_ln68_21 = and i64 %mul_ln68_36, i64 %select_ln68_10" [d2.cpp:68]   --->   Operation 258 'and' 'and_ln68_21' <Predicate = true> <Delay = 0.00> <CoreInst = "LogicGate">   --->   Core 74 'LogicGate' <Latency = 0> <II = 1> <Delay = 0.37> <FuncUnit> <Opcode : 'and' 'or' 'xor'> <InPorts = 2> <OutPorts = 1>
ST_2 : Operation 259 [1/1] (0.37ns)   --->   "%and_ln68_22 = and i64 %mul_ln68_37, i64 %select_ln68_12" [d2.cpp:68]   --->   Operation 259 'and' 'and_ln68_22' <Predicate = true> <Delay = 0.37> <CoreInst = "LogicGate">   --->   Core 74 'LogicGate' <Latency = 0> <II = 1> <Delay = 0.37> <FuncUnit> <Opcode : 'and' 'or' 'xor'> <InPorts = 2> <OutPorts = 1>
ST_2 : [1/1] (1.33ns)   --->   Input mux for Operation 260 '%mul_ln68_38 = mul i64 %zext_ln68_21, i64 %zext_ln68_18'
ST_2 : Operation 260 [1/1] (2.08ns)   --->   "%mul_ln68_38 = mul i64 %zext_ln68_21, i64 %zext_ln68_18" [d2.cpp:68]   --->   Operation 260 'mul' 'mul_ln68_38' <Predicate = true> <Delay = 2.08> <CoreInst = "Multiplier">   --->   Core 3 'Multiplier' <Latency = 0> <II = 1> <Delay = 3.42> <FuncUnit> <Opcode : 'mul'> <InPorts = 2> <OutPorts = 1>
ST_2 : [1/1] (1.33ns)   --->   Input mux for Operation 261 '%mul_ln68_39 = mul i64 %zext_ln68_19, i64 %zext_ln68_12'
ST_2 : Operation 261 [1/1] (2.08ns)   --->   "%mul_ln68_39 = mul i64 %zext_ln68_19, i64 %zext_ln68_12" [d2.cpp:68]   --->   Operation 261 'mul' 'mul_ln68_39' <Predicate = true> <Delay = 2.08> <CoreInst = "Multiplier">   --->   Core 3 'Multiplier' <Latency = 0> <II = 1> <Delay = 3.42> <FuncUnit> <Opcode : 'mul'> <InPorts = 2> <OutPorts = 1>
ST_2 : Operation 262 [1/1] (0.37ns)   --->   "%and_ln68_23 = and i64 %mul_ln68_38, i64 %select_ln68_13" [d2.cpp:68]   --->   Operation 262 'and' 'and_ln68_23' <Predicate = true> <Delay = 0.37> <CoreInst = "LogicGate">   --->   Core 74 'LogicGate' <Latency = 0> <II = 1> <Delay = 0.37> <FuncUnit> <Opcode : 'and' 'or' 'xor'> <InPorts = 2> <OutPorts = 1>
ST_2 : Operation 263 [1/1] (0.37ns)   --->   "%and_ln68_24 = and i64 %mul_ln68_39, i64 %select_ln68_11" [d2.cpp:68]   --->   Operation 263 'and' 'and_ln68_24' <Predicate = true> <Delay = 0.37> <CoreInst = "LogicGate">   --->   Core 74 'LogicGate' <Latency = 0> <II = 1> <Delay = 0.37> <FuncUnit> <Opcode : 'and' 'or' 'xor'> <InPorts = 2> <OutPorts = 1>
ST_2 : Operation 264 [1/1] (1.08ns) (out node of the LUT)   --->   "%add_ln68_39 = add i64 %and_ln68_20, i64 %and_ln68_21" [d2.cpp:68]   --->   Operation 264 'add' 'add_ln68_39' <Predicate = true> <Delay = 1.08> <CoreInst = "Adder">   --->   Core 1 'Adder' <Latency = 0> <II = 1> <Delay = 1.08> <FuncUnit> <Opcode : 'add' 'sub'> <InPorts = 2> <OutPorts = 1>
ST_2 : Operation 265 [1/1] (0.00ns) (grouped into TernaryAdder)   --->   "%add_ln68_40 = add i64 %and_ln68_22, i64 %and_ln68_23" [d2.cpp:68]   --->   Operation 265 'add' 'add_ln68_40' <Predicate = true> <Delay = 0.00> <CoreInst = "TAddSub">   --->   Core 10 'TAddSub' <Latency = 0> <II = 1> <Delay = 0.40> <IPBlock> <Opcode : '<invalid operator> ' 'add' 'sub'> <InPorts = 3> <OutPorts = 1> <Sync> <CReg>
ST_2 : Operation 266 [1/1] (0.81ns) (root node of TernaryAdder)   --->   "%add_ln68_41 = add i64 %add_ln68_40, i64 %and_ln68_24" [d2.cpp:68]   --->   Operation 266 'add' 'add_ln68_41' <Predicate = true> <Delay = 0.81> <CoreInst = "TAddSub">   --->   Core 10 'TAddSub' <Latency = 0> <II = 1> <Delay = 0.40> <IPBlock> <Opcode : '<invalid operator> ' 'add' 'sub'> <InPorts = 3> <OutPorts = 1> <Sync> <CReg>
ST_2 : Operation 267 [1/1] (0.00ns) (grouped into TernaryAdder)   --->   "%add_ln68_42 = add i64 %add_ln68_41, i64 %add_ln68_39" [d2.cpp:68]   --->   Operation 267 'add' 'add_ln68_42' <Predicate = true> <Delay = 0.00> <CoreInst = "TAddSub">   --->   Core 10 'TAddSub' <Latency = 0> <II = 1> <Delay = 0.40> <IPBlock> <Opcode : '<invalid operator> ' 'add' 'sub'> <InPorts = 3> <OutPorts = 1> <Sync> <CReg>
ST_2 : Operation 268 [1/1] (0.81ns) (root node of TernaryAdder)   --->   "%add_ln68_43 = add i64 %add129_1383_load, i64 %add_ln68_42" [d2.cpp:68]   --->   Operation 268 'add' 'add_ln68_43' <Predicate = true> <Delay = 0.81> <CoreInst = "TAddSub">   --->   Core 10 'TAddSub' <Latency = 0> <II = 1> <Delay = 0.40> <IPBlock> <Opcode : '<invalid operator> ' 'add' 'sub'> <InPorts = 3> <OutPorts = 1> <Sync> <CReg>
ST_2 : Operation 269 [1/1] (0.42ns)   --->   "%store_ln55 = store i64 %add_ln68_29, i64 %add129_1_482387" [d2.cpp:55]   --->   Operation 269 'store' 'store_ln55' <Predicate = true> <Delay = 0.42>
ST_2 : Operation 270 [1/1] (0.42ns)   --->   "%store_ln55 = store i64 %add_ln68_31, i64 %add129_1_364386" [d2.cpp:55]   --->   Operation 270 'store' 'store_ln55' <Predicate = true> <Delay = 0.42>
ST_2 : Operation 271 [1/1] (0.42ns)   --->   "%store_ln55 = store i64 %add_ln68_34, i64 %add129_1_246385" [d2.cpp:55]   --->   Operation 271 'store' 'store_ln55' <Predicate = true> <Delay = 0.42>
ST_2 : Operation 272 [1/1] (0.42ns)   --->   "%store_ln55 = store i64 %add_ln68_38, i64 %add129_1_128384" [d2.cpp:55]   --->   Operation 272 'store' 'store_ln55' <Predicate = true> <Delay = 0.42>
ST_2 : Operation 273 [1/1] (0.42ns)   --->   "%store_ln55 = store i64 %add_ln68_43, i64 %add129_1383" [d2.cpp:55]   --->   Operation 273 'store' 'store_ln55' <Predicate = true> <Delay = 0.42>
ST_2 : Operation 274 [1/1] (0.42ns)   --->   "%store_ln55 = store i64 %add_ln68_28, i64 %add129_4189382" [d2.cpp:55]   --->   Operation 274 'store' 'store_ln55' <Predicate = true> <Delay = 0.42>
ST_2 : Operation 275 [1/1] (0.42ns)   --->   "%store_ln55 = store i64 %add_ln68_22, i64 %add129_3171381" [d2.cpp:55]   --->   Operation 275 'store' 'store_ln55' <Predicate = true> <Delay = 0.42>
ST_2 : Operation 276 [1/1] (0.42ns)   --->   "%store_ln55 = store i64 %add_ln68_17, i64 %add129_2153380" [d2.cpp:55]   --->   Operation 276 'store' 'store_ln55' <Predicate = true> <Delay = 0.42>
ST_2 : Operation 277 [1/1] (0.42ns)   --->   "%store_ln55 = store i64 %add_ln68_12, i64 %add129_1135379" [d2.cpp:55]   --->   Operation 277 'store' 'store_ln55' <Predicate = true> <Delay = 0.42>
ST_2 : Operation 278 [1/1] (0.42ns)   --->   "%store_ln55 = store i64 %add_ln68_7, i64 %add129378" [d2.cpp:55]   --->   Operation 278 'store' 'store_ln55' <Predicate = true> <Delay = 0.42>
ST_2 : Operation 279 [1/1] (0.00ns)   --->   "%br_ln55 = br void %for.body91" [d2.cpp:55]   --->   Operation 279 'br' 'br_ln55' <Predicate = true> <Delay = 0.00>


============================================================
+ Verbose Summary: Timing violations
============================================================
Target clock period: 10.000ns, clock uncertainty: 2.700ns.

 <State 1>: 1.594ns
The critical path consists of the following:
	'alloca' operation ('i1') [51]  (0.000 ns)
	'load' operation ('i1', d2.cpp:55) on local variable 'i1' [96]  (0.000 ns)
	'add' operation ('i1', d2.cpp:68) [149]  (0.797 ns)
	'icmp' operation ('icmp_ln68_1', d2.cpp:68) [153]  (0.797 ns)

 <State 2>: 7.125ns
The critical path consists of the following:
	'xor' operation ('xor_ln68_1', d2.cpp:68) [161]  (0.287 ns)
	'mux' operation ('tmp_9', d2.cpp:68) [162]  (0.525 ns)
	'select' operation ('select_ln68_5', d2.cpp:68) [169]  (0.449 ns)
	multiplexor before operation 'mul' with delay (1.336 ns)
'mul' operation ('mul_ln68_19', d2.cpp:68) [222]  (2.084 ns)
	'and' operation ('and_ln68_5', d2.cpp:68) [225]  (0.379 ns)
	'add' operation ('add_ln68_19', d2.cpp:68) [227]  (0.000 ns)
	'add' operation ('add_ln68_20', d2.cpp:68) [228]  (0.819 ns)
	'add' operation ('add_ln68_21', d2.cpp:68) [229]  (0.000 ns)
	'add' operation ('add_ln68_22', d2.cpp:68) [230]  (0.819 ns)
	'store' operation ('store_ln55', d2.cpp:55) of variable 'add_ln68_22', d2.cpp:68 on local variable 'add129_3171381' [313]  (0.427 ns)


============================================================
+ Verbose Summary: Binding
============================================================
N/A
* FSMD analyzer results:
  - Output states:
 - Input state : 
  - Chain level:
	State 1
	State 2


============================================================
+ Verbose Summary: Datapath Resource usage 
============================================================
N/A
