

================================================================
== Vitis HLS Report for 'fiat_25519_carry_square_Pipeline_ARRAY_1_READ'
================================================================
* Date:           Fri May 10 12:47:57 2024

* Version:        2023.1.1 (Build 3869133 on Jun 15 2023)
* Project:        D3
* Solution:       comb_36 (Vivado IP Flow Target)
* Product family: zynquplus
* Target device:  xczu9eg-ffvb1156-2-e


================================================================
== Performance Estimates
================================================================
+ Timing: 
    * Summary: 
    +--------+----------+----------+------------+
    |  Clock |  Target  | Estimated| Uncertainty|
    +--------+----------+----------+------------+
    |ap_clk  |  10.00 ns|  7.300 ns|     2.70 ns|
    +--------+----------+----------+------------+

+ Latency: 
    * Summary: 
    +---------+---------+----------+----------+-----+-----+---------+
    |  Latency (cycles) |  Latency (absolute) |  Interval | Pipeline|
    |   min   |   max   |    min   |    max   | min | max |   Type  |
    +---------+---------+----------+----------+-----+-----+---------+
    |       13|       13|  0.130 us|  0.130 us|   13|   13|       no|
    +---------+---------+----------+----------+-----+-----+---------+

    + Detail: 
        * Instance: 
        N/A

        * Loop: 
        +----------------+---------+---------+----------+-----------+-----------+------+----------+
        |                |  Latency (cycles) | Iteration|  Initiation Interval  | Trip |          |
        |    Loop Name   |   min   |   max   |  Latency |  achieved |   target  | Count| Pipelined|
        +----------------+---------+---------+----------+-----------+-----------+------+----------+
        |- ARRAY_1_READ  |       11|       11|         2|          1|          1|    10|       yes|
        +----------------+---------+---------+----------+-----------+-----------+------+----------+

============================================================
+ Verbose Summary: Synthesis Manager
============================================================
InlineROM: 1
ExposeGlobal: 0
============================================================
+ Verbose Summary: CDFG Model
============================================================
IsTopModel: 0
ResetActiveHigh: 1
IsCombinational: 0
IsDatapathOnly: 0
HasWiredReturn: 1
HasMFsm: 2
HasVarLatency: 1
IsPipeline: 0
IsRtlPipelined: 0
IsInstanceOverlapped: 0
IsDontTouch: 0
HasImplIP: 0
IsGatedGlobalClock: 0

+ Individual pipeline summary: 
  * Pipeline-0: initiation interval (II) = 1, depth = 2


============================================================
+ Verbose Summary: Schedule
============================================================
* Number of FSM states : 2
* Pipeline : 1
  Pipeline-0 : II = 1, D = 2, States = { 1 2 }
* Dataflow Pipeline: 0

* FSM state transitions: 
1 --> 2 
2 --> 

* FSM state operations: 

State 1 <SV = 0> <Delay = 2.41>
ST_1 : Operation 5 [1/1] (0.00ns)   --->   "%phi_urem23 = alloca i32 1"   --->   Operation 5 'alloca' 'phi_urem23' <Predicate = true> <Delay = 0.00>
ST_1 : Operation 6 [1/1] (0.00ns)   --->   "%phi_mul21 = alloca i32 1"   --->   Operation 6 'alloca' 'phi_mul21' <Predicate = true> <Delay = 0.00>
ST_1 : Operation 7 [1/1] (0.00ns)   --->   "%i = alloca i32 1"   --->   Operation 7 'alloca' 'i' <Predicate = true> <Delay = 0.00>
ST_1 : Operation 8 [1/1] (0.00ns)   --->   "%arg1_r_1 = alloca i32 1"   --->   Operation 8 'alloca' 'arg1_r_1' <Predicate = true> <Delay = 0.00>
ST_1 : Operation 9 [1/1] (0.00ns)   --->   "%arg1_r_1_1 = alloca i32 1"   --->   Operation 9 'alloca' 'arg1_r_1_1' <Predicate = true> <Delay = 0.00>
ST_1 : Operation 10 [1/1] (0.00ns)   --->   "%arg1_r_1_2 = alloca i32 1"   --->   Operation 10 'alloca' 'arg1_r_1_2' <Predicate = true> <Delay = 0.00>
ST_1 : Operation 11 [1/1] (0.00ns)   --->   "%arg1_r_1_3 = alloca i32 1"   --->   Operation 11 'alloca' 'arg1_r_1_3' <Predicate = true> <Delay = 0.00>
ST_1 : Operation 12 [1/1] (0.00ns)   --->   "%arg1_r_1_4 = alloca i32 1"   --->   Operation 12 'alloca' 'arg1_r_1_4' <Predicate = true> <Delay = 0.00>
ST_1 : Operation 13 [1/1] (0.00ns)   --->   "%arg1_r_1_5 = alloca i32 1"   --->   Operation 13 'alloca' 'arg1_r_1_5' <Predicate = true> <Delay = 0.00>
ST_1 : Operation 14 [1/1] (0.00ns)   --->   "%arg1_r_1_6 = alloca i32 1"   --->   Operation 14 'alloca' 'arg1_r_1_6' <Predicate = true> <Delay = 0.00>
ST_1 : Operation 15 [1/1] (0.00ns)   --->   "%arg1_r_1_7 = alloca i32 1"   --->   Operation 15 'alloca' 'arg1_r_1_7' <Predicate = true> <Delay = 0.00>
ST_1 : Operation 16 [1/1] (0.00ns)   --->   "%arg1_r_1_8 = alloca i32 1"   --->   Operation 16 'alloca' 'arg1_r_1_8' <Predicate = true> <Delay = 0.00>
ST_1 : Operation 17 [1/1] (0.00ns)   --->   "%arg1_r_1_9 = alloca i32 1"   --->   Operation 17 'alloca' 'arg1_r_1_9' <Predicate = true> <Delay = 0.00>
ST_1 : Operation 18 [1/1] (0.00ns)   --->   "%arg1_r_1_10 = alloca i32 1"   --->   Operation 18 'alloca' 'arg1_r_1_10' <Predicate = true> <Delay = 0.00>
ST_1 : Operation 19 [1/1] (0.00ns)   --->   "%arg1_r_1_11 = alloca i32 1"   --->   Operation 19 'alloca' 'arg1_r_1_11' <Predicate = true> <Delay = 0.00>
ST_1 : Operation 20 [1/1] (0.00ns)   --->   "%sext_ln17_read = read i62 @_ssdm_op_Read.ap_auto.i62, i62 %sext_ln17"   --->   Operation 20 'read' 'sext_ln17_read' <Predicate = true> <Delay = 0.00>
ST_1 : Operation 21 [1/1] (0.00ns)   --->   "%sext_ln17_cast = sext i62 %sext_ln17_read"   --->   Operation 21 'sext' 'sext_ln17_cast' <Predicate = true> <Delay = 0.00>
ST_1 : Operation 22 [1/1] (0.00ns)   --->   "%specinterface_ln0 = specinterface void @_ssdm_op_SpecInterface, i32 %mem, void @empty_2, i32 0, i32 0, void @empty_3, i32 0, i32 10, void @empty_4, void @empty_5, void @empty_3, i32 16, i32 16, i32 16, i32 16, void @empty_3, void @empty_3, i32 4294967295, i32 0"   --->   Operation 22 'specinterface' 'specinterface_ln0' <Predicate = true> <Delay = 0.00>
ST_1 : Operation 23 [1/1] (0.42ns)   --->   "%store_ln0 = store i4 0, i4 %i"   --->   Operation 23 'store' 'store_ln0' <Predicate = true> <Delay = 0.42>
ST_1 : Operation 24 [1/1] (0.42ns)   --->   "%store_ln0 = store i8 0, i8 %phi_mul21"   --->   Operation 24 'store' 'store_ln0' <Predicate = true> <Delay = 0.42>
ST_1 : Operation 25 [1/1] (0.42ns)   --->   "%store_ln0 = store i4 0, i4 %phi_urem23"   --->   Operation 25 'store' 'store_ln0' <Predicate = true> <Delay = 0.42>
ST_1 : Operation 26 [1/1] (0.00ns)   --->   "%br_ln0 = br void %for.inc"   --->   Operation 26 'br' 'br_ln0' <Predicate = true> <Delay = 0.00>
ST_1 : Operation 27 [1/1] (0.00ns)   --->   "%phi_urem23_load = load i4 %phi_urem23" [d3.cpp:17]   --->   Operation 27 'load' 'phi_urem23_load' <Predicate = true> <Delay = 0.00>
ST_1 : Operation 28 [1/1] (0.00ns)   --->   "%i_5 = load i4 %i" [d3.cpp:17]   --->   Operation 28 'load' 'i_5' <Predicate = true> <Delay = 0.00>
ST_1 : Operation 29 [1/1] (0.79ns)   --->   "%icmp_ln17 = icmp_eq  i4 %i_5, i4 10" [d3.cpp:17]   --->   Operation 29 'icmp' 'icmp_ln17' <Predicate = true> <Delay = 0.79> <CoreInst = "Cmp">   --->   Core 9 'Cmp' <Latency = 0> <II = 1> <Delay = 0.79> <FuncUnit> <Opcode : 'icmp'> <InPorts = 2> <OutPorts = 1>
ST_1 : Operation 30 [1/1] (0.79ns)   --->   "%add_ln17 = add i4 %i_5, i4 1" [d3.cpp:17]   --->   Operation 30 'add' 'add_ln17' <Predicate = true> <Delay = 0.79> <CoreInst = "Adder">   --->   Core 1 'Adder' <Latency = 0> <II = 1> <Delay = 0.79> <FuncUnit> <Opcode : 'add' 'sub'> <InPorts = 2> <OutPorts = 1>
ST_1 : Operation 31 [1/1] (0.00ns)   --->   "%br_ln17 = br i1 %icmp_ln17, void %for.inc.split, void %VITIS_LOOP_23_1.exitStub" [d3.cpp:17]   --->   Operation 31 'br' 'br_ln17' <Predicate = true> <Delay = 0.00>
ST_1 : Operation 32 [1/1] (0.00ns)   --->   "%phi_mul21_load = load i8 %phi_mul21" [d3.cpp:17]   --->   Operation 32 'load' 'phi_mul21_load' <Predicate = (!icmp_ln17)> <Delay = 0.00>
ST_1 : Operation 33 [1/1] (0.76ns)   --->   "%add_ln17_1 = add i8 %phi_mul21_load, i8 22" [d3.cpp:17]   --->   Operation 33 'add' 'add_ln17_1' <Predicate = (!icmp_ln17)> <Delay = 0.76> <CoreInst = "Adder">   --->   Core 1 'Adder' <Latency = 0> <II = 1> <Delay = 0.76> <FuncUnit> <Opcode : 'add' 'sub'> <InPorts = 2> <OutPorts = 1>
ST_1 : Operation 34 [1/1] (0.00ns)   --->   "%trunc_ln17 = trunc i4 %phi_urem23_load" [d3.cpp:17]   --->   Operation 34 'trunc' 'trunc_ln17' <Predicate = (!icmp_ln17)> <Delay = 0.00>
ST_1 : Operation 35 [1/1] (0.00ns)   --->   "%trunc_ln1 = partselect i2 @_ssdm_op_PartSelect.i2.i8.i32.i32, i8 %phi_mul21_load, i32 6, i32 7" [d3.cpp:19]   --->   Operation 35 'partselect' 'trunc_ln1' <Predicate = (!icmp_ln17)> <Delay = 0.00>
ST_1 : Operation 36 [1/1] (0.73ns)   --->   "%switch_ln19 = switch i2 %trunc_ln17, void %arrayidx2.case.2, i2 0, void %arrayidx2.case.0, i2 1, void %arrayidx2.case.1" [d3.cpp:19]   --->   Operation 36 'switch' 'switch_ln19' <Predicate = (!icmp_ln17)> <Delay = 0.73>
ST_1 : Operation 37 [1/1] (0.73ns)   --->   "%switch_ln19 = switch i2 %trunc_ln1, void %branch55, i2 0, void %arrayidx2.case.1.arrayidx2.exit_crit_edge, i2 1, void %arrayidx2.case.1.arrayidx2.exit_crit_edge7, i2 2, void %branch54" [d3.cpp:19]   --->   Operation 37 'switch' 'switch_ln19' <Predicate = (!icmp_ln17 & trunc_ln17 == 1)> <Delay = 0.73>
ST_1 : Operation 38 [1/1] (0.73ns)   --->   "%switch_ln19 = switch i2 %trunc_ln1, void %branch27, i2 0, void %arrayidx2.case.0.arrayidx2.exit_crit_edge, i2 1, void %arrayidx2.case.0.arrayidx2.exit_crit_edge8, i2 2, void %branch26" [d3.cpp:19]   --->   Operation 38 'switch' 'switch_ln19' <Predicate = (!icmp_ln17 & trunc_ln17 == 0)> <Delay = 0.73>
ST_1 : Operation 39 [1/1] (0.73ns)   --->   "%switch_ln19 = switch i2 %trunc_ln1, void %branch83, i2 0, void %arrayidx2.case.2.arrayidx2.exit_crit_edge, i2 1, void %arrayidx2.case.2.arrayidx2.exit_crit_edge6, i2 2, void %branch82" [d3.cpp:19]   --->   Operation 39 'switch' 'switch_ln19' <Predicate = (!icmp_ln17 & trunc_ln17 != 0 & trunc_ln17 != 1)> <Delay = 0.73>
ST_1 : Operation 40 [1/1] (0.79ns)   --->   "%add_ln17_2 = add i4 %phi_urem23_load, i4 1" [d3.cpp:17]   --->   Operation 40 'add' 'add_ln17_2' <Predicate = (!icmp_ln17)> <Delay = 0.79> <CoreInst = "Adder">   --->   Core 1 'Adder' <Latency = 0> <II = 1> <Delay = 0.79> <FuncUnit> <Opcode : 'add' 'sub'> <InPorts = 2> <OutPorts = 1>
ST_1 : Operation 41 [1/1] (0.79ns)   --->   "%icmp_ln17_1 = icmp_ult  i4 %add_ln17_2, i4 3" [d3.cpp:17]   --->   Operation 41 'icmp' 'icmp_ln17_1' <Predicate = (!icmp_ln17)> <Delay = 0.79> <CoreInst = "Cmp">   --->   Core 9 'Cmp' <Latency = 0> <II = 1> <Delay = 0.79> <FuncUnit> <Opcode : 'icmp'> <InPorts = 2> <OutPorts = 1>
ST_1 : Operation 42 [1/1] (0.39ns)   --->   "%select_ln17 = select i1 %icmp_ln17_1, i4 %add_ln17_2, i4 0" [d3.cpp:17]   --->   Operation 42 'select' 'select_ln17' <Predicate = (!icmp_ln17)> <Delay = 0.39> <CoreInst = "Sel">   --->   Core 73 'Sel' <Latency = 0> <II = 1> <Delay = 0.39> <FuncUnit> <Opcode : 'select'> <InPorts = 3> <OutPorts = 1>
ST_1 : Operation 43 [1/1] (0.42ns)   --->   "%store_ln17 = store i4 %add_ln17, i4 %i" [d3.cpp:17]   --->   Operation 43 'store' 'store_ln17' <Predicate = (!icmp_ln17)> <Delay = 0.42>
ST_1 : Operation 44 [1/1] (0.42ns)   --->   "%store_ln17 = store i8 %add_ln17_1, i8 %phi_mul21" [d3.cpp:17]   --->   Operation 44 'store' 'store_ln17' <Predicate = (!icmp_ln17)> <Delay = 0.42>
ST_1 : Operation 45 [1/1] (0.42ns)   --->   "%store_ln17 = store i4 %select_ln17, i4 %phi_urem23" [d3.cpp:17]   --->   Operation 45 'store' 'store_ln17' <Predicate = (!icmp_ln17)> <Delay = 0.42>
ST_1 : Operation 46 [1/1] (0.00ns)   --->   "%br_ln17 = br void %for.inc" [d3.cpp:17]   --->   Operation 46 'br' 'br_ln17' <Predicate = (!icmp_ln17)> <Delay = 0.00>

State 2 <SV = 1> <Delay = 7.30>
ST_2 : Operation 47 [1/1] (0.00ns)   --->   "%arg1_r_1_7_load = load i32 %arg1_r_1_7"   --->   Operation 47 'load' 'arg1_r_1_7_load' <Predicate = true> <Delay = 0.00>
ST_2 : Operation 48 [1/1] (0.00ns)   --->   "%arg1_r_1_11_load = load i32 %arg1_r_1_11"   --->   Operation 48 'load' 'arg1_r_1_11_load' <Predicate = true> <Delay = 0.00>
ST_2 : Operation 49 [1/1] (0.00ns)   --->   "%empty = trunc i32 %arg1_r_1_7_load"   --->   Operation 49 'trunc' 'empty' <Predicate = true> <Delay = 0.00>
ST_2 : Operation 50 [1/1] (0.00ns)   --->   "%empty_32 = trunc i32 %arg1_r_1_11_load"   --->   Operation 50 'trunc' 'empty_32' <Predicate = true> <Delay = 0.00>
ST_2 : Operation 51 [1/1] (0.00ns)   --->   "%specbitsmap_ln0 = specbitsmap void @_ssdm_op_SpecBitsMap, i32 %mem"   --->   Operation 51 'specbitsmap' 'specbitsmap_ln0' <Predicate = true> <Delay = 0.00>
ST_2 : Operation 52 [1/1] (0.00ns)   --->   "%mem_addr = getelementptr i32 %mem, i64 %sext_ln17_cast" [d3.cpp:17]   --->   Operation 52 'getelementptr' 'mem_addr' <Predicate = true> <Delay = 0.00>
ST_2 : Operation 53 [1/1] (0.00ns)   --->   "%specpipeline_ln0 = specpipeline void @_ssdm_op_SpecPipeline, i32 4294967295, i32 0, i32 1, i32 0, void @p_str"   --->   Operation 53 'specpipeline' 'specpipeline_ln0' <Predicate = true> <Delay = 0.00>
ST_2 : Operation 54 [1/1] (0.00ns)   --->   "%speclooptripcount_ln17 = speclooptripcount void @_ssdm_op_SpecLoopTripCount, i64 10, i64 10, i64 10" [d3.cpp:17]   --->   Operation 54 'speclooptripcount' 'speclooptripcount_ln17' <Predicate = (!icmp_ln17)> <Delay = 0.00>
ST_2 : Operation 55 [1/1] (0.00ns)   --->   "%specloopname_ln17 = specloopname void @_ssdm_op_SpecLoopName, void @empty_12" [d3.cpp:17]   --->   Operation 55 'specloopname' 'specloopname_ln17' <Predicate = (!icmp_ln17)> <Delay = 0.00>
ST_2 : Operation 56 [1/1] (7.30ns)   --->   "%arg1_r_1_13 = read i32 @_ssdm_op_Read.m_axi.p1i32, i32 %mem_addr" [d3.cpp:19]   --->   Operation 56 'read' 'arg1_r_1_13' <Predicate = (!icmp_ln17)> <Delay = 7.30> <CoreInst = "m_axi">   --->   Core 121 'm_axi' <Latency = 0> <II = 1> <Delay = 1.00> <Adapter> <Opcode : 'read' 'write' 'readreq' 'writereq' 'writeresp'>
ST_2 : Operation 57 [1/1] (0.00ns)   --->   "%store_ln19 = store i32 %arg1_r_1_13, i32 %arg1_r_1_6" [d3.cpp:19]   --->   Operation 57 'store' 'store_ln19' <Predicate = (!icmp_ln17 & trunc_ln17 == 1 & trunc_ln1 == 2)> <Delay = 0.00>
ST_2 : Operation 58 [1/1] (0.00ns)   --->   "%br_ln19 = br void %arrayidx2.exit" [d3.cpp:19]   --->   Operation 58 'br' 'br_ln19' <Predicate = (!icmp_ln17 & trunc_ln17 == 1 & trunc_ln1 == 2)> <Delay = 0.00>
ST_2 : Operation 59 [1/1] (0.00ns)   --->   "%store_ln19 = store i32 %arg1_r_1_13, i32 %arg1_r_1_5" [d3.cpp:19]   --->   Operation 59 'store' 'store_ln19' <Predicate = (!icmp_ln17 & trunc_ln17 == 1 & trunc_ln1 == 1)> <Delay = 0.00>
ST_2 : Operation 60 [1/1] (0.00ns)   --->   "%br_ln19 = br void %arrayidx2.exit" [d3.cpp:19]   --->   Operation 60 'br' 'br_ln19' <Predicate = (!icmp_ln17 & trunc_ln17 == 1 & trunc_ln1 == 1)> <Delay = 0.00>
ST_2 : Operation 61 [1/1] (0.00ns)   --->   "%store_ln19 = store i32 %arg1_r_1_13, i32 %arg1_r_1_4" [d3.cpp:19]   --->   Operation 61 'store' 'store_ln19' <Predicate = (!icmp_ln17 & trunc_ln17 == 1 & trunc_ln1 == 0)> <Delay = 0.00>
ST_2 : Operation 62 [1/1] (0.00ns)   --->   "%br_ln19 = br void %arrayidx2.exit" [d3.cpp:19]   --->   Operation 62 'br' 'br_ln19' <Predicate = (!icmp_ln17 & trunc_ln17 == 1 & trunc_ln1 == 0)> <Delay = 0.00>
ST_2 : Operation 63 [1/1] (0.00ns)   --->   "%store_ln19 = store i32 %arg1_r_1_13, i32 %arg1_r_1_7" [d3.cpp:19]   --->   Operation 63 'store' 'store_ln19' <Predicate = (!icmp_ln17 & trunc_ln17 == 1 & trunc_ln1 == 3)> <Delay = 0.00>
ST_2 : Operation 64 [1/1] (0.00ns)   --->   "%br_ln19 = br void %arrayidx2.exit" [d3.cpp:19]   --->   Operation 64 'br' 'br_ln19' <Predicate = (!icmp_ln17 & trunc_ln17 == 1 & trunc_ln1 == 3)> <Delay = 0.00>
ST_2 : Operation 65 [1/1] (0.00ns)   --->   "%store_ln19 = store i32 %arg1_r_1_13, i32 %arg1_r_1_2" [d3.cpp:19]   --->   Operation 65 'store' 'store_ln19' <Predicate = (!icmp_ln17 & trunc_ln17 == 0 & trunc_ln1 == 2)> <Delay = 0.00>
ST_2 : Operation 66 [1/1] (0.00ns)   --->   "%br_ln19 = br void %arrayidx2.exit" [d3.cpp:19]   --->   Operation 66 'br' 'br_ln19' <Predicate = (!icmp_ln17 & trunc_ln17 == 0 & trunc_ln1 == 2)> <Delay = 0.00>
ST_2 : Operation 67 [1/1] (0.00ns)   --->   "%store_ln19 = store i32 %arg1_r_1_13, i32 %arg1_r_1_1" [d3.cpp:19]   --->   Operation 67 'store' 'store_ln19' <Predicate = (!icmp_ln17 & trunc_ln17 == 0 & trunc_ln1 == 1)> <Delay = 0.00>
ST_2 : Operation 68 [1/1] (0.00ns)   --->   "%br_ln19 = br void %arrayidx2.exit" [d3.cpp:19]   --->   Operation 68 'br' 'br_ln19' <Predicate = (!icmp_ln17 & trunc_ln17 == 0 & trunc_ln1 == 1)> <Delay = 0.00>
ST_2 : Operation 69 [1/1] (0.00ns)   --->   "%store_ln19 = store i32 %arg1_r_1_13, i32 %arg1_r_1" [d3.cpp:19]   --->   Operation 69 'store' 'store_ln19' <Predicate = (!icmp_ln17 & trunc_ln17 == 0 & trunc_ln1 == 0)> <Delay = 0.00>
ST_2 : Operation 70 [1/1] (0.00ns)   --->   "%br_ln19 = br void %arrayidx2.exit" [d3.cpp:19]   --->   Operation 70 'br' 'br_ln19' <Predicate = (!icmp_ln17 & trunc_ln17 == 0 & trunc_ln1 == 0)> <Delay = 0.00>
ST_2 : Operation 71 [1/1] (0.00ns)   --->   "%store_ln19 = store i32 %arg1_r_1_13, i32 %arg1_r_1_3" [d3.cpp:19]   --->   Operation 71 'store' 'store_ln19' <Predicate = (!icmp_ln17 & trunc_ln17 == 0 & trunc_ln1 == 3)> <Delay = 0.00>
ST_2 : Operation 72 [1/1] (0.00ns)   --->   "%br_ln19 = br void %arrayidx2.exit" [d3.cpp:19]   --->   Operation 72 'br' 'br_ln19' <Predicate = (!icmp_ln17 & trunc_ln17 == 0 & trunc_ln1 == 3)> <Delay = 0.00>
ST_2 : Operation 73 [1/1] (0.00ns)   --->   "%store_ln19 = store i32 %arg1_r_1_13, i32 %arg1_r_1_10" [d3.cpp:19]   --->   Operation 73 'store' 'store_ln19' <Predicate = (!icmp_ln17 & trunc_ln17 != 0 & trunc_ln17 != 1 & trunc_ln1 == 2)> <Delay = 0.00>
ST_2 : Operation 74 [1/1] (0.00ns)   --->   "%br_ln19 = br void %arrayidx2.exit" [d3.cpp:19]   --->   Operation 74 'br' 'br_ln19' <Predicate = (!icmp_ln17 & trunc_ln17 != 0 & trunc_ln17 != 1 & trunc_ln1 == 2)> <Delay = 0.00>
ST_2 : Operation 75 [1/1] (0.00ns)   --->   "%store_ln19 = store i32 %arg1_r_1_13, i32 %arg1_r_1_9" [d3.cpp:19]   --->   Operation 75 'store' 'store_ln19' <Predicate = (!icmp_ln17 & trunc_ln17 != 0 & trunc_ln17 != 1 & trunc_ln1 == 1)> <Delay = 0.00>
ST_2 : Operation 76 [1/1] (0.00ns)   --->   "%br_ln19 = br void %arrayidx2.exit" [d3.cpp:19]   --->   Operation 76 'br' 'br_ln19' <Predicate = (!icmp_ln17 & trunc_ln17 != 0 & trunc_ln17 != 1 & trunc_ln1 == 1)> <Delay = 0.00>
ST_2 : Operation 77 [1/1] (0.00ns)   --->   "%store_ln19 = store i32 %arg1_r_1_13, i32 %arg1_r_1_8" [d3.cpp:19]   --->   Operation 77 'store' 'store_ln19' <Predicate = (!icmp_ln17 & trunc_ln17 != 0 & trunc_ln17 != 1 & trunc_ln1 == 0)> <Delay = 0.00>
ST_2 : Operation 78 [1/1] (0.00ns)   --->   "%br_ln19 = br void %arrayidx2.exit" [d3.cpp:19]   --->   Operation 78 'br' 'br_ln19' <Predicate = (!icmp_ln17 & trunc_ln17 != 0 & trunc_ln17 != 1 & trunc_ln1 == 0)> <Delay = 0.00>
ST_2 : Operation 79 [1/1] (0.00ns)   --->   "%store_ln19 = store i32 %arg1_r_1_13, i32 %arg1_r_1_11" [d3.cpp:19]   --->   Operation 79 'store' 'store_ln19' <Predicate = (!icmp_ln17 & trunc_ln17 != 0 & trunc_ln17 != 1 & trunc_ln1 == 3)> <Delay = 0.00>
ST_2 : Operation 80 [1/1] (0.00ns)   --->   "%br_ln19 = br void %arrayidx2.exit" [d3.cpp:19]   --->   Operation 80 'br' 'br_ln19' <Predicate = (!icmp_ln17 & trunc_ln17 != 0 & trunc_ln17 != 1 & trunc_ln1 == 3)> <Delay = 0.00>
ST_2 : Operation 81 [1/1] (0.00ns)   --->   "%arg1_r_1_load = load i32 %arg1_r_1"   --->   Operation 81 'load' 'arg1_r_1_load' <Predicate = (icmp_ln17)> <Delay = 0.00>
ST_2 : Operation 82 [1/1] (0.00ns)   --->   "%arg1_r_1_1_load = load i32 %arg1_r_1_1"   --->   Operation 82 'load' 'arg1_r_1_1_load' <Predicate = (icmp_ln17)> <Delay = 0.00>
ST_2 : Operation 83 [1/1] (0.00ns)   --->   "%arg1_r_1_2_load = load i32 %arg1_r_1_2"   --->   Operation 83 'load' 'arg1_r_1_2_load' <Predicate = (icmp_ln17)> <Delay = 0.00>
ST_2 : Operation 84 [1/1] (0.00ns)   --->   "%arg1_r_1_3_load = load i32 %arg1_r_1_3"   --->   Operation 84 'load' 'arg1_r_1_3_load' <Predicate = (icmp_ln17)> <Delay = 0.00>
ST_2 : Operation 85 [1/1] (0.00ns)   --->   "%arg1_r_1_4_load = load i32 %arg1_r_1_4"   --->   Operation 85 'load' 'arg1_r_1_4_load' <Predicate = (icmp_ln17)> <Delay = 0.00>
ST_2 : Operation 86 [1/1] (0.00ns)   --->   "%arg1_r_1_5_load = load i32 %arg1_r_1_5"   --->   Operation 86 'load' 'arg1_r_1_5_load' <Predicate = (icmp_ln17)> <Delay = 0.00>
ST_2 : Operation 87 [1/1] (0.00ns)   --->   "%arg1_r_1_6_load = load i32 %arg1_r_1_6"   --->   Operation 87 'load' 'arg1_r_1_6_load' <Predicate = (icmp_ln17)> <Delay = 0.00>
ST_2 : Operation 88 [1/1] (0.00ns)   --->   "%arg1_r_1_8_load = load i32 %arg1_r_1_8"   --->   Operation 88 'load' 'arg1_r_1_8_load' <Predicate = (icmp_ln17)> <Delay = 0.00>
ST_2 : Operation 89 [1/1] (0.00ns)   --->   "%arg1_r_1_9_load = load i32 %arg1_r_1_9"   --->   Operation 89 'load' 'arg1_r_1_9_load' <Predicate = (icmp_ln17)> <Delay = 0.00>
ST_2 : Operation 90 [1/1] (0.00ns)   --->   "%arg1_r_1_10_load = load i32 %arg1_r_1_10"   --->   Operation 90 'load' 'arg1_r_1_10_load' <Predicate = (icmp_ln17)> <Delay = 0.00>
ST_2 : Operation 91 [1/1] (0.00ns)   --->   "%write_ln0 = write void @_ssdm_op_Write.ap_auto.i31P0A, i31 %arg1_r_2_3_0283_out, i31 %empty_32"   --->   Operation 91 'write' 'write_ln0' <Predicate = (icmp_ln17)> <Delay = 0.00>
ST_2 : Operation 92 [1/1] (0.00ns)   --->   "%write_ln0 = write void @_ssdm_op_Write.ap_auto.i32P0A, i32 %arg1_r_2_2_0282_out, i32 %arg1_r_1_10_load"   --->   Operation 92 'write' 'write_ln0' <Predicate = (icmp_ln17)> <Delay = 0.00>
ST_2 : Operation 93 [1/1] (0.00ns)   --->   "%write_ln0 = write void @_ssdm_op_Write.ap_auto.i32P0A, i32 %arg1_r_2_1_0281_out, i32 %arg1_r_1_9_load"   --->   Operation 93 'write' 'write_ln0' <Predicate = (icmp_ln17)> <Delay = 0.00>
ST_2 : Operation 94 [1/1] (0.00ns)   --->   "%write_ln0 = write void @_ssdm_op_Write.ap_auto.i32P0A, i32 %arg1_r_2_0_0280_out, i32 %arg1_r_1_8_load"   --->   Operation 94 'write' 'write_ln0' <Predicate = (icmp_ln17)> <Delay = 0.00>
ST_2 : Operation 95 [1/1] (0.00ns)   --->   "%write_ln0 = write void @_ssdm_op_Write.ap_auto.i31P0A, i31 %arg1_r_1_3_0279_out, i31 %empty"   --->   Operation 95 'write' 'write_ln0' <Predicate = (icmp_ln17)> <Delay = 0.00>
ST_2 : Operation 96 [1/1] (0.00ns)   --->   "%write_ln0 = write void @_ssdm_op_Write.ap_auto.i32P0A, i32 %arg1_r_1_2_0278_out, i32 %arg1_r_1_6_load"   --->   Operation 96 'write' 'write_ln0' <Predicate = (icmp_ln17)> <Delay = 0.00>
ST_2 : Operation 97 [1/1] (0.00ns)   --->   "%write_ln0 = write void @_ssdm_op_Write.ap_auto.i32P0A, i32 %arg1_r_1_1_0277_out, i32 %arg1_r_1_5_load"   --->   Operation 97 'write' 'write_ln0' <Predicate = (icmp_ln17)> <Delay = 0.00>
ST_2 : Operation 98 [1/1] (0.00ns)   --->   "%write_ln0 = write void @_ssdm_op_Write.ap_auto.i32P0A, i32 %arg1_r_1_0_0276_out, i32 %arg1_r_1_4_load"   --->   Operation 98 'write' 'write_ln0' <Predicate = (icmp_ln17)> <Delay = 0.00>
ST_2 : Operation 99 [1/1] (0.00ns)   --->   "%write_ln0 = write void @_ssdm_op_Write.ap_auto.i32P0A, i32 %arg1_r_3_0275_out, i32 %arg1_r_1_3_load"   --->   Operation 99 'write' 'write_ln0' <Predicate = (icmp_ln17)> <Delay = 0.00>
ST_2 : Operation 100 [1/1] (0.00ns)   --->   "%write_ln0 = write void @_ssdm_op_Write.ap_auto.i32P0A, i32 %arg1_r_226_0274_out, i32 %arg1_r_1_2_load"   --->   Operation 100 'write' 'write_ln0' <Predicate = (icmp_ln17)> <Delay = 0.00>
ST_2 : Operation 101 [1/1] (0.00ns)   --->   "%write_ln0 = write void @_ssdm_op_Write.ap_auto.i32P0A, i32 %arg1_r_125_0273_out, i32 %arg1_r_1_1_load"   --->   Operation 101 'write' 'write_ln0' <Predicate = (icmp_ln17)> <Delay = 0.00>
ST_2 : Operation 102 [1/1] (0.00ns)   --->   "%write_ln0 = write void @_ssdm_op_Write.ap_auto.i32P0A, i32 %arg1_r_0_0272_out, i32 %arg1_r_1_load"   --->   Operation 102 'write' 'write_ln0' <Predicate = (icmp_ln17)> <Delay = 0.00>
ST_2 : Operation 103 [1/1] (0.00ns)   --->   "%ret_ln0 = ret"   --->   Operation 103 'ret' 'ret_ln0' <Predicate = (icmp_ln17)> <Delay = 0.00>


============================================================
+ Verbose Summary: Timing violations
============================================================
Target clock period: 10.000ns, clock uncertainty: 2.700ns.

 <State 1>: 2.412ns
The critical path consists of the following:
	'alloca' operation ('phi_urem23') [15]  (0.000 ns)
	'load' operation ('phi_urem23_load', d3.cpp:17) on local variable 'phi_urem23' [38]  (0.000 ns)
	'add' operation ('add_ln17_2', d3.cpp:17) [102]  (0.797 ns)
	'icmp' operation ('icmp_ln17_1', d3.cpp:17) [103]  (0.797 ns)
	'select' operation ('select_ln17', d3.cpp:17) [104]  (0.391 ns)
	'store' operation ('store_ln17', d3.cpp:17) of variable 'select_ln17', d3.cpp:17 on local variable 'phi_urem23' [107]  (0.427 ns)

 <State 2>: 7.300ns
The critical path consists of the following:
	'getelementptr' operation ('mem_addr', d3.cpp:17) [45]  (0.000 ns)
	bus read operation ('arg1_r[1]', d3.cpp:19) on port 'mem' (d3.cpp:19) [56]  (7.300 ns)
	'store' operation ('store_ln19', d3.cpp:19) of variable 'arg1_r[1]', d3.cpp:19 on local variable 'arg1_r[1]' [65]  (0.000 ns)


============================================================
+ Verbose Summary: Binding
============================================================
N/A
* FSMD analyzer results:
  - Output states:
 - Input state : 
  - Chain level:
	State 1
	State 2


============================================================
+ Verbose Summary: Datapath Resource usage 
============================================================
N/A
