

================================================================
== Vitis HLS Report for 'fiat_25519_carry_mul_Pipeline_VITIS_LOOP_55_5'
================================================================
* Date:           Thu May  9 14:10:00 2024

* Version:        2023.1.1 (Build 3869133 on Jun 15 2023)
* Project:        D2
* Solution:       comb_8 (Vivado IP Flow Target)
* Product family: zynquplus
* Target device:  xczu9eg-ffvb1156-2-e


================================================================
== Performance Estimates
================================================================
+ Timing: 
    * Summary: 
    +--------+----------+----------+------------+
    |  Clock |  Target  | Estimated| Uncertainty|
    +--------+----------+----------+------------+
    |ap_clk  |  10.00 ns|  7.125 ns|     2.70 ns|
    +--------+----------+----------+------------+

+ Latency: 
    * Summary: 
    +---------+---------+-----------+-----------+-----+-----+---------+
    |  Latency (cycles) |   Latency (absolute)  |  Interval | Pipeline|
    |   min   |   max   |    min    |    max    | min | max |   Type  |
    +---------+---------+-----------+-----------+-----+-----+---------+
    |        4|        4|  40.000 ns|  40.000 ns|    4|    4|       no|
    +---------+---------+-----------+-----------+-----+-----+---------+

    + Detail: 
        * Instance: 
        N/A

        * Loop: 
        +-------------------+---------+---------+----------+-----------+-----------+------+----------+
        |                   |  Latency (cycles) | Iteration|  Initiation Interval  | Trip |          |
        |     Loop Name     |   min   |   max   |  Latency |  achieved |   target  | Count| Pipelined|
        +-------------------+---------+---------+----------+-----------+-----------+------+----------+
        |- VITIS_LOOP_55_5  |        2|        2|         2|          1|          1|     2|       yes|
        +-------------------+---------+---------+----------+-----------+-----------+------+----------+



================================================================
== Utilization Estimates
================================================================
* Summary: 
+-----------------+---------+------+--------+--------+-----+
|       Name      | BRAM_18K|  DSP |   FF   |   LUT  | URAM|
+-----------------+---------+------+--------+--------+-----+
|DSP              |        -|     -|       -|       -|    -|
|Expression       |        -|     -|       0|    4745|    -|
|FIFO             |        -|     -|       -|       -|    -|
|Instance         |        -|   160|       0|    1238|    -|
|Memory           |        -|     -|       -|       -|    -|
|Multiplexer      |        -|     -|       -|     126|    -|
|Register         |        -|     -|     709|       -|    -|
+-----------------+---------+------+--------+--------+-----+
|Total            |        0|   160|     709|    6109|    0|
+-----------------+---------+------+--------+--------+-----+
|Available        |     1824|  2520|  548160|  274080|    0|
+-----------------+---------+------+--------+--------+-----+
|Utilization (%)  |        0|     6|      ~0|       2|    0|
+-----------------+---------+------+--------+--------+-----+

+ Detail: 
    * Instance: 
    +---------------------------+----------------------+---------+----+---+----+-----+
    |          Instance         |        Module        | BRAM_18K| DSP| FF| LUT| URAM|
    +---------------------------+----------------------+---------+----+---+----+-----+
    |mul_32ns_32ns_64_1_1_U109  |mul_32ns_32ns_64_1_1  |        0|   4|  0|  20|    0|
    |mul_32ns_32ns_64_1_1_U110  |mul_32ns_32ns_64_1_1  |        0|   4|  0|  20|    0|
    |mul_32ns_32ns_64_1_1_U111  |mul_32ns_32ns_64_1_1  |        0|   4|  0|  20|    0|
    |mul_32ns_32ns_64_1_1_U112  |mul_32ns_32ns_64_1_1  |        0|   4|  0|  20|    0|
    |mul_32ns_32ns_64_1_1_U113  |mul_32ns_32ns_64_1_1  |        0|   4|  0|  20|    0|
    |mul_32ns_32ns_64_1_1_U114  |mul_32ns_32ns_64_1_1  |        0|   4|  0|  20|    0|
    |mul_32ns_32ns_64_1_1_U115  |mul_32ns_32ns_64_1_1  |        0|   4|  0|  20|    0|
    |mul_32ns_32ns_64_1_1_U116  |mul_32ns_32ns_64_1_1  |        0|   4|  0|  20|    0|
    |mul_32ns_32ns_64_1_1_U117  |mul_32ns_32ns_64_1_1  |        0|   4|  0|  20|    0|
    |mul_32ns_32ns_64_1_1_U118  |mul_32ns_32ns_64_1_1  |        0|   4|  0|  20|    0|
    |mul_32ns_32ns_64_1_1_U119  |mul_32ns_32ns_64_1_1  |        0|   4|  0|  20|    0|
    |mul_32ns_32ns_64_1_1_U120  |mul_32ns_32ns_64_1_1  |        0|   4|  0|  20|    0|
    |mul_32ns_32ns_64_1_1_U121  |mul_32ns_32ns_64_1_1  |        0|   4|  0|  20|    0|
    |mul_32ns_32ns_64_1_1_U122  |mul_32ns_32ns_64_1_1  |        0|   4|  0|  20|    0|
    |mul_32ns_32ns_64_1_1_U123  |mul_32ns_32ns_64_1_1  |        0|   4|  0|  20|    0|
    |mul_32ns_32ns_64_1_1_U124  |mul_32ns_32ns_64_1_1  |        0|   4|  0|  20|    0|
    |mul_32ns_32ns_64_1_1_U125  |mul_32ns_32ns_64_1_1  |        0|   4|  0|  20|    0|
    |mul_32ns_32ns_64_1_1_U126  |mul_32ns_32ns_64_1_1  |        0|   4|  0|  20|    0|
    |mul_32ns_32ns_64_1_1_U127  |mul_32ns_32ns_64_1_1  |        0|   4|  0|  20|    0|
    |mul_32ns_32ns_64_1_1_U128  |mul_32ns_32ns_64_1_1  |        0|   4|  0|  20|    0|
    |mul_32ns_32ns_64_1_1_U129  |mul_32ns_32ns_64_1_1  |        0|   4|  0|  20|    0|
    |mul_32ns_32ns_64_1_1_U130  |mul_32ns_32ns_64_1_1  |        0|   4|  0|  20|    0|
    |mul_32ns_32ns_64_1_1_U131  |mul_32ns_32ns_64_1_1  |        0|   4|  0|  20|    0|
    |mul_32ns_32ns_64_1_1_U132  |mul_32ns_32ns_64_1_1  |        0|   4|  0|  20|    0|
    |mul_32ns_32ns_64_1_1_U133  |mul_32ns_32ns_64_1_1  |        0|   4|  0|  20|    0|
    |mul_32ns_32ns_64_1_1_U134  |mul_32ns_32ns_64_1_1  |        0|   4|  0|  20|    0|
    |mul_32ns_32ns_64_1_1_U135  |mul_32ns_32ns_64_1_1  |        0|   4|  0|  20|    0|
    |mul_32ns_32ns_64_1_1_U136  |mul_32ns_32ns_64_1_1  |        0|   4|  0|  20|    0|
    |mul_32ns_32ns_64_1_1_U137  |mul_32ns_32ns_64_1_1  |        0|   4|  0|  20|    0|
    |mul_32ns_32ns_64_1_1_U138  |mul_32ns_32ns_64_1_1  |        0|   4|  0|  20|    0|
    |mul_32ns_32ns_64_1_1_U139  |mul_32ns_32ns_64_1_1  |        0|   4|  0|  20|    0|
    |mul_32ns_32ns_64_1_1_U140  |mul_32ns_32ns_64_1_1  |        0|   4|  0|  20|    0|
    |mul_32ns_32ns_64_1_1_U141  |mul_32ns_32ns_64_1_1  |        0|   4|  0|  20|    0|
    |mul_32ns_32ns_64_1_1_U142  |mul_32ns_32ns_64_1_1  |        0|   4|  0|  20|    0|
    |mul_32ns_32ns_64_1_1_U143  |mul_32ns_32ns_64_1_1  |        0|   4|  0|  20|    0|
    |mul_32ns_32ns_64_1_1_U144  |mul_32ns_32ns_64_1_1  |        0|   4|  0|  20|    0|
    |mul_32ns_32ns_64_1_1_U145  |mul_32ns_32ns_64_1_1  |        0|   4|  0|  20|    0|
    |mul_32ns_32ns_64_1_1_U146  |mul_32ns_32ns_64_1_1  |        0|   4|  0|  20|    0|
    |mul_32ns_32ns_64_1_1_U147  |mul_32ns_32ns_64_1_1  |        0|   4|  0|  20|    0|
    |mul_32ns_32ns_64_1_1_U148  |mul_32ns_32ns_64_1_1  |        0|   4|  0|  20|    0|
    |mux_10_4_32_1_1_x_U150     |mux_10_4_32_1_1_x     |        0|   0|  0|  54|    0|
    |mux_2_1_32_1_1_U162        |mux_2_1_32_1_1        |        0|   0|  0|   9|    0|
    |mux_3_2_32_1_1_U161        |mux_3_2_32_1_1        |        0|   0|  0|  14|    0|
    |mux_4_2_32_1_1_U160        |mux_4_2_32_1_1        |        0|   0|  0|  20|    0|
    |mux_5_3_32_1_1_U159        |mux_5_3_32_1_1        |        0|   0|  0|  26|    0|
    |mux_6_3_32_1_1_U149        |mux_6_3_32_1_1        |        0|   0|  0|  31|    0|
    |mux_6_3_32_1_1_U151        |mux_6_3_32_1_1        |        0|   0|  0|  31|    0|
    |mux_6_3_32_1_1_U153        |mux_6_3_32_1_1        |        0|   0|  0|  31|    0|
    |mux_6_3_32_1_1_U155        |mux_6_3_32_1_1        |        0|   0|  0|  31|    0|
    |mux_6_3_32_1_1_U157        |mux_6_3_32_1_1        |        0|   0|  0|  31|    0|
    |mux_6_3_32_1_1_U158        |mux_6_3_32_1_1        |        0|   0|  0|  31|    0|
    |mux_7_3_32_1_1_U156        |mux_7_3_32_1_1        |        0|   0|  0|  37|    0|
    |mux_8_3_32_1_1_U154        |mux_8_3_32_1_1        |        0|   0|  0|  43|    0|
    |mux_9_4_32_1_1_x_U152      |mux_9_4_32_1_1_x      |        0|   0|  0|  49|    0|
    +---------------------------+----------------------+---------+----+---+----+-----+
    |Total                      |                      |        0| 160|  0|1238|    0|
    +---------------------------+----------------------+---------+----+---+----+-----+

    * DSP: 
    N/A

    * Memory: 
    N/A

    * FIFO: 
    N/A

    * Expression: 
    +---------------------------+----------+----+---+----+------------+------------+
    |       Variable Name       | Operation| DSP| FF| LUT| Bitwidth P0| Bitwidth P1|
    +---------------------------+----------+----+---+----+------------+------------+
    |add_ln68_10_fu_1288_p2     |         +|   0|  0|  71|          64|          64|
    |add_ln68_11_fu_1294_p2     |         +|   0|  0|  64|          64|          64|
    |add_ln68_12_fu_1300_p2     |         +|   0|  0|  64|          64|          64|
    |add_ln68_13_fu_1306_p2     |         +|   0|  0|  64|          64|          64|
    |add_ln68_14_fu_1312_p2     |         +|   0|  0|  64|          64|          64|
    |add_ln68_15_fu_1401_p2     |         +|   0|  0|  71|          64|          64|
    |add_ln68_16_fu_1407_p2     |         +|   0|  0|  64|          64|          64|
    |add_ln68_17_fu_1413_p2     |         +|   0|  0|  64|          64|          64|
    |add_ln68_18_fu_1419_p2     |         +|   0|  0|  64|          64|          64|
    |add_ln68_19_fu_1425_p2     |         +|   0|  0|  64|          64|          64|
    |add_ln68_1_fu_1060_p2      |         +|   0|  0|  64|          64|          64|
    |add_ln68_20_fu_1483_p2     |         +|   0|  0|  71|          64|          64|
    |add_ln68_21_fu_1489_p2     |         +|   0|  0|  64|          64|          64|
    |add_ln68_22_fu_1495_p2     |         +|   0|  0|  64|          64|          64|
    |add_ln68_23_fu_1501_p2     |         +|   0|  0|  64|          64|          64|
    |add_ln68_24_fu_1507_p2     |         +|   0|  0|  64|          64|          64|
    |add_ln68_25_fu_1598_p2     |         +|   0|  0|  71|          64|          64|
    |add_ln68_26_fu_1604_p2     |         +|   0|  0|  64|          64|          64|
    |add_ln68_27_fu_1610_p2     |         +|   0|  0|  64|          64|          64|
    |add_ln68_28_fu_1616_p2     |         +|   0|  0|  64|          64|          64|
    |add_ln68_29_fu_1622_p2     |         +|   0|  0|  64|          64|          64|
    |add_ln68_2_fu_1066_p2      |         +|   0|  0|  64|          64|          64|
    |add_ln68_30_fu_1652_p2     |         +|   0|  0|  71|          64|          64|
    |add_ln68_31_fu_1658_p2     |         +|   0|  0|  71|          64|          64|
    |add_ln68_32_fu_1664_p2     |         +|   0|  0|  64|          64|          64|
    |add_ln68_33_fu_1670_p2     |         +|   0|  0|  64|          64|          64|
    |add_ln68_34_fu_1694_p2     |         +|   0|  0|  71|          64|          64|
    |add_ln68_35_fu_1700_p2     |         +|   0|  0|  64|          64|          64|
    |add_ln68_36_fu_1706_p2     |         +|   0|  0|  64|          64|          64|
    |add_ln68_37_fu_1724_p2     |         +|   0|  0|  64|          64|          64|
    |add_ln68_38_fu_1730_p2     |         +|   0|  0|  64|          64|          64|
    |add_ln68_39_fu_1742_p2     |         +|   0|  0|  71|          64|          64|
    |add_ln68_3_fu_1072_p2      |         +|   0|  0|  64|          64|          64|
    |add_ln68_4_fu_1078_p2      |         +|   0|  0|  64|          64|          64|
    |add_ln68_5_fu_1211_p2      |         +|   0|  0|  71|          64|          64|
    |add_ln68_6_fu_1217_p2      |         +|   0|  0|  64|          64|          64|
    |add_ln68_7_fu_1223_p2      |         +|   0|  0|  64|          64|          64|
    |add_ln68_8_fu_1229_p2      |         +|   0|  0|  64|          64|          64|
    |add_ln68_9_fu_1235_p2      |         +|   0|  0|  64|          64|          64|
    |add_ln68_fu_1054_p2        |         +|   0|  0|  71|          64|          64|
    |empty_23_fu_752_p2         |         +|   0|  0|  12|           5|           3|
    |empty_24_fu_770_p2         |         +|   0|  0|  12|           5|           4|
    |empty_25_fu_782_p2         |         +|   0|  0|  12|           5|           4|
    |empty_fu_740_p2            |         +|   0|  0|  12|           4|           3|
    |i1_2_fu_722_p2             |         +|   0|  0|  12|           4|           3|
    |sub_ln68_1_fu_704_p2       |         -|   0|  0|  12|           5|           4|
    |sub_ln68_2_fu_710_p2       |         -|   0|  0|  10|           3|           3|
    |sub_ln68_3_fu_716_p2       |         -|   0|  0|  10|           3|           3|
    |sub_ln68_4_fu_734_p2       |         -|   0|  0|  12|           4|           3|
    |sub_ln68_5_fu_764_p2       |         -|   0|  0|  10|           3|           2|
    |sub_ln68_fu_698_p2         |         -|   0|  0|  12|           4|           4|
    |and_ln67_1_fu_1318_p2      |       and|   0|  0|   2|           1|           1|
    |and_ln67_2_fu_1343_p2      |       and|   0|  0|   2|           1|           1|
    |and_ln67_3_fu_1513_p2      |       and|   0|  0|   2|           1|           1|
    |and_ln67_4_fu_1538_p2      |       and|   0|  0|   2|           1|           1|
    |and_ln67_fu_1163_p2        |       and|   0|  0|   2|           1|           1|
    |and_ln68_10_fu_1561_p2     |       and|   0|  0|  64|          64|          64|
    |and_ln68_11_fu_1567_p2     |       and|   0|  0|  64|          64|          64|
    |and_ln68_12_fu_1573_p2     |       and|   0|  0|  64|          64|          64|
    |and_ln68_13_fu_1586_p2     |       and|   0|  0|  64|          64|          64|
    |and_ln68_14_fu_1592_p2     |       and|   0|  0|  64|          64|          64|
    |and_ln68_15_fu_1628_p2     |       and|   0|  0|  64|          64|          64|
    |and_ln68_16_fu_1634_p2     |       and|   0|  0|  64|          64|          64|
    |and_ln68_17_fu_1640_p2     |       and|   0|  0|  64|          64|          64|
    |and_ln68_18_fu_1646_p2     |       and|   0|  0|  64|          64|          64|
    |and_ln68_19_fu_1676_p2     |       and|   0|  0|  64|          64|          64|
    |and_ln68_1_fu_1276_p2      |       and|   0|  0|  64|          64|          64|
    |and_ln68_20_fu_1682_p2     |       and|   0|  0|  64|          64|          64|
    |and_ln68_21_fu_1688_p2     |       and|   0|  0|  64|          64|          64|
    |and_ln68_22_fu_1712_p2     |       and|   0|  0|  64|          64|          64|
    |and_ln68_23_fu_1718_p2     |       and|   0|  0|  64|          64|          64|
    |and_ln68_24_fu_1736_p2     |       and|   0|  0|  64|          64|          64|
    |and_ln68_2_fu_1282_p2      |       and|   0|  0|  64|          64|          64|
    |and_ln68_3_fu_1376_p2      |       and|   0|  0|  64|          64|          64|
    |and_ln68_4_fu_1389_p2      |       and|   0|  0|  64|          64|          64|
    |and_ln68_5_fu_1395_p2      |       and|   0|  0|  64|          64|          64|
    |and_ln68_6_fu_1452_p2      |       and|   0|  0|  64|          64|          64|
    |and_ln68_7_fu_1458_p2      |       and|   0|  0|  64|          64|          64|
    |and_ln68_8_fu_1471_p2      |       and|   0|  0|  64|          64|          64|
    |and_ln68_9_fu_1477_p2      |       and|   0|  0|  64|          64|          64|
    |and_ln68_fu_1205_p2        |       and|   0|  0|  64|          64|          64|
    |icmp_ln67_1_fu_728_p2      |      icmp|   0|  0|  12|           4|           4|
    |icmp_ln67_2_fu_758_p2      |      icmp|   0|  0|  12|           5|           4|
    |icmp_ln67_3_fu_788_p2      |      icmp|   0|  0|  12|           5|           4|
    |icmp_ln67_fu_676_p2        |      icmp|   0|  0|  12|           4|           4|
    |icmp_ln68_1_fu_776_p2      |      icmp|   0|  0|  12|           5|           4|
    |icmp_ln68_fu_746_p2        |      icmp|   0|  0|  12|           4|           4|
    |select_ln68_10_fu_1269_p3  |    select|   0|  0|   2|           1|           2|
    |select_ln68_11_fu_1382_p3  |    select|   0|  0|   2|           1|           2|
    |select_ln68_12_fu_1464_p3  |    select|   0|  0|   2|           1|           2|
    |select_ln68_13_fu_1579_p3  |    select|   0|  0|   2|           1|           2|
    |select_ln68_1_fu_1113_p3   |    select|   0|  0|  32|           1|          32|
    |select_ln68_2_fu_1131_p3   |    select|   0|  0|  32|           1|          32|
    |select_ln68_3_fu_1150_p3   |    select|   0|  0|  32|           1|          32|
    |select_ln68_4_fu_1183_p3   |    select|   0|  0|  32|           1|          32|
    |select_ln68_5_fu_1329_p3   |    select|   0|  0|  32|           1|          32|
    |select_ln68_6_fu_1361_p3   |    select|   0|  0|  32|           1|          32|
    |select_ln68_7_fu_1524_p3   |    select|   0|  0|  32|           1|          32|
    |select_ln68_8_fu_1547_p3   |    select|   0|  0|  32|           1|          32|
    |select_ln68_9_fu_1198_p3   |    select|   0|  0|   2|           1|           2|
    |select_ln68_fu_1090_p3     |    select|   0|  0|  32|           1|          32|
    |ap_enable_pp0              |       xor|   0|  0|   2|           1|           2|
    |cmp95_1_1_fu_1102_p2       |       xor|   0|  0|   2|           1|           2|
    |tmp_11_fu_1252_p5          |       xor|   0|  0|   2|           2|           2|
    |tmp_5_fu_952_p9            |       xor|   0|  0|   3|           3|           2|
    +---------------------------+----------+----+---+----+------------+------------+
    |Total                      |          |   0|  0|4745|        4258|        4531|
    +---------------------------+----------+----+---+----+------------+------------+

    * Multiplexer: 
    +-------------------------+----+-----------+-----+-----------+
    |           Name          | LUT| Input Size| Bits| Total Bits|
    +-------------------------+----+-----------+-----+-----------+
    |add129150_fu_160         |   9|          2|   64|        128|
    |add129_1151_fu_164       |   9|          2|   64|        128|
    |add129_2152_fu_168       |   9|          2|   64|        128|
    |add129_3153_fu_172       |   9|          2|   64|        128|
    |add129_4154_fu_176       |   9|          2|   64|        128|
    |add129_5155_fu_180       |   9|          2|   64|        128|
    |add129_6156_fu_184       |   9|          2|   64|        128|
    |add129_7157_fu_188       |   9|          2|   64|        128|
    |add129_8158_fu_192       |   9|          2|   64|        128|
    |add129_9159_fu_196       |   9|          2|   64|        128|
    |ap_done_int              |   9|          2|    1|          2|
    |ap_enable_reg_pp0_iter1  |   9|          2|    1|          2|
    |ap_sig_allocacmp_i1_1    |   9|          2|    4|          8|
    |i1_fu_200                |   9|          2|    4|          8|
    +-------------------------+----+-----------+-----+-----------+
    |Total                    | 126|         28|  650|       1300|
    +-------------------------+----+-----------+-----+-----------+

    * Register: 
    +----------------------------+----+----+-----+-----------+
    |            Name            | FF | LUT| Bits| Const Bits|
    +----------------------------+----+----+-----+-----------+
    |add129150_fu_160            |  64|   0|   64|          0|
    |add129_1151_fu_164          |  64|   0|   64|          0|
    |add129_2152_fu_168          |  64|   0|   64|          0|
    |add129_3153_fu_172          |  64|   0|   64|          0|
    |add129_4154_fu_176          |  64|   0|   64|          0|
    |add129_5155_fu_180          |  64|   0|   64|          0|
    |add129_6156_fu_184          |  64|   0|   64|          0|
    |add129_7157_fu_188          |  64|   0|   64|          0|
    |add129_8158_fu_192          |  64|   0|   64|          0|
    |add129_9159_fu_196          |  64|   0|   64|          0|
    |ap_CS_fsm                   |   1|   0|    1|          0|
    |ap_done_reg                 |   1|   0|    1|          0|
    |ap_enable_reg_pp0_iter1     |   1|   0|    1|          0|
    |i1_fu_200                   |   4|   0|    4|          0|
    |icmp_ln67_1_reg_2137        |   1|   0|    1|          0|
    |icmp_ln67_2_reg_2154        |   1|   0|    1|          0|
    |icmp_ln67_3_reg_2171        |   1|   0|    1|          0|
    |icmp_ln68_1_reg_2165        |   1|   0|    1|          0|
    |icmp_ln68_reg_2148          |   1|   0|    1|          0|
    |sub_ln68_1_reg_2122         |   4|   0|    4|          0|
    |sub_ln68_2_reg_2127         |   3|   0|    3|          0|
    |sub_ln68_3_reg_2132         |   3|   0|    3|          0|
    |sub_ln68_4_reg_2143         |   3|   0|    3|          0|
    |sub_ln68_5_reg_2160         |   2|   0|    2|          0|
    |sub_ln68_reg_2117           |   4|   0|    4|          0|
    |trunc_ln55_1_reg_2107       |   3|   0|    3|          0|
    |trunc_ln55_reg_2102         |   2|   0|    2|          0|
    |trunc_ln67_reg_2090         |   1|   0|    1|          0|
    |zext_ln68_23_cast_reg_2081  |  32|   0|   64|         32|
    +----------------------------+----+----+-----+-----------+
    |Total                       | 709|   0|  741|         32|
    +----------------------------+----+----+-----+-----------+



================================================================
== Interface
================================================================
* Summary: 
+------------------------+-----+-----+------------+-----------------------------------------------+--------------+
|        RTL Ports       | Dir | Bits|  Protocol  |                 Source Object                 |    C Type    |
+------------------------+-----+-----+------------+-----------------------------------------------+--------------+
|ap_clk                  |   in|    1|  ap_ctrl_hs|  fiat_25519_carry_mul_Pipeline_VITIS_LOOP_55_5|  return value|
|ap_rst                  |   in|    1|  ap_ctrl_hs|  fiat_25519_carry_mul_Pipeline_VITIS_LOOP_55_5|  return value|
|ap_start                |   in|    1|  ap_ctrl_hs|  fiat_25519_carry_mul_Pipeline_VITIS_LOOP_55_5|  return value|
|ap_done                 |  out|    1|  ap_ctrl_hs|  fiat_25519_carry_mul_Pipeline_VITIS_LOOP_55_5|  return value|
|ap_idle                 |  out|    1|  ap_ctrl_hs|  fiat_25519_carry_mul_Pipeline_VITIS_LOOP_55_5|  return value|
|ap_ready                |  out|    1|  ap_ctrl_hs|  fiat_25519_carry_mul_Pipeline_VITIS_LOOP_55_5|  return value|
|add59_9169_reload       |   in|   64|     ap_none|                              add59_9169_reload|        scalar|
|add59_8168_reload       |   in|   64|     ap_none|                              add59_8168_reload|        scalar|
|add59_7167_reload       |   in|   64|     ap_none|                              add59_7167_reload|        scalar|
|add59_6166_reload       |   in|   64|     ap_none|                              add59_6166_reload|        scalar|
|add59_5165_reload       |   in|   64|     ap_none|                              add59_5165_reload|        scalar|
|add59_4164_reload       |   in|   64|     ap_none|                              add59_4164_reload|        scalar|
|add59_3163_reload       |   in|   64|     ap_none|                              add59_3163_reload|        scalar|
|add59_2162_reload       |   in|   64|     ap_none|                              add59_2162_reload|        scalar|
|add59_1161_reload       |   in|   64|     ap_none|                              add59_1161_reload|        scalar|
|arg1_r_reload           |   in|   32|     ap_none|                                  arg1_r_reload|        scalar|
|arg1_r_1_reload         |   in|   32|     ap_none|                                arg1_r_1_reload|        scalar|
|arg1_r_2_reload         |   in|   32|     ap_none|                                arg1_r_2_reload|        scalar|
|arg1_r_3_reload         |   in|   32|     ap_none|                                arg1_r_3_reload|        scalar|
|arg1_r_4_reload         |   in|   32|     ap_none|                                arg1_r_4_reload|        scalar|
|arg1_r_5_reload         |   in|   32|     ap_none|                                arg1_r_5_reload|        scalar|
|arg2_r_4_reload         |   in|   32|     ap_none|                                arg2_r_4_reload|        scalar|
|arg2_r_5_reload         |   in|   32|     ap_none|                                arg2_r_5_reload|        scalar|
|arg2_r_6_reload         |   in|   32|     ap_none|                                arg2_r_6_reload|        scalar|
|arg2_r_7_reload         |   in|   32|     ap_none|                                arg2_r_7_reload|        scalar|
|arg2_r_8_reload         |   in|   32|     ap_none|                                arg2_r_8_reload|        scalar|
|arg2_r_9_reload         |   in|   32|     ap_none|                                arg2_r_9_reload|        scalar|
|arg1_r_6_reload         |   in|   32|     ap_none|                                arg1_r_6_reload|        scalar|
|arg2_r_3_reload         |   in|   32|     ap_none|                                arg2_r_3_reload|        scalar|
|arg1_r_7_reload         |   in|   32|     ap_none|                                arg1_r_7_reload|        scalar|
|arg2_r_2_reload         |   in|   32|     ap_none|                                arg2_r_2_reload|        scalar|
|arg1_r_8_reload         |   in|   32|     ap_none|                                arg1_r_8_reload|        scalar|
|arg2_r_1_reload         |   in|   32|     ap_none|                                arg2_r_1_reload|        scalar|
|arg1_r_9_reload         |   in|   32|     ap_none|                                arg1_r_9_reload|        scalar|
|arg2_r_reload           |   in|   32|     ap_none|                                  arg2_r_reload|        scalar|
|zext_ln68_23            |   in|   32|     ap_none|                                   zext_ln68_23|        scalar|
|add129_9159_out         |  out|   64|      ap_vld|                                add129_9159_out|       pointer|
|add129_9159_out_ap_vld  |  out|    1|      ap_vld|                                add129_9159_out|       pointer|
|add129_8158_out         |  out|   64|      ap_vld|                                add129_8158_out|       pointer|
|add129_8158_out_ap_vld  |  out|    1|      ap_vld|                                add129_8158_out|       pointer|
|add129_7157_out         |  out|   64|      ap_vld|                                add129_7157_out|       pointer|
|add129_7157_out_ap_vld  |  out|    1|      ap_vld|                                add129_7157_out|       pointer|
|add129_6156_out         |  out|   64|      ap_vld|                                add129_6156_out|       pointer|
|add129_6156_out_ap_vld  |  out|    1|      ap_vld|                                add129_6156_out|       pointer|
|add129_5155_out         |  out|   64|      ap_vld|                                add129_5155_out|       pointer|
|add129_5155_out_ap_vld  |  out|    1|      ap_vld|                                add129_5155_out|       pointer|
|add129_4154_out         |  out|   64|      ap_vld|                                add129_4154_out|       pointer|
|add129_4154_out_ap_vld  |  out|    1|      ap_vld|                                add129_4154_out|       pointer|
|add129_3153_out         |  out|   64|      ap_vld|                                add129_3153_out|       pointer|
|add129_3153_out_ap_vld  |  out|    1|      ap_vld|                                add129_3153_out|       pointer|
|add129_2152_out         |  out|   64|      ap_vld|                                add129_2152_out|       pointer|
|add129_2152_out_ap_vld  |  out|    1|      ap_vld|                                add129_2152_out|       pointer|
|add129_1151_out         |  out|   64|      ap_vld|                                add129_1151_out|       pointer|
|add129_1151_out_ap_vld  |  out|    1|      ap_vld|                                add129_1151_out|       pointer|
|add129150_out           |  out|   64|      ap_vld|                                  add129150_out|       pointer|
|add129150_out_ap_vld    |  out|    1|      ap_vld|                                  add129150_out|       pointer|
+------------------------+-----+-----+------------+-----------------------------------------------+--------------+

