

================================================================
== Vitis HLS Report for 'fiat_25519_carry_mul_Pipeline_VITIS_LOOP_35_1'
================================================================
* Date:           Thu May  9 14:11:20 2024

* Version:        2023.1.1 (Build 3869133 on Jun 15 2023)
* Project:        D1
* Solution:       comb_14 (Vivado IP Flow Target)
* Product family: zynquplus
* Target device:  xczu9eg-ffvb1156-2-e


================================================================
== Performance Estimates
================================================================
+ Timing: 
    * Summary: 
    +--------+----------+----------+------------+
    |  Clock |  Target  | Estimated| Uncertainty|
    +--------+----------+----------+------------+
    |ap_clk  |  10.00 ns|  6.483 ns|     2.70 ns|
    +--------+----------+----------+------------+

+ Latency: 
    * Summary: 
    +---------+---------+----------+----------+-----+-----+---------+
    |  Latency (cycles) |  Latency (absolute) |  Interval | Pipeline|
    |   min   |   max   |    min   |    max   | min | max |   Type  |
    +---------+---------+----------+----------+-----+-----+---------+
    |       12|       12|  0.120 us|  0.120 us|   12|   12|       no|
    +---------+---------+----------+----------+-----+-----+---------+

    + Detail: 
        * Instance: 
        N/A

        * Loop: 
        +-------------------+---------+---------+----------+-----------+-----------+------+----------+
        |                   |  Latency (cycles) | Iteration|  Initiation Interval  | Trip |          |
        |     Loop Name     |   min   |   max   |  Latency |  achieved |   target  | Count| Pipelined|
        +-------------------+---------+---------+----------+-----------+-----------+------+----------+
        |- VITIS_LOOP_35_1  |       10|       10|         2|          1|          1|    10|       yes|
        +-------------------+---------+---------+----------+-----------+-----------+------+----------+

============================================================
+ Verbose Summary: Synthesis Manager
============================================================
InlineROM: 1
ExposeGlobal: 0
============================================================
+ Verbose Summary: CDFG Model
============================================================
IsTopModel: 0
ResetActiveHigh: 1
IsCombinational: 0
IsDatapathOnly: 0
HasWiredReturn: 1
HasMFsm: 2
HasVarLatency: 1
IsPipeline: 0
IsRtlPipelined: 0
IsInstanceOverlapped: 0
IsDontTouch: 0
HasImplIP: 0
IsGatedGlobalClock: 0

+ Individual pipeline summary: 
  * Pipeline-0: initiation interval (II) = 1, depth = 3


============================================================
+ Verbose Summary: Schedule
============================================================
* Number of FSM states : 3
* Pipeline : 1
  Pipeline-0 : II = 1, D = 3, States = { 1 2 3 }
* Dataflow Pipeline: 0

* FSM state transitions: 
1 --> 2 
2 --> 3 
3 --> 

* FSM state operations: 

State 1 <SV = 0> <Delay = 0.42>
ST_1 : Operation 5 [1/1] (0.00ns)   --->   "%add7111 = alloca i32 1"   --->   Operation 5 'alloca' 'add7111' <Predicate = true> <Delay = 0.00>
ST_1 : Operation 6 [1/1] (0.00ns)   --->   "%empty = alloca i32 1"   --->   Operation 6 'alloca' 'empty' <Predicate = true> <Delay = 0.00>
ST_1 : Operation 7 [1/1] (0.00ns)   --->   "%empty_22 = alloca i32 1"   --->   Operation 7 'alloca' 'empty_22' <Predicate = true> <Delay = 0.00>
ST_1 : Operation 8 [1/1] (0.00ns)   --->   "%empty_23 = alloca i32 1"   --->   Operation 8 'alloca' 'empty_23' <Predicate = true> <Delay = 0.00>
ST_1 : Operation 9 [1/1] (0.00ns)   --->   "%empty_24 = alloca i32 1"   --->   Operation 9 'alloca' 'empty_24' <Predicate = true> <Delay = 0.00>
ST_1 : Operation 10 [1/1] (0.00ns)   --->   "%empty_25 = alloca i32 1"   --->   Operation 10 'alloca' 'empty_25' <Predicate = true> <Delay = 0.00>
ST_1 : Operation 11 [1/1] (0.00ns)   --->   "%empty_26 = alloca i32 1"   --->   Operation 11 'alloca' 'empty_26' <Predicate = true> <Delay = 0.00>
ST_1 : Operation 12 [1/1] (0.00ns)   --->   "%empty_27 = alloca i32 1"   --->   Operation 12 'alloca' 'empty_27' <Predicate = true> <Delay = 0.00>
ST_1 : Operation 13 [1/1] (0.00ns)   --->   "%empty_28 = alloca i32 1"   --->   Operation 13 'alloca' 'empty_28' <Predicate = true> <Delay = 0.00>
ST_1 : Operation 14 [1/1] (0.00ns)   --->   "%empty_29 = alloca i32 1"   --->   Operation 14 'alloca' 'empty_29' <Predicate = true> <Delay = 0.00>
ST_1 : Operation 15 [1/1] (0.00ns)   --->   "%i1 = alloca i32 1"   --->   Operation 15 'alloca' 'i1' <Predicate = true> <Delay = 0.00>
ST_1 : Operation 16 [1/1] (0.00ns)   --->   "%arg2_r_9_reload_read = read i32 @_ssdm_op_Read.ap_auto.i32, i32 %arg2_r_9_reload"   --->   Operation 16 'read' 'arg2_r_9_reload_read' <Predicate = true> <Delay = 0.00>
ST_1 : Operation 17 [1/1] (0.00ns)   --->   "%arg2_r_8_reload_read = read i32 @_ssdm_op_Read.ap_auto.i32, i32 %arg2_r_8_reload"   --->   Operation 17 'read' 'arg2_r_8_reload_read' <Predicate = true> <Delay = 0.00>
ST_1 : Operation 18 [1/1] (0.00ns)   --->   "%arg2_r_7_reload_read = read i32 @_ssdm_op_Read.ap_auto.i32, i32 %arg2_r_7_reload"   --->   Operation 18 'read' 'arg2_r_7_reload_read' <Predicate = true> <Delay = 0.00>
ST_1 : Operation 19 [1/1] (0.00ns)   --->   "%arg2_r_6_reload_read = read i32 @_ssdm_op_Read.ap_auto.i32, i32 %arg2_r_6_reload"   --->   Operation 19 'read' 'arg2_r_6_reload_read' <Predicate = true> <Delay = 0.00>
ST_1 : Operation 20 [1/1] (0.00ns)   --->   "%arg2_r_5_reload_read = read i32 @_ssdm_op_Read.ap_auto.i32, i32 %arg2_r_5_reload"   --->   Operation 20 'read' 'arg2_r_5_reload_read' <Predicate = true> <Delay = 0.00>
ST_1 : Operation 21 [1/1] (0.00ns)   --->   "%arg2_r_4_reload_read = read i32 @_ssdm_op_Read.ap_auto.i32, i32 %arg2_r_4_reload"   --->   Operation 21 'read' 'arg2_r_4_reload_read' <Predicate = true> <Delay = 0.00>
ST_1 : Operation 22 [1/1] (0.00ns)   --->   "%arg2_r_3_reload_read = read i32 @_ssdm_op_Read.ap_auto.i32, i32 %arg2_r_3_reload"   --->   Operation 22 'read' 'arg2_r_3_reload_read' <Predicate = true> <Delay = 0.00>
ST_1 : Operation 23 [1/1] (0.00ns)   --->   "%arg2_r_2_reload_read = read i32 @_ssdm_op_Read.ap_auto.i32, i32 %arg2_r_2_reload"   --->   Operation 23 'read' 'arg2_r_2_reload_read' <Predicate = true> <Delay = 0.00>
ST_1 : Operation 24 [1/1] (0.00ns)   --->   "%arg2_r_1_reload_read = read i32 @_ssdm_op_Read.ap_auto.i32, i32 %arg2_r_1_reload"   --->   Operation 24 'read' 'arg2_r_1_reload_read' <Predicate = true> <Delay = 0.00>
ST_1 : Operation 25 [1/1] (0.00ns)   --->   "%arg2_r_reload_read = read i32 @_ssdm_op_Read.ap_auto.i32, i32 %arg2_r_reload"   --->   Operation 25 'read' 'arg2_r_reload_read' <Predicate = true> <Delay = 0.00>
ST_1 : Operation 26 [1/1] (0.00ns)   --->   "%arg1_r_9_reload_read = read i32 @_ssdm_op_Read.ap_auto.i32, i32 %arg1_r_9_reload"   --->   Operation 26 'read' 'arg1_r_9_reload_read' <Predicate = true> <Delay = 0.00>
ST_1 : Operation 27 [1/1] (0.00ns)   --->   "%arg1_r_8_reload_read = read i32 @_ssdm_op_Read.ap_auto.i32, i32 %arg1_r_8_reload"   --->   Operation 27 'read' 'arg1_r_8_reload_read' <Predicate = true> <Delay = 0.00>
ST_1 : Operation 28 [1/1] (0.00ns)   --->   "%arg1_r_7_reload_read = read i32 @_ssdm_op_Read.ap_auto.i32, i32 %arg1_r_7_reload"   --->   Operation 28 'read' 'arg1_r_7_reload_read' <Predicate = true> <Delay = 0.00>
ST_1 : Operation 29 [1/1] (0.00ns)   --->   "%arg1_r_6_reload_read = read i32 @_ssdm_op_Read.ap_auto.i32, i32 %arg1_r_6_reload"   --->   Operation 29 'read' 'arg1_r_6_reload_read' <Predicate = true> <Delay = 0.00>
ST_1 : Operation 30 [1/1] (0.00ns)   --->   "%arg1_r_5_reload_read = read i32 @_ssdm_op_Read.ap_auto.i32, i32 %arg1_r_5_reload"   --->   Operation 30 'read' 'arg1_r_5_reload_read' <Predicate = true> <Delay = 0.00>
ST_1 : Operation 31 [1/1] (0.00ns)   --->   "%arg1_r_4_reload_read = read i32 @_ssdm_op_Read.ap_auto.i32, i32 %arg1_r_4_reload"   --->   Operation 31 'read' 'arg1_r_4_reload_read' <Predicate = true> <Delay = 0.00>
ST_1 : Operation 32 [1/1] (0.00ns)   --->   "%arg1_r_3_reload_read = read i32 @_ssdm_op_Read.ap_auto.i32, i32 %arg1_r_3_reload"   --->   Operation 32 'read' 'arg1_r_3_reload_read' <Predicate = true> <Delay = 0.00>
ST_1 : Operation 33 [1/1] (0.00ns)   --->   "%arg1_r_2_reload_read = read i32 @_ssdm_op_Read.ap_auto.i32, i32 %arg1_r_2_reload"   --->   Operation 33 'read' 'arg1_r_2_reload_read' <Predicate = true> <Delay = 0.00>
ST_1 : Operation 34 [1/1] (0.00ns)   --->   "%arg1_r_1_reload_read = read i32 @_ssdm_op_Read.ap_auto.i32, i32 %arg1_r_1_reload"   --->   Operation 34 'read' 'arg1_r_1_reload_read' <Predicate = true> <Delay = 0.00>
ST_1 : Operation 35 [1/1] (0.00ns)   --->   "%arg1_r_reload_read = read i32 @_ssdm_op_Read.ap_auto.i32, i32 %arg1_r_reload"   --->   Operation 35 'read' 'arg1_r_reload_read' <Predicate = true> <Delay = 0.00>
ST_1 : Operation 36 [1/1] (0.42ns)   --->   "%store_ln0 = store i4 0, i4 %i1"   --->   Operation 36 'store' 'store_ln0' <Predicate = true> <Delay = 0.42>
ST_1 : Operation 37 [1/1] (0.42ns)   --->   "%store_ln0 = store i64 0, i64 %empty_29"   --->   Operation 37 'store' 'store_ln0' <Predicate = true> <Delay = 0.42>
ST_1 : Operation 38 [1/1] (0.42ns)   --->   "%store_ln0 = store i64 0, i64 %empty_28"   --->   Operation 38 'store' 'store_ln0' <Predicate = true> <Delay = 0.42>
ST_1 : Operation 39 [1/1] (0.42ns)   --->   "%store_ln0 = store i64 0, i64 %empty_27"   --->   Operation 39 'store' 'store_ln0' <Predicate = true> <Delay = 0.42>
ST_1 : Operation 40 [1/1] (0.42ns)   --->   "%store_ln0 = store i64 0, i64 %empty_26"   --->   Operation 40 'store' 'store_ln0' <Predicate = true> <Delay = 0.42>
ST_1 : Operation 41 [1/1] (0.42ns)   --->   "%store_ln0 = store i64 0, i64 %empty_25"   --->   Operation 41 'store' 'store_ln0' <Predicate = true> <Delay = 0.42>
ST_1 : Operation 42 [1/1] (0.42ns)   --->   "%store_ln0 = store i64 0, i64 %empty_24"   --->   Operation 42 'store' 'store_ln0' <Predicate = true> <Delay = 0.42>
ST_1 : Operation 43 [1/1] (0.42ns)   --->   "%store_ln0 = store i64 0, i64 %empty_23"   --->   Operation 43 'store' 'store_ln0' <Predicate = true> <Delay = 0.42>
ST_1 : Operation 44 [1/1] (0.42ns)   --->   "%store_ln0 = store i64 0, i64 %empty_22"   --->   Operation 44 'store' 'store_ln0' <Predicate = true> <Delay = 0.42>
ST_1 : Operation 45 [1/1] (0.42ns)   --->   "%store_ln0 = store i64 0, i64 %empty"   --->   Operation 45 'store' 'store_ln0' <Predicate = true> <Delay = 0.42>
ST_1 : Operation 46 [1/1] (0.42ns)   --->   "%store_ln0 = store i64 0, i64 %add7111"   --->   Operation 46 'store' 'store_ln0' <Predicate = true> <Delay = 0.42>
ST_1 : Operation 47 [1/1] (0.00ns)   --->   "%br_ln0 = br void %for.body31"   --->   Operation 47 'br' 'br_ln0' <Predicate = true> <Delay = 0.00>

State 2 <SV = 1> <Delay = 6.48>
ST_2 : Operation 48 [1/1] (0.00ns)   --->   "%i1_1 = load i4 %i1"   --->   Operation 48 'load' 'i1_1' <Predicate = true> <Delay = 0.00>
ST_2 : Operation 49 [1/1] (0.79ns)   --->   "%icmp_ln35 = icmp_eq  i4 %i1_1, i4 10" [d1.cpp:35]   --->   Operation 49 'icmp' 'icmp_ln35' <Predicate = true> <Delay = 0.79> <CoreInst = "Cmp">   --->   Core 9 'Cmp' <Latency = 0> <II = 1> <Delay = 0.79> <FuncUnit> <Opcode : 'icmp'> <InPorts = 2> <OutPorts = 1>
ST_2 : Operation 50 [1/1] (0.79ns)   --->   "%add_ln49 = add i4 %i1_1, i4 1" [d1.cpp:49]   --->   Operation 50 'add' 'add_ln49' <Predicate = true> <Delay = 0.79> <CoreInst = "Adder">   --->   Core 1 'Adder' <Latency = 0> <II = 1> <Delay = 0.79> <FuncUnit> <Opcode : 'add' 'sub'> <InPorts = 2> <OutPorts = 1>
ST_2 : Operation 51 [1/1] (0.00ns)   --->   "%br_ln35 = br i1 %icmp_ln35, void %for.body31.split_ifconv, void %for.end83.exitStub" [d1.cpp:35]   --->   Operation 51 'br' 'br_ln35' <Predicate = true> <Delay = 0.00>
ST_2 : Operation 52 [1/1] (0.00ns)   --->   "%add7111_load = load i64 %add7111" [d1.cpp:55]   --->   Operation 52 'load' 'add7111_load' <Predicate = (!icmp_ln35)> <Delay = 0.00>
ST_2 : Operation 53 [1/1] (0.00ns)   --->   "%zext_ln35 = zext i4 %i1_1" [d1.cpp:35]   --->   Operation 53 'zext' 'zext_ln35' <Predicate = (!icmp_ln35)> <Delay = 0.00>
ST_2 : Operation 54 [1/1] (0.00ns)   --->   "%trunc_ln35 = trunc i4 %i1_1" [d1.cpp:35]   --->   Operation 54 'trunc' 'trunc_ln35' <Predicate = (!icmp_ln35)> <Delay = 0.00>
ST_2 : Operation 55 [1/1] (0.00ns)   --->   "%trunc_ln35_1 = trunc i4 %i1_1" [d1.cpp:35]   --->   Operation 55 'trunc' 'trunc_ln35_1' <Predicate = (!icmp_ln35)> <Delay = 0.00>
ST_2 : Operation 56 [1/1] (0.00ns)   --->   "%empty_30 = trunc i4 %i1_1"   --->   Operation 56 'trunc' 'empty_30' <Predicate = (!icmp_ln35)> <Delay = 0.00>
ST_2 : Operation 57 [1/1] (0.75ns)   --->   "%tmp = mux i32 @_ssdm_op_Mux.ap_auto.10i32.i4, i32 %arg1_r_reload_read, i32 %arg1_r_1_reload_read, i32 %arg1_r_2_reload_read, i32 %arg1_r_3_reload_read, i32 %arg1_r_4_reload_read, i32 %arg1_r_5_reload_read, i32 %arg1_r_6_reload_read, i32 %arg1_r_7_reload_read, i32 %arg1_r_8_reload_read, i32 %arg1_r_9_reload_read, i4 %i1_1" [d1.cpp:55]   --->   Operation 57 'mux' 'tmp' <Predicate = (!icmp_ln35)> <Delay = 0.75> <CoreInst = "Multiplexer">   --->   Core 76 'Multiplexer' <Latency = 0> <II = 1> <Delay = 0.75> <FuncUnit> <Opcode : 'mux'> <InPorts = 2> <OutPorts = 1>
ST_2 : Operation 58 [1/1] (0.00ns)   --->   "%zext_ln55 = zext i32 %tmp" [d1.cpp:55]   --->   Operation 58 'zext' 'zext_ln55' <Predicate = (!icmp_ln35)> <Delay = 0.00>
ST_2 : Operation 59 [1/1] (0.79ns)   --->   "%sub_ln55 = sub i4 9, i4 %i1_1" [d1.cpp:55]   --->   Operation 59 'sub' 'sub_ln55' <Predicate = (!icmp_ln35)> <Delay = 0.79> <CoreInst = "Adder">   --->   Core 1 'Adder' <Latency = 0> <II = 1> <Delay = 0.79> <FuncUnit> <Opcode : 'add' 'sub'> <InPorts = 2> <OutPorts = 1>
ST_2 : Operation 60 [1/1] (0.75ns)   --->   "%tmp_1 = mux i32 @_ssdm_op_Mux.ap_auto.10i32.i4, i32 %arg2_r_reload_read, i32 %arg2_r_1_reload_read, i32 %arg2_r_2_reload_read, i32 %arg2_r_3_reload_read, i32 %arg2_r_4_reload_read, i32 %arg2_r_5_reload_read, i32 %arg2_r_6_reload_read, i32 %arg2_r_7_reload_read, i32 %arg2_r_8_reload_read, i32 %arg2_r_9_reload_read, i4 %sub_ln55" [d1.cpp:55]   --->   Operation 60 'mux' 'tmp_1' <Predicate = (!icmp_ln35)> <Delay = 0.75> <CoreInst = "Multiplexer">   --->   Core 76 'Multiplexer' <Latency = 0> <II = 1> <Delay = 0.75> <FuncUnit> <Opcode : 'mux'> <InPorts = 2> <OutPorts = 1>
ST_2 : Operation 61 [1/1] (0.00ns)   --->   "%zext_ln55_1 = zext i32 %tmp_1" [d1.cpp:55]   --->   Operation 61 'zext' 'zext_ln55_1' <Predicate = (!icmp_ln35)> <Delay = 0.00>
ST_2 : [1/1] (0.75ns)   --->   Input mux for Operation 62 '%mul_ln55 = mul i64 %zext_ln55_1, i64 %zext_ln55'
ST_2 : Operation 62 [1/1] (2.66ns)   --->   "%mul_ln55 = mul i64 %zext_ln55_1, i64 %zext_ln55" [d1.cpp:55]   --->   Operation 62 'mul' 'mul_ln55' <Predicate = (!icmp_ln35)> <Delay = 2.66> <CoreInst = "Multiplier">   --->   Core 3 'Multiplier' <Latency = 0> <II = 1> <Delay = 3.42> <FuncUnit> <Opcode : 'mul'> <InPorts = 2> <OutPorts = 1>
ST_2 : Operation 63 [1/1] (1.08ns)   --->   "%add_ln55 = add i64 %mul_ln55, i64 %add7111_load" [d1.cpp:55]   --->   Operation 63 'add' 'add_ln55' <Predicate = (!icmp_ln35)> <Delay = 1.08> <CoreInst = "Adder">   --->   Core 1 'Adder' <Latency = 0> <II = 1> <Delay = 1.08> <FuncUnit> <Opcode : 'add' 'sub'> <InPorts = 2> <OutPorts = 1>
ST_2 : Operation 64 [1/1] (0.79ns)   --->   "%icmp_ln49 = icmp_ugt  i4 %add_ln49, i4 9" [d1.cpp:49]   --->   Operation 64 'icmp' 'icmp_ln49' <Predicate = (!icmp_ln35)> <Delay = 0.79> <CoreInst = "Cmp">   --->   Core 9 'Cmp' <Latency = 0> <II = 1> <Delay = 0.79> <FuncUnit> <Opcode : 'icmp'> <InPorts = 2> <OutPorts = 1>
ST_2 : Operation 65 [1/1] (0.79ns)   --->   "%sub_ln51 = sub i4 2, i4 %i1_1" [d1.cpp:51]   --->   Operation 65 'sub' 'sub_ln51' <Predicate = (!icmp_ln35)> <Delay = 0.79> <CoreInst = "Adder">   --->   Core 1 'Adder' <Latency = 0> <II = 1> <Delay = 0.79> <FuncUnit> <Opcode : 'add' 'sub'> <InPorts = 2> <OutPorts = 1>
ST_2 : Operation 66 [1/1] (0.75ns)   --->   "%tmp_2 = mux i32 @_ssdm_op_Mux.ap_auto.10i32.i4, i32 %arg2_r_reload_read, i32 %arg2_r_1_reload_read, i32 %arg2_r_2_reload_read, i32 0, i32 0, i32 0, i32 0, i32 0, i32 0, i32 %arg2_r_9_reload_read, i4 %sub_ln51" [d1.cpp:51]   --->   Operation 66 'mux' 'tmp_2' <Predicate = (!icmp_ln35)> <Delay = 0.75> <CoreInst = "Multiplexer">   --->   Core 76 'Multiplexer' <Latency = 0> <II = 1> <Delay = 0.75> <FuncUnit> <Opcode : 'mux'> <InPorts = 2> <OutPorts = 1>
ST_2 : Operation 67 [1/1] (0.36ns)   --->   "%select_ln51 = select i1 %empty_30, i32 38, i32 19" [d1.cpp:51]   --->   Operation 67 'select' 'select_ln51' <Predicate = (!icmp_ln35)> <Delay = 0.36> <CoreInst = "Sel">   --->   Core 73 'Sel' <Latency = 0> <II = 1> <Delay = 0.36> <FuncUnit> <Opcode : 'select'> <InPorts = 3> <OutPorts = 1>
ST_2 : [1/1] (0.57ns)   --->   Input mux for Operation 68 '%mul_ln51 = mul i32 %select_ln51, i32 %tmp_2'
ST_2 : Operation 68 [1/1] (2.84ns)   --->   "%mul_ln51 = mul i32 %select_ln51, i32 %tmp_2" [d1.cpp:51]   --->   Operation 68 'mul' 'mul_ln51' <Predicate = (!icmp_ln35)> <Delay = 2.84> <CoreInst = "Multiplier">   --->   Core 3 'Multiplier' <Latency = 0> <II = 1> <Delay = 3.42> <FuncUnit> <Opcode : 'mul'> <InPorts = 2> <OutPorts = 1>
ST_2 : Operation 69 [1/1] (0.79ns)   --->   "%sub_ln55_1 = sub i4 8, i4 %i1_1" [d1.cpp:55]   --->   Operation 69 'sub' 'sub_ln55_1' <Predicate = (!icmp_ln35)> <Delay = 0.79> <CoreInst = "Adder">   --->   Core 1 'Adder' <Latency = 0> <II = 1> <Delay = 0.79> <FuncUnit> <Opcode : 'add' 'sub'> <InPorts = 2> <OutPorts = 1>
ST_2 : Operation 70 [1/1] (0.77ns)   --->   "%tmp_3 = mux i32 @_ssdm_op_Mux.ap_auto.9i32.i4, i32 %arg2_r_reload_read, i32 %arg2_r_1_reload_read, i32 %arg2_r_2_reload_read, i32 %arg2_r_3_reload_read, i32 %arg2_r_4_reload_read, i32 %arg2_r_5_reload_read, i32 %arg2_r_6_reload_read, i32 %arg2_r_7_reload_read, i32 %arg2_r_8_reload_read, i4 %sub_ln55_1" [d1.cpp:55]   --->   Operation 70 'mux' 'tmp_3' <Predicate = (!icmp_ln35)> <Delay = 0.77> <CoreInst = "Multiplexer">   --->   Core 76 'Multiplexer' <Latency = 0> <II = 1> <Delay = 0.77> <FuncUnit> <Opcode : 'mux'> <InPorts = 2> <OutPorts = 1>
ST_2 : Operation 71 [1/1] (0.00ns) (grouped into LUT with out node select_ln49)   --->   "%shl_ln55 = shl i32 %tmp_3, i32 1" [d1.cpp:55]   --->   Operation 71 'shl' 'shl_ln55' <Predicate = (!icmp_ln35)> <Delay = 0.00>
ST_2 : Operation 72 [1/1] (0.00ns) (grouped into LUT with out node select_ln49)   --->   "%select_ln55 = select i1 %empty_30, i32 %shl_ln55, i32 %tmp_3" [d1.cpp:55]   --->   Operation 72 'select' 'select_ln55' <Predicate = (!icmp_ln35)> <Delay = 0.00> <CoreInst = "Sel">   --->   Core 73 'Sel' <Latency = 0> <II = 1> <Delay = 0.44> <FuncUnit> <Opcode : 'select'> <InPorts = 3> <OutPorts = 1>
ST_2 : Operation 73 [1/1] (0.44ns) (out node of the LUT)   --->   "%select_ln49 = select i1 %icmp_ln49, i32 %mul_ln51, i32 %select_ln55" [d1.cpp:49]   --->   Operation 73 'select' 'select_ln49' <Predicate = (!icmp_ln35)> <Delay = 0.44> <CoreInst = "Sel">   --->   Core 73 'Sel' <Latency = 0> <II = 1> <Delay = 0.44> <FuncUnit> <Opcode : 'select'> <InPorts = 3> <OutPorts = 1>
ST_2 : Operation 74 [1/1] (0.79ns)   --->   "%add_ln49_1 = add i4 %i1_1, i4 2" [d1.cpp:49]   --->   Operation 74 'add' 'add_ln49_1' <Predicate = (!icmp_ln35)> <Delay = 0.79> <CoreInst = "Adder">   --->   Core 1 'Adder' <Latency = 0> <II = 1> <Delay = 0.79> <FuncUnit> <Opcode : 'add' 'sub'> <InPorts = 2> <OutPorts = 1>
ST_2 : Operation 75 [1/1] (0.79ns)   --->   "%icmp_ln49_1 = icmp_ugt  i4 %add_ln49_1, i4 9" [d1.cpp:49]   --->   Operation 75 'icmp' 'icmp_ln49_1' <Predicate = (!icmp_ln35)> <Delay = 0.79> <CoreInst = "Cmp">   --->   Core 9 'Cmp' <Latency = 0> <II = 1> <Delay = 0.79> <FuncUnit> <Opcode : 'icmp'> <InPorts = 2> <OutPorts = 1>
ST_2 : Operation 76 [1/1] (0.79ns)   --->   "%sub_ln51_1 = sub i4 1, i4 %i1_1" [d1.cpp:51]   --->   Operation 76 'sub' 'sub_ln51_1' <Predicate = (!icmp_ln35)> <Delay = 0.79> <CoreInst = "Adder">   --->   Core 1 'Adder' <Latency = 0> <II = 1> <Delay = 0.79> <FuncUnit> <Opcode : 'add' 'sub'> <InPorts = 2> <OutPorts = 1>
ST_2 : Operation 77 [1/1] (0.75ns)   --->   "%tmp_5 = mux i32 @_ssdm_op_Mux.ap_auto.10i32.i4, i32 %arg2_r_reload_read, i32 %arg2_r_1_reload_read, i32 0, i32 0, i32 0, i32 0, i32 0, i32 0, i32 %arg2_r_8_reload_read, i32 %arg2_r_9_reload_read, i4 %sub_ln51_1" [d1.cpp:51]   --->   Operation 77 'mux' 'tmp_5' <Predicate = (!icmp_ln35)> <Delay = 0.75> <CoreInst = "Multiplexer">   --->   Core 76 'Multiplexer' <Latency = 0> <II = 1> <Delay = 0.75> <FuncUnit> <Opcode : 'mux'> <InPorts = 2> <OutPorts = 1>
ST_2 : [1/1] (0.52ns)   --->   Input mux for Operation 78 '%mul_ln51_1 = mul i32 %tmp_5, i32 19'
ST_2 : Operation 78 [1/1] (2.89ns)   --->   "%mul_ln51_1 = mul i32 %tmp_5, i32 19" [d1.cpp:51]   --->   Operation 78 'mul' 'mul_ln51_1' <Predicate = (!icmp_ln35)> <Delay = 2.89> <CoreInst = "Multiplier">   --->   Core 3 'Multiplier' <Latency = 0> <II = 1> <Delay = 3.42> <FuncUnit> <Opcode : 'mul'> <InPorts = 2> <OutPorts = 1>
ST_2 : Operation 79 [1/1] (0.12ns)   --->   "%xor_ln55 = xor i3 %trunc_ln35_1, i3 7" [d1.cpp:55]   --->   Operation 79 'xor' 'xor_ln55' <Predicate = (!icmp_ln35)> <Delay = 0.12> <CoreInst = "LogicGate">   --->   Core 74 'LogicGate' <Latency = 0> <II = 1> <Delay = 0.12> <FuncUnit> <Opcode : 'and' 'or' 'xor'> <InPorts = 2> <OutPorts = 1>
ST_2 : Operation 80 [1/1] (0.72ns)   --->   "%tmp_6 = mux i32 @_ssdm_op_Mux.ap_auto.8i32.i3, i32 %arg2_r_reload_read, i32 %arg2_r_1_reload_read, i32 %arg2_r_2_reload_read, i32 %arg2_r_3_reload_read, i32 %arg2_r_4_reload_read, i32 %arg2_r_5_reload_read, i32 %arg2_r_6_reload_read, i32 %arg2_r_7_reload_read, i3 %xor_ln55" [d1.cpp:55]   --->   Operation 80 'mux' 'tmp_6' <Predicate = (!icmp_ln35)> <Delay = 0.72> <CoreInst = "Multiplexer">   --->   Core 76 'Multiplexer' <Latency = 0> <II = 1> <Delay = 0.72> <FuncUnit> <Opcode : 'mux'> <InPorts = 2> <OutPorts = 1>
ST_2 : Operation 81 [1/1] (0.44ns)   --->   "%select_ln49_1 = select i1 %icmp_ln49_1, i32 %mul_ln51_1, i32 %tmp_6" [d1.cpp:49]   --->   Operation 81 'select' 'select_ln49_1' <Predicate = (!icmp_ln35)> <Delay = 0.44> <CoreInst = "Sel">   --->   Core 73 'Sel' <Latency = 0> <II = 1> <Delay = 0.44> <FuncUnit> <Opcode : 'select'> <InPorts = 3> <OutPorts = 1>
ST_2 : Operation 82 [1/1] (0.79ns)   --->   "%add_ln49_2 = add i4 %i1_1, i4 3" [d1.cpp:49]   --->   Operation 82 'add' 'add_ln49_2' <Predicate = (!icmp_ln35)> <Delay = 0.79> <CoreInst = "Adder">   --->   Core 1 'Adder' <Latency = 0> <II = 1> <Delay = 0.79> <FuncUnit> <Opcode : 'add' 'sub'> <InPorts = 2> <OutPorts = 1>
ST_2 : Operation 83 [1/1] (0.79ns)   --->   "%icmp_ln49_2 = icmp_ugt  i4 %add_ln49_2, i4 9" [d1.cpp:49]   --->   Operation 83 'icmp' 'icmp_ln49_2' <Predicate = (!icmp_ln35)> <Delay = 0.79> <CoreInst = "Cmp">   --->   Core 9 'Cmp' <Latency = 0> <II = 1> <Delay = 0.79> <FuncUnit> <Opcode : 'icmp'> <InPorts = 2> <OutPorts = 1>
ST_2 : Operation 84 [1/1] (0.79ns)   --->   "%sub_ln51_2 = sub i4 0, i4 %i1_1" [d1.cpp:51]   --->   Operation 84 'sub' 'sub_ln51_2' <Predicate = (!icmp_ln35)> <Delay = 0.79> <CoreInst = "Adder">   --->   Core 1 'Adder' <Latency = 0> <II = 1> <Delay = 0.79> <FuncUnit> <Opcode : 'add' 'sub'> <InPorts = 2> <OutPorts = 1>
ST_2 : Operation 85 [1/1] (0.75ns)   --->   "%tmp_7 = mux i32 @_ssdm_op_Mux.ap_auto.10i32.i4, i32 %arg2_r_reload_read, i32 0, i32 0, i32 0, i32 0, i32 0, i32 0, i32 %arg2_r_7_reload_read, i32 %arg2_r_8_reload_read, i32 %arg2_r_9_reload_read, i4 %sub_ln51_2" [d1.cpp:51]   --->   Operation 85 'mux' 'tmp_7' <Predicate = (!icmp_ln35)> <Delay = 0.75> <CoreInst = "Multiplexer">   --->   Core 76 'Multiplexer' <Latency = 0> <II = 1> <Delay = 0.75> <FuncUnit> <Opcode : 'mux'> <InPorts = 2> <OutPorts = 1>
ST_2 : [1/1] (0.57ns)   --->   Input mux for Operation 86 '%mul_ln51_2 = mul i32 %select_ln51, i32 %tmp_7'
ST_2 : Operation 86 [1/1] (2.84ns)   --->   "%mul_ln51_2 = mul i32 %select_ln51, i32 %tmp_7" [d1.cpp:51]   --->   Operation 86 'mul' 'mul_ln51_2' <Predicate = (!icmp_ln35)> <Delay = 2.84> <CoreInst = "Multiplier">   --->   Core 3 'Multiplier' <Latency = 0> <II = 1> <Delay = 3.42> <FuncUnit> <Opcode : 'mul'> <InPorts = 2> <OutPorts = 1>
ST_2 : Operation 87 [1/1] (0.67ns)   --->   "%sub_ln55_2 = sub i3 6, i3 %trunc_ln35_1" [d1.cpp:55]   --->   Operation 87 'sub' 'sub_ln55_2' <Predicate = (!icmp_ln35)> <Delay = 0.67> <CoreInst = "Adder">   --->   Core 1 'Adder' <Latency = 0> <II = 1> <Delay = 0.67> <FuncUnit> <Opcode : 'add' 'sub'> <InPorts = 2> <OutPorts = 1>
ST_2 : Operation 88 [1/1] (0.67ns)   --->   "%tmp_8 = mux i32 @_ssdm_op_Mux.ap_auto.7i32.i3, i32 %arg2_r_reload_read, i32 %arg2_r_1_reload_read, i32 %arg2_r_2_reload_read, i32 %arg2_r_3_reload_read, i32 %arg2_r_4_reload_read, i32 %arg2_r_5_reload_read, i32 %arg2_r_6_reload_read, i3 %sub_ln55_2" [d1.cpp:55]   --->   Operation 88 'mux' 'tmp_8' <Predicate = (!icmp_ln35)> <Delay = 0.67> <CoreInst = "Multiplexer">   --->   Core 76 'Multiplexer' <Latency = 0> <II = 1> <Delay = 0.67> <FuncUnit> <Opcode : 'mux'> <InPorts = 2> <OutPorts = 1>
ST_2 : Operation 89 [1/1] (0.00ns) (grouped into LUT with out node select_ln49_2)   --->   "%shl_ln55_1 = shl i32 %tmp_8, i32 1" [d1.cpp:55]   --->   Operation 89 'shl' 'shl_ln55_1' <Predicate = (!icmp_ln35)> <Delay = 0.00>
ST_2 : Operation 90 [1/1] (0.00ns) (grouped into LUT with out node select_ln49_2)   --->   "%select_ln55_1 = select i1 %empty_30, i32 %shl_ln55_1, i32 %tmp_8" [d1.cpp:55]   --->   Operation 90 'select' 'select_ln55_1' <Predicate = (!icmp_ln35)> <Delay = 0.00> <CoreInst = "Sel">   --->   Core 73 'Sel' <Latency = 0> <II = 1> <Delay = 0.44> <FuncUnit> <Opcode : 'select'> <InPorts = 3> <OutPorts = 1>
ST_2 : Operation 91 [1/1] (0.44ns) (out node of the LUT)   --->   "%select_ln49_2 = select i1 %icmp_ln49_2, i32 %mul_ln51_2, i32 %select_ln55_1" [d1.cpp:49]   --->   Operation 91 'select' 'select_ln49_2' <Predicate = (!icmp_ln35)> <Delay = 0.44> <CoreInst = "Sel">   --->   Core 73 'Sel' <Latency = 0> <II = 1> <Delay = 0.44> <FuncUnit> <Opcode : 'select'> <InPorts = 3> <OutPorts = 1>
ST_2 : Operation 92 [1/1] (0.79ns)   --->   "%add_ln49_3 = add i4 %i1_1, i4 4" [d1.cpp:49]   --->   Operation 92 'add' 'add_ln49_3' <Predicate = (!icmp_ln35)> <Delay = 0.79> <CoreInst = "Adder">   --->   Core 1 'Adder' <Latency = 0> <II = 1> <Delay = 0.79> <FuncUnit> <Opcode : 'add' 'sub'> <InPorts = 2> <OutPorts = 1>
ST_2 : Operation 93 [1/1] (0.79ns)   --->   "%icmp_ln49_3 = icmp_ugt  i4 %add_ln49_3, i4 9" [d1.cpp:49]   --->   Operation 93 'icmp' 'icmp_ln49_3' <Predicate = (!icmp_ln35)> <Delay = 0.79> <CoreInst = "Cmp">   --->   Core 9 'Cmp' <Latency = 0> <II = 1> <Delay = 0.79> <FuncUnit> <Opcode : 'icmp'> <InPorts = 2> <OutPorts = 1>
ST_2 : Operation 94 [1/1] (0.35ns)   --->   "%xor_ln51 = xor i4 %i1_1, i4 15" [d1.cpp:51]   --->   Operation 94 'xor' 'xor_ln51' <Predicate = (!icmp_ln35)> <Delay = 0.35> <CoreInst = "LogicGate">   --->   Core 74 'LogicGate' <Latency = 0> <II = 1> <Delay = 0.35> <FuncUnit> <Opcode : 'and' 'or' 'xor'> <InPorts = 2> <OutPorts = 1>
ST_2 : Operation 95 [1/1] (0.75ns)   --->   "%tmp_9 = mux i32 @_ssdm_op_Mux.ap_auto.10i32.i4, i32 0, i32 0, i32 0, i32 0, i32 0, i32 0, i32 %arg2_r_6_reload_read, i32 %arg2_r_7_reload_read, i32 %arg2_r_8_reload_read, i32 %arg2_r_9_reload_read, i4 %xor_ln51" [d1.cpp:51]   --->   Operation 95 'mux' 'tmp_9' <Predicate = (!icmp_ln35)> <Delay = 0.75> <CoreInst = "Multiplexer">   --->   Core 76 'Multiplexer' <Latency = 0> <II = 1> <Delay = 0.75> <FuncUnit> <Opcode : 'mux'> <InPorts = 2> <OutPorts = 1>
ST_2 : [1/1] (0.52ns)   --->   Input mux for Operation 96 '%mul_ln51_3 = mul i32 %tmp_9, i32 19'
ST_2 : Operation 96 [1/1] (2.89ns)   --->   "%mul_ln51_3 = mul i32 %tmp_9, i32 19" [d1.cpp:51]   --->   Operation 96 'mul' 'mul_ln51_3' <Predicate = (!icmp_ln35)> <Delay = 2.89> <CoreInst = "Multiplier">   --->   Core 3 'Multiplier' <Latency = 0> <II = 1> <Delay = 3.42> <FuncUnit> <Opcode : 'mul'> <InPorts = 2> <OutPorts = 1>
ST_2 : Operation 97 [1/1] (0.67ns)   --->   "%sub_ln55_3 = sub i3 5, i3 %trunc_ln35_1" [d1.cpp:55]   --->   Operation 97 'sub' 'sub_ln55_3' <Predicate = (!icmp_ln35)> <Delay = 0.67> <CoreInst = "Adder">   --->   Core 1 'Adder' <Latency = 0> <II = 1> <Delay = 0.67> <FuncUnit> <Opcode : 'add' 'sub'> <InPorts = 2> <OutPorts = 1>
ST_2 : Operation 98 [1/1] (0.62ns)   --->   "%tmp_s = mux i32 @_ssdm_op_Mux.ap_auto.6i32.i3, i32 %arg2_r_reload_read, i32 %arg2_r_1_reload_read, i32 %arg2_r_2_reload_read, i32 %arg2_r_3_reload_read, i32 %arg2_r_4_reload_read, i32 %arg2_r_5_reload_read, i3 %sub_ln55_3" [d1.cpp:55]   --->   Operation 98 'mux' 'tmp_s' <Predicate = (!icmp_ln35)> <Delay = 0.62> <CoreInst = "Multiplexer">   --->   Core 76 'Multiplexer' <Latency = 0> <II = 1> <Delay = 0.62> <FuncUnit> <Opcode : 'mux'> <InPorts = 2> <OutPorts = 1>
ST_2 : Operation 99 [1/1] (0.44ns)   --->   "%select_ln49_3 = select i1 %icmp_ln49_3, i32 %mul_ln51_3, i32 %tmp_s" [d1.cpp:49]   --->   Operation 99 'select' 'select_ln49_3' <Predicate = (!icmp_ln35)> <Delay = 0.44> <CoreInst = "Sel">   --->   Core 73 'Sel' <Latency = 0> <II = 1> <Delay = 0.44> <FuncUnit> <Opcode : 'select'> <InPorts = 3> <OutPorts = 1>
ST_2 : Operation 100 [1/1] (0.79ns)   --->   "%add_ln49_4 = add i4 %i1_1, i4 5" [d1.cpp:49]   --->   Operation 100 'add' 'add_ln49_4' <Predicate = (!icmp_ln35)> <Delay = 0.79> <CoreInst = "Adder">   --->   Core 1 'Adder' <Latency = 0> <II = 1> <Delay = 0.79> <FuncUnit> <Opcode : 'add' 'sub'> <InPorts = 2> <OutPorts = 1>
ST_2 : Operation 101 [1/1] (0.79ns)   --->   "%icmp_ln49_4 = icmp_ugt  i4 %add_ln49_4, i4 9" [d1.cpp:49]   --->   Operation 101 'icmp' 'icmp_ln49_4' <Predicate = (!icmp_ln35)> <Delay = 0.79> <CoreInst = "Cmp">   --->   Core 9 'Cmp' <Latency = 0> <II = 1> <Delay = 0.79> <FuncUnit> <Opcode : 'icmp'> <InPorts = 2> <OutPorts = 1>
ST_2 : Operation 102 [1/1] (0.79ns)   --->   "%sub_ln51_3 = sub i4 14, i4 %i1_1" [d1.cpp:51]   --->   Operation 102 'sub' 'sub_ln51_3' <Predicate = (!icmp_ln35)> <Delay = 0.79> <CoreInst = "Adder">   --->   Core 1 'Adder' <Latency = 0> <II = 1> <Delay = 0.79> <FuncUnit> <Opcode : 'add' 'sub'> <InPorts = 2> <OutPorts = 1>
ST_2 : Operation 103 [1/1] (0.75ns)   --->   "%tmp_4 = mux i32 @_ssdm_op_Mux.ap_auto.10i32.i4, i32 0, i32 0, i32 0, i32 0, i32 0, i32 %arg2_r_5_reload_read, i32 %arg2_r_6_reload_read, i32 %arg2_r_7_reload_read, i32 %arg2_r_8_reload_read, i32 %arg2_r_9_reload_read, i4 %sub_ln51_3" [d1.cpp:51]   --->   Operation 103 'mux' 'tmp_4' <Predicate = (!icmp_ln35)> <Delay = 0.75> <CoreInst = "Multiplexer">   --->   Core 76 'Multiplexer' <Latency = 0> <II = 1> <Delay = 0.75> <FuncUnit> <Opcode : 'mux'> <InPorts = 2> <OutPorts = 1>
ST_2 : [1/1] (0.57ns)   --->   Input mux for Operation 104 '%mul_ln51_4 = mul i32 %select_ln51, i32 %tmp_4'
ST_2 : Operation 104 [1/1] (2.84ns)   --->   "%mul_ln51_4 = mul i32 %select_ln51, i32 %tmp_4" [d1.cpp:51]   --->   Operation 104 'mul' 'mul_ln51_4' <Predicate = (!icmp_ln35)> <Delay = 2.84> <CoreInst = "Multiplier">   --->   Core 3 'Multiplier' <Latency = 0> <II = 1> <Delay = 3.42> <FuncUnit> <Opcode : 'mul'> <InPorts = 2> <OutPorts = 1>
ST_2 : Operation 105 [1/1] (0.67ns)   --->   "%sub_ln55_4 = sub i3 4, i3 %trunc_ln35_1" [d1.cpp:55]   --->   Operation 105 'sub' 'sub_ln55_4' <Predicate = (!icmp_ln35)> <Delay = 0.67> <CoreInst = "Adder">   --->   Core 1 'Adder' <Latency = 0> <II = 1> <Delay = 0.67> <FuncUnit> <Opcode : 'add' 'sub'> <InPorts = 2> <OutPorts = 1>
ST_2 : Operation 106 [1/1] (0.57ns)   --->   "%tmp_10 = mux i32 @_ssdm_op_Mux.ap_auto.5i32.i3, i32 %arg2_r_reload_read, i32 %arg2_r_1_reload_read, i32 %arg2_r_2_reload_read, i32 %arg2_r_3_reload_read, i32 %arg2_r_4_reload_read, i3 %sub_ln55_4" [d1.cpp:55]   --->   Operation 106 'mux' 'tmp_10' <Predicate = (!icmp_ln35)> <Delay = 0.57> <CoreInst = "Multiplexer">   --->   Core 76 'Multiplexer' <Latency = 0> <II = 1> <Delay = 0.57> <FuncUnit> <Opcode : 'mux'> <InPorts = 2> <OutPorts = 1>
ST_2 : Operation 107 [1/1] (0.00ns) (grouped into LUT with out node select_ln49_4)   --->   "%shl_ln55_2 = shl i32 %tmp_10, i32 1" [d1.cpp:55]   --->   Operation 107 'shl' 'shl_ln55_2' <Predicate = (!icmp_ln35)> <Delay = 0.00>
ST_2 : Operation 108 [1/1] (0.00ns) (grouped into LUT with out node select_ln49_4)   --->   "%select_ln55_2 = select i1 %empty_30, i32 %shl_ln55_2, i32 %tmp_10" [d1.cpp:55]   --->   Operation 108 'select' 'select_ln55_2' <Predicate = (!icmp_ln35)> <Delay = 0.00> <CoreInst = "Sel">   --->   Core 73 'Sel' <Latency = 0> <II = 1> <Delay = 0.44> <FuncUnit> <Opcode : 'select'> <InPorts = 3> <OutPorts = 1>
ST_2 : Operation 109 [1/1] (0.44ns) (out node of the LUT)   --->   "%select_ln49_4 = select i1 %icmp_ln49_4, i32 %mul_ln51_4, i32 %select_ln55_2" [d1.cpp:49]   --->   Operation 109 'select' 'select_ln49_4' <Predicate = (!icmp_ln35)> <Delay = 0.44> <CoreInst = "Sel">   --->   Core 73 'Sel' <Latency = 0> <II = 1> <Delay = 0.44> <FuncUnit> <Opcode : 'select'> <InPorts = 3> <OutPorts = 1>
ST_2 : Operation 110 [1/1] (0.79ns)   --->   "%add_ln49_5 = add i4 %i1_1, i4 6" [d1.cpp:49]   --->   Operation 110 'add' 'add_ln49_5' <Predicate = (!icmp_ln35)> <Delay = 0.79> <CoreInst = "Adder">   --->   Core 1 'Adder' <Latency = 0> <II = 1> <Delay = 0.79> <FuncUnit> <Opcode : 'add' 'sub'> <InPorts = 2> <OutPorts = 1>
ST_2 : Operation 111 [1/1] (0.79ns)   --->   "%icmp_ln49_5 = icmp_ugt  i4 %add_ln49_5, i4 9" [d1.cpp:49]   --->   Operation 111 'icmp' 'icmp_ln49_5' <Predicate = (!icmp_ln35)> <Delay = 0.79> <CoreInst = "Cmp">   --->   Core 9 'Cmp' <Latency = 0> <II = 1> <Delay = 0.79> <FuncUnit> <Opcode : 'icmp'> <InPorts = 2> <OutPorts = 1>
ST_2 : Operation 112 [1/1] (0.79ns)   --->   "%sub_ln51_4 = sub i4 13, i4 %i1_1" [d1.cpp:51]   --->   Operation 112 'sub' 'sub_ln51_4' <Predicate = (!icmp_ln35)> <Delay = 0.79> <CoreInst = "Adder">   --->   Core 1 'Adder' <Latency = 0> <II = 1> <Delay = 0.79> <FuncUnit> <Opcode : 'add' 'sub'> <InPorts = 2> <OutPorts = 1>
ST_2 : Operation 113 [1/1] (0.75ns)   --->   "%tmp_11 = mux i32 @_ssdm_op_Mux.ap_auto.10i32.i4, i32 0, i32 0, i32 0, i32 0, i32 %arg2_r_4_reload_read, i32 %arg2_r_5_reload_read, i32 %arg2_r_6_reload_read, i32 %arg2_r_7_reload_read, i32 %arg2_r_8_reload_read, i32 %arg2_r_9_reload_read, i4 %sub_ln51_4" [d1.cpp:51]   --->   Operation 113 'mux' 'tmp_11' <Predicate = (!icmp_ln35)> <Delay = 0.75> <CoreInst = "Multiplexer">   --->   Core 76 'Multiplexer' <Latency = 0> <II = 1> <Delay = 0.75> <FuncUnit> <Opcode : 'mux'> <InPorts = 2> <OutPorts = 1>
ST_2 : [1/1] (0.52ns)   --->   Input mux for Operation 114 '%mul_ln51_5 = mul i32 %tmp_11, i32 19'
ST_2 : Operation 114 [1/1] (2.89ns)   --->   "%mul_ln51_5 = mul i32 %tmp_11, i32 19" [d1.cpp:51]   --->   Operation 114 'mul' 'mul_ln51_5' <Predicate = (!icmp_ln35)> <Delay = 2.89> <CoreInst = "Multiplier">   --->   Core 3 'Multiplier' <Latency = 0> <II = 1> <Delay = 3.42> <FuncUnit> <Opcode : 'mul'> <InPorts = 2> <OutPorts = 1>
ST_2 : Operation 115 [1/1] (0.28ns)   --->   "%xor_ln55_1 = xor i2 %trunc_ln35, i2 3" [d1.cpp:55]   --->   Operation 115 'xor' 'xor_ln55_1' <Predicate = (!icmp_ln35)> <Delay = 0.28> <CoreInst = "LogicGate">   --->   Core 74 'LogicGate' <Latency = 0> <II = 1> <Delay = 0.28> <FuncUnit> <Opcode : 'and' 'or' 'xor'> <InPorts = 2> <OutPorts = 1>
ST_2 : Operation 116 [1/1] (0.52ns)   --->   "%tmp_12 = mux i32 @_ssdm_op_Mux.ap_auto.4i32.i2, i32 %arg2_r_reload_read, i32 %arg2_r_1_reload_read, i32 %arg2_r_2_reload_read, i32 %arg2_r_3_reload_read, i2 %xor_ln55_1" [d1.cpp:55]   --->   Operation 116 'mux' 'tmp_12' <Predicate = (!icmp_ln35)> <Delay = 0.52> <CoreInst = "Multiplexer">   --->   Core 76 'Multiplexer' <Latency = 0> <II = 1> <Delay = 0.52> <FuncUnit> <Opcode : 'mux'> <InPorts = 2> <OutPorts = 1>
ST_2 : Operation 117 [1/1] (0.44ns)   --->   "%select_ln49_5 = select i1 %icmp_ln49_5, i32 %mul_ln51_5, i32 %tmp_12" [d1.cpp:49]   --->   Operation 117 'select' 'select_ln49_5' <Predicate = (!icmp_ln35)> <Delay = 0.44> <CoreInst = "Sel">   --->   Core 73 'Sel' <Latency = 0> <II = 1> <Delay = 0.44> <FuncUnit> <Opcode : 'select'> <InPorts = 3> <OutPorts = 1>
ST_2 : Operation 118 [1/1] (0.79ns)   --->   "%add_ln49_6 = add i5 %zext_ln35, i5 7" [d1.cpp:49]   --->   Operation 118 'add' 'add_ln49_6' <Predicate = (!icmp_ln35)> <Delay = 0.79> <CoreInst = "Adder">   --->   Core 1 'Adder' <Latency = 0> <II = 1> <Delay = 0.79> <FuncUnit> <Opcode : 'add' 'sub'> <InPorts = 2> <OutPorts = 1>
ST_2 : Operation 119 [1/1] (0.78ns)   --->   "%icmp_ln49_6 = icmp_ugt  i5 %add_ln49_6, i5 9" [d1.cpp:49]   --->   Operation 119 'icmp' 'icmp_ln49_6' <Predicate = (!icmp_ln35)> <Delay = 0.78> <CoreInst = "Cmp">   --->   Core 9 'Cmp' <Latency = 0> <II = 1> <Delay = 0.78> <FuncUnit> <Opcode : 'icmp'> <InPorts = 2> <OutPorts = 1>
ST_2 : Operation 120 [1/1] (0.79ns)   --->   "%sub_ln51_5 = sub i4 12, i4 %i1_1" [d1.cpp:51]   --->   Operation 120 'sub' 'sub_ln51_5' <Predicate = (!icmp_ln35)> <Delay = 0.79> <CoreInst = "Adder">   --->   Core 1 'Adder' <Latency = 0> <II = 1> <Delay = 0.79> <FuncUnit> <Opcode : 'add' 'sub'> <InPorts = 2> <OutPorts = 1>
ST_2 : Operation 121 [1/1] (0.75ns)   --->   "%tmp_13 = mux i32 @_ssdm_op_Mux.ap_auto.10i32.i4, i32 0, i32 0, i32 0, i32 %arg2_r_3_reload_read, i32 %arg2_r_4_reload_read, i32 %arg2_r_5_reload_read, i32 %arg2_r_6_reload_read, i32 %arg2_r_7_reload_read, i32 %arg2_r_8_reload_read, i32 %arg2_r_9_reload_read, i4 %sub_ln51_5" [d1.cpp:51]   --->   Operation 121 'mux' 'tmp_13' <Predicate = (!icmp_ln35)> <Delay = 0.75> <CoreInst = "Multiplexer">   --->   Core 76 'Multiplexer' <Latency = 0> <II = 1> <Delay = 0.75> <FuncUnit> <Opcode : 'mux'> <InPorts = 2> <OutPorts = 1>
ST_2 : [1/1] (0.57ns)   --->   Input mux for Operation 122 '%mul_ln51_6 = mul i32 %select_ln51, i32 %tmp_13'
ST_2 : Operation 122 [1/1] (2.84ns)   --->   "%mul_ln51_6 = mul i32 %select_ln51, i32 %tmp_13" [d1.cpp:51]   --->   Operation 122 'mul' 'mul_ln51_6' <Predicate = (!icmp_ln35)> <Delay = 2.84> <CoreInst = "Multiplier">   --->   Core 3 'Multiplier' <Latency = 0> <II = 1> <Delay = 3.42> <FuncUnit> <Opcode : 'mul'> <InPorts = 2> <OutPorts = 1>
ST_2 : Operation 123 [1/1] (0.00ns) (grouped into LUT with out node select_ln49_6)   --->   "%shl_ln55_3 = shl i32 %tmp_2, i32 1" [d1.cpp:55]   --->   Operation 123 'shl' 'shl_ln55_3' <Predicate = (!icmp_ln35)> <Delay = 0.00>
ST_2 : Operation 124 [1/1] (0.00ns) (grouped into LUT with out node select_ln49_6)   --->   "%select_ln55_3 = select i1 %empty_30, i32 %shl_ln55_3, i32 %tmp_2" [d1.cpp:55]   --->   Operation 124 'select' 'select_ln55_3' <Predicate = (!icmp_ln35)> <Delay = 0.00> <CoreInst = "Sel">   --->   Core 73 'Sel' <Latency = 0> <II = 1> <Delay = 0.44> <FuncUnit> <Opcode : 'select'> <InPorts = 3> <OutPorts = 1>
ST_2 : Operation 125 [1/1] (0.44ns) (out node of the LUT)   --->   "%select_ln49_6 = select i1 %icmp_ln49_6, i32 %mul_ln51_6, i32 %select_ln55_3" [d1.cpp:49]   --->   Operation 125 'select' 'select_ln49_6' <Predicate = (!icmp_ln35)> <Delay = 0.44> <CoreInst = "Sel">   --->   Core 73 'Sel' <Latency = 0> <II = 1> <Delay = 0.44> <FuncUnit> <Opcode : 'select'> <InPorts = 3> <OutPorts = 1>
ST_2 : Operation 126 [1/1] (0.78ns)   --->   "%add_ln49_7 = add i5 %zext_ln35, i5 8" [d1.cpp:49]   --->   Operation 126 'add' 'add_ln49_7' <Predicate = (!icmp_ln35)> <Delay = 0.78> <CoreInst = "Adder">   --->   Core 1 'Adder' <Latency = 0> <II = 1> <Delay = 0.78> <FuncUnit> <Opcode : 'add' 'sub'> <InPorts = 2> <OutPorts = 1>
ST_2 : Operation 127 [1/1] (0.78ns)   --->   "%icmp_ln49_7 = icmp_ugt  i5 %add_ln49_7, i5 9" [d1.cpp:49]   --->   Operation 127 'icmp' 'icmp_ln49_7' <Predicate = (!icmp_ln35)> <Delay = 0.78> <CoreInst = "Cmp">   --->   Core 9 'Cmp' <Latency = 0> <II = 1> <Delay = 0.78> <FuncUnit> <Opcode : 'icmp'> <InPorts = 2> <OutPorts = 1>
ST_2 : Operation 128 [1/1] (0.79ns)   --->   "%sub_ln51_6 = sub i4 11, i4 %i1_1" [d1.cpp:51]   --->   Operation 128 'sub' 'sub_ln51_6' <Predicate = (!icmp_ln35)> <Delay = 0.79> <CoreInst = "Adder">   --->   Core 1 'Adder' <Latency = 0> <II = 1> <Delay = 0.79> <FuncUnit> <Opcode : 'add' 'sub'> <InPorts = 2> <OutPorts = 1>
ST_2 : Operation 129 [1/1] (0.75ns)   --->   "%tmp_14 = mux i32 @_ssdm_op_Mux.ap_auto.10i32.i4, i32 0, i32 0, i32 %arg2_r_2_reload_read, i32 %arg2_r_3_reload_read, i32 %arg2_r_4_reload_read, i32 %arg2_r_5_reload_read, i32 %arg2_r_6_reload_read, i32 %arg2_r_7_reload_read, i32 %arg2_r_8_reload_read, i32 %arg2_r_9_reload_read, i4 %sub_ln51_6" [d1.cpp:51]   --->   Operation 129 'mux' 'tmp_14' <Predicate = (!icmp_ln35)> <Delay = 0.75> <CoreInst = "Multiplexer">   --->   Core 76 'Multiplexer' <Latency = 0> <II = 1> <Delay = 0.75> <FuncUnit> <Opcode : 'mux'> <InPorts = 2> <OutPorts = 1>
ST_2 : [1/1] (0.52ns)   --->   Input mux for Operation 130 '%mul_ln51_7 = mul i32 %tmp_14, i32 19'
ST_2 : Operation 130 [1/1] (2.89ns)   --->   "%mul_ln51_7 = mul i32 %tmp_14, i32 19" [d1.cpp:51]   --->   Operation 130 'mul' 'mul_ln51_7' <Predicate = (!icmp_ln35)> <Delay = 2.89> <CoreInst = "Multiplier">   --->   Core 3 'Multiplier' <Latency = 0> <II = 1> <Delay = 3.42> <FuncUnit> <Opcode : 'mul'> <InPorts = 2> <OutPorts = 1>
ST_2 : Operation 131 [1/1] (0.44ns)   --->   "%select_ln49_7 = select i1 %icmp_ln49_7, i32 %mul_ln51_7, i32 %tmp_5" [d1.cpp:49]   --->   Operation 131 'select' 'select_ln49_7' <Predicate = (!icmp_ln35)> <Delay = 0.44> <CoreInst = "Sel">   --->   Core 73 'Sel' <Latency = 0> <II = 1> <Delay = 0.44> <FuncUnit> <Opcode : 'select'> <InPorts = 3> <OutPorts = 1>
ST_2 : Operation 132 [1/1] (0.79ns)   --->   "%icmp_ln49_8 = icmp_ne  i4 %i1_1, i4 0" [d1.cpp:49]   --->   Operation 132 'icmp' 'icmp_ln49_8' <Predicate = (!icmp_ln35)> <Delay = 0.79> <CoreInst = "Cmp">   --->   Core 9 'Cmp' <Latency = 0> <II = 1> <Delay = 0.79> <FuncUnit> <Opcode : 'icmp'> <InPorts = 2> <OutPorts = 1>
ST_2 : Operation 133 [1/1] (0.79ns)   --->   "%sub_ln51_7 = sub i4 10, i4 %i1_1" [d1.cpp:51]   --->   Operation 133 'sub' 'sub_ln51_7' <Predicate = (!icmp_ln35)> <Delay = 0.79> <CoreInst = "Adder">   --->   Core 1 'Adder' <Latency = 0> <II = 1> <Delay = 0.79> <FuncUnit> <Opcode : 'add' 'sub'> <InPorts = 2> <OutPorts = 1>
ST_2 : Operation 134 [1/1] (0.75ns)   --->   "%tmp_15 = mux i32 @_ssdm_op_Mux.ap_auto.10i32.i4, i32 0, i32 %arg2_r_1_reload_read, i32 %arg2_r_2_reload_read, i32 %arg2_r_3_reload_read, i32 %arg2_r_4_reload_read, i32 %arg2_r_5_reload_read, i32 %arg2_r_6_reload_read, i32 %arg2_r_7_reload_read, i32 %arg2_r_8_reload_read, i32 %arg2_r_9_reload_read, i4 %sub_ln51_7" [d1.cpp:51]   --->   Operation 134 'mux' 'tmp_15' <Predicate = (!icmp_ln35)> <Delay = 0.75> <CoreInst = "Multiplexer">   --->   Core 76 'Multiplexer' <Latency = 0> <II = 1> <Delay = 0.75> <FuncUnit> <Opcode : 'mux'> <InPorts = 2> <OutPorts = 1>
ST_2 : [1/1] (0.57ns)   --->   Input mux for Operation 135 '%mul_ln51_8 = mul i32 %select_ln51, i32 %tmp_15'
ST_2 : Operation 135 [1/1] (2.84ns)   --->   "%mul_ln51_8 = mul i32 %select_ln51, i32 %tmp_15" [d1.cpp:51]   --->   Operation 135 'mul' 'mul_ln51_8' <Predicate = (!icmp_ln35)> <Delay = 2.84> <CoreInst = "Multiplier">   --->   Core 3 'Multiplier' <Latency = 0> <II = 1> <Delay = 3.42> <FuncUnit> <Opcode : 'mul'> <InPorts = 2> <OutPorts = 1>
ST_2 : Operation 136 [1/1] (0.00ns) (grouped into LUT with out node select_ln49_8)   --->   "%shl_ln55_4 = shl i32 %arg2_r_reload_read, i32 1" [d1.cpp:55]   --->   Operation 136 'shl' 'shl_ln55_4' <Predicate = (!icmp_ln35)> <Delay = 0.00>
ST_2 : Operation 137 [1/1] (0.00ns) (grouped into LUT with out node select_ln49_8)   --->   "%select_ln55_4 = select i1 %empty_30, i32 %shl_ln55_4, i32 %arg2_r_reload_read" [d1.cpp:55]   --->   Operation 137 'select' 'select_ln55_4' <Predicate = (!icmp_ln35)> <Delay = 0.00> <CoreInst = "Sel">   --->   Core 73 'Sel' <Latency = 0> <II = 1> <Delay = 0.44> <FuncUnit> <Opcode : 'select'> <InPorts = 3> <OutPorts = 1>
ST_2 : Operation 138 [1/1] (0.44ns) (out node of the LUT)   --->   "%select_ln49_8 = select i1 %icmp_ln49_8, i32 %mul_ln51_8, i32 %select_ln55_4" [d1.cpp:49]   --->   Operation 138 'select' 'select_ln49_8' <Predicate = (!icmp_ln35)> <Delay = 0.44> <CoreInst = "Sel">   --->   Core 73 'Sel' <Latency = 0> <II = 1> <Delay = 0.44> <FuncUnit> <Opcode : 'select'> <InPorts = 3> <OutPorts = 1>
ST_2 : Operation 139 [1/1] (0.42ns)   --->   "%store_ln35 = store i4 %add_ln49, i4 %i1" [d1.cpp:35]   --->   Operation 139 'store' 'store_ln35' <Predicate = (!icmp_ln35)> <Delay = 0.42>
ST_2 : Operation 140 [1/1] (0.42ns)   --->   "%store_ln35 = store i64 %add_ln55, i64 %add7111" [d1.cpp:35]   --->   Operation 140 'store' 'store_ln35' <Predicate = (!icmp_ln35)> <Delay = 0.42>
ST_2 : Operation 190 [1/1] (0.00ns)   --->   "%add7111_load_1 = load i64 %add7111"   --->   Operation 190 'load' 'add7111_load_1' <Predicate = (icmp_ln35)> <Delay = 0.00>
ST_2 : Operation 191 [1/1] (0.00ns)   --->   "%p_load46 = load i64 %empty"   --->   Operation 191 'load' 'p_load46' <Predicate = (icmp_ln35)> <Delay = 0.00>
ST_2 : Operation 192 [1/1] (0.00ns)   --->   "%p_load44 = load i64 %empty_22"   --->   Operation 192 'load' 'p_load44' <Predicate = (icmp_ln35)> <Delay = 0.00>
ST_2 : Operation 193 [1/1] (0.00ns)   --->   "%p_load42 = load i64 %empty_23"   --->   Operation 193 'load' 'p_load42' <Predicate = (icmp_ln35)> <Delay = 0.00>
ST_2 : Operation 194 [1/1] (0.00ns)   --->   "%p_load40 = load i64 %empty_24"   --->   Operation 194 'load' 'p_load40' <Predicate = (icmp_ln35)> <Delay = 0.00>
ST_2 : Operation 195 [1/1] (0.00ns)   --->   "%p_load38 = load i64 %empty_25"   --->   Operation 195 'load' 'p_load38' <Predicate = (icmp_ln35)> <Delay = 0.00>
ST_2 : Operation 196 [1/1] (0.00ns)   --->   "%p_load36 = load i64 %empty_26"   --->   Operation 196 'load' 'p_load36' <Predicate = (icmp_ln35)> <Delay = 0.00>
ST_2 : Operation 197 [1/1] (0.00ns)   --->   "%p_load34 = load i64 %empty_27"   --->   Operation 197 'load' 'p_load34' <Predicate = (icmp_ln35)> <Delay = 0.00>
ST_2 : Operation 198 [1/1] (0.00ns)   --->   "%p_load32 = load i64 %empty_28"   --->   Operation 198 'load' 'p_load32' <Predicate = (icmp_ln35)> <Delay = 0.00>
ST_2 : Operation 199 [1/1] (0.00ns)   --->   "%p_load30 = load i64 %empty_29"   --->   Operation 199 'load' 'p_load30' <Predicate = (icmp_ln35)> <Delay = 0.00>
ST_2 : Operation 200 [1/1] (0.00ns)   --->   "%write_ln0 = write void @_ssdm_op_Write.ap_auto.i64P0A, i64 %p_out, i64 %p_load30"   --->   Operation 200 'write' 'write_ln0' <Predicate = (icmp_ln35)> <Delay = 0.00>
ST_2 : Operation 201 [1/1] (0.00ns)   --->   "%write_ln0 = write void @_ssdm_op_Write.ap_auto.i64P0A, i64 %p_out1, i64 %p_load32"   --->   Operation 201 'write' 'write_ln0' <Predicate = (icmp_ln35)> <Delay = 0.00>
ST_2 : Operation 202 [1/1] (0.00ns)   --->   "%write_ln0 = write void @_ssdm_op_Write.ap_auto.i64P0A, i64 %p_out2, i64 %p_load34"   --->   Operation 202 'write' 'write_ln0' <Predicate = (icmp_ln35)> <Delay = 0.00>
ST_2 : Operation 203 [1/1] (0.00ns)   --->   "%write_ln0 = write void @_ssdm_op_Write.ap_auto.i64P0A, i64 %p_out3, i64 %p_load36"   --->   Operation 203 'write' 'write_ln0' <Predicate = (icmp_ln35)> <Delay = 0.00>
ST_2 : Operation 204 [1/1] (0.00ns)   --->   "%write_ln0 = write void @_ssdm_op_Write.ap_auto.i64P0A, i64 %p_out4, i64 %p_load38"   --->   Operation 204 'write' 'write_ln0' <Predicate = (icmp_ln35)> <Delay = 0.00>
ST_2 : Operation 205 [1/1] (0.00ns)   --->   "%write_ln0 = write void @_ssdm_op_Write.ap_auto.i64P0A, i64 %p_out5, i64 %p_load40"   --->   Operation 205 'write' 'write_ln0' <Predicate = (icmp_ln35)> <Delay = 0.00>
ST_2 : Operation 206 [1/1] (0.00ns)   --->   "%write_ln0 = write void @_ssdm_op_Write.ap_auto.i64P0A, i64 %p_out6, i64 %p_load42"   --->   Operation 206 'write' 'write_ln0' <Predicate = (icmp_ln35)> <Delay = 0.00>
ST_2 : Operation 207 [1/1] (0.00ns)   --->   "%write_ln0 = write void @_ssdm_op_Write.ap_auto.i64P0A, i64 %p_out7, i64 %p_load44"   --->   Operation 207 'write' 'write_ln0' <Predicate = (icmp_ln35)> <Delay = 0.00>
ST_2 : Operation 208 [1/1] (0.00ns)   --->   "%write_ln0 = write void @_ssdm_op_Write.ap_auto.i64P0A, i64 %p_out8, i64 %p_load46"   --->   Operation 208 'write' 'write_ln0' <Predicate = (icmp_ln35)> <Delay = 0.00>
ST_2 : Operation 209 [1/1] (0.00ns)   --->   "%write_ln0 = write void @_ssdm_op_Write.ap_auto.i64P0A, i64 %add7111_out, i64 %add7111_load_1"   --->   Operation 209 'write' 'write_ln0' <Predicate = (icmp_ln35)> <Delay = 0.00>
ST_2 : Operation 210 [1/1] (0.00ns)   --->   "%ret_ln0 = ret"   --->   Operation 210 'ret' 'ret_ln0' <Predicate = (icmp_ln35)> <Delay = 0.00>

State 3 <SV = 2> <Delay = 4.93>
ST_3 : Operation 141 [1/1] (0.00ns)   --->   "%p_load45 = load i64 %empty" [d1.cpp:55]   --->   Operation 141 'load' 'p_load45' <Predicate = true> <Delay = 0.00>
ST_3 : Operation 142 [1/1] (0.00ns)   --->   "%p_load43 = load i64 %empty_22" [d1.cpp:55]   --->   Operation 142 'load' 'p_load43' <Predicate = true> <Delay = 0.00>
ST_3 : Operation 143 [1/1] (0.00ns)   --->   "%p_load41 = load i64 %empty_23" [d1.cpp:55]   --->   Operation 143 'load' 'p_load41' <Predicate = true> <Delay = 0.00>
ST_3 : Operation 144 [1/1] (0.00ns)   --->   "%p_load39 = load i64 %empty_24" [d1.cpp:55]   --->   Operation 144 'load' 'p_load39' <Predicate = true> <Delay = 0.00>
ST_3 : Operation 145 [1/1] (0.00ns)   --->   "%p_load37 = load i64 %empty_25" [d1.cpp:55]   --->   Operation 145 'load' 'p_load37' <Predicate = true> <Delay = 0.00>
ST_3 : Operation 146 [1/1] (0.00ns)   --->   "%p_load35 = load i64 %empty_26" [d1.cpp:55]   --->   Operation 146 'load' 'p_load35' <Predicate = true> <Delay = 0.00>
ST_3 : Operation 147 [1/1] (0.00ns)   --->   "%p_load33 = load i64 %empty_27" [d1.cpp:55]   --->   Operation 147 'load' 'p_load33' <Predicate = true> <Delay = 0.00>
ST_3 : Operation 148 [1/1] (0.00ns)   --->   "%p_load31 = load i64 %empty_28" [d1.cpp:55]   --->   Operation 148 'load' 'p_load31' <Predicate = true> <Delay = 0.00>
ST_3 : Operation 149 [1/1] (0.00ns)   --->   "%p_load = load i64 %empty_29" [d1.cpp:55]   --->   Operation 149 'load' 'p_load' <Predicate = true> <Delay = 0.00>
ST_3 : Operation 150 [1/1] (0.00ns)   --->   "%specpipeline_ln37 = specpipeline void @_ssdm_op_SpecPipeline, i32 1, i32 0, i32 0, i32 0, void @empty_14" [d1.cpp:37]   --->   Operation 150 'specpipeline' 'specpipeline_ln37' <Predicate = true> <Delay = 0.00>
ST_3 : Operation 151 [1/1] (0.00ns)   --->   "%speclooptripcount_ln35 = speclooptripcount void @_ssdm_op_SpecLoopTripCount, i64 10, i64 10, i64 10" [d1.cpp:35]   --->   Operation 151 'speclooptripcount' 'speclooptripcount_ln35' <Predicate = true> <Delay = 0.00>
ST_3 : Operation 152 [1/1] (0.00ns)   --->   "%specloopname_ln35 = specloopname void @_ssdm_op_SpecLoopName, void @empty_11" [d1.cpp:35]   --->   Operation 152 'specloopname' 'specloopname_ln35' <Predicate = true> <Delay = 0.00>
ST_3 : Operation 153 [1/1] (0.00ns)   --->   "%zext_ln55_2 = zext i32 %select_ln49" [d1.cpp:55]   --->   Operation 153 'zext' 'zext_ln55_2' <Predicate = true> <Delay = 0.00>
ST_3 : [1/1] (0.75ns)   --->   Input mux for Operation 154 '%mul_ln55_1 = mul i64 %zext_ln55_2, i64 %zext_ln55'
ST_3 : Operation 154 [1/1] (2.66ns)   --->   "%mul_ln55_1 = mul i64 %zext_ln55_2, i64 %zext_ln55" [d1.cpp:55]   --->   Operation 154 'mul' 'mul_ln55_1' <Predicate = true> <Delay = 2.66> <CoreInst = "Multiplier">   --->   Core 3 'Multiplier' <Latency = 0> <II = 1> <Delay = 3.42> <FuncUnit> <Opcode : 'mul'> <InPorts = 2> <OutPorts = 1>
ST_3 : Operation 155 [1/1] (1.08ns)   --->   "%add_ln55_1 = add i64 %mul_ln55_1, i64 %p_load45" [d1.cpp:55]   --->   Operation 155 'add' 'add_ln55_1' <Predicate = true> <Delay = 1.08> <CoreInst = "Adder">   --->   Core 1 'Adder' <Latency = 0> <II = 1> <Delay = 1.08> <FuncUnit> <Opcode : 'add' 'sub'> <InPorts = 2> <OutPorts = 1>
ST_3 : Operation 156 [1/1] (0.00ns)   --->   "%zext_ln55_3 = zext i32 %select_ln49_1" [d1.cpp:55]   --->   Operation 156 'zext' 'zext_ln55_3' <Predicate = true> <Delay = 0.00>
ST_3 : [1/1] (0.75ns)   --->   Input mux for Operation 157 '%mul_ln55_2 = mul i64 %zext_ln55_3, i64 %zext_ln55'
ST_3 : Operation 157 [1/1] (2.66ns)   --->   "%mul_ln55_2 = mul i64 %zext_ln55_3, i64 %zext_ln55" [d1.cpp:55]   --->   Operation 157 'mul' 'mul_ln55_2' <Predicate = true> <Delay = 2.66> <CoreInst = "Multiplier">   --->   Core 3 'Multiplier' <Latency = 0> <II = 1> <Delay = 3.42> <FuncUnit> <Opcode : 'mul'> <InPorts = 2> <OutPorts = 1>
ST_3 : Operation 158 [1/1] (1.08ns)   --->   "%add_ln55_2 = add i64 %mul_ln55_2, i64 %p_load43" [d1.cpp:55]   --->   Operation 158 'add' 'add_ln55_2' <Predicate = true> <Delay = 1.08> <CoreInst = "Adder">   --->   Core 1 'Adder' <Latency = 0> <II = 1> <Delay = 1.08> <FuncUnit> <Opcode : 'add' 'sub'> <InPorts = 2> <OutPorts = 1>
ST_3 : Operation 159 [1/1] (0.00ns)   --->   "%zext_ln55_4 = zext i32 %select_ln49_2" [d1.cpp:55]   --->   Operation 159 'zext' 'zext_ln55_4' <Predicate = true> <Delay = 0.00>
ST_3 : [1/1] (0.75ns)   --->   Input mux for Operation 160 '%mul_ln55_3 = mul i64 %zext_ln55_4, i64 %zext_ln55'
ST_3 : Operation 160 [1/1] (2.66ns)   --->   "%mul_ln55_3 = mul i64 %zext_ln55_4, i64 %zext_ln55" [d1.cpp:55]   --->   Operation 160 'mul' 'mul_ln55_3' <Predicate = true> <Delay = 2.66> <CoreInst = "Multiplier">   --->   Core 3 'Multiplier' <Latency = 0> <II = 1> <Delay = 3.42> <FuncUnit> <Opcode : 'mul'> <InPorts = 2> <OutPorts = 1>
ST_3 : Operation 161 [1/1] (1.08ns)   --->   "%add_ln55_3 = add i64 %mul_ln55_3, i64 %p_load41" [d1.cpp:55]   --->   Operation 161 'add' 'add_ln55_3' <Predicate = true> <Delay = 1.08> <CoreInst = "Adder">   --->   Core 1 'Adder' <Latency = 0> <II = 1> <Delay = 1.08> <FuncUnit> <Opcode : 'add' 'sub'> <InPorts = 2> <OutPorts = 1>
ST_3 : Operation 162 [1/1] (0.00ns)   --->   "%zext_ln55_5 = zext i32 %select_ln49_3" [d1.cpp:55]   --->   Operation 162 'zext' 'zext_ln55_5' <Predicate = true> <Delay = 0.00>
ST_3 : [1/1] (0.75ns)   --->   Input mux for Operation 163 '%mul_ln55_4 = mul i64 %zext_ln55_5, i64 %zext_ln55'
ST_3 : Operation 163 [1/1] (2.66ns)   --->   "%mul_ln55_4 = mul i64 %zext_ln55_5, i64 %zext_ln55" [d1.cpp:55]   --->   Operation 163 'mul' 'mul_ln55_4' <Predicate = true> <Delay = 2.66> <CoreInst = "Multiplier">   --->   Core 3 'Multiplier' <Latency = 0> <II = 1> <Delay = 3.42> <FuncUnit> <Opcode : 'mul'> <InPorts = 2> <OutPorts = 1>
ST_3 : Operation 164 [1/1] (1.08ns)   --->   "%add_ln55_4 = add i64 %mul_ln55_4, i64 %p_load39" [d1.cpp:55]   --->   Operation 164 'add' 'add_ln55_4' <Predicate = true> <Delay = 1.08> <CoreInst = "Adder">   --->   Core 1 'Adder' <Latency = 0> <II = 1> <Delay = 1.08> <FuncUnit> <Opcode : 'add' 'sub'> <InPorts = 2> <OutPorts = 1>
ST_3 : Operation 165 [1/1] (0.00ns)   --->   "%zext_ln55_6 = zext i32 %select_ln49_4" [d1.cpp:55]   --->   Operation 165 'zext' 'zext_ln55_6' <Predicate = true> <Delay = 0.00>
ST_3 : [1/1] (0.75ns)   --->   Input mux for Operation 166 '%mul_ln55_5 = mul i64 %zext_ln55_6, i64 %zext_ln55'
ST_3 : Operation 166 [1/1] (2.66ns)   --->   "%mul_ln55_5 = mul i64 %zext_ln55_6, i64 %zext_ln55" [d1.cpp:55]   --->   Operation 166 'mul' 'mul_ln55_5' <Predicate = true> <Delay = 2.66> <CoreInst = "Multiplier">   --->   Core 3 'Multiplier' <Latency = 0> <II = 1> <Delay = 3.42> <FuncUnit> <Opcode : 'mul'> <InPorts = 2> <OutPorts = 1>
ST_3 : Operation 167 [1/1] (1.08ns)   --->   "%add_ln55_5 = add i64 %mul_ln55_5, i64 %p_load37" [d1.cpp:55]   --->   Operation 167 'add' 'add_ln55_5' <Predicate = true> <Delay = 1.08> <CoreInst = "Adder">   --->   Core 1 'Adder' <Latency = 0> <II = 1> <Delay = 1.08> <FuncUnit> <Opcode : 'add' 'sub'> <InPorts = 2> <OutPorts = 1>
ST_3 : Operation 168 [1/1] (0.00ns)   --->   "%zext_ln55_7 = zext i32 %select_ln49_5" [d1.cpp:55]   --->   Operation 168 'zext' 'zext_ln55_7' <Predicate = true> <Delay = 0.00>
ST_3 : [1/1] (0.75ns)   --->   Input mux for Operation 169 '%mul_ln55_6 = mul i64 %zext_ln55_7, i64 %zext_ln55'
ST_3 : Operation 169 [1/1] (2.66ns)   --->   "%mul_ln55_6 = mul i64 %zext_ln55_7, i64 %zext_ln55" [d1.cpp:55]   --->   Operation 169 'mul' 'mul_ln55_6' <Predicate = true> <Delay = 2.66> <CoreInst = "Multiplier">   --->   Core 3 'Multiplier' <Latency = 0> <II = 1> <Delay = 3.42> <FuncUnit> <Opcode : 'mul'> <InPorts = 2> <OutPorts = 1>
ST_3 : Operation 170 [1/1] (1.08ns)   --->   "%add_ln55_6 = add i64 %mul_ln55_6, i64 %p_load35" [d1.cpp:55]   --->   Operation 170 'add' 'add_ln55_6' <Predicate = true> <Delay = 1.08> <CoreInst = "Adder">   --->   Core 1 'Adder' <Latency = 0> <II = 1> <Delay = 1.08> <FuncUnit> <Opcode : 'add' 'sub'> <InPorts = 2> <OutPorts = 1>
ST_3 : Operation 171 [1/1] (0.00ns)   --->   "%zext_ln55_8 = zext i32 %select_ln49_6" [d1.cpp:55]   --->   Operation 171 'zext' 'zext_ln55_8' <Predicate = true> <Delay = 0.00>
ST_3 : [1/1] (0.75ns)   --->   Input mux for Operation 172 '%mul_ln55_7 = mul i64 %zext_ln55_8, i64 %zext_ln55'
ST_3 : Operation 172 [1/1] (2.66ns)   --->   "%mul_ln55_7 = mul i64 %zext_ln55_8, i64 %zext_ln55" [d1.cpp:55]   --->   Operation 172 'mul' 'mul_ln55_7' <Predicate = true> <Delay = 2.66> <CoreInst = "Multiplier">   --->   Core 3 'Multiplier' <Latency = 0> <II = 1> <Delay = 3.42> <FuncUnit> <Opcode : 'mul'> <InPorts = 2> <OutPorts = 1>
ST_3 : Operation 173 [1/1] (1.08ns)   --->   "%add_ln55_7 = add i64 %mul_ln55_7, i64 %p_load33" [d1.cpp:55]   --->   Operation 173 'add' 'add_ln55_7' <Predicate = true> <Delay = 1.08> <CoreInst = "Adder">   --->   Core 1 'Adder' <Latency = 0> <II = 1> <Delay = 1.08> <FuncUnit> <Opcode : 'add' 'sub'> <InPorts = 2> <OutPorts = 1>
ST_3 : Operation 174 [1/1] (0.00ns)   --->   "%zext_ln55_9 = zext i32 %select_ln49_7" [d1.cpp:55]   --->   Operation 174 'zext' 'zext_ln55_9' <Predicate = true> <Delay = 0.00>
ST_3 : [1/1] (0.75ns)   --->   Input mux for Operation 175 '%mul_ln55_8 = mul i64 %zext_ln55_9, i64 %zext_ln55'
ST_3 : Operation 175 [1/1] (2.66ns)   --->   "%mul_ln55_8 = mul i64 %zext_ln55_9, i64 %zext_ln55" [d1.cpp:55]   --->   Operation 175 'mul' 'mul_ln55_8' <Predicate = true> <Delay = 2.66> <CoreInst = "Multiplier">   --->   Core 3 'Multiplier' <Latency = 0> <II = 1> <Delay = 3.42> <FuncUnit> <Opcode : 'mul'> <InPorts = 2> <OutPorts = 1>
ST_3 : Operation 176 [1/1] (1.08ns)   --->   "%add_ln55_8 = add i64 %mul_ln55_8, i64 %p_load31" [d1.cpp:55]   --->   Operation 176 'add' 'add_ln55_8' <Predicate = true> <Delay = 1.08> <CoreInst = "Adder">   --->   Core 1 'Adder' <Latency = 0> <II = 1> <Delay = 1.08> <FuncUnit> <Opcode : 'add' 'sub'> <InPorts = 2> <OutPorts = 1>
ST_3 : Operation 177 [1/1] (0.00ns)   --->   "%zext_ln55_10 = zext i32 %select_ln49_8" [d1.cpp:55]   --->   Operation 177 'zext' 'zext_ln55_10' <Predicate = true> <Delay = 0.00>
ST_3 : [1/1] (0.75ns)   --->   Input mux for Operation 178 '%mul_ln55_9 = mul i64 %zext_ln55_10, i64 %zext_ln55'
ST_3 : Operation 178 [1/1] (2.66ns)   --->   "%mul_ln55_9 = mul i64 %zext_ln55_10, i64 %zext_ln55" [d1.cpp:55]   --->   Operation 178 'mul' 'mul_ln55_9' <Predicate = true> <Delay = 2.66> <CoreInst = "Multiplier">   --->   Core 3 'Multiplier' <Latency = 0> <II = 1> <Delay = 3.42> <FuncUnit> <Opcode : 'mul'> <InPorts = 2> <OutPorts = 1>
ST_3 : Operation 179 [1/1] (1.08ns)   --->   "%add_ln55_9 = add i64 %mul_ln55_9, i64 %p_load" [d1.cpp:55]   --->   Operation 179 'add' 'add_ln55_9' <Predicate = true> <Delay = 1.08> <CoreInst = "Adder">   --->   Core 1 'Adder' <Latency = 0> <II = 1> <Delay = 1.08> <FuncUnit> <Opcode : 'add' 'sub'> <InPorts = 2> <OutPorts = 1>
ST_3 : Operation 180 [1/1] (0.42ns)   --->   "%store_ln35 = store i64 %add_ln55_9, i64 %empty_29" [d1.cpp:35]   --->   Operation 180 'store' 'store_ln35' <Predicate = true> <Delay = 0.42>
ST_3 : Operation 181 [1/1] (0.42ns)   --->   "%store_ln35 = store i64 %add_ln55_8, i64 %empty_28" [d1.cpp:35]   --->   Operation 181 'store' 'store_ln35' <Predicate = true> <Delay = 0.42>
ST_3 : Operation 182 [1/1] (0.42ns)   --->   "%store_ln35 = store i64 %add_ln55_7, i64 %empty_27" [d1.cpp:35]   --->   Operation 182 'store' 'store_ln35' <Predicate = true> <Delay = 0.42>
ST_3 : Operation 183 [1/1] (0.42ns)   --->   "%store_ln35 = store i64 %add_ln55_6, i64 %empty_26" [d1.cpp:35]   --->   Operation 183 'store' 'store_ln35' <Predicate = true> <Delay = 0.42>
ST_3 : Operation 184 [1/1] (0.42ns)   --->   "%store_ln35 = store i64 %add_ln55_5, i64 %empty_25" [d1.cpp:35]   --->   Operation 184 'store' 'store_ln35' <Predicate = true> <Delay = 0.42>
ST_3 : Operation 185 [1/1] (0.42ns)   --->   "%store_ln35 = store i64 %add_ln55_4, i64 %empty_24" [d1.cpp:35]   --->   Operation 185 'store' 'store_ln35' <Predicate = true> <Delay = 0.42>
ST_3 : Operation 186 [1/1] (0.42ns)   --->   "%store_ln35 = store i64 %add_ln55_3, i64 %empty_23" [d1.cpp:35]   --->   Operation 186 'store' 'store_ln35' <Predicate = true> <Delay = 0.42>
ST_3 : Operation 187 [1/1] (0.42ns)   --->   "%store_ln35 = store i64 %add_ln55_2, i64 %empty_22" [d1.cpp:35]   --->   Operation 187 'store' 'store_ln35' <Predicate = true> <Delay = 0.42>
ST_3 : Operation 188 [1/1] (0.42ns)   --->   "%store_ln35 = store i64 %add_ln55_1, i64 %empty" [d1.cpp:35]   --->   Operation 188 'store' 'store_ln35' <Predicate = true> <Delay = 0.42>
ST_3 : Operation 189 [1/1] (0.00ns)   --->   "%br_ln35 = br void %for.body31" [d1.cpp:35]   --->   Operation 189 'br' 'br_ln35' <Predicate = true> <Delay = 0.00>


============================================================
+ Verbose Summary: Timing violations
============================================================
Target clock period: 10.000ns, clock uncertainty: 2.700ns.

 <State 1>: 0.427ns
The critical path consists of the following:
	'alloca' operation ('i1') [41]  (0.000 ns)
	'store' operation ('store_ln0') of constant 0 on local variable 'i1' [62]  (0.427 ns)

 <State 2>: 6.483ns
The critical path consists of the following:
	'load' operation ('i1') on local variable 'i1' [75]  (0.000 ns)
	'sub' operation ('sub_ln55', d1.cpp:55) [99]  (0.797 ns)
	'mux' operation ('tmp_1', d1.cpp:55) [100]  (0.754 ns)
	multiplexor before operation 'mul' with delay (0.754 ns)
'mul' operation ('mul_ln55', d1.cpp:55) [102]  (2.666 ns)
	'add' operation ('add_ln55', d1.cpp:55) [103]  (1.085 ns)
	'store' operation ('store_ln35', d1.cpp:35) of variable 'add_ln55', d1.cpp:55 on local variable 'add7111' [216]  (0.427 ns)

 <State 3>: 4.932ns
The critical path consists of the following:
	multiplexor before operation 'mul' with delay (0.754 ns)
'mul' operation ('mul_ln55_9', d1.cpp:55) [204]  (2.666 ns)
	'add' operation ('add_ln55_9', d1.cpp:55) [205]  (1.085 ns)
	'store' operation ('store_ln35', d1.cpp:35) of variable 'add_ln55_9', d1.cpp:55 on local variable 'empty_29' [207]  (0.427 ns)


============================================================
+ Verbose Summary: Binding
============================================================
N/A
* FSMD analyzer results:
  - Output states:
 - Input state : 
  - Chain level:
	State 1
	State 2
	State 3


============================================================
+ Verbose Summary: Datapath Resource usage 
============================================================
N/A
