

================================================================
== Vitis HLS Report for 'fiat_25519_carry_mul_Pipeline_VITIS_LOOP_36_1'
================================================================
* Date:           Thu May  9 14:23:54 2024

* Version:        2023.1.1 (Build 3869133 on Jun 15 2023)
* Project:        D2
* Solution:       comb_45 (Vivado IP Flow Target)
* Product family: zynquplus
* Target device:  xczu9eg-ffvb1156-2-e


================================================================
== Performance Estimates
================================================================
+ Timing: 
    * Summary: 
    +--------+----------+----------+------------+
    |  Clock |  Target  | Estimated| Uncertainty|
    +--------+----------+----------+------------+
    |ap_clk  |  10.00 ns|  5.751 ns|     2.70 ns|
    +--------+----------+----------+------------+

+ Latency: 
    * Summary: 
    +---------+---------+-----------+-----------+-----+-----+---------+
    |  Latency (cycles) |   Latency (absolute)  |  Interval | Pipeline|
    |   min   |   max   |    min    |    max    | min | max |   Type  |
    +---------+---------+-----------+-----------+-----+-----+---------+
    |        5|        5|  50.000 ns|  50.000 ns|    5|    5|       no|
    +---------+---------+-----------+-----------+-----+-----+---------+

    + Detail: 
        * Instance: 
        N/A

        * Loop: 
        +-------------------+---------+---------+----------+-----------+-----------+------+----------+
        |                   |  Latency (cycles) | Iteration|  Initiation Interval  | Trip |          |
        |     Loop Name     |   min   |   max   |  Latency |  achieved |   target  | Count| Pipelined|
        +-------------------+---------+---------+----------+-----------+-----------+------+----------+
        |- VITIS_LOOP_36_1  |        3|        3|         2|          1|          1|     3|       yes|
        +-------------------+---------+---------+----------+-----------+-----------+------+----------+



================================================================
== Utilization Estimates
================================================================
* Summary: 
+-----------------+---------+------+--------+--------+-----+
|       Name      | BRAM_18K|  DSP |   FF   |   LUT  | URAM|
+-----------------+---------+------+--------+--------+-----+
|DSP              |        -|     -|       -|       -|    -|
|Expression       |        -|     -|       0|    3058|    -|
|FIFO             |        -|     -|       -|       -|    -|
|Instance         |        -|   130|       0|    1311|    -|
|Memory           |        -|     -|       -|       -|    -|
|Multiplexer      |        -|     -|       -|     117|    -|
|Register         |        -|     -|    1229|       -|    -|
+-----------------+---------+------+--------+--------+-----+
|Total            |        0|   130|    1229|    4486|    0|
+-----------------+---------+------+--------+--------+-----+
|Available        |     1824|  2520|  548160|  274080|    0|
+-----------------+---------+------+--------+--------+-----+
|Utilization (%)  |        0|     5|      ~0|       1|    0|
+-----------------+---------+------+--------+--------+-----+

+ Detail: 
    * Instance: 
    +--------------------------+----------------------+---------+----+---+----+-----+
    |         Instance         |        Module        | BRAM_18K| DSP| FF| LUT| URAM|
    +--------------------------+----------------------+---------+----+---+----+-----+
    |mul_32ns_32ns_64_1_1_U25  |mul_32ns_32ns_64_1_1  |        0|   4|  0|  20|    0|
    |mul_32ns_32ns_64_1_1_U26  |mul_32ns_32ns_64_1_1  |        0|   4|  0|  20|    0|
    |mul_32ns_32ns_64_1_1_U27  |mul_32ns_32ns_64_1_1  |        0|   4|  0|  20|    0|
    |mul_32ns_32ns_64_1_1_U28  |mul_32ns_32ns_64_1_1  |        0|   4|  0|  20|    0|
    |mul_32ns_32ns_64_1_1_U29  |mul_32ns_32ns_64_1_1  |        0|   4|  0|  20|    0|
    |mul_32ns_32ns_64_1_1_U30  |mul_32ns_32ns_64_1_1  |        0|   4|  0|  20|    0|
    |mul_32ns_32ns_64_1_1_U31  |mul_32ns_32ns_64_1_1  |        0|   4|  0|  20|    0|
    |mul_32ns_32ns_64_1_1_U32  |mul_32ns_32ns_64_1_1  |        0|   4|  0|  20|    0|
    |mul_32ns_32ns_64_1_1_U33  |mul_32ns_32ns_64_1_1  |        0|   4|  0|  20|    0|
    |mul_32ns_32ns_64_1_1_U34  |mul_32ns_32ns_64_1_1  |        0|   4|  0|  20|    0|
    |mul_32ns_32ns_64_1_1_U35  |mul_32ns_32ns_64_1_1  |        0|   4|  0|  20|    0|
    |mul_32ns_32ns_64_1_1_U36  |mul_32ns_32ns_64_1_1  |        0|   4|  0|  20|    0|
    |mul_32ns_32ns_64_1_1_U37  |mul_32ns_32ns_64_1_1  |        0|   4|  0|  20|    0|
    |mul_32ns_32ns_64_1_1_U38  |mul_32ns_32ns_64_1_1  |        0|   4|  0|  20|    0|
    |mul_32ns_32ns_64_1_1_U39  |mul_32ns_32ns_64_1_1  |        0|   4|  0|  20|    0|
    |mul_32ns_32ns_64_1_1_U40  |mul_32ns_32ns_64_1_1  |        0|   4|  0|  20|    0|
    |mul_32ns_32ns_64_1_1_U41  |mul_32ns_32ns_64_1_1  |        0|   4|  0|  20|    0|
    |mul_32ns_32ns_64_1_1_U42  |mul_32ns_32ns_64_1_1  |        0|   4|  0|  20|    0|
    |mul_32ns_32ns_64_1_1_U43  |mul_32ns_32ns_64_1_1  |        0|   4|  0|  20|    0|
    |mul_32ns_32ns_64_1_1_U44  |mul_32ns_32ns_64_1_1  |        0|   4|  0|  20|    0|
    |mul_32ns_32ns_64_1_1_U45  |mul_32ns_32ns_64_1_1  |        0|   4|  0|  20|    0|
    |mul_32ns_32ns_64_1_1_U46  |mul_32ns_32ns_64_1_1  |        0|   4|  0|  20|    0|
    |mul_32ns_32ns_64_1_1_U47  |mul_32ns_32ns_64_1_1  |        0|   4|  0|  20|    0|
    |mul_32ns_32ns_64_1_1_U48  |mul_32ns_32ns_64_1_1  |        0|   4|  0|  20|    0|
    |mul_32s_6ns_32_1_1_U58    |mul_32s_6ns_32_1_1    |        0|   2|  0|  20|    0|
    |mul_32s_6ns_32_1_1_U59    |mul_32s_6ns_32_1_1    |        0|   2|  0|  20|    0|
    |mul_32s_6ns_32_1_1_U60    |mul_32s_6ns_32_1_1    |        0|   2|  0|  20|    0|
    |mul_32s_6ns_32_1_1_U61    |mul_32s_6ns_32_1_1    |        0|   2|  0|  20|    0|
    |mul_32s_6ns_32_1_1_U62    |mul_32s_6ns_32_1_1    |        0|   2|  0|  20|    0|
    |mul_32s_6ns_32_1_1_U63    |mul_32s_6ns_32_1_1    |        0|   2|  0|  20|    0|
    |mul_32s_6ns_32_1_1_U64    |mul_32s_6ns_32_1_1    |        0|   2|  0|  20|    0|
    |mul_32s_6ns_32_1_1_U65    |mul_32s_6ns_32_1_1    |        0|   2|  0|  20|    0|
    |mul_32s_7s_32_1_1_U49     |mul_32s_7s_32_1_1     |        0|   2|  0|  20|    0|
    |mul_32s_7s_32_1_1_U50     |mul_32s_7s_32_1_1     |        0|   2|  0|  20|    0|
    |mul_32s_7s_32_1_1_U51     |mul_32s_7s_32_1_1     |        0|   2|  0|  20|    0|
    |mul_32s_7s_32_1_1_U52     |mul_32s_7s_32_1_1     |        0|   2|  0|  20|    0|
    |mul_32s_7s_32_1_1_U53     |mul_32s_7s_32_1_1     |        0|   2|  0|  20|    0|
    |mul_32s_7s_32_1_1_U54     |mul_32s_7s_32_1_1     |        0|   2|  0|  20|    0|
    |mul_32s_7s_32_1_1_U55     |mul_32s_7s_32_1_1     |        0|   2|  0|  20|    0|
    |mul_32s_7s_32_1_1_U56     |mul_32s_7s_32_1_1     |        0|   2|  0|  20|    0|
    |mul_32s_7s_32_1_1_U57     |mul_32s_7s_32_1_1     |        0|   2|  0|  20|    0|
    |mux_10_4_32_1_1_U69       |mux_10_4_32_1_1       |        0|   0|  0|  54|    0|
    |mux_10_4_32_1_1_U70       |mux_10_4_32_1_1       |        0|   0|  0|  54|    0|
    |mux_10_4_32_1_1_U71       |mux_10_4_32_1_1       |        0|   0|  0|  54|    0|
    |mux_10_4_32_1_1_U72       |mux_10_4_32_1_1       |        0|   0|  0|  54|    0|
    |mux_10_4_32_1_1_U73       |mux_10_4_32_1_1       |        0|   0|  0|  54|    0|
    |mux_8_3_32_1_1_U66        |mux_8_3_32_1_1        |        0|   0|  0|  43|    0|
    |mux_8_3_32_1_1_U67        |mux_8_3_32_1_1        |        0|   0|  0|  43|    0|
    |mux_8_3_32_1_1_U68        |mux_8_3_32_1_1        |        0|   0|  0|  43|    0|
    |mux_8_3_32_1_1_U75        |mux_8_3_32_1_1        |        0|   0|  0|  43|    0|
    |mux_9_4_32_1_1_U74        |mux_9_4_32_1_1        |        0|   0|  0|  49|    0|
    +--------------------------+----------------------+---------+----+---+----+-----+
    |Total                     |                      |        0| 130|  0|1311|    0|
    +--------------------------+----------------------+---------+----+---+----+-----+

    * DSP: 
    N/A

    * Memory: 
    N/A

    * FIFO: 
    N/A

    * Expression: 
    +---------------------------+----------+----+---+----+------------+------------+
    |       Variable Name       | Operation| DSP| FF| LUT| Bitwidth P0| Bitwidth P1|
    +---------------------------+----------+----+---+----+------------+------------+
    |add_ln48_fu_652_p2         |         +|   0|  0|  12|           4|           2|
    |add_ln49_10_fu_1337_p2     |         +|   0|  0|  64|          64|          64|
    |add_ln49_11_fu_1343_p2     |         +|   0|  0|  64|          64|          64|
    |add_ln49_12_fu_1383_p2     |         +|   0|  0|  71|          64|          64|
    |add_ln49_13_fu_1389_p2     |         +|   0|  0|  64|          64|          64|
    |add_ln49_14_fu_1395_p2     |         +|   0|  0|  64|          64|          64|
    |add_ln49_15_fu_1422_p2     |         +|   0|  0|  71|          64|          64|
    |add_ln49_16_fu_1428_p2     |         +|   0|  0|  64|          64|          64|
    |add_ln49_17_fu_1434_p2     |         +|   0|  0|  64|          64|          64|
    |add_ln49_18_fu_1454_p2     |         +|   0|  0|  71|          64|          64|
    |add_ln49_19_fu_1460_p2     |         +|   0|  0|  64|          64|          64|
    |add_ln49_1_fu_1181_p2      |         +|   0|  0|  64|          64|          64|
    |add_ln49_20_fu_1466_p2     |         +|   0|  0|  64|          64|          64|
    |add_ln49_21_fu_1480_p2     |         +|   0|  0|  71|          64|          64|
    |add_ln49_22_fu_1486_p2     |         +|   0|  0|  64|          64|          64|
    |add_ln49_23_fu_1492_p2     |         +|   0|  0|  64|          64|          64|
    |add_ln49_2_fu_1187_p2      |         +|   0|  0|  64|          64|          64|
    |add_ln49_3_fu_1227_p2      |         +|   0|  0|  71|          64|          64|
    |add_ln49_4_fu_1233_p2      |         +|   0|  0|  64|          64|          64|
    |add_ln49_5_fu_1239_p2      |         +|   0|  0|  64|          64|          64|
    |add_ln49_6_fu_1279_p2      |         +|   0|  0|  71|          64|          64|
    |add_ln49_7_fu_1285_p2      |         +|   0|  0|  64|          64|          64|
    |add_ln49_8_fu_1291_p2      |         +|   0|  0|  64|          64|          64|
    |add_ln49_9_fu_1331_p2      |         +|   0|  0|  71|          64|          64|
    |add_ln49_fu_1147_p2        |         +|   0|  0|  71|          64|          64|
    |empty_22_fu_679_p2         |         +|   0|  0|  12|           4|           3|
    |empty_23_fu_706_p2         |         +|   0|  0|  12|           4|           3|
    |empty_24_fu_767_p2         |         +|   0|  0|  12|           4|           3|
    |empty_25_fu_828_p2         |         +|   0|  0|  12|           5|           3|
    |empty_26_fu_889_p2         |         +|   0|  0|  12|           5|           4|
    |tmp_3_fu_1041_p9           |         -|   0|  0|  10|           1|           3|
    |tmp_5_fu_739_p11           |         -|   0|  0|  12|           3|           4|
    |tmp_6_fu_779_p11           |         -|   0|  0|  12|           3|           4|
    |tmp_7_fu_861_p11           |         -|   0|  0|  12|           4|           4|
    |tmp_8_fu_901_p11           |         -|   0|  0|  12|           4|           4|
    |tmp_9_fu_966_p11           |         -|   0|  0|  12|           4|           4|
    |tmp_s_fu_1000_p10          |         -|   0|  0|  12|           4|           4|
    |and_ln48_1_fu_691_p2       |       and|   0|  0|   2|           1|           1|
    |and_ln48_2_fu_718_p2       |       and|   0|  0|   2|           1|           1|
    |and_ln48_3_fu_813_p2       |       and|   0|  0|   2|           1|           1|
    |and_ln48_4_fu_840_p2       |       and|   0|  0|   2|           1|           1|
    |and_ln48_5_fu_935_p2       |       and|   0|  0|   2|           1|           1|
    |and_ln48_fu_664_p2         |       and|   0|  0|   2|           1|           1|
    |and_ln49_10_fu_1319_p2     |       and|   0|  0|  64|          64|          64|
    |and_ln49_11_fu_1325_p2     |       and|   0|  0|  64|          64|          64|
    |and_ln49_12_fu_1365_p2     |       and|   0|  0|  64|          64|          64|
    |and_ln49_13_fu_1371_p2     |       and|   0|  0|  64|          64|          64|
    |and_ln49_14_fu_1377_p2     |       and|   0|  0|  64|          64|          64|
    |and_ln49_15_fu_1410_p2     |       and|   0|  0|  64|          64|          64|
    |and_ln49_16_fu_1416_p2     |       and|   0|  0|  64|          64|          64|
    |and_ln49_17_fu_1448_p2     |       and|   0|  0|  64|          64|          64|
    |and_ln49_1_fu_1162_p2      |       and|   0|  0|  64|          64|          64|
    |and_ln49_2_fu_1175_p2      |       and|   0|  0|  64|          64|          64|
    |and_ln49_3_fu_1209_p2      |       and|   0|  0|  64|          64|          64|
    |and_ln49_4_fu_1215_p2      |       and|   0|  0|  64|          64|          64|
    |and_ln49_5_fu_1221_p2      |       and|   0|  0|  64|          64|          64|
    |and_ln49_6_fu_1261_p2      |       and|   0|  0|  64|          64|          64|
    |and_ln49_7_fu_1267_p2      |       and|   0|  0|  64|          64|          64|
    |and_ln49_8_fu_1273_p2      |       and|   0|  0|  64|          64|          64|
    |and_ln49_9_fu_1313_p2      |       and|   0|  0|  64|          64|          64|
    |and_ln49_fu_1141_p2        |       and|   0|  0|  64|          64|          64|
    |icmp_ln36_fu_562_p2        |      icmp|   0|  0|  12|           4|           4|
    |icmp_ln48_1_fu_712_p2      |      icmp|   0|  0|  12|           4|           4|
    |icmp_ln48_2_fu_834_p2      |      icmp|   0|  0|  12|           5|           4|
    |icmp_ln48_fu_658_p2        |      icmp|   0|  0|  12|           4|           4|
    |icmp_ln49_1_fu_807_p2      |      icmp|   0|  0|  12|           4|           4|
    |icmp_ln49_2_fu_929_p2      |      icmp|   0|  0|  12|           5|           4|
    |icmp_ln49_fu_685_p2        |      icmp|   0|  0|  12|           4|           4|
    |mul_ln49_16_fu_443_p10     |    select|   0|  0|   6|           1|           6|
    |mul_ln49_17_fu_447_p10     |    select|   0|  0|   6|           1|           6|
    |mul_ln49_26_fu_451_p10     |    select|   0|  0|   6|           1|           6|
    |mul_ln49_36_fu_459_p10     |    select|   0|  0|   6|           1|           5|
    |mul_ln49_6_fu_434_p10      |    select|   0|  0|   6|           1|           6|
    |mul_ln49_7_fu_439_p10      |    select|   0|  0|   6|           1|           6|
    |mul_ln49_fu_429_p10        |    select|   0|  0|   6|           1|           6|
    |select_ln49_10_fu_1358_p3  |    select|   0|  0|   2|           1|           2|
    |select_ln49_12_fu_950_p3   |    select|   0|  0|   6|           1|           6|
    |select_ln49_1_fu_1134_p3   |    select|   0|  0|   2|           1|           2|
    |select_ln49_2_fu_1168_p3   |    select|   0|  0|   2|           1|           2|
    |select_ln49_5_fu_1202_p3   |    select|   0|  0|   2|           1|           2|
    |select_ln49_6_fu_1254_p3   |    select|   0|  0|   2|           1|           2|
    |select_ln49_9_fu_1306_p3   |    select|   0|  0|   2|           1|           2|
    |ap_enable_pp0              |       xor|   0|  0|   2|           1|           2|
    |cmp32_1_1_fu_646_p2        |       xor|   0|  0|   2|           1|           2|
    +---------------------------+----------+----+---+----+------------+------------+
    |Total                      |          |   0|  0|3058|        2789|        2830|
    +---------------------------+----------+----+---+----+------------+------------+

    * Multiplexer: 
    +-------------------------+----+-----------+-----+-----------+
    |           Name          | LUT| Input Size| Bits| Total Bits|
    +-------------------------+----+-----------+-----+-----------+
    |add59_1248_fu_122        |   9|          2|   64|        128|
    |add59_2249_fu_126        |   9|          2|   64|        128|
    |add59_3250_fu_130        |   9|          2|   64|        128|
    |add59_4251_fu_134        |   9|          2|   64|        128|
    |add59_5252_fu_138        |   9|          2|   64|        128|
    |add59_6253_fu_142        |   9|          2|   64|        128|
    |add59_7254_fu_146        |   9|          2|   64|        128|
    |add59_8255_fu_150        |   9|          2|   64|        128|
    |add59_9256_fu_154        |   9|          2|   64|        128|
    |ap_done_int              |   9|          2|    1|          2|
    |ap_enable_reg_pp0_iter1  |   9|          2|    1|          2|
    |ap_sig_allocacmp_i1_1    |   9|          2|    4|          8|
    |i1_fu_158                |   9|          2|    4|          8|
    +-------------------------+----+-----------+-----+-----------+
    |Total                    | 117|         26|  586|       1172|
    +-------------------------+----+-----------+-----+-----------+

    * Register: 
    +-------------------------+----+----+-----+-----------+
    |           Name          | FF | LUT| Bits| Const Bits|
    +-------------------------+----+----+-----+-----------+
    |add59_1248_fu_122        |  64|   0|   64|          0|
    |add59_2249_fu_126        |  64|   0|   64|          0|
    |add59_3250_fu_130        |  64|   0|   64|          0|
    |add59_4251_fu_134        |  64|   0|   64|          0|
    |add59_5252_fu_138        |  64|   0|   64|          0|
    |add59_6253_fu_142        |  64|   0|   64|          0|
    |add59_7254_fu_146        |  64|   0|   64|          0|
    |add59_8255_fu_150        |  64|   0|   64|          0|
    |add59_9256_fu_154        |  64|   0|   64|          0|
    |ap_CS_fsm                |   1|   0|    1|          0|
    |ap_done_reg              |   1|   0|    1|          0|
    |ap_enable_reg_pp0_iter1  |   1|   0|    1|          0|
    |i1_fu_158                |   4|   0|    4|          0|
    |icmp_ln48_1_reg_1706     |   1|   0|    1|          0|
    |icmp_ln48_2_reg_1736     |   1|   0|    1|          0|
    |icmp_ln48_reg_1676       |   1|   0|    1|          0|
    |icmp_ln49_1_reg_1726     |   1|   0|    1|          0|
    |icmp_ln49_2_reg_1756     |   1|   0|    1|          0|
    |icmp_ln49_reg_1696       |   1|   0|    1|          0|
    |mul_ln49_11_reg_1716     |  32|   0|   32|          0|
    |mul_ln49_12_reg_1721     |  32|   0|   32|          0|
    |mul_ln49_16_reg_1731     |  32|   0|   32|          0|
    |mul_ln49_17_reg_1741     |  32|   0|   32|          0|
    |mul_ln49_21_reg_1746     |  32|   0|   32|          0|
    |mul_ln49_22_reg_1751     |  32|   0|   32|          0|
    |mul_ln49_26_reg_1761     |  32|   0|   32|          0|
    |mul_ln49_27_reg_1766     |  32|   0|   32|          0|
    |mul_ln49_2_reg_1686      |  32|   0|   32|          0|
    |mul_ln49_31_reg_1771     |  32|   0|   32|          0|
    |mul_ln49_32_reg_1776     |  32|   0|   32|          0|
    |mul_ln49_36_reg_1781     |  32|   0|   32|          0|
    |mul_ln49_37_reg_1786     |  32|   0|   32|          0|
    |mul_ln49_3_reg_1691      |  32|   0|   32|          0|
    |mul_ln49_6_reg_1701      |  32|   0|   32|          0|
    |mul_ln49_7_reg_1711      |  32|   0|   32|          0|
    |mul_ln49_reg_1681        |  32|   0|   32|          0|
    |tmp_1_reg_1666           |  32|   0|   32|          0|
    |tmp_2_reg_1671           |  32|   0|   32|          0|
    |tmp_reg_1661             |  32|   0|   32|          0|
    +-------------------------+----+----+-----+-----------+
    |Total                    |1229|   0| 1229|          0|
    +-------------------------+----+----+-----+-----------+



================================================================
== Interface
================================================================
* Summary: 
+-----------------------+-----+-----+------------+-----------------------------------------------+--------------+
|       RTL Ports       | Dir | Bits|  Protocol  |                 Source Object                 |    C Type    |
+-----------------------+-----+-----+------------+-----------------------------------------------+--------------+
|ap_clk                 |   in|    1|  ap_ctrl_hs|  fiat_25519_carry_mul_Pipeline_VITIS_LOOP_36_1|  return value|
|ap_rst                 |   in|    1|  ap_ctrl_hs|  fiat_25519_carry_mul_Pipeline_VITIS_LOOP_36_1|  return value|
|ap_start               |   in|    1|  ap_ctrl_hs|  fiat_25519_carry_mul_Pipeline_VITIS_LOOP_36_1|  return value|
|ap_done                |  out|    1|  ap_ctrl_hs|  fiat_25519_carry_mul_Pipeline_VITIS_LOOP_36_1|  return value|
|ap_idle                |  out|    1|  ap_ctrl_hs|  fiat_25519_carry_mul_Pipeline_VITIS_LOOP_36_1|  return value|
|ap_ready               |  out|    1|  ap_ctrl_hs|  fiat_25519_carry_mul_Pipeline_VITIS_LOOP_36_1|  return value|
|arg1_r_2_reload        |   in|   32|     ap_none|                                arg1_r_2_reload|        scalar|
|arg1_r_3_reload        |   in|   32|     ap_none|                                arg1_r_3_reload|        scalar|
|arg1_r_4_reload        |   in|   32|     ap_none|                                arg1_r_4_reload|        scalar|
|arg1_r_5_reload        |   in|   32|     ap_none|                                arg1_r_5_reload|        scalar|
|arg1_r_6_reload        |   in|   32|     ap_none|                                arg1_r_6_reload|        scalar|
|arg1_r_7_reload        |   in|   32|     ap_none|                                arg1_r_7_reload|        scalar|
|arg1_r_8_reload        |   in|   32|     ap_none|                                arg1_r_8_reload|        scalar|
|arg1_r_9_reload        |   in|   32|     ap_none|                                arg1_r_9_reload|        scalar|
|arg1_r_1_reload        |   in|   32|     ap_none|                                arg1_r_1_reload|        scalar|
|arg2_r_9_reload        |   in|   32|     ap_none|                                arg2_r_9_reload|        scalar|
|arg2_r_8_reload        |   in|   32|     ap_none|                                arg2_r_8_reload|        scalar|
|arg2_r_7_reload        |   in|   32|     ap_none|                                arg2_r_7_reload|        scalar|
|arg2_r_6_reload        |   in|   32|     ap_none|                                arg2_r_6_reload|        scalar|
|arg2_r_5_reload        |   in|   32|     ap_none|                                arg2_r_5_reload|        scalar|
|arg2_r_4_reload        |   in|   32|     ap_none|                                arg2_r_4_reload|        scalar|
|arg2_r_3_reload        |   in|   32|     ap_none|                                arg2_r_3_reload|        scalar|
|arg2_r_2_reload        |   in|   32|     ap_none|                                arg2_r_2_reload|        scalar|
|arg2_r_1_reload        |   in|   32|     ap_none|                                arg2_r_1_reload|        scalar|
|add59_9256_out         |  out|   64|      ap_vld|                                 add59_9256_out|       pointer|
|add59_9256_out_ap_vld  |  out|    1|      ap_vld|                                 add59_9256_out|       pointer|
|add59_8255_out         |  out|   64|      ap_vld|                                 add59_8255_out|       pointer|
|add59_8255_out_ap_vld  |  out|    1|      ap_vld|                                 add59_8255_out|       pointer|
|add59_7254_out         |  out|   64|      ap_vld|                                 add59_7254_out|       pointer|
|add59_7254_out_ap_vld  |  out|    1|      ap_vld|                                 add59_7254_out|       pointer|
|add59_6253_out         |  out|   64|      ap_vld|                                 add59_6253_out|       pointer|
|add59_6253_out_ap_vld  |  out|    1|      ap_vld|                                 add59_6253_out|       pointer|
|add59_5252_out         |  out|   64|      ap_vld|                                 add59_5252_out|       pointer|
|add59_5252_out_ap_vld  |  out|    1|      ap_vld|                                 add59_5252_out|       pointer|
|add59_4251_out         |  out|   64|      ap_vld|                                 add59_4251_out|       pointer|
|add59_4251_out_ap_vld  |  out|    1|      ap_vld|                                 add59_4251_out|       pointer|
|add59_3250_out         |  out|   64|      ap_vld|                                 add59_3250_out|       pointer|
|add59_3250_out_ap_vld  |  out|    1|      ap_vld|                                 add59_3250_out|       pointer|
|add59_2249_out         |  out|   64|      ap_vld|                                 add59_2249_out|       pointer|
|add59_2249_out_ap_vld  |  out|    1|      ap_vld|                                 add59_2249_out|       pointer|
|add59_1248_out         |  out|   64|      ap_vld|                                 add59_1248_out|       pointer|
|add59_1248_out_ap_vld  |  out|    1|      ap_vld|                                 add59_1248_out|       pointer|
+-----------------------+-----+-----+------------+-----------------------------------------------+--------------+

