

================================================================
== Vitis HLS Report for 'fiat_25519_carry_mul_Pipeline_VITIS_LOOP_39_1'
================================================================
* Date:           Thu May  9 14:28:03 2024

* Version:        2023.1.1 (Build 3869133 on Jun 15 2023)
* Project:        D4
* Solution:       comb_1 (Vivado IP Flow Target)
* Product family: zynquplus
* Target device:  xczu9eg-ffvb1156-2-e


================================================================
== Performance Estimates
================================================================
+ Timing: 
    * Summary: 
    +--------+----------+----------+------------+
    |  Clock |  Target  | Estimated| Uncertainty|
    +--------+----------+----------+------------+
    |ap_clk  |  10.00 ns|  7.229 ns|     2.70 ns|
    +--------+----------+----------+------------+

+ Latency: 
    * Summary: 
    +---------+---------+-----------+-----------+-----+-----+---------+
    |  Latency (cycles) |   Latency (absolute)  |  Interval | Pipeline|
    |   min   |   max   |    min    |    max    | min | max |   Type  |
    +---------+---------+-----------+-----------+-----+-----+---------+
    |        5|        5|  50.000 ns|  50.000 ns|    5|    5|       no|
    +---------+---------+-----------+-----------+-----+-----+---------+

    + Detail: 
        * Instance: 
        N/A

        * Loop: 
        +-------------------+---------+---------+----------+-----------+-----------+------+----------+
        |                   |  Latency (cycles) | Iteration|  Initiation Interval  | Trip |          |
        |     Loop Name     |   min   |   max   |  Latency |  achieved |   target  | Count| Pipelined|
        +-------------------+---------+---------+----------+-----------+-----------+------+----------+
        |- VITIS_LOOP_39_1  |        3|        3|         3|          1|          1|     2|       yes|
        +-------------------+---------+---------+----------+-----------+-----------+------+----------+



================================================================
== Utilization Estimates
================================================================
* Summary: 
+-----------------+---------+------+--------+--------+-----+
|       Name      | BRAM_18K|  DSP |   FF   |   LUT  | URAM|
+-----------------+---------+------+--------+--------+-----+
|DSP              |        -|     -|       -|       -|    -|
|Expression       |        -|     -|       0|    8761|    -|
|FIFO             |        -|     -|       -|       -|    -|
|Instance         |        -|   334|       0|    2555|    -|
|Memory           |        -|     -|       -|       -|    -|
|Multiplexer      |        -|     -|       -|     144|    -|
|Register         |        -|     -|    2280|       -|    -|
+-----------------+---------+------+--------+--------+-----+
|Total            |        0|   334|    2280|   11460|    0|
+-----------------+---------+------+--------+--------+-----+
|Available        |     1824|  2520|  548160|  274080|    0|
+-----------------+---------+------+--------+--------+-----+
|Utilization (%)  |        0|    13|      ~0|       4|    0|
+-----------------+---------+------+--------+--------+-----+

+ Detail: 
    * Instance: 
    +--------------------------+----------------------+---------+----+---+----+-----+
    |         Instance         |        Module        | BRAM_18K| DSP| FF| LUT| URAM|
    +--------------------------+----------------------+---------+----+---+----+-----+
    |mul_32ns_32ns_64_1_1_U25  |mul_32ns_32ns_64_1_1  |        0|   4|  0|  20|    0|
    |mul_32ns_32ns_64_1_1_U26  |mul_32ns_32ns_64_1_1  |        0|   4|  0|  20|    0|
    |mul_32ns_32ns_64_1_1_U27  |mul_32ns_32ns_64_1_1  |        0|   4|  0|  20|    0|
    |mul_32ns_32ns_64_1_1_U28  |mul_32ns_32ns_64_1_1  |        0|   4|  0|  20|    0|
    |mul_32ns_32ns_64_1_1_U29  |mul_32ns_32ns_64_1_1  |        0|   4|  0|  20|    0|
    |mul_32ns_32ns_64_1_1_U30  |mul_32ns_32ns_64_1_1  |        0|   4|  0|  20|    0|
    |mul_32ns_32ns_64_1_1_U31  |mul_32ns_32ns_64_1_1  |        0|   4|  0|  20|    0|
    |mul_32ns_32ns_64_1_1_U32  |mul_32ns_32ns_64_1_1  |        0|   4|  0|  20|    0|
    |mul_32ns_32ns_64_1_1_U33  |mul_32ns_32ns_64_1_1  |        0|   4|  0|  20|    0|
    |mul_32ns_32ns_64_1_1_U34  |mul_32ns_32ns_64_1_1  |        0|   4|  0|  20|    0|
    |mul_32ns_32ns_64_1_1_U35  |mul_32ns_32ns_64_1_1  |        0|   4|  0|  20|    0|
    |mul_32ns_32ns_64_1_1_U36  |mul_32ns_32ns_64_1_1  |        0|   4|  0|  20|    0|
    |mul_32ns_32ns_64_1_1_U37  |mul_32ns_32ns_64_1_1  |        0|   4|  0|  20|    0|
    |mul_32ns_32ns_64_1_1_U38  |mul_32ns_32ns_64_1_1  |        0|   4|  0|  20|    0|
    |mul_32ns_32ns_64_1_1_U39  |mul_32ns_32ns_64_1_1  |        0|   4|  0|  20|    0|
    |mul_32ns_32ns_64_1_1_U40  |mul_32ns_32ns_64_1_1  |        0|   4|  0|  20|    0|
    |mul_32ns_32ns_64_1_1_U41  |mul_32ns_32ns_64_1_1  |        0|   4|  0|  20|    0|
    |mul_32ns_32ns_64_1_1_U42  |mul_32ns_32ns_64_1_1  |        0|   4|  0|  20|    0|
    |mul_32ns_32ns_64_1_1_U43  |mul_32ns_32ns_64_1_1  |        0|   4|  0|  20|    0|
    |mul_32ns_32ns_64_1_1_U44  |mul_32ns_32ns_64_1_1  |        0|   4|  0|  20|    0|
    |mul_32ns_32ns_64_1_1_U45  |mul_32ns_32ns_64_1_1  |        0|   4|  0|  20|    0|
    |mul_32ns_32ns_64_1_1_U46  |mul_32ns_32ns_64_1_1  |        0|   4|  0|  20|    0|
    |mul_32ns_32ns_64_1_1_U47  |mul_32ns_32ns_64_1_1  |        0|   4|  0|  20|    0|
    |mul_32ns_32ns_64_1_1_U48  |mul_32ns_32ns_64_1_1  |        0|   4|  0|  20|    0|
    |mul_32ns_32ns_64_1_1_U49  |mul_32ns_32ns_64_1_1  |        0|   4|  0|  20|    0|
    |mul_32ns_32ns_64_1_1_U50  |mul_32ns_32ns_64_1_1  |        0|   4|  0|  20|    0|
    |mul_32ns_32ns_64_1_1_U51  |mul_32ns_32ns_64_1_1  |        0|   4|  0|  20|    0|
    |mul_32ns_32ns_64_1_1_U52  |mul_32ns_32ns_64_1_1  |        0|   4|  0|  20|    0|
    |mul_32ns_32ns_64_1_1_U53  |mul_32ns_32ns_64_1_1  |        0|   4|  0|  20|    0|
    |mul_32ns_32ns_64_1_1_U54  |mul_32ns_32ns_64_1_1  |        0|   4|  0|  20|    0|
    |mul_32ns_32ns_64_1_1_U55  |mul_32ns_32ns_64_1_1  |        0|   4|  0|  20|    0|
    |mul_32ns_32ns_64_1_1_U56  |mul_32ns_32ns_64_1_1  |        0|   4|  0|  20|    0|
    |mul_32ns_32ns_64_1_1_U57  |mul_32ns_32ns_64_1_1  |        0|   4|  0|  20|    0|
    |mul_32ns_32ns_64_1_1_U58  |mul_32ns_32ns_64_1_1  |        0|   4|  0|  20|    0|
    |mul_32ns_32ns_64_1_1_U59  |mul_32ns_32ns_64_1_1  |        0|   4|  0|  20|    0|
    |mul_32ns_32ns_64_1_1_U60  |mul_32ns_32ns_64_1_1  |        0|   4|  0|  20|    0|
    |mul_32ns_32ns_64_1_1_U61  |mul_32ns_32ns_64_1_1  |        0|   4|  0|  20|    0|
    |mul_32ns_32ns_64_1_1_U62  |mul_32ns_32ns_64_1_1  |        0|   4|  0|  20|    0|
    |mul_32ns_32ns_64_1_1_U63  |mul_32ns_32ns_64_1_1  |        0|   4|  0|  20|    0|
    |mul_32ns_32ns_64_1_1_U64  |mul_32ns_32ns_64_1_1  |        0|   4|  0|  20|    0|
    |mul_32ns_32ns_64_1_1_U65  |mul_32ns_32ns_64_1_1  |        0|   4|  0|  20|    0|
    |mul_32ns_32ns_64_1_1_U66  |mul_32ns_32ns_64_1_1  |        0|   4|  0|  20|    0|
    |mul_32ns_32ns_64_1_1_U67  |mul_32ns_32ns_64_1_1  |        0|   4|  0|  20|    0|
    |mul_32ns_32ns_64_1_1_U68  |mul_32ns_32ns_64_1_1  |        0|   4|  0|  20|    0|
    |mul_32ns_32ns_64_1_1_U69  |mul_32ns_32ns_64_1_1  |        0|   4|  0|  20|    0|
    |mul_32ns_32ns_64_1_1_U70  |mul_32ns_32ns_64_1_1  |        0|   4|  0|  20|    0|
    |mul_32ns_32ns_64_1_1_U71  |mul_32ns_32ns_64_1_1  |        0|   4|  0|  20|    0|
    |mul_32ns_32ns_64_1_1_U72  |mul_32ns_32ns_64_1_1  |        0|   4|  0|  20|    0|
    |mul_32ns_32ns_64_1_1_U73  |mul_32ns_32ns_64_1_1  |        0|   4|  0|  20|    0|
    |mul_32ns_32ns_64_1_1_U74  |mul_32ns_32ns_64_1_1  |        0|   4|  0|  20|    0|
    |mul_32ns_32ns_64_1_1_U75  |mul_32ns_32ns_64_1_1  |        0|   4|  0|  20|    0|
    |mul_32ns_32ns_64_1_1_U76  |mul_32ns_32ns_64_1_1  |        0|   4|  0|  20|    0|
    |mul_32ns_32ns_64_1_1_U77  |mul_32ns_32ns_64_1_1  |        0|   4|  0|  20|    0|
    |mul_32ns_32ns_64_1_1_U78  |mul_32ns_32ns_64_1_1  |        0|   4|  0|  20|    0|
    |mul_32ns_32ns_64_1_1_U79  |mul_32ns_32ns_64_1_1  |        0|   4|  0|  20|    0|
    |mul_32ns_32ns_64_1_1_U80  |mul_32ns_32ns_64_1_1  |        0|   4|  0|  20|    0|
    |mul_32ns_32ns_64_1_1_U81  |mul_32ns_32ns_64_1_1  |        0|   4|  0|  20|    0|
    |mul_32ns_32ns_64_1_1_U82  |mul_32ns_32ns_64_1_1  |        0|   4|  0|  20|    0|
    |mul_32ns_32ns_64_1_1_U83  |mul_32ns_32ns_64_1_1  |        0|   4|  0|  20|    0|
    |mul_32ns_32ns_64_1_1_U84  |mul_32ns_32ns_64_1_1  |        0|   4|  0|  20|    0|
    |mul_32ns_32ns_64_1_1_U85  |mul_32ns_32ns_64_1_1  |        0|   4|  0|  20|    0|
    |mul_32ns_32ns_64_1_1_U86  |mul_32ns_32ns_64_1_1  |        0|   4|  0|  20|    0|
    |mul_32ns_32ns_64_1_1_U87  |mul_32ns_32ns_64_1_1  |        0|   4|  0|  20|    0|
    |mul_32ns_32ns_64_1_1_U88  |mul_32ns_32ns_64_1_1  |        0|   4|  0|  20|    0|
    |mul_32ns_32ns_64_1_1_U89  |mul_32ns_32ns_64_1_1  |        0|   4|  0|  20|    0|
    |mul_32ns_32ns_64_1_1_U90  |mul_32ns_32ns_64_1_1  |        0|   4|  0|  20|    0|
    |mul_32ns_32ns_64_1_1_U91  |mul_32ns_32ns_64_1_1  |        0|   4|  0|  20|    0|
    |mul_32ns_32ns_64_1_1_U92  |mul_32ns_32ns_64_1_1  |        0|   4|  0|  20|    0|
    |mul_32ns_32ns_64_1_1_U93  |mul_32ns_32ns_64_1_1  |        0|   4|  0|  20|    0|
    |mul_32ns_32ns_64_1_1_U94  |mul_32ns_32ns_64_1_1  |        0|   4|  0|  20|    0|
    |mul_32ns_32ns_64_1_1_U95  |mul_32ns_32ns_64_1_1  |        0|   4|  0|  20|    0|
    |mul_32ns_32ns_64_1_1_U96  |mul_32ns_32ns_64_1_1  |        0|   4|  0|  20|    0|
    |mul_32ns_32ns_64_1_1_U97  |mul_32ns_32ns_64_1_1  |        0|   4|  0|  20|    0|
    |mul_32ns_32ns_64_1_1_U98  |mul_32ns_32ns_64_1_1  |        0|   4|  0|  20|    0|
    |mul_32ns_32ns_64_1_1_U99  |mul_32ns_32ns_64_1_1  |        0|   4|  0|  20|    0|
    |mul_32s_6ns_32_1_1_U109   |mul_32s_6ns_32_1_1    |        0|   2|  0|  20|    0|
    |mul_32s_6ns_32_1_1_U110   |mul_32s_6ns_32_1_1    |        0|   2|  0|  20|    0|
    |mul_32s_6ns_32_1_1_U111   |mul_32s_6ns_32_1_1    |        0|   2|  0|  20|    0|
    |mul_32s_6ns_32_1_1_U112   |mul_32s_6ns_32_1_1    |        0|   2|  0|  20|    0|
    |mul_32s_6ns_32_1_1_U113   |mul_32s_6ns_32_1_1    |        0|   2|  0|  20|    0|
    |mul_32s_6ns_32_1_1_U114   |mul_32s_6ns_32_1_1    |        0|   2|  0|  20|    0|
    |mul_32s_6ns_32_1_1_U115   |mul_32s_6ns_32_1_1    |        0|   2|  0|  20|    0|
    |mul_32s_6ns_32_1_1_U116   |mul_32s_6ns_32_1_1    |        0|   2|  0|  20|    0|
    |mul_32s_7s_32_1_1_U100    |mul_32s_7s_32_1_1     |        0|   2|  0|  20|    0|
    |mul_32s_7s_32_1_1_U101    |mul_32s_7s_32_1_1     |        0|   2|  0|  20|    0|
    |mul_32s_7s_32_1_1_U102    |mul_32s_7s_32_1_1     |        0|   2|  0|  20|    0|
    |mul_32s_7s_32_1_1_U103    |mul_32s_7s_32_1_1     |        0|   2|  0|  20|    0|
    |mul_32s_7s_32_1_1_U104    |mul_32s_7s_32_1_1     |        0|   2|  0|  20|    0|
    |mul_32s_7s_32_1_1_U105    |mul_32s_7s_32_1_1     |        0|   2|  0|  20|    0|
    |mul_32s_7s_32_1_1_U106    |mul_32s_7s_32_1_1     |        0|   2|  0|  20|    0|
    |mul_32s_7s_32_1_1_U107    |mul_32s_7s_32_1_1     |        0|   2|  0|  20|    0|
    |mul_32s_7s_32_1_1_U108    |mul_32s_7s_32_1_1     |        0|   2|  0|  20|    0|
    |mux_10_4_32_1_1_U120      |mux_10_4_32_1_1       |        0|   0|  0|  54|    0|
    |mux_10_4_32_1_1_U121      |mux_10_4_32_1_1       |        0|   0|  0|  54|    0|
    |mux_10_4_32_1_1_U122      |mux_10_4_32_1_1       |        0|   0|  0|  54|    0|
    |mux_10_4_32_1_1_U123      |mux_10_4_32_1_1       |        0|   0|  0|  54|    0|
    |mux_10_4_32_1_1_U124      |mux_10_4_32_1_1       |        0|   0|  0|  54|    0|
    |mux_10_4_32_1_1_U127      |mux_10_4_32_1_1       |        0|   0|  0|  54|    0|
    |mux_10_4_32_1_1_U128      |mux_10_4_32_1_1       |        0|   0|  0|  54|    0|
    |mux_10_4_32_1_1_U129      |mux_10_4_32_1_1       |        0|   0|  0|  54|    0|
    |mux_10_4_32_1_1_U130      |mux_10_4_32_1_1       |        0|   0|  0|  54|    0|
    |mux_2_1_32_1_1_U133       |mux_2_1_32_1_1        |        0|   0|  0|   9|    0|
    |mux_3_2_32_1_1_U132       |mux_3_2_32_1_1        |        0|   0|  0|  14|    0|
    |mux_4_2_32_1_1_U131       |mux_4_2_32_1_1        |        0|   0|  0|  20|    0|
    |mux_5_3_32_1_1_U126       |mux_5_3_32_1_1        |        0|   0|  0|  26|    0|
    |mux_6_3_32_1_1_U125       |mux_6_3_32_1_1        |        0|   0|  0|  31|    0|
    |mux_7_3_32_1_1_U117       |mux_7_3_32_1_1        |        0|   0|  0|  37|    0|
    |mux_8_3_32_1_1_U118       |mux_8_3_32_1_1        |        0|   0|  0|  43|    0|
    |mux_9_4_32_1_1_U119       |mux_9_4_32_1_1        |        0|   0|  0|  49|    0|
    +--------------------------+----------------------+---------+----+---+----+-----+
    |Total                     |                      |        0| 334|  0|2555|    0|
    +--------------------------+----------------------+---------+----+---+----+-----+

    * DSP: 
    N/A

    * Memory: 
    N/A

    * FIFO: 
    N/A

    * Expression: 
    +---------------------------+----------+----+---+----+------------+------------+
    |       Variable Name       | Operation| DSP| FF| LUT| Bitwidth P0| Bitwidth P1|
    +---------------------------+----------+----+---+----+------------+------------+
    |add_ln39_fu_1302_p2        |         +|   0|  0|  12|           5|           4|
    |add_ln51_1_fu_1066_p2      |         +|   0|  0|  12|           5|           2|
    |add_ln51_2_fu_1200_p2      |         +|   0|  0|  12|           5|           3|
    |add_ln51_fu_880_p2         |         +|   0|  0|  12|           5|           1|
    |add_ln54_10_fu_1760_p2     |         +|   0|  0|  64|          64|          64|
    |add_ln54_11_fu_1917_p2     |         +|   0|  0|  64|          64|          64|
    |add_ln54_12_fu_1923_p2     |         +|   0|  0|  64|          64|          64|
    |add_ln54_13_fu_1929_p2     |         +|   0|  0|  64|          64|          64|
    |add_ln54_14_fu_1935_p2     |         +|   0|  0|  71|          64|          64|
    |add_ln54_15_fu_1941_p2     |         +|   0|  0|  64|          64|          64|
    |add_ln54_16_fu_2690_p2     |         +|   0|  0|  64|          64|          64|
    |add_ln54_17_fu_2694_p2     |         +|   0|  0|  64|          64|          64|
    |add_ln54_18_fu_1997_p2     |         +|   0|  0|  64|          64|          64|
    |add_ln54_19_fu_2003_p2     |         +|   0|  0|  71|          64|          64|
    |add_ln54_1_fu_1664_p2      |         +|   0|  0|  64|          64|          64|
    |add_ln54_20_fu_2009_p2     |         +|   0|  0|  64|          64|          64|
    |add_ln54_21_fu_2015_p2     |         +|   0|  0|  64|          64|          64|
    |add_ln54_22_fu_2021_p2     |         +|   0|  0|  71|          64|          64|
    |add_ln54_23_fu_2027_p2     |         +|   0|  0|  64|          64|          64|
    |add_ln54_24_fu_2700_p2     |         +|   0|  0|  64|          64|          64|
    |add_ln54_25_fu_2704_p2     |         +|   0|  0|  64|          64|          64|
    |add_ln54_26_fu_2190_p2     |         +|   0|  0|  64|          64|          64|
    |add_ln54_27_fu_2196_p2     |         +|   0|  0|  71|          64|          64|
    |add_ln54_28_fu_2202_p2     |         +|   0|  0|  64|          64|          64|
    |add_ln54_29_fu_2208_p2     |         +|   0|  0|  64|          64|          64|
    |add_ln54_2_fu_1670_p2      |         +|   0|  0|  64|          64|          64|
    |add_ln54_30_fu_2214_p2     |         +|   0|  0|  64|          64|          64|
    |add_ln54_31_fu_2220_p2     |         +|   0|  0|  64|          64|          64|
    |add_ln54_32_fu_2226_p2     |         +|   0|  0|  64|          64|          64|
    |add_ln54_33_fu_2710_p2     |         +|   0|  0|  64|          64|          64|
    |add_ln54_34_fu_2714_p2     |         +|   0|  0|  64|          64|          64|
    |add_ln54_35_fu_2306_p2     |         +|   0|  0|  64|          64|          64|
    |add_ln54_36_fu_2312_p2     |         +|   0|  0|  64|          64|          64|
    |add_ln54_37_fu_2318_p2     |         +|   0|  0|  64|          64|          64|
    |add_ln54_38_fu_2324_p2     |         +|   0|  0|  64|          64|          64|
    |add_ln54_39_fu_2342_p2     |         +|   0|  0|  64|          64|          64|
    |add_ln54_3_fu_1676_p2      |         +|   0|  0|  64|          64|          64|
    |add_ln54_40_fu_2330_p2     |         +|   0|  0|  71|          64|          64|
    |add_ln54_41_fu_2336_p2     |         +|   0|  0|  71|          64|          64|
    |add_ln54_42_fu_2348_p2     |         +|   0|  0|  64|          64|          64|
    |add_ln54_43_fu_2720_p2     |         +|   0|  0|  64|          64|          64|
    |add_ln54_44_fu_2724_p2     |         +|   0|  0|  64|          64|          64|
    |add_ln54_45_fu_2422_p2     |         +|   0|  0|  64|          64|          64|
    |add_ln54_46_fu_2428_p2     |         +|   0|  0|  71|          64|          64|
    |add_ln54_47_fu_2434_p2     |         +|   0|  0|  64|          64|          64|
    |add_ln54_48_fu_2440_p2     |         +|   0|  0|  64|          64|          64|
    |add_ln54_49_fu_2446_p2     |         +|   0|  0|  64|          64|          64|
    |add_ln54_4_fu_1682_p2      |         +|   0|  0|  64|          64|          64|
    |add_ln54_50_fu_2452_p2     |         +|   0|  0|  64|          64|          64|
    |add_ln54_51_fu_2458_p2     |         +|   0|  0|  64|          64|          64|
    |add_ln54_52_fu_2730_p2     |         +|   0|  0|  64|          64|          64|
    |add_ln54_53_fu_2734_p2     |         +|   0|  0|  64|          64|          64|
    |add_ln54_54_fu_2500_p2     |         +|   0|  0|  64|          64|          64|
    |add_ln54_55_fu_2506_p2     |         +|   0|  0|  71|          64|          64|
    |add_ln54_56_fu_2512_p2     |         +|   0|  0|  64|          64|          64|
    |add_ln54_57_fu_2524_p2     |         +|   0|  0|  64|          64|          64|
    |add_ln54_58_fu_2518_p2     |         +|   0|  0|  71|          64|          64|
    |add_ln54_59_fu_2530_p2     |         +|   0|  0|  64|          64|          64|
    |add_ln54_5_fu_1730_p2      |         +|   0|  0|  64|          64|          64|
    |add_ln54_60_fu_2740_p2     |         +|   0|  0|  64|          64|          64|
    |add_ln54_61_fu_2744_p2     |         +|   0|  0|  64|          64|          64|
    |add_ln54_62_fu_2576_p2     |         +|   0|  0|  64|          64|          64|
    |add_ln54_63_fu_2582_p2     |         +|   0|  0|  64|          64|          64|
    |add_ln54_64_fu_2588_p2     |         +|   0|  0|  64|          64|          64|
    |add_ln54_65_fu_2594_p2     |         +|   0|  0|  71|          64|          64|
    |add_ln54_66_fu_2600_p2     |         +|   0|  0|  64|          64|          64|
    |add_ln54_67_fu_2750_p2     |         +|   0|  0|  64|          64|          64|
    |add_ln54_68_fu_2754_p2     |         +|   0|  0|  64|          64|          64|
    |add_ln54_69_fu_2618_p2     |         +|   0|  0|  64|          64|          64|
    |add_ln54_6_fu_1736_p2      |         +|   0|  0|  64|          64|          64|
    |add_ln54_70_fu_2624_p2     |         +|   0|  0|  64|          64|          64|
    |add_ln54_71_fu_2630_p2     |         +|   0|  0|  64|          64|          64|
    |add_ln54_72_fu_2636_p2     |         +|   0|  0|  64|          64|          64|
    |add_ln54_73_fu_2642_p2     |         +|   0|  0|  64|          64|          64|
    |add_ln54_74_fu_2648_p2     |         +|   0|  0|  64|          64|          64|
    |add_ln54_7_fu_1742_p2      |         +|   0|  0|  64|          64|          64|
    |add_ln54_8_fu_1748_p2      |         +|   0|  0|  64|          64|          64|
    |add_ln54_9_fu_1754_p2      |         +|   0|  0|  64|          64|          64|
    |add_ln54_fu_1658_p2        |         +|   0|  0|  71|          64|          64|
    |empty_22_fu_1148_p2        |         +|   0|  0|  12|           5|           3|
    |empty_fu_1048_p2           |         +|   0|  0|  12|           5|           2|
    |i1_4_fu_1308_p2            |         +|   0|  0|  12|           4|           4|
    |sub_ln54_1_fu_913_p2       |         -|   0|  0|  10|           1|           3|
    |tmp_11_fu_1099_p11         |         -|   0|  0|  12|           1|           4|
    |tmp_12_fu_1809_p4          |         -|   0|  0|  10|           3|           2|
    |tmp_15_fu_1233_p11         |         -|   0|  0|  12|           3|           4|
    |tmp_1_fu_1376_p7           |         -|   0|  0|  10|           1|           3|
    |tmp_2_fu_1020_p11          |         -|   0|  0|  12|           3|           4|
    |tmp_5_fu_931_p8            |         -|   0|  0|  10|           2|           3|
    |tmp_7_fu_958_p9            |         -|   0|  0|  10|           2|           3|
    |tmp_9_fu_988_p10           |         -|   0|  0|  12|           4|           4|
    |and_ln51_1_fu_1078_p2      |       and|   0|  0|   2|           1|           1|
    |and_ln51_2_fu_1133_p2      |       and|   0|  0|   2|           1|           1|
    |and_ln51_3_fu_1212_p2      |       and|   0|  0|   2|           1|           1|
    |and_ln51_4_fu_1267_p2      |       and|   0|  0|   2|           1|           1|
    |and_ln51_fu_892_p2         |       and|   0|  0|   2|           1|           1|
    |and_ln53_1_fu_1800_p2      |       and|   0|  0|   2|           1|           1|
    |and_ln53_2_fu_1855_p2      |       and|   0|  0|   2|           1|           1|
    |and_ln53_3_fu_2065_p2      |       and|   0|  0|   2|           1|           1|
    |and_ln53_4_fu_2104_p2      |       and|   0|  0|   2|           1|           1|
    |and_ln53_fu_1401_p2        |       and|   0|  0|   2|           1|           1|
    |and_ln54_10_fu_1985_p2     |       and|   0|  0|  64|          64|          64|
    |and_ln54_11_fu_1991_p2     |       and|   0|  0|  64|          64|          64|
    |and_ln54_12_fu_2128_p2     |       and|   0|  0|  64|          64|          64|
    |and_ln54_13_fu_2141_p2     |       and|   0|  0|  64|          64|          64|
    |and_ln54_14_fu_2147_p2     |       and|   0|  0|  64|          64|          64|
    |and_ln54_15_fu_2153_p2     |       and|   0|  0|  64|          64|          64|
    |and_ln54_16_fu_2159_p2     |       and|   0|  0|  64|          64|          64|
    |and_ln54_17_fu_2172_p2     |       and|   0|  0|  64|          64|          64|
    |and_ln54_18_fu_2178_p2     |       and|   0|  0|  64|          64|          64|
    |and_ln54_19_fu_2184_p2     |       and|   0|  0|  64|          64|          64|
    |and_ln54_1_fu_1724_p2      |       and|   0|  0|  64|          64|          64|
    |and_ln54_20_fu_2232_p2     |       and|   0|  0|  64|          64|          64|
    |and_ln54_21_fu_2238_p2     |       and|   0|  0|  64|          64|          64|
    |and_ln54_22_fu_2244_p2     |       and|   0|  0|  64|          64|          64|
    |and_ln54_23_fu_2250_p2     |       and|   0|  0|  64|          64|          64|
    |and_ln54_24_fu_2263_p2     |       and|   0|  0|  64|          64|          64|
    |and_ln54_25_fu_2269_p2     |       and|   0|  0|  64|          64|          64|
    |and_ln54_26_fu_2282_p2     |       and|   0|  0|  64|          64|          64|
    |and_ln54_27_fu_2288_p2     |       and|   0|  0|  64|          64|          64|
    |and_ln54_28_fu_2294_p2     |       and|   0|  0|  64|          64|          64|
    |and_ln54_29_fu_2300_p2     |       and|   0|  0|  64|          64|          64|
    |and_ln54_2_fu_1886_p2      |       and|   0|  0|  64|          64|          64|
    |and_ln54_30_fu_2374_p2     |       and|   0|  0|  64|          64|          64|
    |and_ln54_31_fu_2380_p2     |       and|   0|  0|  64|          64|          64|
    |and_ln54_32_fu_2386_p2     |       and|   0|  0|  64|          64|          64|
    |and_ln54_33_fu_2392_p2     |       and|   0|  0|  64|          64|          64|
    |and_ln54_34_fu_2398_p2     |       and|   0|  0|  64|          64|          64|
    |and_ln54_35_fu_2404_p2     |       and|   0|  0|  64|          64|          64|
    |and_ln54_36_fu_2410_p2     |       and|   0|  0|  64|          64|          64|
    |and_ln54_37_fu_2416_p2     |       and|   0|  0|  64|          64|          64|
    |and_ln54_38_fu_2464_p2     |       and|   0|  0|  64|          64|          64|
    |and_ln54_39_fu_2470_p2     |       and|   0|  0|  64|          64|          64|
    |and_ln54_3_fu_1899_p2      |       and|   0|  0|  64|          64|          64|
    |and_ln54_40_fu_2476_p2     |       and|   0|  0|  64|          64|          64|
    |and_ln54_41_fu_2482_p2     |       and|   0|  0|  64|          64|          64|
    |and_ln54_42_fu_2488_p2     |       and|   0|  0|  64|          64|          64|
    |and_ln54_43_fu_2494_p2     |       and|   0|  0|  64|          64|          64|
    |and_ln54_44_fu_2552_p2     |       and|   0|  0|  64|          64|          64|
    |and_ln54_45_fu_2558_p2     |       and|   0|  0|  64|          64|          64|
    |and_ln54_46_fu_2564_p2     |       and|   0|  0|  64|          64|          64|
    |and_ln54_47_fu_2570_p2     |       and|   0|  0|  64|          64|          64|
    |and_ln54_48_fu_2606_p2     |       and|   0|  0|  64|          64|          64|
    |and_ln54_49_fu_2612_p2     |       and|   0|  0|  64|          64|          64|
    |and_ln54_4_fu_1905_p2      |       and|   0|  0|  64|          64|          64|
    |and_ln54_5_fu_1911_p2      |       and|   0|  0|  64|          64|          64|
    |and_ln54_6_fu_1954_p2      |       and|   0|  0|  64|          64|          64|
    |and_ln54_7_fu_1960_p2      |       and|   0|  0|  64|          64|          64|
    |and_ln54_8_fu_1973_p2      |       and|   0|  0|  64|          64|          64|
    |and_ln54_9_fu_1979_p2      |       and|   0|  0|  64|          64|          64|
    |and_ln54_fu_1711_p2        |       and|   0|  0|  64|          64|          64|
    |icmp_ln51_1_fu_1072_p2     |      icmp|   0|  0|  12|           5|           4|
    |icmp_ln51_2_fu_1206_p2     |      icmp|   0|  0|  12|           5|           4|
    |icmp_ln51_fu_886_p2        |      icmp|   0|  0|  12|           5|           4|
    |icmp_ln52_1_fu_1188_p2     |      icmp|   0|  0|  12|           5|           4|
    |icmp_ln52_fu_1054_p2       |      icmp|   0|  0|  12|           5|           4|
    |icmp_ln53_1_fu_1127_p2     |      icmp|   0|  0|  12|           5|           4|
    |icmp_ln53_2_fu_1261_p2     |      icmp|   0|  0|  12|           5|           4|
    |icmp_ln53_fu_907_p2        |      icmp|   0|  0|  12|           5|           4|
    |icmp_ln54_1_fu_1194_p2     |      icmp|   0|  0|  12|           5|           4|
    |icmp_ln54_fu_1060_p2       |      icmp|   0|  0|  12|           5|           4|
    |mul_ln52_2_fu_707_p10      |    select|   0|  0|   6|           1|           6|
    |mul_ln52_4_fu_711_p10      |    select|   0|  0|   6|           1|           6|
    |mul_ln52_6_fu_716_p10      |    select|   0|  0|   6|           1|           6|
    |mul_ln52_8_fu_720_p10      |    select|   0|  0|   6|           1|           6|
    |mul_ln52_fu_702_p10        |    select|   0|  0|   6|           1|           6|
    |select_ln52_5_fu_1282_p3   |    select|   0|  0|   6|           1|           6|
    |select_ln52_6_fu_1292_p3   |    select|   0|  0|   6|           1|           5|
    |select_ln54_10_fu_1717_p3  |    select|   0|  0|   2|           1|           2|
    |select_ln54_11_fu_1879_p3  |    select|   0|  0|   2|           1|           2|
    |select_ln54_12_fu_1892_p3  |    select|   0|  0|   2|           1|           2|
    |select_ln54_13_fu_1947_p3  |    select|   0|  0|   2|           1|           2|
    |select_ln54_14_fu_1966_p3  |    select|   0|  0|   2|           1|           2|
    |select_ln54_15_fu_2134_p3  |    select|   0|  0|   2|           1|           2|
    |select_ln54_16_fu_2165_p3  |    select|   0|  0|   2|           1|           2|
    |select_ln54_17_fu_2256_p3  |    select|   0|  0|   2|           1|           2|
    |select_ln54_18_fu_2275_p3  |    select|   0|  0|   2|           1|           2|
    |select_ln54_1_fu_1485_p3   |    select|   0|  0|  32|           1|          32|
    |select_ln54_2_fu_1546_p3   |    select|   0|  0|  32|           1|          32|
    |select_ln54_3_fu_1605_p3   |    select|   0|  0|  32|           1|          32|
    |select_ln54_4_fu_1693_p3   |    select|   0|  0|  32|           1|          32|
    |select_ln54_5_fu_1824_p3   |    select|   0|  0|  32|           1|          32|
    |select_ln54_6_fu_1865_p3   |    select|   0|  0|  32|           1|          32|
    |select_ln54_7_fu_2074_p3   |    select|   0|  0|  32|           1|          32|
    |select_ln54_8_fu_2114_p3   |    select|   0|  0|  32|           1|          32|
    |select_ln54_9_fu_1704_p3   |    select|   0|  0|   2|           1|           2|
    |select_ln54_fu_1421_p3     |    select|   0|  0|  32|           1|          32|
    |ap_enable_pp0              |       xor|   0|  0|   2|           1|           2|
    |cmp32_1177_fu_919_p2       |       xor|   0|  0|   2|           1|           2|
    |tmp_10_fu_1777_p5          |       xor|   0|  0|   2|           2|           2|
    |tmp_13_fu_1160_p11         |       xor|   0|  0|   4|           4|           2|
    |tmp_14_fu_2044_p3          |       xor|   0|  0|   2|           1|           2|
    +---------------------------+----------+----+---+----+------------+------------+
    |Total                      |          |   0|  0|8761|        8149|        8458|
    +---------------------------+----------+----+---+----+------------+------------+

    * Multiplexer: 
    +----------------------------+----+-----------+-----+-----------+
    |            Name            | LUT| Input Size| Bits| Total Bits|
    +----------------------------+----+-----------+-----+-----------+
    |add65553_fu_162             |   9|          2|   64|        128|
    |add65_1433554_fu_166        |   9|          2|   64|        128|
    |add65_1555_fu_170           |   9|          2|   64|        128|
    |add65_1_1155556_fu_174      |   9|          2|   64|        128|
    |add65_2557_fu_178           |   9|          2|   64|        128|
    |add65_2_1113558_fu_182      |   9|          2|   64|        128|
    |add65_3559_fu_186           |   9|          2|   64|        128|
    |add65_3_171560_fu_190       |   9|          2|   64|        128|
    |add65_4561_fu_194           |   9|          2|   64|        128|
    |add65_4_129562_fu_198       |   9|          2|   64|        128|
    |ap_done_int                 |   9|          2|    1|          2|
    |ap_enable_reg_pp0_iter1     |   9|          2|    1|          2|
    |ap_sig_allocacmp_i1_2_load  |   9|          2|    4|          8|
    |ap_sig_allocacmp_i1_3       |   9|          2|    5|         10|
    |i1_2_fu_158                 |   9|          2|    4|          8|
    |i1_fu_202                   |   9|          2|    5|         10|
    +----------------------------+----+-----------+-----+-----------+
    |Total                       | 144|         32|  660|       1320|
    +----------------------------+----+-----------+-----+-----------+

    * Register: 
    +----------------------------------+----+----+-----+-----------+
    |               Name               | FF | LUT| Bits| Const Bits|
    +----------------------------------+----+----+-----+-----------+
    |add65553_fu_162                   |  64|   0|   64|          0|
    |add65_1433554_fu_166              |  64|   0|   64|          0|
    |add65_1555_fu_170                 |  64|   0|   64|          0|
    |add65_1_1155556_fu_174            |  64|   0|   64|          0|
    |add65_2557_fu_178                 |  64|   0|   64|          0|
    |add65_2_1113558_fu_182            |  64|   0|   64|          0|
    |add65_3559_fu_186                 |  64|   0|   64|          0|
    |add65_3_171560_fu_190             |  64|   0|   64|          0|
    |add65_4561_fu_194                 |  64|   0|   64|          0|
    |add65_4_129562_fu_198             |  64|   0|   64|          0|
    |add_ln54_12_reg_3268              |  64|   0|   64|          0|
    |add_ln54_15_reg_3273              |  64|   0|   64|          0|
    |add_ln54_20_reg_3278              |  64|   0|   64|          0|
    |add_ln54_23_reg_3283              |  64|   0|   64|          0|
    |add_ln54_28_reg_3288              |  64|   0|   64|          0|
    |add_ln54_32_reg_3293              |  64|   0|   64|          0|
    |add_ln54_38_reg_3298              |  64|   0|   64|          0|
    |add_ln54_42_reg_3303              |  64|   0|   64|          0|
    |add_ln54_47_reg_3308              |  64|   0|   64|          0|
    |add_ln54_51_reg_3313              |  64|   0|   64|          0|
    |add_ln54_56_reg_3318              |  64|   0|   64|          0|
    |add_ln54_59_reg_3323              |  64|   0|   64|          0|
    |add_ln54_63_reg_3328              |  64|   0|   64|          0|
    |add_ln54_66_reg_3333              |  64|   0|   64|          0|
    |ap_CS_fsm                         |   1|   0|    1|          0|
    |ap_done_reg                       |   1|   0|    1|          0|
    |ap_enable_reg_pp0_iter1           |   1|   0|    1|          0|
    |ap_enable_reg_pp0_iter2           |   1|   0|    1|          0|
    |ap_loop_exit_ready_pp0_iter1_reg  |   1|   0|    1|          0|
    |cmp32_1177_reg_3112               |   1|   0|    1|          0|
    |i1_2_fu_158                       |   4|   0|    4|          0|
    |i1_fu_202                         |   5|   0|    5|          0|
    |icmp_ln51_1_reg_3160              |   1|   0|    1|          0|
    |icmp_ln51_2_reg_3202              |   1|   0|    1|          0|
    |icmp_ln51_reg_3091                |   1|   0|    1|          0|
    |icmp_ln52_1_reg_3191              |   1|   0|    1|          0|
    |icmp_ln52_reg_3149                |   1|   0|    1|          0|
    |icmp_ln53_1_reg_3170              |   1|   0|    1|          0|
    |icmp_ln53_2_reg_3212              |   1|   0|    1|          0|
    |icmp_ln53_reg_3101                |   1|   0|    1|          0|
    |icmp_ln54_1_reg_3196              |   1|   0|    1|          0|
    |icmp_ln54_reg_3154                |   1|   0|    1|          0|
    |mul_ln52_10_reg_3233              |  32|   0|   32|          0|
    |mul_ln52_11_reg_3238              |  32|   0|   32|          0|
    |mul_ln52_12_reg_3243              |  32|   0|   32|          0|
    |mul_ln52_13_reg_3248              |  32|   0|   32|          0|
    |mul_ln52_14_reg_3253              |  32|   0|   32|          0|
    |mul_ln52_15_reg_3258              |  32|   0|   32|          0|
    |mul_ln52_16_reg_3263              |  32|   0|   32|          0|
    |mul_ln52_1_reg_3144               |  32|   0|   32|          0|
    |mul_ln52_2_reg_3165               |  32|   0|   32|          0|
    |mul_ln52_3_reg_3176               |  32|   0|   32|          0|
    |mul_ln52_4_reg_3181               |  32|   0|   32|          0|
    |mul_ln52_5_reg_3186               |  32|   0|   32|          0|
    |mul_ln52_6_reg_3207               |  32|   0|   32|          0|
    |mul_ln52_7_reg_3218               |  32|   0|   32|          0|
    |mul_ln52_8_reg_3223               |  32|   0|   32|          0|
    |mul_ln52_9_reg_3228               |  32|   0|   32|          0|
    |mul_ln52_reg_3096                 |  32|   0|   32|          0|
    |sub_ln54_1_reg_3107               |   3|   0|    3|          0|
    |tmp_16_reg_3051                   |   1|   0|    1|          0|
    |tmp_2_reg_3139                    |  32|   0|   32|          0|
    |tmp_5_reg_3118                    |  32|   0|   32|          0|
    |tmp_7_reg_3125                    |  32|   0|   32|          0|
    |tmp_9_reg_3132                    |  32|   0|   32|          0|
    |trunc_ln39_1_reg_3066             |   4|   0|    4|          0|
    |trunc_ln39_2_reg_3075             |   1|   0|    1|          0|
    |trunc_ln39_3_reg_3080             |   2|   0|    2|          0|
    |trunc_ln39_4_reg_3086             |   3|   0|    3|          0|
    |trunc_ln39_reg_3055               |   1|   0|    1|          0|
    |zext_ln54_18_cast_reg_3045        |  32|   0|   64|         32|
    +----------------------------------+----+----+-----+-----------+
    |Total                             |2280|   0| 2312|         32|
    +----------------------------------+----+----+-----+-----------+



================================================================
== Interface
================================================================
* Summary: 
+----------------------------+-----+-----+------------+-----------------------------------------------+--------------+
|          RTL Ports         | Dir | Bits|  Protocol  |                 Source Object                 |    C Type    |
+----------------------------+-----+-----+------------+-----------------------------------------------+--------------+
|ap_clk                      |   in|    1|  ap_ctrl_hs|  fiat_25519_carry_mul_Pipeline_VITIS_LOOP_39_1|  return value|
|ap_rst                      |   in|    1|  ap_ctrl_hs|  fiat_25519_carry_mul_Pipeline_VITIS_LOOP_39_1|  return value|
|ap_start                    |   in|    1|  ap_ctrl_hs|  fiat_25519_carry_mul_Pipeline_VITIS_LOOP_39_1|  return value|
|ap_done                     |  out|    1|  ap_ctrl_hs|  fiat_25519_carry_mul_Pipeline_VITIS_LOOP_39_1|  return value|
|ap_idle                     |  out|    1|  ap_ctrl_hs|  fiat_25519_carry_mul_Pipeline_VITIS_LOOP_39_1|  return value|
|ap_ready                    |  out|    1|  ap_ctrl_hs|  fiat_25519_carry_mul_Pipeline_VITIS_LOOP_39_1|  return value|
|arg1_r_4_reload             |   in|   32|     ap_none|                                arg1_r_4_reload|        scalar|
|arg1_r_5_reload             |   in|   32|     ap_none|                                arg1_r_5_reload|        scalar|
|arg1_r_6_reload             |   in|   32|     ap_none|                                arg1_r_6_reload|        scalar|
|arg1_r_7_reload             |   in|   32|     ap_none|                                arg1_r_7_reload|        scalar|
|arg1_r_8_reload             |   in|   32|     ap_none|                                arg1_r_8_reload|        scalar|
|arg1_r_9_reload             |   in|   32|     ap_none|                                arg1_r_9_reload|        scalar|
|arg2_r_reload               |   in|   32|     ap_none|                                  arg2_r_reload|        scalar|
|arg2_r_1_reload             |   in|   32|     ap_none|                                arg2_r_1_reload|        scalar|
|arg2_r_2_reload             |   in|   32|     ap_none|                                arg2_r_2_reload|        scalar|
|arg2_r_3_reload             |   in|   32|     ap_none|                                arg2_r_3_reload|        scalar|
|arg2_r_4_reload             |   in|   32|     ap_none|                                arg2_r_4_reload|        scalar|
|arg2_r_5_reload             |   in|   32|     ap_none|                                arg2_r_5_reload|        scalar|
|arg2_r_9_reload             |   in|   32|     ap_none|                                arg2_r_9_reload|        scalar|
|arg1_r_3_reload             |   in|   32|     ap_none|                                arg1_r_3_reload|        scalar|
|arg2_r_6_reload             |   in|   32|     ap_none|                                arg2_r_6_reload|        scalar|
|arg1_r_2_reload             |   in|   32|     ap_none|                                arg1_r_2_reload|        scalar|
|arg2_r_7_reload             |   in|   32|     ap_none|                                arg2_r_7_reload|        scalar|
|arg1_r_1_reload             |   in|   32|     ap_none|                                arg1_r_1_reload|        scalar|
|arg2_r_8_reload             |   in|   32|     ap_none|                                arg2_r_8_reload|        scalar|
|arg1_r_reload               |   in|   32|     ap_none|                                  arg1_r_reload|        scalar|
|zext_ln54_18                |   in|   32|     ap_none|                                   zext_ln54_18|        scalar|
|add65_4_129562_out          |  out|   64|      ap_vld|                             add65_4_129562_out|       pointer|
|add65_4_129562_out_ap_vld   |  out|    1|      ap_vld|                             add65_4_129562_out|       pointer|
|add65_4561_out              |  out|   64|      ap_vld|                                 add65_4561_out|       pointer|
|add65_4561_out_ap_vld       |  out|    1|      ap_vld|                                 add65_4561_out|       pointer|
|add65_3_171560_out          |  out|   64|      ap_vld|                             add65_3_171560_out|       pointer|
|add65_3_171560_out_ap_vld   |  out|    1|      ap_vld|                             add65_3_171560_out|       pointer|
|add65_3559_out              |  out|   64|      ap_vld|                                 add65_3559_out|       pointer|
|add65_3559_out_ap_vld       |  out|    1|      ap_vld|                                 add65_3559_out|       pointer|
|add65_2_1113558_out         |  out|   64|      ap_vld|                            add65_2_1113558_out|       pointer|
|add65_2_1113558_out_ap_vld  |  out|    1|      ap_vld|                            add65_2_1113558_out|       pointer|
|add65_2557_out              |  out|   64|      ap_vld|                                 add65_2557_out|       pointer|
|add65_2557_out_ap_vld       |  out|    1|      ap_vld|                                 add65_2557_out|       pointer|
|add65_1_1155556_out         |  out|   64|      ap_vld|                            add65_1_1155556_out|       pointer|
|add65_1_1155556_out_ap_vld  |  out|    1|      ap_vld|                            add65_1_1155556_out|       pointer|
|add65_1555_out              |  out|   64|      ap_vld|                                 add65_1555_out|       pointer|
|add65_1555_out_ap_vld       |  out|    1|      ap_vld|                                 add65_1555_out|       pointer|
|add65_1433554_out           |  out|   64|      ap_vld|                              add65_1433554_out|       pointer|
|add65_1433554_out_ap_vld    |  out|    1|      ap_vld|                              add65_1433554_out|       pointer|
|add65553_out                |  out|   64|      ap_vld|                                   add65553_out|       pointer|
|add65553_out_ap_vld         |  out|    1|      ap_vld|                                   add65553_out|       pointer|
+----------------------------+-----+-----+------------+-----------------------------------------------+--------------+

