

================================================================
== Vitis HLS Report for 'fiat_25519_carry_square_Pipeline_VITIS_LOOP_33_1'
================================================================
* Date:           Thu May  9 15:24:27 2024

* Version:        2023.1.1 (Build 3869133 on Jun 15 2023)
* Project:        D2
* Solution:       comb_10 (Vivado IP Flow Target)
* Product family: zynquplus
* Target device:  xczu9eg-ffvb1156-2-e


================================================================
== Performance Estimates
================================================================
+ Timing: 
    * Summary: 
    +--------+----------+----------+------------+
    |  Clock |  Target  | Estimated| Uncertainty|
    +--------+----------+----------+------------+
    |ap_clk  |  10.00 ns|  6.759 ns|     2.70 ns|
    +--------+----------+----------+------------+

+ Latency: 
    * Summary: 
    +---------+---------+-----------+-----------+-----+-----+---------+
    |  Latency (cycles) |   Latency (absolute)  |  Interval | Pipeline|
    |   min   |   max   |    min    |    max    | min | max |   Type  |
    +---------+---------+-----------+-----------+-----+-----+---------+
    |        4|        4|  40.000 ns|  40.000 ns|    4|    4|       no|
    +---------+---------+-----------+-----------+-----+-----+---------+

    + Detail: 
        * Instance: 
        N/A

        * Loop: 
        +-------------------+---------+---------+----------+-----------+-----------+------+----------+
        |                   |  Latency (cycles) | Iteration|  Initiation Interval  | Trip |          |
        |     Loop Name     |   min   |   max   |  Latency |  achieved |   target  | Count| Pipelined|
        +-------------------+---------+---------+----------+-----------+-----------+------+----------+
        |- VITIS_LOOP_33_1  |        2|        2|         2|          1|          1|     2|       yes|
        +-------------------+---------+---------+----------+-----------+-----------+------+----------+

============================================================
+ Verbose Summary: Synthesis Manager
============================================================
InlineROM: 1
ExposeGlobal: 0
============================================================
+ Verbose Summary: CDFG Model
============================================================
IsTopModel: 0
ResetActiveHigh: 1
IsCombinational: 0
IsDatapathOnly: 0
HasWiredReturn: 1
HasMFsm: 2
HasVarLatency: 1
IsPipeline: 0
IsRtlPipelined: 0
IsInstanceOverlapped: 0
IsDontTouch: 0
HasImplIP: 0
IsGatedGlobalClock: 0

+ Individual pipeline summary: 
  * Pipeline-0: initiation interval (II) = 1, depth = 3


============================================================
+ Verbose Summary: Schedule
============================================================
* Number of FSM states : 3
* Pipeline : 1
  Pipeline-0 : II = 1, D = 3, States = { 1 2 3 }
* Dataflow Pipeline: 0

* FSM state transitions: 
1 --> 2 
2 --> 3 
3 --> 

* FSM state operations: 

State 1 <SV = 0> <Delay = 0.57>
ST_1 : Operation 5 [1/1] (0.00ns)   --->   "%i_1 = alloca i32 1"   --->   Operation 5 'alloca' 'i_1' <Predicate = true> <Delay = 0.00>
ST_1 : Operation 6 [1/1] (0.00ns)   --->   "%arr_1 = alloca i32 1"   --->   Operation 6 'alloca' 'arr_1' <Predicate = true> <Delay = 0.00>
ST_1 : Operation 7 [1/1] (0.00ns)   --->   "%arr_3 = alloca i32 1"   --->   Operation 7 'alloca' 'arr_3' <Predicate = true> <Delay = 0.00>
ST_1 : Operation 8 [1/1] (0.00ns)   --->   "%arr_4 = alloca i32 1"   --->   Operation 8 'alloca' 'arr_4' <Predicate = true> <Delay = 0.00>
ST_1 : Operation 9 [1/1] (0.00ns)   --->   "%arr_5 = alloca i32 1"   --->   Operation 9 'alloca' 'arr_5' <Predicate = true> <Delay = 0.00>
ST_1 : Operation 10 [1/1] (0.00ns)   --->   "%arr_10 = alloca i32 1"   --->   Operation 10 'alloca' 'arr_10' <Predicate = true> <Delay = 0.00>
ST_1 : Operation 11 [1/1] (0.00ns)   --->   "%arr_6 = alloca i32 1"   --->   Operation 11 'alloca' 'arr_6' <Predicate = true> <Delay = 0.00>
ST_1 : Operation 12 [1/1] (0.00ns)   --->   "%arr_9 = alloca i32 1"   --->   Operation 12 'alloca' 'arr_9' <Predicate = true> <Delay = 0.00>
ST_1 : Operation 13 [1/1] (0.00ns)   --->   "%arr_7 = alloca i32 1"   --->   Operation 13 'alloca' 'arr_7' <Predicate = true> <Delay = 0.00>
ST_1 : Operation 14 [1/1] (0.00ns)   --->   "%arr_8 = alloca i32 1"   --->   Operation 14 'alloca' 'arr_8' <Predicate = true> <Delay = 0.00>
ST_1 : Operation 15 [1/1] (0.00ns)   --->   "%zext_ln42_2_read = read i32 @_ssdm_op_Read.ap_auto.i32, i32 %zext_ln42_2"   --->   Operation 15 'read' 'zext_ln42_2_read' <Predicate = true> <Delay = 0.00>
ST_1 : Operation 16 [1/1] (0.00ns)   --->   "%zext_ln42_read = read i32 @_ssdm_op_Read.ap_auto.i32, i32 %zext_ln42"   --->   Operation 16 'read' 'zext_ln42_read' <Predicate = true> <Delay = 0.00>
ST_1 : Operation 17 [1/1] (0.00ns)   --->   "%zext_ln27_read = read i32 @_ssdm_op_Read.ap_auto.i32, i32 %zext_ln27"   --->   Operation 17 'read' 'zext_ln27_read' <Predicate = true> <Delay = 0.00>
ST_1 : Operation 18 [1/1] (0.00ns)   --->   "%arg1_r_1_cast_read = read i31 @_ssdm_op_Read.ap_auto.i31, i31 %arg1_r_1_cast"   --->   Operation 18 'read' 'arg1_r_1_cast_read' <Predicate = true> <Delay = 0.00>
ST_1 : Operation 19 [1/1] (0.00ns)   --->   "%arg1_r_2_cast_read = read i31 @_ssdm_op_Read.ap_auto.i31, i31 %arg1_r_2_cast"   --->   Operation 19 'read' 'arg1_r_2_cast_read' <Predicate = true> <Delay = 0.00>
ST_1 : Operation 20 [1/1] (0.00ns)   --->   "%arg1_r_7_cast_read = read i31 @_ssdm_op_Read.ap_auto.i31, i31 %arg1_r_7_cast"   --->   Operation 20 'read' 'arg1_r_7_cast_read' <Predicate = true> <Delay = 0.00>
ST_1 : Operation 21 [1/1] (0.00ns)   --->   "%arg1_r_6_cast_read = read i31 @_ssdm_op_Read.ap_auto.i31, i31 %arg1_r_6_cast"   --->   Operation 21 'read' 'arg1_r_6_cast_read' <Predicate = true> <Delay = 0.00>
ST_1 : Operation 22 [1/1] (0.00ns)   --->   "%arg1_r_5_cast_read = read i31 @_ssdm_op_Read.ap_auto.i31, i31 %arg1_r_5_cast"   --->   Operation 22 'read' 'arg1_r_5_cast_read' <Predicate = true> <Delay = 0.00>
ST_1 : Operation 23 [1/1] (0.00ns)   --->   "%arg1_r_4_cast_read = read i31 @_ssdm_op_Read.ap_auto.i31, i31 %arg1_r_4_cast"   --->   Operation 23 'read' 'arg1_r_4_cast_read' <Predicate = true> <Delay = 0.00>
ST_1 : Operation 24 [1/1] (0.00ns)   --->   "%arg1_r_3_cast_read = read i31 @_ssdm_op_Read.ap_auto.i31, i31 %arg1_r_3_cast"   --->   Operation 24 'read' 'arg1_r_3_cast_read' <Predicate = true> <Delay = 0.00>
ST_1 : Operation 25 [1/1] (0.00ns)   --->   "%arg1_r_9_reload_read = read i32 @_ssdm_op_Read.ap_auto.i32, i32 %arg1_r_9_reload"   --->   Operation 25 'read' 'arg1_r_9_reload_read' <Predicate = true> <Delay = 0.00>
ST_1 : Operation 26 [1/1] (0.00ns)   --->   "%arg1_r_3_reload_read = read i32 @_ssdm_op_Read.ap_auto.i32, i32 %arg1_r_3_reload"   --->   Operation 26 'read' 'arg1_r_3_reload_read' <Predicate = true> <Delay = 0.00>
ST_1 : Operation 27 [1/1] (0.00ns)   --->   "%arg1_r_2_reload_read = read i32 @_ssdm_op_Read.ap_auto.i32, i32 %arg1_r_2_reload"   --->   Operation 27 'read' 'arg1_r_2_reload_read' <Predicate = true> <Delay = 0.00>
ST_1 : Operation 28 [1/1] (0.00ns)   --->   "%arg1_r_1_reload_read = read i32 @_ssdm_op_Read.ap_auto.i32, i32 %arg1_r_1_reload"   --->   Operation 28 'read' 'arg1_r_1_reload_read' <Predicate = true> <Delay = 0.00>
ST_1 : Operation 29 [1/1] (0.00ns)   --->   "%arg1_r_8_reload_read = read i32 @_ssdm_op_Read.ap_auto.i32, i32 %arg1_r_8_reload"   --->   Operation 29 'read' 'arg1_r_8_reload_read' <Predicate = true> <Delay = 0.00>
ST_1 : Operation 30 [1/1] (0.00ns)   --->   "%arg1_r_7_reload_read = read i32 @_ssdm_op_Read.ap_auto.i32, i32 %arg1_r_7_reload"   --->   Operation 30 'read' 'arg1_r_7_reload_read' <Predicate = true> <Delay = 0.00>
ST_1 : Operation 31 [1/1] (0.00ns)   --->   "%arg1_r_6_reload_read = read i32 @_ssdm_op_Read.ap_auto.i32, i32 %arg1_r_6_reload"   --->   Operation 31 'read' 'arg1_r_6_reload_read' <Predicate = true> <Delay = 0.00>
ST_1 : Operation 32 [1/1] (0.00ns)   --->   "%arg1_r_5_reload_read = read i32 @_ssdm_op_Read.ap_auto.i32, i32 %arg1_r_5_reload"   --->   Operation 32 'read' 'arg1_r_5_reload_read' <Predicate = true> <Delay = 0.00>
ST_1 : Operation 33 [1/1] (0.00ns)   --->   "%arg1_r_4_reload_read = read i32 @_ssdm_op_Read.ap_auto.i32, i32 %arg1_r_4_reload"   --->   Operation 33 'read' 'arg1_r_4_reload_read' <Predicate = true> <Delay = 0.00>
ST_1 : Operation 34 [1/1] (0.00ns)   --->   "%arr_2_read = read i64 @_ssdm_op_Read.ap_auto.i64, i64 %arr_2"   --->   Operation 34 'read' 'arr_2_read' <Predicate = true> <Delay = 0.00>
ST_1 : Operation 35 [1/1] (0.00ns)   --->   "%arr_12_read = read i64 @_ssdm_op_Read.ap_auto.i64, i64 %arr_12"   --->   Operation 35 'read' 'arr_12_read' <Predicate = true> <Delay = 0.00>
ST_1 : Operation 36 [1/1] (0.00ns)   --->   "%zext_ln42_2_cast = zext i32 %zext_ln42_2_read"   --->   Operation 36 'zext' 'zext_ln42_2_cast' <Predicate = true> <Delay = 0.00>
ST_1 : Operation 37 [1/1] (0.00ns)   --->   "%zext_ln42_cast = zext i32 %zext_ln42_read"   --->   Operation 37 'zext' 'zext_ln42_cast' <Predicate = true> <Delay = 0.00>
ST_1 : Operation 38 [1/1] (0.00ns)   --->   "%zext_ln27_cast = zext i32 %zext_ln27_read"   --->   Operation 38 'zext' 'zext_ln27_cast' <Predicate = true> <Delay = 0.00>
ST_1 : Operation 39 [1/1] (0.57ns)   --->   "%store_ln0 = store i64 0, i64 %arr_8"   --->   Operation 39 'store' 'store_ln0' <Predicate = true> <Delay = 0.57>
ST_1 : Operation 40 [1/1] (0.57ns)   --->   "%store_ln0 = store i64 0, i64 %arr_7"   --->   Operation 40 'store' 'store_ln0' <Predicate = true> <Delay = 0.57>
ST_1 : Operation 41 [1/1] (0.52ns)   --->   "%store_ln0 = store i64 0, i64 %arr_9"   --->   Operation 41 'store' 'store_ln0' <Predicate = true> <Delay = 0.52>
ST_1 : Operation 42 [1/1] (0.52ns)   --->   "%store_ln0 = store i64 0, i64 %arr_6"   --->   Operation 42 'store' 'store_ln0' <Predicate = true> <Delay = 0.52>
ST_1 : Operation 43 [1/1] (0.47ns)   --->   "%store_ln0 = store i64 %arr_12_read, i64 %arr_10"   --->   Operation 43 'store' 'store_ln0' <Predicate = true> <Delay = 0.47>
ST_1 : Operation 44 [1/1] (0.47ns)   --->   "%store_ln0 = store i64 0, i64 %arr_5"   --->   Operation 44 'store' 'store_ln0' <Predicate = true> <Delay = 0.47>
ST_1 : Operation 45 [1/1] (0.42ns)   --->   "%store_ln0 = store i64 0, i64 %arr_4"   --->   Operation 45 'store' 'store_ln0' <Predicate = true> <Delay = 0.42>
ST_1 : Operation 46 [1/1] (0.42ns)   --->   "%store_ln0 = store i64 0, i64 %arr_3"   --->   Operation 46 'store' 'store_ln0' <Predicate = true> <Delay = 0.42>
ST_1 : Operation 47 [1/1] (0.42ns)   --->   "%store_ln0 = store i64 %arr_2_read, i64 %arr_1"   --->   Operation 47 'store' 'store_ln0' <Predicate = true> <Delay = 0.42>
ST_1 : Operation 48 [1/1] (0.42ns)   --->   "%store_ln0 = store i4 1, i4 %i_1"   --->   Operation 48 'store' 'store_ln0' <Predicate = true> <Delay = 0.42>
ST_1 : Operation 49 [1/1] (0.00ns)   --->   "%br_ln0 = br void %for.inc87"   --->   Operation 49 'br' 'br_ln0' <Predicate = true> <Delay = 0.00>

State 2 <SV = 1> <Delay = 6.75>
ST_2 : Operation 50 [1/1] (0.00ns)   --->   "%i = load i4 %i_1" [d2.cpp:33]   --->   Operation 50 'load' 'i' <Predicate = true> <Delay = 0.00>
ST_2 : Operation 51 [1/1] (0.79ns)   --->   "%icmp_ln33 = icmp_ult  i4 %i, i4 9" [d2.cpp:33]   --->   Operation 51 'icmp' 'icmp_ln33' <Predicate = true> <Delay = 0.79> <CoreInst = "Cmp">   --->   Core 9 'Cmp' <Latency = 0> <II = 1> <Delay = 0.79> <FuncUnit> <Opcode : 'icmp'> <InPorts = 2> <OutPorts = 1>
ST_2 : Operation 52 [1/1] (0.00ns)   --->   "%br_ln33 = br i1 %icmp_ln33, void %VITIS_LOOP_46_3.exitStub, void %for.inc87.split" [d2.cpp:33]   --->   Operation 52 'br' 'br_ln33' <Predicate = true> <Delay = 0.00>
ST_2 : Operation 53 [1/1] (0.00ns)   --->   "%arr_3_load_1 = load i64 %arr_3" [d2.cpp:40]   --->   Operation 53 'load' 'arr_3_load_1' <Predicate = (icmp_ln33)> <Delay = 0.00>
ST_2 : Operation 54 [1/1] (0.00ns)   --->   "%arr_4_load_1 = load i64 %arr_4" [d2.cpp:40]   --->   Operation 54 'load' 'arr_4_load_1' <Predicate = (icmp_ln33)> <Delay = 0.00>
ST_2 : Operation 55 [1/1] (0.00ns)   --->   "%arr_5_load_1 = load i64 %arr_5" [d2.cpp:40]   --->   Operation 55 'load' 'arr_5_load_1' <Predicate = (icmp_ln33)> <Delay = 0.00>
ST_2 : Operation 56 [1/1] (0.00ns)   --->   "%arr_10_load_1 = load i64 %arr_10" [d2.cpp:40]   --->   Operation 56 'load' 'arr_10_load_1' <Predicate = (icmp_ln33)> <Delay = 0.00>
ST_2 : Operation 57 [1/1] (0.00ns)   --->   "%arr_6_load_1 = load i64 %arr_6" [d2.cpp:40]   --->   Operation 57 'load' 'arr_6_load_1' <Predicate = (icmp_ln33)> <Delay = 0.00>
ST_2 : Operation 58 [1/1] (0.00ns)   --->   "%arr_9_load_1 = load i64 %arr_9" [d2.cpp:40]   --->   Operation 58 'load' 'arr_9_load_1' <Predicate = (icmp_ln33)> <Delay = 0.00>
ST_2 : Operation 59 [1/1] (0.00ns)   --->   "%arr_7_load_1 = load i64 %arr_7" [d2.cpp:40]   --->   Operation 59 'load' 'arr_7_load_1' <Predicate = (icmp_ln33)> <Delay = 0.00>
ST_2 : Operation 60 [1/1] (0.00ns)   --->   "%arr_8_load_1 = load i64 %arr_8" [d2.cpp:40]   --->   Operation 60 'load' 'arr_8_load_1' <Predicate = (icmp_ln33)> <Delay = 0.00>
ST_2 : Operation 61 [1/1] (0.00ns)   --->   "%trunc_ln33 = trunc i4 %i" [d2.cpp:33]   --->   Operation 61 'trunc' 'trunc_ln33' <Predicate = (icmp_ln33)> <Delay = 0.00>
ST_2 : Operation 62 [1/1] (0.00ns)   --->   "%specpipeline_ln35 = specpipeline void @_ssdm_op_SpecPipeline, i32 1, i32 0, i32 0, i32 0, void @empty" [d2.cpp:35]   --->   Operation 62 'specpipeline' 'specpipeline_ln35' <Predicate = (icmp_ln33)> <Delay = 0.00>
ST_2 : Operation 63 [1/1] (0.00ns)   --->   "%speclooptripcount_ln14 = speclooptripcount void @_ssdm_op_SpecLoopTripCount, i64 2, i64 2, i64 2" [d2.cpp:14]   --->   Operation 63 'speclooptripcount' 'speclooptripcount_ln14' <Predicate = (icmp_ln33)> <Delay = 0.00>
ST_2 : Operation 64 [1/1] (0.00ns)   --->   "%specloopname_ln33 = specloopname void @_ssdm_op_SpecLoopName, void @empty_10" [d2.cpp:33]   --->   Operation 64 'specloopname' 'specloopname_ln33' <Predicate = (icmp_ln33)> <Delay = 0.00>
ST_2 : Operation 65 [1/1] (0.79ns)   --->   "%sub_ln36 = sub i4 9, i4 %i" [d2.cpp:36]   --->   Operation 65 'sub' 'sub_ln36' <Predicate = (icmp_ln33)> <Delay = 0.79> <CoreInst = "Adder">   --->   Core 1 'Adder' <Latency = 0> <II = 1> <Delay = 0.79> <FuncUnit> <Opcode : 'add' 'sub'> <InPorts = 2> <OutPorts = 1>
ST_2 : Operation 66 [1/1] (0.77ns)   --->   "%tmp = mux i32 @_ssdm_op_Mux.ap_auto.9i32.i4, i32 0, i32 0, i32 0, i32 0, i32 %arg1_r_4_reload_read, i32 %arg1_r_5_reload_read, i32 %arg1_r_6_reload_read, i32 %arg1_r_7_reload_read, i32 %arg1_r_8_reload_read, i4 %sub_ln36" [d2.cpp:40]   --->   Operation 66 'mux' 'tmp' <Predicate = (icmp_ln33)> <Delay = 0.77> <CoreInst = "Multiplexer">   --->   Core 76 'Multiplexer' <Latency = 0> <II = 1> <Delay = 0.77> <FuncUnit> <Opcode : 'mux'> <InPorts = 2> <OutPorts = 1>
ST_2 : Operation 67 [1/1] (0.00ns)   --->   "%zext_ln40 = zext i32 %tmp" [d2.cpp:40]   --->   Operation 67 'zext' 'zext_ln40' <Predicate = (icmp_ln33)> <Delay = 0.00>
ST_2 : Operation 68 [1/1] (0.62ns)   --->   "%tmp_1 = mux i64 @_ssdm_op_Mux.ap_auto.6i64.i3, i64 0, i64 %arr_4_load_1, i64 %arr_10_load_1, i64 %arr_9_load_1, i64 %arr_8_load_1, i64 %arr_7_load_1, i3 %trunc_ln33" [d2.cpp:40]   --->   Operation 68 'mux' 'tmp_1' <Predicate = (icmp_ln33)> <Delay = 0.62> <CoreInst = "Multiplexer">   --->   Core 76 'Multiplexer' <Latency = 0> <II = 1> <Delay = 0.62> <FuncUnit> <Opcode : 'mux'> <InPorts = 2> <OutPorts = 1>
ST_2 : Operation 69 [1/1] (0.00ns)   --->   "%shl_ln41 = shl i32 %tmp, i32 1" [d2.cpp:41]   --->   Operation 69 'shl' 'shl_ln41' <Predicate = (icmp_ln33)> <Delay = 0.00>
ST_2 : Operation 70 [1/1] (0.00ns)   --->   "%zext_ln41 = zext i32 %shl_ln41" [d2.cpp:41]   --->   Operation 70 'zext' 'zext_ln41' <Predicate = (icmp_ln33)> <Delay = 0.00>
ST_2 : Operation 71 [1/1] (0.79ns)   --->   "%icmp_ln41 = icmp_ult  i4 %i, i4 5" [d2.cpp:41]   --->   Operation 71 'icmp' 'icmp_ln41' <Predicate = (icmp_ln33)> <Delay = 0.79> <CoreInst = "Cmp">   --->   Core 9 'Cmp' <Latency = 0> <II = 1> <Delay = 0.79> <FuncUnit> <Opcode : 'icmp'> <InPorts = 2> <OutPorts = 1>
ST_2 : Operation 72 [1/1] (0.79ns)   --->   "%sub_ln42 = sub i4 10, i4 %i" [d2.cpp:42]   --->   Operation 72 'sub' 'sub_ln42' <Predicate = (icmp_ln33)> <Delay = 0.79> <CoreInst = "Adder">   --->   Core 1 'Adder' <Latency = 0> <II = 1> <Delay = 0.79> <FuncUnit> <Opcode : 'add' 'sub'> <InPorts = 2> <OutPorts = 1>
ST_2 : Operation 73 [1/1] (0.79ns)   --->   "%icmp_ln42 = icmp_ugt  i4 %i, i4 2" [d2.cpp:42]   --->   Operation 73 'icmp' 'icmp_ln42' <Predicate = (icmp_ln33)> <Delay = 0.79> <CoreInst = "Cmp">   --->   Core 9 'Cmp' <Latency = 0> <II = 1> <Delay = 0.79> <FuncUnit> <Opcode : 'icmp'> <InPorts = 2> <OutPorts = 1>
ST_2 : Operation 74 [1/1] (0.67ns)   --->   "%add_ln39 = add i3 %trunc_ln33, i3 1" [d2.cpp:39]   --->   Operation 74 'add' 'add_ln39' <Predicate = (icmp_ln33)> <Delay = 0.67> <CoreInst = "Adder">   --->   Core 1 'Adder' <Latency = 0> <II = 1> <Delay = 0.67> <FuncUnit> <Opcode : 'add' 'sub'> <InPorts = 2> <OutPorts = 1>
ST_2 : Operation 75 [1/1] (0.67ns)   --->   "%sub_ln40 = sub i3 0, i3 %trunc_ln33" [d2.cpp:40]   --->   Operation 75 'sub' 'sub_ln40' <Predicate = (icmp_ln33)> <Delay = 0.67> <CoreInst = "Adder">   --->   Core 1 'Adder' <Latency = 0> <II = 1> <Delay = 0.67> <FuncUnit> <Opcode : 'add' 'sub'> <InPorts = 2> <OutPorts = 1>
ST_2 : Operation 76 [1/1] (0.67ns)   --->   "%icmp_ln41_1 = icmp_ult  i3 %add_ln39, i3 5" [d2.cpp:41]   --->   Operation 76 'icmp' 'icmp_ln41_1' <Predicate = (icmp_ln33)> <Delay = 0.67> <CoreInst = "Cmp">   --->   Core 9 'Cmp' <Latency = 0> <II = 1> <Delay = 0.67> <FuncUnit> <Opcode : 'icmp'> <InPorts = 2> <OutPorts = 1>
ST_2 : Operation 77 [1/1] (0.67ns)   --->   "%icmp_ln42_1 = icmp_ugt  i3 %add_ln39, i3 2" [d2.cpp:42]   --->   Operation 77 'icmp' 'icmp_ln42_1' <Predicate = (icmp_ln33)> <Delay = 0.67> <CoreInst = "Cmp">   --->   Core 9 'Cmp' <Latency = 0> <II = 1> <Delay = 0.67> <FuncUnit> <Opcode : 'icmp'> <InPorts = 2> <OutPorts = 1>
ST_2 : Operation 78 [1/1] (0.67ns)   --->   "%add_ln39_1 = add i3 %trunc_ln33, i3 2" [d2.cpp:39]   --->   Operation 78 'add' 'add_ln39_1' <Predicate = (icmp_ln33)> <Delay = 0.67> <CoreInst = "Adder">   --->   Core 1 'Adder' <Latency = 0> <II = 1> <Delay = 0.67> <FuncUnit> <Opcode : 'add' 'sub'> <InPorts = 2> <OutPorts = 1>
ST_2 : Operation 79 [1/1] (0.12ns)   --->   "%xor_ln40 = xor i3 %trunc_ln33, i3 7" [d2.cpp:40]   --->   Operation 79 'xor' 'xor_ln40' <Predicate = (icmp_ln33)> <Delay = 0.12> <CoreInst = "LogicGate">   --->   Core 74 'LogicGate' <Latency = 0> <II = 1> <Delay = 0.12> <FuncUnit> <Opcode : 'and' 'or' 'xor'> <InPorts = 2> <OutPorts = 1>
ST_2 : Operation 80 [1/1] (0.67ns)   --->   "%icmp_ln41_2 = icmp_ult  i3 %add_ln39_1, i3 5" [d2.cpp:41]   --->   Operation 80 'icmp' 'icmp_ln41_2' <Predicate = (icmp_ln33)> <Delay = 0.67> <CoreInst = "Cmp">   --->   Core 9 'Cmp' <Latency = 0> <II = 1> <Delay = 0.67> <FuncUnit> <Opcode : 'icmp'> <InPorts = 2> <OutPorts = 1>
ST_2 : Operation 81 [1/1] (0.79ns)   --->   "%add_ln39_2 = add i4 %i, i4 3" [d2.cpp:39]   --->   Operation 81 'add' 'add_ln39_2' <Predicate = (icmp_ln33)> <Delay = 0.79> <CoreInst = "Adder">   --->   Core 1 'Adder' <Latency = 0> <II = 1> <Delay = 0.79> <FuncUnit> <Opcode : 'add' 'sub'> <InPorts = 2> <OutPorts = 1>
ST_2 : Operation 82 [1/1] (0.67ns)   --->   "%sub_ln40_1 = sub i3 6, i3 %trunc_ln33" [d2.cpp:40]   --->   Operation 82 'sub' 'sub_ln40_1' <Predicate = (icmp_ln33)> <Delay = 0.67> <CoreInst = "Adder">   --->   Core 1 'Adder' <Latency = 0> <II = 1> <Delay = 0.67> <FuncUnit> <Opcode : 'add' 'sub'> <InPorts = 2> <OutPorts = 1>
ST_2 : Operation 83 [1/1] (0.79ns)   --->   "%icmp_ln41_3 = icmp_ult  i4 %add_ln39_2, i4 5" [d2.cpp:41]   --->   Operation 83 'icmp' 'icmp_ln41_3' <Predicate = (icmp_ln33)> <Delay = 0.79> <CoreInst = "Cmp">   --->   Core 9 'Cmp' <Latency = 0> <II = 1> <Delay = 0.79> <FuncUnit> <Opcode : 'icmp'> <InPorts = 2> <OutPorts = 1>
ST_2 : Operation 84 [1/1] (0.62ns)   --->   "%tmp_2 = mux i64 @_ssdm_op_Mux.ap_auto.6i64.i3, i64 0, i64 %arr_10_load_1, i64 %arr_9_load_1, i64 %arr_8_load_1, i64 %arr_7_load_1, i64 %arr_6_load_1, i3 %trunc_ln33" [d2.cpp:40]   --->   Operation 84 'mux' 'tmp_2' <Predicate = (icmp_ln33)> <Delay = 0.62> <CoreInst = "Multiplexer">   --->   Core 76 'Multiplexer' <Latency = 0> <II = 1> <Delay = 0.62> <FuncUnit> <Opcode : 'mux'> <InPorts = 2> <OutPorts = 1>
ST_2 : Operation 85 [1/1] (0.62ns)   --->   "%tmp_3 = mux i64 @_ssdm_op_Mux.ap_auto.6i64.i3, i64 0, i64 %arr_9_load_1, i64 %arr_8_load_1, i64 %arr_7_load_1, i64 %arr_6_load_1, i64 %arr_5_load_1, i3 %trunc_ln33" [d2.cpp:40]   --->   Operation 85 'mux' 'tmp_3' <Predicate = (icmp_ln33)> <Delay = 0.62> <CoreInst = "Multiplexer">   --->   Core 76 'Multiplexer' <Latency = 0> <II = 1> <Delay = 0.62> <FuncUnit> <Opcode : 'mux'> <InPorts = 2> <OutPorts = 1>
ST_2 : Operation 86 [1/1] (0.62ns)   --->   "%tmp_4 = mux i64 @_ssdm_op_Mux.ap_auto.6i64.i3, i64 0, i64 %arr_8_load_1, i64 %arr_7_load_1, i64 %arr_6_load_1, i64 %arr_5_load_1, i64 %arr_3_load_1, i3 %trunc_ln33" [d2.cpp:40]   --->   Operation 86 'mux' 'tmp_4' <Predicate = (icmp_ln33)> <Delay = 0.62> <CoreInst = "Multiplexer">   --->   Core 76 'Multiplexer' <Latency = 0> <II = 1> <Delay = 0.62> <FuncUnit> <Opcode : 'mux'> <InPorts = 2> <OutPorts = 1>
ST_2 : Operation 87 [1/1] (0.62ns)   --->   "%tmp_5 = mux i32 @_ssdm_op_Mux.ap_auto.6i32.i3, i32 0, i32 %arg1_r_1_reload_read, i32 %arg1_r_2_reload_read, i32 %arg1_r_3_reload_read, i32 %arg1_r_4_reload_read, i32 %arg1_r_5_reload_read, i3 %trunc_ln33" [d2.cpp:41]   --->   Operation 87 'mux' 'tmp_5' <Predicate = (icmp_ln33)> <Delay = 0.62> <CoreInst = "Multiplexer">   --->   Core 76 'Multiplexer' <Latency = 0> <II = 1> <Delay = 0.62> <FuncUnit> <Opcode : 'mux'> <InPorts = 2> <OutPorts = 1>
ST_2 : Operation 88 [1/1] (0.00ns)   --->   "%zext_ln41_1 = zext i32 %tmp_5" [d2.cpp:41]   --->   Operation 88 'zext' 'zext_ln41_1' <Predicate = (icmp_ln33)> <Delay = 0.00>
ST_2 : Operation 89 [1/1] (0.75ns)   --->   "%tmp_6 = mux i32 @_ssdm_op_Mux.ap_auto.10i32.i4, i32 0, i32 0, i32 0, i32 0, i32 0, i32 %arg1_r_5_reload_read, i32 %arg1_r_6_reload_read, i32 %arg1_r_7_reload_read, i32 %arg1_r_8_reload_read, i32 %arg1_r_9_reload_read, i4 %sub_ln42" [d2.cpp:42]   --->   Operation 89 'mux' 'tmp_6' <Predicate = (icmp_ln33)> <Delay = 0.75> <CoreInst = "Multiplexer">   --->   Core 76 'Multiplexer' <Latency = 0> <II = 1> <Delay = 0.75> <FuncUnit> <Opcode : 'mux'> <InPorts = 2> <OutPorts = 1>
ST_2 : Operation 90 [1/1] (0.72ns)   --->   "%tmp_7 = mux i32 @_ssdm_op_Mux.ap_auto.8i32.i3, i32 0, i32 0, i32 0, i32 %arg1_r_3_reload_read, i32 %arg1_r_4_reload_read, i32 %arg1_r_5_reload_read, i32 %arg1_r_6_reload_read, i32 %arg1_r_7_reload_read, i3 %sub_ln40" [d2.cpp:40]   --->   Operation 90 'mux' 'tmp_7' <Predicate = (icmp_ln33)> <Delay = 0.72> <CoreInst = "Multiplexer">   --->   Core 76 'Multiplexer' <Latency = 0> <II = 1> <Delay = 0.72> <FuncUnit> <Opcode : 'mux'> <InPorts = 2> <OutPorts = 1>
ST_2 : Operation 91 [1/1] (0.62ns)   --->   "%tmp_8 = mux i32 @_ssdm_op_Mux.ap_auto.6i32.i3, i32 0, i32 %arg1_r_2_reload_read, i32 %arg1_r_3_reload_read, i32 %arg1_r_4_reload_read, i32 %arg1_r_5_reload_read, i32 %arg1_r_6_reload_read, i3 %trunc_ln33" [d2.cpp:41]   --->   Operation 91 'mux' 'tmp_8' <Predicate = (icmp_ln33)> <Delay = 0.62> <CoreInst = "Multiplexer">   --->   Core 76 'Multiplexer' <Latency = 0> <II = 1> <Delay = 0.62> <FuncUnit> <Opcode : 'mux'> <InPorts = 2> <OutPorts = 1>
ST_2 : Operation 92 [1/1] (0.00ns)   --->   "%zext_ln41_2 = zext i32 %tmp_8" [d2.cpp:41]   --->   Operation 92 'zext' 'zext_ln41_2' <Predicate = (icmp_ln33)> <Delay = 0.00>
ST_2 : Operation 93 [1/1] (0.67ns)   --->   "%tmp_9 = mux i32 @_ssdm_op_Mux.ap_auto.7i32.i3, i32 0, i32 0, i32 %arg1_r_2_reload_read, i32 %arg1_r_3_reload_read, i32 %arg1_r_4_reload_read, i32 %arg1_r_5_reload_read, i32 %arg1_r_6_reload_read, i3 %xor_ln40" [d2.cpp:40]   --->   Operation 93 'mux' 'tmp_9' <Predicate = (icmp_ln33)> <Delay = 0.67> <CoreInst = "Multiplexer">   --->   Core 76 'Multiplexer' <Latency = 0> <II = 1> <Delay = 0.67> <FuncUnit> <Opcode : 'mux'> <InPorts = 2> <OutPorts = 1>
ST_2 : Operation 94 [1/1] (0.00ns)   --->   "%zext_ln40_1 = zext i32 %tmp_9" [d2.cpp:40]   --->   Operation 94 'zext' 'zext_ln40_1' <Predicate = (icmp_ln33)> <Delay = 0.00>
ST_2 : Operation 95 [1/1] (0.62ns)   --->   "%tmp_s = mux i32 @_ssdm_op_Mux.ap_auto.6i32.i3, i32 0, i32 %arg1_r_3_reload_read, i32 %arg1_r_4_reload_read, i32 %arg1_r_5_reload_read, i32 %arg1_r_6_reload_read, i32 %arg1_r_7_reload_read, i3 %trunc_ln33" [d2.cpp:41]   --->   Operation 95 'mux' 'tmp_s' <Predicate = (icmp_ln33)> <Delay = 0.62> <CoreInst = "Multiplexer">   --->   Core 76 'Multiplexer' <Latency = 0> <II = 1> <Delay = 0.62> <FuncUnit> <Opcode : 'mux'> <InPorts = 2> <OutPorts = 1>
ST_2 : Operation 96 [1/1] (0.00ns)   --->   "%zext_ln41_3 = zext i32 %tmp_s" [d2.cpp:41]   --->   Operation 96 'zext' 'zext_ln41_3' <Predicate = (icmp_ln33)> <Delay = 0.00>
ST_2 : Operation 97 [1/1] (0.62ns)   --->   "%tmp_10 = mux i32 @_ssdm_op_Mux.ap_auto.6i32.i3, i32 0, i32 %arg1_r_1_reload_read, i32 %arg1_r_2_reload_read, i32 %arg1_r_3_reload_read, i32 %arg1_r_4_reload_read, i32 %arg1_r_5_reload_read, i3 %sub_ln40_1" [d2.cpp:40]   --->   Operation 97 'mux' 'tmp_10' <Predicate = (icmp_ln33)> <Delay = 0.62> <CoreInst = "Multiplexer">   --->   Core 76 'Multiplexer' <Latency = 0> <II = 1> <Delay = 0.62> <FuncUnit> <Opcode : 'mux'> <InPorts = 2> <OutPorts = 1>
ST_2 : Operation 98 [1/1] (0.77ns)   --->   "%tmp_11 = mux i31 @_ssdm_op_Mux.ap_auto.9i31.i4, i31 0, i31 0, i31 0, i31 0, i31 %arg1_r_3_cast_read, i31 %arg1_r_4_cast_read, i31 %arg1_r_5_cast_read, i31 %arg1_r_6_cast_read, i31 %arg1_r_7_cast_read, i4 %sub_ln36" [d2.cpp:41]   --->   Operation 98 'mux' 'tmp_11' <Predicate = (icmp_ln33)> <Delay = 0.77> <CoreInst = "Multiplexer">   --->   Core 76 'Multiplexer' <Latency = 0> <II = 1> <Delay = 0.77> <FuncUnit> <Opcode : 'mux'> <InPorts = 2> <OutPorts = 1>
ST_2 : Operation 99 [1/1] (0.00ns)   --->   "%shl_ln41_1 = bitconcatenate i32 @_ssdm_op_BitConcatenate.i32.i31.i1, i31 %tmp_11, i1 0" [d2.cpp:41]   --->   Operation 99 'bitconcatenate' 'shl_ln41_1' <Predicate = (icmp_ln33)> <Delay = 0.00>
ST_2 : Operation 100 [1/1] (0.00ns)   --->   "%zext_ln41_4 = zext i32 %shl_ln41_1" [d2.cpp:41]   --->   Operation 100 'zext' 'zext_ln41_4' <Predicate = (icmp_ln33)> <Delay = 0.00>
ST_2 : Operation 101 [1/1] (0.77ns)   --->   "%tmp_12 = mux i31 @_ssdm_op_Mux.ap_auto.9i31.i4, i31 0, i31 0, i31 0, i31 0, i31 %arg1_r_2_cast_read, i31 %arg1_r_3_cast_read, i31 %arg1_r_4_cast_read, i31 %arg1_r_5_cast_read, i31 %arg1_r_6_cast_read, i4 %sub_ln36" [d2.cpp:41]   --->   Operation 101 'mux' 'tmp_12' <Predicate = (icmp_ln33)> <Delay = 0.77> <CoreInst = "Multiplexer">   --->   Core 76 'Multiplexer' <Latency = 0> <II = 1> <Delay = 0.77> <FuncUnit> <Opcode : 'mux'> <InPorts = 2> <OutPorts = 1>
ST_2 : Operation 102 [1/1] (0.00ns)   --->   "%shl_ln41_2 = bitconcatenate i32 @_ssdm_op_BitConcatenate.i32.i31.i1, i31 %tmp_12, i1 0" [d2.cpp:41]   --->   Operation 102 'bitconcatenate' 'shl_ln41_2' <Predicate = (icmp_ln33)> <Delay = 0.00>
ST_2 : Operation 103 [1/1] (0.00ns)   --->   "%zext_ln41_5 = zext i32 %shl_ln41_2" [d2.cpp:41]   --->   Operation 103 'zext' 'zext_ln41_5' <Predicate = (icmp_ln33)> <Delay = 0.00>
ST_2 : [1/1] (0.78ns)   --->   Input mux for Operation 104 '%mul_ln41 = mul i64 %zext_ln41_5, i64 %zext_ln41_3'
ST_2 : Operation 104 [1/1] (2.63ns)   --->   "%mul_ln41 = mul i64 %zext_ln41_5, i64 %zext_ln41_3" [d2.cpp:41]   --->   Operation 104 'mul' 'mul_ln41' <Predicate = (icmp_ln33)> <Delay = 2.63> <CoreInst = "Multiplier">   --->   Core 3 'Multiplier' <Latency = 0> <II = 1> <Delay = 3.42> <FuncUnit> <Opcode : 'mul'> <InPorts = 2> <OutPorts = 1>
ST_2 : Operation 105 [1/1] (0.00ns) (grouped into LUT with out node and_ln41)   --->   "%select_ln41 = select i1 %icmp_ln41_2, i64 18446744073709551615, i64 0" [d2.cpp:41]   --->   Operation 105 'select' 'select_ln41' <Predicate = (icmp_ln33)> <Delay = 0.00> <CoreInst = "Sel">   --->   Core 73 'Sel' <Latency = 0> <II = 1> <Delay = 0.17> <FuncUnit> <Opcode : 'select'> <InPorts = 3> <OutPorts = 1>
ST_2 : Operation 106 [1/1] (0.37ns) (out node of the LUT)   --->   "%and_ln41 = and i64 %mul_ln41, i64 %select_ln41" [d2.cpp:41]   --->   Operation 106 'and' 'and_ln41' <Predicate = (icmp_ln33)> <Delay = 0.37> <CoreInst = "LogicGate">   --->   Core 74 'LogicGate' <Latency = 0> <II = 1> <Delay = 0.37> <FuncUnit> <Opcode : 'and' 'or' 'xor'> <InPorts = 2> <OutPorts = 1>
ST_2 : Operation 107 [1/1] (0.62ns)   --->   "%tmp_13 = mux i32 @_ssdm_op_Mux.ap_auto.6i32.i3, i32 0, i32 %arg1_r_4_reload_read, i32 %arg1_r_5_reload_read, i32 %arg1_r_6_reload_read, i32 %arg1_r_7_reload_read, i32 %arg1_r_8_reload_read, i3 %trunc_ln33" [d2.cpp:41]   --->   Operation 107 'mux' 'tmp_13' <Predicate = (icmp_ln33)> <Delay = 0.62> <CoreInst = "Multiplexer">   --->   Core 76 'Multiplexer' <Latency = 0> <II = 1> <Delay = 0.62> <FuncUnit> <Opcode : 'mux'> <InPorts = 2> <OutPorts = 1>
ST_2 : Operation 108 [1/1] (0.00ns)   --->   "%zext_ln41_6 = zext i32 %tmp_13" [d2.cpp:41]   --->   Operation 108 'zext' 'zext_ln41_6' <Predicate = (icmp_ln33)> <Delay = 0.00>
ST_2 : Operation 109 [1/1] (0.77ns)   --->   "%tmp_14 = mux i31 @_ssdm_op_Mux.ap_auto.9i31.i4, i31 0, i31 0, i31 0, i31 0, i31 %arg1_r_1_cast_read, i31 %arg1_r_2_cast_read, i31 %arg1_r_3_cast_read, i31 %arg1_r_4_cast_read, i31 %arg1_r_5_cast_read, i4 %sub_ln36" [d2.cpp:41]   --->   Operation 109 'mux' 'tmp_14' <Predicate = (icmp_ln33)> <Delay = 0.77> <CoreInst = "Multiplexer">   --->   Core 76 'Multiplexer' <Latency = 0> <II = 1> <Delay = 0.77> <FuncUnit> <Opcode : 'mux'> <InPorts = 2> <OutPorts = 1>
ST_2 : Operation 110 [1/1] (0.00ns)   --->   "%shl_ln41_3 = bitconcatenate i32 @_ssdm_op_BitConcatenate.i32.i31.i1, i31 %tmp_14, i1 0" [d2.cpp:41]   --->   Operation 110 'bitconcatenate' 'shl_ln41_3' <Predicate = (icmp_ln33)> <Delay = 0.00>
ST_2 : Operation 111 [1/1] (0.00ns)   --->   "%zext_ln41_7 = zext i32 %shl_ln41_3" [d2.cpp:41]   --->   Operation 111 'zext' 'zext_ln41_7' <Predicate = (icmp_ln33)> <Delay = 0.00>
ST_2 : [1/1] (0.78ns)   --->   Input mux for Operation 112 '%mul_ln41_1 = mul i64 %zext_ln41_7, i64 %zext_ln41_6'
ST_2 : Operation 112 [1/1] (2.63ns)   --->   "%mul_ln41_1 = mul i64 %zext_ln41_7, i64 %zext_ln41_6" [d2.cpp:41]   --->   Operation 112 'mul' 'mul_ln41_1' <Predicate = (icmp_ln33)> <Delay = 2.63> <CoreInst = "Multiplier">   --->   Core 3 'Multiplier' <Latency = 0> <II = 1> <Delay = 3.42> <FuncUnit> <Opcode : 'mul'> <InPorts = 2> <OutPorts = 1>
ST_2 : Operation 113 [1/1] (0.00ns) (grouped into LUT with out node and_ln41_1)   --->   "%select_ln41_1 = select i1 %icmp_ln41_3, i64 18446744073709551615, i64 0" [d2.cpp:41]   --->   Operation 113 'select' 'select_ln41_1' <Predicate = (icmp_ln33)> <Delay = 0.00> <CoreInst = "Sel">   --->   Core 73 'Sel' <Latency = 0> <II = 1> <Delay = 0.17> <FuncUnit> <Opcode : 'select'> <InPorts = 3> <OutPorts = 1>
ST_2 : Operation 114 [1/1] (0.37ns) (out node of the LUT)   --->   "%and_ln41_1 = and i64 %mul_ln41_1, i64 %select_ln41_1" [d2.cpp:41]   --->   Operation 114 'and' 'and_ln41_1' <Predicate = (icmp_ln33)> <Delay = 0.37> <CoreInst = "LogicGate">   --->   Core 74 'LogicGate' <Latency = 0> <II = 1> <Delay = 0.37> <FuncUnit> <Opcode : 'and' 'or' 'xor'> <InPorts = 2> <OutPorts = 1>
ST_2 : [1/1] (0.78ns)   --->   Input mux for Operation 115 '%mul_ln41_2 = mul i64 %zext_ln41_1, i64 %zext_ln41'
ST_2 : Operation 115 [1/1] (2.63ns)   --->   "%mul_ln41_2 = mul i64 %zext_ln41_1, i64 %zext_ln41" [d2.cpp:41]   --->   Operation 115 'mul' 'mul_ln41_2' <Predicate = (icmp_ln33)> <Delay = 2.63> <CoreInst = "Multiplier">   --->   Core 3 'Multiplier' <Latency = 0> <II = 1> <Delay = 3.42> <FuncUnit> <Opcode : 'mul'> <InPorts = 2> <OutPorts = 1>
ST_2 : Operation 116 [1/1] (0.00ns) (grouped into LUT with out node and_ln41_2)   --->   "%select_ln41_2 = select i1 %icmp_ln41, i64 18446744073709551615, i64 0" [d2.cpp:41]   --->   Operation 116 'select' 'select_ln41_2' <Predicate = (icmp_ln33)> <Delay = 0.00> <CoreInst = "Sel">   --->   Core 73 'Sel' <Latency = 0> <II = 1> <Delay = 0.17> <FuncUnit> <Opcode : 'select'> <InPorts = 3> <OutPorts = 1>
ST_2 : Operation 117 [1/1] (0.37ns) (out node of the LUT)   --->   "%and_ln41_2 = and i64 %mul_ln41_2, i64 %select_ln41_2" [d2.cpp:41]   --->   Operation 117 'and' 'and_ln41_2' <Predicate = (icmp_ln33)> <Delay = 0.37> <CoreInst = "LogicGate">   --->   Core 74 'LogicGate' <Latency = 0> <II = 1> <Delay = 0.37> <FuncUnit> <Opcode : 'and' 'or' 'xor'> <InPorts = 2> <OutPorts = 1>
ST_2 : [1/1] (0.78ns)   --->   Input mux for Operation 118 '%mul_ln41_3 = mul i64 %zext_ln41_4, i64 %zext_ln41_2'
ST_2 : Operation 118 [1/1] (2.63ns)   --->   "%mul_ln41_3 = mul i64 %zext_ln41_4, i64 %zext_ln41_2" [d2.cpp:41]   --->   Operation 118 'mul' 'mul_ln41_3' <Predicate = (icmp_ln33)> <Delay = 2.63> <CoreInst = "Multiplier">   --->   Core 3 'Multiplier' <Latency = 0> <II = 1> <Delay = 3.42> <FuncUnit> <Opcode : 'mul'> <InPorts = 2> <OutPorts = 1>
ST_2 : Operation 119 [1/1] (0.00ns) (grouped into LUT with out node and_ln41_3)   --->   "%select_ln41_3 = select i1 %icmp_ln41_1, i64 18446744073709551615, i64 0" [d2.cpp:41]   --->   Operation 119 'select' 'select_ln41_3' <Predicate = (icmp_ln33)> <Delay = 0.00> <CoreInst = "Sel">   --->   Core 73 'Sel' <Latency = 0> <II = 1> <Delay = 0.17> <FuncUnit> <Opcode : 'select'> <InPorts = 3> <OutPorts = 1>
ST_2 : Operation 120 [1/1] (0.37ns) (out node of the LUT)   --->   "%and_ln41_3 = and i64 %mul_ln41_3, i64 %select_ln41_3" [d2.cpp:41]   --->   Operation 120 'and' 'and_ln41_3' <Predicate = (icmp_ln33)> <Delay = 0.37> <CoreInst = "LogicGate">   --->   Core 74 'LogicGate' <Latency = 0> <II = 1> <Delay = 0.37> <FuncUnit> <Opcode : 'and' 'or' 'xor'> <InPorts = 2> <OutPorts = 1>
ST_2 : [1/1] (0.78ns)   --->   Input mux for Operation 121 '%mul_ln42 = mul i64 %zext_ln40, i64 %zext_ln27_cast'
ST_2 : Operation 121 [1/1] (2.63ns)   --->   "%mul_ln42 = mul i64 %zext_ln40, i64 %zext_ln27_cast" [d2.cpp:42]   --->   Operation 121 'mul' 'mul_ln42' <Predicate = (icmp_ln33)> <Delay = 2.63> <CoreInst = "Multiplier">   --->   Core 3 'Multiplier' <Latency = 0> <II = 1> <Delay = 3.42> <FuncUnit> <Opcode : 'mul'> <InPorts = 2> <OutPorts = 1>
ST_2 : Operation 122 [1/1] (0.00ns)   --->   "%zext_ln42_1 = zext i32 %tmp_6" [d2.cpp:42]   --->   Operation 122 'zext' 'zext_ln42_1' <Predicate = (icmp_ln33)> <Delay = 0.00>
ST_2 : [1/1] (0.75ns)   --->   Input mux for Operation 123 '%mul_ln42_1 = mul i63 %zext_ln42_cast, i63 %zext_ln42_1'
ST_2 : Operation 123 [1/1] (2.66ns)   --->   "%mul_ln42_1 = mul i63 %zext_ln42_cast, i63 %zext_ln42_1" [d2.cpp:42]   --->   Operation 123 'mul' 'mul_ln42_1' <Predicate = (icmp_ln33)> <Delay = 2.66> <CoreInst = "Multiplier">   --->   Core 3 'Multiplier' <Latency = 0> <II = 1> <Delay = 3.42> <FuncUnit> <Opcode : 'mul'> <InPorts = 2> <OutPorts = 1>
ST_2 : Operation 124 [1/1] (0.00ns) (grouped into LUT with out node and_ln42)   --->   "%shl_ln2 = bitconcatenate i64 @_ssdm_op_BitConcatenate.i64.i63.i1, i63 %mul_ln42_1, i1 0" [d2.cpp:42]   --->   Operation 124 'bitconcatenate' 'shl_ln2' <Predicate = (icmp_ln33)> <Delay = 0.00>
ST_2 : Operation 125 [1/1] (0.00ns) (grouped into LUT with out node and_ln42)   --->   "%select_ln42 = select i1 %icmp_ln42, i64 18446744073709551615, i64 0" [d2.cpp:42]   --->   Operation 125 'select' 'select_ln42' <Predicate = (icmp_ln33)> <Delay = 0.00> <CoreInst = "Sel">   --->   Core 73 'Sel' <Latency = 0> <II = 1> <Delay = 0.17> <FuncUnit> <Opcode : 'select'> <InPorts = 3> <OutPorts = 1>
ST_2 : Operation 126 [1/1] (0.37ns) (out node of the LUT)   --->   "%and_ln42 = and i64 %shl_ln2, i64 %select_ln42" [d2.cpp:42]   --->   Operation 126 'and' 'and_ln42' <Predicate = (icmp_ln33)> <Delay = 0.37> <CoreInst = "LogicGate">   --->   Core 74 'LogicGate' <Latency = 0> <II = 1> <Delay = 0.37> <FuncUnit> <Opcode : 'and' 'or' 'xor'> <InPorts = 2> <OutPorts = 1>
ST_2 : Operation 127 [1/1] (0.00ns) (grouped into TernaryAdder)   --->   "%add_ln42 = add i64 %tmp_1, i64 %and_ln42" [d2.cpp:42]   --->   Operation 127 'add' 'add_ln42' <Predicate = (icmp_ln33)> <Delay = 0.00> <CoreInst = "TAddSub">   --->   Core 10 'TAddSub' <Latency = 0> <II = 1> <Delay = 0.40> <IPBlock> <Opcode : '<invalid operator> ' 'add' 'sub'> <InPorts = 3> <OutPorts = 1> <Sync> <CReg>
ST_2 : Operation 128 [1/1] (0.81ns) (root node of TernaryAdder)   --->   "%arr = add i64 %add_ln42, i64 %mul_ln42" [d2.cpp:42]   --->   Operation 128 'add' 'arr' <Predicate = (icmp_ln33)> <Delay = 0.81> <CoreInst = "TAddSub">   --->   Core 10 'TAddSub' <Latency = 0> <II = 1> <Delay = 0.40> <IPBlock> <Opcode : '<invalid operator> ' 'add' 'sub'> <InPorts = 3> <OutPorts = 1> <Sync> <CReg>
ST_2 : Operation 129 [1/1] (0.00ns)   --->   "%zext_ln42_3 = zext i32 %tmp_7" [d2.cpp:42]   --->   Operation 129 'zext' 'zext_ln42_3' <Predicate = (icmp_ln33)> <Delay = 0.00>
ST_2 : [1/1] (0.75ns)   --->   Input mux for Operation 130 '%mul_ln42_2 = mul i63 %zext_ln42_2_cast, i63 %zext_ln42_3'
ST_2 : Operation 130 [1/1] (2.66ns)   --->   "%mul_ln42_2 = mul i63 %zext_ln42_2_cast, i63 %zext_ln42_3" [d2.cpp:42]   --->   Operation 130 'mul' 'mul_ln42_2' <Predicate = (icmp_ln33)> <Delay = 2.66> <CoreInst = "Multiplier">   --->   Core 3 'Multiplier' <Latency = 0> <II = 1> <Delay = 3.42> <FuncUnit> <Opcode : 'mul'> <InPorts = 2> <OutPorts = 1>
ST_2 : Operation 131 [1/1] (0.00ns)   --->   "%shl_ln42_1 = bitconcatenate i64 @_ssdm_op_BitConcatenate.i64.i63.i1, i63 %mul_ln42_2, i1 0" [d2.cpp:42]   --->   Operation 131 'bitconcatenate' 'shl_ln42_1' <Predicate = (icmp_ln33)> <Delay = 0.00>
ST_2 : Operation 132 [1/1] (0.00ns)   --->   "%zext_ln42_4 = zext i32 %tmp" [d2.cpp:42]   --->   Operation 132 'zext' 'zext_ln42_4' <Predicate = (icmp_ln33)> <Delay = 0.00>
ST_2 : [1/1] (0.75ns)   --->   Input mux for Operation 133 '%mul_ln42_3 = mul i63 %zext_ln42_cast, i63 %zext_ln42_4'
ST_2 : Operation 133 [1/1] (2.66ns)   --->   "%mul_ln42_3 = mul i63 %zext_ln42_cast, i63 %zext_ln42_4" [d2.cpp:42]   --->   Operation 133 'mul' 'mul_ln42_3' <Predicate = (icmp_ln33)> <Delay = 2.66> <CoreInst = "Multiplier">   --->   Core 3 'Multiplier' <Latency = 0> <II = 1> <Delay = 3.42> <FuncUnit> <Opcode : 'mul'> <InPorts = 2> <OutPorts = 1>
ST_2 : Operation 134 [1/1] (0.00ns) (grouped into LUT with out node and_ln42_1)   --->   "%shl_ln42_2 = bitconcatenate i64 @_ssdm_op_BitConcatenate.i64.i63.i1, i63 %mul_ln42_3, i1 0" [d2.cpp:42]   --->   Operation 134 'bitconcatenate' 'shl_ln42_2' <Predicate = (icmp_ln33)> <Delay = 0.00>
ST_2 : Operation 135 [1/1] (0.00ns) (grouped into LUT with out node and_ln42_1)   --->   "%select_ln42_1 = select i1 %icmp_ln42_1, i64 18446744073709551615, i64 0" [d2.cpp:42]   --->   Operation 135 'select' 'select_ln42_1' <Predicate = (icmp_ln33)> <Delay = 0.00> <CoreInst = "Sel">   --->   Core 73 'Sel' <Latency = 0> <II = 1> <Delay = 0.17> <FuncUnit> <Opcode : 'select'> <InPorts = 3> <OutPorts = 1>
ST_2 : Operation 136 [1/1] (0.37ns) (out node of the LUT)   --->   "%and_ln42_1 = and i64 %shl_ln42_2, i64 %select_ln42_1" [d2.cpp:42]   --->   Operation 136 'and' 'and_ln42_1' <Predicate = (icmp_ln33)> <Delay = 0.37> <CoreInst = "LogicGate">   --->   Core 74 'LogicGate' <Latency = 0> <II = 1> <Delay = 0.37> <FuncUnit> <Opcode : 'and' 'or' 'xor'> <InPorts = 2> <OutPorts = 1>
ST_2 : Operation 137 [1/1] (0.00ns) (grouped into TernaryAdder)   --->   "%add_ln42_2 = add i64 %tmp_2, i64 %shl_ln42_1" [d2.cpp:42]   --->   Operation 137 'add' 'add_ln42_2' <Predicate = (icmp_ln33)> <Delay = 0.00> <CoreInst = "TAddSub">   --->   Core 10 'TAddSub' <Latency = 0> <II = 1> <Delay = 0.40> <IPBlock> <Opcode : '<invalid operator> ' 'add' 'sub'> <InPorts = 3> <OutPorts = 1> <Sync> <CReg>
ST_2 : Operation 138 [1/1] (0.81ns) (root node of TernaryAdder)   --->   "%arr_11 = add i64 %add_ln42_2, i64 %and_ln42_1" [d2.cpp:42]   --->   Operation 138 'add' 'arr_11' <Predicate = (icmp_ln33)> <Delay = 0.81> <CoreInst = "TAddSub">   --->   Core 10 'TAddSub' <Latency = 0> <II = 1> <Delay = 0.40> <IPBlock> <Opcode : '<invalid operator> ' 'add' 'sub'> <InPorts = 3> <OutPorts = 1> <Sync> <CReg>
ST_2 : [1/1] (0.78ns)   --->   Input mux for Operation 139 '%mul_ln42_4 = mul i64 %zext_ln40_1, i64 %zext_ln27_cast'
ST_2 : Operation 139 [1/1] (2.63ns)   --->   "%mul_ln42_4 = mul i64 %zext_ln40_1, i64 %zext_ln27_cast" [d2.cpp:42]   --->   Operation 139 'mul' 'mul_ln42_4' <Predicate = (icmp_ln33)> <Delay = 2.63> <CoreInst = "Multiplier">   --->   Core 3 'Multiplier' <Latency = 0> <II = 1> <Delay = 3.42> <FuncUnit> <Opcode : 'mul'> <InPorts = 2> <OutPorts = 1>
ST_2 : [1/1] (0.75ns)   --->   Input mux for Operation 140 '%mul_ln42_5 = mul i63 %zext_ln42_cast, i63 %zext_ln42_3'
ST_2 : Operation 140 [1/1] (2.66ns)   --->   "%mul_ln42_5 = mul i63 %zext_ln42_cast, i63 %zext_ln42_3" [d2.cpp:42]   --->   Operation 140 'mul' 'mul_ln42_5' <Predicate = (icmp_ln33)> <Delay = 2.66> <CoreInst = "Multiplier">   --->   Core 3 'Multiplier' <Latency = 0> <II = 1> <Delay = 3.42> <FuncUnit> <Opcode : 'mul'> <InPorts = 2> <OutPorts = 1>
ST_2 : Operation 141 [1/1] (0.00ns)   --->   "%shl_ln42_3 = bitconcatenate i64 @_ssdm_op_BitConcatenate.i64.i63.i1, i63 %mul_ln42_5, i1 0" [d2.cpp:42]   --->   Operation 141 'bitconcatenate' 'shl_ln42_3' <Predicate = (icmp_ln33)> <Delay = 0.00>
ST_2 : Operation 142 [1/1] (0.00ns) (grouped into TernaryAdder)   --->   "%add_ln42_4 = add i64 %tmp_3, i64 %mul_ln42_4" [d2.cpp:42]   --->   Operation 142 'add' 'add_ln42_4' <Predicate = (icmp_ln33)> <Delay = 0.00> <CoreInst = "TAddSub">   --->   Core 10 'TAddSub' <Latency = 0> <II = 1> <Delay = 0.40> <IPBlock> <Opcode : '<invalid operator> ' 'add' 'sub'> <InPorts = 3> <OutPorts = 1> <Sync> <CReg>
ST_2 : Operation 143 [1/1] (0.81ns) (root node of TernaryAdder)   --->   "%arr_13 = add i64 %add_ln42_4, i64 %shl_ln42_3" [d2.cpp:42]   --->   Operation 143 'add' 'arr_13' <Predicate = (icmp_ln33)> <Delay = 0.81> <CoreInst = "TAddSub">   --->   Core 10 'TAddSub' <Latency = 0> <II = 1> <Delay = 0.40> <IPBlock> <Opcode : '<invalid operator> ' 'add' 'sub'> <InPorts = 3> <OutPorts = 1> <Sync> <CReg>
ST_2 : Operation 144 [1/1] (0.00ns)   --->   "%zext_ln42_5 = zext i32 %tmp_10" [d2.cpp:42]   --->   Operation 144 'zext' 'zext_ln42_5' <Predicate = (icmp_ln33)> <Delay = 0.00>
ST_2 : [1/1] (0.75ns)   --->   Input mux for Operation 145 '%mul_ln42_6 = mul i63 %zext_ln42_2_cast, i63 %zext_ln42_5'
ST_2 : Operation 145 [1/1] (2.66ns)   --->   "%mul_ln42_6 = mul i63 %zext_ln42_2_cast, i63 %zext_ln42_5" [d2.cpp:42]   --->   Operation 145 'mul' 'mul_ln42_6' <Predicate = (icmp_ln33)> <Delay = 2.66> <CoreInst = "Multiplier">   --->   Core 3 'Multiplier' <Latency = 0> <II = 1> <Delay = 3.42> <FuncUnit> <Opcode : 'mul'> <InPorts = 2> <OutPorts = 1>
ST_2 : Operation 146 [1/1] (0.00ns)   --->   "%shl_ln42_4 = bitconcatenate i64 @_ssdm_op_BitConcatenate.i64.i63.i1, i63 %mul_ln42_6, i1 0" [d2.cpp:42]   --->   Operation 146 'bitconcatenate' 'shl_ln42_4' <Predicate = (icmp_ln33)> <Delay = 0.00>
ST_2 : Operation 147 [1/1] (0.00ns)   --->   "%zext_ln42_6 = zext i32 %tmp_9" [d2.cpp:42]   --->   Operation 147 'zext' 'zext_ln42_6' <Predicate = (icmp_ln33)> <Delay = 0.00>
ST_2 : [1/1] (0.75ns)   --->   Input mux for Operation 148 '%mul_ln42_7 = mul i63 %zext_ln42_cast, i63 %zext_ln42_6'
ST_2 : Operation 148 [1/1] (2.66ns)   --->   "%mul_ln42_7 = mul i63 %zext_ln42_cast, i63 %zext_ln42_6" [d2.cpp:42]   --->   Operation 148 'mul' 'mul_ln42_7' <Predicate = (icmp_ln33)> <Delay = 2.66> <CoreInst = "Multiplier">   --->   Core 3 'Multiplier' <Latency = 0> <II = 1> <Delay = 3.42> <FuncUnit> <Opcode : 'mul'> <InPorts = 2> <OutPorts = 1>
ST_2 : Operation 149 [1/1] (0.00ns)   --->   "%shl_ln42_5 = bitconcatenate i64 @_ssdm_op_BitConcatenate.i64.i63.i1, i63 %mul_ln42_7, i1 0" [d2.cpp:42]   --->   Operation 149 'bitconcatenate' 'shl_ln42_5' <Predicate = (icmp_ln33)> <Delay = 0.00>
ST_2 : Operation 150 [1/1] (0.00ns) (grouped into TernaryAdder)   --->   "%add_ln42_6 = add i64 %tmp_4, i64 %shl_ln42_4" [d2.cpp:42]   --->   Operation 150 'add' 'add_ln42_6' <Predicate = (icmp_ln33)> <Delay = 0.00> <CoreInst = "TAddSub">   --->   Core 10 'TAddSub' <Latency = 0> <II = 1> <Delay = 0.40> <IPBlock> <Opcode : '<invalid operator> ' 'add' 'sub'> <InPorts = 3> <OutPorts = 1> <Sync> <CReg>
ST_2 : Operation 151 [1/1] (0.81ns) (root node of TernaryAdder)   --->   "%arr_14 = add i64 %add_ln42_6, i64 %shl_ln42_5" [d2.cpp:42]   --->   Operation 151 'add' 'arr_14' <Predicate = (icmp_ln33)> <Delay = 0.81> <CoreInst = "TAddSub">   --->   Core 10 'TAddSub' <Latency = 0> <II = 1> <Delay = 0.40> <IPBlock> <Opcode : '<invalid operator> ' 'add' 'sub'> <InPorts = 3> <OutPorts = 1> <Sync> <CReg>
ST_2 : Operation 152 [1/1] (0.74ns)   --->   "%switch_ln40 = switch i4 %i, void %arrayidx50.3.case.8117, i4 1, void %for.inc87.split.arrayidx50.3.exit112_crit_edge25, i4 2, void %arrayidx50.3.case.5114, i4 3, void %arrayidx50.3.case.6115, i4 4, void %for.inc87.split.arrayidx50.3.exit112_crit_edge" [d2.cpp:40]   --->   Operation 152 'switch' 'switch_ln40' <Predicate = (icmp_ln33)> <Delay = 0.74>
ST_2 : Operation 153 [1/1] (0.57ns)   --->   "%store_ln40 = store i64 %arr, i64 %arr_8" [d2.cpp:40]   --->   Operation 153 'store' 'store_ln40' <Predicate = (icmp_ln33 & i == 4)> <Delay = 0.57>
ST_2 : Operation 154 [1/1] (0.57ns)   --->   "%store_ln40 = store i64 %arr_11, i64 %arr_7" [d2.cpp:40]   --->   Operation 154 'store' 'store_ln40' <Predicate = (icmp_ln33 & i == 4)> <Delay = 0.57>
ST_2 : Operation 155 [1/1] (0.52ns)   --->   "%store_ln40 = store i64 %arr_13, i64 %arr_6" [d2.cpp:40]   --->   Operation 155 'store' 'store_ln40' <Predicate = (icmp_ln33 & i == 4)> <Delay = 0.52>
ST_2 : Operation 156 [1/1] (0.47ns)   --->   "%store_ln40 = store i64 %arr_14, i64 %arr_5" [d2.cpp:40]   --->   Operation 156 'store' 'store_ln40' <Predicate = (icmp_ln33 & i == 4)> <Delay = 0.47>
ST_2 : Operation 157 [1/1] (0.00ns)   --->   "%br_ln40 = br void %arrayidx50.3.exit112" [d2.cpp:40]   --->   Operation 157 'br' 'br_ln40' <Predicate = (icmp_ln33 & i == 4)> <Delay = 0.00>
ST_2 : Operation 158 [1/1] (0.57ns)   --->   "%store_ln42 = store i64 %arr_11, i64 %arr_8" [d2.cpp:42]   --->   Operation 158 'store' 'store_ln42' <Predicate = (icmp_ln33 & i == 3)> <Delay = 0.57>
ST_2 : Operation 159 [1/1] (0.57ns)   --->   "%store_ln42 = store i64 %arr_13, i64 %arr_7" [d2.cpp:42]   --->   Operation 159 'store' 'store_ln42' <Predicate = (icmp_ln33 & i == 3)> <Delay = 0.57>
ST_2 : Operation 160 [1/1] (0.52ns)   --->   "%store_ln42 = store i64 %arr, i64 %arr_9" [d2.cpp:42]   --->   Operation 160 'store' 'store_ln42' <Predicate = (icmp_ln33 & i == 3)> <Delay = 0.52>
ST_2 : Operation 161 [1/1] (0.52ns)   --->   "%store_ln42 = store i64 %arr_14, i64 %arr_6" [d2.cpp:42]   --->   Operation 161 'store' 'store_ln42' <Predicate = (icmp_ln33 & i == 3)> <Delay = 0.52>
ST_2 : Operation 162 [1/1] (0.00ns)   --->   "%br_ln42 = br void %arrayidx50.3.exit112" [d2.cpp:42]   --->   Operation 162 'br' 'br_ln42' <Predicate = (icmp_ln33 & i == 3)> <Delay = 0.00>
ST_2 : Operation 163 [1/1] (0.57ns)   --->   "%store_ln42 = store i64 %arr_13, i64 %arr_8" [d2.cpp:42]   --->   Operation 163 'store' 'store_ln42' <Predicate = (icmp_ln33 & i == 2)> <Delay = 0.57>
ST_2 : Operation 164 [1/1] (0.57ns)   --->   "%store_ln42 = store i64 %arr_14, i64 %arr_7" [d2.cpp:42]   --->   Operation 164 'store' 'store_ln42' <Predicate = (icmp_ln33 & i == 2)> <Delay = 0.57>
ST_2 : Operation 165 [1/1] (0.52ns)   --->   "%store_ln42 = store i64 %arr_11, i64 %arr_9" [d2.cpp:42]   --->   Operation 165 'store' 'store_ln42' <Predicate = (icmp_ln33 & i == 2)> <Delay = 0.52>
ST_2 : Operation 166 [1/1] (0.47ns)   --->   "%store_ln42 = store i64 %arr, i64 %arr_10" [d2.cpp:42]   --->   Operation 166 'store' 'store_ln42' <Predicate = (icmp_ln33 & i == 2)> <Delay = 0.47>
ST_2 : Operation 167 [1/1] (0.00ns)   --->   "%br_ln42 = br void %arrayidx50.3.exit112" [d2.cpp:42]   --->   Operation 167 'br' 'br_ln42' <Predicate = (icmp_ln33 & i == 2)> <Delay = 0.00>
ST_2 : Operation 168 [1/1] (0.57ns)   --->   "%store_ln40 = store i64 %arr_14, i64 %arr_8" [d2.cpp:40]   --->   Operation 168 'store' 'store_ln40' <Predicate = (icmp_ln33 & i == 1)> <Delay = 0.57>
ST_2 : Operation 169 [1/1] (0.52ns)   --->   "%store_ln40 = store i64 %arr_13, i64 %arr_9" [d2.cpp:40]   --->   Operation 169 'store' 'store_ln40' <Predicate = (icmp_ln33 & i == 1)> <Delay = 0.52>
ST_2 : Operation 170 [1/1] (0.47ns)   --->   "%store_ln40 = store i64 %arr_11, i64 %arr_10" [d2.cpp:40]   --->   Operation 170 'store' 'store_ln40' <Predicate = (icmp_ln33 & i == 1)> <Delay = 0.47>
ST_2 : Operation 171 [1/1] (0.42ns)   --->   "%store_ln40 = store i64 %arr, i64 %arr_4" [d2.cpp:40]   --->   Operation 171 'store' 'store_ln40' <Predicate = (icmp_ln33 & i == 1)> <Delay = 0.42>
ST_2 : Operation 172 [1/1] (0.00ns)   --->   "%br_ln40 = br void %arrayidx50.3.exit112" [d2.cpp:40]   --->   Operation 172 'br' 'br_ln40' <Predicate = (icmp_ln33 & i == 1)> <Delay = 0.00>
ST_2 : Operation 173 [1/1] (0.57ns)   --->   "%store_ln42 = store i64 %arr, i64 %arr_7" [d2.cpp:42]   --->   Operation 173 'store' 'store_ln42' <Predicate = (icmp_ln33 & i != 1 & i != 2 & i != 3 & i != 4)> <Delay = 0.57>
ST_2 : Operation 174 [1/1] (0.52ns)   --->   "%store_ln42 = store i64 %arr_11, i64 %arr_6" [d2.cpp:42]   --->   Operation 174 'store' 'store_ln42' <Predicate = (icmp_ln33 & i != 1 & i != 2 & i != 3 & i != 4)> <Delay = 0.52>
ST_2 : Operation 175 [1/1] (0.47ns)   --->   "%store_ln42 = store i64 %arr_13, i64 %arr_5" [d2.cpp:42]   --->   Operation 175 'store' 'store_ln42' <Predicate = (icmp_ln33 & i != 1 & i != 2 & i != 3 & i != 4)> <Delay = 0.47>
ST_2 : Operation 176 [1/1] (0.42ns)   --->   "%store_ln42 = store i64 %arr_14, i64 %arr_3" [d2.cpp:42]   --->   Operation 176 'store' 'store_ln42' <Predicate = (icmp_ln33 & i != 1 & i != 2 & i != 3 & i != 4)> <Delay = 0.42>
ST_2 : Operation 177 [1/1] (0.00ns)   --->   "%br_ln42 = br void %arrayidx50.3.exit112" [d2.cpp:42]   --->   Operation 177 'br' 'br_ln42' <Predicate = (icmp_ln33 & i != 1 & i != 2 & i != 3 & i != 4)> <Delay = 0.00>
ST_2 : Operation 178 [1/1] (1.08ns)   --->   "%add_ln41 = add i64 %and_ln41_2, i64 %and_ln41_3" [d2.cpp:41]   --->   Operation 178 'add' 'add_ln41' <Predicate = (icmp_ln33)> <Delay = 1.08> <CoreInst = "Adder">   --->   Core 1 'Adder' <Latency = 0> <II = 1> <Delay = 1.08> <FuncUnit> <Opcode : 'add' 'sub'> <InPorts = 2> <OutPorts = 1>
ST_2 : Operation 179 [1/1] (1.08ns)   --->   "%add_ln41_1 = add i64 %and_ln41_1, i64 %and_ln41" [d2.cpp:41]   --->   Operation 179 'add' 'add_ln41_1' <Predicate = (icmp_ln33)> <Delay = 1.08> <CoreInst = "Adder">   --->   Core 1 'Adder' <Latency = 0> <II = 1> <Delay = 1.08> <FuncUnit> <Opcode : 'add' 'sub'> <InPorts = 2> <OutPorts = 1>
ST_2 : Operation 180 [1/1] (0.79ns)   --->   "%add_ln33 = add i4 %i, i4 4" [d2.cpp:33]   --->   Operation 180 'add' 'add_ln33' <Predicate = (icmp_ln33)> <Delay = 0.79> <CoreInst = "Adder">   --->   Core 1 'Adder' <Latency = 0> <II = 1> <Delay = 0.79> <FuncUnit> <Opcode : 'add' 'sub'> <InPorts = 2> <OutPorts = 1>
ST_2 : Operation 181 [1/1] (0.42ns)   --->   "%store_ln33 = store i4 %add_ln33, i4 %i_1" [d2.cpp:33]   --->   Operation 181 'store' 'store_ln33' <Predicate = (icmp_ln33)> <Delay = 0.42>
ST_2 : Operation 187 [1/1] (0.00ns)   --->   "%arr_1_load = load i64 %arr_1"   --->   Operation 187 'load' 'arr_1_load' <Predicate = (!icmp_ln33)> <Delay = 0.00>
ST_2 : Operation 188 [1/1] (0.00ns)   --->   "%arr_3_load_2 = load i64 %arr_3"   --->   Operation 188 'load' 'arr_3_load_2' <Predicate = (!icmp_ln33)> <Delay = 0.00>
ST_2 : Operation 189 [1/1] (0.00ns)   --->   "%arr_4_load = load i64 %arr_4"   --->   Operation 189 'load' 'arr_4_load' <Predicate = (!icmp_ln33)> <Delay = 0.00>
ST_2 : Operation 190 [1/1] (0.00ns)   --->   "%arr_5_load = load i64 %arr_5"   --->   Operation 190 'load' 'arr_5_load' <Predicate = (!icmp_ln33)> <Delay = 0.00>
ST_2 : Operation 191 [1/1] (0.00ns)   --->   "%arr_10_load = load i64 %arr_10"   --->   Operation 191 'load' 'arr_10_load' <Predicate = (!icmp_ln33)> <Delay = 0.00>
ST_2 : Operation 192 [1/1] (0.00ns)   --->   "%arr_6_load = load i64 %arr_6"   --->   Operation 192 'load' 'arr_6_load' <Predicate = (!icmp_ln33)> <Delay = 0.00>
ST_2 : Operation 193 [1/1] (0.00ns)   --->   "%arr_9_load = load i64 %arr_9"   --->   Operation 193 'load' 'arr_9_load' <Predicate = (!icmp_ln33)> <Delay = 0.00>
ST_2 : Operation 194 [1/1] (0.00ns)   --->   "%arr_7_load = load i64 %arr_7"   --->   Operation 194 'load' 'arr_7_load' <Predicate = (!icmp_ln33)> <Delay = 0.00>
ST_2 : Operation 195 [1/1] (0.00ns)   --->   "%arr_8_load = load i64 %arr_8"   --->   Operation 195 'load' 'arr_8_load' <Predicate = (!icmp_ln33)> <Delay = 0.00>
ST_2 : Operation 196 [1/1] (0.00ns)   --->   "%write_ln0 = write void @_ssdm_op_Write.ap_auto.i64P0A, i64 %arr_11_out, i64 %arr_4_load"   --->   Operation 196 'write' 'write_ln0' <Predicate = (!icmp_ln33)> <Delay = 0.00>
ST_2 : Operation 197 [1/1] (0.00ns)   --->   "%write_ln0 = write void @_ssdm_op_Write.ap_auto.i64P0A, i64 %arr_10_out, i64 %arr_10_load"   --->   Operation 197 'write' 'write_ln0' <Predicate = (!icmp_ln33)> <Delay = 0.00>
ST_2 : Operation 198 [1/1] (0.00ns)   --->   "%write_ln0 = write void @_ssdm_op_Write.ap_auto.i64P0A, i64 %arr_9_out, i64 %arr_9_load"   --->   Operation 198 'write' 'write_ln0' <Predicate = (!icmp_ln33)> <Delay = 0.00>
ST_2 : Operation 199 [1/1] (0.00ns)   --->   "%write_ln0 = write void @_ssdm_op_Write.ap_auto.i64P0A, i64 %arr_8_out, i64 %arr_8_load"   --->   Operation 199 'write' 'write_ln0' <Predicate = (!icmp_ln33)> <Delay = 0.00>
ST_2 : Operation 200 [1/1] (0.00ns)   --->   "%write_ln0 = write void @_ssdm_op_Write.ap_auto.i64P0A, i64 %arr_7_out, i64 %arr_7_load"   --->   Operation 200 'write' 'write_ln0' <Predicate = (!icmp_ln33)> <Delay = 0.00>
ST_2 : Operation 201 [1/1] (0.00ns)   --->   "%write_ln0 = write void @_ssdm_op_Write.ap_auto.i64P0A, i64 %arr_6_out, i64 %arr_6_load"   --->   Operation 201 'write' 'write_ln0' <Predicate = (!icmp_ln33)> <Delay = 0.00>
ST_2 : Operation 202 [1/1] (0.00ns)   --->   "%write_ln0 = write void @_ssdm_op_Write.ap_auto.i64P0A, i64 %arr_5_out, i64 %arr_5_load"   --->   Operation 202 'write' 'write_ln0' <Predicate = (!icmp_ln33)> <Delay = 0.00>
ST_2 : Operation 203 [1/1] (0.00ns)   --->   "%write_ln0 = write void @_ssdm_op_Write.ap_auto.i64P0A, i64 %arr_4_out, i64 %arr_3_load_2"   --->   Operation 203 'write' 'write_ln0' <Predicate = (!icmp_ln33)> <Delay = 0.00>
ST_2 : Operation 204 [1/1] (0.00ns)   --->   "%write_ln0 = write void @_ssdm_op_Write.ap_auto.i64P0A, i64 %arr_3_out, i64 %arr_1_load"   --->   Operation 204 'write' 'write_ln0' <Predicate = (!icmp_ln33)> <Delay = 0.00>
ST_2 : Operation 205 [1/1] (0.00ns)   --->   "%ret_ln0 = ret"   --->   Operation 205 'ret' 'ret_ln0' <Predicate = (!icmp_ln33)> <Delay = 0.00>

State 3 <SV = 2> <Delay = 1.24>
ST_3 : Operation 182 [1/1] (0.00ns)   --->   "%arr_1_load_1 = load i64 %arr_1" [d2.cpp:41]   --->   Operation 182 'load' 'arr_1_load_1' <Predicate = true> <Delay = 0.00>
ST_3 : Operation 183 [1/1] (0.00ns) (grouped into TernaryAdder)   --->   "%add_ln41_2 = add i64 %add_ln41_1, i64 %add_ln41" [d2.cpp:41]   --->   Operation 183 'add' 'add_ln41_2' <Predicate = true> <Delay = 0.00> <CoreInst = "TAddSub">   --->   Core 10 'TAddSub' <Latency = 0> <II = 1> <Delay = 0.40> <IPBlock> <Opcode : '<invalid operator> ' 'add' 'sub'> <InPorts = 3> <OutPorts = 1> <Sync> <CReg>
ST_3 : Operation 184 [1/1] (0.81ns) (root node of TernaryAdder)   --->   "%arr_15 = add i64 %add_ln41_2, i64 %arr_1_load_1" [d2.cpp:41]   --->   Operation 184 'add' 'arr_15' <Predicate = true> <Delay = 0.81> <CoreInst = "TAddSub">   --->   Core 10 'TAddSub' <Latency = 0> <II = 1> <Delay = 0.40> <IPBlock> <Opcode : '<invalid operator> ' 'add' 'sub'> <InPorts = 3> <OutPorts = 1> <Sync> <CReg>
ST_3 : Operation 185 [1/1] (0.42ns)   --->   "%store_ln33 = store i64 %arr_15, i64 %arr_1" [d2.cpp:33]   --->   Operation 185 'store' 'store_ln33' <Predicate = true> <Delay = 0.42>
ST_3 : Operation 186 [1/1] (0.00ns)   --->   "%br_ln33 = br void %for.inc87" [d2.cpp:33]   --->   Operation 186 'br' 'br_ln33' <Predicate = true> <Delay = 0.00>


============================================================
+ Verbose Summary: Timing violations
============================================================
Target clock period: 10.000ns, clock uncertainty: 2.700ns.

 <State 1>: 0.574ns
The critical path consists of the following:
	'alloca' operation ('arr') [40]  (0.000 ns)
	'store' operation ('store_ln0') of constant 0 on local variable 'arr' [65]  (0.574 ns)

 <State 2>: 6.759ns
The critical path consists of the following:
	'load' operation ('i', d2.cpp:33) on local variable 'i' [77]  (0.000 ns)
	'sub' operation ('sub_ln36', d2.cpp:36) [93]  (0.797 ns)
	'mux' operation ('tmp', d2.cpp:40) [94]  (0.770 ns)
	multiplexor before operation 'mul' with delay (0.754 ns)
'mul' operation ('mul_ln42_3', d2.cpp:42) [161]  (2.666 ns)
	'and' operation ('and_ln42_1', d2.cpp:42) [164]  (0.379 ns)
	'add' operation ('arr', d2.cpp:42) [166]  (0.819 ns)
	'store' operation ('store_ln42', d2.cpp:42) of variable 'arr', d2.cpp:42 on local variable 'arr' [188]  (0.574 ns)

 <State 3>: 1.246ns
The critical path consists of the following:
	'load' operation ('arr_1_load_1', d2.cpp:41) on local variable 'arr' [212]  (0.000 ns)
	'add' operation ('arr', d2.cpp:41) [216]  (0.819 ns)
	'store' operation ('store_ln33', d2.cpp:33) of variable 'arr', d2.cpp:41 on local variable 'arr' [218]  (0.427 ns)


============================================================
+ Verbose Summary: Binding
============================================================
N/A
* FSMD analyzer results:
  - Output states:
 - Input state : 
  - Chain level:
	State 1
	State 2
	State 3


============================================================
+ Verbose Summary: Datapath Resource usage 
============================================================
N/A
