

================================================================
== Synthesis Summary Report of 'fiat_25519_carry_square'
================================================================
+ General Information: 
    * Date:           Fri May 10 12:33:04 2024
    * Version:        2023.1.1 (Build 3869133 on Jun 15 2023)
    * Project:        D3
    * Solution:       comb_7 (Vivado IP Flow Target)
    * Product family: zynquplus
    * Target device:  xczu9eg-ffvb1156-2-e
    

+ Performance & Resource Estimates: 
    
    PS: '+' for module; 'o' for loop; '*' for dataflow
    +-----------------------------------------------------+------+------+---------+---------+----------+---------+------+----------+---------+----------+------------+------------+-----+
    |                       Modules                       | Issue|      | Latency | Latency | Iteration|         | Trip |          |         |          |            |            |     |
    |                       & Loops                       | Type | Slack| (cycles)|   (ns)  |  Latency | Interval| Count| Pipelined|  BRAM   |    DSP   |     FF     |     LUT    | URAM|
    +-----------------------------------------------------+------+------+---------+---------+----------+---------+------+----------+---------+----------+------------+------------+-----+
    |+ fiat_25519_carry_square                            |     -|  0.00|       86|  860.000|         -|       87|     -|        no|  4 (~0%)|  136 (5%)|  5187 (~0%)|   8880 (3%)|    -|
    | + fiat_25519_carry_square_Pipeline_1                |     -|  5.83|       12|  120.000|         -|       12|     -|        no|        -|         -|     6 (~0%)|    51 (~0%)|    -|
    |  o Loop 1                                           |     -|  7.30|       10|  100.000|         1|        1|    10|       yes|        -|         -|           -|           -|    -|
    | + fiat_25519_carry_square_Pipeline_ARRAY_1_READ     |     -|  0.00|       12|  120.000|         -|       12|     -|        no|        -|         -|   331 (~0%)|    73 (~0%)|    -|
    |  o ARRAY_1_READ                                     |     -|  7.30|       10|  100.000|         2|        1|    10|       yes|        -|         -|           -|           -|    -|
    | + fiat_25519_carry_square_Pipeline_VITIS_LOOP_23_1  |     -|  1.69|       10|  100.000|         -|       10|     -|        no|        -|   4 (~0%)|    78 (~0%)|   256 (~0%)|    -|
    |  o VITIS_LOOP_23_1                                  |     -|  7.30|        8|   80.000|         2|        1|     8|       yes|        -|         -|           -|           -|    -|
    | + fiat_25519_carry_square_Pipeline_VITIS_LOOP_34_3  |     -|  2.12|        5|   50.000|         -|        5|     -|        no|        -|   8 (~0%)|   109 (~0%)|   370 (~0%)|    -|
    |  o VITIS_LOOP_34_3                                  |     -|  7.30|        3|   30.000|         2|        1|     3|       yes|        -|         -|           -|           -|    -|
    | + fiat_25519_carry_square_Pipeline_VITIS_LOOP_44_5  |     -|  0.82|        7|   70.000|         -|        7|     -|        no|        -|   4 (~0%)|    70 (~0%)|   241 (~0%)|    -|
    |  o VITIS_LOOP_44_5                                  |     -|  7.30|        5|   50.000|         1|        1|     5|       yes|        -|         -|           -|           -|    -|
    | + fiat_25519_carry_square_Pipeline_VITIS_LOOP_54_7  |     -|  0.57|        4|   40.000|         -|        4|     -|        no|        -|   32 (1%)|   262 (~0%)|  1248 (~0%)|    -|
    |  o VITIS_LOOP_54_7                                  |     -|  7.30|        2|   20.000|         1|        1|     2|       yes|        -|         -|           -|           -|    -|
    | + fiat_25519_carry_square_Pipeline_VITIS_LOOP_68_9  |     -|  2.05|        4|   40.000|         -|        4|     -|        no|        -|         -|   454 (~0%)|   3004 (1%)|    -|
    |  o VITIS_LOOP_68_9                                  |     -|  7.30|        2|   20.000|         1|        1|     2|       yes|        -|         -|           -|           -|    -|
    | + fiat_25519_carry_square_Pipeline_ARRAY_WRITE      |     -|  0.00|       13|  130.000|         -|       13|     -|        no|        -|         -|    37 (~0%)|    73 (~0%)|    -|
    |  o ARRAY_WRITE                                      |     -|  7.30|       11|  110.000|         3|        1|    10|       yes|        -|         -|           -|           -|    -|
    +-----------------------------------------------------+------+------+---------+---------+----------+---------+------+----------+---------+----------+------------+------------+-----+


================================================================
== HW Interfaces
================================================================
* M_AXI
+-----------+------------+---------------+---------+--------+----------+-----------+--------------+--------------+-------------+-------------+-------------------+
| Interface | Data Width | Address Width | Latency | Offset | Register | Max Widen | Max Read     | Max Write    | Num Read    | Num Write   | Resource Estimate |
|           | (SW->HW)   |               |         |        |          | Bitwidth  | Burst Length | Burst Length | Outstanding | Outstanding |                   |
+-----------+------------+---------------+---------+--------+----------+-----------+--------------+--------------+-------------+-------------+-------------------+
| m_axi_mem | 32 -> 32   | 64            | 0       | slave  | 0        | 0         | 16           | 16           | 16          | 16          | BRAM=4            |
+-----------+------------+---------------+---------+--------+----------+-----------+--------------+--------------+-------------+-------------+-------------------+

* S_AXILITE Interfaces
+---------------+------------+---------------+--------+----------+
| Interface     | Data Width | Address Width | Offset | Register |
+---------------+------------+---------------+--------+----------+
| s_axi_control | 32         | 6             | 16     | 0        |
+---------------+------------+---------------+--------+----------+

* S_AXILITE Registers
+---------------+----------+--------+-------+--------+----------------------------------+----------------------------------------------------------------------+
| Interface     | Register | Offset | Width | Access | Description                      | Bit Fields                                                           |
+---------------+----------+--------+-------+--------+----------------------------------+----------------------------------------------------------------------+
| s_axi_control | CTRL     | 0x00   | 32    | RW     | Control signals                  | 0=AP_START 1=AP_DONE 2=AP_IDLE 3=AP_READY 7=AUTO_RESTART 9=INTERRUPT |
| s_axi_control | GIER     | 0x04   | 32    | RW     | Global Interrupt Enable Register | 0=Enable                                                             |
| s_axi_control | IP_IER   | 0x08   | 32    | RW     | IP Interrupt Enable Register     | 0=CHAN0_INT_EN 1=CHAN1_INT_EN                                        |
| s_axi_control | IP_ISR   | 0x0c   | 32    | RW     | IP Interrupt Status Register     | 0=CHAN0_INT_ST 1=CHAN1_INT_ST                                        |
| s_axi_control | out1_1   | 0x10   | 32    | W      | Data signal of out1              |                                                                      |
| s_axi_control | out1_2   | 0x14   | 32    | W      | Data signal of out1              |                                                                      |
| s_axi_control | arg1_1   | 0x1c   | 32    | W      | Data signal of arg1              |                                                                      |
| s_axi_control | arg1_2   | 0x20   | 32    | W      | Data signal of arg1              |                                                                      |
+---------------+----------+--------+-------+--------+----------------------------------+----------------------------------------------------------------------+

* TOP LEVEL CONTROL
+-----------+------------+-----------+
| Interface | Type       | Ports     |
+-----------+------------+-----------+
| ap_clk    | clock      | ap_clk    |
| ap_rst_n  | reset      | ap_rst_n  |
| interrupt | interrupt  | interrupt |
| ap_ctrl   | ap_ctrl_hs |           |
+-----------+------------+-----------+


================================================================
== SW I/O Information
================================================================
* Top Function Arguments
+----------+-----------+---------------+
| Argument | Direction | Datatype      |
+----------+-----------+---------------+
| out1     | inout     | unsigned int* |
| arg1     | inout     | unsigned int* |
+----------+-----------+---------------+

* SW-to-HW Mapping
+----------+---------------+-----------+----------+----------------------------------+
| Argument | HW Interface  | HW Type   | HW Usage | HW Info                          |
+----------+---------------+-----------+----------+----------------------------------+
| out1     | m_axi_mem     | interface |          |                                  |
| out1     | s_axi_control | register  | offset   | name=out1_1 offset=0x10 range=32 |
| out1     | s_axi_control | register  | offset   | name=out1_2 offset=0x14 range=32 |
| arg1     | m_axi_mem     | interface |          |                                  |
| arg1     | s_axi_control | register  | offset   | name=arg1_1 offset=0x1c range=32 |
| arg1     | s_axi_control | register  | offset   | name=arg1_2 offset=0x20 range=32 |
+----------+---------------+-----------+----------+----------------------------------+


================================================================
== M_AXI Burst Information
================================================================
 Note: All burst requests might be further partitioned into multiple requests during RTL generation based on max_read_burst_length or max_write_burst_length settings.

* Inferred Burst Summary
+--------------+-----------+--------+-------+--------------+---------------+
| HW Interface | Direction | Length | Width | Loop         | Loop Location |
+--------------+-----------+--------+-------+--------------+---------------+
| m_axi_mem    | read      | 10     | 32    | ARRAY_1_READ | d3.cpp:17:2   |
| m_axi_mem    | write     | 10     | 32    | ARRAY_WRITE  | d3.cpp:126:2  |
+--------------+-----------+--------+-------+--------------+---------------+

* All M_AXI Variable Accesses
+--------------+----------+-----------------+-----------+--------------+--------+--------------+---------------+------------+-------------------------------------------------------------------------------------------------------+
| HW Interface | Variable | Access Location | Direction | Burst Status | Length | Loop         | Loop Location | Resolution | Problem                                                                                               |
+--------------+----------+-----------------+-----------+--------------+--------+--------------+---------------+------------+-------------------------------------------------------------------------------------------------------+
| m_axi_mem    | arg1     | d3.cpp:19:15    | read      | Widen Fail   |        | ARRAY_1_READ | d3.cpp:17:2   | 214-353    | Could not widen since type i32 size is greater than or equal to the max_widen_bitwidth threshold of 0 |
| m_axi_mem    | arg1     | d3.cpp:19:15    | read      | Inferred     | 10     | ARRAY_1_READ | d3.cpp:17:2   |            |                                                                                                       |
| m_axi_mem    | out1     | d3.cpp:128:11   | write     | Widen Fail   |        | ARRAY_WRITE  | d3.cpp:126:2  | 214-353    | Could not widen since type i32 size is greater than or equal to the max_widen_bitwidth threshold of 0 |
| m_axi_mem    | out1     | d3.cpp:128:11   | write     | Inferred     | 10     | ARRAY_WRITE  | d3.cpp:126:2  |            |                                                                                                       |
+--------------+----------+-----------------+-----------+--------------+--------+--------------+---------------+------------+-------------------------------------------------------------------------------------------------------+

    * Resolution URL: www.xilinx.com/cgi-bin/docs/rdoc?v=2023.1;t=hls+guidance;d=XXX-YYY.html (replace XXX-YYY with column value)

================================================================
== Bind Op Report
================================================================
+-----------------------------------------------------+-----+--------+-------------+-----+--------+---------+
| Name                                                | DSP | Pragma | Variable    | Op  | Impl   | Latency |
+-----------------------------------------------------+-----+--------+-------------+-----+--------+---------+
| + fiat_25519_carry_square                           | 136 |        |             |     |        |         |
|   mul_32s_7ns_32_1_1_U153                           | 2   |        | mul16       | mul | auto   | 0       |
|   mul_32s_7ns_32_1_1_U153                           | 2   |        | mul45       | mul | auto   | 0       |
|   mul_32ns_32ns_64_1_1_U137                         | 4   |        | mul157      | mul | auto   | 0       |
|   mul_32ns_32ns_64_1_1_U137                         | 4   |        | mul211      | mul | auto   | 0       |
|   mul_32ns_32ns_64_1_1_U138                         | 4   |        | mul202      | mul | auto   | 0       |
|   mul_32s_7ns_32_1_1_U153                           | 2   |        | mul244      | mul | auto   | 0       |
|   mul_32ns_32ns_64_1_1_U139                         | 4   |        | mul246      | mul | auto   | 0       |
|   mul_32s_7ns_32_1_1_U154                           | 2   |        | mul219      | mul | auto   | 0       |
|   mul_32ns_32ns_64_1_1_U140                         | 4   |        | mul221      | mul | auto   | 0       |
|   mul_32ns_32ns_64_1_1_U141                         | 4   |        | mul229      | mul | auto   | 0       |
|   mul_32ns_32ns_64_1_1_U142                         | 4   |        | mul262      | mul | auto   | 0       |
|   mul_32ns_32ns_64_1_1_U143                         | 4   |        | mul237      | mul | auto   | 0       |
|   mul_32ns_32ns_64_1_1_U144                         | 4   |        | mul254      | mul | auto   | 0       |
|   mul_32ns_32ns_63_1_1_U133                         | 4   |        | mul2722330  | mul | auto   | 0       |
|   mul_32ns_32ns_63_1_1_U134                         | 4   |        | mul2822228  | mul | auto   | 0       |
|   mul_32ns_32ns_64_1_1_U145                         | 4   |        | mul290      | mul | auto   | 0       |
|   mul_32ns_32ns_64_1_1_U146                         | 4   |        | mul299      | mul | auto   | 0       |
|   mul_32ns_32ns_63_1_1_U135                         | 4   |        | mul3092126  | mul | auto   | 0       |
|   mul_32s_7ns_32_1_1_U155                           | 2   |        | mul316      | mul | auto   | 0       |
|   mul_32ns_32ns_64_1_1_U147                         | 4   |        | mul318      | mul | auto   | 0       |
|   mul_32ns_32ns_64_1_1_U148                         | 4   |        | mul325      | mul | auto   | 0       |
|   mul_32ns_32ns_63_1_1_U136                         | 4   |        | mul3352024  | mul | auto   | 0       |
|   mul_32ns_32ns_64_1_1_U149                         | 4   |        | mul344      | mul | auto   | 0       |
|   mul_32ns_32ns_64_1_1_U150                         | 4   |        | mul353      | mul | auto   | 0       |
|   mul_32ns_32ns_64_1_1_U151                         | 4   |        | mul360      | mul | auto   | 0       |
|   mul_32ns_32ns_64_1_1_U152                         | 4   |        | mul369      | mul | auto   | 0       |
|   add_ln113_fu_1072_p2                              | -   |        | add_ln113   | add | fabric | 0       |
|   add_ln113_1_fu_1106_p2                            | -   |        | add_ln113_1 | add | fabric | 0       |
|   add_ln113_2_fu_1140_p2                            | -   |        | add_ln113_2 | add | fabric | 0       |
|   add_ln113_3_fu_1174_p2                            | -   |        | add_ln113_3 | add | fabric | 0       |
|   add_ln113_4_fu_1208_p2                            | -   |        | add_ln113_4 | add | fabric | 0       |
|   add_ln113_5_fu_1242_p2                            | -   |        | add_ln113_5 | add | fabric | 0       |
|   add_ln113_6_fu_1318_p2                            | -   |        | add_ln113_6 | add | fabric | 0       |
|   add_ln113_7_fu_1352_p2                            | -   |        | add_ln113_7 | add | fabric | 0       |
|   add_ln113_8_fu_1404_p2                            | -   |        | add_ln113_8 | add | fabric | 0       |
|   mul_39ns_6ns_44_1_1_U156                          | 2   |        | mul_ln113   | mul | auto   | 0       |
|   add_ln113_9_fu_1429_p2                            | -   |        | add_ln113_9 | add | fabric | 0       |
|   add_ln114_fu_1442_p2                              | -   |        | add_ln114   | add | fabric | 0       |
|   add_ln114_2_fu_1268_p2                            | -   |        | add_ln114_2 | add | fabric | 0       |
|   add_ln114_1_fu_1466_p2                            | -   |        | add_ln114_1 | add | fabric | 0       |
|   add_ln115_fu_1479_p2                              | -   |        | add_ln115   | add | fabric | 0       |
|   add_ln115_2_fu_1274_p2                            | -   |        | add_ln115_2 | add | fabric | 0       |
|   add_ln115_1_fu_1504_p2                            | -   |        | add_ln115_1 | add | fabric | 0       |
|   add_ln116_fu_1280_p2                              | -   |        | add_ln116   | add | fabric | 0       |
|   add_ln117_fu_1286_p2                              | -   |        | add_ln117   | add | fabric | 0       |
|   add_ln118_fu_1292_p2                              | -   |        | add_ln118   | add | fabric | 0       |
|   add_ln119_fu_1298_p2                              | -   |        | add_ln119   | add | fabric | 0       |
|   add_ln120_fu_1378_p2                              | -   |        | add_ln120   | add | fabric | 0       |
|   add_ln121_fu_1383_p2                              | -   |        | add_ln121   | add | fabric | 0       |
|   add_ln122_fu_1493_p2                              | -   |        | add_ln122   | add | fabric | 0       |
|  + fiat_25519_carry_square_Pipeline_1               | 0   |        |             |     |        |         |
|    empty_26_fu_76_p2                                | -   |        | empty_26    | add | fabric | 0       |
|  + fiat_25519_carry_square_Pipeline_ARRAY_1_READ    | 0   |        |             |     |        |         |
|    add_ln17_fu_233_p2                               | -   |        | add_ln17    | add | fabric | 0       |
|  + fiat_25519_carry_square_Pipeline_VITIS_LOOP_23_1 | 4   |        |             |     |        |         |
|    tmp_fu_208_p10                                   | -   |        | sub_ln26    | sub | fabric | 0       |
|    mul_33ns_32ns_64_1_1_U15                         | 4   |        | mul_ln30    | mul | auto   | 0       |
|    add_ln30_fu_274_p2                               | -   |        | add_ln30    | add | fabric | 0       |
|    add_ln23_fu_232_p2                               | -   |        | add_ln23    | add | fabric | 0       |
|  + fiat_25519_carry_square_Pipeline_VITIS_LOOP_34_3 | 8   |        |             |     |        |         |
|    sub_ln37_fu_197_p2                               | -   |        | sub_ln37    | sub | fabric | 0       |
|    mul_32ns_32ns_63_1_1_U33                         | 4   |        | mul_ln40_1  | mul | auto   | 0       |
|    arr_1_d0                                         | -   |        | add_ln40    | add | fabric | 0       |
|    mul_32ns_32ns_63_1_1_U34                         | 4   |        | mul_ln40    | mul | auto   | 0       |
|    add_ln40_1_fu_247_p2                             | -   |        | add_ln40_1  | add | fabric | 0       |
|    arr_d0                                           | -   |        | add_ln40_2  | add | fabric | 0       |
|    add_ln34_fu_268_p2                               | -   |        | add_ln34    | add | fabric | 0       |
|  + fiat_25519_carry_square_Pipeline_VITIS_LOOP_44_5 | 4   |        |             |     |        |         |
|    add_ln44_fu_170_p2                               | -   |        | add_ln44    | add | fabric | 0       |
|    tmp_7_fu_205_p11                                 | -   |        | sub_ln47    | sub | fabric | 0       |
|    mul_32ns_32ns_64_1_1_U50                         | 4   |        | mul_ln50    | mul | auto   | 0       |
|    add_ln50_fu_239_p2                               | -   |        | add_ln50    | add | fabric | 0       |
|  + fiat_25519_carry_square_Pipeline_VITIS_LOOP_54_7 | 32  |        |             |     |        |         |
|    mul_32ns_32ns_64_1_1_U68                         | 4   |        | mul_ln60    | mul | auto   | 0       |
|    mul_32ns_32ns_64_1_1_U69                         | 4   |        | mul_ln60_1  | mul | auto   | 0       |
|    mul_32ns_32ns_64_1_1_U70                         | 4   |        | mul_ln61    | mul | auto   | 0       |
|    mul_32ns_32ns_64_1_1_U71                         | 4   |        | mul_ln61_1  | mul | auto   | 0       |
|    mul_33ns_32ns_64_1_1_U75                         | 4   |        | mul_ln62    | mul | auto   | 0       |
|    mul_32ns_32ns_64_1_1_U72                         | 4   |        | mul_ln62_1  | mul | auto   | 0       |
|    add_ln62_fu_546_p2                               | -   |        | add_ln62    | add | fabric | 0       |
|    mul_32ns_32ns_64_1_1_U73                         | 4   |        | mul_ln64    | mul | auto   | 0       |
|    mul_32ns_32ns_64_1_1_U74                         | 4   |        | mul_ln64_1  | mul | auto   | 0       |
|    add_ln54_fu_619_p2                               | -   |        | add_ln54    | add | fabric | 0       |
|  + fiat_25519_carry_square_Pipeline_VITIS_LOOP_68_9 | 0   |        |             |     |        |         |
|    add_ln94_1_fu_782_p2                             | -   |        | add_ln94_1  | add | fabric | 0       |
|    add_ln83_1_fu_815_p2                             | -   |        | add_ln83_1  | add | fabric | 0       |
|    grp_fu_612_p2                                    | -   |        | add_ln100_4 | add | fabric | 0       |
|    grp_fu_616_p2                                    | -   |        | add_ln100_5 | add | fabric | 0       |
|    grp_fu_626_p2                                    | -   |        | add_ln94_3  | add | fabric | 0       |
|    grp_fu_635_p2                                    | -   |        | add_ln89_4  | add | fabric | 0       |
|    grp_fu_639_p2                                    | -   |        | add_ln89_5  | add | fabric | 0       |
|    add_ln83_4_fu_892_p2                             | -   |        | add_ln83_4  | add | fabric | 0       |
|    grp_fu_649_p2                                    | -   |        | add_ln106_4 | add | fabric | 0       |
|    grp_fu_653_p2                                    | -   |        | add_ln106_5 | add | fabric | 0       |
|    grp_fu_626_p2                                    | -   |        | add_ln94_6  | add | fabric | 0       |
|    grp_fu_635_p2                                    | -   |        | add_ln89_8  | add | fabric | 0       |
|    grp_fu_639_p2                                    | -   |        | add_ln89_9  | add | fabric | 0       |
|    grp_fu_612_p2                                    | -   |        | add_ln100_8 | add | fabric | 0       |
|    grp_fu_616_p2                                    | -   |        | add_ln100_9 | add | fabric | 0       |
|    grp_fu_649_p2                                    | -   |        | add_ln106_8 | add | fabric | 0       |
|    grp_fu_653_p2                                    | -   |        | add_ln106_9 | add | fabric | 0       |
|    i_2_fu_939_p2                                    | -   |        | i_2         | add | fabric | 0       |
|  + fiat_25519_carry_square_Pipeline_ARRAY_WRITE     | 0   |        |             |     |        |         |
|    add_ln126_fu_103_p2                              | -   |        | add_ln126   | add | fabric | 0       |
+-----------------------------------------------------+-----+--------+-------------+-----+--------+---------+


================================================================
== Bind Storage Report
================================================================
+---------------------------+------+------+--------+----------+---------+------+---------+
| Name                      | BRAM | URAM | Pragma | Variable | Storage | Impl | Latency |
+---------------------------+------+------+--------+----------+---------+------+---------+
| + fiat_25519_carry_square | 4    | 0    |        |          |         |      |         |
|   out1_w_U                | -    | -    |        | out1_w   | ram_t2p | auto | 1       |
|   arr_U                   | -    | -    |        | arr      | ram_t2p | auto | 1       |
|   arr_1_U                 | -    | -    |        | arr_1    | ram_t2p | auto | 1       |
+---------------------------+------+------+--------+----------+---------+------+---------+


================================================================
== Pragma Report
================================================================
* Valid Pragma Syntax
+-----------+--------------------------------------------------+---------------------------------------------+
| Type      | Options                                          | Location                                    |
+-----------+--------------------------------------------------+---------------------------------------------+
| interface | m_axi depth=10 port=out1 offset=slave bundle=mem | d3.cpp:6 in fiat_25519_carry_square, out1   |
| interface | m_axi depth=10 port=arg1 offset=slave bundle=mem | d3.cpp:7 in fiat_25519_carry_square, arg1   |
| interface | mode=s_axilite port=return                       | d3.cpp:9 in fiat_25519_carry_square, return |
| pipeline  | II = 1                                           | d3.cpp:25 in fiat_25519_carry_square        |
| unroll    |                                                  | d3.cpp:28 in fiat_25519_carry_square        |
| pipeline  | II = 1                                           | d3.cpp:36 in fiat_25519_carry_square        |
| unroll    |                                                  | d3.cpp:39 in fiat_25519_carry_square        |
| pipeline  | II = 1                                           | d3.cpp:46 in fiat_25519_carry_square        |
| unroll    |                                                  | d3.cpp:49 in fiat_25519_carry_square        |
| pipeline  | II = 1                                           | d3.cpp:56 in fiat_25519_carry_square        |
| unroll    |                                                  | d3.cpp:59 in fiat_25519_carry_square        |
| pipeline  | II = 1                                           | d3.cpp:70 in fiat_25519_carry_square        |
| unroll    |                                                  | d3.cpp:73 in fiat_25519_carry_square        |
+-----------+--------------------------------------------------+---------------------------------------------+

* Inferred Pragmas
+--------------------+-----------------+-----------------------------------------+--------------------------------------------+
| Source Pragma      | Inferred Pragma | Options                                 | Location                                   |
+--------------------+-----------------+-----------------------------------------+--------------------------------------------+
| pipeline d3.cpp:36 | array_partition | dim=1 type=cyclic factor=2 variable=arr | variable arr in fiat_25519_carry_square    |
| pipeline d3.cpp:56 | array_partition | dim=1 type=complete  variable=arg1_r    | variable arg1_r in fiat_25519_carry_square |
+--------------------+-----------------+-----------------------------------------+--------------------------------------------+


