

================================================================
== Vitis HLS Report for 'fiat_25519_carry_square_Pipeline_VITIS_LOOP_23_1'
================================================================
* Date:           Fri May 10 12:40:48 2024

* Version:        2023.1.1 (Build 3869133 on Jun 15 2023)
* Project:        D3
* Solution:       comb_23 (Vivado IP Flow Target)
* Product family: zynquplus
* Target device:  xczu9eg-ffvb1156-2-e


================================================================
== Performance Estimates
================================================================
+ Timing: 
    * Summary: 
    +--------+----------+----------+------------+
    |  Clock |  Target  | Estimated| Uncertainty|
    +--------+----------+----------+------------+
    |ap_clk  |  10.00 ns|  5.854 ns|     2.70 ns|
    +--------+----------+----------+------------+

+ Latency: 
    * Summary: 
    +---------+---------+----------+----------+-----+-----+---------+
    |  Latency (cycles) |  Latency (absolute) |  Interval | Pipeline|
    |   min   |   max   |    min   |    max   | min | max |   Type  |
    +---------+---------+----------+----------+-----+-----+---------+
    |       10|       10|  0.100 us|  0.100 us|   10|   10|       no|
    +---------+---------+----------+----------+-----+-----+---------+

    + Detail: 
        * Instance: 
        N/A

        * Loop: 
        +-------------------+---------+---------+----------+-----------+-----------+------+----------+
        |                   |  Latency (cycles) | Iteration|  Initiation Interval  | Trip |          |
        |     Loop Name     |   min   |   max   |  Latency |  achieved |   target  | Count| Pipelined|
        +-------------------+---------+---------+----------+-----------+-----------+------+----------+
        |- VITIS_LOOP_23_1  |        8|        8|         2|          1|          1|     8|       yes|
        +-------------------+---------+---------+----------+-----------+-----------+------+----------+

============================================================
+ Verbose Summary: Synthesis Manager
============================================================
InlineROM: 1
ExposeGlobal: 0
============================================================
+ Verbose Summary: CDFG Model
============================================================
IsTopModel: 0
ResetActiveHigh: 1
IsCombinational: 0
IsDatapathOnly: 0
HasWiredReturn: 1
HasMFsm: 2
HasVarLatency: 1
IsPipeline: 0
IsRtlPipelined: 0
IsInstanceOverlapped: 0
IsDontTouch: 0
HasImplIP: 0
IsGatedGlobalClock: 0

+ Individual pipeline summary: 
  * Pipeline-0: initiation interval (II) = 1, depth = 2


============================================================
+ Verbose Summary: Schedule
============================================================
* Number of FSM states : 2
* Pipeline : 1
  Pipeline-0 : II = 1, D = 2, States = { 1 2 }
* Dataflow Pipeline: 0

* FSM state transitions: 
1 --> 2 
2 --> 

* FSM state operations: 

State 1 <SV = 0> <Delay = 1.47>
ST_1 : Operation 5 [1/1] (0.00ns)   --->   "%i_1 = alloca i32 1"   --->   Operation 5 'alloca' 'i_1' <Predicate = true> <Delay = 0.00>
ST_1 : Operation 6 [1/1] (0.00ns)   --->   "%zext_ln23_read = read i32 @_ssdm_op_Read.ap_auto.i32, i32 %zext_ln23"   --->   Operation 6 'read' 'zext_ln23_read' <Predicate = true> <Delay = 0.00>
ST_1 : Operation 7 [1/1] (0.00ns)   --->   "%mul16_read = read i32 @_ssdm_op_Read.ap_auto.i32, i32 %mul16"   --->   Operation 7 'read' 'mul16_read' <Predicate = true> <Delay = 0.00>
ST_1 : Operation 8 [1/1] (0.00ns)   --->   "%zext_ln23_cast = zext i32 %zext_ln23_read"   --->   Operation 8 'zext' 'zext_ln23_cast' <Predicate = true> <Delay = 0.00>
ST_1 : Operation 9 [1/1] (0.42ns)   --->   "%store_ln0 = store i4 1, i4 %i_1"   --->   Operation 9 'store' 'store_ln0' <Predicate = true> <Delay = 0.42>
ST_1 : Operation 10 [1/1] (0.00ns)   --->   "%br_ln0 = br void %for.inc25"   --->   Operation 10 'br' 'br_ln0' <Predicate = true> <Delay = 0.00>
ST_1 : Operation 11 [1/1] (0.00ns)   --->   "%i = load i4 %i_1"   --->   Operation 11 'load' 'i' <Predicate = true> <Delay = 0.00>
ST_1 : Operation 12 [1/1] (0.79ns)   --->   "%icmp_ln23 = icmp_eq  i4 %i, i4 9" [d3.cpp:23]   --->   Operation 12 'icmp' 'icmp_ln23' <Predicate = true> <Delay = 0.79> <CoreInst = "Cmp">   --->   Core 9 'Cmp' <Latency = 0> <II = 1> <Delay = 0.79> <FuncUnit> <Opcode : 'icmp'> <InPorts = 2> <OutPorts = 1>
ST_1 : Operation 13 [1/1] (0.00ns)   --->   "%br_ln23 = br i1 %icmp_ln23, void %for.inc25.split, void %VITIS_LOOP_44_5.exitStub" [d3.cpp:23]   --->   Operation 13 'br' 'br_ln23' <Predicate = true> <Delay = 0.00>
ST_1 : Operation 14 [1/1] (0.00ns)   --->   "%zext_ln23_1 = zext i4 %i" [d3.cpp:23]   --->   Operation 14 'zext' 'zext_ln23_1' <Predicate = (!icmp_ln23)> <Delay = 0.00>
ST_1 : Operation 15 [1/1] (0.79ns)   --->   "%empty = sub i4 9, i4 %i"   --->   Operation 15 'sub' 'empty' <Predicate = (!icmp_ln23)> <Delay = 0.79> <CoreInst = "Adder">   --->   Core 1 'Adder' <Latency = 0> <II = 1> <Delay = 0.79> <FuncUnit> <Opcode : 'add' 'sub'> <InPorts = 2> <OutPorts = 1>
ST_1 : Operation 16 [1/1] (0.00ns)   --->   "%p_cast59 = zext i4 %empty"   --->   Operation 16 'zext' 'p_cast59' <Predicate = (!icmp_ln23)> <Delay = 0.00>
ST_1 : Operation 17 [1/1] (0.00ns)   --->   "%empty_21 = trunc i4 %i"   --->   Operation 17 'trunc' 'empty_21' <Predicate = (!icmp_ln23)> <Delay = 0.00>
ST_1 : Operation 18 [1/1] (0.00ns)   --->   "%arg1_r_addr = getelementptr i32 %arg1_r, i64 0, i64 %p_cast59" [d3.cpp:30]   --->   Operation 18 'getelementptr' 'arg1_r_addr' <Predicate = (!icmp_ln23)> <Delay = 0.00>
ST_1 : Operation 19 [2/2] (0.67ns)   --->   "%arg1_r_load = load i4 %arg1_r_addr" [d3.cpp:30]   --->   Operation 19 'load' 'arg1_r_load' <Predicate = (!icmp_ln23)> <Delay = 0.67> <CoreInst = "RAM">   --->   Core 83 'RAM' <Latency = 1> <II = 1> <Delay = 0.67> <Storage> <Opcode : 'load' 'store'> <Ports = 2> <Width = 32> <Depth = 10> <RAM>
ST_1 : Operation 20 [1/1] (0.00ns)   --->   "%arr_addr = getelementptr i64 %arr, i64 0, i64 %zext_ln23_1" [d3.cpp:30]   --->   Operation 20 'getelementptr' 'arr_addr' <Predicate = (!icmp_ln23)> <Delay = 0.00>
ST_1 : Operation 21 [2/2] (0.67ns)   --->   "%arr_load = load i4 %arr_addr" [d3.cpp:30]   --->   Operation 21 'load' 'arr_load' <Predicate = (!icmp_ln23)> <Delay = 0.67> <CoreInst = "RAM">   --->   Core 83 'RAM' <Latency = 1> <II = 1> <Delay = 0.67> <Storage> <Opcode : 'load' 'store'> <Ports = 2> <Width = 64> <Depth = 10> <RAM>
ST_1 : Operation 22 [1/1] (0.79ns)   --->   "%add_ln23 = add i4 %i, i4 1" [d3.cpp:23]   --->   Operation 22 'add' 'add_ln23' <Predicate = (!icmp_ln23)> <Delay = 0.79> <CoreInst = "Adder">   --->   Core 1 'Adder' <Latency = 0> <II = 1> <Delay = 0.79> <FuncUnit> <Opcode : 'add' 'sub'> <InPorts = 2> <OutPorts = 1>
ST_1 : Operation 23 [1/1] (0.42ns)   --->   "%store_ln23 = store i4 %add_ln23, i4 %i_1" [d3.cpp:23]   --->   Operation 23 'store' 'store_ln23' <Predicate = (!icmp_ln23)> <Delay = 0.42>
ST_1 : Operation 37 [1/1] (0.00ns)   --->   "%ret_ln0 = ret"   --->   Operation 37 'ret' 'ret_ln0' <Predicate = (icmp_ln23)> <Delay = 0.00>

State 2 <SV = 1> <Delay = 5.85>
ST_2 : Operation 24 [1/1] (0.00ns)   --->   "%specpipeline_ln25 = specpipeline void @_ssdm_op_SpecPipeline, i32 1, i32 0, i32 0, i32 0, void @empty" [d3.cpp:25]   --->   Operation 24 'specpipeline' 'specpipeline_ln25' <Predicate = true> <Delay = 0.00>
ST_2 : Operation 25 [1/1] (0.00ns)   --->   "%speclooptripcount_ln22 = speclooptripcount void @_ssdm_op_SpecLoopTripCount, i64 8, i64 8, i64 8" [d3.cpp:22]   --->   Operation 25 'speclooptripcount' 'speclooptripcount_ln22' <Predicate = true> <Delay = 0.00>
ST_2 : Operation 26 [1/1] (0.00ns)   --->   "%specloopname_ln23 = specloopname void @_ssdm_op_SpecLoopName, void @empty_10" [d3.cpp:23]   --->   Operation 26 'specloopname' 'specloopname_ln23' <Predicate = true> <Delay = 0.00>
ST_2 : Operation 27 [1/2] (0.67ns)   --->   "%arg1_r_load = load i4 %arg1_r_addr" [d3.cpp:30]   --->   Operation 27 'load' 'arg1_r_load' <Predicate = true> <Delay = 0.67> <CoreInst = "RAM">   --->   Core 83 'RAM' <Latency = 1> <II = 1> <Delay = 0.67> <Storage> <Opcode : 'load' 'store'> <Ports = 2> <Width = 32> <Depth = 10> <RAM>
ST_2 : Operation 28 [1/1] (0.00ns)   --->   "%zext_ln30 = zext i32 %arg1_r_load" [d3.cpp:30]   --->   Operation 28 'zext' 'zext_ln30' <Predicate = true> <Delay = 0.00>
ST_2 : Operation 29 [1/2] (0.67ns)   --->   "%arr_load = load i4 %arr_addr" [d3.cpp:30]   --->   Operation 29 'load' 'arr_load' <Predicate = true> <Delay = 0.67> <CoreInst = "RAM">   --->   Core 83 'RAM' <Latency = 1> <II = 1> <Delay = 0.67> <Storage> <Opcode : 'load' 'store'> <Ports = 2> <Width = 64> <Depth = 10> <RAM>
ST_2 : Operation 30 [1/1] (0.00ns)   --->   "%shl_ln1 = bitconcatenate i33 @_ssdm_op_BitConcatenate.i33.i32.i1, i32 %mul16_read, i1 0" [d3.cpp:30]   --->   Operation 30 'bitconcatenate' 'shl_ln1' <Predicate = (!empty_21)> <Delay = 0.00>
ST_2 : Operation 31 [1/1] (0.43ns)   --->   "%select_ln30 = select i1 %empty_21, i33 %zext_ln23_cast, i33 %shl_ln1" [d3.cpp:30]   --->   Operation 31 'select' 'select_ln30' <Predicate = true> <Delay = 0.43> <CoreInst = "Sel">   --->   Core 73 'Sel' <Latency = 0> <II = 1> <Delay = 0.43> <FuncUnit> <Opcode : 'select'> <InPorts = 3> <OutPorts = 1>
ST_2 : Operation 32 [1/1] (0.00ns)   --->   "%zext_ln30_1 = zext i33 %select_ln30" [d3.cpp:30]   --->   Operation 32 'zext' 'zext_ln30_1' <Predicate = true> <Delay = 0.00>
ST_2 : Operation 33 [1/1] (3.41ns)   --->   "%mul_ln30 = mul i64 %zext_ln30_1, i64 %zext_ln30" [d3.cpp:30]   --->   Operation 33 'mul' 'mul_ln30' <Predicate = true> <Delay = 3.41> <CoreInst = "Multiplier">   --->   Core 3 'Multiplier' <Latency = 0> <II = 1> <Delay = 3.41> <FuncUnit> <Opcode : 'mul'> <InPorts = 2> <OutPorts = 1>
ST_2 : Operation 34 [1/1] (1.08ns)   --->   "%add_ln30 = add i64 %arr_load, i64 %mul_ln30" [d3.cpp:30]   --->   Operation 34 'add' 'add_ln30' <Predicate = true> <Delay = 1.08> <CoreInst = "Adder">   --->   Core 1 'Adder' <Latency = 0> <II = 1> <Delay = 1.08> <FuncUnit> <Opcode : 'add' 'sub'> <InPorts = 2> <OutPorts = 1>
ST_2 : Operation 35 [1/1] (0.67ns)   --->   "%store_ln30 = store i64 %add_ln30, i4 %arr_addr" [d3.cpp:30]   --->   Operation 35 'store' 'store_ln30' <Predicate = true> <Delay = 0.67> <CoreInst = "RAM">   --->   Core 83 'RAM' <Latency = 1> <II = 1> <Delay = 0.67> <Storage> <Opcode : 'load' 'store'> <Ports = 2> <Width = 64> <Depth = 10> <RAM>
ST_2 : Operation 36 [1/1] (0.00ns)   --->   "%br_ln23 = br void %for.inc25" [d3.cpp:23]   --->   Operation 36 'br' 'br_ln23' <Predicate = true> <Delay = 0.00>


============================================================
+ Verbose Summary: Timing violations
============================================================
Target clock period: 10.000ns, clock uncertainty: 2.700ns.

 <State 1>: 1.474ns
The critical path consists of the following:
	'alloca' operation ('i') [5]  (0.000 ns)
	'load' operation ('i') on local variable 'i' [12]  (0.000 ns)
	'sub' operation ('empty') [20]  (0.797 ns)
	'getelementptr' operation ('arg1_r_addr', d3.cpp:30) [23]  (0.000 ns)
	'load' operation ('arg1_r_load', d3.cpp:30) on array 'arg1_r' [24]  (0.677 ns)

 <State 2>: 5.854ns
The critical path consists of the following:
	'load' operation ('arg1_r_load', d3.cpp:30) on array 'arg1_r' [24]  (0.677 ns)
	'mul' operation ('mul_ln30', d3.cpp:30) [31]  (3.415 ns)
	'add' operation ('add_ln30', d3.cpp:30) [32]  (1.085 ns)
	'store' operation ('store_ln30', d3.cpp:30) of variable 'add_ln30', d3.cpp:30 on array 'arr' [33]  (0.677 ns)


============================================================
+ Verbose Summary: Binding
============================================================
N/A
* FSMD analyzer results:
  - Output states:
 - Input state : 
  - Chain level:
	State 1
	State 2


============================================================
+ Verbose Summary: Datapath Resource usage 
============================================================
N/A
