

================================================================
== Vitis HLS Report for 'fiat_25519_carry_mul_Pipeline_VITIS_LOOP_39_1'
================================================================
* Date:           Thu May  9 14:27:39 2024

* Version:        2023.1.1 (Build 3869133 on Jun 15 2023)
* Project:        D4
* Solution:       comb_0 (Vivado IP Flow Target)
* Product family: zynquplus
* Target device:  xczu9eg-ffvb1156-2-e


================================================================
== Performance Estimates
================================================================
+ Timing: 
    * Summary: 
    +--------+----------+----------+------------+
    |  Clock |  Target  | Estimated| Uncertainty|
    +--------+----------+----------+------------+
    |ap_clk  |  10.00 ns|  7.229 ns|     2.70 ns|
    +--------+----------+----------+------------+

+ Latency: 
    * Summary: 
    +---------+---------+-----------+-----------+-----+-----+---------+
    |  Latency (cycles) |   Latency (absolute)  |  Interval | Pipeline|
    |   min   |   max   |    min    |    max    | min | max |   Type  |
    +---------+---------+-----------+-----------+-----+-----+---------+
    |        5|        5|  50.000 ns|  50.000 ns|    5|    5|       no|
    +---------+---------+-----------+-----------+-----+-----+---------+

    + Detail: 
        * Instance: 
        N/A

        * Loop: 
        +-------------------+---------+---------+----------+-----------+-----------+------+----------+
        |                   |  Latency (cycles) | Iteration|  Initiation Interval  | Trip |          |
        |     Loop Name     |   min   |   max   |  Latency |  achieved |   target  | Count| Pipelined|
        +-------------------+---------+---------+----------+-----------+-----------+------+----------+
        |- VITIS_LOOP_39_1  |        3|        3|         3|          1|          1|     2|       yes|
        +-------------------+---------+---------+----------+-----------+-----------+------+----------+



================================================================
== Utilization Estimates
================================================================
* Summary: 
+-----------------+---------+------+--------+--------+-----+
|       Name      | BRAM_18K|  DSP |   FF   |   LUT  | URAM|
+-----------------+---------+------+--------+--------+-----+
|DSP              |        -|     -|       -|       -|    -|
|Expression       |        -|     -|       0|    8761|    -|
|FIFO             |        -|     -|       -|       -|    -|
|Instance         |        -|   334|       0|    2555|    -|
|Memory           |        -|     -|       -|       -|    -|
|Multiplexer      |        -|     -|       -|     144|    -|
|Register         |        -|     -|    2408|       -|    -|
+-----------------+---------+------+--------+--------+-----+
|Total            |        0|   334|    2408|   11460|    0|
+-----------------+---------+------+--------+--------+-----+
|Available        |     1824|  2520|  548160|  274080|    0|
+-----------------+---------+------+--------+--------+-----+
|Utilization (%)  |        0|    13|      ~0|       4|    0|
+-----------------+---------+------+--------+--------+-----+

+ Detail: 
    * Instance: 
    +--------------------------+----------------------+---------+----+---+----+-----+
    |         Instance         |        Module        | BRAM_18K| DSP| FF| LUT| URAM|
    +--------------------------+----------------------+---------+----+---+----+-----+
    |mul_32ns_32ns_64_1_1_U25  |mul_32ns_32ns_64_1_1  |        0|   4|  0|  20|    0|
    |mul_32ns_32ns_64_1_1_U26  |mul_32ns_32ns_64_1_1  |        0|   4|  0|  20|    0|
    |mul_32ns_32ns_64_1_1_U27  |mul_32ns_32ns_64_1_1  |        0|   4|  0|  20|    0|
    |mul_32ns_32ns_64_1_1_U28  |mul_32ns_32ns_64_1_1  |        0|   4|  0|  20|    0|
    |mul_32ns_32ns_64_1_1_U29  |mul_32ns_32ns_64_1_1  |        0|   4|  0|  20|    0|
    |mul_32ns_32ns_64_1_1_U30  |mul_32ns_32ns_64_1_1  |        0|   4|  0|  20|    0|
    |mul_32ns_32ns_64_1_1_U31  |mul_32ns_32ns_64_1_1  |        0|   4|  0|  20|    0|
    |mul_32ns_32ns_64_1_1_U32  |mul_32ns_32ns_64_1_1  |        0|   4|  0|  20|    0|
    |mul_32ns_32ns_64_1_1_U33  |mul_32ns_32ns_64_1_1  |        0|   4|  0|  20|    0|
    |mul_32ns_32ns_64_1_1_U34  |mul_32ns_32ns_64_1_1  |        0|   4|  0|  20|    0|
    |mul_32ns_32ns_64_1_1_U35  |mul_32ns_32ns_64_1_1  |        0|   4|  0|  20|    0|
    |mul_32ns_32ns_64_1_1_U36  |mul_32ns_32ns_64_1_1  |        0|   4|  0|  20|    0|
    |mul_32ns_32ns_64_1_1_U37  |mul_32ns_32ns_64_1_1  |        0|   4|  0|  20|    0|
    |mul_32ns_32ns_64_1_1_U38  |mul_32ns_32ns_64_1_1  |        0|   4|  0|  20|    0|
    |mul_32ns_32ns_64_1_1_U39  |mul_32ns_32ns_64_1_1  |        0|   4|  0|  20|    0|
    |mul_32ns_32ns_64_1_1_U40  |mul_32ns_32ns_64_1_1  |        0|   4|  0|  20|    0|
    |mul_32ns_32ns_64_1_1_U41  |mul_32ns_32ns_64_1_1  |        0|   4|  0|  20|    0|
    |mul_32ns_32ns_64_1_1_U42  |mul_32ns_32ns_64_1_1  |        0|   4|  0|  20|    0|
    |mul_32ns_32ns_64_1_1_U43  |mul_32ns_32ns_64_1_1  |        0|   4|  0|  20|    0|
    |mul_32ns_32ns_64_1_1_U44  |mul_32ns_32ns_64_1_1  |        0|   4|  0|  20|    0|
    |mul_32ns_32ns_64_1_1_U45  |mul_32ns_32ns_64_1_1  |        0|   4|  0|  20|    0|
    |mul_32ns_32ns_64_1_1_U46  |mul_32ns_32ns_64_1_1  |        0|   4|  0|  20|    0|
    |mul_32ns_32ns_64_1_1_U47  |mul_32ns_32ns_64_1_1  |        0|   4|  0|  20|    0|
    |mul_32ns_32ns_64_1_1_U48  |mul_32ns_32ns_64_1_1  |        0|   4|  0|  20|    0|
    |mul_32ns_32ns_64_1_1_U49  |mul_32ns_32ns_64_1_1  |        0|   4|  0|  20|    0|
    |mul_32ns_32ns_64_1_1_U50  |mul_32ns_32ns_64_1_1  |        0|   4|  0|  20|    0|
    |mul_32ns_32ns_64_1_1_U51  |mul_32ns_32ns_64_1_1  |        0|   4|  0|  20|    0|
    |mul_32ns_32ns_64_1_1_U52  |mul_32ns_32ns_64_1_1  |        0|   4|  0|  20|    0|
    |mul_32ns_32ns_64_1_1_U53  |mul_32ns_32ns_64_1_1  |        0|   4|  0|  20|    0|
    |mul_32ns_32ns_64_1_1_U54  |mul_32ns_32ns_64_1_1  |        0|   4|  0|  20|    0|
    |mul_32ns_32ns_64_1_1_U55  |mul_32ns_32ns_64_1_1  |        0|   4|  0|  20|    0|
    |mul_32ns_32ns_64_1_1_U56  |mul_32ns_32ns_64_1_1  |        0|   4|  0|  20|    0|
    |mul_32ns_32ns_64_1_1_U57  |mul_32ns_32ns_64_1_1  |        0|   4|  0|  20|    0|
    |mul_32ns_32ns_64_1_1_U58  |mul_32ns_32ns_64_1_1  |        0|   4|  0|  20|    0|
    |mul_32ns_32ns_64_1_1_U59  |mul_32ns_32ns_64_1_1  |        0|   4|  0|  20|    0|
    |mul_32ns_32ns_64_1_1_U60  |mul_32ns_32ns_64_1_1  |        0|   4|  0|  20|    0|
    |mul_32ns_32ns_64_1_1_U61  |mul_32ns_32ns_64_1_1  |        0|   4|  0|  20|    0|
    |mul_32ns_32ns_64_1_1_U62  |mul_32ns_32ns_64_1_1  |        0|   4|  0|  20|    0|
    |mul_32ns_32ns_64_1_1_U63  |mul_32ns_32ns_64_1_1  |        0|   4|  0|  20|    0|
    |mul_32ns_32ns_64_1_1_U64  |mul_32ns_32ns_64_1_1  |        0|   4|  0|  20|    0|
    |mul_32ns_32ns_64_1_1_U65  |mul_32ns_32ns_64_1_1  |        0|   4|  0|  20|    0|
    |mul_32ns_32ns_64_1_1_U66  |mul_32ns_32ns_64_1_1  |        0|   4|  0|  20|    0|
    |mul_32ns_32ns_64_1_1_U67  |mul_32ns_32ns_64_1_1  |        0|   4|  0|  20|    0|
    |mul_32ns_32ns_64_1_1_U68  |mul_32ns_32ns_64_1_1  |        0|   4|  0|  20|    0|
    |mul_32ns_32ns_64_1_1_U69  |mul_32ns_32ns_64_1_1  |        0|   4|  0|  20|    0|
    |mul_32ns_32ns_64_1_1_U70  |mul_32ns_32ns_64_1_1  |        0|   4|  0|  20|    0|
    |mul_32ns_32ns_64_1_1_U71  |mul_32ns_32ns_64_1_1  |        0|   4|  0|  20|    0|
    |mul_32ns_32ns_64_1_1_U72  |mul_32ns_32ns_64_1_1  |        0|   4|  0|  20|    0|
    |mul_32ns_32ns_64_1_1_U73  |mul_32ns_32ns_64_1_1  |        0|   4|  0|  20|    0|
    |mul_32ns_32ns_64_1_1_U74  |mul_32ns_32ns_64_1_1  |        0|   4|  0|  20|    0|
    |mul_32ns_32ns_64_1_1_U75  |mul_32ns_32ns_64_1_1  |        0|   4|  0|  20|    0|
    |mul_32ns_32ns_64_1_1_U76  |mul_32ns_32ns_64_1_1  |        0|   4|  0|  20|    0|
    |mul_32ns_32ns_64_1_1_U77  |mul_32ns_32ns_64_1_1  |        0|   4|  0|  20|    0|
    |mul_32ns_32ns_64_1_1_U78  |mul_32ns_32ns_64_1_1  |        0|   4|  0|  20|    0|
    |mul_32ns_32ns_64_1_1_U79  |mul_32ns_32ns_64_1_1  |        0|   4|  0|  20|    0|
    |mul_32ns_32ns_64_1_1_U80  |mul_32ns_32ns_64_1_1  |        0|   4|  0|  20|    0|
    |mul_32ns_32ns_64_1_1_U81  |mul_32ns_32ns_64_1_1  |        0|   4|  0|  20|    0|
    |mul_32ns_32ns_64_1_1_U82  |mul_32ns_32ns_64_1_1  |        0|   4|  0|  20|    0|
    |mul_32ns_32ns_64_1_1_U83  |mul_32ns_32ns_64_1_1  |        0|   4|  0|  20|    0|
    |mul_32ns_32ns_64_1_1_U84  |mul_32ns_32ns_64_1_1  |        0|   4|  0|  20|    0|
    |mul_32ns_32ns_64_1_1_U85  |mul_32ns_32ns_64_1_1  |        0|   4|  0|  20|    0|
    |mul_32ns_32ns_64_1_1_U86  |mul_32ns_32ns_64_1_1  |        0|   4|  0|  20|    0|
    |mul_32ns_32ns_64_1_1_U87  |mul_32ns_32ns_64_1_1  |        0|   4|  0|  20|    0|
    |mul_32ns_32ns_64_1_1_U88  |mul_32ns_32ns_64_1_1  |        0|   4|  0|  20|    0|
    |mul_32ns_32ns_64_1_1_U89  |mul_32ns_32ns_64_1_1  |        0|   4|  0|  20|    0|
    |mul_32ns_32ns_64_1_1_U90  |mul_32ns_32ns_64_1_1  |        0|   4|  0|  20|    0|
    |mul_32ns_32ns_64_1_1_U91  |mul_32ns_32ns_64_1_1  |        0|   4|  0|  20|    0|
    |mul_32ns_32ns_64_1_1_U92  |mul_32ns_32ns_64_1_1  |        0|   4|  0|  20|    0|
    |mul_32ns_32ns_64_1_1_U93  |mul_32ns_32ns_64_1_1  |        0|   4|  0|  20|    0|
    |mul_32ns_32ns_64_1_1_U94  |mul_32ns_32ns_64_1_1  |        0|   4|  0|  20|    0|
    |mul_32ns_32ns_64_1_1_U95  |mul_32ns_32ns_64_1_1  |        0|   4|  0|  20|    0|
    |mul_32ns_32ns_64_1_1_U96  |mul_32ns_32ns_64_1_1  |        0|   4|  0|  20|    0|
    |mul_32ns_32ns_64_1_1_U97  |mul_32ns_32ns_64_1_1  |        0|   4|  0|  20|    0|
    |mul_32ns_32ns_64_1_1_U98  |mul_32ns_32ns_64_1_1  |        0|   4|  0|  20|    0|
    |mul_32ns_32ns_64_1_1_U99  |mul_32ns_32ns_64_1_1  |        0|   4|  0|  20|    0|
    |mul_32s_6ns_32_1_1_U109   |mul_32s_6ns_32_1_1    |        0|   2|  0|  20|    0|
    |mul_32s_6ns_32_1_1_U110   |mul_32s_6ns_32_1_1    |        0|   2|  0|  20|    0|
    |mul_32s_6ns_32_1_1_U111   |mul_32s_6ns_32_1_1    |        0|   2|  0|  20|    0|
    |mul_32s_6ns_32_1_1_U112   |mul_32s_6ns_32_1_1    |        0|   2|  0|  20|    0|
    |mul_32s_6ns_32_1_1_U113   |mul_32s_6ns_32_1_1    |        0|   2|  0|  20|    0|
    |mul_32s_6ns_32_1_1_U114   |mul_32s_6ns_32_1_1    |        0|   2|  0|  20|    0|
    |mul_32s_6ns_32_1_1_U115   |mul_32s_6ns_32_1_1    |        0|   2|  0|  20|    0|
    |mul_32s_6ns_32_1_1_U116   |mul_32s_6ns_32_1_1    |        0|   2|  0|  20|    0|
    |mul_32s_7s_32_1_1_U100    |mul_32s_7s_32_1_1     |        0|   2|  0|  20|    0|
    |mul_32s_7s_32_1_1_U101    |mul_32s_7s_32_1_1     |        0|   2|  0|  20|    0|
    |mul_32s_7s_32_1_1_U102    |mul_32s_7s_32_1_1     |        0|   2|  0|  20|    0|
    |mul_32s_7s_32_1_1_U103    |mul_32s_7s_32_1_1     |        0|   2|  0|  20|    0|
    |mul_32s_7s_32_1_1_U104    |mul_32s_7s_32_1_1     |        0|   2|  0|  20|    0|
    |mul_32s_7s_32_1_1_U105    |mul_32s_7s_32_1_1     |        0|   2|  0|  20|    0|
    |mul_32s_7s_32_1_1_U106    |mul_32s_7s_32_1_1     |        0|   2|  0|  20|    0|
    |mul_32s_7s_32_1_1_U107    |mul_32s_7s_32_1_1     |        0|   2|  0|  20|    0|
    |mul_32s_7s_32_1_1_U108    |mul_32s_7s_32_1_1     |        0|   2|  0|  20|    0|
    |mux_10_4_32_1_1_U117      |mux_10_4_32_1_1       |        0|   0|  0|  54|    0|
    |mux_10_4_32_1_1_U118      |mux_10_4_32_1_1       |        0|   0|  0|  54|    0|
    |mux_10_4_32_1_1_U119      |mux_10_4_32_1_1       |        0|   0|  0|  54|    0|
    |mux_10_4_32_1_1_U120      |mux_10_4_32_1_1       |        0|   0|  0|  54|    0|
    |mux_10_4_32_1_1_U124      |mux_10_4_32_1_1       |        0|   0|  0|  54|    0|
    |mux_10_4_32_1_1_U130      |mux_10_4_32_1_1       |        0|   0|  0|  54|    0|
    |mux_10_4_32_1_1_U131      |mux_10_4_32_1_1       |        0|   0|  0|  54|    0|
    |mux_10_4_32_1_1_U132      |mux_10_4_32_1_1       |        0|   0|  0|  54|    0|
    |mux_10_4_32_1_1_U133      |mux_10_4_32_1_1       |        0|   0|  0|  54|    0|
    |mux_2_1_32_1_1_U129       |mux_2_1_32_1_1        |        0|   0|  0|   9|    0|
    |mux_3_2_32_1_1_U128       |mux_3_2_32_1_1        |        0|   0|  0|  14|    0|
    |mux_4_2_32_1_1_U127       |mux_4_2_32_1_1        |        0|   0|  0|  20|    0|
    |mux_5_3_32_1_1_U126       |mux_5_3_32_1_1        |        0|   0|  0|  26|    0|
    |mux_6_3_32_1_1_U125       |mux_6_3_32_1_1        |        0|   0|  0|  31|    0|
    |mux_7_3_32_1_1_U123       |mux_7_3_32_1_1        |        0|   0|  0|  37|    0|
    |mux_8_3_32_1_1_U122       |mux_8_3_32_1_1        |        0|   0|  0|  43|    0|
    |mux_9_4_32_1_1_U121       |mux_9_4_32_1_1        |        0|   0|  0|  49|    0|
    +--------------------------+----------------------+---------+----+---+----+-----+
    |Total                     |                      |        0| 334|  0|2555|    0|
    +--------------------------+----------------------+---------+----+---+----+-----+

    * DSP: 
    N/A

    * Memory: 
    N/A

    * FIFO: 
    N/A

    * Expression: 
    +---------------------------+----------+----+---+----+------------+------------+
    |       Variable Name       | Operation| DSP| FF| LUT| Bitwidth P0| Bitwidth P1|
    +---------------------------+----------+----+---+----+------------+------------+
    |add_ln39_fu_1302_p2        |         +|   0|  0|  12|           5|           4|
    |add_ln51_1_fu_937_p2       |         +|   0|  0|  12|           5|           2|
    |add_ln51_2_fu_1056_p2      |         +|   0|  0|  12|           5|           3|
    |add_ln51_fu_880_p2         |         +|   0|  0|  12|           5|           1|
    |add_ln52_1_fu_1004_p2      |         +|   0|  0|  12|           5|           3|
    |add_ln52_fu_919_p2         |         +|   0|  0|  12|           5|           2|
    |add_ln54_10_fu_2004_p2     |         +|   0|  0|  64|          64|          64|
    |add_ln54_11_fu_2048_p2     |         +|   0|  0|  64|          64|          64|
    |add_ln54_12_fu_2054_p2     |         +|   0|  0|  64|          64|          64|
    |add_ln54_13_fu_2060_p2     |         +|   0|  0|  64|          64|          64|
    |add_ln54_14_fu_2066_p2     |         +|   0|  0|  71|          64|          64|
    |add_ln54_15_fu_2072_p2     |         +|   0|  0|  64|          64|          64|
    |add_ln54_16_fu_2678_p2     |         +|   0|  0|  64|          64|          64|
    |add_ln54_17_fu_2682_p2     |         +|   0|  0|  64|          64|          64|
    |add_ln54_18_fu_2128_p2     |         +|   0|  0|  64|          64|          64|
    |add_ln54_19_fu_2134_p2     |         +|   0|  0|  71|          64|          64|
    |add_ln54_1_fu_1908_p2      |         +|   0|  0|  64|          64|          64|
    |add_ln54_20_fu_2140_p2     |         +|   0|  0|  64|          64|          64|
    |add_ln54_21_fu_2146_p2     |         +|   0|  0|  64|          64|          64|
    |add_ln54_22_fu_2152_p2     |         +|   0|  0|  71|          64|          64|
    |add_ln54_23_fu_2158_p2     |         +|   0|  0|  64|          64|          64|
    |add_ln54_24_fu_2688_p2     |         +|   0|  0|  64|          64|          64|
    |add_ln54_25_fu_2692_p2     |         +|   0|  0|  64|          64|          64|
    |add_ln54_26_fu_2226_p2     |         +|   0|  0|  64|          64|          64|
    |add_ln54_27_fu_2232_p2     |         +|   0|  0|  71|          64|          64|
    |add_ln54_28_fu_2238_p2     |         +|   0|  0|  64|          64|          64|
    |add_ln54_29_fu_2244_p2     |         +|   0|  0|  64|          64|          64|
    |add_ln54_2_fu_1914_p2      |         +|   0|  0|  64|          64|          64|
    |add_ln54_30_fu_2250_p2     |         +|   0|  0|  64|          64|          64|
    |add_ln54_31_fu_2256_p2     |         +|   0|  0|  64|          64|          64|
    |add_ln54_32_fu_2262_p2     |         +|   0|  0|  64|          64|          64|
    |add_ln54_33_fu_2698_p2     |         +|   0|  0|  64|          64|          64|
    |add_ln54_34_fu_2702_p2     |         +|   0|  0|  64|          64|          64|
    |add_ln54_35_fu_2360_p2     |         +|   0|  0|  64|          64|          64|
    |add_ln54_36_fu_2354_p2     |         +|   0|  0|  64|          64|          64|
    |add_ln54_37_fu_2366_p2     |         +|   0|  0|  64|          64|          64|
    |add_ln54_38_fu_2372_p2     |         +|   0|  0|  64|          64|          64|
    |add_ln54_39_fu_2342_p2     |         +|   0|  0|  71|          64|          64|
    |add_ln54_3_fu_1920_p2      |         +|   0|  0|  64|          64|          64|
    |add_ln54_40_fu_2348_p2     |         +|   0|  0|  71|          64|          64|
    |add_ln54_41_fu_2708_p2     |         +|   0|  0|  64|          64|          64|
    |add_ln54_42_fu_2712_p2     |         +|   0|  0|  64|          64|          64|
    |add_ln54_43_fu_2717_p2     |         +|   0|  0|  64|          64|          64|
    |add_ln54_44_fu_2722_p2     |         +|   0|  0|  64|          64|          64|
    |add_ln54_45_fu_2426_p2     |         +|   0|  0|  64|          64|          64|
    |add_ln54_46_fu_2432_p2     |         +|   0|  0|  71|          64|          64|
    |add_ln54_47_fu_2438_p2     |         +|   0|  0|  64|          64|          64|
    |add_ln54_48_fu_2444_p2     |         +|   0|  0|  64|          64|          64|
    |add_ln54_49_fu_2450_p2     |         +|   0|  0|  64|          64|          64|
    |add_ln54_4_fu_1926_p2      |         +|   0|  0|  64|          64|          64|
    |add_ln54_50_fu_2456_p2     |         +|   0|  0|  64|          64|          64|
    |add_ln54_51_fu_2462_p2     |         +|   0|  0|  64|          64|          64|
    |add_ln54_52_fu_2728_p2     |         +|   0|  0|  64|          64|          64|
    |add_ln54_53_fu_2732_p2     |         +|   0|  0|  64|          64|          64|
    |add_ln54_54_fu_2504_p2     |         +|   0|  0|  64|          64|          64|
    |add_ln54_55_fu_2510_p2     |         +|   0|  0|  71|          64|          64|
    |add_ln54_56_fu_2516_p2     |         +|   0|  0|  64|          64|          64|
    |add_ln54_57_fu_2522_p2     |         +|   0|  0|  64|          64|          64|
    |add_ln54_58_fu_2528_p2     |         +|   0|  0|  71|          64|          64|
    |add_ln54_59_fu_2534_p2     |         +|   0|  0|  64|          64|          64|
    |add_ln54_5_fu_1974_p2      |         +|   0|  0|  64|          64|          64|
    |add_ln54_60_fu_2738_p2     |         +|   0|  0|  64|          64|          64|
    |add_ln54_61_fu_2742_p2     |         +|   0|  0|  64|          64|          64|
    |add_ln54_62_fu_2564_p2     |         +|   0|  0|  64|          64|          64|
    |add_ln54_63_fu_2570_p2     |         +|   0|  0|  64|          64|          64|
    |add_ln54_64_fu_2576_p2     |         +|   0|  0|  64|          64|          64|
    |add_ln54_65_fu_2582_p2     |         +|   0|  0|  71|          64|          64|
    |add_ln54_66_fu_2588_p2     |         +|   0|  0|  64|          64|          64|
    |add_ln54_67_fu_2748_p2     |         +|   0|  0|  64|          64|          64|
    |add_ln54_68_fu_2752_p2     |         +|   0|  0|  64|          64|          64|
    |add_ln54_69_fu_2606_p2     |         +|   0|  0|  64|          64|          64|
    |add_ln54_6_fu_1980_p2      |         +|   0|  0|  64|          64|          64|
    |add_ln54_70_fu_2612_p2     |         +|   0|  0|  64|          64|          64|
    |add_ln54_71_fu_2618_p2     |         +|   0|  0|  64|          64|          64|
    |add_ln54_72_fu_2624_p2     |         +|   0|  0|  64|          64|          64|
    |add_ln54_73_fu_2630_p2     |         +|   0|  0|  64|          64|          64|
    |add_ln54_74_fu_2636_p2     |         +|   0|  0|  64|          64|          64|
    |add_ln54_7_fu_1986_p2      |         +|   0|  0|  64|          64|          64|
    |add_ln54_8_fu_1992_p2      |         +|   0|  0|  64|          64|          64|
    |add_ln54_9_fu_1998_p2      |         +|   0|  0|  64|          64|          64|
    |add_ln54_fu_1902_p2        |         +|   0|  0|  71|          64|          64|
    |i1_4_fu_1308_p2            |         +|   0|  0|  12|           4|           4|
    |sub_ln54_1_fu_913_p2       |         -|   0|  0|  10|           1|           3|
    |tmp_10_fu_1205_p9          |         -|   0|  0|  10|           2|           3|
    |tmp_11_fu_1235_p8          |         -|   0|  0|  10|           2|           3|
    |tmp_1_fu_1376_p7           |         -|   0|  0|  10|           1|           3|
    |tmp_2_fu_1129_p11          |         -|   0|  0|  12|           3|           4|
    |tmp_4_fu_1173_p10          |         -|   0|  0|  12|           4|           4|
    |tmp_6_fu_970_p11           |         -|   0|  0|  12|           1|           4|
    |tmp_7_fu_1479_p4           |         -|   0|  0|  10|           3|           2|
    |tmp_s_fu_1089_p11          |         -|   0|  0|  12|           3|           4|
    |and_ln51_1_fu_949_p2       |       and|   0|  0|   2|           1|           1|
    |and_ln51_2_fu_1068_p2      |       and|   0|  0|   2|           1|           1|
    |and_ln51_3_fu_1262_p2      |       and|   0|  0|   2|           1|           1|
    |and_ln51_4_fu_1277_p2      |       and|   0|  0|   2|           1|           1|
    |and_ln51_fu_892_p2         |       and|   0|  0|   2|           1|           1|
    |and_ln53_1_fu_1470_p2      |       and|   0|  0|   2|           1|           1|
    |and_ln53_2_fu_1541_p2      |       and|   0|  0|   2|           1|           1|
    |and_ln53_3_fu_1660_p2      |       and|   0|  0|   2|           1|           1|
    |and_ln53_4_fu_1700_p2      |       and|   0|  0|   2|           1|           1|
    |and_ln53_fu_1401_p2        |       and|   0|  0|   2|           1|           1|
    |and_ln54_10_fu_2116_p2     |       and|   0|  0|  64|          64|          64|
    |and_ln54_11_fu_2122_p2     |       and|   0|  0|  64|          64|          64|
    |and_ln54_12_fu_2164_p2     |       and|   0|  0|  64|          64|          64|
    |and_ln54_13_fu_2177_p2     |       and|   0|  0|  64|          64|          64|
    |and_ln54_14_fu_2183_p2     |       and|   0|  0|  64|          64|          64|
    |and_ln54_15_fu_2189_p2     |       and|   0|  0|  64|          64|          64|
    |and_ln54_16_fu_2195_p2     |       and|   0|  0|  64|          64|          64|
    |and_ln54_17_fu_2208_p2     |       and|   0|  0|  64|          64|          64|
    |and_ln54_18_fu_2214_p2     |       and|   0|  0|  64|          64|          64|
    |and_ln54_19_fu_2220_p2     |       and|   0|  0|  64|          64|          64|
    |and_ln54_1_fu_1968_p2      |       and|   0|  0|  64|          64|          64|
    |and_ln54_20_fu_2268_p2     |       and|   0|  0|  64|          64|          64|
    |and_ln54_21_fu_2274_p2     |       and|   0|  0|  64|          64|          64|
    |and_ln54_22_fu_2280_p2     |       and|   0|  0|  64|          64|          64|
    |and_ln54_23_fu_2286_p2     |       and|   0|  0|  64|          64|          64|
    |and_ln54_24_fu_2299_p2     |       and|   0|  0|  64|          64|          64|
    |and_ln54_25_fu_2305_p2     |       and|   0|  0|  64|          64|          64|
    |and_ln54_26_fu_2318_p2     |       and|   0|  0|  64|          64|          64|
    |and_ln54_27_fu_2324_p2     |       and|   0|  0|  64|          64|          64|
    |and_ln54_28_fu_2330_p2     |       and|   0|  0|  64|          64|          64|
    |and_ln54_29_fu_2336_p2     |       and|   0|  0|  64|          64|          64|
    |and_ln54_2_fu_2017_p2      |       and|   0|  0|  64|          64|          64|
    |and_ln54_30_fu_2378_p2     |       and|   0|  0|  64|          64|          64|
    |and_ln54_31_fu_2384_p2     |       and|   0|  0|  64|          64|          64|
    |and_ln54_32_fu_2390_p2     |       and|   0|  0|  64|          64|          64|
    |and_ln54_33_fu_2396_p2     |       and|   0|  0|  64|          64|          64|
    |and_ln54_34_fu_2402_p2     |       and|   0|  0|  64|          64|          64|
    |and_ln54_35_fu_2408_p2     |       and|   0|  0|  64|          64|          64|
    |and_ln54_36_fu_2414_p2     |       and|   0|  0|  64|          64|          64|
    |and_ln54_37_fu_2420_p2     |       and|   0|  0|  64|          64|          64|
    |and_ln54_38_fu_2468_p2     |       and|   0|  0|  64|          64|          64|
    |and_ln54_39_fu_2474_p2     |       and|   0|  0|  64|          64|          64|
    |and_ln54_3_fu_2030_p2      |       and|   0|  0|  64|          64|          64|
    |and_ln54_40_fu_2480_p2     |       and|   0|  0|  64|          64|          64|
    |and_ln54_41_fu_2486_p2     |       and|   0|  0|  64|          64|          64|
    |and_ln54_42_fu_2492_p2     |       and|   0|  0|  64|          64|          64|
    |and_ln54_43_fu_2498_p2     |       and|   0|  0|  64|          64|          64|
    |and_ln54_44_fu_2540_p2     |       and|   0|  0|  64|          64|          64|
    |and_ln54_45_fu_2546_p2     |       and|   0|  0|  64|          64|          64|
    |and_ln54_46_fu_2552_p2     |       and|   0|  0|  64|          64|          64|
    |and_ln54_47_fu_2558_p2     |       and|   0|  0|  64|          64|          64|
    |and_ln54_48_fu_2594_p2     |       and|   0|  0|  64|          64|          64|
    |and_ln54_49_fu_2600_p2     |       and|   0|  0|  64|          64|          64|
    |and_ln54_4_fu_2036_p2      |       and|   0|  0|  64|          64|          64|
    |and_ln54_5_fu_2042_p2      |       and|   0|  0|  64|          64|          64|
    |and_ln54_6_fu_2085_p2      |       and|   0|  0|  64|          64|          64|
    |and_ln54_7_fu_2091_p2      |       and|   0|  0|  64|          64|          64|
    |and_ln54_8_fu_2104_p2      |       and|   0|  0|  64|          64|          64|
    |and_ln54_9_fu_2110_p2      |       and|   0|  0|  64|          64|          64|
    |and_ln54_fu_1955_p2        |       and|   0|  0|  64|          64|          64|
    |icmp_ln51_1_fu_943_p2      |      icmp|   0|  0|  12|           5|           4|
    |icmp_ln51_2_fu_1062_p2     |      icmp|   0|  0|  12|           5|           4|
    |icmp_ln51_fu_886_p2        |      icmp|   0|  0|  12|           5|           4|
    |icmp_ln52_1_fu_1044_p2     |      icmp|   0|  0|  12|           5|           4|
    |icmp_ln52_fu_925_p2        |      icmp|   0|  0|  12|           5|           4|
    |icmp_ln53_1_fu_998_p2      |      icmp|   0|  0|  12|           5|           4|
    |icmp_ln53_2_fu_1117_p2     |      icmp|   0|  0|  12|           5|           4|
    |icmp_ln53_fu_907_p2        |      icmp|   0|  0|  12|           5|           4|
    |icmp_ln54_1_fu_1050_p2     |      icmp|   0|  0|  12|           5|           4|
    |icmp_ln54_fu_931_p2        |      icmp|   0|  0|  12|           5|           4|
    |mul_ln52_10_fu_723_p10     |    select|   0|  0|   6|           1|           6|
    |mul_ln52_12_fu_728_p10     |    select|   0|  0|   6|           1|           6|
    |mul_ln52_2_fu_707_p10      |    select|   0|  0|   6|           1|           6|
    |mul_ln52_4_fu_711_p10      |    select|   0|  0|   6|           1|           6|
    |mul_ln52_fu_702_p10        |    select|   0|  0|   6|           1|           6|
    |select_ln52_3_fu_1157_p3   |    select|   0|  0|   6|           1|           6|
    |select_ln52_6_fu_1292_p3   |    select|   0|  0|   6|           1|           5|
    |select_ln54_10_fu_1961_p3  |    select|   0|  0|   2|           1|           2|
    |select_ln54_11_fu_2010_p3  |    select|   0|  0|   2|           1|           2|
    |select_ln54_12_fu_2023_p3  |    select|   0|  0|   2|           1|           2|
    |select_ln54_13_fu_2078_p3  |    select|   0|  0|   2|           1|           2|
    |select_ln54_14_fu_2097_p3  |    select|   0|  0|   2|           1|           2|
    |select_ln54_15_fu_2170_p3  |    select|   0|  0|   2|           1|           2|
    |select_ln54_16_fu_2201_p3  |    select|   0|  0|   2|           1|           2|
    |select_ln54_17_fu_2292_p3  |    select|   0|  0|   2|           1|           2|
    |select_ln54_18_fu_2311_p3  |    select|   0|  0|   2|           1|           2|
    |select_ln54_1_fu_1494_p3   |    select|   0|  0|  32|           1|          32|
    |select_ln54_2_fu_1550_p3   |    select|   0|  0|  32|           1|          32|
    |select_ln54_3_fu_1631_p3   |    select|   0|  0|  32|           1|          32|
    |select_ln54_4_fu_1670_p3   |    select|   0|  0|  32|           1|          32|
    |select_ln54_5_fu_1710_p3   |    select|   0|  0|  32|           1|          32|
    |select_ln54_6_fu_1790_p3   |    select|   0|  0|  32|           1|          32|
    |select_ln54_7_fu_1849_p3   |    select|   0|  0|  32|           1|          32|
    |select_ln54_8_fu_1937_p3   |    select|   0|  0|  32|           1|          32|
    |select_ln54_9_fu_1948_p3   |    select|   0|  0|   2|           1|           2|
    |select_ln54_fu_1421_p3     |    select|   0|  0|  32|           1|          32|
    |ap_enable_pp0              |       xor|   0|  0|   2|           1|           2|
    |cmp32_1_fu_1256_p2         |       xor|   0|  0|   2|           1|           2|
    |tmp_5_fu_1447_p5           |       xor|   0|  0|   2|           2|           2|
    |tmp_8_fu_1016_p11          |       xor|   0|  0|   4|           4|           2|
    |tmp_9_fu_1520_p3           |       xor|   0|  0|   2|           1|           2|
    +---------------------------+----------+----+---+----+------------+------------+
    |Total                      |          |   0|  0|8761|        8149|        8458|
    +---------------------------+----------+----+---+----+------------+------------+

    * Multiplexer: 
    +----------------------------+----+-----------+-----+-----------+
    |            Name            | LUT| Input Size| Bits| Total Bits|
    +----------------------------+----+-----------+-----+-----------+
    |add65295_fu_162             |   9|          2|   64|        128|
    |add65_129296_fu_166         |   9|          2|   64|        128|
    |add65_271297_fu_170         |   9|          2|   64|        128|
    |add65_3113298_fu_174        |   9|          2|   64|        128|
    |add65_4155299_fu_178        |   9|          2|   64|        128|
    |add65_5300_fu_182           |   9|          2|   64|        128|
    |add65_6301_fu_186           |   9|          2|   64|        128|
    |add65_7302_fu_190           |   9|          2|   64|        128|
    |add65_8303_fu_194           |   9|          2|   64|        128|
    |add65_9304_fu_198           |   9|          2|   64|        128|
    |ap_done_int                 |   9|          2|    1|          2|
    |ap_enable_reg_pp0_iter1     |   9|          2|    1|          2|
    |ap_sig_allocacmp_i1_2_load  |   9|          2|    4|          8|
    |ap_sig_allocacmp_i1_3       |   9|          2|    5|         10|
    |i1_2_fu_158                 |   9|          2|    4|          8|
    |i1_fu_202                   |   9|          2|    5|         10|
    +----------------------------+----+-----------+-----+-----------+
    |Total                       | 144|         32|  660|       1320|
    +----------------------------+----+-----------+-----+-----------+

    * Register: 
    +----------------------------------+----+----+-----+-----------+
    |               Name               | FF | LUT| Bits| Const Bits|
    +----------------------------------+----+----+-----+-----------+
    |add65295_fu_162                   |  64|   0|   64|          0|
    |add65_129296_fu_166               |  64|   0|   64|          0|
    |add65_271297_fu_170               |  64|   0|   64|          0|
    |add65_3113298_fu_174              |  64|   0|   64|          0|
    |add65_4155299_fu_178              |  64|   0|   64|          0|
    |add65_5300_fu_182                 |  64|   0|   64|          0|
    |add65_6301_fu_186                 |  64|   0|   64|          0|
    |add65_7302_fu_190                 |  64|   0|   64|          0|
    |add65_8303_fu_194                 |  64|   0|   64|          0|
    |add65_9304_fu_198                 |  64|   0|   64|          0|
    |add_ln54_12_reg_3266              |  64|   0|   64|          0|
    |add_ln54_15_reg_3271              |  64|   0|   64|          0|
    |add_ln54_20_reg_3276              |  64|   0|   64|          0|
    |add_ln54_23_reg_3281              |  64|   0|   64|          0|
    |add_ln54_28_reg_3286              |  64|   0|   64|          0|
    |add_ln54_32_reg_3291              |  64|   0|   64|          0|
    |add_ln54_38_reg_3311              |  64|   0|   64|          0|
    |add_ln54_39_reg_3301              |  64|   0|   64|          0|
    |add_ln54_40_reg_3306              |  64|   0|   64|          0|
    |add_ln54_47_reg_3316              |  64|   0|   64|          0|
    |add_ln54_51_reg_3321              |  64|   0|   64|          0|
    |add_ln54_56_reg_3326              |  64|   0|   64|          0|
    |add_ln54_59_reg_3331              |  64|   0|   64|          0|
    |add_ln54_63_reg_3336              |  64|   0|   64|          0|
    |add_ln54_66_reg_3341              |  64|   0|   64|          0|
    |and_ln54_22_reg_3296              |  64|   0|   64|          0|
    |ap_CS_fsm                         |   1|   0|    1|          0|
    |ap_done_reg                       |   1|   0|    1|          0|
    |ap_enable_reg_pp0_iter1           |   1|   0|    1|          0|
    |ap_enable_reg_pp0_iter2           |   1|   0|    1|          0|
    |ap_loop_exit_ready_pp0_iter1_reg  |   1|   0|    1|          0|
    |cmp32_1_reg_3220                  |   1|   0|    1|          0|
    |i1_2_fu_158                       |   4|   0|    4|          0|
    |i1_fu_202                         |   5|   0|    5|          0|
    |icmp_ln51_1_reg_3126              |   1|   0|    1|          0|
    |icmp_ln51_2_reg_3158              |   1|   0|    1|          0|
    |icmp_ln51_reg_3089                |   1|   0|    1|          0|
    |icmp_ln52_1_reg_3147              |   1|   0|    1|          0|
    |icmp_ln52_reg_3115                |   1|   0|    1|          0|
    |icmp_ln53_1_reg_3136              |   1|   0|    1|          0|
    |icmp_ln53_2_reg_3168              |   1|   0|    1|          0|
    |icmp_ln53_reg_3099                |   1|   0|    1|          0|
    |icmp_ln54_1_reg_3152              |   1|   0|    1|          0|
    |icmp_ln54_reg_3120                |   1|   0|    1|          0|
    |mul_ln52_10_reg_3231              |  32|   0|   32|          0|
    |mul_ln52_11_reg_3236              |  32|   0|   32|          0|
    |mul_ln52_12_reg_3241              |  32|   0|   32|          0|
    |mul_ln52_13_reg_3246              |  32|   0|   32|          0|
    |mul_ln52_14_reg_3251              |  32|   0|   32|          0|
    |mul_ln52_15_reg_3256              |  32|   0|   32|          0|
    |mul_ln52_16_reg_3261              |  32|   0|   32|          0|
    |mul_ln52_1_reg_3110               |  32|   0|   32|          0|
    |mul_ln52_2_reg_3131               |  32|   0|   32|          0|
    |mul_ln52_3_reg_3142               |  32|   0|   32|          0|
    |mul_ln52_4_reg_3163               |  32|   0|   32|          0|
    |mul_ln52_5_reg_3179               |  32|   0|   32|          0|
    |mul_ln52_6_reg_3191               |  32|   0|   32|          0|
    |mul_ln52_7_reg_3203               |  32|   0|   32|          0|
    |mul_ln52_8_reg_3215               |  32|   0|   32|          0|
    |mul_ln52_9_reg_3226               |  32|   0|   32|          0|
    |mul_ln52_reg_3094                 |  32|   0|   32|          0|
    |sub_ln54_1_reg_3105               |   3|   0|    3|          0|
    |tmp_10_reg_3196                   |  32|   0|   32|          0|
    |tmp_11_reg_3208                   |  32|   0|   32|          0|
    |tmp_16_reg_3049                   |   1|   0|    1|          0|
    |tmp_2_reg_3174                    |  32|   0|   32|          0|
    |tmp_4_reg_3184                    |  32|   0|   32|          0|
    |trunc_ln39_1_reg_3064             |   4|   0|    4|          0|
    |trunc_ln39_2_reg_3073             |   1|   0|    1|          0|
    |trunc_ln39_3_reg_3078             |   2|   0|    2|          0|
    |trunc_ln39_4_reg_3084             |   3|   0|    3|          0|
    |trunc_ln39_reg_3053               |   1|   0|    1|          0|
    |zext_ln54_12_cast_reg_3043        |  32|   0|   64|         32|
    +----------------------------------+----+----+-----+-----------+
    |Total                             |2408|   0| 2440|         32|
    +----------------------------------+----+----+-----+-----------+



================================================================
== Interface
================================================================
* Summary: 
+--------------------------+-----+-----+------------+-----------------------------------------------+--------------+
|         RTL Ports        | Dir | Bits|  Protocol  |                 Source Object                 |    C Type    |
+--------------------------+-----+-----+------------+-----------------------------------------------+--------------+
|ap_clk                    |   in|    1|  ap_ctrl_hs|  fiat_25519_carry_mul_Pipeline_VITIS_LOOP_39_1|  return value|
|ap_rst                    |   in|    1|  ap_ctrl_hs|  fiat_25519_carry_mul_Pipeline_VITIS_LOOP_39_1|  return value|
|ap_start                  |   in|    1|  ap_ctrl_hs|  fiat_25519_carry_mul_Pipeline_VITIS_LOOP_39_1|  return value|
|ap_done                   |  out|    1|  ap_ctrl_hs|  fiat_25519_carry_mul_Pipeline_VITIS_LOOP_39_1|  return value|
|ap_idle                   |  out|    1|  ap_ctrl_hs|  fiat_25519_carry_mul_Pipeline_VITIS_LOOP_39_1|  return value|
|ap_ready                  |  out|    1|  ap_ctrl_hs|  fiat_25519_carry_mul_Pipeline_VITIS_LOOP_39_1|  return value|
|arg1_r_4_reload           |   in|   32|     ap_none|                                arg1_r_4_reload|        scalar|
|arg1_r_5_reload           |   in|   32|     ap_none|                                arg1_r_5_reload|        scalar|
|arg1_r_6_reload           |   in|   32|     ap_none|                                arg1_r_6_reload|        scalar|
|arg1_r_7_reload           |   in|   32|     ap_none|                                arg1_r_7_reload|        scalar|
|arg1_r_8_reload           |   in|   32|     ap_none|                                arg1_r_8_reload|        scalar|
|arg1_r_9_reload           |   in|   32|     ap_none|                                arg1_r_9_reload|        scalar|
|arg2_r_reload             |   in|   32|     ap_none|                                  arg2_r_reload|        scalar|
|arg2_r_1_reload           |   in|   32|     ap_none|                                arg2_r_1_reload|        scalar|
|arg2_r_2_reload           |   in|   32|     ap_none|                                arg2_r_2_reload|        scalar|
|arg2_r_3_reload           |   in|   32|     ap_none|                                arg2_r_3_reload|        scalar|
|arg2_r_4_reload           |   in|   32|     ap_none|                                arg2_r_4_reload|        scalar|
|arg2_r_5_reload           |   in|   32|     ap_none|                                arg2_r_5_reload|        scalar|
|arg2_r_9_reload           |   in|   32|     ap_none|                                arg2_r_9_reload|        scalar|
|arg2_r_8_reload           |   in|   32|     ap_none|                                arg2_r_8_reload|        scalar|
|arg2_r_7_reload           |   in|   32|     ap_none|                                arg2_r_7_reload|        scalar|
|arg2_r_6_reload           |   in|   32|     ap_none|                                arg2_r_6_reload|        scalar|
|arg1_r_3_reload           |   in|   32|     ap_none|                                arg1_r_3_reload|        scalar|
|arg1_r_2_reload           |   in|   32|     ap_none|                                arg1_r_2_reload|        scalar|
|arg1_r_1_reload           |   in|   32|     ap_none|                                arg1_r_1_reload|        scalar|
|arg1_r_reload             |   in|   32|     ap_none|                                  arg1_r_reload|        scalar|
|zext_ln54_12              |   in|   32|     ap_none|                                   zext_ln54_12|        scalar|
|add65_9304_out            |  out|   64|      ap_vld|                                 add65_9304_out|       pointer|
|add65_9304_out_ap_vld     |  out|    1|      ap_vld|                                 add65_9304_out|       pointer|
|add65_8303_out            |  out|   64|      ap_vld|                                 add65_8303_out|       pointer|
|add65_8303_out_ap_vld     |  out|    1|      ap_vld|                                 add65_8303_out|       pointer|
|add65_7302_out            |  out|   64|      ap_vld|                                 add65_7302_out|       pointer|
|add65_7302_out_ap_vld     |  out|    1|      ap_vld|                                 add65_7302_out|       pointer|
|add65_6301_out            |  out|   64|      ap_vld|                                 add65_6301_out|       pointer|
|add65_6301_out_ap_vld     |  out|    1|      ap_vld|                                 add65_6301_out|       pointer|
|add65_5300_out            |  out|   64|      ap_vld|                                 add65_5300_out|       pointer|
|add65_5300_out_ap_vld     |  out|    1|      ap_vld|                                 add65_5300_out|       pointer|
|add65_4155299_out         |  out|   64|      ap_vld|                              add65_4155299_out|       pointer|
|add65_4155299_out_ap_vld  |  out|    1|      ap_vld|                              add65_4155299_out|       pointer|
|add65_3113298_out         |  out|   64|      ap_vld|                              add65_3113298_out|       pointer|
|add65_3113298_out_ap_vld  |  out|    1|      ap_vld|                              add65_3113298_out|       pointer|
|add65_271297_out          |  out|   64|      ap_vld|                               add65_271297_out|       pointer|
|add65_271297_out_ap_vld   |  out|    1|      ap_vld|                               add65_271297_out|       pointer|
|add65_129296_out          |  out|   64|      ap_vld|                               add65_129296_out|       pointer|
|add65_129296_out_ap_vld   |  out|    1|      ap_vld|                               add65_129296_out|       pointer|
|add65295_out              |  out|   64|      ap_vld|                                   add65295_out|       pointer|
|add65295_out_ap_vld       |  out|    1|      ap_vld|                                   add65295_out|       pointer|
+--------------------------+-----+-----+------------+-----------------------------------------------+--------------+

