

================================================================
== Vitis HLS Report for 'fiat_25519_carry_square_Pipeline_VITIS_LOOP_44_3'
================================================================
* Date:           Thu May  9 15:22:57 2024

* Version:        2023.1.1 (Build 3869133 on Jun 15 2023)
* Project:        D1
* Solution:       comb_6 (Vivado IP Flow Target)
* Product family: zynquplus
* Target device:  xczu9eg-ffvb1156-2-e


================================================================
== Performance Estimates
================================================================
+ Timing: 
    * Summary: 
    +--------+----------+----------+------------+
    |  Clock |  Target  | Estimated| Uncertainty|
    +--------+----------+----------+------------+
    |ap_clk  |  10.00 ns|  6.424 ns|     2.70 ns|
    +--------+----------+----------+------------+

+ Latency: 
    * Summary: 
    +---------+---------+-----------+-----------+-----+-----+---------+
    |  Latency (cycles) |   Latency (absolute)  |  Interval | Pipeline|
    |   min   |   max   |    min    |    max    | min | max |   Type  |
    +---------+---------+-----------+-----------+-----+-----+---------+
    |        4|        4|  40.000 ns|  40.000 ns|    4|    4|       no|
    +---------+---------+-----------+-----------+-----+-----+---------+

    + Detail: 
        * Instance: 
        N/A

        * Loop: 
        +-------------------+---------+---------+----------+-----------+-----------+------+----------+
        |                   |  Latency (cycles) | Iteration|  Initiation Interval  | Trip |          |
        |     Loop Name     |   min   |   max   |  Latency |  achieved |   target  | Count| Pipelined|
        +-------------------+---------+---------+----------+-----------+-----------+------+----------+
        |- VITIS_LOOP_44_3  |        2|        2|         1|          1|          1|     2|       yes|
        +-------------------+---------+---------+----------+-----------+-----------+------+----------+



================================================================
== Utilization Estimates
================================================================
* Summary: 
+-----------------+---------+------+--------+--------+-----+
|       Name      | BRAM_18K|  DSP |   FF   |   LUT  | URAM|
+-----------------+---------+------+--------+--------+-----+
|DSP              |        -|     -|       -|       -|    -|
|Expression       |        -|     -|       0|     277|    -|
|FIFO             |        -|     -|       -|       -|    -|
|Instance         |        -|    12|       0|     282|    -|
|Memory           |        -|     -|       -|       -|    -|
|Multiplexer      |        -|     -|       -|     113|    -|
|Register         |        -|     -|     423|       -|    -|
+-----------------+---------+------+--------+--------+-----+
|Total            |        0|    12|     423|     672|    0|
+-----------------+---------+------+--------+--------+-----+
|Available        |     1824|  2520|  548160|  274080|    0|
+-----------------+---------+------+--------+--------+-----+
|Utilization (%)  |        0|    ~0|      ~0|      ~0|    0|
+-----------------+---------+------+--------+--------+-----+

+ Detail: 
    * Instance: 
    +--------------------------+----------------------+---------+----+---+----+-----+
    |         Instance         |        Module        | BRAM_18K| DSP| FF| LUT| URAM|
    +--------------------------+----------------------+---------+----+---+----+-----+
    |mul_32ns_32ns_63_1_1_U50  |mul_32ns_32ns_63_1_1  |        0|   4|  0|  20|    0|
    |mul_32ns_32ns_63_1_1_U51  |mul_32ns_32ns_63_1_1  |        0|   4|  0|  20|    0|
    |mul_32ns_32ns_63_1_1_U52  |mul_32ns_32ns_63_1_1  |        0|   4|  0|  20|    0|
    |mux_6_3_32_1_1_U56        |mux_6_3_32_1_1        |        0|   0|  0|  31|    0|
    |mux_7_3_32_1_1_U55        |mux_7_3_32_1_1        |        0|   0|  0|  37|    0|
    |mux_7_3_64_1_1_U54        |mux_7_3_64_1_1        |        0|   0|  0|  37|    0|
    |mux_7_3_64_1_1_U57        |mux_7_3_64_1_1        |        0|   0|  0|  37|    0|
    |mux_7_3_64_1_1_U58        |mux_7_3_64_1_1        |        0|   0|  0|  37|    0|
    |mux_8_3_32_1_1_U53        |mux_8_3_32_1_1        |        0|   0|  0|  43|    0|
    +--------------------------+----------------------+---------+----+---+----+-----+
    |Total                     |                      |        0|  12|  0| 282|    0|
    +--------------------------+----------------------+---------+----+---+----+-----+

    * DSP: 
    N/A

    * Memory: 
    N/A

    * FIFO: 
    N/A

    * Expression: 
    +---------------------+----------+----+---+----+------------+------------+
    |    Variable Name    | Operation| DSP| FF| LUT| Bitwidth P0| Bitwidth P1|
    +---------------------+----------+----+---+----+------------+------------+
    |add_ln44_fu_563_p2   |         +|   0|  0|  12|           4|           2|
    |arr_6_fu_377_p2      |         +|   0|  0|  71|          64|          64|
    |arr_7_fu_471_p2      |         +|   0|  0|  71|          64|          64|
    |arr_8_fu_497_p2      |         +|   0|  0|  71|          64|          64|
    |tmp_4_fu_424_p7      |         -|   0|  0|  10|           1|           3|
    |tmp_8_fu_326_p9      |         -|   0|  0|  10|           2|           3|
    |tmp_s_fu_395_p8      |         -|   0|  0|  10|           1|           3|
    |ap_condition_358     |       and|   0|  0|   2|           1|           1|
    |ap_condition_361     |       and|   0|  0|   2|           1|           1|
    |ap_condition_366     |       and|   0|  0|   2|           1|           1|
    |ap_condition_369     |       and|   0|  0|   2|           1|           1|
    |icmp_ln44_fu_292_p2  |      icmp|   0|  0|  12|           4|           4|
    |ap_enable_pp0        |       xor|   0|  0|   2|           1|           2|
    +---------------------+----------+----+---+----+------------+------------+
    |Total                |          |   0|  0| 277|         209|         213|
    +---------------------+----------+----+---+----+------------+------------+

    * Multiplexer: 
    +-------------------------+----+-----------+-----+-----------+
    |           Name          | LUT| Input Size| Bits| Total Bits|
    +-------------------------+----+-----------+-----+-----------+
    |ap_done_int              |   9|          2|    1|          2|
    |ap_enable_reg_pp0_iter1  |   9|          2|    1|          2|
    |arr_1_fu_98              |   9|          2|   64|        128|
    |arr_2_fu_102             |  14|          3|   64|        192|
    |arr_3_fu_106             |  14|          3|   64|        192|
    |arr_4_fu_110             |  20|          4|   64|        256|
    |arr_5_fu_114             |  20|          4|   64|        256|
    |arr_fu_94                |   9|          2|   64|        128|
    |i_fu_90                  |   9|          2|    4|          8|
    +-------------------------+----+-----------+-----+-----------+
    |Total                    | 113|         24|  390|       1164|
    +-------------------------+----+-----------+-----+-----------+

    * Register: 
    +-------------------------+----+----+-----+-----------+
    |           Name          | FF | LUT| Bits| Const Bits|
    +-------------------------+----+----+-----+-----------+
    |ap_CS_fsm                |   1|   0|    1|          0|
    |ap_done_reg              |   1|   0|    1|          0|
    |ap_enable_reg_pp0_iter1  |   1|   0|    1|          0|
    |arr_1_fu_98              |  64|   0|   64|          0|
    |arr_2_fu_102             |  64|   0|   64|          0|
    |arr_3_fu_106             |  64|   0|   64|          0|
    |arr_4_fu_110             |  64|   0|   64|          0|
    |arr_5_fu_114             |  64|   0|   64|          0|
    |arr_fu_94                |  64|   0|   64|          0|
    |i_fu_90                  |   4|   0|    4|          0|
    |zext_ln50_cast_reg_695   |  32|   0|   63|         31|
    +-------------------------+----+----+-----+-----------+
    |Total                    | 423|   0|  454|         31|
    +-------------------------+----+----+-----+-----------+



================================================================
== Interface
================================================================
* Summary: 
+-------------------+-----+-----+------------+--------------------------------------------------+--------------+
|     RTL Ports     | Dir | Bits|  Protocol  |                   Source Object                  |    C Type    |
+-------------------+-----+-----+------------+--------------------------------------------------+--------------+
|ap_clk             |   in|    1|  ap_ctrl_hs|  fiat_25519_carry_square_Pipeline_VITIS_LOOP_44_3|  return value|
|ap_rst             |   in|    1|  ap_ctrl_hs|  fiat_25519_carry_square_Pipeline_VITIS_LOOP_44_3|  return value|
|ap_start           |   in|    1|  ap_ctrl_hs|  fiat_25519_carry_square_Pipeline_VITIS_LOOP_44_3|  return value|
|ap_done            |  out|    1|  ap_ctrl_hs|  fiat_25519_carry_square_Pipeline_VITIS_LOOP_44_3|  return value|
|ap_idle            |  out|    1|  ap_ctrl_hs|  fiat_25519_carry_square_Pipeline_VITIS_LOOP_44_3|  return value|
|ap_ready           |  out|    1|  ap_ctrl_hs|  fiat_25519_carry_square_Pipeline_VITIS_LOOP_44_3|  return value|
|arr_6_reload       |   in|   64|     ap_none|                                      arr_6_reload|        scalar|
|arr_5_reload       |   in|   64|     ap_none|                                      arr_5_reload|        scalar|
|arr_4_reload       |   in|   64|     ap_none|                                      arr_4_reload|        scalar|
|arr_3_reload       |   in|   64|     ap_none|                                      arr_3_reload|        scalar|
|arr_2_reload       |   in|   64|     ap_none|                                      arr_2_reload|        scalar|
|arr_1_reload       |   in|   64|     ap_none|                                      arr_1_reload|        scalar|
|arg1_r_4_reload    |   in|   32|     ap_none|                                   arg1_r_4_reload|        scalar|
|arg1_r_5_reload    |   in|   32|     ap_none|                                   arg1_r_5_reload|        scalar|
|arg1_r_6_reload    |   in|   32|     ap_none|                                   arg1_r_6_reload|        scalar|
|arg1_r_7_reload    |   in|   32|     ap_none|                                   arg1_r_7_reload|        scalar|
|zext_ln50          |   in|   32|     ap_none|                                         zext_ln50|        scalar|
|arg1_r_3_reload    |   in|   32|     ap_none|                                   arg1_r_3_reload|        scalar|
|arg1_r_2_reload    |   in|   32|     ap_none|                                   arg1_r_2_reload|        scalar|
|arr_25_out         |  out|   64|      ap_vld|                                        arr_25_out|       pointer|
|arr_25_out_ap_vld  |  out|    1|      ap_vld|                                        arr_25_out|       pointer|
|arr_24_out         |  out|   64|      ap_vld|                                        arr_24_out|       pointer|
|arr_24_out_ap_vld  |  out|    1|      ap_vld|                                        arr_24_out|       pointer|
|arr_23_out         |  out|   64|      ap_vld|                                        arr_23_out|       pointer|
|arr_23_out_ap_vld  |  out|    1|      ap_vld|                                        arr_23_out|       pointer|
|arr_22_out         |  out|   64|      ap_vld|                                        arr_22_out|       pointer|
|arr_22_out_ap_vld  |  out|    1|      ap_vld|                                        arr_22_out|       pointer|
|arr_21_out         |  out|   64|      ap_vld|                                        arr_21_out|       pointer|
|arr_21_out_ap_vld  |  out|    1|      ap_vld|                                        arr_21_out|       pointer|
|arr_20_out         |  out|   64|      ap_vld|                                        arr_20_out|       pointer|
|arr_20_out_ap_vld  |  out|    1|      ap_vld|                                        arr_20_out|       pointer|
+-------------------+-----+-----+------------+--------------------------------------------------+--------------+

