

================================================================
== Vitis HLS Report for 'fiat_25519_carry_square'
================================================================
* Date:           Thu May  9 15:37:37 2024

* Version:        2023.1.1 (Build 3869133 on Jun 15 2023)
* Project:        D1
* Solution:       comb_45 (Vivado IP Flow Target)
* Product family: zynquplus
* Target device:  xczu9eg-ffvb1156-2-e


================================================================
== Performance Estimates
================================================================
+ Timing: 
    * Summary: 
    +--------+----------+----------+------------+
    |  Clock |  Target  | Estimated| Uncertainty|
    +--------+----------+----------+------------+
    |ap_clk  |  10.00 ns|  7.300 ns|     2.70 ns|
    +--------+----------+----------+------------+

+ Latency: 
    * Summary: 
    +---------+---------+----------+----------+-----+-----+---------+
    |  Latency (cycles) |  Latency (absolute) |  Interval | Pipeline|
    |   min   |   max   |    min   |    max   | min | max |   Type  |
    +---------+---------+----------+----------+-----+-----+---------+
    |       56|       56|  0.560 us|  0.560 us|   57|   57|       no|
    +---------+---------+----------+----------+-----+-----+---------+

    + Detail: 
        * Instance: 
        +-------------------------------------------------------------+--------------------------------------------------+---------+---------+-----------+-----------+-----+-----+---------+
        |                                                             |                                                  |  Latency (cycles) |   Latency (absolute)  |  Interval | Pipeline|
        |                           Instance                          |                      Module                      |   min   |   max   |    min    |    max    | min | max |   Type  |
        +-------------------------------------------------------------+--------------------------------------------------+---------+---------+-----------+-----------+-----+-----+---------+
        |grp_fiat_25519_carry_square_Pipeline_ARRAY_1_READ_fu_215     |fiat_25519_carry_square_Pipeline_ARRAY_1_READ     |       12|       12|   0.120 us|   0.120 us|   12|   12|       no|
        |grp_fiat_25519_carry_square_Pipeline_VITIS_LOOP_44_3_fu_232  |fiat_25519_carry_square_Pipeline_VITIS_LOOP_44_3  |        4|        4|  40.000 ns|  40.000 ns|    4|    4|       no|
        |grp_fiat_25519_carry_square_Pipeline_VITIS_LOOP_54_5_fu_255  |fiat_25519_carry_square_Pipeline_VITIS_LOOP_54_5  |        4|        4|  40.000 ns|  40.000 ns|    4|    4|       no|
        |grp_fiat_25519_carry_square_Pipeline_VITIS_LOOP_64_7_fu_269  |fiat_25519_carry_square_Pipeline_VITIS_LOOP_64_7  |        4|        4|  40.000 ns|  40.000 ns|    4|    4|       no|
        |grp_fiat_25519_carry_square_Pipeline_ARRAY_WRITE_fu_290      |fiat_25519_carry_square_Pipeline_ARRAY_WRITE      |       12|       12|   0.120 us|   0.120 us|   12|   12|       no|
        +-------------------------------------------------------------+--------------------------------------------------+---------+---------+-----------+-----------+-----+-----+---------+

        * Loop: 
        N/A



================================================================
== Utilization Estimates
================================================================
* Summary: 
+-----------------+---------+------+--------+--------+-----+
|       Name      | BRAM_18K|  DSP |   FF   |   LUT  | URAM|
+-----------------+---------+------+--------+--------+-----+
|DSP              |        -|     -|       -|       -|    -|
|Expression       |        -|     -|       0|    2695|    -|
|FIFO             |        -|     -|       -|       -|    -|
|Instance         |        4|   130|    2126|    3766|    0|
|Memory           |        -|     -|       -|       -|    -|
|Multiplexer      |        -|     -|       -|     585|    -|
|Register         |        -|     -|    2387|       -|    -|
+-----------------+---------+------+--------+--------+-----+
|Total            |        4|   130|    4513|    7046|    0|
+-----------------+---------+------+--------+--------+-----+
|Available        |     1824|  2520|  548160|  274080|    0|
+-----------------+---------+------+--------+--------+-----+
|Utilization (%)  |       ~0|     5|      ~0|       2|    0|
+-----------------+---------+------+--------+--------+-----+

+ Detail: 
    * Instance: 
    +-------------------------------------------------------------+--------------------------------------------------+---------+----+-----+------+-----+
    |                           Instance                          |                      Module                      | BRAM_18K| DSP|  FF |  LUT | URAM|
    +-------------------------------------------------------------+--------------------------------------------------+---------+----+-----+------+-----+
    |control_s_axi_U                                              |control_s_axi                                     |        0|   0|  176|   296|    0|
    |grp_fiat_25519_carry_square_Pipeline_ARRAY_1_READ_fu_215     |fiat_25519_carry_square_Pipeline_ARRAY_1_READ     |        0|   0|  331|    73|    0|
    |grp_fiat_25519_carry_square_Pipeline_ARRAY_WRITE_fu_290      |fiat_25519_carry_square_Pipeline_ARRAY_WRITE      |        0|   0|   34|   127|    0|
    |grp_fiat_25519_carry_square_Pipeline_VITIS_LOOP_44_3_fu_232  |fiat_25519_carry_square_Pipeline_VITIS_LOOP_44_3  |        0|  12|  423|   672|    0|
    |grp_fiat_25519_carry_square_Pipeline_VITIS_LOOP_54_5_fu_255  |fiat_25519_carry_square_Pipeline_VITIS_LOOP_54_5  |        0|   8|   70|   376|    0|
    |grp_fiat_25519_carry_square_Pipeline_VITIS_LOOP_64_7_fu_269  |fiat_25519_carry_square_Pipeline_VITIS_LOOP_64_7  |        0|  32|  262|  1101|    0|
    |mem_m_axi_U                                                  |mem_m_axi                                         |        4|   0|  830|   694|    0|
    |mul_32ns_32ns_63_1_1_U108                                    |mul_32ns_32ns_63_1_1                              |        0|   4|    0|    20|    0|
    |mul_32ns_32ns_63_1_1_U109                                    |mul_32ns_32ns_63_1_1                              |        0|   4|    0|    20|    0|
    |mul_32ns_32ns_63_1_1_U110                                    |mul_32ns_32ns_63_1_1                              |        0|   4|    0|    20|    0|
    |mul_32ns_32ns_63_1_1_U111                                    |mul_32ns_32ns_63_1_1                              |        0|   4|    0|    20|    0|
    |mul_32ns_32ns_64_1_1_U112                                    |mul_32ns_32ns_64_1_1                              |        0|   4|    0|    20|    0|
    |mul_32ns_32ns_64_1_1_U113                                    |mul_32ns_32ns_64_1_1                              |        0|   4|    0|    20|    0|
    |mul_32ns_32ns_64_1_1_U114                                    |mul_32ns_32ns_64_1_1                              |        0|   4|    0|    20|    0|
    |mul_32ns_32ns_64_1_1_U115                                    |mul_32ns_32ns_64_1_1                              |        0|   4|    0|    20|    0|
    |mul_32ns_32ns_64_1_1_U116                                    |mul_32ns_32ns_64_1_1                              |        0|   4|    0|    20|    0|
    |mul_32ns_32ns_64_1_1_U117                                    |mul_32ns_32ns_64_1_1                              |        0|   4|    0|    20|    0|
    |mul_32ns_32ns_64_1_1_U118                                    |mul_32ns_32ns_64_1_1                              |        0|   4|    0|    20|    0|
    |mul_32ns_32ns_64_1_1_U119                                    |mul_32ns_32ns_64_1_1                              |        0|   4|    0|    20|    0|
    |mul_32ns_32ns_64_1_1_U120                                    |mul_32ns_32ns_64_1_1                              |        0|   4|    0|    20|    0|
    |mul_32ns_32ns_64_1_1_U121                                    |mul_32ns_32ns_64_1_1                              |        0|   4|    0|    20|    0|
    |mul_32ns_32ns_64_1_1_U122                                    |mul_32ns_32ns_64_1_1                              |        0|   4|    0|    20|    0|
    |mul_32ns_32ns_64_1_1_U123                                    |mul_32ns_32ns_64_1_1                              |        0|   4|    0|    20|    0|
    |mul_32ns_32ns_64_1_1_U124                                    |mul_32ns_32ns_64_1_1                              |        0|   4|    0|    20|    0|
    |mul_32ns_32ns_64_1_1_U125                                    |mul_32ns_32ns_64_1_1                              |        0|   4|    0|    20|    0|
    |mul_32s_7ns_32_1_1_U126                                      |mul_32s_7ns_32_1_1                                |        0|   2|    0|    20|    0|
    |mul_32s_7ns_32_1_1_U127                                      |mul_32s_7ns_32_1_1                                |        0|   2|    0|    20|    0|
    |mul_39ns_6ns_44_1_1_U128                                     |mul_39ns_6ns_44_1_1                               |        0|   2|    0|    27|    0|
    +-------------------------------------------------------------+--------------------------------------------------+---------+----+-----+------+-----+
    |Total                                                        |                                                  |        4| 130| 2126|  3766|    0|
    +-------------------------------------------------------------+--------------------------------------------------+---------+----+-----+------+-----+

    * DSP: 
    N/A

    * Memory: 
    N/A

    * FIFO: 
    N/A

    * Expression: 
    +----------------------------------+----------+----+---+----+------------+------------+
    |           Variable Name          | Operation| DSP| FF| LUT| Bitwidth P0| Bitwidth P1|
    +----------------------------------+----------+----+---+----+------------+------------+
    |add_ln100_fu_1078_p2              |         +|   0|  0|  26|          26|          26|
    |add_ln102_10_fu_807_p2            |         +|   0|  0|  26|          26|          26|
    |add_ln102_11_fu_801_p2            |         +|   0|  0|  33|          26|          26|
    |add_ln102_12_fu_953_p2            |         +|   0|  0|  71|          64|          64|
    |add_ln102_13_fu_1000_p2           |         +|   0|  0|  64|          64|          64|
    |add_ln102_14_fu_1005_p2           |         +|   0|  0|  71|          64|          64|
    |add_ln102_15_fu_1045_p2           |         +|   0|  0|  64|          64|          64|
    |add_ln102_16_fu_1092_p2           |         +|   0|  0|  71|          64|          64|
    |add_ln102_1_fu_1011_p2            |         +|   0|  0|  64|          64|          64|
    |add_ln102_2_fu_1051_p2            |         +|   0|  0|  64|          64|          64|
    |add_ln102_3_fu_1098_p2            |         +|   0|  0|  64|          64|          64|
    |add_ln102_4_fu_1197_p2            |         +|   0|  0|  71|          64|          64|
    |add_ln102_5_fu_1231_p2            |         +|   0|  0|  71|          64|          64|
    |add_ln102_6_fu_1265_p2            |         +|   0|  0|  71|          64|          64|
    |add_ln102_7_fu_1305_p2            |         +|   0|  0|  71|          64|          64|
    |add_ln102_8_fu_1339_p2            |         +|   0|  0|  71|          64|          64|
    |add_ln102_9_fu_795_p2             |         +|   0|  0|  26|          26|          26|
    |add_ln102_fu_959_p2               |         +|   0|  0|  64|          64|          64|
    |add_ln103_1_fu_1124_p2            |         +|   0|  0|  32|          25|          25|
    |add_ln103_2_fu_1129_p2            |         +|   0|  0|  25|          25|          25|
    |add_ln103_fu_1411_p2              |         +|   0|  0|  51|          44|          44|
    |add_ln104_1_fu_1146_p2            |         +|   0|  0|  26|          26|          26|
    |add_ln104_2_fu_1135_p2            |         +|   0|  0|  26|          26|          26|
    |add_ln104_3_fu_1140_p2            |         +|   0|  0|  33|          26|          26|
    |add_ln104_fu_1444_p2              |         +|   0|  0|  33|          26|          26|
    |add_ln105_fu_1152_p2              |         +|   0|  0|  25|          25|          25|
    |add_ln106_fu_1163_p2              |         +|   0|  0|  33|          26|          26|
    |add_ln80_1_fu_867_p2              |         +|   0|  0|  64|          64|          64|
    |add_ln80_fu_873_p2                |         +|   0|  0|  64|          64|          64|
    |add_ln84_1_fu_847_p2              |         +|   0|  0|  64|          64|          64|
    |add_ln84_fu_853_p2                |         +|   0|  0|  64|          64|          64|
    |add_ln89_1_fu_823_p2              |         +|   0|  0|  71|          64|          64|
    |add_ln89_fu_939_p2                |         +|   0|  0|  64|          64|          64|
    |add_ln90_fu_948_p2                |         +|   0|  0|  25|          25|          25|
    |add_ln92_fu_739_p2                |         +|   0|  0|  71|          64|          64|
    |add_ln95_1_fu_783_p2              |         +|   0|  0|  71|          64|          64|
    |add_ln95_fu_777_p2                |         +|   0|  0|  64|          64|          64|
    |add_ln99_1_fu_883_p2              |         +|   0|  0|  71|          64|          64|
    |add_ln99_2_fu_889_p2              |         +|   0|  0|  71|          64|          64|
    |add_ln99_fu_1070_p2               |         +|   0|  0|  64|          64|          64|
    |arr_21_fu_789_p2                  |         +|   0|  0|  64|          64|          64|
    |arr_24_fu_612_p2                  |         +|   0|  0|  71|          64|          64|
    |arr_25_fu_1285_p2                 |         +|   0|  0|  71|          64|          64|
    |out1_w_1_fu_1435_p2               |         +|   0|  0|  32|          25|          25|
    |out1_w_2_fu_1465_p2               |         +|   0|  0|  34|          27|          27|
    |out1_w_3_fu_1158_p2               |         +|   0|  0|  25|          25|          25|
    |out1_w_4_fu_1169_p2               |         +|   0|  0|  26|          26|          26|
    |out1_w_5_fu_1355_p2               |         +|   0|  0|  32|          25|          25|
    |out1_w_6_fu_1360_p2               |         +|   0|  0|  33|          26|          26|
    |out1_w_7_fu_1366_p2               |         +|   0|  0|  32|          25|          25|
    |out1_w_8_fu_1372_p2               |         +|   0|  0|  33|          26|          26|
    |out1_w_9_fu_1378_p2               |         +|   0|  0|  32|          25|          25|
    |out1_w_fu_1402_p2                 |         +|   0|  0|  33|          26|          26|
    |ap_block_state15_on_subcall_done  |        or|   0|  0|   2|           1|           1|
    +----------------------------------+----------+----+---+----+------------+------------+
    |Total                             |          |   0|  0|2695|        2491|        2491|
    +----------------------------------+----------+----+---+----+------------+------------+

    * Multiplexer: 
    +---------------+-----+-----------+-----+-----------+
    |      Name     | LUT | Input Size| Bits| Total Bits|
    +---------------+-----+-----------+-----+-----------+
    |ap_NS_fsm      |  130|         26|    1|         26|
    |grp_fu_307_p0  |   14|          3|   32|         96|
    |grp_fu_307_p1  |   14|          3|   32|         96|
    |grp_fu_311_p0  |   14|          3|   32|         96|
    |grp_fu_311_p1  |   14|          3|   32|         96|
    |grp_fu_315_p0  |   14|          3|   32|         96|
    |grp_fu_315_p1  |   14|          3|   32|         96|
    |grp_fu_319_p0  |   14|          3|   32|         96|
    |grp_fu_319_p1  |   14|          3|   32|         96|
    |grp_fu_323_p0  |   26|          5|   32|        160|
    |grp_fu_323_p1  |   26|          5|   32|        160|
    |grp_fu_327_p0  |   20|          4|   32|        128|
    |grp_fu_327_p1  |   20|          4|   32|        128|
    |grp_fu_331_p0  |   20|          4|   32|        128|
    |grp_fu_331_p1  |   20|          4|   32|        128|
    |grp_fu_335_p0  |   14|          3|   32|         96|
    |grp_fu_335_p1  |   14|          3|   32|         96|
    |grp_fu_379_p0  |   26|          5|   32|        160|
    |grp_fu_379_p1  |   14|          3|    7|         21|
    |mem_ARADDR     |   14|          3|   64|        192|
    |mem_ARLEN      |   14|          3|   32|         96|
    |mem_ARVALID    |   14|          3|    1|          3|
    |mem_AWADDR     |   14|          3|   64|        192|
    |mem_AWLEN      |   14|          3|   32|         96|
    |mem_AWVALID    |   14|          3|    1|          3|
    |mem_BREADY     |   14|          3|    1|          3|
    |mem_RREADY     |    9|          2|    1|          2|
    |mem_WVALID     |    9|          2|    1|          2|
    |mem_blk_n_AR   |    9|          2|    1|          2|
    |mem_blk_n_AW   |    9|          2|    1|          2|
    |mem_blk_n_B    |    9|          2|    1|          2|
    +---------------+-----+-----------+-----+-----------+
    |Total          |  585|        121|  752|       2594|
    +---------------+-----+-----------+-----+-----------+

    * Register: 
    +--------------------------------------------------------------------------+----+----+-----+-----------+
    |                                   Name                                   | FF | LUT| Bits| Const Bits|
    +--------------------------------------------------------------------------+----+----+-----+-----------+
    |add_ln102_10_reg_1783                                                     |  26|   0|   26|          0|
    |add_ln103_2_reg_1869                                                      |  25|   0|   25|          0|
    |add_ln104_1_reg_1875                                                      |  26|   0|   26|          0|
    |add_ln80_reg_1829                                                         |  64|   0|   64|          0|
    |add_ln84_reg_1814                                                         |  64|   0|   64|          0|
    |add_ln89_1_reg_1794                                                       |  64|   0|   64|          0|
    |add_ln99_1_reg_1839                                                       |  64|   0|   64|          0|
    |add_ln99_2_reg_1844                                                       |  64|   0|   64|          0|
    |ap_CS_fsm                                                                 |  25|   0|   25|          0|
    |arr_17_reg_1669                                                           |  64|   0|   64|          0|
    |arr_18_reg_1680                                                           |  64|   0|   64|          0|
    |arr_22_reg_1750                                                           |  64|   0|   64|          0|
    |arr_23_reg_1695                                                           |  64|   0|   64|          0|
    |arr_24_reg_1760                                                           |  64|   0|   64|          0|
    |arr_4_reg_1730                                                            |  63|   0|   64|          1|
    |arr_6_reg_1740                                                            |  63|   0|   64|          1|
    |arr_8_reg_1745                                                            |  63|   0|   64|          1|
    |arr_reg_1755                                                              |  64|   0|   64|          0|
    |empty_22_reg_1627                                                         |  31|   0|   31|          0|
    |empty_23_reg_1712                                                         |  31|   0|   31|          0|
    |empty_24_reg_1638                                                         |  31|   0|   31|          0|
    |empty_25_reg_1718                                                         |  31|   0|   31|          0|
    |empty_26_reg_1644                                                         |  31|   0|   31|          0|
    |grp_fiat_25519_carry_square_Pipeline_ARRAY_1_READ_fu_215_ap_start_reg     |   1|   0|    1|          0|
    |grp_fiat_25519_carry_square_Pipeline_ARRAY_WRITE_fu_290_ap_start_reg      |   1|   0|    1|          0|
    |grp_fiat_25519_carry_square_Pipeline_VITIS_LOOP_44_3_fu_232_ap_start_reg  |   1|   0|    1|          0|
    |grp_fiat_25519_carry_square_Pipeline_VITIS_LOOP_54_5_fu_255_ap_start_reg  |   1|   0|    1|          0|
    |grp_fiat_25519_carry_square_Pipeline_VITIS_LOOP_64_7_fu_269_ap_start_reg  |   1|   0|    1|          0|
    |lshr_ln102_4_reg_1859                                                     |  38|   0|   38|          0|
    |lshr_ln_reg_1789                                                          |  38|   0|   38|          0|
    |mul_ln86_reg_1773                                                         |  63|   0|   63|          0|
    |mul_ln88_reg_1778                                                         |  63|   0|   63|          0|
    |mul_ln93_reg_1765                                                         |  32|   0|   32|          0|
    |out1_w_1_reg_1930                                                         |  25|   0|   25|          0|
    |out1_w_2_reg_1935                                                         |  27|   0|   27|          0|
    |out1_w_3_reg_1880                                                         |  25|   0|   25|          0|
    |out1_w_4_reg_1885                                                         |  26|   0|   26|          0|
    |out1_w_5_reg_1895                                                         |  25|   0|   25|          0|
    |out1_w_6_reg_1900                                                         |  26|   0|   26|          0|
    |out1_w_7_reg_1905                                                         |  25|   0|   25|          0|
    |out1_w_8_reg_1910                                                         |  26|   0|   26|          0|
    |out1_w_9_reg_1915                                                         |  25|   0|   25|          0|
    |out1_w_reg_1925                                                           |  26|   0|   26|          0|
    |reg_395                                                                   |  32|   0|   32|          0|
    |reg_399                                                                   |  64|   0|   64|          0|
    |reg_404                                                                   |  32|   0|   32|          0|
    |trunc_ln102_12_reg_1890                                                   |  39|   0|   39|          0|
    |trunc_ln102_5_reg_1864                                                    |  25|   0|   25|          0|
    |trunc_ln115_1_reg_1604                                                    |  62|   0|   62|          0|
    |trunc_ln22_1_reg_1598                                                     |  62|   0|   62|          0|
    |trunc_ln7_reg_1809                                                        |  25|   0|   25|          0|
    |trunc_ln81_1_reg_1834                                                     |  25|   0|   25|          0|
    |trunc_ln85_1_reg_1824                                                     |  26|   0|   26|          0|
    |trunc_ln85_reg_1819                                                       |  25|   0|   25|          0|
    |trunc_ln89_1_reg_1804                                                     |  25|   0|   25|          0|
    |trunc_ln89_reg_1799                                                       |  24|   0|   24|          0|
    |trunc_ln99_1_reg_1854                                                     |  26|   0|   26|          0|
    |trunc_ln99_reg_1849                                                       |  26|   0|   26|          0|
    |zext_ln27_reg_1650                                                        |  32|   0|   64|         32|
    |zext_ln37_2_reg_1662                                                      |  32|   0|   64|         32|
    |zext_ln37_4_reg_1674                                                      |  32|   0|   64|         32|
    |zext_ln37_8_reg_1724                                                      |  32|   0|   63|         31|
    |zext_ln37_9_reg_1735                                                      |  32|   0|   63|         31|
    |zext_ln37_reg_1656                                                        |  32|   0|   64|         32|
    |zext_ln41_1_reg_1685                                                      |  32|   0|   64|         32|
    +--------------------------------------------------------------------------+----+----+-----+-----------+
    |Total                                                                     |2387|   0| 2612|        225|
    +--------------------------------------------------------------------------+----+----+-----+-----------+



================================================================
== Interface
================================================================
* Summary: 
+-----------------------+-----+-----+------------+-------------------------+--------------+
|       RTL Ports       | Dir | Bits|  Protocol  |      Source Object      |    C Type    |
+-----------------------+-----+-----+------------+-------------------------+--------------+
|s_axi_control_AWVALID  |   in|    1|       s_axi|                  control|        scalar|
|s_axi_control_AWREADY  |  out|    1|       s_axi|                  control|        scalar|
|s_axi_control_AWADDR   |   in|    6|       s_axi|                  control|        scalar|
|s_axi_control_WVALID   |   in|    1|       s_axi|                  control|        scalar|
|s_axi_control_WREADY   |  out|    1|       s_axi|                  control|        scalar|
|s_axi_control_WDATA    |   in|   32|       s_axi|                  control|        scalar|
|s_axi_control_WSTRB    |   in|    4|       s_axi|                  control|        scalar|
|s_axi_control_ARVALID  |   in|    1|       s_axi|                  control|        scalar|
|s_axi_control_ARREADY  |  out|    1|       s_axi|                  control|        scalar|
|s_axi_control_ARADDR   |   in|    6|       s_axi|                  control|        scalar|
|s_axi_control_RVALID   |  out|    1|       s_axi|                  control|        scalar|
|s_axi_control_RREADY   |   in|    1|       s_axi|                  control|        scalar|
|s_axi_control_RDATA    |  out|   32|       s_axi|                  control|        scalar|
|s_axi_control_RRESP    |  out|    2|       s_axi|                  control|        scalar|
|s_axi_control_BVALID   |  out|    1|       s_axi|                  control|        scalar|
|s_axi_control_BREADY   |   in|    1|       s_axi|                  control|        scalar|
|s_axi_control_BRESP    |  out|    2|       s_axi|                  control|        scalar|
|ap_clk                 |   in|    1|  ap_ctrl_hs|  fiat_25519_carry_square|  return value|
|ap_rst_n               |   in|    1|  ap_ctrl_hs|  fiat_25519_carry_square|  return value|
|interrupt              |  out|    1|  ap_ctrl_hs|  fiat_25519_carry_square|  return value|
|m_axi_mem_AWVALID      |  out|    1|       m_axi|                      mem|       pointer|
|m_axi_mem_AWREADY      |   in|    1|       m_axi|                      mem|       pointer|
|m_axi_mem_AWADDR       |  out|   64|       m_axi|                      mem|       pointer|
|m_axi_mem_AWID         |  out|    1|       m_axi|                      mem|       pointer|
|m_axi_mem_AWLEN        |  out|    8|       m_axi|                      mem|       pointer|
|m_axi_mem_AWSIZE       |  out|    3|       m_axi|                      mem|       pointer|
|m_axi_mem_AWBURST      |  out|    2|       m_axi|                      mem|       pointer|
|m_axi_mem_AWLOCK       |  out|    2|       m_axi|                      mem|       pointer|
|m_axi_mem_AWCACHE      |  out|    4|       m_axi|                      mem|       pointer|
|m_axi_mem_AWPROT       |  out|    3|       m_axi|                      mem|       pointer|
|m_axi_mem_AWQOS        |  out|    4|       m_axi|                      mem|       pointer|
|m_axi_mem_AWREGION     |  out|    4|       m_axi|                      mem|       pointer|
|m_axi_mem_AWUSER       |  out|    1|       m_axi|                      mem|       pointer|
|m_axi_mem_WVALID       |  out|    1|       m_axi|                      mem|       pointer|
|m_axi_mem_WREADY       |   in|    1|       m_axi|                      mem|       pointer|
|m_axi_mem_WDATA        |  out|   32|       m_axi|                      mem|       pointer|
|m_axi_mem_WSTRB        |  out|    4|       m_axi|                      mem|       pointer|
|m_axi_mem_WLAST        |  out|    1|       m_axi|                      mem|       pointer|
|m_axi_mem_WID          |  out|    1|       m_axi|                      mem|       pointer|
|m_axi_mem_WUSER        |  out|    1|       m_axi|                      mem|       pointer|
|m_axi_mem_ARVALID      |  out|    1|       m_axi|                      mem|       pointer|
|m_axi_mem_ARREADY      |   in|    1|       m_axi|                      mem|       pointer|
|m_axi_mem_ARADDR       |  out|   64|       m_axi|                      mem|       pointer|
|m_axi_mem_ARID         |  out|    1|       m_axi|                      mem|       pointer|
|m_axi_mem_ARLEN        |  out|    8|       m_axi|                      mem|       pointer|
|m_axi_mem_ARSIZE       |  out|    3|       m_axi|                      mem|       pointer|
|m_axi_mem_ARBURST      |  out|    2|       m_axi|                      mem|       pointer|
|m_axi_mem_ARLOCK       |  out|    2|       m_axi|                      mem|       pointer|
|m_axi_mem_ARCACHE      |  out|    4|       m_axi|                      mem|       pointer|
|m_axi_mem_ARPROT       |  out|    3|       m_axi|                      mem|       pointer|
|m_axi_mem_ARQOS        |  out|    4|       m_axi|                      mem|       pointer|
|m_axi_mem_ARREGION     |  out|    4|       m_axi|                      mem|       pointer|
|m_axi_mem_ARUSER       |  out|    1|       m_axi|                      mem|       pointer|
|m_axi_mem_RVALID       |   in|    1|       m_axi|                      mem|       pointer|
|m_axi_mem_RREADY       |  out|    1|       m_axi|                      mem|       pointer|
|m_axi_mem_RDATA        |   in|   32|       m_axi|                      mem|       pointer|
|m_axi_mem_RLAST        |   in|    1|       m_axi|                      mem|       pointer|
|m_axi_mem_RID          |   in|    1|       m_axi|                      mem|       pointer|
|m_axi_mem_RUSER        |   in|    1|       m_axi|                      mem|       pointer|
|m_axi_mem_RRESP        |   in|    2|       m_axi|                      mem|       pointer|
|m_axi_mem_BVALID       |   in|    1|       m_axi|                      mem|       pointer|
|m_axi_mem_BREADY       |  out|    1|       m_axi|                      mem|       pointer|
|m_axi_mem_BRESP        |   in|    2|       m_axi|                      mem|       pointer|
|m_axi_mem_BID          |   in|    1|       m_axi|                      mem|       pointer|
|m_axi_mem_BUSER        |   in|    1|       m_axi|                      mem|       pointer|
+-----------------------+-----+-----+------------+-------------------------+--------------+

