

================================================================
== Vitis HLS Report for 'fiat_25519_carry_square_Pipeline_VITIS_LOOP_68_9'
================================================================
* Date:           Fri May 10 12:37:20 2024

* Version:        2023.1.1 (Build 3869133 on Jun 15 2023)
* Project:        D3
* Solution:       comb_16 (Vivado IP Flow Target)
* Product family: zynquplus
* Target device:  xczu9eg-ffvb1156-2-e


================================================================
== Performance Estimates
================================================================
+ Timing: 
    * Summary: 
    +--------+----------+----------+------------+
    |  Clock |  Target  | Estimated| Uncertainty|
    +--------+----------+----------+------------+
    |ap_clk  |  10.00 ns|  2.331 ns|     2.70 ns|
    +--------+----------+----------+------------+

+ Latency: 
    * Summary: 
    +---------+---------+-----------+-----------+-----+-----+---------+
    |  Latency (cycles) |   Latency (absolute)  |  Interval | Pipeline|
    |   min   |   max   |    min    |    max    | min | max |   Type  |
    +---------+---------+-----------+-----------+-----+-----+---------+
    |        8|        8|  80.000 ns|  80.000 ns|    8|    8|       no|
    +---------+---------+-----------+-----------+-----+-----+---------+

    + Detail: 
        * Instance: 
        N/A

        * Loop: 
        +-------------------+---------+---------+----------+-----------+-----------+------+----------+
        |                   |  Latency (cycles) | Iteration|  Initiation Interval  | Trip |          |
        |     Loop Name     |   min   |   max   |  Latency |  achieved |   target  | Count| Pipelined|
        +-------------------+---------+---------+----------+-----------+-----------+------+----------+
        |- VITIS_LOOP_68_9  |        6|        6|         1|          1|          1|     6|       yes|
        +-------------------+---------+---------+----------+-----------+-----------+------+----------+



================================================================
== Utilization Estimates
================================================================
* Summary: 
+-----------------+---------+------+--------+--------+-----+
|       Name      | BRAM_18K|  DSP |   FF   |   LUT  | URAM|
+-----------------+---------+------+--------+--------+-----+
|DSP              |        -|     -|       -|       -|    -|
|Expression       |        -|     -|       0|    1370|    -|
|FIFO             |        -|     -|       -|       -|    -|
|Instance         |        -|     -|       -|       -|    -|
|Memory           |        -|     -|       -|       -|    -|
|Multiplexer      |        -|     -|       -|      90|    -|
|Register         |        -|     -|     454|       -|    -|
+-----------------+---------+------+--------+--------+-----+
|Total            |        0|     0|     454|    1460|    0|
+-----------------+---------+------+--------+--------+-----+
|Available        |     1824|  2520|  548160|  274080|    0|
+-----------------+---------+------+--------+--------+-----+
|Utilization (%)  |        0|     0|      ~0|      ~0|    0|
+-----------------+---------+------+--------+--------+-----+

+ Detail: 
    * Instance: 
    N/A

    * DSP: 
    N/A

    * Memory: 
    N/A

    * FIFO: 
    N/A

    * Expression: 
    +-----------------------+----------+----+---+----+------------+------------+
    |     Variable Name     | Operation| DSP| FF| LUT| Bitwidth P0| Bitwidth P1|
    +-----------------------+----------+----+---+----+------------+------------+
    |add_ln100_1_fu_399_p2  |         +|   0|  0|  71|          64|          64|
    |add_ln100_2_fu_403_p2  |         +|   0|  0|  64|          64|          64|
    |add_ln100_3_fu_409_p2  |         +|   0|  0|  64|          64|          64|
    |add_ln100_fu_395_p2    |         +|   0|  0|  71|          64|          64|
    |add_ln106_1_fu_501_p2  |         +|   0|  0|  71|          64|          64|
    |add_ln106_2_fu_505_p2  |         +|   0|  0|  64|          64|          64|
    |add_ln106_3_fu_511_p2  |         +|   0|  0|  64|          64|          64|
    |add_ln106_fu_497_p2    |         +|   0|  0|  71|          64|          64|
    |add_ln78_1_fu_525_p2   |         +|   0|  0|  64|          64|          64|
    |add_ln78_fu_529_p2     |         +|   0|  0|  64|          64|          64|
    |add_ln83_1_fu_478_p2   |         +|   0|  0|  64|          64|          64|
    |add_ln83_2_fu_483_p2   |         +|   0|  0|  64|          64|          64|
    |add_ln83_fu_474_p2     |         +|   0|  0|  71|          64|          64|
    |add_ln89_1_fu_450_p2   |         +|   0|  0|  71|          64|          64|
    |add_ln89_2_fu_454_p2   |         +|   0|  0|  64|          64|          64|
    |add_ln89_3_fu_460_p2   |         +|   0|  0|  64|          64|          64|
    |add_ln89_fu_446_p2     |         +|   0|  0|  71|          64|          64|
    |add_ln94_1_fu_427_p2   |         +|   0|  0|  64|          64|          64|
    |add_ln94_2_fu_432_p2   |         +|   0|  0|  64|          64|          64|
    |add_ln94_fu_423_p2     |         +|   0|  0|  71|          64|          64|
    |i_2_fu_386_p2          |         +|   0|  0|  10|           3|           1|
    |ap_condition_366       |       and|   0|  0|   2|           1|           1|
    |ap_condition_370       |       and|   0|  0|   2|           1|           1|
    |ap_condition_373       |       and|   0|  0|   2|           1|           1|
    |ap_condition_376       |       and|   0|  0|   2|           1|           1|
    |ap_condition_379       |       and|   0|  0|   2|           1|           1|
    |ap_condition_382       |       and|   0|  0|   2|           1|           1|
    |icmp_ln68_fu_380_p2    |      icmp|   0|  0|  10|           3|           3|
    |ap_enable_pp0          |       xor|   0|  0|   2|           1|           2|
    +-----------------------+----------+----+---+----+------------+------------+
    |Total                  |          |   0|  0|1370|        1293|        1292|
    +-----------------------+----------+----+---+----+------------+------------+

    * Multiplexer: 
    +-------------------------+----+-----------+-----+-----------+
    |           Name          | LUT| Input Size| Bits| Total Bits|
    +-------------------------+----+-----------+-----+-----------+
    |add21319_fu_108          |   9|          2|   64|        128|
    |add23914_fu_128          |   9|          2|   64|        128|
    |add27412_fu_124          |   9|          2|   64|        128|
    |add30110_fu_120          |   9|          2|   64|        128|
    |add3378_fu_116           |   9|          2|   64|        128|
    |add3716_fu_112           |   9|          2|   64|        128|
    |ap_done_int              |   9|          2|    1|          2|
    |ap_enable_reg_pp0_iter1  |   9|          2|    1|          2|
    |empty_fu_104             |   9|          2|   64|        128|
    |i_fu_100                 |   9|          2|    3|          6|
    +-------------------------+----+-----------+-----+-----------+
    |Total                    |  90|         20|  453|        906|
    +-------------------------+----+-----------+-----+-----------+

    * Register: 
    +-------------------------+----+----+-----+-----------+
    |           Name          | FF | LUT| Bits| Const Bits|
    +-------------------------+----+----+-----+-----------+
    |add21319_fu_108          |  64|   0|   64|          0|
    |add23914_fu_128          |  64|   0|   64|          0|
    |add27412_fu_124          |  64|   0|   64|          0|
    |add30110_fu_120          |  64|   0|   64|          0|
    |add3378_fu_116           |  64|   0|   64|          0|
    |add3716_fu_112           |  64|   0|   64|          0|
    |ap_CS_fsm                |   1|   0|    1|          0|
    |ap_done_reg              |   1|   0|    1|          0|
    |ap_enable_reg_pp0_iter1  |   1|   0|    1|          0|
    |empty_fu_104             |  64|   0|   64|          0|
    |i_fu_100                 |   3|   0|    3|          0|
    +-------------------------+----+----+-----+-----------+
    |Total                    | 454|   0|  454|          0|
    +-------------------------+----+----+-----+-----------+



================================================================
== Interface
================================================================
* Summary: 
+---------------------+-----+-----+------------+--------------------------------------------------+--------------+
|      RTL Ports      | Dir | Bits|  Protocol  |                   Source Object                  |    C Type    |
+---------------------+-----+-----+------------+--------------------------------------------------+--------------+
|ap_clk               |   in|    1|  ap_ctrl_hs|  fiat_25519_carry_square_Pipeline_VITIS_LOOP_68_9|  return value|
|ap_rst               |   in|    1|  ap_ctrl_hs|  fiat_25519_carry_square_Pipeline_VITIS_LOOP_68_9|  return value|
|ap_start             |   in|    1|  ap_ctrl_hs|  fiat_25519_carry_square_Pipeline_VITIS_LOOP_68_9|  return value|
|ap_done              |  out|    1|  ap_ctrl_hs|  fiat_25519_carry_square_Pipeline_VITIS_LOOP_68_9|  return value|
|ap_idle              |  out|    1|  ap_ctrl_hs|  fiat_25519_carry_square_Pipeline_VITIS_LOOP_68_9|  return value|
|ap_ready             |  out|    1|  ap_ctrl_hs|  fiat_25519_carry_square_Pipeline_VITIS_LOOP_68_9|  return value|
|arr_2_load_6         |   in|   64|     ap_none|                                      arr_2_load_6|        scalar|
|arr_load_6           |   in|   64|     ap_none|                                        arr_load_6|        scalar|
|arr_1_load_6         |   in|   64|     ap_none|                                      arr_1_load_6|        scalar|
|arr_2_load_5         |   in|   64|     ap_none|                                      arr_2_load_5|        scalar|
|arr_1_load_5         |   in|   64|     ap_none|                                      arr_1_load_5|        scalar|
|add118_113_reload    |   in|   64|     ap_none|                                 add118_113_reload|        scalar|
|mul202               |   in|   64|     ap_none|                                            mul202|        scalar|
|mul211               |   in|   64|     ap_none|                                            mul211|        scalar|
|mul229               |   in|   64|     ap_none|                                            mul229|        scalar|
|mul237               |   in|   64|     ap_none|                                            mul237|        scalar|
|mul221               |   in|   64|     ap_none|                                            mul221|        scalar|
|mul254               |   in|   64|     ap_none|                                            mul254|        scalar|
|mul262               |   in|   64|     ap_none|                                            mul262|        scalar|
|mul4                 |   in|   64|     ap_none|                                              mul4|        scalar|
|mul246               |   in|   64|     ap_none|                                            mul246|        scalar|
|mul5                 |   in|   64|     ap_none|                                              mul5|        scalar|
|mul290               |   in|   64|     ap_none|                                            mul290|        scalar|
|mul299               |   in|   64|     ap_none|                                            mul299|        scalar|
|mul318               |   in|   64|     ap_none|                                            mul318|        scalar|
|mul325               |   in|   64|     ap_none|                                            mul325|        scalar|
|mul7                 |   in|   64|     ap_none|                                              mul7|        scalar|
|mul6                 |   in|   64|     ap_none|                                              mul6|        scalar|
|mul353               |   in|   64|     ap_none|                                            mul353|        scalar|
|mul360               |   in|   64|     ap_none|                                            mul360|        scalar|
|mul369               |   in|   64|     ap_none|                                            mul369|        scalar|
|mul344               |   in|   64|     ap_none|                                            mul344|        scalar|
|add23914_out         |  out|   64|      ap_vld|                                      add23914_out|       pointer|
|add23914_out_ap_vld  |  out|    1|      ap_vld|                                      add23914_out|       pointer|
|add27412_out         |  out|   64|      ap_vld|                                      add27412_out|       pointer|
|add27412_out_ap_vld  |  out|    1|      ap_vld|                                      add27412_out|       pointer|
|add30110_out         |  out|   64|      ap_vld|                                      add30110_out|       pointer|
|add30110_out_ap_vld  |  out|    1|      ap_vld|                                      add30110_out|       pointer|
|add3378_out          |  out|   64|      ap_vld|                                       add3378_out|       pointer|
|add3378_out_ap_vld   |  out|    1|      ap_vld|                                       add3378_out|       pointer|
|add3716_out          |  out|   64|      ap_vld|                                       add3716_out|       pointer|
|add3716_out_ap_vld   |  out|    1|      ap_vld|                                       add3716_out|       pointer|
|add21319_out         |  out|   64|      ap_vld|                                      add21319_out|       pointer|
|add21319_out_ap_vld  |  out|    1|      ap_vld|                                      add21319_out|       pointer|
|p_out                |  out|   64|      ap_vld|                                             p_out|       pointer|
|p_out_ap_vld         |  out|    1|      ap_vld|                                             p_out|       pointer|
+---------------------+-----+-----+------------+--------------------------------------------------+--------------+

