

================================================================
== Vitis HLS Report for 'fiat_25519_carry_square'
================================================================
* Date:           Fri May 10 12:37:21 2024

* Version:        2023.1.1 (Build 3869133 on Jun 15 2023)
* Project:        D3
* Solution:       comb_16 (Vivado IP Flow Target)
* Product family: zynquplus
* Target device:  xczu9eg-ffvb1156-2-e


================================================================
== Performance Estimates
================================================================
+ Timing: 
    * Summary: 
    +--------+----------+----------+------------+
    |  Clock |  Target  | Estimated| Uncertainty|
    +--------+----------+----------+------------+
    |ap_clk  |  10.00 ns|  7.300 ns|     2.70 ns|
    +--------+----------+----------+------------+

+ Latency: 
    * Summary: 
    +---------+---------+----------+----------+-----+-----+---------+
    |  Latency (cycles) |  Latency (absolute) |  Interval | Pipeline|
    |   min   |   max   |    min   |    max   | min | max |   Type  |
    +---------+---------+----------+----------+-----+-----+---------+
    |       75|       75|  0.750 us|  0.750 us|   76|   76|       no|
    +---------+---------+----------+----------+-----+-----+---------+

    + Detail: 
        * Instance: 
        +-------------------------------------------------------------+--------------------------------------------------+---------+---------+-----------+-----------+-----+-----+---------+
        |                                                             |                                                  |  Latency (cycles) |   Latency (absolute)  |  Interval | Pipeline|
        |                           Instance                          |                      Module                      |   min   |   max   |    min    |    max    | min | max |   Type  |
        +-------------------------------------------------------------+--------------------------------------------------+---------+---------+-----------+-----------+-----+-----+---------+
        |grp_fiat_25519_carry_square_Pipeline_1_fu_443                |fiat_25519_carry_square_Pipeline_1                |       12|       12|   0.120 us|   0.120 us|   12|   12|       no|
        |grp_fiat_25519_carry_square_Pipeline_ARRAY_1_READ_fu_450     |fiat_25519_carry_square_Pipeline_ARRAY_1_READ     |       12|       12|   0.120 us|   0.120 us|   12|   12|       no|
        |grp_fiat_25519_carry_square_Pipeline_VITIS_LOOP_34_3_fu_467  |fiat_25519_carry_square_Pipeline_VITIS_LOOP_34_3  |        4|        4|  40.000 ns|  40.000 ns|    4|    4|       no|
        |grp_fiat_25519_carry_square_Pipeline_VITIS_LOOP_54_7_fu_481  |fiat_25519_carry_square_Pipeline_VITIS_LOOP_54_7  |        4|        4|  40.000 ns|  40.000 ns|    4|    4|       no|
        |grp_fiat_25519_carry_square_Pipeline_VITIS_LOOP_68_9_fu_507  |fiat_25519_carry_square_Pipeline_VITIS_LOOP_68_9  |        8|        8|  80.000 ns|  80.000 ns|    8|    8|       no|
        |grp_fiat_25519_carry_square_Pipeline_ARRAY_WRITE_fu_549      |fiat_25519_carry_square_Pipeline_ARRAY_WRITE      |       13|       13|   0.130 us|   0.130 us|   13|   13|       no|
        +-------------------------------------------------------------+--------------------------------------------------+---------+---------+-----------+-----------+-----+-----+---------+

        * Loop: 
        N/A



================================================================
== Utilization Estimates
================================================================
* Summary: 
+-----------------+---------+------+--------+--------+-----+
|       Name      | BRAM_18K|  DSP |   FF   |   LUT  | URAM|
+-----------------+---------+------+--------+--------+-----+
|DSP              |        -|     -|       -|       -|    -|
|Expression       |        -|     -|       0|    2061|    -|
|FIFO             |        -|     -|       -|       -|    -|
|Instance         |        4|   148|    2155|    5030|    0|
|Memory           |        0|     -|     438|      17|    0|
|Multiplexer      |        -|     -|       -|    1249|    -|
|Register         |        -|     -|    2895|       -|    -|
+-----------------+---------+------+--------+--------+-----+
|Total            |        4|   148|    5488|    8357|    0|
+-----------------+---------+------+--------+--------+-----+
|Available        |     1824|  2520|  548160|  274080|    0|
+-----------------+---------+------+--------+--------+-----+
|Utilization (%)  |       ~0|     5|       1|       3|    0|
+-----------------+---------+------+--------+--------+-----+

+ Detail: 
    * Instance: 
    +-------------------------------------------------------------+--------------------------------------------------+---------+----+-----+------+-----+
    |                           Instance                          |                      Module                      | BRAM_18K| DSP|  FF |  LUT | URAM|
    +-------------------------------------------------------------+--------------------------------------------------+---------+----+-----+------+-----+
    |control_s_axi_U                                              |control_s_axi                                     |        0|   0|  176|   296|    0|
    |grp_fiat_25519_carry_square_Pipeline_1_fu_443                |fiat_25519_carry_square_Pipeline_1                |        0|   0|   18|   130|    0|
    |grp_fiat_25519_carry_square_Pipeline_ARRAY_1_READ_fu_450     |fiat_25519_carry_square_Pipeline_ARRAY_1_READ     |        0|   0|  331|    73|    0|
    |grp_fiat_25519_carry_square_Pipeline_ARRAY_WRITE_fu_549      |fiat_25519_carry_square_Pipeline_ARRAY_WRITE      |        0|   0|   37|    73|    0|
    |grp_fiat_25519_carry_square_Pipeline_VITIS_LOOP_34_3_fu_467  |fiat_25519_carry_square_Pipeline_VITIS_LOOP_34_3  |        0|  12|   47|   489|    0|
    |grp_fiat_25519_carry_square_Pipeline_VITIS_LOOP_54_7_fu_481  |fiat_25519_carry_square_Pipeline_VITIS_LOOP_54_7  |        0|  32|  262|  1248|    0|
    |grp_fiat_25519_carry_square_Pipeline_VITIS_LOOP_68_9_fu_507  |fiat_25519_carry_square_Pipeline_VITIS_LOOP_68_9  |        0|   0|  454|  1460|    0|
    |mem_m_axi_U                                                  |mem_m_axi                                         |        4|   0|  830|   694|    0|
    |mul_32ns_32ns_63_1_1_U101                                    |mul_32ns_32ns_63_1_1                              |        0|   4|    0|    20|    0|
    |mul_32ns_32ns_63_1_1_U102                                    |mul_32ns_32ns_63_1_1                              |        0|   4|    0|    20|    0|
    |mul_32ns_32ns_63_1_1_U103                                    |mul_32ns_32ns_63_1_1                              |        0|   4|    0|    20|    0|
    |mul_32ns_32ns_63_1_1_U104                                    |mul_32ns_32ns_63_1_1                              |        0|   4|    0|    20|    0|
    |mul_32ns_32ns_64_1_1_U105                                    |mul_32ns_32ns_64_1_1                              |        0|   4|    0|    20|    0|
    |mul_32ns_32ns_64_1_1_U106                                    |mul_32ns_32ns_64_1_1                              |        0|   4|    0|    20|    0|
    |mul_32ns_32ns_64_1_1_U107                                    |mul_32ns_32ns_64_1_1                              |        0|   4|    0|    20|    0|
    |mul_32ns_32ns_64_1_1_U108                                    |mul_32ns_32ns_64_1_1                              |        0|   4|    0|    20|    0|
    |mul_32ns_32ns_64_1_1_U109                                    |mul_32ns_32ns_64_1_1                              |        0|   4|    0|    20|    0|
    |mul_32ns_32ns_64_1_1_U110                                    |mul_32ns_32ns_64_1_1                              |        0|   4|    0|    20|    0|
    |mul_32ns_32ns_64_1_1_U111                                    |mul_32ns_32ns_64_1_1                              |        0|   4|    0|    20|    0|
    |mul_32ns_32ns_64_1_1_U112                                    |mul_32ns_32ns_64_1_1                              |        0|   4|    0|    20|    0|
    |mul_32ns_32ns_64_1_1_U113                                    |mul_32ns_32ns_64_1_1                              |        0|   4|    0|    20|    0|
    |mul_32ns_32ns_64_1_1_U114                                    |mul_32ns_32ns_64_1_1                              |        0|   4|    0|    20|    0|
    |mul_32ns_32ns_64_1_1_U115                                    |mul_32ns_32ns_64_1_1                              |        0|   4|    0|    20|    0|
    |mul_32ns_32ns_64_1_1_U116                                    |mul_32ns_32ns_64_1_1                              |        0|   4|    0|    20|    0|
    |mul_32ns_32ns_64_1_1_U117                                    |mul_32ns_32ns_64_1_1                              |        0|   4|    0|    20|    0|
    |mul_32ns_32ns_64_1_1_U118                                    |mul_32ns_32ns_64_1_1                              |        0|   4|    0|    20|    0|
    |mul_32ns_32ns_64_1_1_U119                                    |mul_32ns_32ns_64_1_1                              |        0|   4|    0|    20|    0|
    |mul_32ns_32ns_64_1_1_U120                                    |mul_32ns_32ns_64_1_1                              |        0|   4|    0|    20|    0|
    |mul_32ns_32ns_64_1_1_U121                                    |mul_32ns_32ns_64_1_1                              |        0|   4|    0|    20|    0|
    |mul_32ns_32ns_64_1_1_U122                                    |mul_32ns_32ns_64_1_1                              |        0|   4|    0|    20|    0|
    |mul_32ns_32ns_64_1_1_U123                                    |mul_32ns_32ns_64_1_1                              |        0|   4|    0|    20|    0|
    |mul_32ns_32ns_64_1_1_U124                                    |mul_32ns_32ns_64_1_1                              |        0|   4|    0|    20|    0|
    |mul_32s_6ns_32_1_1_U126                                      |mul_32s_6ns_32_1_1                                |        0|   2|    0|    20|    0|
    |mul_32s_7ns_32_1_1_U125                                      |mul_32s_7ns_32_1_1                                |        0|   2|    0|    20|    0|
    |mul_32s_7ns_32_1_1_U127                                      |mul_32s_7ns_32_1_1                                |        0|   2|    0|    20|    0|
    |mul_39ns_6ns_44_1_1_U128                                     |mul_39ns_6ns_44_1_1                               |        0|   2|    0|    27|    0|
    +-------------------------------------------------------------+--------------------------------------------------+---------+----+-----+------+-----+
    |Total                                                        |                                                  |        4| 148| 2155|  5030|    0|
    +-------------------------------------------------------------+--------------------------------------------------+---------+----+-----+------+-----+

    * DSP: 
    N/A

    * Memory: 
    +----------+----------------------+---------+-----+----+-----+------+-----+------+-------------+
    |  Memory  |        Module        | BRAM_18K|  FF | LUT| URAM| Words| Bits| Banks| W*Bits*Banks|
    +----------+----------------------+---------+-----+----+-----+------+-----+------+-------------+
    |arr_U     |arr_RAM_AUTO_1R1W     |        0|  128|   4|    0|     4|   64|     1|          256|
    |arr_1_U   |arr_RAM_AUTO_1R1W     |        0|  128|   4|    0|     4|   64|     1|          256|
    |arr_2_U   |arr_RAM_AUTO_1R1W     |        0|  128|   4|    0|     4|   64|     1|          256|
    |out1_w_U  |out1_w_RAM_AUTO_1R1W  |        0|   54|   5|    0|    10|   27|     1|          270|
    +----------+----------------------+---------+-----+----+-----+------+-----+------+-------------+
    |Total     |                      |        0|  438|  17|    0|    22|  219|     4|         1038|
    +----------+----------------------+---------+-----+----+-----+------+-----+------+-------------+

    * FIFO: 
    N/A

    * Expression: 
    +----------------------------------+----------+----+---+----+------------+------------+
    |           Variable Name          | Operation| DSP| FF| LUT| Bitwidth P0| Bitwidth P1|
    +----------------------------------+----------+----+---+----+------------+------------+
    |add_ln113_1_fu_1266_p2            |         +|   0|  0|  71|          64|          64|
    |add_ln113_2_fu_1300_p2            |         +|   0|  0|  71|          64|          64|
    |add_ln113_3_fu_1374_p2            |         +|   0|  0|  71|          64|          64|
    |add_ln113_4_fu_1408_p2            |         +|   0|  0|  71|          64|          64|
    |add_ln113_5_fu_1442_p2            |         +|   0|  0|  71|          64|          64|
    |add_ln113_6_fu_1476_p2            |         +|   0|  0|  71|          64|          64|
    |add_ln113_7_fu_1510_p2            |         +|   0|  0|  71|          64|          64|
    |add_ln113_8_fu_1540_p2            |         +|   0|  0|  71|          64|          64|
    |add_ln113_9_fu_1607_p2            |         +|   0|  0|  33|          26|          26|
    |add_ln113_fu_1232_p2              |         +|   0|  0|  71|          64|          64|
    |add_ln114_1_fu_1644_p2            |         +|   0|  0|  32|          25|          25|
    |add_ln114_2_fu_1326_p2            |         +|   0|  0|  32|          25|          25|
    |add_ln114_fu_1620_p2              |         +|   0|  0|  51|          44|          44|
    |add_ln115_1_fu_1677_p2            |         +|   0|  0|  34|          27|          27|
    |add_ln115_2_fu_1332_p2            |         +|   0|  0|  33|          26|          26|
    |add_ln115_fu_1657_p2              |         +|   0|  0|  33|          26|          26|
    |add_ln116_fu_1338_p2              |         +|   0|  0|  32|          25|          25|
    |add_ln117_fu_1555_p2              |         +|   0|  0|  33|          26|          26|
    |add_ln118_fu_1560_p2              |         +|   0|  0|  32|          25|          25|
    |add_ln119_fu_1566_p2              |         +|   0|  0|  33|          26|          26|
    |add_ln120_fu_1572_p2              |         +|   0|  0|  32|          25|          25|
    |add_ln121_fu_1578_p2              |         +|   0|  0|  33|          26|          26|
    |add_ln122_1_fu_1584_p2            |         +|   0|  0|  32|          25|          25|
    |add_ln122_fu_1589_p2              |         +|   0|  0|  25|          25|          25|
    |add_ln30_1_fu_792_p2              |         +|   0|  0|  71|          64|          64|
    |add_ln30_2_fu_883_p2              |         +|   0|  0|  71|          64|          64|
    |add_ln30_3_fu_890_p2              |         +|   0|  0|  71|          64|          64|
    |add_ln30_4_fu_897_p2              |         +|   0|  0|  71|          64|          64|
    |add_ln30_5_fu_904_p2              |         +|   0|  0|  71|          64|          64|
    |add_ln30_6_fu_911_p2              |         +|   0|  0|  71|          64|          64|
    |add_ln30_7_fu_918_p2              |         +|   0|  0|  71|          64|          64|
    |add_ln30_fu_767_p2                |         +|   0|  0|  71|          64|          64|
    |add_ln50_1_fu_1027_p2             |         +|   0|  0|  64|          64|          64|
    |add_ln50_2_fu_1033_p2             |         +|   0|  0|  64|          64|          64|
    |add_ln50_3_fu_1047_p2             |         +|   0|  0|  64|          64|          64|
    |add_ln50_4_fu_1057_p2             |         +|   0|  0|  64|          64|          64|
    |add_ln50_5_fu_1344_p2             |         +|   0|  0|  25|          25|          25|
    |add_ln50_fu_1021_p2               |         +|   0|  0|  71|          64|          64|
    |ap_block_state11_on_subcall_done  |        or|   0|  0|   2|           1|           1|
    +----------------------------------+----------+----+---+----+------------+------------+
    |Total                             |          |   0|  0|2061|        1836|        1836|
    +----------------------------------+----------+----+---+----+------------+------------+

    * Multiplexer: 
    +-----------------+-----+-----------+-----+-----------+
    |       Name      | LUT | Input Size| Bits| Total Bits|
    +-----------------+-----+-----------+-----+-----------+
    |ap_NS_fsm        |  162|         36|    1|         36|
    |arr_1_address0   |   37|          7|    2|         14|
    |arr_1_address1   |   31|          6|    2|         12|
    |arr_1_ce0        |   20|          4|    1|          4|
    |arr_1_ce1        |   14|          3|    1|          3|
    |arr_1_d0         |   31|          6|   64|        384|
    |arr_1_d1         |   20|          4|   64|        256|
    |arr_1_we0        |   20|          4|    1|          4|
    |arr_2_address0   |   31|          6|    2|         12|
    |arr_2_address1   |   31|          6|    2|         12|
    |arr_2_ce0        |   20|          4|    1|          4|
    |arr_2_ce1        |   14|          3|    1|          3|
    |arr_2_d0         |   31|          6|   64|        384|
    |arr_2_d1         |   20|          4|   64|        256|
    |arr_2_we0        |   20|          4|    1|          4|
    |arr_address0     |   37|          7|    2|         14|
    |arr_address1     |   43|          8|    2|         16|
    |arr_ce0          |   20|          4|    1|          4|
    |arr_ce1          |   14|          3|    1|          3|
    |arr_d0           |   31|          6|   64|        384|
    |arr_d1           |   20|          4|   64|        256|
    |arr_we0          |   20|          4|    1|          4|
    |grp_fu_557_p0    |   20|          4|   32|        128|
    |grp_fu_557_p1    |   20|          4|   32|        128|
    |grp_fu_561_p0    |   14|          3|   32|         96|
    |grp_fu_561_p1    |   14|          3|   32|         96|
    |grp_fu_565_p0    |   14|          3|   32|         96|
    |grp_fu_565_p1    |   14|          3|   32|         96|
    |grp_fu_573_p0    |   26|          5|   32|        160|
    |grp_fu_573_p1    |   26|          5|   32|        160|
    |grp_fu_577_p0    |   14|          3|   32|         96|
    |grp_fu_577_p1    |   14|          3|   32|         96|
    |grp_fu_581_p0    |   14|          3|   32|         96|
    |grp_fu_581_p1    |   14|          3|   32|         96|
    |grp_fu_585_p0    |   14|          3|   32|         96|
    |grp_fu_585_p1    |   14|          3|   32|         96|
    |grp_fu_668_p0    |   20|          4|   32|        128|
    |grp_fu_668_p1    |   14|          3|    7|         21|
    |mem_ARADDR       |   14|          3|   64|        192|
    |mem_ARLEN        |   14|          3|   32|         96|
    |mem_ARVALID      |   14|          3|    1|          3|
    |mem_AWADDR       |   14|          3|   64|        192|
    |mem_AWLEN        |   14|          3|   32|         96|
    |mem_AWVALID      |   14|          3|    1|          3|
    |mem_BREADY       |   14|          3|    1|          3|
    |mem_RREADY       |    9|          2|    1|          2|
    |mem_WVALID       |    9|          2|    1|          2|
    |mem_blk_n_AR     |    9|          2|    1|          2|
    |mem_blk_n_AW     |    9|          2|    1|          2|
    |mem_blk_n_B      |    9|          2|    1|          2|
    |out1_w_address0  |   37|          7|    4|         28|
    |out1_w_address1  |   31|          6|    4|         24|
    |out1_w_ce0       |   14|          3|    1|          3|
    |out1_w_d0        |   31|          6|   27|        162|
    |out1_w_d1        |   31|          6|   27|        162|
    |reg_706          |    9|          2|   64|        128|
    +-----------------+-----+-----------+-----+-----------+
    |Total            | 1249|        255| 1220|       4856|
    +-----------------+-----+-----------+-----+-----------+

    * Register: 
    +--------------------------------------------------------------------------+----+----+-----+-----------+
    |                                   Name                                   | FF | LUT| Bits| Const Bits|
    +--------------------------------------------------------------------------+----+----+-----+-----------+
    |add_ln114_2_reg_2207                                                      |  25|   0|   25|          0|
    |add_ln115_2_reg_2213                                                      |  26|   0|   26|          0|
    |add_ln116_reg_2218                                                        |  25|   0|   25|          0|
    |add_ln117_reg_2228                                                        |  26|   0|   26|          0|
    |add_ln118_reg_2233                                                        |  25|   0|   25|          0|
    |add_ln119_reg_2238                                                        |  26|   0|   26|          0|
    |add_ln120_reg_2243                                                        |  25|   0|   25|          0|
    |add_ln121_reg_2248                                                        |  26|   0|   26|          0|
    |add_ln122_reg_2253                                                        |  25|   0|   25|          0|
    |add_ln50_4_reg_2072                                                       |  64|   0|   64|          0|
    |ap_CS_fsm                                                                 |  35|   0|   35|          0|
    |arr_1_load_5_reg_2175                                                     |  64|   0|   64|          0|
    |arr_2_load_5_reg_2180                                                     |  64|   0|   64|          0|
    |arr_load_4_reg_2035                                                       |  64|   0|   64|          0|
    |conv17_reg_1903                                                           |  32|   0|   64|         32|
    |empty_27_reg_1961                                                         |  31|   0|   31|          0|
    |empty_28_reg_1975                                                         |  31|   0|   31|          0|
    |empty_29_reg_1898                                                         |  31|   0|   31|          0|
    |grp_fiat_25519_carry_square_Pipeline_1_fu_443_ap_start_reg                |   1|   0|    1|          0|
    |grp_fiat_25519_carry_square_Pipeline_ARRAY_1_READ_fu_450_ap_start_reg     |   1|   0|    1|          0|
    |grp_fiat_25519_carry_square_Pipeline_ARRAY_WRITE_fu_549_ap_start_reg      |   1|   0|    1|          0|
    |grp_fiat_25519_carry_square_Pipeline_VITIS_LOOP_34_3_fu_467_ap_start_reg  |   1|   0|    1|          0|
    |grp_fiat_25519_carry_square_Pipeline_VITIS_LOOP_54_7_fu_481_ap_start_reg  |   1|   0|    1|          0|
    |grp_fiat_25519_carry_square_Pipeline_VITIS_LOOP_68_9_fu_507_ap_start_reg  |   1|   0|    1|          0|
    |lshr_ln113_3_reg_2197                                                     |  39|   0|   39|          0|
    |mul157_reg_2022                                                           |  64|   0|   64|          0|
    |mul202_reg_2080                                                           |  64|   0|   64|          0|
    |mul211_reg_2017                                                           |  64|   0|   64|          0|
    |mul221_reg_2085                                                           |  64|   0|   64|          0|
    |mul229_reg_2090                                                           |  64|   0|   64|          0|
    |mul237_reg_2095                                                           |  64|   0|   64|          0|
    |mul244_reg_2046                                                           |  32|   0|   32|          0|
    |mul246_reg_2100                                                           |  64|   0|   64|          0|
    |mul254_reg_2105                                                           |  64|   0|   64|          0|
    |mul262_reg_2110                                                           |  64|   0|   64|          0|
    |mul290_reg_2125                                                           |  64|   0|   64|          0|
    |mul299_reg_2130                                                           |  64|   0|   64|          0|
    |mul316_reg_2052                                                           |  32|   0|   32|          0|
    |mul318_reg_2140                                                           |  64|   0|   64|          0|
    |mul325_reg_2145                                                           |  64|   0|   64|          0|
    |mul344_reg_2155                                                           |  64|   0|   64|          0|
    |mul353_reg_2160                                                           |  64|   0|   64|          0|
    |mul360_reg_2165                                                           |  64|   0|   64|          0|
    |mul369_reg_2170                                                           |  64|   0|   64|          0|
    |mul4_reg_2115                                                             |  63|   0|   64|          1|
    |mul5_reg_2120                                                             |  63|   0|   64|          1|
    |mul6_reg_2135                                                             |  63|   0|   64|          1|
    |mul7_reg_2150                                                             |  63|   0|   64|          1|
    |reg_689                                                                   |  32|   0|   32|          0|
    |reg_694                                                                   |  64|   0|   64|          0|
    |reg_700                                                                   |  64|   0|   64|          0|
    |reg_706                                                                   |  64|   0|   64|          0|
    |tmp_reg_2258                                                              |   1|   0|    1|          0|
    |trunc_ln113_17_reg_2223                                                   |  39|   0|   39|          0|
    |trunc_ln113_9_reg_2202                                                    |  26|   0|   26|          0|
    |trunc_ln113_reg_2191                                                      |  26|   0|   26|          0|
    |trunc_ln17_1_reg_1848                                                     |  62|   0|   62|          0|
    |trunc_ln2_reg_1854                                                        |  62|   0|   62|          0|
    |trunc_ln50_1_reg_2012                                                     |  31|   0|   31|          0|
    |trunc_ln50_2_reg_2057                                                     |  25|   0|   25|          0|
    |trunc_ln50_3_reg_2062                                                     |  25|   0|   25|          0|
    |trunc_ln50_4_reg_2067                                                     |  25|   0|   25|          0|
    |trunc_ln50_reg_1947                                                       |  31|   0|   31|          0|
    |zext_ln30_10_reg_1986                                                     |  32|   0|   63|         31|
    |zext_ln30_11_reg_2000                                                     |  32|   0|   63|         31|
    |zext_ln30_2_reg_1980                                                      |  32|   0|   64|         32|
    |zext_ln30_4_reg_1992                                                      |  32|   0|   64|         32|
    |zext_ln30_6_reg_2005                                                      |  32|   0|   64|         32|
    |zext_ln30_8_reg_1934                                                      |  32|   0|   63|         31|
    |zext_ln30_reg_1911                                                        |  32|   0|   64|         32|
    +--------------------------------------------------------------------------+----+----+-----+-----------+
    |Total                                                                     |2895|   0| 3152|        257|
    +--------------------------------------------------------------------------+----+----+-----+-----------+



================================================================
== Interface
================================================================
* Summary: 
+-----------------------+-----+-----+------------+-------------------------+--------------+
|       RTL Ports       | Dir | Bits|  Protocol  |      Source Object      |    C Type    |
+-----------------------+-----+-----+------------+-------------------------+--------------+
|s_axi_control_AWVALID  |   in|    1|       s_axi|                  control|        scalar|
|s_axi_control_AWREADY  |  out|    1|       s_axi|                  control|        scalar|
|s_axi_control_AWADDR   |   in|    6|       s_axi|                  control|        scalar|
|s_axi_control_WVALID   |   in|    1|       s_axi|                  control|        scalar|
|s_axi_control_WREADY   |  out|    1|       s_axi|                  control|        scalar|
|s_axi_control_WDATA    |   in|   32|       s_axi|                  control|        scalar|
|s_axi_control_WSTRB    |   in|    4|       s_axi|                  control|        scalar|
|s_axi_control_ARVALID  |   in|    1|       s_axi|                  control|        scalar|
|s_axi_control_ARREADY  |  out|    1|       s_axi|                  control|        scalar|
|s_axi_control_ARADDR   |   in|    6|       s_axi|                  control|        scalar|
|s_axi_control_RVALID   |  out|    1|       s_axi|                  control|        scalar|
|s_axi_control_RREADY   |   in|    1|       s_axi|                  control|        scalar|
|s_axi_control_RDATA    |  out|   32|       s_axi|                  control|        scalar|
|s_axi_control_RRESP    |  out|    2|       s_axi|                  control|        scalar|
|s_axi_control_BVALID   |  out|    1|       s_axi|                  control|        scalar|
|s_axi_control_BREADY   |   in|    1|       s_axi|                  control|        scalar|
|s_axi_control_BRESP    |  out|    2|       s_axi|                  control|        scalar|
|ap_clk                 |   in|    1|  ap_ctrl_hs|  fiat_25519_carry_square|  return value|
|ap_rst_n               |   in|    1|  ap_ctrl_hs|  fiat_25519_carry_square|  return value|
|interrupt              |  out|    1|  ap_ctrl_hs|  fiat_25519_carry_square|  return value|
|m_axi_mem_AWVALID      |  out|    1|       m_axi|                      mem|       pointer|
|m_axi_mem_AWREADY      |   in|    1|       m_axi|                      mem|       pointer|
|m_axi_mem_AWADDR       |  out|   64|       m_axi|                      mem|       pointer|
|m_axi_mem_AWID         |  out|    1|       m_axi|                      mem|       pointer|
|m_axi_mem_AWLEN        |  out|    8|       m_axi|                      mem|       pointer|
|m_axi_mem_AWSIZE       |  out|    3|       m_axi|                      mem|       pointer|
|m_axi_mem_AWBURST      |  out|    2|       m_axi|                      mem|       pointer|
|m_axi_mem_AWLOCK       |  out|    2|       m_axi|                      mem|       pointer|
|m_axi_mem_AWCACHE      |  out|    4|       m_axi|                      mem|       pointer|
|m_axi_mem_AWPROT       |  out|    3|       m_axi|                      mem|       pointer|
|m_axi_mem_AWQOS        |  out|    4|       m_axi|                      mem|       pointer|
|m_axi_mem_AWREGION     |  out|    4|       m_axi|                      mem|       pointer|
|m_axi_mem_AWUSER       |  out|    1|       m_axi|                      mem|       pointer|
|m_axi_mem_WVALID       |  out|    1|       m_axi|                      mem|       pointer|
|m_axi_mem_WREADY       |   in|    1|       m_axi|                      mem|       pointer|
|m_axi_mem_WDATA        |  out|   32|       m_axi|                      mem|       pointer|
|m_axi_mem_WSTRB        |  out|    4|       m_axi|                      mem|       pointer|
|m_axi_mem_WLAST        |  out|    1|       m_axi|                      mem|       pointer|
|m_axi_mem_WID          |  out|    1|       m_axi|                      mem|       pointer|
|m_axi_mem_WUSER        |  out|    1|       m_axi|                      mem|       pointer|
|m_axi_mem_ARVALID      |  out|    1|       m_axi|                      mem|       pointer|
|m_axi_mem_ARREADY      |   in|    1|       m_axi|                      mem|       pointer|
|m_axi_mem_ARADDR       |  out|   64|       m_axi|                      mem|       pointer|
|m_axi_mem_ARID         |  out|    1|       m_axi|                      mem|       pointer|
|m_axi_mem_ARLEN        |  out|    8|       m_axi|                      mem|       pointer|
|m_axi_mem_ARSIZE       |  out|    3|       m_axi|                      mem|       pointer|
|m_axi_mem_ARBURST      |  out|    2|       m_axi|                      mem|       pointer|
|m_axi_mem_ARLOCK       |  out|    2|       m_axi|                      mem|       pointer|
|m_axi_mem_ARCACHE      |  out|    4|       m_axi|                      mem|       pointer|
|m_axi_mem_ARPROT       |  out|    3|       m_axi|                      mem|       pointer|
|m_axi_mem_ARQOS        |  out|    4|       m_axi|                      mem|       pointer|
|m_axi_mem_ARREGION     |  out|    4|       m_axi|                      mem|       pointer|
|m_axi_mem_ARUSER       |  out|    1|       m_axi|                      mem|       pointer|
|m_axi_mem_RVALID       |   in|    1|       m_axi|                      mem|       pointer|
|m_axi_mem_RREADY       |  out|    1|       m_axi|                      mem|       pointer|
|m_axi_mem_RDATA        |   in|   32|       m_axi|                      mem|       pointer|
|m_axi_mem_RLAST        |   in|    1|       m_axi|                      mem|       pointer|
|m_axi_mem_RID          |   in|    1|       m_axi|                      mem|       pointer|
|m_axi_mem_RUSER        |   in|    1|       m_axi|                      mem|       pointer|
|m_axi_mem_RRESP        |   in|    2|       m_axi|                      mem|       pointer|
|m_axi_mem_BVALID       |   in|    1|       m_axi|                      mem|       pointer|
|m_axi_mem_BREADY       |  out|    1|       m_axi|                      mem|       pointer|
|m_axi_mem_BRESP        |   in|    2|       m_axi|                      mem|       pointer|
|m_axi_mem_BID          |   in|    1|       m_axi|                      mem|       pointer|
|m_axi_mem_BUSER        |   in|    1|       m_axi|                      mem|       pointer|
+-----------------------+-----+-----+------------+-------------------------+--------------+

