

================================================================
== Synthesis Summary Report of 'test'
================================================================
+ General Information: 
    * Date:           Thu May  9 22:07:44 2024
    * Version:        2023.1.1 (Build 3869133 on Jun 15 2023)
    * Project:        D7
    * Solution:       comb_22 (Vivado IP Flow Target)
    * Product family: zynquplus
    * Target device:  xczu9eg-ffvb1156-2-e
    

+ Performance & Resource Estimates: 
    
    PS: '+' for module; 'o' for loop; '*' for dataflow
    +-------------------------------+------+------+---------+---------+----------+---------+------+----------+---------+------------+------------+------------+-----+
    |            Modules            | Issue|      | Latency | Latency | Iteration|         | Trip |          |         |            |            |            |     |
    |            & Loops            | Type | Slack| (cycles)|   (ns)  |  Latency | Interval| Count| Pipelined|  BRAM   |     DSP    |     FF     |     LUT    | URAM|
    +-------------------------------+------+------+---------+---------+----------+---------+------+----------+---------+------------+------------+------------+-----+
    |+ test                         |     -|  0.00|       63|  630.000|         -|       64|     -|        no|  8 (~0%)|  1296 (51%)|  13856 (2%)|  18653 (6%)|    -|
    | + test_Pipeline_ARRAY_1_READ  |     -|  0.00|       11|  110.000|         -|       11|     -|        no|        -|           -|   587 (~0%)|    73 (~0%)|    -|
    |  o ARRAY_1_READ               |     -|  7.30|        9|   90.000|         2|        1|     9|       yes|        -|           -|           -|           -|    -|
    | + test_Pipeline_ARRAY_2_READ  |     -|  0.00|       11|  110.000|         -|       11|     -|        no|        -|           -|   587 (~0%)|    73 (~0%)|    -|
    |  o ARRAY_2_READ               |     -|  7.30|        9|   90.000|         2|        1|     9|       yes|        -|           -|           -|           -|    -|
    | + test_Pipeline_ARRAY_WRITE   |     -|  0.00|       11|  110.000|         -|       11|     -|        no|        -|           -|    66 (~0%)|   122 (~0%)|    -|
    |  o ARRAY_WRITE                |     -|  7.30|        9|   90.000|         2|        1|     9|       yes|        -|           -|           -|           -|    -|
    +-------------------------------+------+------+---------+---------+----------+---------+------+----------+---------+------------+------------+------------+-----+


================================================================
== HW Interfaces
================================================================
* M_AXI
+-----------+------------+---------------+---------+--------+----------+-----------+--------------+--------------+-------------+-------------+-------------------+
| Interface | Data Width | Address Width | Latency | Offset | Register | Max Widen | Max Read     | Max Write    | Num Read    | Num Write   | Resource Estimate |
|           | (SW->HW)   |               |         |        |          | Bitwidth  | Burst Length | Burst Length | Outstanding | Outstanding |                   |
+-----------+------------+---------------+---------+--------+----------+-----------+--------------+--------------+-------------+-------------+-------------------+
| m_axi_mem | 64 -> 64   | 64            | 0       | slave  | 0        | 0         | 16           | 16           | 16          | 16          | BRAM=8            |
+-----------+------------+---------------+---------+--------+----------+-----------+--------------+--------------+-------------+-------------+-------------------+

* S_AXILITE Interfaces
+---------------+------------+---------------+--------+----------+
| Interface     | Data Width | Address Width | Offset | Register |
+---------------+------------+---------------+--------+----------+
| s_axi_control | 32         | 6             | 16     | 0        |
+---------------+------------+---------------+--------+----------+

* S_AXILITE Registers
+---------------+----------+--------+-------+--------+----------------------------------+----------------------------------------------------------------------+
| Interface     | Register | Offset | Width | Access | Description                      | Bit Fields                                                           |
+---------------+----------+--------+-------+--------+----------------------------------+----------------------------------------------------------------------+
| s_axi_control | CTRL     | 0x00   | 32    | RW     | Control signals                  | 0=AP_START 1=AP_DONE 2=AP_IDLE 3=AP_READY 7=AUTO_RESTART 9=INTERRUPT |
| s_axi_control | GIER     | 0x04   | 32    | RW     | Global Interrupt Enable Register | 0=Enable                                                             |
| s_axi_control | IP_IER   | 0x08   | 32    | RW     | IP Interrupt Enable Register     | 0=CHAN0_INT_EN 1=CHAN1_INT_EN                                        |
| s_axi_control | IP_ISR   | 0x0c   | 32    | RW     | IP Interrupt Status Register     | 0=CHAN0_INT_ST 1=CHAN1_INT_ST                                        |
| s_axi_control | out1_1   | 0x10   | 32    | W      | Data signal of out1              |                                                                      |
| s_axi_control | out1_2   | 0x14   | 32    | W      | Data signal of out1              |                                                                      |
| s_axi_control | arg1_1   | 0x1c   | 32    | W      | Data signal of arg1              |                                                                      |
| s_axi_control | arg1_2   | 0x20   | 32    | W      | Data signal of arg1              |                                                                      |
| s_axi_control | arg2_1   | 0x28   | 32    | W      | Data signal of arg2              |                                                                      |
| s_axi_control | arg2_2   | 0x2c   | 32    | W      | Data signal of arg2              |                                                                      |
+---------------+----------+--------+-------+--------+----------------------------------+----------------------------------------------------------------------+

* TOP LEVEL CONTROL
+-----------+------------+-----------+
| Interface | Type       | Ports     |
+-----------+------------+-----------+
| ap_clk    | clock      | ap_clk    |
| ap_rst_n  | reset      | ap_rst_n  |
| interrupt | interrupt  | interrupt |
| ap_ctrl   | ap_ctrl_hs |           |
+-----------+------------+-----------+


================================================================
== SW I/O Information
================================================================
* Top Function Arguments
+----------+-----------+--------------------+
| Argument | Direction | Datatype           |
+----------+-----------+--------------------+
| out1     | inout     | long unsigned int* |
| arg1     | inout     | long unsigned int* |
| arg2     | inout     | long unsigned int* |
+----------+-----------+--------------------+

* SW-to-HW Mapping
+----------+---------------+-----------+----------+----------------------------------+
| Argument | HW Interface  | HW Type   | HW Usage | HW Info                          |
+----------+---------------+-----------+----------+----------------------------------+
| out1     | m_axi_mem     | interface |          |                                  |
| out1     | s_axi_control | register  | offset   | name=out1_1 offset=0x10 range=32 |
| out1     | s_axi_control | register  | offset   | name=out1_2 offset=0x14 range=32 |
| arg1     | m_axi_mem     | interface |          |                                  |
| arg1     | s_axi_control | register  | offset   | name=arg1_1 offset=0x1c range=32 |
| arg1     | s_axi_control | register  | offset   | name=arg1_2 offset=0x20 range=32 |
| arg2     | m_axi_mem     | interface |          |                                  |
| arg2     | s_axi_control | register  | offset   | name=arg2_1 offset=0x28 range=32 |
| arg2     | s_axi_control | register  | offset   | name=arg2_2 offset=0x2c range=32 |
+----------+---------------+-----------+----------+----------------------------------+


================================================================
== M_AXI Burst Information
================================================================
 Note: All burst requests might be further partitioned into multiple requests during RTL generation based on max_read_burst_length or max_write_burst_length settings.

* Inferred Burst Summary
+--------------+-----------+--------+-------+--------------+---------------+
| HW Interface | Direction | Length | Width | Loop         | Loop Location |
+--------------+-----------+--------+-------+--------------+---------------+
| m_axi_mem    | read      | 9      | 64    | ARRAY_1_READ | d7.cpp:22:2   |
| m_axi_mem    | read      | 9      | 64    | ARRAY_2_READ | d7.cpp:29:2   |
| m_axi_mem    | write     | 9      | 64    | ARRAY_WRITE  | d7.cpp:91:2   |
+--------------+-----------+--------+-------+--------------+---------------+

* All M_AXI Variable Accesses
+--------------+----------+-----------------+-----------+--------------+--------+--------------+---------------+------------+-------------------------------------------------------------------------------------------------------+
| HW Interface | Variable | Access Location | Direction | Burst Status | Length | Loop         | Loop Location | Resolution | Problem                                                                                               |
+--------------+----------+-----------------+-----------+--------------+--------+--------------+---------------+------------+-------------------------------------------------------------------------------------------------------+
| m_axi_mem    | arg1     | d7.cpp:24:15    | read      | Widen Fail   |        | ARRAY_1_READ | d7.cpp:22:2   | 214-353    | Could not widen since type i64 size is greater than or equal to the max_widen_bitwidth threshold of 0 |
| m_axi_mem    | arg1     | d7.cpp:24:15    | read      | Inferred     | 9      | ARRAY_1_READ | d7.cpp:22:2   |            |                                                                                                       |
| m_axi_mem    | arg2     | d7.cpp:31:15    | read      | Widen Fail   |        | ARRAY_2_READ | d7.cpp:29:2   | 214-353    | Could not widen since type i64 size is greater than or equal to the max_widen_bitwidth threshold of 0 |
| m_axi_mem    | arg2     | d7.cpp:31:15    | read      | Inferred     | 9      | ARRAY_2_READ | d7.cpp:29:2   |            |                                                                                                       |
| m_axi_mem    | out1     | d7.cpp:93:11    | write     | Widen Fail   |        | ARRAY_WRITE  | d7.cpp:91:2   | 214-353    | Could not widen since type i64 size is greater than or equal to the max_widen_bitwidth threshold of 0 |
| m_axi_mem    | out1     | d7.cpp:93:11    | write     | Inferred     | 9      | ARRAY_WRITE  | d7.cpp:91:2   |            |                                                                                                       |
+--------------+----------+-----------------+-----------+--------------+--------+--------------+---------------+------------+-------------------------------------------------------------------------------------------------------+

    * Resolution URL: www.xilinx.com/cgi-bin/docs/rdoc?v=2023.1;t=hls+guidance;d=XXX-YYY.html (replace XXX-YYY with column value)

================================================================
== Bind Op Report
================================================================
+-------------------------------+------+--------+-------------+-----+--------+---------+
| Name                          | DSP  | Pragma | Variable    | Op  | Impl   | Latency |
+-------------------------------+------+--------+-------------+-----+--------+---------+
| + test                        | 1296 |        |             |     |        |         |
|   mul_64ns_64ns_128_1_1_U36   | 16   |        | mul_ln49    | mul | auto   | 0       |
|   mul_64ns_64ns_128_1_1_U37   | 16   |        | mul_ln49_1  | mul | auto   | 0       |
|   mul_64ns_64ns_128_1_1_U38   | 16   |        | mul_ln49_2  | mul | auto   | 0       |
|   mul_64ns_64ns_128_1_1_U39   | 16   |        | mul_ln49_3  | mul | auto   | 0       |
|   mul_64ns_64ns_128_1_1_U40   | 16   |        | mul_ln49_4  | mul | auto   | 0       |
|   mul_64ns_64ns_128_1_1_U41   | 16   |        | mul_ln49_5  | mul | auto   | 0       |
|   mul_64ns_64ns_128_1_1_U42   | 16   |        | mul_ln49_6  | mul | auto   | 0       |
|   mul_64ns_64ns_128_1_1_U43   | 16   |        | mul_ln49_7  | mul | auto   | 0       |
|   mul_64ns_64ns_128_1_1_U44   | 16   |        | mul_ln49_8  | mul | auto   | 0       |
|   mul_64ns_64ns_128_1_1_U45   | 16   |        | mul_ln49_9  | mul | auto   | 0       |
|   mul_64ns_64ns_128_1_1_U46   | 16   |        | mul_ln49_10 | mul | auto   | 0       |
|   mul_64ns_64ns_128_1_1_U47   | 16   |        | mul_ln49_11 | mul | auto   | 0       |
|   mul_64ns_64ns_128_1_1_U48   | 16   |        | mul_ln49_12 | mul | auto   | 0       |
|   mul_64ns_64ns_128_1_1_U49   | 16   |        | mul_ln49_13 | mul | auto   | 0       |
|   mul_64ns_64ns_128_1_1_U50   | 16   |        | mul_ln49_14 | mul | auto   | 0       |
|   mul_64ns_64ns_128_1_1_U51   | 16   |        | mul_ln49_15 | mul | auto   | 0       |
|   mul_64ns_64ns_128_1_1_U52   | 16   |        | mul_ln49_16 | mul | auto   | 0       |
|   mul_64ns_64ns_128_1_1_U53   | 16   |        | mul_ln49_17 | mul | auto   | 0       |
|   mul_64ns_64ns_128_1_1_U54   | 16   |        | mul_ln49_18 | mul | auto   | 0       |
|   mul_64ns_64ns_128_1_1_U55   | 16   |        | mul_ln49_19 | mul | auto   | 0       |
|   mul_64ns_64ns_128_1_1_U56   | 16   |        | mul_ln49_20 | mul | auto   | 0       |
|   mul_64ns_64ns_128_1_1_U57   | 16   |        | mul_ln49_21 | mul | auto   | 0       |
|   mul_64ns_64ns_128_1_1_U58   | 16   |        | mul_ln49_22 | mul | auto   | 0       |
|   mul_64ns_64ns_128_1_1_U59   | 16   |        | mul_ln49_23 | mul | auto   | 0       |
|   mul_64ns_64ns_128_1_1_U60   | 16   |        | mul_ln49_24 | mul | auto   | 0       |
|   mul_64ns_64ns_128_1_1_U61   | 16   |        | mul_ln49_25 | mul | auto   | 0       |
|   mul_64ns_64ns_128_1_1_U62   | 16   |        | mul_ln49_26 | mul | auto   | 0       |
|   mul_64ns_64ns_128_1_1_U63   | 16   |        | mul_ln49_27 | mul | auto   | 0       |
|   mul_64ns_64ns_128_1_1_U64   | 16   |        | mul_ln49_28 | mul | auto   | 0       |
|   mul_64ns_64ns_128_1_1_U65   | 16   |        | mul_ln49_29 | mul | auto   | 0       |
|   mul_64ns_64ns_128_1_1_U66   | 16   |        | mul_ln49_30 | mul | auto   | 0       |
|   mul_64ns_64ns_128_1_1_U67   | 16   |        | mul_ln49_31 | mul | auto   | 0       |
|   mul_64ns_64ns_128_1_1_U68   | 16   |        | mul_ln49_32 | mul | auto   | 0       |
|   mul_64ns_64ns_128_1_1_U69   | 16   |        | mul_ln49_33 | mul | auto   | 0       |
|   mul_64ns_64ns_128_1_1_U70   | 16   |        | mul_ln49_34 | mul | auto   | 0       |
|   mul_64ns_64ns_128_1_1_U71   | 16   |        | mul_ln49_35 | mul | auto   | 0       |
|   mul_64ns_64ns_128_1_1_U72   | 16   |        | mul_ln63    | mul | auto   | 0       |
|   mul_64ns_64ns_128_1_1_U73   | 16   |        | mul_ln63_1  | mul | auto   | 0       |
|   mul_64ns_64ns_128_1_1_U74   | 16   |        | mul_ln70    | mul | auto   | 0       |
|   mul_64ns_64ns_128_1_1_U75   | 16   |        | mul_ln63_2  | mul | auto   | 0       |
|   mul_64ns_64ns_128_1_1_U76   | 16   |        | mul_ln70_1  | mul | auto   | 0       |
|   mul_64ns_64ns_128_1_1_U77   | 16   |        | mul_ln70_2  | mul | auto   | 0       |
|   mul_64ns_64ns_128_1_1_U78   | 16   |        | mul_ln63_3  | mul | auto   | 0       |
|   mul_64ns_64ns_128_1_1_U79   | 16   |        | mul_ln70_3  | mul | auto   | 0       |
|   mul_64ns_64ns_128_1_1_U80   | 16   |        | mul_ln70_4  | mul | auto   | 0       |
|   mul_64ns_64ns_128_1_1_U81   | 16   |        | mul_ln70_5  | mul | auto   | 0       |
|   mul_64ns_64ns_128_1_1_U82   | 16   |        | mul_ln63_4  | mul | auto   | 0       |
|   mul_64ns_64ns_128_1_1_U83   | 16   |        | mul_ln70_6  | mul | auto   | 0       |
|   mul_64ns_64ns_128_1_1_U84   | 16   |        | mul_ln70_7  | mul | auto   | 0       |
|   mul_64ns_64ns_128_1_1_U85   | 16   |        | mul_ln70_8  | mul | auto   | 0       |
|   mul_64ns_64ns_128_1_1_U86   | 16   |        | mul_ln70_9  | mul | auto   | 0       |
|   mul_64ns_64ns_128_1_1_U87   | 16   |        | mul_ln63_5  | mul | auto   | 0       |
|   mul_64ns_64ns_128_1_1_U88   | 16   |        | mul_ln70_10 | mul | auto   | 0       |
|   mul_64ns_64ns_128_1_1_U89   | 16   |        | mul_ln70_11 | mul | auto   | 0       |
|   mul_64ns_64ns_128_1_1_U90   | 16   |        | mul_ln70_12 | mul | auto   | 0       |
|   mul_64ns_64ns_128_1_1_U91   | 16   |        | mul_ln70_13 | mul | auto   | 0       |
|   mul_64ns_64ns_128_1_1_U92   | 16   |        | mul_ln70_14 | mul | auto   | 0       |
|   mul_64ns_64ns_128_1_1_U93   | 16   |        | mul_ln63_6  | mul | auto   | 0       |
|   mul_64ns_64ns_128_1_1_U94   | 16   |        | mul_ln70_15 | mul | auto   | 0       |
|   mul_64ns_64ns_128_1_1_U95   | 16   |        | mul_ln70_16 | mul | auto   | 0       |
|   mul_64ns_64ns_128_1_1_U96   | 16   |        | mul_ln70_17 | mul | auto   | 0       |
|   mul_64ns_64ns_128_1_1_U97   | 16   |        | mul_ln70_18 | mul | auto   | 0       |
|   mul_64ns_64ns_128_1_1_U98   | 16   |        | mul_ln70_19 | mul | auto   | 0       |
|   mul_64ns_64ns_128_1_1_U99   | 16   |        | mul_ln70_20 | mul | auto   | 0       |
|   mul_64ns_64ns_128_1_1_U100  | 16   |        | mul_ln63_7  | mul | auto   | 0       |
|   mul_64ns_64ns_128_1_1_U101  | 16   |        | mul_ln70_21 | mul | auto   | 0       |
|   mul_64ns_64ns_128_1_1_U102  | 16   |        | mul_ln70_22 | mul | auto   | 0       |
|   mul_64ns_64ns_128_1_1_U103  | 16   |        | mul_ln70_23 | mul | auto   | 0       |
|   mul_64ns_64ns_128_1_1_U104  | 16   |        | mul_ln70_24 | mul | auto   | 0       |
|   mul_64ns_64ns_128_1_1_U105  | 16   |        | mul_ln70_25 | mul | auto   | 0       |
|   mul_64ns_64ns_128_1_1_U106  | 16   |        | mul_ln70_26 | mul | auto   | 0       |
|   mul_64ns_64ns_128_1_1_U107  | 16   |        | mul_ln70_27 | mul | auto   | 0       |
|   mul_64ns_64ns_128_1_1_U108  | 16   |        | mul_ln63_8  | mul | auto   | 0       |
|   add_ln63_fu_1140_p2         | -    |        | add_ln63    | add | fabric | 0       |
|   add_ln63_1_fu_1144_p2       | -    |        | add_ln63_1  | add | fabric | 0       |
|   add_ln63_2_fu_1156_p2       | -    |        | add_ln63_2  | add | fabric | 0       |
|   add_ln63_3_fu_1162_p2       | -    |        | add_ln63_3  | add | fabric | 0       |
|   add_ln63_6_fu_1170_p2       | -    |        | add_ln63_6  | add | fabric | 0       |
|   add_ln63_7_fu_1175_p2       | -    |        | add_ln63_7  | add | fabric | 0       |
|   add_ln63_8_fu_1181_p2       | -    |        | add_ln63_8  | add | fabric | 0       |
|   mul_64ns_64ns_128_1_1_U109  | 16   |        | mul_ln70_28 | mul | auto   | 0       |
|   add_ln70_fu_1186_p2         | -    |        | add_ln70    | add | fabric | 0       |
|   add_ln70_1_fu_1190_p2       | -    |        | add_ln70_1  | add | fabric | 0       |
|   add_ln70_2_fu_1202_p2       | -    |        | add_ln70_2  | add | fabric | 0       |
|   add_ln70_3_fu_1208_p2       | -    |        | add_ln70_3  | add | fabric | 0       |
|   add_ln70_6_fu_1216_p2       | -    |        | add_ln70_6  | add | fabric | 0       |
|   add_ln70_7_fu_1221_p2       | -    |        | add_ln70_7  | add | fabric | 0       |
|   add_ln70_8_fu_1227_p2       | -    |        | add_ln70_8  | add | fabric | 0       |
|   mul_64ns_64ns_128_1_1_U110  | 16   |        | mul_ln70_29 | mul | auto   | 0       |
|   add_ln70_10_fu_1232_p2      | -    |        | add_ln70_10 | add | fabric | 0       |
|   add_ln70_11_fu_1236_p2      | -    |        | add_ln70_11 | add | fabric | 0       |
|   add_ln70_12_fu_1248_p2      | -    |        | add_ln70_12 | add | fabric | 0       |
|   add_ln70_13_fu_1254_p2      | -    |        | add_ln70_13 | add | fabric | 0       |
|   add_ln70_16_fu_1262_p2      | -    |        | add_ln70_16 | add | fabric | 0       |
|   add_ln70_17_fu_1267_p2      | -    |        | add_ln70_17 | add | fabric | 0       |
|   add_ln70_18_fu_1273_p2      | -    |        | add_ln70_18 | add | fabric | 0       |
|   mul_64ns_64ns_128_1_1_U111  | 16   |        | mul_ln70_30 | mul | auto   | 0       |
|   add_ln70_20_fu_1278_p2      | -    |        | add_ln70_20 | add | fabric | 0       |
|   add_ln70_21_fu_1282_p2      | -    |        | add_ln70_21 | add | fabric | 0       |
|   add_ln70_22_fu_1294_p2      | -    |        | add_ln70_22 | add | fabric | 0       |
|   add_ln70_23_fu_1300_p2      | -    |        | add_ln70_23 | add | fabric | 0       |
|   add_ln70_26_fu_1308_p2      | -    |        | add_ln70_26 | add | fabric | 0       |
|   add_ln70_27_fu_1313_p2      | -    |        | add_ln70_27 | add | fabric | 0       |
|   add_ln70_28_fu_1319_p2      | -    |        | add_ln70_28 | add | fabric | 0       |
|   mul_64ns_64ns_128_1_1_U112  | 16   |        | mul_ln70_31 | mul | auto   | 0       |
|   add_ln70_30_fu_1324_p2      | -    |        | add_ln70_30 | add | fabric | 0       |
|   add_ln70_31_fu_1328_p2      | -    |        | add_ln70_31 | add | fabric | 0       |
|   add_ln70_32_fu_1340_p2      | -    |        | add_ln70_32 | add | fabric | 0       |
|   add_ln70_33_fu_1346_p2      | -    |        | add_ln70_33 | add | fabric | 0       |
|   add_ln70_36_fu_1354_p2      | -    |        | add_ln70_36 | add | fabric | 0       |
|   add_ln70_37_fu_1359_p2      | -    |        | add_ln70_37 | add | fabric | 0       |
|   add_ln70_38_fu_1365_p2      | -    |        | add_ln70_38 | add | fabric | 0       |
|   mul_64ns_64ns_128_1_1_U113  | 16   |        | mul_ln70_32 | mul | auto   | 0       |
|   add_ln70_40_fu_1370_p2      | -    |        | add_ln70_40 | add | fabric | 0       |
|   add_ln70_41_fu_1374_p2      | -    |        | add_ln70_41 | add | fabric | 0       |
|   add_ln70_42_fu_1386_p2      | -    |        | add_ln70_42 | add | fabric | 0       |
|   add_ln70_43_fu_1392_p2      | -    |        | add_ln70_43 | add | fabric | 0       |
|   add_ln70_46_fu_1400_p2      | -    |        | add_ln70_46 | add | fabric | 0       |
|   add_ln70_47_fu_1405_p2      | -    |        | add_ln70_47 | add | fabric | 0       |
|   add_ln70_48_fu_1411_p2      | -    |        | add_ln70_48 | add | fabric | 0       |
|   mul_64ns_64ns_128_1_1_U114  | 16   |        | mul_ln70_33 | mul | auto   | 0       |
|   add_ln70_50_fu_1422_p2      | -    |        | add_ln70_50 | add | fabric | 0       |
|   add_ln70_51_fu_1426_p2      | -    |        | add_ln70_51 | add | fabric | 0       |
|   add_ln70_52_fu_1438_p2      | -    |        | add_ln70_52 | add | fabric | 0       |
|   add_ln70_53_fu_1444_p2      | -    |        | add_ln70_53 | add | fabric | 0       |
|   add_ln70_56_fu_1452_p2      | -    |        | add_ln70_56 | add | fabric | 0       |
|   add_ln70_57_fu_1457_p2      | -    |        | add_ln70_57 | add | fabric | 0       |
|   add_ln70_58_fu_1463_p2      | -    |        | add_ln70_58 | add | fabric | 0       |
|   mul_64ns_64ns_128_1_1_U115  | 16   |        | mul_ln70_34 | mul | auto   | 0       |
|   add_ln70_60_fu_1474_p2      | -    |        | add_ln70_60 | add | fabric | 0       |
|   add_ln70_61_fu_1478_p2      | -    |        | add_ln70_61 | add | fabric | 0       |
|   add_ln70_62_fu_1490_p2      | -    |        | add_ln70_62 | add | fabric | 0       |
|   add_ln70_63_fu_1496_p2      | -    |        | add_ln70_63 | add | fabric | 0       |
|   add_ln70_66_fu_1504_p2      | -    |        | add_ln70_66 | add | fabric | 0       |
|   add_ln70_67_fu_1509_p2      | -    |        | add_ln70_67 | add | fabric | 0       |
|   add_ln70_68_fu_1515_p2      | -    |        | add_ln70_68 | add | fabric | 0       |
|   mul_64ns_64ns_128_1_1_U116  | 16   |        | mul_ln70_35 | mul | auto   | 0       |
|   add_ln70_70_fu_1526_p2      | -    |        | add_ln70_70 | add | fabric | 0       |
|   add_ln70_71_fu_1530_p2      | -    |        | add_ln70_71 | add | fabric | 0       |
|   add_ln70_73_fu_1548_p2      | -    |        | add_ln70_73 | add | fabric | 0       |
|   add_ln70_76_fu_1556_p2      | -    |        | add_ln70_76 | add | fabric | 0       |
|   add_ln70_78_fu_1567_p2      | -    |        | add_ln70_78 | add | fabric | 0       |
|   out1_w_fu_1849_p2           | -    |        | out1_w      | add | fabric | 0       |
|   add_ln80_fu_1871_p2         | -    |        | add_ln80    | add | fabric | 0       |
|   out1_w_1_fu_1895_p2         | -    |        | out1_w_1    | add | fabric | 0       |
|   add_ln81_fu_1903_p2         | -    |        | add_ln81    | add | fabric | 0       |
|   out1_w_2_fu_2028_p2         | -    |        | out1_w_2    | add | fabric | 0       |
|  + test_Pipeline_ARRAY_1_READ | 0    |        |             |     |        |         |
|    add_ln22_fu_218_p2         | -    |        | add_ln22    | add | fabric | 0       |
|  + test_Pipeline_ARRAY_2_READ | 0    |        |             |     |        |         |
|    add_ln29_fu_218_p2         | -    |        | add_ln29    | add | fabric | 0       |
|  + test_Pipeline_ARRAY_WRITE  | 0    |        |             |     |        |         |
|    add_ln91_fu_204_p2         | -    |        | add_ln91    | add | fabric | 0       |
+-------------------------------+------+--------+-------------+-----+--------+---------+


================================================================
== Bind Storage Report
================================================================
  No bind storage info in design

================================================================
== Pragma Report
================================================================
* Valid Pragma Syntax
+-----------------+-------------------------------------------------+---------------------------+
| Type            | Options                                         | Location                  |
+-----------------+-------------------------------------------------+---------------------------+
| interface       | m_axi depth=9 port=out1 offset=slave bundle=mem | d7.cpp:5 in test, out1    |
| interface       | m_axi depth=9 port=arg1 offset=slave bundle=mem | d7.cpp:6 in test, arg1    |
| interface       | m_axi depth=9 port=arg2 offset=slave bundle=mem | d7.cpp:7 in test, arg2    |
| interface       | mode=s_axilite port=return                      | d7.cpp:9 in test, return  |
| array_partition | variable=out1_w type=complete                   | d7.cpp:15 in test, out1_w |
| array_partition | variable=arg1_r type=complete                   | d7.cpp:16 in test, arg1_r |
| array_partition | variable=arg2_r type=complete                   | d7.cpp:17 in test, arg2_r |
| array_partition | variable=arr type=complete                      | d7.cpp:18 in test, arr    |
| pipeline        | II=1                                            | d7.cpp:38 in test         |
| unroll          |                                                 | d7.cpp:41 in test         |
| pipeline        | II=1                                            | d7.cpp:45 in test         |
| unroll          |                                                 | d7.cpp:48 in test         |
| pipeline        | II=1                                            | d7.cpp:58 in test         |
| unroll          |                                                 | d7.cpp:61 in test         |
| pipeline        | II=1                                            | d7.cpp:66 in test         |
| unroll          |                                                 | d7.cpp:69 in test         |
+-----------------+-------------------------------------------------+---------------------------+


