

================================================================
== Vitis HLS Report for 'fiat_25519_carry_square'
================================================================
* Date:           Thu May  9 15:29:17 2024

* Version:        2023.1.1 (Build 3869133 on Jun 15 2023)
* Project:        D1
* Solution:       comb_22 (Vivado IP Flow Target)
* Product family: zynquplus
* Target device:  xczu9eg-ffvb1156-2-e


================================================================
== Performance Estimates
================================================================
+ Timing: 
    * Summary: 
    +--------+----------+----------+------------+
    |  Clock |  Target  | Estimated| Uncertainty|
    +--------+----------+----------+------------+
    |ap_clk  |  10.00 ns|  7.300 ns|     2.70 ns|
    +--------+----------+----------+------------+

+ Latency: 
    * Summary: 
    +---------+---------+----------+----------+-----+-----+---------+
    |  Latency (cycles) |  Latency (absolute) |  Interval | Pipeline|
    |   min   |   max   |    min   |    max   | min | max |   Type  |
    +---------+---------+----------+----------+-----+-----+---------+
    |       59|       59|  0.590 us|  0.590 us|   60|   60|       no|
    +---------+---------+----------+----------+-----+-----+---------+

    + Detail: 
        * Instance: 
        +-------------------------------------------------------------+--------------------------------------------------+---------+---------+-----------+-----------+-----+-----+---------+
        |                                                             |                                                  |  Latency (cycles) |   Latency (absolute)  |  Interval | Pipeline|
        |                           Instance                          |                      Module                      |   min   |   max   |    min    |    max    | min | max |   Type  |
        +-------------------------------------------------------------+--------------------------------------------------+---------+---------+-----------+-----------+-----+-----+---------+
        |grp_fiat_25519_carry_square_Pipeline_ARRAY_1_READ_fu_209     |fiat_25519_carry_square_Pipeline_ARRAY_1_READ     |       12|       12|   0.120 us|   0.120 us|   12|   12|       no|
        |grp_fiat_25519_carry_square_Pipeline_VITIS_LOOP_44_3_fu_226  |fiat_25519_carry_square_Pipeline_VITIS_LOOP_44_3  |        5|        5|  50.000 ns|  50.000 ns|    5|    5|       no|
        |grp_fiat_25519_carry_square_Pipeline_VITIS_LOOP_64_7_fu_249  |fiat_25519_carry_square_Pipeline_VITIS_LOOP_64_7  |        6|        6|  60.000 ns|  60.000 ns|    6|    6|       no|
        |grp_fiat_25519_carry_square_Pipeline_ARRAY_WRITE_fu_272      |fiat_25519_carry_square_Pipeline_ARRAY_WRITE      |       12|       12|   0.120 us|   0.120 us|   12|   12|       no|
        +-------------------------------------------------------------+--------------------------------------------------+---------+---------+-----------+-----------+-----+-----+---------+

        * Loop: 
        N/A



================================================================
== Utilization Estimates
================================================================
* Summary: 
+-----------------+---------+------+--------+--------+-----+
|       Name      | BRAM_18K|  DSP |   FF   |   LUT  | URAM|
+-----------------+---------+------+--------+--------+-----+
|DSP              |        -|     -|       -|       -|    -|
|Expression       |        -|     -|       0|    2967|    -|
|FIFO             |        -|     -|       -|       -|    -|
|Instance         |        4|   124|    2056|    3071|    0|
|Memory           |        -|     -|       -|       -|    -|
|Multiplexer      |        -|     -|       -|     535|    -|
|Register         |        -|     -|    2466|       -|    -|
+-----------------+---------+------+--------+--------+-----+
|Total            |        4|   124|    4522|    6573|    0|
+-----------------+---------+------+--------+--------+-----+
|Available        |     1824|  2520|  548160|  274080|    0|
+-----------------+---------+------+--------+--------+-----+
|Utilization (%)  |       ~0|     4|      ~0|       2|    0|
+-----------------+---------+------+--------+--------+-----+

+ Detail: 
    * Instance: 
    +-------------------------------------------------------------+--------------------------------------------------+---------+----+-----+-----+-----+
    |                           Instance                          |                      Module                      | BRAM_18K| DSP|  FF | LUT | URAM|
    +-------------------------------------------------------------+--------------------------------------------------+---------+----+-----+-----+-----+
    |control_s_axi_U                                              |control_s_axi                                     |        0|   0|  176|  296|    0|
    |grp_fiat_25519_carry_square_Pipeline_ARRAY_1_READ_fu_209     |fiat_25519_carry_square_Pipeline_ARRAY_1_READ     |        0|   0|  331|   73|    0|
    |grp_fiat_25519_carry_square_Pipeline_ARRAY_WRITE_fu_272      |fiat_25519_carry_square_Pipeline_ARRAY_WRITE      |        0|   0|   34|  127|    0|
    |grp_fiat_25519_carry_square_Pipeline_VITIS_LOOP_44_3_fu_226  |fiat_25519_carry_square_Pipeline_VITIS_LOOP_44_3  |        0|   8|  423|  505|    0|
    |grp_fiat_25519_carry_square_Pipeline_VITIS_LOOP_64_7_fu_249  |fiat_25519_carry_square_Pipeline_VITIS_LOOP_64_7  |        0|  16|  262|  829|    0|
    |mem_m_axi_U                                                  |mem_m_axi                                         |        4|   0|  830|  694|    0|
    |mul_32ns_32ns_63_1_1_U91                                     |mul_32ns_32ns_63_1_1                              |        0|   4|    0|   20|    0|
    |mul_32ns_32ns_63_1_1_U92                                     |mul_32ns_32ns_63_1_1                              |        0|   4|    0|   20|    0|
    |mul_32ns_32ns_63_1_1_U93                                     |mul_32ns_32ns_63_1_1                              |        0|   4|    0|   20|    0|
    |mul_32ns_32ns_63_1_1_U94                                     |mul_32ns_32ns_63_1_1                              |        0|   4|    0|   20|    0|
    |mul_32ns_32ns_64_1_1_U95                                     |mul_32ns_32ns_64_1_1                              |        0|   4|    0|   20|    0|
    |mul_32ns_32ns_64_1_1_U96                                     |mul_32ns_32ns_64_1_1                              |        0|   4|    0|   20|    0|
    |mul_32ns_32ns_64_1_1_U97                                     |mul_32ns_32ns_64_1_1                              |        0|   4|    0|   20|    0|
    |mul_32ns_32ns_64_1_1_U98                                     |mul_32ns_32ns_64_1_1                              |        0|   4|    0|   20|    0|
    |mul_32ns_32ns_64_1_1_U99                                     |mul_32ns_32ns_64_1_1                              |        0|   4|    0|   20|    0|
    |mul_32ns_32ns_64_1_1_U100                                    |mul_32ns_32ns_64_1_1                              |        0|   4|    0|   20|    0|
    |mul_32ns_32ns_64_1_1_U101                                    |mul_32ns_32ns_64_1_1                              |        0|   4|    0|   20|    0|
    |mul_32ns_32ns_64_1_1_U102                                    |mul_32ns_32ns_64_1_1                              |        0|   4|    0|   20|    0|
    |mul_32ns_32ns_64_1_1_U103                                    |mul_32ns_32ns_64_1_1                              |        0|   4|    0|   20|    0|
    |mul_32ns_32ns_64_1_1_U104                                    |mul_32ns_32ns_64_1_1                              |        0|   4|    0|   20|    0|
    |mul_32ns_32ns_64_1_1_U105                                    |mul_32ns_32ns_64_1_1                              |        0|   4|    0|   20|    0|
    |mul_32ns_32ns_64_1_1_U106                                    |mul_32ns_32ns_64_1_1                              |        0|   4|    0|   20|    0|
    |mul_32ns_32ns_64_1_1_U107                                    |mul_32ns_32ns_64_1_1                              |        0|   4|    0|   20|    0|
    |mul_32ns_32ns_64_1_1_U108                                    |mul_32ns_32ns_64_1_1                              |        0|   4|    0|   20|    0|
    |mul_32ns_32ns_64_1_1_U109                                    |mul_32ns_32ns_64_1_1                              |        0|   4|    0|   20|    0|
    |mul_32ns_32ns_64_1_1_U110                                    |mul_32ns_32ns_64_1_1                              |        0|   4|    0|   20|    0|
    |mul_32ns_32ns_64_1_1_U111                                    |mul_32ns_32ns_64_1_1                              |        0|   4|    0|   20|    0|
    |mul_32ns_32ns_64_1_1_U112                                    |mul_32ns_32ns_64_1_1                              |        0|   4|    0|   20|    0|
    |mul_32ns_32ns_64_1_1_U113                                    |mul_32ns_32ns_64_1_1                              |        0|   4|    0|   20|    0|
    |mul_32s_6ns_32_1_1_U115                                      |mul_32s_6ns_32_1_1                                |        0|   2|    0|   20|    0|
    |mul_32s_7ns_32_1_1_U114                                      |mul_32s_7ns_32_1_1                                |        0|   2|    0|   20|    0|
    |mul_32s_7ns_32_1_1_U116                                      |mul_32s_7ns_32_1_1                                |        0|   2|    0|   20|    0|
    |mul_39ns_6ns_44_1_1_U117                                     |mul_39ns_6ns_44_1_1                               |        0|   2|    0|   27|    0|
    +-------------------------------------------------------------+--------------------------------------------------+---------+----+-----+-----+-----+
    |Total                                                        |                                                  |        4| 124| 2056| 3071|    0|
    +-------------------------------------------------------------+--------------------------------------------------+---------+----+-----+-----+-----+

    * DSP: 
    N/A

    * Memory: 
    N/A

    * FIFO: 
    N/A

    * Expression: 
    +-------------------------+----------+----+---+----+------------+------------+
    |      Variable Name      | Operation| DSP| FF| LUT| Bitwidth P0| Bitwidth P1|
    +-------------------------+----------+----+---+----+------------+------------+
    |add_ln100_fu_1169_p2     |         +|   0|  0|  26|          26|          26|
    |add_ln102_10_fu_872_p2   |         +|   0|  0|  26|          26|          26|
    |add_ln102_11_fu_866_p2   |         +|   0|  0|  33|          26|          26|
    |add_ln102_12_fu_1044_p2  |         +|   0|  0|  71|          64|          64|
    |add_ln102_13_fu_1091_p2  |         +|   0|  0|  64|          64|          64|
    |add_ln102_14_fu_1096_p2  |         +|   0|  0|  71|          64|          64|
    |add_ln102_15_fu_1136_p2  |         +|   0|  0|  64|          64|          64|
    |add_ln102_16_fu_1183_p2  |         +|   0|  0|  71|          64|          64|
    |add_ln102_17_fu_1427_p2  |         +|   0|  0|  25|          25|          25|
    |add_ln102_1_fu_1102_p2   |         +|   0|  0|  64|          64|          64|
    |add_ln102_2_fu_1142_p2   |         +|   0|  0|  64|          64|          64|
    |add_ln102_3_fu_1189_p2   |         +|   0|  0|  64|          64|          64|
    |add_ln102_4_fu_1285_p2   |         +|   0|  0|  71|          64|          64|
    |add_ln102_5_fu_1319_p2   |         +|   0|  0|  71|          64|          64|
    |add_ln102_6_fu_1353_p2   |         +|   0|  0|  71|          64|          64|
    |add_ln102_7_fu_1393_p2   |         +|   0|  0|  71|          64|          64|
    |add_ln102_8_fu_1431_p2   |         +|   0|  0|  64|          64|          64|
    |add_ln102_9_fu_860_p2    |         +|   0|  0|  26|          26|          26|
    |add_ln102_fu_1050_p2     |         +|   0|  0|  64|          64|          64|
    |add_ln103_1_fu_1215_p2   |         +|   0|  0|  32|          25|          25|
    |add_ln103_2_fu_1220_p2   |         +|   0|  0|  25|          25|          25|
    |add_ln103_fu_1503_p2     |         +|   0|  0|  51|          44|          44|
    |add_ln104_1_fu_1237_p2   |         +|   0|  0|  26|          26|          26|
    |add_ln104_2_fu_1226_p2   |         +|   0|  0|  26|          26|          26|
    |add_ln104_3_fu_1231_p2   |         +|   0|  0|  33|          26|          26|
    |add_ln104_fu_1536_p2     |         +|   0|  0|  33|          26|          26|
    |add_ln105_fu_1243_p2     |         +|   0|  0|  25|          25|          25|
    |add_ln106_fu_1254_p2     |         +|   0|  0|  33|          26|          26|
    |add_ln60_1_fu_974_p2     |         +|   0|  0|  64|          64|          64|
    |add_ln60_2_fu_980_p2     |         +|   0|  0|  64|          64|          64|
    |add_ln60_fu_968_p2       |         +|   0|  0|  71|          64|          64|
    |add_ln80_1_fu_932_p2     |         +|   0|  0|  64|          64|          64|
    |add_ln80_fu_938_p2       |         +|   0|  0|  64|          64|          64|
    |add_ln84_1_fu_912_p2     |         +|   0|  0|  64|          64|          64|
    |add_ln84_fu_918_p2       |         +|   0|  0|  64|          64|          64|
    |add_ln89_1_fu_888_p2     |         +|   0|  0|  71|          64|          64|
    |add_ln89_fu_1030_p2      |         +|   0|  0|  64|          64|          64|
    |add_ln90_fu_1039_p2      |         +|   0|  0|  25|          25|          25|
    |add_ln92_fu_804_p2       |         +|   0|  0|  71|          64|          64|
    |add_ln95_1_fu_848_p2     |         +|   0|  0|  71|          64|          64|
    |add_ln95_fu_842_p2       |         +|   0|  0|  64|          64|          64|
    |add_ln99_1_fu_948_p2     |         +|   0|  0|  71|          64|          64|
    |add_ln99_2_fu_954_p2     |         +|   0|  0|  71|          64|          64|
    |add_ln99_fu_1161_p2      |         +|   0|  0|  64|          64|          64|
    |arr_21_fu_854_p2         |         +|   0|  0|  64|          64|          64|
    |arr_24_fu_609_p2         |         +|   0|  0|  71|          64|          64|
    |arr_25_fu_1413_p2        |         +|   0|  0|  64|          64|          64|
    |arr_26_fu_1373_p2        |         +|   0|  0|  71|          64|          64|
    |out1_w_1_fu_1527_p2      |         +|   0|  0|  32|          25|          25|
    |out1_w_2_fu_1557_p2      |         +|   0|  0|  34|          27|          27|
    |out1_w_3_fu_1249_p2      |         +|   0|  0|  25|          25|          25|
    |out1_w_4_fu_1260_p2      |         +|   0|  0|  26|          26|          26|
    |out1_w_5_fu_1447_p2      |         +|   0|  0|  32|          25|          25|
    |out1_w_6_fu_1452_p2      |         +|   0|  0|  33|          26|          26|
    |out1_w_7_fu_1458_p2      |         +|   0|  0|  32|          25|          25|
    |out1_w_8_fu_1464_p2      |         +|   0|  0|  33|          26|          26|
    |out1_w_9_fu_1470_p2      |         +|   0|  0|  25|          25|          25|
    |out1_w_fu_1494_p2        |         +|   0|  0|  33|          26|          26|
    +-------------------------+----------+----+---+----+------------+------------+
    |Total                    |          |   0|  0|2967|        2771|        2771|
    +-------------------------+----------+----+---+----+------------+------------+

    * Multiplexer: 
    +---------------+-----+-----------+-----+-----------+
    |      Name     | LUT | Input Size| Bits| Total Bits|
    +---------------+-----+-----------+-----+-----------+
    |ap_NS_fsm      |  130|         26|    1|         26|
    |grp_fu_289_p0  |   20|          4|   32|        128|
    |grp_fu_289_p1  |   20|          4|   32|        128|
    |grp_fu_293_p0  |   14|          3|   32|         96|
    |grp_fu_293_p1  |   14|          3|   32|         96|
    |grp_fu_297_p0  |   14|          3|   32|         96|
    |grp_fu_297_p1  |   14|          3|   32|         96|
    |grp_fu_305_p0  |   26|          5|   32|        160|
    |grp_fu_305_p1  |   26|          5|   32|        160|
    |grp_fu_309_p0  |   20|          4|   32|        128|
    |grp_fu_309_p1  |   20|          4|   32|        128|
    |grp_fu_313_p0  |   20|          4|   32|        128|
    |grp_fu_313_p1  |   20|          4|   32|        128|
    |grp_fu_381_p0  |   20|          4|   32|        128|
    |grp_fu_381_p1  |   14|          3|    7|         21|
    |mem_ARADDR     |   14|          3|   64|        192|
    |mem_ARLEN      |   14|          3|   32|         96|
    |mem_ARVALID    |   14|          3|    1|          3|
    |mem_AWADDR     |   14|          3|   64|        192|
    |mem_AWLEN      |   14|          3|   32|         96|
    |mem_AWVALID    |   14|          3|    1|          3|
    |mem_BREADY     |   14|          3|    1|          3|
    |mem_RREADY     |    9|          2|    1|          2|
    |mem_WVALID     |    9|          2|    1|          2|
    |mem_blk_n_AR   |    9|          2|    1|          2|
    |mem_blk_n_AW   |    9|          2|    1|          2|
    |mem_blk_n_B    |    9|          2|    1|          2|
    +---------------+-----+-----------+-----+-----------+
    |Total          |  535|        110|  624|       2242|
    +---------------+-----+-----------+-----+-----------+

    * Register: 
    +--------------------------------------------------------------------------+----+----+-----+-----------+
    |                                   Name                                   | FF | LUT| Bits| Const Bits|
    +--------------------------------------------------------------------------+----+----+-----+-----------+
    |add_ln102_10_reg_1859                                                     |  26|   0|   26|          0|
    |add_ln103_2_reg_1965                                                      |  25|   0|   25|          0|
    |add_ln104_1_reg_1971                                                      |  26|   0|   26|          0|
    |add_ln60_2_reg_1940                                                       |  64|   0|   64|          0|
    |add_ln60_reg_1935                                                         |  64|   0|   64|          0|
    |add_ln80_reg_1905                                                         |  64|   0|   64|          0|
    |add_ln84_reg_1890                                                         |  64|   0|   64|          0|
    |add_ln89_1_reg_1870                                                       |  64|   0|   64|          0|
    |add_ln99_1_reg_1915                                                       |  64|   0|   64|          0|
    |add_ln99_2_reg_1920                                                       |  64|   0|   64|          0|
    |ap_CS_fsm                                                                 |  25|   0|   25|          0|
    |arr_24_reg_1827                                                           |  64|   0|   64|          0|
    |arr_3_reg_1807                                                            |  63|   0|   64|          1|
    |arr_5_reg_1817                                                            |  63|   0|   64|          1|
    |arr_7_reg_1822                                                            |  63|   0|   64|          1|
    |empty_23_reg_1716                                                         |  31|   0|   31|          0|
    |empty_24_reg_1781                                                         |  31|   0|   31|          0|
    |empty_25_reg_1721                                                         |  31|   0|   31|          0|
    |empty_26_reg_1726                                                         |  31|   0|   31|          0|
    |empty_27_reg_1786                                                         |  31|   0|   31|          0|
    |empty_28_reg_1731                                                         |  31|   0|   31|          0|
    |empty_29_reg_1791                                                         |  31|   0|   31|          0|
    |grp_fiat_25519_carry_square_Pipeline_ARRAY_1_READ_fu_209_ap_start_reg     |   1|   0|    1|          0|
    |grp_fiat_25519_carry_square_Pipeline_ARRAY_WRITE_fu_272_ap_start_reg      |   1|   0|    1|          0|
    |grp_fiat_25519_carry_square_Pipeline_VITIS_LOOP_44_3_fu_226_ap_start_reg  |   1|   0|    1|          0|
    |grp_fiat_25519_carry_square_Pipeline_VITIS_LOOP_64_7_fu_249_ap_start_reg  |   1|   0|    1|          0|
    |lshr_ln102_4_reg_1955                                                     |  38|   0|   38|          0|
    |lshr_ln_reg_1865                                                          |  38|   0|   38|          0|
    |mul_ln42_reg_1763                                                         |  32|   0|   32|          0|
    |mul_ln83_reg_1832                                                         |  32|   0|   32|          0|
    |mul_ln86_reg_1849                                                         |  63|   0|   63|          0|
    |mul_ln88_reg_1854                                                         |  63|   0|   63|          0|
    |mul_ln93_reg_1838                                                         |  32|   0|   32|          0|
    |out1_w_1_reg_2026                                                         |  25|   0|   25|          0|
    |out1_w_2_reg_2031                                                         |  27|   0|   27|          0|
    |out1_w_3_reg_1976                                                         |  25|   0|   25|          0|
    |out1_w_4_reg_1981                                                         |  26|   0|   26|          0|
    |out1_w_5_reg_1991                                                         |  25|   0|   25|          0|
    |out1_w_6_reg_1996                                                         |  26|   0|   26|          0|
    |out1_w_7_reg_2001                                                         |  25|   0|   25|          0|
    |out1_w_8_reg_2006                                                         |  26|   0|   26|          0|
    |out1_w_9_reg_2011                                                         |  25|   0|   25|          0|
    |out1_w_reg_2021                                                           |  26|   0|   26|          0|
    |reg_402                                                                   |  32|   0|   32|          0|
    |reg_406                                                                   |  64|   0|   64|          0|
    |reg_411                                                                   |  64|   0|   64|          0|
    |reg_417                                                                   |  64|   0|   64|          0|
    |trunc_ln102_11_reg_1986                                                   |  39|   0|   39|          0|
    |trunc_ln102_5_reg_1960                                                    |  25|   0|   25|          0|
    |trunc_ln115_1_reg_1690                                                    |  62|   0|   62|          0|
    |trunc_ln22_1_reg_1684                                                     |  62|   0|   62|          0|
    |trunc_ln60_1_reg_1950                                                     |  25|   0|   25|          0|
    |trunc_ln60_reg_1945                                                       |  25|   0|   25|          0|
    |trunc_ln6_reg_1885                                                        |  25|   0|   25|          0|
    |trunc_ln81_1_reg_1910                                                     |  25|   0|   25|          0|
    |trunc_ln85_1_reg_1900                                                     |  26|   0|   26|          0|
    |trunc_ln85_reg_1895                                                       |  25|   0|   25|          0|
    |trunc_ln89_1_reg_1880                                                     |  25|   0|   25|          0|
    |trunc_ln89_reg_1875                                                       |  24|   0|   24|          0|
    |trunc_ln99_1_reg_1930                                                     |  26|   0|   26|          0|
    |trunc_ln99_reg_1925                                                       |  26|   0|   26|          0|
    |zext_ln27_reg_1736                                                        |  32|   0|   64|         32|
    |zext_ln37_10_reg_1812                                                     |  32|   0|   63|         31|
    |zext_ln37_2_reg_1748                                                      |  32|   0|   64|         32|
    |zext_ln37_4_reg_1756                                                      |  32|   0|   64|         32|
    |zext_ln37_8_reg_1796                                                      |  32|   0|   63|         31|
    |zext_ln37_9_reg_1801                                                      |  32|   0|   63|         31|
    |zext_ln37_reg_1742                                                        |  32|   0|   64|         32|
    +--------------------------------------------------------------------------+----+----+-----+-----------+
    |Total                                                                     |2466|   0| 2690|        224|
    +--------------------------------------------------------------------------+----+----+-----+-----------+



================================================================
== Interface
================================================================
* Summary: 
+-----------------------+-----+-----+------------+-------------------------+--------------+
|       RTL Ports       | Dir | Bits|  Protocol  |      Source Object      |    C Type    |
+-----------------------+-----+-----+------------+-------------------------+--------------+
|s_axi_control_AWVALID  |   in|    1|       s_axi|                  control|        scalar|
|s_axi_control_AWREADY  |  out|    1|       s_axi|                  control|        scalar|
|s_axi_control_AWADDR   |   in|    6|       s_axi|                  control|        scalar|
|s_axi_control_WVALID   |   in|    1|       s_axi|                  control|        scalar|
|s_axi_control_WREADY   |  out|    1|       s_axi|                  control|        scalar|
|s_axi_control_WDATA    |   in|   32|       s_axi|                  control|        scalar|
|s_axi_control_WSTRB    |   in|    4|       s_axi|                  control|        scalar|
|s_axi_control_ARVALID  |   in|    1|       s_axi|                  control|        scalar|
|s_axi_control_ARREADY  |  out|    1|       s_axi|                  control|        scalar|
|s_axi_control_ARADDR   |   in|    6|       s_axi|                  control|        scalar|
|s_axi_control_RVALID   |  out|    1|       s_axi|                  control|        scalar|
|s_axi_control_RREADY   |   in|    1|       s_axi|                  control|        scalar|
|s_axi_control_RDATA    |  out|   32|       s_axi|                  control|        scalar|
|s_axi_control_RRESP    |  out|    2|       s_axi|                  control|        scalar|
|s_axi_control_BVALID   |  out|    1|       s_axi|                  control|        scalar|
|s_axi_control_BREADY   |   in|    1|       s_axi|                  control|        scalar|
|s_axi_control_BRESP    |  out|    2|       s_axi|                  control|        scalar|
|ap_clk                 |   in|    1|  ap_ctrl_hs|  fiat_25519_carry_square|  return value|
|ap_rst_n               |   in|    1|  ap_ctrl_hs|  fiat_25519_carry_square|  return value|
|interrupt              |  out|    1|  ap_ctrl_hs|  fiat_25519_carry_square|  return value|
|m_axi_mem_AWVALID      |  out|    1|       m_axi|                      mem|       pointer|
|m_axi_mem_AWREADY      |   in|    1|       m_axi|                      mem|       pointer|
|m_axi_mem_AWADDR       |  out|   64|       m_axi|                      mem|       pointer|
|m_axi_mem_AWID         |  out|    1|       m_axi|                      mem|       pointer|
|m_axi_mem_AWLEN        |  out|    8|       m_axi|                      mem|       pointer|
|m_axi_mem_AWSIZE       |  out|    3|       m_axi|                      mem|       pointer|
|m_axi_mem_AWBURST      |  out|    2|       m_axi|                      mem|       pointer|
|m_axi_mem_AWLOCK       |  out|    2|       m_axi|                      mem|       pointer|
|m_axi_mem_AWCACHE      |  out|    4|       m_axi|                      mem|       pointer|
|m_axi_mem_AWPROT       |  out|    3|       m_axi|                      mem|       pointer|
|m_axi_mem_AWQOS        |  out|    4|       m_axi|                      mem|       pointer|
|m_axi_mem_AWREGION     |  out|    4|       m_axi|                      mem|       pointer|
|m_axi_mem_AWUSER       |  out|    1|       m_axi|                      mem|       pointer|
|m_axi_mem_WVALID       |  out|    1|       m_axi|                      mem|       pointer|
|m_axi_mem_WREADY       |   in|    1|       m_axi|                      mem|       pointer|
|m_axi_mem_WDATA        |  out|   32|       m_axi|                      mem|       pointer|
|m_axi_mem_WSTRB        |  out|    4|       m_axi|                      mem|       pointer|
|m_axi_mem_WLAST        |  out|    1|       m_axi|                      mem|       pointer|
|m_axi_mem_WID          |  out|    1|       m_axi|                      mem|       pointer|
|m_axi_mem_WUSER        |  out|    1|       m_axi|                      mem|       pointer|
|m_axi_mem_ARVALID      |  out|    1|       m_axi|                      mem|       pointer|
|m_axi_mem_ARREADY      |   in|    1|       m_axi|                      mem|       pointer|
|m_axi_mem_ARADDR       |  out|   64|       m_axi|                      mem|       pointer|
|m_axi_mem_ARID         |  out|    1|       m_axi|                      mem|       pointer|
|m_axi_mem_ARLEN        |  out|    8|       m_axi|                      mem|       pointer|
|m_axi_mem_ARSIZE       |  out|    3|       m_axi|                      mem|       pointer|
|m_axi_mem_ARBURST      |  out|    2|       m_axi|                      mem|       pointer|
|m_axi_mem_ARLOCK       |  out|    2|       m_axi|                      mem|       pointer|
|m_axi_mem_ARCACHE      |  out|    4|       m_axi|                      mem|       pointer|
|m_axi_mem_ARPROT       |  out|    3|       m_axi|                      mem|       pointer|
|m_axi_mem_ARQOS        |  out|    4|       m_axi|                      mem|       pointer|
|m_axi_mem_ARREGION     |  out|    4|       m_axi|                      mem|       pointer|
|m_axi_mem_ARUSER       |  out|    1|       m_axi|                      mem|       pointer|
|m_axi_mem_RVALID       |   in|    1|       m_axi|                      mem|       pointer|
|m_axi_mem_RREADY       |  out|    1|       m_axi|                      mem|       pointer|
|m_axi_mem_RDATA        |   in|   32|       m_axi|                      mem|       pointer|
|m_axi_mem_RLAST        |   in|    1|       m_axi|                      mem|       pointer|
|m_axi_mem_RID          |   in|    1|       m_axi|                      mem|       pointer|
|m_axi_mem_RUSER        |   in|    1|       m_axi|                      mem|       pointer|
|m_axi_mem_RRESP        |   in|    2|       m_axi|                      mem|       pointer|
|m_axi_mem_BVALID       |   in|    1|       m_axi|                      mem|       pointer|
|m_axi_mem_BREADY       |  out|    1|       m_axi|                      mem|       pointer|
|m_axi_mem_BRESP        |   in|    2|       m_axi|                      mem|       pointer|
|m_axi_mem_BID          |   in|    1|       m_axi|                      mem|       pointer|
|m_axi_mem_BUSER        |   in|    1|       m_axi|                      mem|       pointer|
+-----------------------+-----+-----+------------+-------------------------+--------------+

