==============================================================
Vitis HLS - High-Level Synthesis from C, C++ and OpenCL v2023.1.1 (64-bit)
Tool Version Limit: 2023.06
Copyright 1986-2022 Xilinx, Inc. All Rights Reserved.
Copyright 2022-2023 Advanced Micro Devices, Inc. All Rights Reserved.

==============================================================
INFO: [HLS 200-1505] Using flow_target 'vivado'
INFO: [HLS 200-1510] Running: set_part xczu9eg-ffvb1156-2-e 
INFO: [HLS 200-1611] Setting target device to 'xczu9eg-ffvb1156-2-e'
INFO: [HLS 200-1510] Running: create_clock -period 100MHz -name default 
INFO: [SYN 201-201] Setting up clock 'default' with a period of 10ns.
INFO: [HLS 200-1510] Running: set_directive_top -name fiat_25519_carry_mul fiat_25519_carry_mul 
INFO: [HLS 200-1510] Running: csim_design 
INFO: [SIM 211-2] *************** CSIM start ***************
INFO: [SIM 211-4] CSIM will launch GCC as the compiler.
INFO: [HLS 200-2036] Building debug C Simulation binaries
INFO: [SIM 211-1] CSim done with 0 errors.
INFO: [SIM 211-3] *************** CSIM finish ***************
INFO: [HLS 200-111] Finished Command csim_design CPU user time: 0.34 seconds. CPU system time: 0.31 seconds. Elapsed time: 0.65 seconds; current allocated memory: 1.109 MB.
INFO: [HLS 200-1510] Running: csynth_design 
INFO: [HLS 200-111] Finished File checks and directory preparation: CPU user time: 0.06 seconds. CPU system time: 0 seconds. Elapsed time: 0.06 seconds; current allocated memory: 1.484 GB.
INFO: [HLS 200-10] Analyzing design file 'd4.cpp' ... 
INFO: [HLS 200-111] Finished Source Code Analysis and Preprocessing: CPU user time: 0.28 seconds. CPU system time: 0.37 seconds. Elapsed time: 0.65 seconds; current allocated memory: 1.486 GB.
INFO: [HLS 200-777] Using interface defaults for 'Vivado' flow target.
INFO: [HLS 200-1995] There were 601 instructions in the design after the 'Compile/Link' phase of compilation. See the Design Size Report for more details: /export/hdd/scratch/km304/MSThesis/EllipticCurves/fiat_25519_carry_mul/OptimizedDesigns/D4/D4/comb_14/syn/report/csynth_design_size.rpt
INFO: [HLS 200-1995] There were 1,038 instructions in the design after the 'Unroll/Inline' phase of compilation. See the Design Size Report for more details: /export/hdd/scratch/km304/MSThesis/EllipticCurves/fiat_25519_carry_mul/OptimizedDesigns/D4/D4/comb_14/syn/report/csynth_design_size.rpt
INFO: [HLS 200-1995] There were 417 instructions in the design after the 'Performance/Pipeline' phase of compilation. See the Design Size Report for more details: /export/hdd/scratch/km304/MSThesis/EllipticCurves/fiat_25519_carry_mul/OptimizedDesigns/D4/D4/comb_14/syn/report/csynth_design_size.rpt
INFO: [HLS 200-1995] There were 442 instructions in the design after the 'Optimizations' phase of compilation. See the Design Size Report for more details: /export/hdd/scratch/km304/MSThesis/EllipticCurves/fiat_25519_carry_mul/OptimizedDesigns/D4/D4/comb_14/syn/report/csynth_design_size.rpt
INFO: [HLS 214-291] Loop 'VITIS_LOOP_42_2' is marked as complete unroll implied by the pipeline pragma (d4.cpp:42:19)
INFO: [HLS 214-291] Loop 'VITIS_LOOP_45_3' is marked as complete unroll implied by the pipeline pragma (d4.cpp:45:19)
INFO: [HLS 214-291] Loop 'VITIS_LOOP_48_4' is marked as complete unroll implied by the pipeline pragma (d4.cpp:48:19)
INFO: [HLS 214-186] Unrolling loop 'VITIS_LOOP_42_2' (d4.cpp:42:19) in function 'fiat_25519_carry_mul' completely with a factor of 2 (d4.cpp:4:0)
WARNING: [HLS 214-189] Pipeline directive for loop 'VITIS_LOOP_42_2' (d4.cpp:42:19) in function 'fiat_25519_carry_mul' has been removed because the loop is unrolled completely (d4.cpp:4:0)
INFO: [HLS 214-186] Unrolling loop 'VITIS_LOOP_45_3' (d4.cpp:45:19) in function 'fiat_25519_carry_mul' completely with a factor of 1 (d4.cpp:4:0)
INFO: [HLS 214-186] Unrolling loop 'VITIS_LOOP_48_4' (d4.cpp:48:19) in function 'fiat_25519_carry_mul' completely with a factor of 5 (d4.cpp:4:0)
WARNING: [HLS 214-167] The program may have out of bound array access (d4.cpp:52:64)
WARNING: [HLS 214-167] The program may have out of bound array access (d4.cpp:54:64)
INFO: [HLS 214-248] Applying array_partition to 'arr': Complete partitioning on dimension 1. (d4.cpp:11:11)
INFO: [HLS 214-248] Applying array_partition to 'arg1_r': Complete partitioning on dimension 1. (d4.cpp:12:11)
INFO: [HLS 214-248] Applying array_partition to 'arg2_r': Complete partitioning on dimension 1. (d4.cpp:13:11)
INFO: [HLS 214-248] Applying array_partition to 'out1_w': Complete partitioning on dimension 1. (d4.cpp:14:11)
INFO: [HLS 214-115] Multiple burst reads of length 10 and bit width 32 in loop 'ARRAY_1_READ'(d4.cpp:24:2) has been inferred on bundle 'mem'. These burst requests might be further partitioned into multiple requests during RTL generation, based on max_read_burst_length or max_write_burst_length settings. (d4.cpp:24:2)
INFO: [HLS 214-115] Multiple burst reads of length 10 and bit width 32 in loop 'ARRAY_2_READ'(d4.cpp:34:2) has been inferred on bundle 'mem'. These burst requests might be further partitioned into multiple requests during RTL generation, based on max_read_burst_length or max_write_burst_length settings. (d4.cpp:34:2)
INFO: [HLS 214-115] Multiple burst writes of length 10 and bit width 32 in loop 'ARRAY_WRITE'(d4.cpp:73:2) has been inferred on bundle 'mem'. These burst requests might be further partitioned into multiple requests during RTL generation, based on max_read_burst_length or max_write_burst_length settings. (d4.cpp:73:2)
INFO: [HLS 200-111] Finished Compiling Optimization and Transform: CPU user time: 2.63 seconds. CPU system time: 0.39 seconds. Elapsed time: 7.72 seconds; current allocated memory: 1.487 GB.
INFO: [HLS 200-111] Finished Checking Pragmas: CPU user time: 0 seconds. CPU system time: 0 seconds. Elapsed time: 0 seconds; current allocated memory: 1.487 GB.
INFO: [HLS 200-10] Starting code transformations ...
INFO: [HLS 200-111] Finished Standard Transforms: CPU user time: 0.02 seconds. CPU system time: 0 seconds. Elapsed time: 0.02 seconds; current allocated memory: 1.488 GB.
INFO: [HLS 200-10] Checking synthesizability ...
INFO: [HLS 200-111] Finished Checking Synthesizability: CPU user time: 0.02 seconds. CPU system time: 0 seconds. Elapsed time: 0.02 seconds; current allocated memory: 1.488 GB.
INFO: [XFORM 203-510] Pipelining loop 'Loop-2' in function 'fiat_25519_carry_mul' automatically.
INFO: [XFORM 203-510] Pipelining loop 'ARRAY_1_READ' (d4.cpp:24) in function 'fiat_25519_carry_mul' automatically.
INFO: [XFORM 203-510] Pipelining loop 'ARRAY_2_READ' (d4.cpp:34) in function 'fiat_25519_carry_mul' automatically.
INFO: [XFORM 203-510] Pipelining loop 'ARRAY_WRITE' (d4.cpp:73) in function 'fiat_25519_carry_mul' automatically.
INFO: [HLS 200-111] Finished Loop, function and other optimizations: CPU user time: 0.1 seconds. CPU system time: 0.01 seconds. Elapsed time: 0.1 seconds; current allocated memory: 1.510 GB.
INFO: [HLS 200-111] Finished Architecture Synthesis: CPU user time: 0.08 seconds. CPU system time: 0.01 seconds. Elapsed time: 0.09 seconds; current allocated memory: 1.541 GB.
INFO: [HLS 200-10] Starting hardware synthesis ...
INFO: [HLS 200-10] Synthesizing 'fiat_25519_carry_mul' ...
INFO: [HLS 200-10] ----------------------------------------------------------------
INFO: [HLS 200-42] -- Implementing module 'fiat_25519_carry_mul_Pipeline_ARRAY_1_READ' 
INFO: [HLS 200-10] ----------------------------------------------------------------
INFO: [SCHED 204-11] Starting scheduling ...
INFO: [SCHED 204-61] Pipelining loop 'ARRAY_1_READ'.
INFO: [HLS 200-1470] Pipelining result : Target II = NA, Final II = 1, Depth = 2, loop 'ARRAY_1_READ'
INFO: [SCHED 204-11] Finished scheduling.
INFO: [HLS 200-111] Finished Scheduling: CPU user time: 0.06 seconds. CPU system time: 0.03 seconds. Elapsed time: 0.1 seconds; current allocated memory: 1.542 GB.
INFO: [BIND 205-100] Starting micro-architecture generation ...
INFO: [BIND 205-101] Performing variable lifetime analysis.
INFO: [BIND 205-101] Exploring resource sharing.
INFO: [BIND 205-101] Binding ...
INFO: [BIND 205-100] Finished micro-architecture generation.
INFO: [HLS 200-111] Finished Binding: CPU user time: 0.04 seconds. CPU system time: 0.01 seconds. Elapsed time: 0.05 seconds; current allocated memory: 1.542 GB.
INFO: [HLS 200-10] ----------------------------------------------------------------
INFO: [HLS 200-42] -- Implementing module 'fiat_25519_carry_mul_Pipeline_ARRAY_2_READ' 
INFO: [HLS 200-10] ----------------------------------------------------------------
INFO: [SCHED 204-11] Starting scheduling ...
INFO: [SCHED 204-61] Pipelining loop 'ARRAY_2_READ'.
INFO: [HLS 200-1470] Pipelining result : Target II = NA, Final II = 1, Depth = 2, loop 'ARRAY_2_READ'
INFO: [SCHED 204-11] Finished scheduling.
INFO: [HLS 200-111] Finished Scheduling: CPU user time: 0.07 seconds. CPU system time: 0 seconds. Elapsed time: 0.07 seconds; current allocated memory: 1.543 GB.
INFO: [BIND 205-100] Starting micro-architecture generation ...
INFO: [BIND 205-101] Performing variable lifetime analysis.
INFO: [BIND 205-101] Exploring resource sharing.
INFO: [BIND 205-101] Binding ...
INFO: [BIND 205-100] Finished micro-architecture generation.
INFO: [HLS 200-111] Finished Binding: CPU user time: 0.04 seconds. CPU system time: 0 seconds. Elapsed time: 0.04 seconds; current allocated memory: 1.543 GB.
INFO: [HLS 200-10] ----------------------------------------------------------------
INFO: [HLS 200-42] -- Implementing module 'fiat_25519_carry_mul_Pipeline_VITIS_LOOP_39_1' 
INFO: [HLS 200-10] ----------------------------------------------------------------
INFO: [SCHED 204-11] Starting scheduling ...
INFO: [SCHED 204-61] Pipelining loop 'VITIS_LOOP_39_1'.
INFO: [HLS 200-1470] Pipelining result : Target II = 1, Final II = 1, Depth = 2, loop 'VITIS_LOOP_39_1'
INFO: [SCHED 204-11] Finished scheduling.
INFO: [HLS 200-111] Finished Scheduling: CPU user time: 0.79 seconds. CPU system time: 0.01 seconds. Elapsed time: 0.81 seconds; current allocated memory: 1.546 GB.
INFO: [BIND 205-100] Starting micro-architecture generation ...
INFO: [BIND 205-101] Performing variable lifetime analysis.
INFO: [BIND 205-101] Exploring resource sharing.
INFO: [BIND 205-101] Binding ...
INFO: [BIND 205-100] Finished micro-architecture generation.
INFO: [HLS 200-111] Finished Binding: CPU user time: 0.08 seconds. CPU system time: 0 seconds. Elapsed time: 0.08 seconds; current allocated memory: 1.546 GB.
INFO: [HLS 200-10] ----------------------------------------------------------------
INFO: [HLS 200-42] -- Implementing module 'fiat_25519_carry_mul_Pipeline_ARRAY_WRITE' 
INFO: [HLS 200-10] ----------------------------------------------------------------
INFO: [SCHED 204-11] Starting scheduling ...
INFO: [SCHED 204-61] Pipelining loop 'ARRAY_WRITE'.
INFO: [HLS 200-1470] Pipelining result : Target II = NA, Final II = 1, Depth = 2, loop 'ARRAY_WRITE'
INFO: [SCHED 204-11] Finished scheduling.
INFO: [HLS 200-111] Finished Scheduling: CPU user time: 0.11 seconds. CPU system time: 0.01 seconds. Elapsed time: 0.12 seconds; current allocated memory: 1.546 GB.
INFO: [BIND 205-100] Starting micro-architecture generation ...
INFO: [BIND 205-101] Performing variable lifetime analysis.
INFO: [BIND 205-101] Exploring resource sharing.
INFO: [BIND 205-101] Binding ...
INFO: [BIND 205-100] Finished micro-architecture generation.
INFO: [HLS 200-111] Finished Binding: CPU user time: 0.04 seconds. CPU system time: 0.01 seconds. Elapsed time: 0.04 seconds; current allocated memory: 1.546 GB.
INFO: [HLS 200-10] ----------------------------------------------------------------
INFO: [HLS 200-42] -- Implementing module 'fiat_25519_carry_mul' 
INFO: [HLS 200-10] ----------------------------------------------------------------
INFO: [SCHED 204-11] Starting scheduling ...
INFO: [SCHED 204-11] Finished scheduling.
INFO: [HLS 200-111] Finished Scheduling: CPU user time: 0.61 seconds. CPU system time: 0 seconds. Elapsed time: 0.62 seconds; current allocated memory: 1.546 GB.
INFO: [BIND 205-100] Starting micro-architecture generation ...
INFO: [BIND 205-101] Performing variable lifetime analysis.
INFO: [BIND 205-101] Exploring resource sharing.
INFO: [BIND 205-101] Binding ...
INFO: [BIND 205-100] Finished micro-architecture generation.
INFO: [HLS 200-111] Finished Binding: CPU user time: 0.37 seconds. CPU system time: 0 seconds. Elapsed time: 0.38 seconds; current allocated memory: 1.546 GB.
INFO: [HLS 200-10] ----------------------------------------------------------------
INFO: [HLS 200-10] -- Generating RTL for module 'fiat_25519_carry_mul_Pipeline_ARRAY_1_READ' 
INFO: [HLS 200-10] ----------------------------------------------------------------
INFO: [HLS 200-1030] Apply Unified Pipeline Control on module 'fiat_25519_carry_mul_Pipeline_ARRAY_1_READ' pipeline 'ARRAY_1_READ' pipeline type 'loop pipeline'
WARNING: [RTGEN 206-101] Setting dangling out port 'fiat_25519_carry_mul_Pipeline_ARRAY_1_READ/m_axi_mem_ARVALID' to 0.
WARNING: [RTGEN 206-101] Setting dangling out port 'fiat_25519_carry_mul_Pipeline_ARRAY_1_READ/m_axi_mem_ARADDR' to 0.
WARNING: [RTGEN 206-101] Setting dangling out port 'fiat_25519_carry_mul_Pipeline_ARRAY_1_READ/m_axi_mem_ARID' to 0.
WARNING: [RTGEN 206-101] Setting dangling out port 'fiat_25519_carry_mul_Pipeline_ARRAY_1_READ/m_axi_mem_ARLEN' to 0.
WARNING: [RTGEN 206-101] Setting dangling out port 'fiat_25519_carry_mul_Pipeline_ARRAY_1_READ/m_axi_mem_ARSIZE' to 0.
WARNING: [RTGEN 206-101] Setting dangling out port 'fiat_25519_carry_mul_Pipeline_ARRAY_1_READ/m_axi_mem_ARBURST' to 0.
WARNING: [RTGEN 206-101] Setting dangling out port 'fiat_25519_carry_mul_Pipeline_ARRAY_1_READ/m_axi_mem_ARLOCK' to 0.
WARNING: [RTGEN 206-101] Setting dangling out port 'fiat_25519_carry_mul_Pipeline_ARRAY_1_READ/m_axi_mem_ARCACHE' to 0.
WARNING: [RTGEN 206-101] Setting dangling out port 'fiat_25519_carry_mul_Pipeline_ARRAY_1_READ/m_axi_mem_ARPROT' to 0.
WARNING: [RTGEN 206-101] Setting dangling out port 'fiat_25519_carry_mul_Pipeline_ARRAY_1_READ/m_axi_mem_ARQOS' to 0.
WARNING: [RTGEN 206-101] Setting dangling out port 'fiat_25519_carry_mul_Pipeline_ARRAY_1_READ/m_axi_mem_ARREGION' to 0.
WARNING: [RTGEN 206-101] Setting dangling out port 'fiat_25519_carry_mul_Pipeline_ARRAY_1_READ/m_axi_mem_ARUSER' to 0.
INFO: [RTGEN 206-100] Finished creating RTL model for 'fiat_25519_carry_mul_Pipeline_ARRAY_1_READ'.
INFO: [HLS 200-111] Finished Creating RTL model: CPU user time: 0.13 seconds. CPU system time: 0.01 seconds. Elapsed time: 0.14 seconds; current allocated memory: 1.546 GB.
INFO: [HLS 200-10] ----------------------------------------------------------------
INFO: [HLS 200-10] -- Generating RTL for module 'fiat_25519_carry_mul_Pipeline_ARRAY_2_READ' 
INFO: [HLS 200-10] ----------------------------------------------------------------
INFO: [HLS 200-1030] Apply Unified Pipeline Control on module 'fiat_25519_carry_mul_Pipeline_ARRAY_2_READ' pipeline 'ARRAY_2_READ' pipeline type 'loop pipeline'
WARNING: [RTGEN 206-101] Setting dangling out port 'fiat_25519_carry_mul_Pipeline_ARRAY_2_READ/m_axi_mem_ARVALID' to 0.
WARNING: [RTGEN 206-101] Setting dangling out port 'fiat_25519_carry_mul_Pipeline_ARRAY_2_READ/m_axi_mem_ARADDR' to 0.
WARNING: [RTGEN 206-101] Setting dangling out port 'fiat_25519_carry_mul_Pipeline_ARRAY_2_READ/m_axi_mem_ARID' to 0.
WARNING: [RTGEN 206-101] Setting dangling out port 'fiat_25519_carry_mul_Pipeline_ARRAY_2_READ/m_axi_mem_ARLEN' to 0.
WARNING: [RTGEN 206-101] Setting dangling out port 'fiat_25519_carry_mul_Pipeline_ARRAY_2_READ/m_axi_mem_ARSIZE' to 0.
WARNING: [RTGEN 206-101] Setting dangling out port 'fiat_25519_carry_mul_Pipeline_ARRAY_2_READ/m_axi_mem_ARBURST' to 0.
WARNING: [RTGEN 206-101] Setting dangling out port 'fiat_25519_carry_mul_Pipeline_ARRAY_2_READ/m_axi_mem_ARLOCK' to 0.
WARNING: [RTGEN 206-101] Setting dangling out port 'fiat_25519_carry_mul_Pipeline_ARRAY_2_READ/m_axi_mem_ARCACHE' to 0.
WARNING: [RTGEN 206-101] Setting dangling out port 'fiat_25519_carry_mul_Pipeline_ARRAY_2_READ/m_axi_mem_ARPROT' to 0.
WARNING: [RTGEN 206-101] Setting dangling out port 'fiat_25519_carry_mul_Pipeline_ARRAY_2_READ/m_axi_mem_ARQOS' to 0.
WARNING: [RTGEN 206-101] Setting dangling out port 'fiat_25519_carry_mul_Pipeline_ARRAY_2_READ/m_axi_mem_ARREGION' to 0.
WARNING: [RTGEN 206-101] Setting dangling out port 'fiat_25519_carry_mul_Pipeline_ARRAY_2_READ/m_axi_mem_ARUSER' to 0.
INFO: [RTGEN 206-100] Finished creating RTL model for 'fiat_25519_carry_mul_Pipeline_ARRAY_2_READ'.
INFO: [HLS 200-111] Finished Creating RTL model: CPU user time: 0.1 seconds. CPU system time: 0.01 seconds. Elapsed time: 0.1 seconds; current allocated memory: 1.548 GB.
INFO: [HLS 200-10] ----------------------------------------------------------------
INFO: [HLS 200-10] -- Generating RTL for module 'fiat_25519_carry_mul_Pipeline_VITIS_LOOP_39_1' 
INFO: [HLS 200-10] ----------------------------------------------------------------
INFO: [HLS 200-1030] Apply Unified Pipeline Control on module 'fiat_25519_carry_mul_Pipeline_VITIS_LOOP_39_1' pipeline 'VITIS_LOOP_39_1' pipeline type 'loop pipeline'
INFO: [RTGEN 206-100] Generating core module 'mul_32ns_32ns_64_1_1': 19 instance(s).
INFO: [RTGEN 206-100] Generating core module 'mul_32s_6ns_32_1_1': 4 instance(s).
INFO: [RTGEN 206-100] Generating core module 'mul_32s_7s_32_1_1': 5 instance(s).
INFO: [RTGEN 206-100] Generating core module 'mux_10_4_32_1_1': 11 instance(s).
INFO: [RTGEN 206-100] Generating core module 'mux_4_2_32_1_1': 1 instance(s).
INFO: [RTGEN 206-100] Generating core module 'mux_5_3_32_1_1': 1 instance(s).
INFO: [RTGEN 206-100] Generating core module 'mux_6_3_32_1_1': 1 instance(s).
INFO: [RTGEN 206-100] Generating core module 'mux_7_3_32_1_1': 1 instance(s).
INFO: [RTGEN 206-100] Generating core module 'mux_8_3_32_1_1': 1 instance(s).
INFO: [RTGEN 206-100] Generating core module 'mux_9_4_32_1_1': 1 instance(s).
INFO: [RTGEN 206-100] Finished creating RTL model for 'fiat_25519_carry_mul_Pipeline_VITIS_LOOP_39_1'.
INFO: [HLS 200-111] Finished Creating RTL model: CPU user time: 0.14 seconds. CPU system time: 0.01 seconds. Elapsed time: 0.14 seconds; current allocated memory: 1.553 GB.
INFO: [HLS 200-10] ----------------------------------------------------------------
INFO: [HLS 200-10] -- Generating RTL for module 'fiat_25519_carry_mul_Pipeline_ARRAY_WRITE' 
INFO: [HLS 200-10] ----------------------------------------------------------------
INFO: [HLS 200-1030] Apply Unified Pipeline Control on module 'fiat_25519_carry_mul_Pipeline_ARRAY_WRITE' pipeline 'ARRAY_WRITE' pipeline type 'loop pipeline'
WARNING: [RTGEN 206-101] Setting dangling out port 'fiat_25519_carry_mul_Pipeline_ARRAY_WRITE/m_axi_mem_AWVALID' to 0.
WARNING: [RTGEN 206-101] Setting dangling out port 'fiat_25519_carry_mul_Pipeline_ARRAY_WRITE/m_axi_mem_AWADDR' to 0.
WARNING: [RTGEN 206-101] Setting dangling out port 'fiat_25519_carry_mul_Pipeline_ARRAY_WRITE/m_axi_mem_AWID' to 0.
WARNING: [RTGEN 206-101] Setting dangling out port 'fiat_25519_carry_mul_Pipeline_ARRAY_WRITE/m_axi_mem_AWLEN' to 0.
WARNING: [RTGEN 206-101] Setting dangling out port 'fiat_25519_carry_mul_Pipeline_ARRAY_WRITE/m_axi_mem_AWSIZE' to 0.
WARNING: [RTGEN 206-101] Setting dangling out port 'fiat_25519_carry_mul_Pipeline_ARRAY_WRITE/m_axi_mem_AWBURST' to 0.
WARNING: [RTGEN 206-101] Setting dangling out port 'fiat_25519_carry_mul_Pipeline_ARRAY_WRITE/m_axi_mem_AWLOCK' to 0.
WARNING: [RTGEN 206-101] Setting dangling out port 'fiat_25519_carry_mul_Pipeline_ARRAY_WRITE/m_axi_mem_AWCACHE' to 0.
WARNING: [RTGEN 206-101] Setting dangling out port 'fiat_25519_carry_mul_Pipeline_ARRAY_WRITE/m_axi_mem_AWPROT' to 0.
WARNING: [RTGEN 206-101] Setting dangling out port 'fiat_25519_carry_mul_Pipeline_ARRAY_WRITE/m_axi_mem_AWQOS' to 0.
WARNING: [RTGEN 206-101] Setting dangling out port 'fiat_25519_carry_mul_Pipeline_ARRAY_WRITE/m_axi_mem_AWREGION' to 0.
WARNING: [RTGEN 206-101] Setting dangling out port 'fiat_25519_carry_mul_Pipeline_ARRAY_WRITE/m_axi_mem_AWUSER' to 0.
WARNING: [RTGEN 206-101] Setting dangling out port 'fiat_25519_carry_mul_Pipeline_ARRAY_WRITE/m_axi_mem_BREADY' to 0.
INFO: [RTGEN 206-100] Generating core module 'mux_10_4_27_1_1': 1 instance(s).
INFO: [RTGEN 206-100] Finished creating RTL model for 'fiat_25519_carry_mul_Pipeline_ARRAY_WRITE'.
INFO: [HLS 200-111] Finished Creating RTL model: CPU user time: 0.59 seconds. CPU system time: 0.01 seconds. Elapsed time: 0.6 seconds; current allocated memory: 1.557 GB.
INFO: [HLS 200-10] ----------------------------------------------------------------
INFO: [HLS 200-10] -- Generating RTL for module 'fiat_25519_carry_mul' 
INFO: [HLS 200-10] ----------------------------------------------------------------
WARNING: [RTGEN 206-101] Design contains AXI ports. Reset is fixed to synchronous and active low.
INFO: [RTGEN 206-500] Setting interface mode on port 'fiat_25519_carry_mul/mem' to 'm_axi'.
INFO: [RTGEN 206-500] Setting interface mode on port 'fiat_25519_carry_mul/out1' to 's_axilite & ap_none'.
INFO: [RTGEN 206-500] Setting interface mode on port 'fiat_25519_carry_mul/arg1' to 's_axilite & ap_none'.
INFO: [RTGEN 206-500] Setting interface mode on port 'fiat_25519_carry_mul/arg2' to 's_axilite & ap_none'.
INFO: [RTGEN 206-500] Setting interface mode on function 'fiat_25519_carry_mul' to 's_axilite & ap_ctrl_hs'.
INFO: [RTGEN 206-100] Bundling port 'out1', 'arg1', 'arg2' and 'return' to AXI-Lite port control.
INFO: [RTGEN 206-100] Generating core module 'mul_39ns_6ns_44_1_1': 1 instance(s).
INFO: [RTGEN 206-100] Finished creating RTL model for 'fiat_25519_carry_mul'.
INFO: [HLS 200-111] Finished Creating RTL model: CPU user time: 0.11 seconds. CPU system time: 0 seconds. Elapsed time: 0.13 seconds; current allocated memory: 1.561 GB.
INFO: [HLS 200-111] Finished Generating all RTL models: CPU user time: 0.85 seconds. CPU system time: 0.04 seconds. Elapsed time: 0.89 seconds; current allocated memory: 1.565 GB.
INFO: [HLS 200-1603] Design has inferred MAXI bursts and missed bursts, see Vitis HLS GUI synthesis summary report for detailed information.
INFO: [HLS 200-111] Finished Updating report files: CPU user time: 0.49 seconds. CPU system time: 0.03 seconds. Elapsed time: 0.52 seconds; current allocated memory: 1.572 GB.
INFO: [VHDL 208-304] Generating VHDL RTL for fiat_25519_carry_mul.
INFO: [VLOG 209-307] Generating Verilog RTL for fiat_25519_carry_mul.
INFO: [HLS 200-790] **** Loop Constraint Status: All loop constraints were satisfied.
INFO: [HLS 200-789] **** Estimated Fmax: 136.99 MHz
INFO: [HLS 200-111] Finished Command csynth_design CPU user time: 7.83 seconds. CPU system time: 0.96 seconds. Elapsed time: 13.52 seconds; current allocated memory: 89.984 MB.
