

================================================================
== Vitis HLS Report for 'fiat_25519_carry_mul_Pipeline_VITIS_LOOP_55_5'
================================================================
* Date:           Thu May  9 14:09:17 2024

* Version:        2023.1.1 (Build 3869133 on Jun 15 2023)
* Project:        D2
* Solution:       comb_6 (Vivado IP Flow Target)
* Product family: zynquplus
* Target device:  xczu9eg-ffvb1156-2-e


================================================================
== Performance Estimates
================================================================
+ Timing: 
    * Summary: 
    +--------+----------+----------+------------+
    |  Clock |  Target  | Estimated| Uncertainty|
    +--------+----------+----------+------------+
    |ap_clk  |  10.00 ns|  6.975 ns|     2.70 ns|
    +--------+----------+----------+------------+

+ Latency: 
    * Summary: 
    +---------+---------+----------+----------+-----+-----+---------+
    |  Latency (cycles) |  Latency (absolute) |  Interval | Pipeline|
    |   min   |   max   |    min   |    max   | min | max |   Type  |
    +---------+---------+----------+----------+-----+-----+---------+
    |       12|       12|  0.120 us|  0.120 us|   12|   12|       no|
    +---------+---------+----------+----------+-----+-----+---------+

    + Detail: 
        * Instance: 
        N/A

        * Loop: 
        +-------------------+---------+---------+----------+-----------+-----------+------+----------+
        |                   |  Latency (cycles) | Iteration|  Initiation Interval  | Trip |          |
        |     Loop Name     |   min   |   max   |  Latency |  achieved |   target  | Count| Pipelined|
        +-------------------+---------+---------+----------+-----------+-----------+------+----------+
        |- VITIS_LOOP_55_5  |       10|       10|         1|          1|          1|    10|       yes|
        +-------------------+---------+---------+----------+-----------+-----------+------+----------+



================================================================
== Utilization Estimates
================================================================
* Summary: 
+-----------------+---------+------+--------+--------+-----+
|       Name      | BRAM_18K|  DSP |   FF   |   LUT  | URAM|
+-----------------+---------+------+--------+--------+-----+
|DSP              |        -|     -|       -|       -|    -|
|Expression       |        -|     -|       0|    1801|    -|
|FIFO             |        -|     -|       -|       -|    -|
|Instance         |        -|    40|       0|     676|    -|
|Memory           |        -|     -|       -|       -|    -|
|Multiplexer      |        -|     -|       -|     117|    -|
|Register         |        -|     -|     647|       -|    -|
+-----------------+---------+------+--------+--------+-----+
|Total            |        0|    40|     647|    2594|    0|
+-----------------+---------+------+--------+--------+-----+
|Available        |     1824|  2520|  548160|  274080|    0|
+-----------------+---------+------+--------+--------+-----+
|Utilization (%)  |        0|     1|      ~0|      ~0|    0|
+-----------------+---------+------+--------+--------+-----+

+ Detail: 
    * Instance: 
    +--------------------------+----------------------+---------+----+---+----+-----+
    |         Instance         |        Module        | BRAM_18K| DSP| FF| LUT| URAM|
    +--------------------------+----------------------+---------+----+---+----+-----+
    |mul_32ns_32ns_64_1_1_U25  |mul_32ns_32ns_64_1_1  |        0|   4|  0|  20|    0|
    |mul_32ns_32ns_64_1_1_U26  |mul_32ns_32ns_64_1_1  |        0|   4|  0|  20|    0|
    |mul_32ns_32ns_64_1_1_U27  |mul_32ns_32ns_64_1_1  |        0|   4|  0|  20|    0|
    |mul_32ns_32ns_64_1_1_U28  |mul_32ns_32ns_64_1_1  |        0|   4|  0|  20|    0|
    |mul_32ns_32ns_64_1_1_U29  |mul_32ns_32ns_64_1_1  |        0|   4|  0|  20|    0|
    |mul_32ns_32ns_64_1_1_U30  |mul_32ns_32ns_64_1_1  |        0|   4|  0|  20|    0|
    |mul_32ns_32ns_64_1_1_U31  |mul_32ns_32ns_64_1_1  |        0|   4|  0|  20|    0|
    |mul_32ns_32ns_64_1_1_U32  |mul_32ns_32ns_64_1_1  |        0|   4|  0|  20|    0|
    |mul_32ns_32ns_64_1_1_U33  |mul_32ns_32ns_64_1_1  |        0|   4|  0|  20|    0|
    |mul_32ns_32ns_64_1_1_U34  |mul_32ns_32ns_64_1_1  |        0|   4|  0|  20|    0|
    |mux_10_4_32_1_1_U35       |mux_10_4_32_1_1       |        0|   0|  0|  54|    0|
    |mux_10_4_32_1_1_U36       |mux_10_4_32_1_1       |        0|   0|  0|  54|    0|
    |mux_10_4_32_1_1_U43       |mux_10_4_32_1_1       |        0|   0|  0|  54|    0|
    |mux_10_4_32_1_1_U44       |mux_10_4_32_1_1       |        0|   0|  0|  54|    0|
    |mux_10_4_32_1_1_U45       |mux_10_4_32_1_1       |        0|   0|  0|  54|    0|
    |mux_4_2_32_1_1_U42        |mux_4_2_32_1_1        |        0|   0|  0|  20|    0|
    |mux_5_3_32_1_1_U41        |mux_5_3_32_1_1        |        0|   0|  0|  26|    0|
    |mux_6_3_32_1_1_U40        |mux_6_3_32_1_1        |        0|   0|  0|  31|    0|
    |mux_7_3_32_1_1_U39        |mux_7_3_32_1_1        |        0|   0|  0|  37|    0|
    |mux_8_3_32_1_1_U38        |mux_8_3_32_1_1        |        0|   0|  0|  43|    0|
    |mux_9_4_32_1_1_U37        |mux_9_4_32_1_1        |        0|   0|  0|  49|    0|
    +--------------------------+----------------------+---------+----+---+----+-----+
    |Total                     |                      |        0|  40|  0| 676|    0|
    +--------------------------+----------------------+---------+----+---+----+-----+

    * DSP: 
    N/A

    * Memory: 
    N/A

    * FIFO: 
    N/A

    * Expression: 
    +---------------------------+----------+----+---+----+------------+------------+
    |       Variable Name       | Operation| DSP| FF| LUT| Bitwidth P0| Bitwidth P1|
    +---------------------------+----------+----+---+----+------------+------------+
    |add_ln67_1_fu_794_p2       |         +|   0|  0|  12|           4|           2|
    |add_ln67_2_fu_925_p2       |         +|   0|  0|  12|           4|           3|
    |add_ln67_3_fu_1052_p2      |         +|   0|  0|  12|           5|           3|
    |add_ln67_4_fu_1202_p2      |         +|   0|  0|  12|           5|           4|
    |add_ln67_fu_550_p2         |         +|   0|  0|  12|           4|           1|
    |add_ln68_1_fu_731_p2       |         +|   0|  0|  71|          64|          64|
    |add_ln68_2_fu_788_p2       |         +|   0|  0|  71|          64|          64|
    |add_ln68_3_fu_864_p2       |         +|   0|  0|  71|          64|          64|
    |add_ln68_4_fu_919_p2       |         +|   0|  0|  71|          64|          64|
    |add_ln68_5_fu_993_p2       |         +|   0|  0|  71|          64|          64|
    |add_ln68_6_fu_1046_p2      |         +|   0|  0|  71|          64|          64|
    |add_ln68_7_fu_1131_p2      |         +|   0|  0|  71|          64|          64|
    |add_ln68_8_fu_1196_p2      |         +|   0|  0|  71|          64|          64|
    |add_ln68_9_fu_1281_p2      |         +|   0|  0|  71|          64|          64|
    |add_ln68_fu_659_p2         |         +|   0|  0|  71|          64|          64|
    |empty_22_fu_737_p2         |         +|   0|  0|  12|           4|           2|
    |empty_23_fu_870_p2         |         +|   0|  0|  12|           4|           3|
    |empty_24_fu_999_p2         |         +|   0|  0|  12|           4|           3|
    |empty_25_fu_1137_p2        |         +|   0|  0|  12|           5|           4|
    |tmp_1_fu_638_p11           |         -|   0|  0|  12|           4|           4|
    |tmp_2_fu_683_p10           |         -|   0|  0|  12|           5|           4|
    |tmp_4_fu_818_p8            |         -|   0|  0|  10|           3|           3|
    |tmp_5_fu_882_p7            |         -|   0|  0|  10|           3|           3|
    |tmp_6_fu_949_p6            |         -|   0|  0|  12|           4|           3|
    |tmp_8_fu_1076_p11          |         -|   0|  0|  12|           2|           4|
    |tmp_9_fu_1149_p11          |         -|   0|  0|  12|           1|           4|
    |tmp_s_fu_1226_p11          |         -|   0|  0|  12|           1|           4|
    |and_ln67_1_fu_806_p2       |       and|   0|  0|   2|           1|           1|
    |and_ln67_2_fu_937_p2       |       and|   0|  0|   2|           1|           1|
    |and_ln67_3_fu_1064_p2      |       and|   0|  0|   2|           1|           1|
    |and_ln67_4_fu_1214_p2      |       and|   0|  0|   2|           1|           1|
    |and_ln67_fu_671_p2         |       and|   0|  0|   2|           1|           1|
    |and_ln68_1_fu_782_p2       |       and|   0|  0|  64|          64|          64|
    |and_ln68_2_fu_858_p2       |       and|   0|  0|  64|          64|          64|
    |and_ln68_3_fu_913_p2       |       and|   0|  0|  64|          64|          64|
    |and_ln68_4_fu_987_p2       |       and|   0|  0|  64|          64|          64|
    |and_ln68_5_fu_1040_p2      |       and|   0|  0|  64|          64|          64|
    |and_ln68_6_fu_1125_p2      |       and|   0|  0|  64|          64|          64|
    |and_ln68_7_fu_1190_p2      |       and|   0|  0|  64|          64|          64|
    |and_ln68_8_fu_1275_p2      |       and|   0|  0|  64|          64|          64|
    |and_ln68_fu_725_p2         |       and|   0|  0|  64|          64|          64|
    |icmp_ln67_1_fu_665_p2      |      icmp|   0|  0|  12|           4|           4|
    |icmp_ln67_2_fu_800_p2      |      icmp|   0|  0|  12|           4|           4|
    |icmp_ln67_3_fu_931_p2      |      icmp|   0|  0|  12|           4|           4|
    |icmp_ln67_4_fu_1058_p2     |      icmp|   0|  0|  12|           5|           4|
    |icmp_ln67_5_fu_1208_p2     |      icmp|   0|  0|  12|           5|           4|
    |icmp_ln67_fu_544_p2        |      icmp|   0|  0|  12|           4|           4|
    |icmp_ln68_1_fu_899_p2      |      icmp|   0|  0|  12|           4|           4|
    |icmp_ln68_2_fu_1026_p2     |      icmp|   0|  0|  12|           4|           4|
    |icmp_ln68_3_fu_1176_p2     |      icmp|   0|  0|  12|           5|           4|
    |icmp_ln68_fu_768_p2        |      icmp|   0|  0|  12|           4|           4|
    |select_ln68_10_fu_1032_p3  |    select|   0|  0|   2|           1|           2|
    |select_ln68_11_fu_1117_p3  |    select|   0|  0|   2|           1|           2|
    |select_ln68_12_fu_1182_p3  |    select|   0|  0|   2|           1|           2|
    |select_ln68_13_fu_1267_p3  |    select|   0|  0|   2|           1|           2|
    |select_ln68_1_fu_837_p3    |    select|   0|  0|  32|           1|          32|
    |select_ln68_2_fu_966_p3    |    select|   0|  0|  32|           1|          32|
    |select_ln68_3_fu_1104_p3   |    select|   0|  0|  32|           1|          32|
    |select_ln68_4_fu_1254_p3   |    select|   0|  0|  32|           1|          32|
    |select_ln68_5_fu_717_p3    |    select|   0|  0|   2|           1|           2|
    |select_ln68_6_fu_774_p3    |    select|   0|  0|   2|           1|           2|
    |select_ln68_7_fu_850_p3    |    select|   0|  0|   2|           1|           2|
    |select_ln68_8_fu_905_p3    |    select|   0|  0|   2|           1|           2|
    |select_ln68_9_fu_979_p3    |    select|   0|  0|   2|           1|           2|
    |select_ln68_fu_704_p3      |    select|   0|  0|  32|           1|          32|
    |ap_enable_pp0              |       xor|   0|  0|   2|           1|           2|
    |tmp_3_fu_749_p9            |       xor|   0|  0|   3|           3|           2|
    |tmp_7_fu_1011_p5           |       xor|   0|  0|   2|           2|           2|
    +---------------------------+----------+----+---+----+------------+------------+
    |Total                      |          |   0|  0|1801|        1346|        1499|
    +---------------------------+----------+----+---+----+------------+------------+

    * Multiplexer: 
    +-------------------------+----+-----------+-----+-----------+
    |           Name          | LUT| Input Size| Bits| Total Bits|
    +-------------------------+----+-----------+-----+-----------+
    |add129232_fu_158         |   9|          2|   64|        128|
    |add129_1234_fu_166       |   9|          2|   64|        128|
    |add129_128233_fu_162     |   9|          2|   64|        128|
    |add129_1_1235_fu_170     |   9|          2|   64|        128|
    |add129_2236_fu_174       |   9|          2|   64|        128|
    |add129_2_1237_fu_178     |   9|          2|   64|        128|
    |add129_3238_fu_182       |   9|          2|   64|        128|
    |add129_3_1239_fu_186     |   9|          2|   64|        128|
    |add129_4240_fu_190       |   9|          2|   64|        128|
    |add129_4_1241_fu_194     |   9|          2|   64|        128|
    |ap_done_int              |   9|          2|    1|          2|
    |ap_enable_reg_pp0_iter1  |   9|          2|    1|          2|
    |i1_fu_198                |   9|          2|    4|          8|
    +-------------------------+----+-----------+-----+-----------+
    |Total                    | 117|         26|  646|       1292|
    +-------------------------+----+-----------+-----+-----------+

    * Register: 
    +-------------------------+----+----+-----+-----------+
    |           Name          | FF | LUT| Bits| Const Bits|
    +-------------------------+----+----+-----+-----------+
    |add129232_fu_158         |  64|   0|   64|          0|
    |add129_1234_fu_166       |  64|   0|   64|          0|
    |add129_128233_fu_162     |  64|   0|   64|          0|
    |add129_1_1235_fu_170     |  64|   0|   64|          0|
    |add129_2236_fu_174       |  64|   0|   64|          0|
    |add129_2_1237_fu_178     |  64|   0|   64|          0|
    |add129_3238_fu_182       |  64|   0|   64|          0|
    |add129_3_1239_fu_186     |  64|   0|   64|          0|
    |add129_4240_fu_190       |  64|   0|   64|          0|
    |add129_4_1241_fu_194     |  64|   0|   64|          0|
    |ap_CS_fsm                |   1|   0|    1|          0|
    |ap_done_reg              |   1|   0|    1|          0|
    |ap_enable_reg_pp0_iter1  |   1|   0|    1|          0|
    |i1_fu_198                |   4|   0|    4|          0|
    +-------------------------+----+----+-----+-----------+
    |Total                    | 647|   0|  647|          0|
    +-------------------------+----+----+-----+-----------+



================================================================
== Interface
================================================================
* Summary: 
+--------------------------+-----+-----+------------+-----------------------------------------------+--------------+
|         RTL Ports        | Dir | Bits|  Protocol  |                 Source Object                 |    C Type    |
+--------------------------+-----+-----+------------+-----------------------------------------------+--------------+
|ap_clk                    |   in|    1|  ap_ctrl_hs|  fiat_25519_carry_mul_Pipeline_VITIS_LOOP_55_5|  return value|
|ap_rst                    |   in|    1|  ap_ctrl_hs|  fiat_25519_carry_mul_Pipeline_VITIS_LOOP_55_5|  return value|
|ap_start                  |   in|    1|  ap_ctrl_hs|  fiat_25519_carry_mul_Pipeline_VITIS_LOOP_55_5|  return value|
|ap_done                   |  out|    1|  ap_ctrl_hs|  fiat_25519_carry_mul_Pipeline_VITIS_LOOP_55_5|  return value|
|ap_idle                   |  out|    1|  ap_ctrl_hs|  fiat_25519_carry_mul_Pipeline_VITIS_LOOP_55_5|  return value|
|ap_ready                  |  out|    1|  ap_ctrl_hs|  fiat_25519_carry_mul_Pipeline_VITIS_LOOP_55_5|  return value|
|arr_8                     |   in|   64|     ap_none|                                          arr_8|        scalar|
|arr_7                     |   in|   64|     ap_none|                                          arr_7|        scalar|
|arr_6                     |   in|   64|     ap_none|                                          arr_6|        scalar|
|arr_5                     |   in|   64|     ap_none|                                          arr_5|        scalar|
|arr_4                     |   in|   64|     ap_none|                                          arr_4|        scalar|
|arr_3                     |   in|   64|     ap_none|                                          arr_3|        scalar|
|arr_2                     |   in|   64|     ap_none|                                          arr_2|        scalar|
|arr_1                     |   in|   64|     ap_none|                                          arr_1|        scalar|
|arr                       |   in|   64|     ap_none|                                            arr|        scalar|
|arg1_r_reload             |   in|   32|     ap_none|                                  arg1_r_reload|        scalar|
|arg1_r_1_reload           |   in|   32|     ap_none|                                arg1_r_1_reload|        scalar|
|arg1_r_2_reload           |   in|   32|     ap_none|                                arg1_r_2_reload|        scalar|
|arg1_r_3_reload           |   in|   32|     ap_none|                                arg1_r_3_reload|        scalar|
|arg1_r_4_reload           |   in|   32|     ap_none|                                arg1_r_4_reload|        scalar|
|arg1_r_5_reload           |   in|   32|     ap_none|                                arg1_r_5_reload|        scalar|
|arg1_r_6_reload           |   in|   32|     ap_none|                                arg1_r_6_reload|        scalar|
|arg1_r_7_reload           |   in|   32|     ap_none|                                arg1_r_7_reload|        scalar|
|arg1_r_8_reload           |   in|   32|     ap_none|                                arg1_r_8_reload|        scalar|
|arg1_r_9_reload           |   in|   32|     ap_none|                                arg1_r_9_reload|        scalar|
|arg2_r_reload             |   in|   32|     ap_none|                                  arg2_r_reload|        scalar|
|arg2_r_1_reload           |   in|   32|     ap_none|                                arg2_r_1_reload|        scalar|
|arg2_r_2_reload           |   in|   32|     ap_none|                                arg2_r_2_reload|        scalar|
|arg2_r_3_reload           |   in|   32|     ap_none|                                arg2_r_3_reload|        scalar|
|arg2_r_4_reload           |   in|   32|     ap_none|                                arg2_r_4_reload|        scalar|
|arg2_r_5_reload           |   in|   32|     ap_none|                                arg2_r_5_reload|        scalar|
|arg2_r_6_reload           |   in|   32|     ap_none|                                arg2_r_6_reload|        scalar|
|arg2_r_7_reload           |   in|   32|     ap_none|                                arg2_r_7_reload|        scalar|
|arg2_r_8_reload           |   in|   32|     ap_none|                                arg2_r_8_reload|        scalar|
|arg2_r_9_reload           |   in|   32|     ap_none|                                arg2_r_9_reload|        scalar|
|add129_4_1241_out         |  out|   64|      ap_vld|                              add129_4_1241_out|       pointer|
|add129_4_1241_out_ap_vld  |  out|    1|      ap_vld|                              add129_4_1241_out|       pointer|
|add129_4240_out           |  out|   64|      ap_vld|                                add129_4240_out|       pointer|
|add129_4240_out_ap_vld    |  out|    1|      ap_vld|                                add129_4240_out|       pointer|
|add129_3_1239_out         |  out|   64|      ap_vld|                              add129_3_1239_out|       pointer|
|add129_3_1239_out_ap_vld  |  out|    1|      ap_vld|                              add129_3_1239_out|       pointer|
|add129_3238_out           |  out|   64|      ap_vld|                                add129_3238_out|       pointer|
|add129_3238_out_ap_vld    |  out|    1|      ap_vld|                                add129_3238_out|       pointer|
|add129_2_1237_out         |  out|   64|      ap_vld|                              add129_2_1237_out|       pointer|
|add129_2_1237_out_ap_vld  |  out|    1|      ap_vld|                              add129_2_1237_out|       pointer|
|add129_2236_out           |  out|   64|      ap_vld|                                add129_2236_out|       pointer|
|add129_2236_out_ap_vld    |  out|    1|      ap_vld|                                add129_2236_out|       pointer|
|add129_1_1235_out         |  out|   64|      ap_vld|                              add129_1_1235_out|       pointer|
|add129_1_1235_out_ap_vld  |  out|    1|      ap_vld|                              add129_1_1235_out|       pointer|
|add129_1234_out           |  out|   64|      ap_vld|                                add129_1234_out|       pointer|
|add129_1234_out_ap_vld    |  out|    1|      ap_vld|                                add129_1234_out|       pointer|
|add129_128233_out         |  out|   64|      ap_vld|                              add129_128233_out|       pointer|
|add129_128233_out_ap_vld  |  out|    1|      ap_vld|                              add129_128233_out|       pointer|
|add129232_out             |  out|   64|      ap_vld|                                  add129232_out|       pointer|
|add129232_out_ap_vld      |  out|    1|      ap_vld|                                  add129232_out|       pointer|
+--------------------------+-----+-----+------------+-----------------------------------------------+--------------+

