==============================================================
Vitis HLS - High-Level Synthesis from C, C++ and OpenCL v2023.1.1 (64-bit)
Tool Version Limit: 2023.06
Copyright 1986-2022 Xilinx, Inc. All Rights Reserved.
Copyright 2022-2023 Advanced Micro Devices, Inc. All Rights Reserved.

==============================================================
INFO: [HLS 200-1505] Using flow_target 'vivado'
INFO: [HLS 200-1510] Running: set_part xczu9eg-ffvb1156-2-e 
INFO: [HLS 200-1611] Setting target device to 'xczu9eg-ffvb1156-2-e'
INFO: [HLS 200-1510] Running: create_clock -period 100MHz -name default 
INFO: [SYN 201-201] Setting up clock 'default' with a period of 10ns.
INFO: [HLS 200-1510] Running: set_directive_top -name test test 
INFO: [HLS 200-1510] Running: csim_design 
INFO: [SIM 211-2] *************** CSIM start ***************
INFO: [SIM 211-4] CSIM will launch GCC as the compiler.
INFO: [HLS 200-2036] Building debug C Simulation binaries
INFO: [SIM 211-1] CSim done with 0 errors.
INFO: [SIM 211-3] *************** CSIM finish ***************
INFO: [HLS 200-111] Finished Command csim_design CPU user time: 0.48 seconds. CPU system time: 0.71 seconds. Elapsed time: 1.2 seconds; current allocated memory: 1.141 MB.
INFO: [HLS 200-1510] Running: csynth_design 
INFO: [HLS 200-111] Finished File checks and directory preparation: CPU user time: 0.06 seconds. CPU system time: 0.01 seconds. Elapsed time: 0.06 seconds; current allocated memory: 1.485 GB.
INFO: [HLS 200-10] Analyzing design file 'd1.cpp' ... 
INFO: [HLS 200-111] Finished Source Code Analysis and Preprocessing: CPU user time: 0.52 seconds. CPU system time: 0.69 seconds. Elapsed time: 1.21 seconds; current allocated memory: 1.486 GB.
INFO: [HLS 200-777] Using interface defaults for 'Vivado' flow target.
INFO: [HLS 200-1995] There were 4,543 instructions in the design after the 'Compile/Link' phase of compilation. See the Design Size Report for more details: /export/hdd/scratch/km304/MSThesis/EllipticCurves/fiat_p448_carry_mul/OptimizedDesigns/D1/D1/comb_46/syn/report/csynth_design_size.rpt
INFO: [HLS 200-1995] There were 16,159 instructions in the design after the 'Unroll/Inline' phase of compilation. See the Design Size Report for more details: /export/hdd/scratch/km304/MSThesis/EllipticCurves/fiat_p448_carry_mul/OptimizedDesigns/D1/D1/comb_46/syn/report/csynth_design_size.rpt
INFO: [HLS 200-1995] There were 1,562 instructions in the design after the 'Performance/Pipeline' phase of compilation. See the Design Size Report for more details: /export/hdd/scratch/km304/MSThesis/EllipticCurves/fiat_p448_carry_mul/OptimizedDesigns/D1/D1/comb_46/syn/report/csynth_design_size.rpt
INFO: [HLS 200-1995] There were 1,579 instructions in the design after the 'Optimizations' phase of compilation. See the Design Size Report for more details: /export/hdd/scratch/km304/MSThesis/EllipticCurves/fiat_p448_carry_mul/OptimizedDesigns/D1/D1/comb_46/syn/report/csynth_design_size.rpt
INFO: [HLS 214-291] Loop 'VITIS_LOOP_91_10' is marked as complete unroll implied by the pipeline pragma (d1.cpp:91:20)
INFO: [HLS 214-291] Loop 'VITIS_LOOP_95_11' is marked as complete unroll implied by the pipeline pragma (d1.cpp:95:27)
INFO: [HLS 214-291] Loop 'VITIS_LOOP_98_12' is marked as complete unroll implied by the pipeline pragma (d1.cpp:98:20)
INFO: [HLS 214-291] Loop 'VITIS_LOOP_65_6' is marked as complete unroll implied by the pipeline pragma (d1.cpp:65:19)
INFO: [HLS 214-291] Loop 'VITIS_LOOP_72_7' is marked as complete unroll implied by the pipeline pragma (d1.cpp:72:24)
INFO: [HLS 214-291] Loop 'VITIS_LOOP_75_8' is marked as complete unroll implied by the pipeline pragma (d1.cpp:75:19)
INFO: [HLS 214-291] Loop 'VITIS_LOOP_40_2' is marked as complete unroll implied by the pipeline pragma (d1.cpp:40:19)
INFO: [HLS 214-291] Loop 'VITIS_LOOP_44_3' is marked as complete unroll implied by the pipeline pragma (d1.cpp:44:26)
INFO: [HLS 214-291] Loop 'VITIS_LOOP_47_4' is marked as complete unroll implied by the pipeline pragma (d1.cpp:47:19)
INFO: [HLS 214-186] Unrolling loop 'VITIS_LOOP_91_10' (d1.cpp:91:20) in function 'test' completely with a factor of 7 (d1.cpp:4:0)
INFO: [HLS 214-186] Unrolling loop 'VITIS_LOOP_95_11' (d1.cpp:95:27) in function 'test' completely with a factor of 5 (d1.cpp:4:0)
WARNING: [HLS 214-189] Pipeline directive for loop 'VITIS_LOOP_95_11' (d1.cpp:95:27) in function 'test' has been removed because the loop is unrolled completely (d1.cpp:4:0)
INFO: [HLS 214-186] Unrolling loop 'VITIS_LOOP_98_12' (d1.cpp:98:20) in function 'test' completely with a factor of 3 (d1.cpp:4:0)
INFO: [HLS 214-186] Unrolling loop 'VITIS_LOOP_65_6' (d1.cpp:65:19) in function 'test' completely with a factor of 5 (d1.cpp:4:0)
INFO: [HLS 214-186] Unrolling loop 'VITIS_LOOP_72_7' (d1.cpp:72:24) in function 'test' completely with a factor of 15 (d1.cpp:4:0)
WARNING: [HLS 214-189] Pipeline directive for loop 'VITIS_LOOP_72_7' (d1.cpp:72:24) in function 'test' has been removed because the loop is unrolled completely (d1.cpp:4:0)
INFO: [HLS 214-186] Unrolling loop 'VITIS_LOOP_75_8' (d1.cpp:75:19) in function 'test' completely with a factor of 1 (d1.cpp:4:0)
INFO: [HLS 214-186] Unrolling loop 'VITIS_LOOP_40_2' (d1.cpp:40:19) in function 'test' completely with a factor of 7 (d1.cpp:4:0)
INFO: [HLS 214-186] Unrolling loop 'VITIS_LOOP_44_3' (d1.cpp:44:26) in function 'test' completely with a factor of 15 (d1.cpp:4:0)
WARNING: [HLS 214-189] Pipeline directive for loop 'VITIS_LOOP_44_3' (d1.cpp:44:26) in function 'test' has been removed because the loop is unrolled completely (d1.cpp:4:0)
INFO: [HLS 214-186] Unrolling loop 'VITIS_LOOP_47_4' (d1.cpp:47:19) in function 'test' completely with a factor of 1 (d1.cpp:4:0)
WARNING: [HLS 214-167] The program may have out of bound array access (d1.cpp:106:44)
WARNING: [HLS 214-167] The program may have out of bound array access (d1.cpp:78:44)
INFO: [HLS 214-248] Applying array_partition to 'arr': Complete partitioning on dimension 1. (d1.cpp:12:11)
INFO: [HLS 214-248] Applying array_partition to 'arg1_r': Complete partitioning on dimension 1. (d1.cpp:13:11)
INFO: [HLS 214-248] Applying array_partition to 'arg2_r': Complete partitioning on dimension 1. (d1.cpp:14:11)
INFO: [HLS 214-248] Applying array_partition to 'out1_w': Complete partitioning on dimension 1. (d1.cpp:15:11)
INFO: [HLS 214-115] Multiple burst reads of length 16 and bit width 32 in loop 'ARRAY_1_READ'(d1.cpp:24:2) has been inferred on bundle 'mem'. These burst requests might be further partitioned into multiple requests during RTL generation, based on max_read_burst_length or max_write_burst_length settings. (d1.cpp:24:2)
INFO: [HLS 214-115] Multiple burst reads of length 16 and bit width 32 in loop 'ARRAY_2_READ'(d1.cpp:31:2) has been inferred on bundle 'mem'. These burst requests might be further partitioned into multiple requests during RTL generation, based on max_read_burst_length or max_write_burst_length settings. (d1.cpp:31:2)
INFO: [HLS 214-115] Multiple burst writes of length 16 and bit width 32 in loop 'ARRAY_WRITE'(d1.cpp:149:2) has been inferred on bundle 'mem'. These burst requests might be further partitioned into multiple requests during RTL generation, based on max_read_burst_length or max_write_burst_length settings. (d1.cpp:149:2)
INFO: [HLS 200-111] Finished Compiling Optimization and Transform: CPU user time: 5.74 seconds. CPU system time: 0.83 seconds. Elapsed time: 9.75 seconds; current allocated memory: 1.490 GB.
INFO: [HLS 200-111] Finished Checking Pragmas: CPU user time: 0 seconds. CPU system time: 0 seconds. Elapsed time: 0.01 seconds; current allocated memory: 1.490 GB.
INFO: [HLS 200-10] Starting code transformations ...
INFO: [HLS 200-111] Finished Standard Transforms: CPU user time: 0.08 seconds. CPU system time: 0.01 seconds. Elapsed time: 0.07 seconds; current allocated memory: 1.493 GB.
INFO: [HLS 200-10] Checking synthesizability ...
INFO: [HLS 200-111] Finished Checking Synthesizability: CPU user time: 0.06 seconds. CPU system time: 0 seconds. Elapsed time: 0.05 seconds; current allocated memory: 1.493 GB.
INFO: [XFORM 203-510] Pipelining loop 'ARRAY_1_READ' (d1.cpp:24) in function 'test' automatically.
INFO: [XFORM 203-510] Pipelining loop 'ARRAY_2_READ' (d1.cpp:31) in function 'test' automatically.
INFO: [XFORM 203-510] Pipelining loop 'ARRAY_WRITE' (d1.cpp:149) in function 'test' automatically.
INFO: [XFORM 203-401] Performing if-conversion on hyperblock from (d1.cpp:64:9) to (d1.cpp:62:20) in function 'test'... converting 11 basic blocks.
INFO: [XFORM 203-11] Balancing expressions in function 'test' (d1.cpp:3:2)...345 expression(s) balanced.
INFO: [HLS 200-111] Finished Loop, function and other optimizations: CPU user time: 0.32 seconds. CPU system time: 0 seconds. Elapsed time: 0.33 seconds; current allocated memory: 1.521 GB.
INFO: [HLS 200-111] Finished Architecture Synthesis: CPU user time: 0.26 seconds. CPU system time: 0.01 seconds. Elapsed time: 0.27 seconds; current allocated memory: 1.555 GB.
INFO: [HLS 200-10] Starting hardware synthesis ...
INFO: [HLS 200-10] Synthesizing 'test' ...
INFO: [HLS 200-10] ----------------------------------------------------------------
INFO: [HLS 200-42] -- Implementing module 'test_Pipeline_ARRAY_1_READ' 
INFO: [HLS 200-10] ----------------------------------------------------------------
INFO: [SCHED 204-11] Starting scheduling ...
INFO: [SCHED 204-61] Pipelining loop 'ARRAY_1_READ'.
INFO: [HLS 200-1470] Pipelining result : Target II = NA, Final II = 1, Depth = 2, loop 'ARRAY_1_READ'
INFO: [SCHED 204-11] Finished scheduling.
INFO: [HLS 200-111] Finished Scheduling: CPU user time: 0.08 seconds. CPU system time: 0.08 seconds. Elapsed time: 0.16 seconds; current allocated memory: 1.558 GB.
INFO: [BIND 205-100] Starting micro-architecture generation ...
INFO: [BIND 205-101] Performing variable lifetime analysis.
INFO: [BIND 205-101] Exploring resource sharing.
INFO: [BIND 205-101] Binding ...
INFO: [BIND 205-100] Finished micro-architecture generation.
INFO: [HLS 200-111] Finished Binding: CPU user time: 0.05 seconds. CPU system time: 0.01 seconds. Elapsed time: 0.06 seconds; current allocated memory: 1.558 GB.
INFO: [HLS 200-10] ----------------------------------------------------------------
INFO: [HLS 200-42] -- Implementing module 'test_Pipeline_ARRAY_2_READ' 
INFO: [HLS 200-10] ----------------------------------------------------------------
INFO: [SCHED 204-11] Starting scheduling ...
INFO: [SCHED 204-61] Pipelining loop 'ARRAY_2_READ'.
INFO: [HLS 200-1470] Pipelining result : Target II = NA, Final II = 1, Depth = 2, loop 'ARRAY_2_READ'
INFO: [SCHED 204-11] Finished scheduling.
INFO: [HLS 200-111] Finished Scheduling: CPU user time: 0.08 seconds. CPU system time: 0 seconds. Elapsed time: 0.08 seconds; current allocated memory: 1.559 GB.
INFO: [BIND 205-100] Starting micro-architecture generation ...
INFO: [BIND 205-101] Performing variable lifetime analysis.
INFO: [BIND 205-101] Exploring resource sharing.
INFO: [BIND 205-101] Binding ...
INFO: [BIND 205-100] Finished micro-architecture generation.
INFO: [HLS 200-111] Finished Binding: CPU user time: 0.04 seconds. CPU system time: 0 seconds. Elapsed time: 0.05 seconds; current allocated memory: 1.559 GB.
INFO: [HLS 200-10] ----------------------------------------------------------------
INFO: [HLS 200-42] -- Implementing module 'test_Pipeline_VITIS_LOOP_62_5' 
INFO: [HLS 200-10] ----------------------------------------------------------------
INFO: [SCHED 204-11] Starting scheduling ...
INFO: [SCHED 204-61] Pipelining loop 'VITIS_LOOP_62_5'.
INFO: [HLS 200-1470] Pipelining result : Target II = 1, Final II = 1, Depth = 4, loop 'VITIS_LOOP_62_5'
WARNING: [HLS 200-871] Estimated clock period (7.972 ns) exceeds the target (target clock period: 10.000 ns, clock uncertainty: 2.700 ns, effective delay budget: 7.300 ns).
WARNING: [HLS 200-1016] The critical path in module 'test_Pipeline_VITIS_LOOP_62_5' consists of the following:
	'load' operation ('add1381048_load', d1.cpp:70) on local variable 'add1381048' [159]  (0.000 ns)
	'add' operation ('add_ln70', d1.cpp:70) [179]  (1.085 ns)
	'select' operation ('select_ln70', d1.cpp:70) [180]  (0.424 ns)
	'add' operation ('add_ln70_4', d1.cpp:70) [333]  (1.085 ns)
	'select' operation ('select_ln70_3', d1.cpp:70) [334]  (0.424 ns)
	'add' operation ('add_ln70_8', d1.cpp:70) [480]  (1.085 ns)
	'select' operation ('select_ln70_6', d1.cpp:70) [481]  (0.424 ns)
	'add' operation ('add_ln70_12', d1.cpp:70) [623]  (1.085 ns)
	'select' operation ('select_ln70_9', d1.cpp:70) [624]  (0.424 ns)
	'add' operation ('add_ln70_16', d1.cpp:70) [764]  (1.085 ns)
	'select' operation ('select_ln70_12', d1.cpp:70) [765]  (0.424 ns)
	'store' operation ('add1381048_write_ln62', d1.cpp:62) of variable 'select_ln70_12', d1.cpp:70 on local variable 'add1381048' [988]  (0.427 ns)

INFO: [SCHED 204-11] Finished scheduling.
INFO: [HLS 200-111] Finished Scheduling: CPU user time: 4.45 seconds. CPU system time: 0.01 seconds. Elapsed time: 4.47 seconds; current allocated memory: 1.576 GB.
INFO: [BIND 205-100] Starting micro-architecture generation ...
INFO: [BIND 205-101] Performing variable lifetime analysis.
INFO: [BIND 205-101] Exploring resource sharing.
INFO: [BIND 205-101] Binding ...
INFO: [BIND 205-100] Finished micro-architecture generation.
INFO: [HLS 200-111] Finished Binding: CPU user time: 0.26 seconds. CPU system time: 0.02 seconds. Elapsed time: 0.28 seconds; current allocated memory: 1.576 GB.
INFO: [HLS 200-10] ----------------------------------------------------------------
INFO: [HLS 200-42] -- Implementing module 'test_Pipeline_ARRAY_WRITE' 
INFO: [HLS 200-10] ----------------------------------------------------------------
INFO: [SCHED 204-11] Starting scheduling ...
INFO: [SCHED 204-61] Pipelining loop 'ARRAY_WRITE'.
INFO: [HLS 200-1470] Pipelining result : Target II = NA, Final II = 1, Depth = 2, loop 'ARRAY_WRITE'
INFO: [SCHED 204-11] Finished scheduling.
INFO: [HLS 200-111] Finished Scheduling: CPU user time: 0.33 seconds. CPU system time: 0 seconds. Elapsed time: 0.34 seconds; current allocated memory: 1.576 GB.
INFO: [BIND 205-100] Starting micro-architecture generation ...
INFO: [BIND 205-101] Performing variable lifetime analysis.
INFO: [BIND 205-101] Exploring resource sharing.
INFO: [BIND 205-101] Binding ...
INFO: [BIND 205-100] Finished micro-architecture generation.
INFO: [HLS 200-111] Finished Binding: CPU user time: 0.04 seconds. CPU system time: 0 seconds. Elapsed time: 0.04 seconds; current allocated memory: 1.576 GB.
INFO: [HLS 200-10] ----------------------------------------------------------------
INFO: [HLS 200-42] -- Implementing module 'test' 
INFO: [HLS 200-10] ----------------------------------------------------------------
INFO: [SCHED 204-11] Starting scheduling ...
INFO: [SCHED 204-11] Finished scheduling.
INFO: [HLS 200-111] Finished Scheduling: CPU user time: 3.96 seconds. CPU system time: 0.01 seconds. Elapsed time: 3.98 seconds; current allocated memory: 1.576 GB.
INFO: [BIND 205-100] Starting micro-architecture generation ...
INFO: [BIND 205-101] Performing variable lifetime analysis.
INFO: [BIND 205-101] Exploring resource sharing.
INFO: [BIND 205-101] Binding ...
INFO: [BIND 205-100] Finished micro-architecture generation.
INFO: [HLS 200-111] Finished Binding: CPU user time: 0.74 seconds. CPU system time: 0.01 seconds. Elapsed time: 0.75 seconds; current allocated memory: 1.576 GB.
INFO: [HLS 200-10] ----------------------------------------------------------------
INFO: [HLS 200-10] -- Generating RTL for module 'test_Pipeline_ARRAY_1_READ' 
INFO: [HLS 200-10] ----------------------------------------------------------------
INFO: [HLS 200-1030] Apply Unified Pipeline Control on module 'test_Pipeline_ARRAY_1_READ' pipeline 'ARRAY_1_READ' pipeline type 'loop pipeline'
WARNING: [RTGEN 206-101] Setting dangling out port 'test_Pipeline_ARRAY_1_READ/m_axi_mem_ARVALID' to 0.
WARNING: [RTGEN 206-101] Setting dangling out port 'test_Pipeline_ARRAY_1_READ/m_axi_mem_ARADDR' to 0.
WARNING: [RTGEN 206-101] Setting dangling out port 'test_Pipeline_ARRAY_1_READ/m_axi_mem_ARID' to 0.
WARNING: [RTGEN 206-101] Setting dangling out port 'test_Pipeline_ARRAY_1_READ/m_axi_mem_ARLEN' to 0.
WARNING: [RTGEN 206-101] Setting dangling out port 'test_Pipeline_ARRAY_1_READ/m_axi_mem_ARSIZE' to 0.
WARNING: [RTGEN 206-101] Setting dangling out port 'test_Pipeline_ARRAY_1_READ/m_axi_mem_ARBURST' to 0.
WARNING: [RTGEN 206-101] Setting dangling out port 'test_Pipeline_ARRAY_1_READ/m_axi_mem_ARLOCK' to 0.
WARNING: [RTGEN 206-101] Setting dangling out port 'test_Pipeline_ARRAY_1_READ/m_axi_mem_ARCACHE' to 0.
WARNING: [RTGEN 206-101] Setting dangling out port 'test_Pipeline_ARRAY_1_READ/m_axi_mem_ARPROT' to 0.
WARNING: [RTGEN 206-101] Setting dangling out port 'test_Pipeline_ARRAY_1_READ/m_axi_mem_ARQOS' to 0.
WARNING: [RTGEN 206-101] Setting dangling out port 'test_Pipeline_ARRAY_1_READ/m_axi_mem_ARREGION' to 0.
WARNING: [RTGEN 206-101] Setting dangling out port 'test_Pipeline_ARRAY_1_READ/m_axi_mem_ARUSER' to 0.
INFO: [RTGEN 206-100] Finished creating RTL model for 'test_Pipeline_ARRAY_1_READ'.
INFO: [HLS 200-111] Finished Creating RTL model: CPU user time: 0.68 seconds. CPU system time: 0 seconds. Elapsed time: 0.69 seconds; current allocated memory: 1.576 GB.
INFO: [HLS 200-10] ----------------------------------------------------------------
INFO: [HLS 200-10] -- Generating RTL for module 'test_Pipeline_ARRAY_2_READ' 
INFO: [HLS 200-10] ----------------------------------------------------------------
INFO: [HLS 200-1030] Apply Unified Pipeline Control on module 'test_Pipeline_ARRAY_2_READ' pipeline 'ARRAY_2_READ' pipeline type 'loop pipeline'
WARNING: [RTGEN 206-101] Setting dangling out port 'test_Pipeline_ARRAY_2_READ/m_axi_mem_ARVALID' to 0.
WARNING: [RTGEN 206-101] Setting dangling out port 'test_Pipeline_ARRAY_2_READ/m_axi_mem_ARADDR' to 0.
WARNING: [RTGEN 206-101] Setting dangling out port 'test_Pipeline_ARRAY_2_READ/m_axi_mem_ARID' to 0.
WARNING: [RTGEN 206-101] Setting dangling out port 'test_Pipeline_ARRAY_2_READ/m_axi_mem_ARLEN' to 0.
WARNING: [RTGEN 206-101] Setting dangling out port 'test_Pipeline_ARRAY_2_READ/m_axi_mem_ARSIZE' to 0.
WARNING: [RTGEN 206-101] Setting dangling out port 'test_Pipeline_ARRAY_2_READ/m_axi_mem_ARBURST' to 0.
WARNING: [RTGEN 206-101] Setting dangling out port 'test_Pipeline_ARRAY_2_READ/m_axi_mem_ARLOCK' to 0.
WARNING: [RTGEN 206-101] Setting dangling out port 'test_Pipeline_ARRAY_2_READ/m_axi_mem_ARCACHE' to 0.
WARNING: [RTGEN 206-101] Setting dangling out port 'test_Pipeline_ARRAY_2_READ/m_axi_mem_ARPROT' to 0.
WARNING: [RTGEN 206-101] Setting dangling out port 'test_Pipeline_ARRAY_2_READ/m_axi_mem_ARQOS' to 0.
WARNING: [RTGEN 206-101] Setting dangling out port 'test_Pipeline_ARRAY_2_READ/m_axi_mem_ARREGION' to 0.
WARNING: [RTGEN 206-101] Setting dangling out port 'test_Pipeline_ARRAY_2_READ/m_axi_mem_ARUSER' to 0.
INFO: [RTGEN 206-100] Finished creating RTL model for 'test_Pipeline_ARRAY_2_READ'.
INFO: [HLS 200-111] Finished Creating RTL model: CPU user time: 0.13 seconds. CPU system time: 0.01 seconds. Elapsed time: 0.14 seconds; current allocated memory: 1.576 GB.
INFO: [HLS 200-10] ----------------------------------------------------------------
INFO: [HLS 200-10] -- Generating RTL for module 'test_Pipeline_VITIS_LOOP_62_5' 
INFO: [HLS 200-10] ----------------------------------------------------------------
INFO: [HLS 200-1030] Apply Unified Pipeline Control on module 'test_Pipeline_VITIS_LOOP_62_5' pipeline 'VITIS_LOOP_62_5' pipeline type 'loop pipeline'
INFO: [RTGEN 206-104] Estimated max fanout for 'test_Pipeline_VITIS_LOOP_62_5' is 5036 from HDL expression: ((1'b0 == ap_block_pp0_stage0) & (ap_enable_reg_pp0_iter2 == 1'b1))
INFO: [RTGEN 206-100] Generating core module 'mul_32ns_32ns_64_1_1': 100 instance(s).
INFO: [RTGEN 206-100] Generating core module 'mul_33ns_32ns_64_1_1': 5 instance(s).
INFO: [RTGEN 206-100] Generating core module 'mux_11_4_32_1_1': 5 instance(s).
INFO: [RTGEN 206-100] Generating core module 'mux_16_4_32_1_1': 100 instance(s).
INFO: [RTGEN 206-100] Finished creating RTL model for 'test_Pipeline_VITIS_LOOP_62_5'.
INFO: [HLS 200-111] Finished Creating RTL model: CPU user time: 0.34 seconds. CPU system time: 0.02 seconds. Elapsed time: 0.36 seconds; current allocated memory: 1.591 GB.
INFO: [HLS 200-10] ----------------------------------------------------------------
INFO: [HLS 200-10] -- Generating RTL for module 'test_Pipeline_ARRAY_WRITE' 
INFO: [HLS 200-10] ----------------------------------------------------------------
INFO: [HLS 200-1030] Apply Unified Pipeline Control on module 'test_Pipeline_ARRAY_WRITE' pipeline 'ARRAY_WRITE' pipeline type 'loop pipeline'
WARNING: [RTGEN 206-101] Setting dangling out port 'test_Pipeline_ARRAY_WRITE/m_axi_mem_AWVALID' to 0.
WARNING: [RTGEN 206-101] Setting dangling out port 'test_Pipeline_ARRAY_WRITE/m_axi_mem_AWADDR' to 0.
WARNING: [RTGEN 206-101] Setting dangling out port 'test_Pipeline_ARRAY_WRITE/m_axi_mem_AWID' to 0.
WARNING: [RTGEN 206-101] Setting dangling out port 'test_Pipeline_ARRAY_WRITE/m_axi_mem_AWLEN' to 0.
WARNING: [RTGEN 206-101] Setting dangling out port 'test_Pipeline_ARRAY_WRITE/m_axi_mem_AWSIZE' to 0.
WARNING: [RTGEN 206-101] Setting dangling out port 'test_Pipeline_ARRAY_WRITE/m_axi_mem_AWBURST' to 0.
WARNING: [RTGEN 206-101] Setting dangling out port 'test_Pipeline_ARRAY_WRITE/m_axi_mem_AWLOCK' to 0.
WARNING: [RTGEN 206-101] Setting dangling out port 'test_Pipeline_ARRAY_WRITE/m_axi_mem_AWCACHE' to 0.
WARNING: [RTGEN 206-101] Setting dangling out port 'test_Pipeline_ARRAY_WRITE/m_axi_mem_AWPROT' to 0.
WARNING: [RTGEN 206-101] Setting dangling out port 'test_Pipeline_ARRAY_WRITE/m_axi_mem_AWQOS' to 0.
WARNING: [RTGEN 206-101] Setting dangling out port 'test_Pipeline_ARRAY_WRITE/m_axi_mem_AWREGION' to 0.
WARNING: [RTGEN 206-101] Setting dangling out port 'test_Pipeline_ARRAY_WRITE/m_axi_mem_AWUSER' to 0.
WARNING: [RTGEN 206-101] Setting dangling out port 'test_Pipeline_ARRAY_WRITE/m_axi_mem_BREADY' to 0.
INFO: [RTGEN 206-100] Generating core module 'mux_16_4_29_1_1': 1 instance(s).
INFO: [RTGEN 206-100] Finished creating RTL model for 'test_Pipeline_ARRAY_WRITE'.
INFO: [HLS 200-111] Finished Creating RTL model: CPU user time: 1.72 seconds. CPU system time: 0.03 seconds. Elapsed time: 1.77 seconds; current allocated memory: 1.610 GB.
INFO: [HLS 200-10] ----------------------------------------------------------------
INFO: [HLS 200-10] -- Generating RTL for module 'test' 
INFO: [HLS 200-10] ----------------------------------------------------------------
WARNING: [RTGEN 206-101] Design contains AXI ports. Reset is fixed to synchronous and active low.
INFO: [RTGEN 206-500] Setting interface mode on port 'test/mem' to 'm_axi'.
INFO: [RTGEN 206-500] Setting interface mode on port 'test/out1' to 's_axilite & ap_none'.
INFO: [RTGEN 206-500] Setting interface mode on port 'test/arg1' to 's_axilite & ap_none'.
INFO: [RTGEN 206-500] Setting interface mode on port 'test/arg2' to 's_axilite & ap_none'.
INFO: [RTGEN 206-500] Setting interface mode on function 'test' to 's_axilite & ap_ctrl_hs'.
INFO: [RTGEN 206-100] Bundling port 'out1', 'arg1', 'arg2' and 'return' to AXI-Lite port control.
INFO: [RTGEN 206-104] Estimated max fanout for 'test' is 7400 from HDL expression: (1'b1 == ap_CS_fsm_state25)
INFO: [RTGEN 206-100] Generating core module 'mul_32ns_32ns_64_1_1': 69 instance(s).
INFO: [RTGEN 206-100] Generating core module 'mul_33ns_32ns_64_1_1': 8 instance(s).
INFO: [RTGEN 206-100] Finished creating RTL model for 'test'.
INFO: [HLS 200-111] Finished Creating RTL model: CPU user time: 0.21 seconds. CPU system time: 0.01 seconds. Elapsed time: 0.21 seconds; current allocated memory: 1.614 GB.
INFO: [HLS 200-111] Finished Generating all RTL models: CPU user time: 2.99 seconds. CPU system time: 0.04 seconds. Elapsed time: 3.05 seconds; current allocated memory: 1.629 GB.
INFO: [HLS 200-1603] Design has inferred MAXI bursts and missed bursts, see Vitis HLS GUI synthesis summary report for detailed information.
INFO: [HLS 200-111] Finished Updating report files: CPU user time: 1.03 seconds. CPU system time: 0.03 seconds. Elapsed time: 1.06 seconds; current allocated memory: 1.641 GB.
INFO: [VHDL 208-304] Generating VHDL RTL for test.
INFO: [VLOG 209-307] Generating Verilog RTL for test.
INFO: [HLS 200-790] **** Loop Constraint Status: All loop constraints were satisfied.
INFO: [HLS 200-789] **** Estimated Fmax: 125.44 MHz
INFO: [HLS 200-111] Finished Command csynth_design CPU user time: 24.21 seconds. CPU system time: 1.83 seconds. Elapsed time: 29.3 seconds; current allocated memory: 160.008 MB.
