/export/hdd/scratch/km304/MSThesis/EllipticCurves/fiat_25519_carry_mul/OptimizedDesigns/D4/D4/comb_4/.autopilot/db/d4.pp.0.cpp:436:2: warning: Added loop label VITIS_LOOP_39_1:   [xilinx-label-all-loops]
 for(int i1 = 9; i1 >= 0; i1 -= 10)
 ^~~
 VITIS_LOOP_39_1: 
/export/hdd/scratch/km304/MSThesis/EllipticCurves/fiat_25519_carry_mul/OptimizedDesigns/D4/D4/comb_4/.autopilot/db/d4.pp.0.cpp:436:2: note: FIX-IT applied suggested code changes
/export/hdd/scratch/km304/MSThesis/EllipticCurves/fiat_25519_carry_mul/OptimizedDesigns/D4/D4/comb_4/.autopilot/db/d4.pp.0.cpp:439:2: warning: Added loop label VITIS_LOOP_42_2:   [xilinx-label-all-loops]
 for(int i2 = 0; i2 < 10; i2 += 10)
 ^~~
 VITIS_LOOP_42_2: 
/export/hdd/scratch/km304/MSThesis/EllipticCurves/fiat_25519_carry_mul/OptimizedDesigns/D4/D4/comb_4/.autopilot/db/d4.pp.0.cpp:439:2: note: FIX-IT applied suggested code changes
/export/hdd/scratch/km304/MSThesis/EllipticCurves/fiat_25519_carry_mul/OptimizedDesigns/D4/D4/comb_4/.autopilot/db/d4.pp.0.cpp:442:2: warning: Added loop label VITIS_LOOP_45_3:   [xilinx-label-all-loops]
 for (int i = 0; i < 10; i++)
 ^~~
 VITIS_LOOP_45_3: 
/export/hdd/scratch/km304/MSThesis/EllipticCurves/fiat_25519_carry_mul/OptimizedDesigns/D4/D4/comb_4/.autopilot/db/d4.pp.0.cpp:442:2: note: FIX-IT applied suggested code changes
/export/hdd/scratch/km304/MSThesis/EllipticCurves/fiat_25519_carry_mul/OptimizedDesigns/D4/D4/comb_4/.autopilot/db/d4.pp.0.cpp:445:2: warning: Added loop label VITIS_LOOP_48_4:   [xilinx-label-all-loops]
 for (int j = 0; j < 10; j++)
 ^~~
 VITIS_LOOP_48_4: 
/export/hdd/scratch/km304/MSThesis/EllipticCurves/fiat_25519_carry_mul/OptimizedDesigns/D4/D4/comb_4/.autopilot/db/d4.pp.0.cpp:445:2: note: FIX-IT applied suggested code changes
