

================================================================
== Synthesis Summary Report of 'test'
================================================================
+ General Information: 
    * Date:           Fri May 10 16:06:04 2024
    * Version:        2023.1.1 (Build 3869133 on Jun 15 2023)
    * Project:        D5
    * Solution:       comb_6 (Vivado IP Flow Target)
    * Product family: zynquplus
    * Target device:  xczu9eg-ffvb1156-2-e
    

+ Performance & Resource Estimates: 
    
    PS: '+' for module; 'o' for loop; '*' for dataflow
    +------------------------------------+------+------+---------+-----------+----------+---------+------+----------+---------+-----------+------------+-------------+-----+
    |               Modules              | Issue|      | Latency |  Latency  | Iteration|         | Trip |          |         |           |            |             |     |
    |               & Loops              | Type | Slack| (cycles)|    (ns)   |  Latency | Interval| Count| Pipelined|  BRAM   |    DSP    |     FF     |     LUT     | URAM|
    +------------------------------------+------+------+---------+-----------+----------+---------+------+----------+---------+-----------+------------+-------------+-----+
    |+ test                              |     -|  0.00|      117|  1.170e+03|         -|      118|     -|        no|  4 (~0%)|  608 (24%)|  12125 (2%)|  40011 (14%)|    -|
    | + test_Pipeline_ARRAY_1_READ       |     -|  0.00|       18|    180.000|         -|       18|     -|        no|        -|          -|   524 (~0%)|     74 (~0%)|    -|
    |  o ARRAY_1_READ                    |     -|  7.30|       16|    160.000|         2|        1|    16|       yes|        -|          -|           -|            -|    -|
    | + test_Pipeline_ARRAY_2_READ       |     -|  0.00|       18|    180.000|         -|       18|     -|        no|        -|          -|   524 (~0%)|     74 (~0%)|    -|
    |  o ARRAY_2_READ                    |     -|  7.30|       16|    160.000|         2|        1|    16|       yes|        -|          -|           -|            -|    -|
    | + test_Pipeline_VITIS_LOOP_77_9    |     -|  0.26|        6|     60.000|         -|        6|     -|        no|        -|  260 (10%)|  1306 (~0%)|   14256 (5%)|    -|
    |  o VITIS_LOOP_77_9                 |     -|  7.30|        4|     40.000|         3|        1|     3|       yes|        -|          -|           -|            -|    -|
    | + test_Pipeline_VITIS_LOOP_120_17  |     -|  1.88|       10|    100.000|         -|       10|     -|        no|        -|    4 (~0%)|    76 (~0%)|    305 (~0%)|    -|
    |  o VITIS_LOOP_120_17               |     -|  7.30|        8|     80.000|         1|        1|     8|       yes|        -|          -|           -|            -|    -|
    | + test_Pipeline_VITIS_LOOP_130_19  |     -|  0.41|        8|     80.000|         -|        8|     -|        no|        -|   24 (~0%)|   465 (~0%)|   1436 (~0%)|    -|
    |  o VITIS_LOOP_130_19               |     -|  7.30|        6|     60.000|         2|        1|     6|       yes|        -|          -|           -|            -|    -|
    | + test_Pipeline_VITIS_LOOP_151_23  |     -|  0.41|        8|     80.000|         -|        8|     -|        no|        -|   24 (~0%)|   526 (~0%)|   1507 (~0%)|    -|
    |  o VITIS_LOOP_151_23               |     -|  7.30|        6|     60.000|         2|        1|     6|       yes|        -|          -|           -|            -|    -|
    | + test_Pipeline_ARRAY_WRITE        |     -|  0.00|       18|    180.000|         -|       18|     -|        no|        -|          -|    37 (~0%)|    139 (~0%)|    -|
    |  o ARRAY_WRITE                     |     -|  7.30|       16|    160.000|         2|        1|    16|       yes|        -|          -|           -|            -|    -|
    +------------------------------------+------+------+---------+-----------+----------+---------+------+----------+---------+-----------+------------+-------------+-----+


================================================================
== HW Interfaces
================================================================
* M_AXI
+-----------+------------+---------------+---------+--------+----------+-----------+--------------+--------------+-------------+-------------+-------------------+
| Interface | Data Width | Address Width | Latency | Offset | Register | Max Widen | Max Read     | Max Write    | Num Read    | Num Write   | Resource Estimate |
|           | (SW->HW)   |               |         |        |          | Bitwidth  | Burst Length | Burst Length | Outstanding | Outstanding |                   |
+-----------+------------+---------------+---------+--------+----------+-----------+--------------+--------------+-------------+-------------+-------------------+
| m_axi_mem | 32 -> 32   | 64            | 0       | slave  | 0        | 0         | 16           | 16           | 16          | 16          | BRAM=4            |
+-----------+------------+---------------+---------+--------+----------+-----------+--------------+--------------+-------------+-------------+-------------------+

* S_AXILITE Interfaces
+---------------+------------+---------------+--------+----------+
| Interface     | Data Width | Address Width | Offset | Register |
+---------------+------------+---------------+--------+----------+
| s_axi_control | 32         | 6             | 16     | 0        |
+---------------+------------+---------------+--------+----------+

* S_AXILITE Registers
+---------------+----------+--------+-------+--------+----------------------------------+----------------------------------------------------------------------+
| Interface     | Register | Offset | Width | Access | Description                      | Bit Fields                                                           |
+---------------+----------+--------+-------+--------+----------------------------------+----------------------------------------------------------------------+
| s_axi_control | CTRL     | 0x00   | 32    | RW     | Control signals                  | 0=AP_START 1=AP_DONE 2=AP_IDLE 3=AP_READY 7=AUTO_RESTART 9=INTERRUPT |
| s_axi_control | GIER     | 0x04   | 32    | RW     | Global Interrupt Enable Register | 0=Enable                                                             |
| s_axi_control | IP_IER   | 0x08   | 32    | RW     | IP Interrupt Enable Register     | 0=CHAN0_INT_EN 1=CHAN1_INT_EN                                        |
| s_axi_control | IP_ISR   | 0x0c   | 32    | RW     | IP Interrupt Status Register     | 0=CHAN0_INT_ST 1=CHAN1_INT_ST                                        |
| s_axi_control | out1_1   | 0x10   | 32    | W      | Data signal of out1              |                                                                      |
| s_axi_control | out1_2   | 0x14   | 32    | W      | Data signal of out1              |                                                                      |
| s_axi_control | arg1_1   | 0x1c   | 32    | W      | Data signal of arg1              |                                                                      |
| s_axi_control | arg1_2   | 0x20   | 32    | W      | Data signal of arg1              |                                                                      |
| s_axi_control | arg2_1   | 0x28   | 32    | W      | Data signal of arg2              |                                                                      |
| s_axi_control | arg2_2   | 0x2c   | 32    | W      | Data signal of arg2              |                                                                      |
+---------------+----------+--------+-------+--------+----------------------------------+----------------------------------------------------------------------+

* TOP LEVEL CONTROL
+-----------+------------+-----------+
| Interface | Type       | Ports     |
+-----------+------------+-----------+
| ap_clk    | clock      | ap_clk    |
| ap_rst_n  | reset      | ap_rst_n  |
| interrupt | interrupt  | interrupt |
| ap_ctrl   | ap_ctrl_hs |           |
+-----------+------------+-----------+


================================================================
== SW I/O Information
================================================================
* Top Function Arguments
+----------+-----------+---------------+
| Argument | Direction | Datatype      |
+----------+-----------+---------------+
| out1     | inout     | unsigned int* |
| arg1     | inout     | unsigned int* |
| arg2     | inout     | unsigned int* |
+----------+-----------+---------------+

* SW-to-HW Mapping
+----------+---------------+-----------+----------+----------------------------------+
| Argument | HW Interface  | HW Type   | HW Usage | HW Info                          |
+----------+---------------+-----------+----------+----------------------------------+
| out1     | m_axi_mem     | interface |          |                                  |
| out1     | s_axi_control | register  | offset   | name=out1_1 offset=0x10 range=32 |
| out1     | s_axi_control | register  | offset   | name=out1_2 offset=0x14 range=32 |
| arg1     | m_axi_mem     | interface |          |                                  |
| arg1     | s_axi_control | register  | offset   | name=arg1_1 offset=0x1c range=32 |
| arg1     | s_axi_control | register  | offset   | name=arg1_2 offset=0x20 range=32 |
| arg2     | m_axi_mem     | interface |          |                                  |
| arg2     | s_axi_control | register  | offset   | name=arg2_1 offset=0x28 range=32 |
| arg2     | s_axi_control | register  | offset   | name=arg2_2 offset=0x2c range=32 |
+----------+---------------+-----------+----------+----------------------------------+


================================================================
== M_AXI Burst Information
================================================================
 Note: All burst requests might be further partitioned into multiple requests during RTL generation based on max_read_burst_length or max_write_burst_length settings.

* Inferred Burst Summary
+--------------+-----------+--------+-------+--------------+---------------+
| HW Interface | Direction | Length | Width | Loop         | Loop Location |
+--------------+-----------+--------+-------+--------------+---------------+
| m_axi_mem    | read      | 16     | 32    | ARRAY_1_READ | d5.cpp:18:3   |
| m_axi_mem    | read      | 16     | 32    | ARRAY_2_READ | d5.cpp:25:3   |
| m_axi_mem    | write     | 16     | 32    | ARRAY_WRITE  | d5.cpp:219:2  |
+--------------+-----------+--------+-------+--------------+---------------+

* All M_AXI Variable Accesses
+--------------+----------+-----------------+-----------+--------------+--------+--------------+---------------+------------+-------------------------------------------------------------------------------------------------------+
| HW Interface | Variable | Access Location | Direction | Burst Status | Length | Loop         | Loop Location | Resolution | Problem                                                                                               |
+--------------+----------+-----------------+-----------+--------------+--------+--------------+---------------+------------+-------------------------------------------------------------------------------------------------------+
| m_axi_mem    | arg1     | d5.cpp:20:16    | read      | Widen Fail   |        | ARRAY_1_READ | d5.cpp:18:3   | 214-353    | Could not widen since type i32 size is greater than or equal to the max_widen_bitwidth threshold of 0 |
| m_axi_mem    | arg1     | d5.cpp:20:16    | read      | Inferred     | 16     | ARRAY_1_READ | d5.cpp:18:3   |            |                                                                                                       |
| m_axi_mem    | arg2     | d5.cpp:27:16    | read      | Widen Fail   |        | ARRAY_2_READ | d5.cpp:25:3   | 214-353    | Could not widen since type i32 size is greater than or equal to the max_widen_bitwidth threshold of 0 |
| m_axi_mem    | arg2     | d5.cpp:27:16    | read      | Inferred     | 16     | ARRAY_2_READ | d5.cpp:25:3   |            |                                                                                                       |
| m_axi_mem    | out1     | d5.cpp:221:11   | write     | Widen Fail   |        | ARRAY_WRITE  | d5.cpp:219:2  | 214-353    | Could not widen since type i32 size is greater than or equal to the max_widen_bitwidth threshold of 0 |
| m_axi_mem    | out1     | d5.cpp:221:11   | write     | Inferred     | 16     | ARRAY_WRITE  | d5.cpp:219:2  |            |                                                                                                       |
+--------------+----------+-----------------+-----------+--------------+--------+--------------+---------------+------------+-------------------------------------------------------------------------------------------------------+

    * Resolution URL: www.xilinx.com/cgi-bin/docs/rdoc?v=2023.1;t=hls+guidance;d=XXX-YYY.html (replace XXX-YYY with column value)

================================================================
== Bind Op Report
================================================================
+------------------------------------+-----+--------+--------------+-----+--------+---------+
| Name                               | DSP | Pragma | Variable     | Op  | Impl   | Latency |
+------------------------------------+-----+--------+--------------+-----+--------+---------+
| + test                             | 608 |        |              |     |        |         |
|   mul_32ns_32ns_64_1_1_U344        | 4   |        | arr          | mul | auto   | 0       |
|   mul_32ns_32ns_64_1_1_U344        | 4   |        | mul_ln50_1   | mul | auto   | 0       |
|   mul_32ns_32ns_64_1_1_U345        | 4   |        | mul_ln50_2   | mul | auto   | 0       |
|   mul_32ns_32ns_64_1_1_U346        | 4   |        | mul_ln50_3   | mul | auto   | 0       |
|   mul_32ns_32ns_64_1_1_U347        | 4   |        | mul_ln50_4   | mul | auto   | 0       |
|   mul_32ns_32ns_64_1_1_U348        | 4   |        | mul_ln50_5   | mul | auto   | 0       |
|   mul_32ns_32ns_64_1_1_U345        | 4   |        | mul_ln50_6   | mul | auto   | 0       |
|   mul_32ns_32ns_64_1_1_U349        | 4   |        | mul_ln50_7   | mul | auto   | 0       |
|   arr_1_fu_1188_p2                 | -   |        | arr_1        | add | fabric | 0       |
|   mul_32ns_32ns_64_1_1_U350        | 4   |        | mul_ln50_8   | mul | auto   | 0       |
|   mul_32ns_32ns_64_1_1_U351        | 4   |        | mul_ln50_9   | mul | auto   | 0       |
|   mul_32ns_32ns_64_1_1_U352        | 4   |        | mul_ln50_10  | mul | auto   | 0       |
|   mul_32ns_32ns_64_1_1_U353        | 4   |        | mul_ln50_11  | mul | auto   | 0       |
|   mul_32ns_32ns_64_1_1_U354        | 4   |        | mul_ln50_12  | mul | auto   | 0       |
|   mul_32ns_32ns_64_1_1_U355        | 4   |        | mul_ln50_13  | mul | auto   | 0       |
|   mul_32ns_32ns_64_1_1_U356        | 4   |        | mul_ln50_14  | mul | auto   | 0       |
|   mul_32ns_32ns_64_1_1_U357        | 4   |        | mul_ln50_15  | mul | auto   | 0       |
|   mul_32ns_32ns_64_1_1_U358        | 4   |        | mul_ln50_16  | mul | auto   | 0       |
|   mul_32ns_32ns_64_1_1_U359        | 4   |        | mul_ln50_17  | mul | auto   | 0       |
|   mul_32ns_32ns_64_1_1_U360        | 4   |        | mul_ln50_18  | mul | auto   | 0       |
|   add_ln50_4_fu_1231_p2            | -   |        | add_ln50_4   | add | fabric | 0       |
|   mul_32ns_32ns_64_1_1_U361        | 4   |        | mul_ln50_19  | mul | auto   | 0       |
|   mul_32ns_32ns_64_1_1_U362        | 4   |        | mul_ln50_20  | mul | auto   | 0       |
|   mul_32ns_32ns_64_1_1_U363        | 4   |        | mul_ln50_21  | mul | auto   | 0       |
|   mul_32ns_32ns_64_1_1_U364        | 4   |        | mul_ln50_22  | mul | auto   | 0       |
|   mul_32ns_32ns_64_1_1_U365        | 4   |        | mul_ln50_23  | mul | auto   | 0       |
|   mul_32ns_32ns_64_1_1_U366        | 4   |        | mul_ln50_24  | mul | auto   | 0       |
|   mul_32ns_32ns_64_1_1_U367        | 4   |        | mul_ln50_25  | mul | auto   | 0       |
|   add_ln50_10_fu_1276_p2           | -   |        | add_ln50_10  | add | fabric | 0       |
|   mul_32ns_32ns_64_1_1_U368        | 4   |        | mul_ln50_26  | mul | auto   | 0       |
|   mul_32ns_32ns_64_1_1_U346        | 4   |        | mul_ln50_27  | mul | auto   | 0       |
|   add_ln50_15_fu_1307_p2           | -   |        | add_ln50_15  | add | fabric | 0       |
|   add_ln50_18_fu_1016_p2           | -   |        | add_ln50_18  | add | fabric | 0       |
|   mul_32ns_32ns_64_1_1_U344        | 4   |        | mul_ln113    | mul | auto   | 0       |
|   mul_32ns_32ns_64_1_1_U345        | 4   |        | mul_ln113_1  | mul | auto   | 0       |
|   mul_32ns_32ns_64_1_1_U344        | 4   |        | mul_ln113_2  | mul | auto   | 0       |
|   mul_32ns_32ns_64_1_1_U346        | 4   |        | mul_ln113_3  | mul | auto   | 0       |
|   mul_32ns_32ns_64_1_1_U347        | 4   |        | mul_ln113_4  | mul | auto   | 0       |
|   mul_32ns_32ns_64_1_1_U345        | 4   |        | mul_ln113_5  | mul | auto   | 0       |
|   mul_32ns_32ns_64_1_1_U348        | 4   |        | mul_ln113_6  | mul | auto   | 0       |
|   mul_32ns_32ns_64_1_1_U349        | 4   |        | mul_ln113_7  | mul | auto   | 0       |
|   mul_32ns_32ns_64_1_1_U350        | 4   |        | mul_ln113_8  | mul | auto   | 0       |
|   mul_32ns_32ns_64_1_1_U346        | 4   |        | mul_ln113_9  | mul | auto   | 0       |
|   mul_32ns_32ns_64_1_1_U347        | 4   |        | mul_ln113_10 | mul | auto   | 0       |
|   mul_32ns_32ns_64_1_1_U348        | 4   |        | mul_ln113_11 | mul | auto   | 0       |
|   mul_32ns_32ns_64_1_1_U351        | 4   |        | mul_ln113_12 | mul | auto   | 0       |
|   mul_32ns_32ns_64_1_1_U352        | 4   |        | mul_ln113_13 | mul | auto   | 0       |
|   mul_32ns_32ns_64_1_1_U353        | 4   |        | mul_ln113_14 | mul | auto   | 0       |
|   mul_32ns_32ns_64_1_1_U354        | 4   |        | mul_ln113_15 | mul | auto   | 0       |
|   mul_32ns_32ns_64_1_1_U355        | 4   |        | mul_ln113_16 | mul | auto   | 0       |
|   mul_32ns_32ns_64_1_1_U356        | 4   |        | mul_ln113_17 | mul | auto   | 0       |
|   mul_32ns_32ns_64_1_1_U357        | 4   |        | mul_ln113_18 | mul | auto   | 0       |
|   mul_32ns_32ns_64_1_1_U358        | 4   |        | mul_ln113_19 | mul | auto   | 0       |
|   mul_32ns_32ns_64_1_1_U349        | 4   |        | mul_ln113_20 | mul | auto   | 0       |
|   mul_32ns_32ns_64_1_1_U350        | 4   |        | mul_ln113_21 | mul | auto   | 0       |
|   mul_32ns_32ns_64_1_1_U351        | 4   |        | mul_ln113_22 | mul | auto   | 0       |
|   mul_32ns_32ns_64_1_1_U352        | 4   |        | mul_ln113_23 | mul | auto   | 0       |
|   mul_32ns_32ns_64_1_1_U353        | 4   |        | mul_ln113_24 | mul | auto   | 0       |
|   mul_32ns_32ns_64_1_1_U354        | 4   |        | mul_ln113_25 | mul | auto   | 0       |
|   mul_32ns_32ns_64_1_1_U355        | 4   |        | mul_ln113_26 | mul | auto   | 0       |
|   mul_32ns_32ns_64_1_1_U356        | 4   |        | mul_ln113_27 | mul | auto   | 0       |
|   mul_32ns_32ns_64_1_1_U357        | 4   |        | mul_ln113_28 | mul | auto   | 0       |
|   mul_32ns_32ns_64_1_1_U358        | 4   |        | mul_ln113_29 | mul | auto   | 0       |
|   mul_32ns_32ns_64_1_1_U359        | 4   |        | mul_ln113_30 | mul | auto   | 0       |
|   mul_32ns_32ns_64_1_1_U360        | 4   |        | mul_ln113_31 | mul | auto   | 0       |
|   mul_32ns_32ns_64_1_1_U361        | 4   |        | mul_ln113_32 | mul | auto   | 0       |
|   mul_32ns_32ns_64_1_1_U359        | 4   |        | mul_ln113_33 | mul | auto   | 0       |
|   mul_32ns_32ns_64_1_1_U360        | 4   |        | mul_ln113_34 | mul | auto   | 0       |
|   mul_32ns_32ns_64_1_1_U361        | 4   |        | mul_ln113_35 | mul | auto   | 0       |
|   mul_32ns_32ns_64_1_1_U362        | 4   |        | mul_ln113_36 | mul | auto   | 0       |
|   mul_32ns_32ns_64_1_1_U363        | 4   |        | mul_ln113_37 | mul | auto   | 0       |
|   mul_32ns_32ns_64_1_1_U364        | 4   |        | mul_ln113_38 | mul | auto   | 0       |
|   mul_32ns_32ns_64_1_1_U365        | 4   |        | mul_ln113_39 | mul | auto   | 0       |
|   mul_32ns_32ns_64_1_1_U366        | 4   |        | mul_ln113_40 | mul | auto   | 0       |
|   mul_32ns_32ns_64_1_1_U367        | 4   |        | mul_ln113_41 | mul | auto   | 0       |
|   mul_32ns_32ns_64_1_1_U368        | 4   |        | mul_ln113_42 | mul | auto   | 0       |
|   mul_32ns_32ns_64_1_1_U369        | 4   |        | mul_ln113_43 | mul | auto   | 0       |
|   mul_32ns_32ns_64_1_1_U370        | 4   |        | mul_ln113_44 | mul | auto   | 0       |
|   mul_32ns_32ns_64_1_1_U371        | 4   |        | mul_ln113_45 | mul | auto   | 0       |
|   mul_32ns_32ns_64_1_1_U372        | 4   |        | mul_ln113_46 | mul | auto   | 0       |
|   mul_32ns_32ns_64_1_1_U373        | 4   |        | mul_ln113_47 | mul | auto   | 0       |
|   mul_32ns_32ns_64_1_1_U362        | 4   |        | mul_ln113_48 | mul | auto   | 0       |
|   mul_32ns_32ns_64_1_1_U363        | 4   |        | mul_ln113_49 | mul | auto   | 0       |
|   mul_32ns_32ns_64_1_1_U364        | 4   |        | mul_ln113_50 | mul | auto   | 0       |
|   mul_32ns_32ns_64_1_1_U365        | 4   |        | mul_ln113_51 | mul | auto   | 0       |
|   mul_32ns_32ns_64_1_1_U366        | 4   |        | mul_ln113_52 | mul | auto   | 0       |
|   mul_32ns_32ns_64_1_1_U367        | 4   |        | mul_ln113_53 | mul | auto   | 0       |
|   add_ln113_fu_1392_p2             | -   |        | add_ln113    | add | fabric | 0       |
|   add_ln113_9_fu_1398_p2           | -   |        | add_ln113_9  | add | fabric | 0       |
|   add_ln113_18_fu_1404_p2          | -   |        | add_ln113_18 | add | fabric | 0       |
|   add_ln113_27_fu_1410_p2          | -   |        | add_ln113_27 | add | fabric | 0       |
|   add_ln113_36_fu_1416_p2          | -   |        | add_ln113_36 | add | fabric | 0       |
|   add_ln113_45_fu_1422_p2          | -   |        | add_ln113_45 | add | fabric | 0       |
|   mul_32ns_32ns_64_1_1_U374        | 4   |        | mul_ln113_54 | mul | auto   | 0       |
|   mul_32ns_32ns_64_1_1_U375        | 4   |        | mul_ln113_55 | mul | auto   | 0       |
|   mul_32ns_32ns_64_1_1_U376        | 4   |        | mul_ln113_56 | mul | auto   | 0       |
|   mul_32ns_32ns_64_1_1_U377        | 4   |        | mul_ln113_57 | mul | auto   | 0       |
|   mul_32ns_32ns_64_1_1_U378        | 4   |        | mul_ln113_58 | mul | auto   | 0       |
|   mul_32ns_32ns_64_1_1_U379        | 4   |        | mul_ln113_59 | mul | auto   | 0       |
|   mul_32ns_32ns_64_1_1_U380        | 4   |        | mul_ln113_60 | mul | auto   | 0       |
|   mul_32ns_32ns_64_1_1_U381        | 4   |        | mul_ln113_61 | mul | auto   | 0       |
|   mul_32ns_32ns_64_1_1_U382        | 4   |        | mul_ln113_62 | mul | auto   | 0       |
|   add_ln113_54_fu_1729_p2          | -   |        | add_ln113_54 | add | fabric | 0       |
|   mul_32ns_32ns_64_1_1_U344        | 4   |        | mul_ln179    | mul | auto   | 0       |
|   mul_32ns_32ns_64_1_1_U383        | 4   |        | mul_ln179_1  | mul | auto   | 0       |
|   mul_32ns_32ns_64_1_1_U384        | 4   |        | mul_ln179_2  | mul | auto   | 0       |
|   mul_32ns_32ns_64_1_1_U385        | 4   |        | mul_ln179_3  | mul | auto   | 0       |
|   mul_32ns_32ns_64_1_1_U345        | 4   |        | mul_ln179_4  | mul | auto   | 0       |
|   mul_32ns_32ns_64_1_1_U386        | 4   |        | mul_ln179_5  | mul | auto   | 0       |
|   mul_32ns_32ns_64_1_1_U387        | 4   |        | mul_ln179_6  | mul | auto   | 0       |
|   mul_32ns_32ns_64_1_1_U344        | 4   |        | mul_ln179_7  | mul | auto   | 0       |
|   mul_32ns_32ns_64_1_1_U344        | 4   |        | mul_ln184    | mul | auto   | 0       |
|   mul_32ns_32ns_64_1_1_U345        | 4   |        | mul_ln184_1  | mul | auto   | 0       |
|   mul_32ns_32ns_64_1_1_U346        | 4   |        | mul_ln184_2  | mul | auto   | 0       |
|   mul_32ns_32ns_64_1_1_U347        | 4   |        | mul_ln184_3  | mul | auto   | 0       |
|   mul_32ns_32ns_64_1_1_U348        | 4   |        | mul_ln184_4  | mul | auto   | 0       |
|   mul_32ns_32ns_64_1_1_U349        | 4   |        | mul_ln184_5  | mul | auto   | 0       |
|   mul_32ns_32ns_64_1_1_U350        | 4   |        | mul_ln184_6  | mul | auto   | 0       |
|   mul_32ns_32ns_64_1_1_U351        | 4   |        | mul_ln184_7  | mul | auto   | 0       |
|   mul_32ns_32ns_64_1_1_U352        | 4   |        | mul_ln184_8  | mul | auto   | 0       |
|   mul_32ns_32ns_64_1_1_U353        | 4   |        | mul_ln185    | mul | auto   | 0       |
|   mul_32ns_32ns_64_1_1_U354        | 4   |        | mul_ln185_1  | mul | auto   | 0       |
|   mul_32ns_32ns_64_1_1_U355        | 4   |        | mul_ln185_2  | mul | auto   | 0       |
|   mul_32ns_32ns_64_1_1_U356        | 4   |        | mul_ln185_3  | mul | auto   | 0       |
|   mul_32ns_32ns_64_1_1_U357        | 4   |        | mul_ln185_4  | mul | auto   | 0       |
|   mul_32ns_32ns_64_1_1_U358        | 4   |        | mul_ln185_5  | mul | auto   | 0       |
|   mul_32ns_32ns_64_1_1_U359        | 4   |        | mul_ln185_6  | mul | auto   | 0       |
|   mul_32ns_32ns_64_1_1_U360        | 4   |        | mul_ln185_7  | mul | auto   | 0       |
|   mul_32ns_32ns_64_1_1_U361        | 4   |        | mul_ln185_8  | mul | auto   | 0       |
|   mul_32ns_32ns_64_1_1_U362        | 4   |        | mul_ln186    | mul | auto   | 0       |
|   mul_32ns_32ns_64_1_1_U363        | 4   |        | mul_ln186_1  | mul | auto   | 0       |
|   mul_32ns_32ns_64_1_1_U364        | 4   |        | mul_ln186_2  | mul | auto   | 0       |
|   mul_32ns_32ns_64_1_1_U365        | 4   |        | mul_ln186_3  | mul | auto   | 0       |
|   mul_32ns_32ns_64_1_1_U366        | 4   |        | mul_ln186_4  | mul | auto   | 0       |
|   mul_32ns_32ns_64_1_1_U367        | 4   |        | mul_ln186_5  | mul | auto   | 0       |
|   mul_32ns_32ns_64_1_1_U368        | 4   |        | mul_ln186_6  | mul | auto   | 0       |
|   mul_32ns_32ns_64_1_1_U369        | 4   |        | mul_ln186_7  | mul | auto   | 0       |
|   add_ln186_fu_2257_p2             | -   |        | add_ln186    | add | fabric | 0       |
|   add_ln186_1_fu_2263_p2           | -   |        | add_ln186_1  | add | fabric | 0       |
|   add_ln186_2_fu_2277_p2           | -   |        | add_ln186_2  | add | fabric | 0       |
|   add_ln186_3_fu_2283_p2           | -   |        | add_ln186_3  | add | fabric | 0       |
|   add_ln186_4_fu_2289_p2           | -   |        | add_ln186_4  | add | fabric | 0       |
|   add_ln186_5_fu_2303_p2           | -   |        | add_ln186_5  | add | fabric | 0       |
|   add_ln186_8_fu_2309_p2           | -   |        | add_ln186_8  | add | fabric | 0       |
|   mul_32ns_32ns_64_1_1_U370        | 4   |        | mul_ln187    | mul | auto   | 0       |
|   mul_32ns_32ns_64_1_1_U371        | 4   |        | mul_ln187_1  | mul | auto   | 0       |
|   mul_32ns_32ns_64_1_1_U372        | 4   |        | mul_ln187_2  | mul | auto   | 0       |
|   mul_32ns_32ns_64_1_1_U373        | 4   |        | mul_ln187_3  | mul | auto   | 0       |
|   mul_32ns_32ns_64_1_1_U374        | 4   |        | mul_ln187_4  | mul | auto   | 0       |
|   mul_32ns_32ns_64_1_1_U375        | 4   |        | mul_ln187_5  | mul | auto   | 0       |
|   add_ln187_5_fu_2357_p2           | -   |        | add_ln187_5  | add | fabric | 0       |
|   mul_32ns_32ns_64_1_1_U376        | 4   |        | mul_ln188    | mul | auto   | 0       |
|   mul_32ns_32ns_64_1_1_U377        | 4   |        | mul_ln188_1  | mul | auto   | 0       |
|   mul_32ns_32ns_64_1_1_U378        | 4   |        | mul_ln188_2  | mul | auto   | 0       |
|   mul_32ns_32ns_64_1_1_U379        | 4   |        | mul_ln188_3  | mul | auto   | 0       |
|   add_ln188_fu_2369_p2             | -   |        | add_ln188    | add | fabric | 0       |
|   add_ln188_1_fu_2375_p2           | -   |        | add_ln188_1  | add | fabric | 0       |
|   mul_32ns_32ns_64_1_1_U344        | 4   |        | mul_ln189    | mul | auto   | 0       |
|   mul_32ns_32ns_64_1_1_U345        | 4   |        | mul_ln189_1  | mul | auto   | 0       |
|   grp_fu_910_p2                    | -   |        | add_ln189    | add | fabric | 0       |
|   arr_17_fu_2409_p2                | -   |        | arr_17       | add | fabric | 0       |
|   mul_32ns_32ns_64_1_1_U388        | 4   |        | mul_ln190    | mul | auto   | 0       |
|   mul_32ns_32ns_64_1_1_U346        | 4   |        | mul_ln190_1  | mul | auto   | 0       |
|   mul_32ns_32ns_64_1_1_U347        | 4   |        | mul_ln190_2  | mul | auto   | 0       |
|   mul_32ns_32ns_64_1_1_U348        | 4   |        | mul_ln190_3  | mul | auto   | 0       |
|   mul_32ns_32ns_64_1_1_U349        | 4   |        | mul_ln190_4  | mul | auto   | 0       |
|   mul_32ns_32ns_64_1_1_U345        | 4   |        | mul_ln190_5  | mul | auto   | 0       |
|   mul_32ns_32ns_64_1_1_U346        | 4   |        | mul_ln190_6  | mul | auto   | 0       |
|   mul_32ns_32ns_64_1_1_U347        | 4   |        | mul_ln190_7  | mul | auto   | 0       |
|   grp_fu_916_p2                    | -   |        | add_ln190    | add | fabric | 0       |
|   add_ln190_1_fu_1944_p2           | -   |        | add_ln190_1  | add | fabric | 0       |
|   grp_fu_910_p2                    | -   |        | add_ln190_3  | add | fabric | 0       |
|   grp_fu_916_p2                    | -   |        | add_ln190_4  | add | fabric | 0       |
|   add_ln190_5_fu_1898_p2           | -   |        | add_ln190_5  | add | fabric | 0       |
|   add_ln190_8_fu_1904_p2           | -   |        | add_ln190_8  | add | fabric | 0       |
|   add_ln190_10_fu_1788_p2          | -   |        | add_ln190_10 | add | fabric | 0       |
|   grp_fu_904_p2                    | -   |        | add_ln190_11 | add | fabric | 0       |
|   add_ln190_13_fu_1798_p2          | -   |        | add_ln190_13 | add | fabric | 0       |
|   add_ln190_14_fu_1804_p2          | -   |        | add_ln190_14 | add | fabric | 0       |
|   add_ln190_15_fu_1818_p2          | -   |        | add_ln190_15 | add | fabric | 0       |
|   add_ln190_17_fu_1824_p2          | -   |        | add_ln190_17 | add | fabric | 0       |
|   mul_32ns_32ns_64_1_1_U350        | 4   |        | mul_ln191    | mul | auto   | 0       |
|   mul_32ns_32ns_64_1_1_U351        | 4   |        | mul_ln191_1  | mul | auto   | 0       |
|   mul_32ns_32ns_64_1_1_U352        | 4   |        | mul_ln191_2  | mul | auto   | 0       |
|   mul_32ns_32ns_64_1_1_U353        | 4   |        | mul_ln191_3  | mul | auto   | 0       |
|   mul_32ns_32ns_64_1_1_U354        | 4   |        | mul_ln191_4  | mul | auto   | 0       |
|   mul_32ns_32ns_64_1_1_U355        | 4   |        | mul_ln191_5  | mul | auto   | 0       |
|   mul_32ns_32ns_64_1_1_U356        | 4   |        | mul_ln191_6  | mul | auto   | 0       |
|   mul_32ns_32ns_64_1_1_U357        | 4   |        | mul_ln191_7  | mul | auto   | 0       |
|   add_ln191_fu_1980_p2             | -   |        | add_ln191    | add | fabric | 0       |
|   grp_fu_922_p2                    | -   |        | add_ln191_1  | add | fabric | 0       |
|   add_ln191_2_fu_1994_p2           | -   |        | add_ln191_2  | add | fabric | 0       |
|   add_ln191_3_fu_2000_p2           | -   |        | add_ln191_3  | add | fabric | 0       |
|   add_ln191_4_fu_2006_p2           | -   |        | add_ln191_4  | add | fabric | 0       |
|   add_ln191_5_fu_2020_p2           | -   |        | add_ln191_5  | add | fabric | 0       |
|   add_ln191_7_fu_2026_p2           | -   |        | add_ln191_7  | add | fabric | 0       |
|   add_ln191_8_fu_2032_p2           | -   |        | add_ln191_8  | add | fabric | 0       |
|   mul_32ns_32ns_64_1_1_U380        | 4   |        | mul_ln192    | mul | auto   | 0       |
|   mul_32ns_32ns_64_1_1_U381        | 4   |        | mul_ln192_1  | mul | auto   | 0       |
|   mul_32ns_32ns_64_1_1_U382        | 4   |        | mul_ln192_2  | mul | auto   | 0       |
|   mul_32ns_32ns_64_1_1_U383        | 4   |        | mul_ln192_3  | mul | auto   | 0       |
|   mul_32ns_32ns_64_1_1_U384        | 4   |        | mul_ln192_4  | mul | auto   | 0       |
|   mul_32ns_32ns_64_1_1_U385        | 4   |        | mul_ln192_5  | mul | auto   | 0       |
|   mul_32ns_32ns_64_1_1_U386        | 4   |        | mul_ln192_6  | mul | auto   | 0       |
|   mul_32ns_32ns_64_1_1_U387        | 4   |        | mul_ln193    | mul | auto   | 0       |
|   mul_32ns_32ns_64_1_1_U388        | 4   |        | mul_ln193_1  | mul | auto   | 0       |
|   mul_32ns_32ns_64_1_1_U389        | 4   |        | mul_ln193_2  | mul | auto   | 0       |
|   mul_32ns_32ns_64_1_1_U390        | 4   |        | mul_ln193_3  | mul | auto   | 0       |
|   mul_32ns_32ns_64_1_1_U391        | 4   |        | mul_ln193_4  | mul | auto   | 0       |
|   mul_32ns_32ns_64_1_1_U392        | 4   |        | mul_ln193_5  | mul | auto   | 0       |
|   mul_32ns_32ns_64_1_1_U393        | 4   |        | mul_ln194    | mul | auto   | 0       |
|   mul_32ns_32ns_64_1_1_U394        | 4   |        | mul_ln194_1  | mul | auto   | 0       |
|   mul_32ns_32ns_64_1_1_U395        | 4   |        | mul_ln194_2  | mul | auto   | 0       |
|   mul_32ns_32ns_64_1_1_U396        | 4   |        | mul_ln194_3  | mul | auto   | 0       |
|   mul_32ns_32ns_64_1_1_U397        | 4   |        | mul_ln194_4  | mul | auto   | 0       |
|   mul_32ns_32ns_64_1_1_U398        | 4   |        | mul_ln195    | mul | auto   | 0       |
|   mul_32ns_32ns_64_1_1_U399        | 4   |        | mul_ln195_1  | mul | auto   | 0       |
|   mul_32ns_32ns_64_1_1_U400        | 4   |        | mul_ln195_2  | mul | auto   | 0       |
|   mul_32ns_32ns_64_1_1_U401        | 4   |        | mul_ln195_3  | mul | auto   | 0       |
|   mul_32ns_32ns_64_1_1_U358        | 4   |        | mul_ln196    | mul | auto   | 0       |
|   mul_32ns_32ns_64_1_1_U359        | 4   |        | mul_ln196_1  | mul | auto   | 0       |
|   mul_32ns_32ns_64_1_1_U360        | 4   |        | mul_ln196_2  | mul | auto   | 0       |
|   mul_32ns_32ns_64_1_1_U361        | 4   |        | mul_ln197    | mul | auto   | 0       |
|   mul_32ns_32ns_64_1_1_U362        | 4   |        | mul_ln197_1  | mul | auto   | 0       |
|   mul_32ns_32ns_64_1_1_U363        | 4   |        | mul_ln198    | mul | auto   | 0       |
|   arr_28_fu_2464_p2                | -   |        | arr_28       | add | fabric | 0       |
|   add_ln200_fu_2484_p2             | -   |        | add_ln200    | add | fabric | 0       |
|   add_ln200_1_fu_2490_p2           | -   |        | add_ln200_1  | add | fabric | 0       |
|   mul_32ns_32ns_64_1_1_U364        | 4   |        | mul_ln200    | mul | auto   | 0       |
|   mul_32ns_32ns_64_1_1_U365        | 4   |        | mul_ln200_1  | mul | auto   | 0       |
|   mul_32ns_32ns_64_1_1_U366        | 4   |        | mul_ln200_2  | mul | auto   | 0       |
|   mul_32ns_32ns_64_1_1_U367        | 4   |        | mul_ln200_3  | mul | auto   | 0       |
|   mul_32ns_32ns_64_1_1_U368        | 4   |        | mul_ln200_4  | mul | auto   | 0       |
|   mul_32ns_32ns_64_1_1_U369        | 4   |        | mul_ln200_5  | mul | auto   | 0       |
|   mul_32ns_32ns_64_1_1_U370        | 4   |        | mul_ln200_6  | mul | auto   | 0       |
|   mul_32ns_32ns_64_1_1_U371        | 4   |        | mul_ln200_7  | mul | auto   | 0       |
|   mul_32ns_32ns_64_1_1_U372        | 4   |        | mul_ln200_8  | mul | auto   | 0       |
|   add_ln200_2_fu_2114_p2           | -   |        | add_ln200_2  | add | fabric | 0       |
|   add_ln200_3_fu_2124_p2           | -   |        | add_ln200_3  | add | fabric | 0       |
|   add_ln200_4_fu_2130_p2           | -   |        | add_ln200_4  | add | fabric | 0       |
|   add_ln200_5_fu_2140_p2           | -   |        | add_ln200_5  | add | fabric | 0       |
|   add_ln200_41_fu_2533_p2          | -   |        | add_ln200_41 | add | fabric | 0       |
|   add_ln200_6_fu_2537_p2           | -   |        | add_ln200_6  | add | fabric | 0       |
|   add_ln200_7_fu_2146_p2           | -   |        | add_ln200_7  | add | fabric | 0       |
|   add_ln200_8_fu_2156_p2           | -   |        | add_ln200_8  | add | fabric | 0       |
|   add_ln200_12_fu_2570_p2          | -   |        | add_ln200_12 | add | fabric | 0       |
|   add_ln200_35_fu_2584_p2          | -   |        | add_ln200_35 | add | fabric | 0       |
|   add_ln200_11_fu_2590_p2          | -   |        | add_ln200_11 | add | fabric | 0       |
|   mul_32ns_32ns_64_1_1_U402        | 4   |        | mul_ln200_9  | mul | auto   | 0       |
|   mul_32ns_32ns_64_1_1_U403        | 4   |        | mul_ln200_10 | mul | auto   | 0       |
|   mul_32ns_32ns_64_1_1_U404        | 4   |        | mul_ln200_11 | mul | auto   | 0       |
|   mul_32ns_32ns_64_1_1_U405        | 4   |        | mul_ln200_12 | mul | auto   | 0       |
|   mul_32ns_32ns_64_1_1_U406        | 4   |        | mul_ln200_13 | mul | auto   | 0       |
|   mul_32ns_32ns_64_1_1_U407        | 4   |        | mul_ln200_14 | mul | auto   | 0       |
|   mul_32ns_32ns_64_1_1_U408        | 4   |        | mul_ln200_15 | mul | auto   | 0       |
|   add_ln200_13_fu_2680_p2          | -   |        | add_ln200_13 | add | fabric | 0       |
|   add_ln200_14_fu_2690_p2          | -   |        | add_ln200_14 | add | fabric | 0       |
|   add_ln200_15_fu_2700_p2          | -   |        | add_ln200_15 | add | fabric | 0       |
|   add_ln200_16_fu_2706_p2          | -   |        | add_ln200_16 | add | fabric | 0       |
|   add_ln200_17_fu_2716_p2          | -   |        | add_ln200_17 | add | fabric | 0       |
|   add_ln200_18_fu_2726_p2          | -   |        | add_ln200_18 | add | fabric | 0       |
|   add_ln200_20_fu_2736_p2          | -   |        | add_ln200_20 | add | fabric | 0       |
|   add_ln200_19_fu_3419_p2          | -   |        | add_ln200_19 | add | fabric | 0       |
|   mul_32ns_32ns_64_1_1_U409        | 4   |        | mul_ln200_16 | mul | auto   | 0       |
|   mul_32ns_32ns_64_1_1_U410        | 4   |        | mul_ln200_17 | mul | auto   | 0       |
|   mul_32ns_32ns_64_1_1_U411        | 4   |        | mul_ln200_18 | mul | auto   | 0       |
|   mul_32ns_32ns_64_1_1_U412        | 4   |        | mul_ln200_19 | mul | auto   | 0       |
|   mul_32ns_32ns_64_1_1_U413        | 4   |        | mul_ln200_20 | mul | auto   | 0       |
|   add_ln200_21_fu_2782_p2          | -   |        | add_ln200_21 | add | fabric | 0       |
|   add_ln200_22_fu_2792_p2          | -   |        | add_ln200_22 | add | fabric | 0       |
|   add_ln200_23_fu_2802_p2          | -   |        | add_ln200_23 | add | fabric | 0       |
|   add_ln200_24_fu_3458_p2          | -   |        | add_ln200_24 | add | fabric | 0       |
|   add_ln200_42_fu_3468_p2          | -   |        | add_ln200_42 | add | fabric | 0       |
|   add_ln200_26_fu_3473_p2          | -   |        | add_ln200_26 | add | fabric | 0       |
|   add_ln200_40_fu_3487_p2          | -   |        | add_ln200_40 | add | fabric | 0       |
|   add_ln200_25_fu_3492_p2          | -   |        | add_ln200_25 | add | fabric | 0       |
|   mul_32ns_32ns_64_1_1_U414        | 4   |        | mul_ln200_21 | mul | auto   | 0       |
|   mul_32ns_32ns_64_1_1_U415        | 4   |        | mul_ln200_22 | mul | auto   | 0       |
|   mul_32ns_32ns_64_1_1_U416        | 4   |        | mul_ln200_23 | mul | auto   | 0       |
|   add_ln200_27_fu_2828_p2          | -   |        | add_ln200_27 | add | fabric | 0       |
|   add_ln200_28_fu_3528_p2          | -   |        | add_ln200_28 | add | fabric | 0       |
|   add_ln200_30_fu_3538_p2          | -   |        | add_ln200_30 | add | fabric | 0       |
|   add_ln200_29_fu_3808_p2          | -   |        | add_ln200_29 | add | fabric | 0       |
|   mul_32ns_32ns_64_1_1_U417        | 4   |        | mul_ln200_24 | mul | auto   | 0       |
|   add_ln200_36_fu_3844_p2          | -   |        | add_ln200_36 | add | fabric | 0       |
|   add_ln200_31_fu_3854_p2          | -   |        | add_ln200_31 | add | fabric | 0       |
|   add_ln185_fu_2838_p2             | -   |        | add_ln185    | add | fabric | 0       |
|   add_ln185_1_fu_2844_p2           | -   |        | add_ln185_1  | add | fabric | 0       |
|   add_ln185_2_fu_2858_p2           | -   |        | add_ln185_2  | add | fabric | 0       |
|   grp_fu_922_p2                    | -   |        | add_ln185_3  | add | fabric | 0       |
|   add_ln185_6_fu_2878_p2           | -   |        | add_ln185_6  | add | fabric | 0       |
|   add_ln185_8_fu_2884_p2           | -   |        | add_ln185_8  | add | fabric | 0       |
|   add_ln185_9_fu_2890_p2           | -   |        | add_ln185_9  | add | fabric | 0       |
|   add_ln200_37_fu_3896_p2          | -   |        | add_ln200_37 | add | fabric | 0       |
|   add_ln184_fu_2896_p2             | -   |        | add_ln184    | add | fabric | 0       |
|   add_ln184_1_fu_2902_p2           | -   |        | add_ln184_1  | add | fabric | 0       |
|   add_ln184_2_fu_2916_p2           | -   |        | add_ln184_2  | add | fabric | 0       |
|   grp_fu_904_p2                    | -   |        | add_ln184_3  | add | fabric | 0       |
|   add_ln184_6_fu_2942_p2           | -   |        | add_ln184_6  | add | fabric | 0       |
|   add_ln184_8_fu_2948_p2           | -   |        | add_ln184_8  | add | fabric | 0       |
|   add_ln184_9_fu_2954_p2           | -   |        | add_ln184_9  | add | fabric | 0       |
|   add_ln200_38_fu_3944_p2          | -   |        | add_ln200_38 | add | fabric | 0       |
|   add_ln200_34_fu_4031_p2          | -   |        | add_ln200_34 | add | fabric | 0       |
|   out1_w_fu_4059_p2                | -   |        | out1_w       | add | fabric | 0       |
|   add_ln201_fu_4068_p2             | -   |        | add_ln201    | add | fabric | 0       |
|   add_ln197_fu_2162_p2             | -   |        | add_ln197    | add | fabric | 0       |
|   out1_w_1_fu_4089_p2              | -   |        | out1_w_1     | add | fabric | 0       |
|   add_ln195_fu_3080_p2             | -   |        | add_ln195    | add | fabric | 0       |
|   add_ln195_1_fu_3086_p2           | -   |        | add_ln195_1  | add | fabric | 0       |
|   add_ln203_1_fu_3126_p2           | -   |        | add_ln203_1  | add | fabric | 0       |
|   add_ln203_2_fu_3138_p2           | -   |        | add_ln203_2  | add | fabric | 0       |
|   add_ln194_fu_3160_p2             | -   |        | add_ln194    | add | fabric | 0       |
|   add_ln204_1_fu_3559_p2           | -   |        | add_ln204_1  | add | fabric | 0       |
|   add_ln204_2_fu_3571_p2           | -   |        | add_ln204_2  | add | fabric | 0       |
|   add_ln205_1_fu_3618_p2           | -   |        | add_ln205_1  | add | fabric | 0       |
|   add_ln205_2_fu_3630_p2           | -   |        | add_ln205_2  | add | fabric | 0       |
|   add_ln192_2_fu_3240_p2           | -   |        | add_ln192_2  | add | fabric | 0       |
|   add_ln192_3_fu_3246_p2           | -   |        | add_ln192_3  | add | fabric | 0       |
|   add_ln192_4_fu_3260_p2           | -   |        | add_ln192_4  | add | fabric | 0       |
|   add_ln192_6_fu_3270_p2           | -   |        | add_ln192_6  | add | fabric | 0       |
|   add_ln206_1_fu_3678_p2           | -   |        | add_ln206_1  | add | fabric | 0       |
|   add_ln206_2_fu_3690_p2           | -   |        | add_ln206_2  | add | fabric | 0       |
|   out1_w_7_fu_3726_p2              | -   |        | out1_w_7     | add | fabric | 0       |
|   add_ln208_fu_3734_p2             | -   |        | add_ln208    | add | fabric | 0       |
|   add_ln208_7_fu_2200_p2           | -   |        | add_ln208_7  | add | fabric | 0       |
|   add_ln208_12_fu_4099_p2          | -   |        | add_ln208_12 | add | fabric | 0       |
|   out1_w_8_fu_4109_p2              | -   |        | out1_w_8     | add | fabric | 0       |
|   add_ln209_fu_4122_p2             | -   |        | add_ln209    | add | fabric | 0       |
|   add_ln209_1_fu_3303_p2           | -   |        | add_ln209_1  | add | fabric | 0       |
|   out1_w_9_fu_4143_p2              | -   |        | out1_w_9     | add | fabric | 0       |
|   add_ln210_fu_3356_p2             | -   |        | add_ln210    | add | fabric | 0       |
|   add_ln210_1_fu_3362_p2           | -   |        | add_ln210_1  | add | fabric | 0       |
|   add_ln211_fu_3368_p2             | -   |        | add_ln211    | add | fabric | 0       |
|   add_ln212_1_fu_3970_p2           | -   |        | add_ln212_1  | add | fabric | 0       |
|   add_ln213_fu_3981_p2             | -   |        | add_ln213    | add | fabric | 0       |
|   add_ln214_fu_3993_p2             | -   |        | add_ln214    | add | fabric | 0       |
|   out1_w_15_fu_4150_p2             | -   |        | out1_w_15    | add | fabric | 0       |
|  + test_Pipeline_ARRAY_1_READ      | 0   |        |              |     |        |         |
|    add_ln18_fu_325_p2              | -   |        | add_ln18     | add | fabric | 0       |
|  + test_Pipeline_ARRAY_2_READ      | 0   |        |              |     |        |         |
|    add_ln25_fu_325_p2              | -   |        | add_ln25     | add | fabric | 0       |
|  + test_Pipeline_VITIS_LOOP_77_9   | 260 |        |              |     |        |         |
|    empty_fu_967_p2                 | -   |        | empty        | add | fabric | 0       |
|    mul_32ns_32ns_64_1_1_U37        | 4   |        | mul_ln90     | mul | auto   | 0       |
|    add_ln90_fu_1035_p2             | -   |        | add_ln90     | add | fabric | 0       |
|    sub_ln35_15_fu_1179_p2          | -   |        | sub_ln35_15  | sub | fabric | 0       |
|    sub_ln35_16_fu_1194_p2          | -   |        | sub_ln35_16  | sub | fabric | 0       |
|    sub_ln35_17_fu_1213_p2          | -   |        | sub_ln35_17  | sub | fabric | 0       |
|    sub_ln35_18_fu_1228_p2          | -   |        | sub_ln35_18  | sub | fabric | 0       |
|    sub_ln35_19_fu_1243_p2          | -   |        | sub_ln35_19  | sub | fabric | 0       |
|    sub_ln35_20_fu_1258_p2          | -   |        | sub_ln35_20  | sub | fabric | 0       |
|    sub_ln35_fu_1273_p2             | -   |        | sub_ln35     | sub | fabric | 0       |
|    sub_ln35_1_fu_1282_p2           | -   |        | sub_ln35_1   | sub | fabric | 0       |
|    sub_ln35_2_fu_2177_p2           | -   |        | sub_ln35_2   | sub | fabric | 0       |
|    mul_32ns_32ns_64_1_1_U38        | 4   |        | mul_ln90_1   | mul | auto   | 0       |
|    mul_32ns_32ns_64_1_1_U39        | 4   |        | mul_ln90_2   | mul | auto   | 0       |
|    sub_ln35_21_fu_1315_p2          | -   |        | sub_ln35_21  | sub | fabric | 0       |
|    sub_ln35_22_fu_1330_p2          | -   |        | sub_ln35_22  | sub | fabric | 0       |
|    sub_ln35_23_fu_1349_p2          | -   |        | sub_ln35_23  | sub | fabric | 0       |
|    sub_ln35_24_fu_1364_p2          | -   |        | sub_ln35_24  | sub | fabric | 0       |
|    sub_ln35_25_fu_1379_p2          | -   |        | sub_ln35_25  | sub | fabric | 0       |
|    sub_ln35_26_fu_1394_p2          | -   |        | sub_ln35_26  | sub | fabric | 0       |
|    sub_ln35_3_fu_1411_p2           | -   |        | sub_ln35_3   | sub | fabric | 0       |
|    sub_ln35_4_fu_1426_p2           | -   |        | sub_ln35_4   | sub | fabric | 0       |
|    sub_ln35_5_fu_2725_p2           | -   |        | sub_ln35_5   | sub | fabric | 0       |
|    empty_35_fu_1057_p2             | -   |        | empty_35     | add | fabric | 0       |
|    mul_32ns_32ns_64_1_1_U40        | 4   |        | mul_ln90_3   | mul | auto   | 0       |
|    mul_32ns_32ns_64_1_1_U41        | 4   |        | mul_ln90_4   | mul | auto   | 0       |
|    mul_32ns_32ns_64_1_1_U42        | 4   |        | mul_ln90_5   | mul | auto   | 0       |
|    add_ln90_3_fu_2940_p2           | -   |        | add_ln90_3   | add | fabric | 0       |
|    sub_ln35_27_fu_1459_p2          | -   |        | sub_ln35_27  | sub | fabric | 0       |
|    sub_ln35_28_fu_1474_p2          | -   |        | sub_ln35_28  | sub | fabric | 0       |
|    sub_ln35_29_fu_1493_p2          | -   |        | sub_ln35_29  | sub | fabric | 0       |
|    sub_ln35_30_fu_1508_p2          | -   |        | sub_ln35_30  | sub | fabric | 0       |
|    sub_ln35_31_fu_1523_p2          | -   |        | sub_ln35_31  | sub | fabric | 0       |
|    sub_ln35_32_fu_1532_p2          | -   |        | sub_ln35_32  | sub | fabric | 0       |
|    sub_ln35_6_fu_1547_p2           | -   |        | sub_ln35_6   | sub | fabric | 0       |
|    sub_ln35_7_fu_1562_p2           | -   |        | sub_ln35_7   | sub | fabric | 0       |
|    sub_ln35_8_fu_3259_p2           | -   |        | sub_ln35_8   | sub | fabric | 0       |
|    empty_36_fu_1071_p2             | -   |        | empty_36     | add | fabric | 0       |
|    mul_32ns_32ns_64_1_1_U43        | 4   |        | mul_ln90_6   | mul | auto   | 0       |
|    mul_32ns_32ns_64_1_1_U44        | 4   |        | mul_ln90_7   | mul | auto   | 0       |
|    mul_32ns_32ns_64_1_1_U45        | 4   |        | mul_ln90_8   | mul | auto   | 0       |
|    mul_32ns_32ns_64_1_1_U46        | 4   |        | mul_ln90_9   | mul | auto   | 0       |
|    add_ln90_6_fu_3454_p2           | -   |        | add_ln90_6   | add | fabric | 0       |
|    add_ln90_7_fu_3460_p2           | -   |        | add_ln90_7   | add | fabric | 0       |
|    sub_ln35_41_fu_1595_p2          | -   |        | sub_ln35_41  | sub | fabric | 0       |
|    sub_ln35_42_fu_1610_p2          | -   |        | sub_ln35_42  | sub | fabric | 0       |
|    sub_ln35_33_fu_1629_p2          | -   |        | sub_ln35_33  | sub | fabric | 0       |
|    sub_ln35_34_fu_1644_p2          | -   |        | sub_ln35_34  | sub | fabric | 0       |
|    sub_ln35_35_fu_1653_p2          | -   |        | sub_ln35_35  | sub | fabric | 0       |
|    sub_ln35_36_fu_1668_p2          | -   |        | sub_ln35_36  | sub | fabric | 0       |
|    sub_ln35_9_fu_1683_p2           | -   |        | sub_ln35_9   | sub | fabric | 0       |
|    sub_ln35_10_fu_1698_p2          | -   |        | sub_ln35_10  | sub | fabric | 0       |
|    sub_ln35_11_fu_3779_p2          | -   |        | sub_ln35_11  | sub | fabric | 0       |
|    empty_37_fu_1109_p2             | -   |        | empty_37     | add | fabric | 0       |
|    mul_32ns_32ns_64_1_1_U47        | 4   |        | mul_ln90_10  | mul | auto   | 0       |
|    mul_32ns_32ns_64_1_1_U48        | 4   |        | mul_ln90_11  | mul | auto   | 0       |
|    mul_32ns_32ns_64_1_1_U49        | 4   |        | mul_ln90_12  | mul | auto   | 0       |
|    mul_32ns_32ns_64_1_1_U50        | 4   |        | mul_ln90_13  | mul | auto   | 0       |
|    mul_32ns_32ns_64_1_1_U51        | 4   |        | mul_ln90_14  | mul | auto   | 0       |
|    add_ln90_10_fu_3954_p2          | -   |        | add_ln90_10  | add | fabric | 0       |
|    mul_32ns_32ns_64_1_1_U52        | 4   |        | mul_ln90_15  | mul | auto   | 0       |
|    mul_32ns_32ns_64_1_1_U53        | 4   |        | mul_ln90_16  | mul | auto   | 0       |
|    mul_32ns_32ns_64_1_1_U54        | 4   |        | mul_ln90_17  | mul | auto   | 0       |
|    mul_32ns_32ns_64_1_1_U55        | 4   |        | mul_ln90_18  | mul | auto   | 0       |
|    mul_32ns_32ns_64_1_1_U56        | 4   |        | mul_ln90_19  | mul | auto   | 0       |
|    add_ln90_15_fu_4059_p2          | -   |        | add_ln90_15  | add | fabric | 0       |
|    sub_ln35_43_fu_1726_p2          | -   |        | sub_ln35_43  | sub | fabric | 0       |
|    mul_32ns_32ns_64_1_1_U57        | 4   |        | mul_ln90_20  | mul | auto   | 0       |
|    mul_32ns_32ns_64_1_1_U58        | 4   |        | mul_ln90_21  | mul | auto   | 0       |
|    mul_32ns_32ns_64_1_1_U59        | 4   |        | mul_ln90_22  | mul | auto   | 0       |
|    mul_32ns_32ns_64_1_1_U60        | 4   |        | mul_ln90_23  | mul | auto   | 0       |
|    mul_32ns_32ns_64_1_1_U61        | 4   |        | mul_ln90_24  | mul | auto   | 0       |
|    add_ln90_20_fu_4197_p2          | -   |        | add_ln90_20  | add | fabric | 0       |
|    sub_ln35_44_fu_1741_p2          | -   |        | sub_ln35_44  | sub | fabric | 0       |
|    mul_32ns_32ns_64_1_1_U62        | 4   |        | mul_ln90_25  | mul | auto   | 0       |
|    mul_32ns_32ns_64_1_1_U63        | 4   |        | mul_ln90_26  | mul | auto   | 0       |
|    mul_32ns_32ns_64_1_1_U64        | 4   |        | mul_ln90_27  | mul | auto   | 0       |
|    mul_32ns_32ns_64_1_1_U65        | 4   |        | mul_ln90_28  | mul | auto   | 0       |
|    mul_32ns_32ns_64_1_1_U66        | 4   |        | mul_ln90_29  | mul | auto   | 0       |
|    add_ln90_25_fu_4330_p2          | -   |        | add_ln90_25  | add | fabric | 0       |
|    sub_ln35_37_fu_1760_p2          | -   |        | sub_ln35_37  | sub | fabric | 0       |
|    mul_32ns_32ns_64_1_1_U67        | 4   |        | mul_ln90_30  | mul | auto   | 0       |
|    mul_32ns_32ns_64_1_1_U68        | 4   |        | mul_ln90_31  | mul | auto   | 0       |
|    mul_32ns_32ns_64_1_1_U69        | 4   |        | mul_ln90_32  | mul | auto   | 0       |
|    mul_32ns_32ns_64_1_1_U70        | 4   |        | mul_ln90_33  | mul | auto   | 0       |
|    mul_32ns_32ns_64_1_1_U71        | 4   |        | mul_ln90_34  | mul | auto   | 0       |
|    add_ln90_30_fu_4462_p2          | -   |        | add_ln90_30  | add | fabric | 0       |
|    sub_ln35_38_fu_1769_p2          | -   |        | sub_ln35_38  | sub | fabric | 0       |
|    mul_32ns_32ns_64_1_1_U72        | 4   |        | mul_ln90_35  | mul | auto   | 0       |
|    mul_32ns_32ns_64_1_1_U73        | 4   |        | mul_ln90_36  | mul | auto   | 0       |
|    mul_32ns_32ns_64_1_1_U74        | 4   |        | mul_ln90_37  | mul | auto   | 0       |
|    mul_32ns_32ns_64_1_1_U75        | 4   |        | mul_ln90_38  | mul | auto   | 0       |
|    mul_32ns_32ns_64_1_1_U76        | 4   |        | mul_ln90_39  | mul | auto   | 0       |
|    add_ln90_35_fu_4593_p2          | -   |        | add_ln90_35  | add | fabric | 0       |
|    sub_ln35_39_fu_1784_p2          | -   |        | sub_ln35_39  | sub | fabric | 0       |
|    mul_32ns_32ns_64_1_1_U77        | 4   |        | mul_ln90_40  | mul | auto   | 0       |
|    mul_32ns_32ns_64_1_1_U78        | 4   |        | mul_ln90_41  | mul | auto   | 0       |
|    mul_32ns_32ns_64_1_1_U79        | 4   |        | mul_ln90_42  | mul | auto   | 0       |
|    mul_32ns_32ns_64_1_1_U80        | 4   |        | mul_ln90_43  | mul | auto   | 0       |
|    mul_32ns_32ns_64_1_1_U81        | 4   |        | mul_ln90_44  | mul | auto   | 0       |
|    add_ln90_40_fu_4710_p2          | -   |        | add_ln90_40  | add | fabric | 0       |
|    sub_ln35_40_fu_1799_p2          | -   |        | sub_ln35_40  | sub | fabric | 0       |
|    mul_32ns_32ns_64_1_1_U82        | 4   |        | mul_ln90_45  | mul | auto   | 0       |
|    mul_32ns_32ns_64_1_1_U83        | 4   |        | mul_ln90_46  | mul | auto   | 0       |
|    mul_32ns_32ns_64_1_1_U84        | 4   |        | mul_ln90_47  | mul | auto   | 0       |
|    mul_32ns_32ns_64_1_1_U85        | 4   |        | mul_ln90_48  | mul | auto   | 0       |
|    mul_32ns_32ns_64_1_1_U86        | 4   |        | mul_ln90_49  | mul | auto   | 0       |
|    add_ln90_45_fu_4813_p2          | -   |        | add_ln90_45  | add | fabric | 0       |
|    sub_ln35_12_fu_1814_p2          | -   |        | sub_ln35_12  | sub | fabric | 0       |
|    mul_32ns_32ns_64_1_1_U87        | 4   |        | mul_ln90_50  | mul | auto   | 0       |
|    mul_32ns_32ns_64_1_1_U88        | 4   |        | mul_ln90_51  | mul | auto   | 0       |
|    mul_32ns_32ns_64_1_1_U89        | 4   |        | mul_ln90_52  | mul | auto   | 0       |
|    mul_32ns_32ns_64_1_1_U90        | 4   |        | mul_ln90_53  | mul | auto   | 0       |
|    mul_32ns_32ns_64_1_1_U91        | 4   |        | mul_ln90_54  | mul | auto   | 0       |
|    add_ln90_50_fu_4902_p2          | -   |        | add_ln90_50  | add | fabric | 0       |
|    sub_ln35_13_fu_1823_p2          | -   |        | sub_ln35_13  | sub | fabric | 0       |
|    mul_32ns_32ns_64_1_1_U92        | 4   |        | mul_ln90_55  | mul | auto   | 0       |
|    mul_32ns_32ns_64_1_1_U93        | 4   |        | mul_ln90_56  | mul | auto   | 0       |
|    mul_32ns_32ns_64_1_1_U94        | 4   |        | mul_ln90_57  | mul | auto   | 0       |
|    mul_32ns_32ns_64_1_1_U95        | 4   |        | mul_ln90_58  | mul | auto   | 0       |
|    mul_32ns_32ns_64_1_1_U96        | 4   |        | mul_ln90_59  | mul | auto   | 0       |
|    add_ln90_55_fu_4977_p2          | -   |        | add_ln90_55  | add | fabric | 0       |
|    tmp_58_fu_5015_p17              | -   |        | sub_ln35_14  | sub | fabric | 0       |
|    mul_32ns_32ns_64_1_1_U97        | 4   |        | mul_ln90_60  | mul | auto   | 0       |
|    mul_32ns_32ns_64_1_1_U98        | 4   |        | mul_ln90_61  | mul | auto   | 0       |
|    mul_32ns_32ns_64_1_1_U99        | 4   |        | mul_ln90_62  | mul | auto   | 0       |
|    mul_32ns_32ns_64_1_1_U100       | 4   |        | mul_ln90_63  | mul | auto   | 0       |
|    mul_32ns_32ns_64_1_1_U101       | 4   |        | mul_ln90_64  | mul | auto   | 0       |
|    add_ln90_60_fu_5047_p2          | -   |        | add_ln90_60  | add | fabric | 0       |
|    add_ln77_fu_1147_p2             | -   |        | add_ln77     | add | fabric | 0       |
|  + test_Pipeline_VITIS_LOOP_120_17 | 4   |        |              |     |        |         |
|    add_ln126_fu_256_p2             | -   |        | add_ln126    | add | fabric | 0       |
|    mul_32ns_32ns_64_1_1_U218       | 4   |        | mul_ln126    | mul | auto   | 0       |
|    add_ln126_1_fu_297_p2           | -   |        | add_ln126_1  | add | fabric | 0       |
|    add_ln120_fu_303_p2             | -   |        | add_ln120    | add | fabric | 0       |
|  + test_Pipeline_VITIS_LOOP_130_19 | 24  |        |              |     |        |         |
|    empty_fu_360_p2                 | -   |        | empty        | add | fabric | 0       |
|    mul_32ns_32ns_64_1_1_U238       | 4   |        | mul_ln143    | mul | auto   | 0       |
|    add_ln143_fu_495_p2             | -   |        | add_ln143    | add | fabric | 0       |
|    mul_32ns_32ns_64_1_1_U239       | 4   |        | mul_ln143_1  | mul | auto   | 0       |
|    add_ln143_1_fu_524_p2           | -   |        | add_ln143_1  | add | fabric | 0       |
|    sub_ln35_41_fu_410_p2           | -   |        | sub_ln35_41  | sub | fabric | 0       |
|    mul_32ns_32ns_64_1_1_U240       | 4   |        | mul_ln143_2  | mul | auto   | 0       |
|    add_ln143_2_fu_586_p2           | -   |        | add_ln143_2  | add | fabric | 0       |
|    sub_ln35_15_fu_426_p2           | -   |        | sub_ln35_15  | sub | fabric | 0       |
|    mul_32ns_32ns_64_1_1_U241       | 4   |        | mul_ln143_3  | mul | auto   | 0       |
|    add_ln143_3_fu_647_p2           | -   |        | add_ln143_3  | add | fabric | 0       |
|    sub_ln35_16_fu_656_p2           | -   |        | sub_ln35_16  | sub | fabric | 0       |
|    mul_32ns_32ns_64_1_1_U242       | 4   |        | mul_ln143_4  | mul | auto   | 0       |
|    add_ln143_4_fu_713_p2           | -   |        | add_ln143_4  | add | fabric | 0       |
|    tmp_s_fu_728_p17                | -   |        | sub_ln35_17  | sub | fabric | 0       |
|    mul_32ns_32ns_64_1_1_U243       | 4   |        | mul_ln143_5  | mul | auto   | 0       |
|    add_ln143_5_fu_765_p2           | -   |        | add_ln143_5  | add | fabric | 0       |
|    add_ln130_fu_444_p2             | -   |        | add_ln130    | add | fabric | 0       |
|  + test_Pipeline_VITIS_LOOP_151_23 | 24  |        |              |     |        |         |
|    add_ln158_fu_435_p2             | -   |        | add_ln158    | add | fabric | 0       |
|    mul_32ns_32ns_64_1_1_U275       | 4   |        | mul_ln165    | mul | auto   | 0       |
|    add_ln165_fu_511_p2             | -   |        | add_ln165    | add | fabric | 0       |
|    mul_32ns_32ns_64_1_1_U276       | 4   |        | mul_ln165_1  | mul | auto   | 0       |
|    add_ln165_1_fu_554_p2           | -   |        | add_ln165_1  | add | fabric | 0       |
|    add_ln35_fu_568_p2              | -   |        | add_ln35     | add | fabric | 0       |
|    mul_32ns_32ns_64_1_1_U277       | 4   |        | mul_ln165_2  | mul | auto   | 0       |
|    add_ln165_2_fu_621_p2           | -   |        | add_ln165_2  | add | fabric | 0       |
|    sub_ln35_18_fu_631_p2           | -   |        | sub_ln35_18  | sub | fabric | 0       |
|    mul_32ns_32ns_64_1_1_U278       | 4   |        | mul_ln165_3  | mul | auto   | 0       |
|    add_ln165_3_fu_798_p2           | -   |        | add_ln165_3  | add | fabric | 0       |
|    sub_ln35_19_fu_669_p2           | -   |        | sub_ln35_19  | sub | fabric | 0       |
|    mul_32ns_32ns_64_1_1_U279       | 4   |        | mul_ln165_4  | mul | auto   | 0       |
|    add_ln165_4_fu_821_p2           | -   |        | add_ln165_4  | add | fabric | 0       |
|    tmp_64_fu_713_p17               | -   |        | sub_ln35_20  | sub | fabric | 0       |
|    mul_32ns_32ns_64_1_1_U280       | 4   |        | mul_ln165_5  | mul | auto   | 0       |
|    add_ln165_5_fu_844_p2           | -   |        | add_ln165_5  | add | fabric | 0       |
|    add_ln151_fu_741_p2             | -   |        | add_ln151    | add | fabric | 0       |
|  + test_Pipeline_ARRAY_WRITE       | 0   |        |              |     |        |         |
|    add_ln219_fu_280_p2             | -   |        | add_ln219    | add | fabric | 0       |
+------------------------------------+-----+--------+--------------+-----+--------+---------+


================================================================
== Bind Storage Report
================================================================
  No bind storage info in design

================================================================
== Pragma Report
================================================================
* Valid Pragma Syntax
+-----------------+--------------------------------------------------+---------------------------+
| Type            | Options                                          | Location                  |
+-----------------+--------------------------------------------------+---------------------------+
| interface       | m_axi depth=16 port=out1 offset=slave bundle=mem | d5.cpp:5 in test, out1    |
| interface       | m_axi depth=16 port=arg1 offset=slave bundle=mem | d5.cpp:6 in test, arg1    |
| interface       | m_axi depth=16 port=arg2 offset=slave bundle=mem | d5.cpp:7 in test, arg2    |
| interface       | mode=s_axilite port=return                       | d5.cpp:9 in test, return  |
| array_partition | variable=arr type=complete                       | d5.cpp:30 in test, arr    |
| array_partition | variable=arg1_r type=complete                    | d5.cpp:31 in test, arg1_r |
| array_partition | variable=arg2_r type=complete                    | d5.cpp:32 in test, arg2_r |
| array_partition | variable=out1_w type=complete                    | d5.cpp:33 in test, out1_w |
| pipeline        | II = 1                                           | d5.cpp:39 in test         |
| unroll          |                                                  | d5.cpp:42 in test         |
| pipeline        | II = 1                                           | d5.cpp:46 in test         |
| unroll          |                                                  | d5.cpp:49 in test         |
| pipeline        | II = 1                                           | d5.cpp:59 in test         |
| unroll          |                                                  | d5.cpp:62 in test         |
| pipeline        | II = 1                                           | d5.cpp:66 in test         |
| unroll          |                                                  | d5.cpp:69 in test         |
| pipeline        | II = 1                                           | d5.cpp:79 in test         |
| unroll          |                                                  | d5.cpp:82 in test         |
| pipeline        | II = 1                                           | d5.cpp:86 in test         |
| unroll          |                                                  | d5.cpp:89 in test         |
| pipeline        | II = 1                                           | d5.cpp:101 in test        |
| unroll          |                                                  | d5.cpp:104 in test        |
| pipeline        | II = 1                                           | d5.cpp:109 in test        |
| unroll          |                                                  | d5.cpp:112 in test        |
| pipeline        | II = 1                                           | d5.cpp:122 in test        |
| unroll          |                                                  | d5.cpp:125 in test        |
| pipeline        | II = 1                                           | d5.cpp:132 in test        |
| unroll          |                                                  | d5.cpp:135 in test        |
| pipeline        | II = 1                                           | d5.cpp:139 in test        |
| unroll          |                                                  | d5.cpp:142 in test        |
| pipeline        | II = 1                                           | d5.cpp:153 in test        |
| unroll          |                                                  | d5.cpp:156 in test        |
| pipeline        | II = 1                                           | d5.cpp:161 in test        |
| unroll          |                                                  | d5.cpp:164 in test        |
| pipeline        | II = 1                                           | d5.cpp:175 in test        |
| unroll          |                                                  | d5.cpp:178 in test        |
+-----------------+--------------------------------------------------+---------------------------+


