

================================================================
== Vitis HLS Report for 'fiat_25519_carry_square_Pipeline_VITIS_LOOP_30_1'
================================================================
* Date:           Thu May  9 15:39:00 2024

* Version:        2023.1.1 (Build 3869133 on Jun 15 2023)
* Project:        D1
* Solution:       comb_49 (Vivado IP Flow Target)
* Product family: zynquplus
* Target device:  xczu9eg-ffvb1156-2-e


================================================================
== Performance Estimates
================================================================
+ Timing: 
    * Summary: 
    +--------+----------+----------+------------+
    |  Clock |  Target  | Estimated| Uncertainty|
    +--------+----------+----------+------------+
    |ap_clk  |  10.00 ns|  6.646 ns|     2.70 ns|
    +--------+----------+----------+------------+

+ Latency: 
    * Summary: 
    +---------+---------+-----------+-----------+-----+-----+---------+
    |  Latency (cycles) |   Latency (absolute)  |  Interval | Pipeline|
    |   min   |   max   |    min    |    max    | min | max |   Type  |
    +---------+---------+-----------+-----------+-----+-----+---------+
    |        4|        4|  40.000 ns|  40.000 ns|    4|    4|       no|
    +---------+---------+-----------+-----------+-----+-----+---------+

    + Detail: 
        * Instance: 
        N/A

        * Loop: 
        +-------------------+---------+---------+----------+-----------+-----------+------+----------+
        |                   |  Latency (cycles) | Iteration|  Initiation Interval  | Trip |          |
        |     Loop Name     |   min   |   max   |  Latency |  achieved |   target  | Count| Pipelined|
        +-------------------+---------+---------+----------+-----------+-----------+------+----------+
        |- VITIS_LOOP_30_1  |        2|        2|         1|          1|          1|     2|       yes|
        +-------------------+---------+---------+----------+-----------+-----------+------+----------+

============================================================
+ Verbose Summary: Synthesis Manager
============================================================
InlineROM: 1
ExposeGlobal: 0
============================================================
+ Verbose Summary: CDFG Model
============================================================
IsTopModel: 0
ResetActiveHigh: 1
IsCombinational: 0
IsDatapathOnly: 0
HasWiredReturn: 1
HasMFsm: 2
HasVarLatency: 1
IsPipeline: 0
IsRtlPipelined: 0
IsInstanceOverlapped: 0
IsDontTouch: 0
HasImplIP: 0
IsGatedGlobalClock: 0

+ Individual pipeline summary: 
  * Pipeline-0: initiation interval (II) = 1, depth = 2


============================================================
+ Verbose Summary: Schedule
============================================================
* Number of FSM states : 2
* Pipeline : 1
  Pipeline-0 : II = 1, D = 2, States = { 1 2 }
* Dataflow Pipeline: 0

* FSM state transitions: 
1 --> 2 
2 --> 

* FSM state operations: 

State 1 <SV = 0> <Delay = 0.57>
ST_1 : Operation 4 [1/1] (0.00ns)   --->   "%i_1 = alloca i32 1"   --->   Operation 4 'alloca' 'i_1' <Predicate = true> <Delay = 0.00>
ST_1 : Operation 5 [1/1] (0.00ns)   --->   "%arr_1 = alloca i32 1"   --->   Operation 5 'alloca' 'arr_1' <Predicate = true> <Delay = 0.00>
ST_1 : Operation 6 [1/1] (0.00ns)   --->   "%arr = alloca i32 1"   --->   Operation 6 'alloca' 'arr' <Predicate = true> <Delay = 0.00>
ST_1 : Operation 7 [1/1] (0.00ns)   --->   "%arr_2 = alloca i32 1"   --->   Operation 7 'alloca' 'arr_2' <Predicate = true> <Delay = 0.00>
ST_1 : Operation 8 [1/1] (0.00ns)   --->   "%arr_7 = alloca i32 1"   --->   Operation 8 'alloca' 'arr_7' <Predicate = true> <Delay = 0.00>
ST_1 : Operation 9 [1/1] (0.00ns)   --->   "%arr_3 = alloca i32 1"   --->   Operation 9 'alloca' 'arr_3' <Predicate = true> <Delay = 0.00>
ST_1 : Operation 10 [1/1] (0.00ns)   --->   "%arr_6 = alloca i32 1"   --->   Operation 10 'alloca' 'arr_6' <Predicate = true> <Delay = 0.00>
ST_1 : Operation 11 [1/1] (0.00ns)   --->   "%arr_4 = alloca i32 1"   --->   Operation 11 'alloca' 'arr_4' <Predicate = true> <Delay = 0.00>
ST_1 : Operation 12 [1/1] (0.00ns)   --->   "%arr_5 = alloca i32 1"   --->   Operation 12 'alloca' 'arr_5' <Predicate = true> <Delay = 0.00>
ST_1 : Operation 13 [1/1] (0.00ns)   --->   "%zext_ln37_2_read = read i32 @_ssdm_op_Read.ap_auto.i32, i32 %zext_ln37_2"   --->   Operation 13 'read' 'zext_ln37_2_read' <Predicate = true> <Delay = 0.00>
ST_1 : Operation 14 [1/1] (0.00ns)   --->   "%arg1_r_1_reload_read = read i32 @_ssdm_op_Read.ap_auto.i32, i32 %arg1_r_1_reload"   --->   Operation 14 'read' 'arg1_r_1_reload_read' <Predicate = true> <Delay = 0.00>
ST_1 : Operation 15 [1/1] (0.00ns)   --->   "%arg1_r_2_reload_read = read i32 @_ssdm_op_Read.ap_auto.i32, i32 %arg1_r_2_reload"   --->   Operation 15 'read' 'arg1_r_2_reload_read' <Predicate = true> <Delay = 0.00>
ST_1 : Operation 16 [1/1] (0.00ns)   --->   "%arg1_r_3_reload_read = read i32 @_ssdm_op_Read.ap_auto.i32, i32 %arg1_r_3_reload"   --->   Operation 16 'read' 'arg1_r_3_reload_read' <Predicate = true> <Delay = 0.00>
ST_1 : Operation 17 [1/1] (0.00ns)   --->   "%zext_ln27_read = read i32 @_ssdm_op_Read.ap_auto.i32, i32 %zext_ln27"   --->   Operation 17 'read' 'zext_ln27_read' <Predicate = true> <Delay = 0.00>
ST_1 : Operation 18 [1/1] (0.00ns)   --->   "%arg1_r_8_reload_read = read i32 @_ssdm_op_Read.ap_auto.i32, i32 %arg1_r_8_reload"   --->   Operation 18 'read' 'arg1_r_8_reload_read' <Predicate = true> <Delay = 0.00>
ST_1 : Operation 19 [1/1] (0.00ns)   --->   "%arg1_r_7_reload_read = read i32 @_ssdm_op_Read.ap_auto.i32, i32 %arg1_r_7_reload"   --->   Operation 19 'read' 'arg1_r_7_reload_read' <Predicate = true> <Delay = 0.00>
ST_1 : Operation 20 [1/1] (0.00ns)   --->   "%arg1_r_6_reload_read = read i32 @_ssdm_op_Read.ap_auto.i32, i32 %arg1_r_6_reload"   --->   Operation 20 'read' 'arg1_r_6_reload_read' <Predicate = true> <Delay = 0.00>
ST_1 : Operation 21 [1/1] (0.00ns)   --->   "%arg1_r_5_reload_read = read i32 @_ssdm_op_Read.ap_auto.i32, i32 %arg1_r_5_reload"   --->   Operation 21 'read' 'arg1_r_5_reload_read' <Predicate = true> <Delay = 0.00>
ST_1 : Operation 22 [1/1] (0.00ns)   --->   "%arg1_r_4_reload_read = read i32 @_ssdm_op_Read.ap_auto.i32, i32 %arg1_r_4_reload"   --->   Operation 22 'read' 'arg1_r_4_reload_read' <Predicate = true> <Delay = 0.00>
ST_1 : Operation 23 [1/1] (0.00ns)   --->   "%zext_ln37_2_cast = zext i32 %zext_ln37_2_read"   --->   Operation 23 'zext' 'zext_ln37_2_cast' <Predicate = true> <Delay = 0.00>
ST_1 : Operation 24 [1/1] (0.00ns)   --->   "%zext_ln27_cast = zext i32 %zext_ln27_read"   --->   Operation 24 'zext' 'zext_ln27_cast' <Predicate = true> <Delay = 0.00>
ST_1 : Operation 25 [1/1] (0.57ns)   --->   "%store_ln0 = store i64 0, i64 %arr_5"   --->   Operation 25 'store' 'store_ln0' <Predicate = true> <Delay = 0.57>
ST_1 : Operation 26 [1/1] (0.57ns)   --->   "%store_ln0 = store i64 0, i64 %arr_4"   --->   Operation 26 'store' 'store_ln0' <Predicate = true> <Delay = 0.57>
ST_1 : Operation 27 [1/1] (0.52ns)   --->   "%store_ln0 = store i64 0, i64 %arr_6"   --->   Operation 27 'store' 'store_ln0' <Predicate = true> <Delay = 0.52>
ST_1 : Operation 28 [1/1] (0.52ns)   --->   "%store_ln0 = store i64 0, i64 %arr_3"   --->   Operation 28 'store' 'store_ln0' <Predicate = true> <Delay = 0.52>
ST_1 : Operation 29 [1/1] (0.47ns)   --->   "%store_ln0 = store i64 0, i64 %arr_7"   --->   Operation 29 'store' 'store_ln0' <Predicate = true> <Delay = 0.47>
ST_1 : Operation 30 [1/1] (0.47ns)   --->   "%store_ln0 = store i64 0, i64 %arr_2"   --->   Operation 30 'store' 'store_ln0' <Predicate = true> <Delay = 0.47>
ST_1 : Operation 31 [1/1] (0.42ns)   --->   "%store_ln0 = store i64 0, i64 %arr"   --->   Operation 31 'store' 'store_ln0' <Predicate = true> <Delay = 0.42>
ST_1 : Operation 32 [1/1] (0.42ns)   --->   "%store_ln0 = store i64 0, i64 %arr_1"   --->   Operation 32 'store' 'store_ln0' <Predicate = true> <Delay = 0.42>
ST_1 : Operation 33 [1/1] (0.42ns)   --->   "%store_ln0 = store i4 1, i4 %i_1"   --->   Operation 33 'store' 'store_ln0' <Predicate = true> <Delay = 0.42>
ST_1 : Operation 34 [1/1] (0.00ns)   --->   "%br_ln0 = br void %for.inc34"   --->   Operation 34 'br' 'br_ln0' <Predicate = true> <Delay = 0.00>

State 2 <SV = 1> <Delay = 6.64>
ST_2 : Operation 35 [1/1] (0.00ns)   --->   "%i = load i4 %i_1" [d1.cpp:29]   --->   Operation 35 'load' 'i' <Predicate = true> <Delay = 0.00>
ST_2 : Operation 36 [1/1] (0.79ns)   --->   "%icmp_ln30 = icmp_ult  i4 %i, i4 9" [d1.cpp:30]   --->   Operation 36 'icmp' 'icmp_ln30' <Predicate = true> <Delay = 0.79> <CoreInst = "Cmp">   --->   Core 9 'Cmp' <Latency = 0> <II = 1> <Delay = 0.79> <FuncUnit> <Opcode : 'icmp'> <InPorts = 2> <OutPorts = 1>
ST_2 : Operation 37 [1/1] (0.00ns)   --->   "%br_ln30 = br i1 %icmp_ln30, void %for.end39.exitStub, void %for.inc34.split" [d1.cpp:30]   --->   Operation 37 'br' 'br_ln30' <Predicate = true> <Delay = 0.00>
ST_2 : Operation 38 [1/1] (0.00ns)   --->   "%arr_1_load21 = load i64 %arr_1" [d1.cpp:37]   --->   Operation 38 'load' 'arr_1_load21' <Predicate = (icmp_ln30)> <Delay = 0.00>
ST_2 : Operation 39 [1/1] (0.00ns)   --->   "%arr_load = load i64 %arr" [d1.cpp:37]   --->   Operation 39 'load' 'arr_load' <Predicate = (icmp_ln30)> <Delay = 0.00>
ST_2 : Operation 40 [1/1] (0.00ns)   --->   "%arr_2_load_2 = load i64 %arr_2" [d1.cpp:37]   --->   Operation 40 'load' 'arr_2_load_2' <Predicate = (icmp_ln30)> <Delay = 0.00>
ST_2 : Operation 41 [1/1] (0.00ns)   --->   "%arr_7_load_1 = load i64 %arr_7" [d1.cpp:37]   --->   Operation 41 'load' 'arr_7_load_1' <Predicate = (icmp_ln30)> <Delay = 0.00>
ST_2 : Operation 42 [1/1] (0.00ns)   --->   "%arr_3_load_2 = load i64 %arr_3" [d1.cpp:37]   --->   Operation 42 'load' 'arr_3_load_2' <Predicate = (icmp_ln30)> <Delay = 0.00>
ST_2 : Operation 43 [1/1] (0.00ns)   --->   "%arr_6_load_1 = load i64 %arr_6" [d1.cpp:37]   --->   Operation 43 'load' 'arr_6_load_1' <Predicate = (icmp_ln30)> <Delay = 0.00>
ST_2 : Operation 44 [1/1] (0.00ns)   --->   "%arr_4_load_2 = load i64 %arr_4" [d1.cpp:37]   --->   Operation 44 'load' 'arr_4_load_2' <Predicate = (icmp_ln30)> <Delay = 0.00>
ST_2 : Operation 45 [1/1] (0.00ns)   --->   "%arr_5_load_2 = load i64 %arr_5" [d1.cpp:37]   --->   Operation 45 'load' 'arr_5_load_2' <Predicate = (icmp_ln30)> <Delay = 0.00>
ST_2 : Operation 46 [1/1] (0.00ns)   --->   "%specpipeline_ln32 = specpipeline void @_ssdm_op_SpecPipeline, i32 1, i32 0, i32 0, i32 0, void @empty_2" [d1.cpp:32]   --->   Operation 46 'specpipeline' 'specpipeline_ln32' <Predicate = (icmp_ln30)> <Delay = 0.00>
ST_2 : Operation 47 [1/1] (0.00ns)   --->   "%speclooptripcount_ln14 = speclooptripcount void @_ssdm_op_SpecLoopTripCount, i64 2, i64 2, i64 2" [d1.cpp:14]   --->   Operation 47 'speclooptripcount' 'speclooptripcount_ln14' <Predicate = (icmp_ln30)> <Delay = 0.00>
ST_2 : Operation 48 [1/1] (0.00ns)   --->   "%specloopname_ln30 = specloopname void @_ssdm_op_SpecLoopName, void @empty_6" [d1.cpp:30]   --->   Operation 48 'specloopname' 'specloopname_ln30' <Predicate = (icmp_ln30)> <Delay = 0.00>
ST_2 : Operation 49 [1/1] (0.00ns)   --->   "%trunc_ln29 = trunc i4 %i" [d1.cpp:29]   --->   Operation 49 'trunc' 'trunc_ln29' <Predicate = (icmp_ln30)> <Delay = 0.00>
ST_2 : Operation 50 [1/1] (0.79ns)   --->   "%sub_ln37 = sub i4 9, i4 %i" [d1.cpp:37]   --->   Operation 50 'sub' 'sub_ln37' <Predicate = (icmp_ln30)> <Delay = 0.79> <CoreInst = "Adder">   --->   Core 1 'Adder' <Latency = 0> <II = 1> <Delay = 0.79> <FuncUnit> <Opcode : 'add' 'sub'> <InPorts = 2> <OutPorts = 1>
ST_2 : Operation 51 [1/1] (0.77ns)   --->   "%tmp = mux i32 @_ssdm_op_Mux.ap_auto.9i32.i4, i32 0, i32 0, i32 0, i32 0, i32 %arg1_r_4_reload_read, i32 %arg1_r_5_reload_read, i32 %arg1_r_6_reload_read, i32 %arg1_r_7_reload_read, i32 %arg1_r_8_reload_read, i4 %sub_ln37" [d1.cpp:37]   --->   Operation 51 'mux' 'tmp' <Predicate = (icmp_ln30)> <Delay = 0.77> <CoreInst = "Multiplexer">   --->   Core 76 'Multiplexer' <Latency = 0> <II = 1> <Delay = 0.77> <FuncUnit> <Opcode : 'mux'> <InPorts = 2> <OutPorts = 1>
ST_2 : Operation 52 [1/1] (0.00ns)   --->   "%zext_ln37 = zext i32 %tmp" [d1.cpp:37]   --->   Operation 52 'zext' 'zext_ln37' <Predicate = (icmp_ln30)> <Delay = 0.00>
ST_2 : [1/1] (0.98ns)   --->   Input mux for Operation 53 '%mul_ln37 = mul i64 %zext_ln37, i64 %zext_ln27_cast'
ST_2 : Operation 53 [1/1] (2.43ns)   --->   "%mul_ln37 = mul i64 %zext_ln37, i64 %zext_ln27_cast" [d1.cpp:37]   --->   Operation 53 'mul' 'mul_ln37' <Predicate = (icmp_ln30)> <Delay = 2.43> <CoreInst = "Multiplier">   --->   Core 3 'Multiplier' <Latency = 0> <II = 1> <Delay = 3.42> <FuncUnit> <Opcode : 'mul'> <InPorts = 2> <OutPorts = 1>
ST_2 : Operation 54 [1/1] (0.62ns)   --->   "%tmp_1 = mux i64 @_ssdm_op_Mux.ap_auto.6i64.i3, i64 0, i64 %arr_load, i64 %arr_7_load_1, i64 %arr_6_load_1, i64 %arr_5_load_2, i64 %arr_4_load_2, i3 %trunc_ln29" [d1.cpp:37]   --->   Operation 54 'mux' 'tmp_1' <Predicate = (icmp_ln30)> <Delay = 0.62> <CoreInst = "Multiplexer">   --->   Core 76 'Multiplexer' <Latency = 0> <II = 1> <Delay = 0.62> <FuncUnit> <Opcode : 'mux'> <InPorts = 2> <OutPorts = 1>
ST_2 : Operation 55 [1/1] (1.08ns)   --->   "%arr_8 = add i64 %mul_ln37, i64 %tmp_1" [d1.cpp:37]   --->   Operation 55 'add' 'arr_8' <Predicate = (icmp_ln30)> <Delay = 1.08> <CoreInst = "Adder">   --->   Core 1 'Adder' <Latency = 0> <II = 1> <Delay = 1.08> <FuncUnit> <Opcode : 'add' 'sub'> <InPorts = 2> <OutPorts = 1>
ST_2 : Operation 56 [1/1] (0.67ns)   --->   "%sub_ln37_1 = sub i3 0, i3 %trunc_ln29" [d1.cpp:37]   --->   Operation 56 'sub' 'sub_ln37_1' <Predicate = (icmp_ln30)> <Delay = 0.67> <CoreInst = "Adder">   --->   Core 1 'Adder' <Latency = 0> <II = 1> <Delay = 0.67> <FuncUnit> <Opcode : 'add' 'sub'> <InPorts = 2> <OutPorts = 1>
ST_2 : Operation 57 [1/1] (0.12ns)   --->   "%xor_ln37 = xor i3 %trunc_ln29, i3 7" [d1.cpp:37]   --->   Operation 57 'xor' 'xor_ln37' <Predicate = (icmp_ln30)> <Delay = 0.12> <CoreInst = "LogicGate">   --->   Core 74 'LogicGate' <Latency = 0> <II = 1> <Delay = 0.12> <FuncUnit> <Opcode : 'and' 'or' 'xor'> <InPorts = 2> <OutPorts = 1>
ST_2 : Operation 58 [1/1] (0.67ns)   --->   "%sub_ln37_2 = sub i3 6, i3 %trunc_ln29" [d1.cpp:37]   --->   Operation 58 'sub' 'sub_ln37_2' <Predicate = (icmp_ln30)> <Delay = 0.67> <CoreInst = "Adder">   --->   Core 1 'Adder' <Latency = 0> <II = 1> <Delay = 0.67> <FuncUnit> <Opcode : 'add' 'sub'> <InPorts = 2> <OutPorts = 1>
ST_2 : Operation 59 [1/1] (0.72ns)   --->   "%tmp_2 = mux i32 @_ssdm_op_Mux.ap_auto.8i32.i3, i32 0, i32 0, i32 0, i32 %arg1_r_3_reload_read, i32 %arg1_r_4_reload_read, i32 %arg1_r_5_reload_read, i32 %arg1_r_6_reload_read, i32 %arg1_r_7_reload_read, i3 %sub_ln37_1" [d1.cpp:37]   --->   Operation 59 'mux' 'tmp_2' <Predicate = (icmp_ln30)> <Delay = 0.72> <CoreInst = "Multiplexer">   --->   Core 76 'Multiplexer' <Latency = 0> <II = 1> <Delay = 0.72> <FuncUnit> <Opcode : 'mux'> <InPorts = 2> <OutPorts = 1>
ST_2 : Operation 60 [1/1] (0.67ns)   --->   "%tmp_3 = mux i32 @_ssdm_op_Mux.ap_auto.7i32.i3, i32 0, i32 0, i32 %arg1_r_2_reload_read, i32 %arg1_r_3_reload_read, i32 %arg1_r_4_reload_read, i32 %arg1_r_5_reload_read, i32 %arg1_r_6_reload_read, i3 %xor_ln37" [d1.cpp:37]   --->   Operation 60 'mux' 'tmp_3' <Predicate = (icmp_ln30)> <Delay = 0.67> <CoreInst = "Multiplexer">   --->   Core 76 'Multiplexer' <Latency = 0> <II = 1> <Delay = 0.67> <FuncUnit> <Opcode : 'mux'> <InPorts = 2> <OutPorts = 1>
ST_2 : Operation 61 [1/1] (0.00ns)   --->   "%zext_ln37_1 = zext i32 %tmp_3" [d1.cpp:37]   --->   Operation 61 'zext' 'zext_ln37_1' <Predicate = (icmp_ln30)> <Delay = 0.00>
ST_2 : [1/1] (0.98ns)   --->   Input mux for Operation 62 '%mul_ln37_1 = mul i64 %zext_ln37_1, i64 %zext_ln27_cast'
ST_2 : Operation 62 [1/1] (2.43ns)   --->   "%mul_ln37_1 = mul i64 %zext_ln37_1, i64 %zext_ln27_cast" [d1.cpp:37]   --->   Operation 62 'mul' 'mul_ln37_1' <Predicate = (icmp_ln30)> <Delay = 2.43> <CoreInst = "Multiplier">   --->   Core 3 'Multiplier' <Latency = 0> <II = 1> <Delay = 3.42> <FuncUnit> <Opcode : 'mul'> <InPorts = 2> <OutPorts = 1>
ST_2 : Operation 63 [1/1] (0.62ns)   --->   "%tmp_4 = mux i32 @_ssdm_op_Mux.ap_auto.6i32.i3, i32 0, i32 %arg1_r_1_reload_read, i32 %arg1_r_2_reload_read, i32 %arg1_r_3_reload_read, i32 %arg1_r_4_reload_read, i32 %arg1_r_5_reload_read, i3 %sub_ln37_2" [d1.cpp:37]   --->   Operation 63 'mux' 'tmp_4' <Predicate = (icmp_ln30)> <Delay = 0.62> <CoreInst = "Multiplexer">   --->   Core 76 'Multiplexer' <Latency = 0> <II = 1> <Delay = 0.62> <FuncUnit> <Opcode : 'mux'> <InPorts = 2> <OutPorts = 1>
ST_2 : Operation 64 [1/1] (0.62ns)   --->   "%tmp_5 = mux i64 @_ssdm_op_Mux.ap_auto.6i64.i3, i64 0, i64 %arr_7_load_1, i64 %arr_6_load_1, i64 %arr_5_load_2, i64 %arr_4_load_2, i64 %arr_3_load_2, i3 %trunc_ln29" [d1.cpp:37]   --->   Operation 64 'mux' 'tmp_5' <Predicate = (icmp_ln30)> <Delay = 0.62> <CoreInst = "Multiplexer">   --->   Core 76 'Multiplexer' <Latency = 0> <II = 1> <Delay = 0.62> <FuncUnit> <Opcode : 'mux'> <InPorts = 2> <OutPorts = 1>
ST_2 : Operation 65 [1/1] (0.00ns)   --->   "%zext_ln37_3 = zext i32 %tmp_2" [d1.cpp:37]   --->   Operation 65 'zext' 'zext_ln37_3' <Predicate = (icmp_ln30)> <Delay = 0.00>
ST_2 : [1/1] (0.72ns)   --->   Input mux for Operation 66 '%mul_ln37_2 = mul i63 %zext_ln37_2_cast, i63 %zext_ln37_3'
ST_2 : Operation 66 [1/1] (2.69ns)   --->   "%mul_ln37_2 = mul i63 %zext_ln37_2_cast, i63 %zext_ln37_3" [d1.cpp:37]   --->   Operation 66 'mul' 'mul_ln37_2' <Predicate = (icmp_ln30)> <Delay = 2.69> <CoreInst = "Multiplier">   --->   Core 3 'Multiplier' <Latency = 0> <II = 1> <Delay = 3.42> <FuncUnit> <Opcode : 'mul'> <InPorts = 2> <OutPorts = 1>
ST_2 : Operation 67 [1/1] (0.00ns)   --->   "%shl_ln = bitconcatenate i64 @_ssdm_op_BitConcatenate.i64.i63.i1, i63 %mul_ln37_2, i1 0" [d1.cpp:37]   --->   Operation 67 'bitconcatenate' 'shl_ln' <Predicate = (icmp_ln30)> <Delay = 0.00>
ST_2 : Operation 68 [1/1] (1.08ns)   --->   "%arr_9 = add i64 %tmp_5, i64 %shl_ln" [d1.cpp:37]   --->   Operation 68 'add' 'arr_9' <Predicate = (icmp_ln30)> <Delay = 1.08> <CoreInst = "Adder">   --->   Core 1 'Adder' <Latency = 0> <II = 1> <Delay = 1.08> <FuncUnit> <Opcode : 'add' 'sub'> <InPorts = 2> <OutPorts = 1>
ST_2 : Operation 69 [1/1] (0.62ns)   --->   "%tmp_6 = mux i64 @_ssdm_op_Mux.ap_auto.6i64.i3, i64 0, i64 %arr_6_load_1, i64 %arr_5_load_2, i64 %arr_4_load_2, i64 %arr_3_load_2, i64 %arr_2_load_2, i3 %trunc_ln29" [d1.cpp:37]   --->   Operation 69 'mux' 'tmp_6' <Predicate = (icmp_ln30)> <Delay = 0.62> <CoreInst = "Multiplexer">   --->   Core 76 'Multiplexer' <Latency = 0> <II = 1> <Delay = 0.62> <FuncUnit> <Opcode : 'mux'> <InPorts = 2> <OutPorts = 1>
ST_2 : Operation 70 [1/1] (1.08ns)   --->   "%arr_10 = add i64 %tmp_6, i64 %mul_ln37_1" [d1.cpp:37]   --->   Operation 70 'add' 'arr_10' <Predicate = (icmp_ln30)> <Delay = 1.08> <CoreInst = "Adder">   --->   Core 1 'Adder' <Latency = 0> <II = 1> <Delay = 1.08> <FuncUnit> <Opcode : 'add' 'sub'> <InPorts = 2> <OutPorts = 1>
ST_2 : Operation 71 [1/1] (0.62ns)   --->   "%tmp_7 = mux i64 @_ssdm_op_Mux.ap_auto.6i64.i3, i64 0, i64 %arr_5_load_2, i64 %arr_4_load_2, i64 %arr_3_load_2, i64 %arr_2_load_2, i64 %arr_1_load21, i3 %trunc_ln29" [d1.cpp:37]   --->   Operation 71 'mux' 'tmp_7' <Predicate = (icmp_ln30)> <Delay = 0.62> <CoreInst = "Multiplexer">   --->   Core 76 'Multiplexer' <Latency = 0> <II = 1> <Delay = 0.62> <FuncUnit> <Opcode : 'mux'> <InPorts = 2> <OutPorts = 1>
ST_2 : Operation 72 [1/1] (0.00ns)   --->   "%zext_ln37_4 = zext i32 %tmp_4" [d1.cpp:37]   --->   Operation 72 'zext' 'zext_ln37_4' <Predicate = (icmp_ln30)> <Delay = 0.00>
ST_2 : [1/1] (0.72ns)   --->   Input mux for Operation 73 '%mul_ln37_3 = mul i63 %zext_ln37_2_cast, i63 %zext_ln37_4'
ST_2 : Operation 73 [1/1] (2.69ns)   --->   "%mul_ln37_3 = mul i63 %zext_ln37_2_cast, i63 %zext_ln37_4" [d1.cpp:37]   --->   Operation 73 'mul' 'mul_ln37_3' <Predicate = (icmp_ln30)> <Delay = 2.69> <CoreInst = "Multiplier">   --->   Core 3 'Multiplier' <Latency = 0> <II = 1> <Delay = 3.42> <FuncUnit> <Opcode : 'mul'> <InPorts = 2> <OutPorts = 1>
ST_2 : Operation 74 [1/1] (0.00ns)   --->   "%shl_ln37_1 = bitconcatenate i64 @_ssdm_op_BitConcatenate.i64.i63.i1, i63 %mul_ln37_3, i1 0" [d1.cpp:37]   --->   Operation 74 'bitconcatenate' 'shl_ln37_1' <Predicate = (icmp_ln30)> <Delay = 0.00>
ST_2 : Operation 75 [1/1] (1.08ns)   --->   "%arr_11 = add i64 %tmp_7, i64 %shl_ln37_1" [d1.cpp:37]   --->   Operation 75 'add' 'arr_11' <Predicate = (icmp_ln30)> <Delay = 1.08> <CoreInst = "Adder">   --->   Core 1 'Adder' <Latency = 0> <II = 1> <Delay = 1.08> <FuncUnit> <Opcode : 'add' 'sub'> <InPorts = 2> <OutPorts = 1>
ST_2 : Operation 76 [1/1] (0.74ns)   --->   "%switch_ln37 = switch i4 %i, void %arrayidx32.3.case.8, i4 1, void %for.inc34.split.arrayidx32.3.exit_crit_edge13, i4 2, void %arrayidx32.3.case.5, i4 3, void %arrayidx32.3.case.6, i4 4, void %for.inc34.split.arrayidx32.3.exit_crit_edge" [d1.cpp:37]   --->   Operation 76 'switch' 'switch_ln37' <Predicate = (icmp_ln30)> <Delay = 0.74>
ST_2 : Operation 77 [1/1] (0.57ns)   --->   "%store_ln37 = store i64 %arr_8, i64 %arr_5" [d1.cpp:37]   --->   Operation 77 'store' 'store_ln37' <Predicate = (icmp_ln30 & i == 4)> <Delay = 0.57>
ST_2 : Operation 78 [1/1] (0.57ns)   --->   "%store_ln37 = store i64 %arr_9, i64 %arr_4" [d1.cpp:37]   --->   Operation 78 'store' 'store_ln37' <Predicate = (icmp_ln30 & i == 4)> <Delay = 0.57>
ST_2 : Operation 79 [1/1] (0.52ns)   --->   "%store_ln37 = store i64 %arr_10, i64 %arr_3" [d1.cpp:37]   --->   Operation 79 'store' 'store_ln37' <Predicate = (icmp_ln30 & i == 4)> <Delay = 0.52>
ST_2 : Operation 80 [1/1] (0.47ns)   --->   "%store_ln37 = store i64 %arr_11, i64 %arr_2" [d1.cpp:37]   --->   Operation 80 'store' 'store_ln37' <Predicate = (icmp_ln30 & i == 4)> <Delay = 0.47>
ST_2 : Operation 81 [1/1] (0.00ns)   --->   "%br_ln37 = br void %arrayidx32.3.exit" [d1.cpp:37]   --->   Operation 81 'br' 'br_ln37' <Predicate = (icmp_ln30 & i == 4)> <Delay = 0.00>
ST_2 : Operation 82 [1/1] (0.57ns)   --->   "%store_ln37 = store i64 %arr_9, i64 %arr_5" [d1.cpp:37]   --->   Operation 82 'store' 'store_ln37' <Predicate = (icmp_ln30 & i == 3)> <Delay = 0.57>
ST_2 : Operation 83 [1/1] (0.57ns)   --->   "%store_ln37 = store i64 %arr_10, i64 %arr_4" [d1.cpp:37]   --->   Operation 83 'store' 'store_ln37' <Predicate = (icmp_ln30 & i == 3)> <Delay = 0.57>
ST_2 : Operation 84 [1/1] (0.52ns)   --->   "%store_ln37 = store i64 %arr_8, i64 %arr_6" [d1.cpp:37]   --->   Operation 84 'store' 'store_ln37' <Predicate = (icmp_ln30 & i == 3)> <Delay = 0.52>
ST_2 : Operation 85 [1/1] (0.52ns)   --->   "%store_ln37 = store i64 %arr_11, i64 %arr_3" [d1.cpp:37]   --->   Operation 85 'store' 'store_ln37' <Predicate = (icmp_ln30 & i == 3)> <Delay = 0.52>
ST_2 : Operation 86 [1/1] (0.00ns)   --->   "%br_ln37 = br void %arrayidx32.3.exit" [d1.cpp:37]   --->   Operation 86 'br' 'br_ln37' <Predicate = (icmp_ln30 & i == 3)> <Delay = 0.00>
ST_2 : Operation 87 [1/1] (0.57ns)   --->   "%store_ln37 = store i64 %arr_10, i64 %arr_5" [d1.cpp:37]   --->   Operation 87 'store' 'store_ln37' <Predicate = (icmp_ln30 & i == 2)> <Delay = 0.57>
ST_2 : Operation 88 [1/1] (0.57ns)   --->   "%store_ln37 = store i64 %arr_11, i64 %arr_4" [d1.cpp:37]   --->   Operation 88 'store' 'store_ln37' <Predicate = (icmp_ln30 & i == 2)> <Delay = 0.57>
ST_2 : Operation 89 [1/1] (0.52ns)   --->   "%store_ln37 = store i64 %arr_9, i64 %arr_6" [d1.cpp:37]   --->   Operation 89 'store' 'store_ln37' <Predicate = (icmp_ln30 & i == 2)> <Delay = 0.52>
ST_2 : Operation 90 [1/1] (0.47ns)   --->   "%store_ln37 = store i64 %arr_8, i64 %arr_7" [d1.cpp:37]   --->   Operation 90 'store' 'store_ln37' <Predicate = (icmp_ln30 & i == 2)> <Delay = 0.47>
ST_2 : Operation 91 [1/1] (0.00ns)   --->   "%br_ln37 = br void %arrayidx32.3.exit" [d1.cpp:37]   --->   Operation 91 'br' 'br_ln37' <Predicate = (icmp_ln30 & i == 2)> <Delay = 0.00>
ST_2 : Operation 92 [1/1] (0.57ns)   --->   "%store_ln37 = store i64 %arr_11, i64 %arr_5" [d1.cpp:37]   --->   Operation 92 'store' 'store_ln37' <Predicate = (icmp_ln30 & i == 1)> <Delay = 0.57>
ST_2 : Operation 93 [1/1] (0.52ns)   --->   "%store_ln37 = store i64 %arr_10, i64 %arr_6" [d1.cpp:37]   --->   Operation 93 'store' 'store_ln37' <Predicate = (icmp_ln30 & i == 1)> <Delay = 0.52>
ST_2 : Operation 94 [1/1] (0.47ns)   --->   "%store_ln37 = store i64 %arr_9, i64 %arr_7" [d1.cpp:37]   --->   Operation 94 'store' 'store_ln37' <Predicate = (icmp_ln30 & i == 1)> <Delay = 0.47>
ST_2 : Operation 95 [1/1] (0.42ns)   --->   "%store_ln37 = store i64 %arr_8, i64 %arr" [d1.cpp:37]   --->   Operation 95 'store' 'store_ln37' <Predicate = (icmp_ln30 & i == 1)> <Delay = 0.42>
ST_2 : Operation 96 [1/1] (0.00ns)   --->   "%br_ln37 = br void %arrayidx32.3.exit" [d1.cpp:37]   --->   Operation 96 'br' 'br_ln37' <Predicate = (icmp_ln30 & i == 1)> <Delay = 0.00>
ST_2 : Operation 97 [1/1] (0.57ns)   --->   "%store_ln37 = store i64 %arr_8, i64 %arr_4" [d1.cpp:37]   --->   Operation 97 'store' 'store_ln37' <Predicate = (icmp_ln30 & i != 1 & i != 2 & i != 3 & i != 4)> <Delay = 0.57>
ST_2 : Operation 98 [1/1] (0.52ns)   --->   "%store_ln37 = store i64 %arr_9, i64 %arr_3" [d1.cpp:37]   --->   Operation 98 'store' 'store_ln37' <Predicate = (icmp_ln30 & i != 1 & i != 2 & i != 3 & i != 4)> <Delay = 0.52>
ST_2 : Operation 99 [1/1] (0.47ns)   --->   "%store_ln37 = store i64 %arr_10, i64 %arr_2" [d1.cpp:37]   --->   Operation 99 'store' 'store_ln37' <Predicate = (icmp_ln30 & i != 1 & i != 2 & i != 3 & i != 4)> <Delay = 0.47>
ST_2 : Operation 100 [1/1] (0.42ns)   --->   "%store_ln37 = store i64 %arr_11, i64 %arr_1" [d1.cpp:37]   --->   Operation 100 'store' 'store_ln37' <Predicate = (icmp_ln30 & i != 1 & i != 2 & i != 3 & i != 4)> <Delay = 0.42>
ST_2 : Operation 101 [1/1] (0.00ns)   --->   "%br_ln37 = br void %arrayidx32.3.exit" [d1.cpp:37]   --->   Operation 101 'br' 'br_ln37' <Predicate = (icmp_ln30 & i != 1 & i != 2 & i != 3 & i != 4)> <Delay = 0.00>
ST_2 : Operation 102 [1/1] (0.79ns)   --->   "%add_ln30 = add i4 %i, i4 4" [d1.cpp:30]   --->   Operation 102 'add' 'add_ln30' <Predicate = (icmp_ln30)> <Delay = 0.79> <CoreInst = "Adder">   --->   Core 1 'Adder' <Latency = 0> <II = 1> <Delay = 0.79> <FuncUnit> <Opcode : 'add' 'sub'> <InPorts = 2> <OutPorts = 1>
ST_2 : Operation 103 [1/1] (0.42ns)   --->   "%store_ln30 = store i4 %add_ln30, i4 %i_1" [d1.cpp:30]   --->   Operation 103 'store' 'store_ln30' <Predicate = (icmp_ln30)> <Delay = 0.42>
ST_2 : Operation 104 [1/1] (0.00ns)   --->   "%br_ln30 = br void %for.inc34" [d1.cpp:30]   --->   Operation 104 'br' 'br_ln30' <Predicate = (icmp_ln30)> <Delay = 0.00>
ST_2 : Operation 105 [1/1] (0.00ns)   --->   "%arr_1_load = load i64 %arr_1"   --->   Operation 105 'load' 'arr_1_load' <Predicate = (!icmp_ln30)> <Delay = 0.00>
ST_2 : Operation 106 [1/1] (0.00ns)   --->   "%arr_load_2 = load i64 %arr"   --->   Operation 106 'load' 'arr_load_2' <Predicate = (!icmp_ln30)> <Delay = 0.00>
ST_2 : Operation 107 [1/1] (0.00ns)   --->   "%arr_2_load = load i64 %arr_2"   --->   Operation 107 'load' 'arr_2_load' <Predicate = (!icmp_ln30)> <Delay = 0.00>
ST_2 : Operation 108 [1/1] (0.00ns)   --->   "%arr_7_load = load i64 %arr_7"   --->   Operation 108 'load' 'arr_7_load' <Predicate = (!icmp_ln30)> <Delay = 0.00>
ST_2 : Operation 109 [1/1] (0.00ns)   --->   "%arr_3_load = load i64 %arr_3"   --->   Operation 109 'load' 'arr_3_load' <Predicate = (!icmp_ln30)> <Delay = 0.00>
ST_2 : Operation 110 [1/1] (0.00ns)   --->   "%arr_6_load = load i64 %arr_6"   --->   Operation 110 'load' 'arr_6_load' <Predicate = (!icmp_ln30)> <Delay = 0.00>
ST_2 : Operation 111 [1/1] (0.00ns)   --->   "%arr_4_load = load i64 %arr_4"   --->   Operation 111 'load' 'arr_4_load' <Predicate = (!icmp_ln30)> <Delay = 0.00>
ST_2 : Operation 112 [1/1] (0.00ns)   --->   "%arr_5_load = load i64 %arr_5"   --->   Operation 112 'load' 'arr_5_load' <Predicate = (!icmp_ln30)> <Delay = 0.00>
ST_2 : Operation 113 [1/1] (0.00ns)   --->   "%write_ln0 = write void @_ssdm_op_Write.ap_auto.i64P0A, i64 %arr_8_out, i64 %arr_load_2"   --->   Operation 113 'write' 'write_ln0' <Predicate = (!icmp_ln30)> <Delay = 0.00>
ST_2 : Operation 114 [1/1] (0.00ns)   --->   "%write_ln0 = write void @_ssdm_op_Write.ap_auto.i64P0A, i64 %arr_7_out, i64 %arr_7_load"   --->   Operation 114 'write' 'write_ln0' <Predicate = (!icmp_ln30)> <Delay = 0.00>
ST_2 : Operation 115 [1/1] (0.00ns)   --->   "%write_ln0 = write void @_ssdm_op_Write.ap_auto.i64P0A, i64 %arr_6_out, i64 %arr_6_load"   --->   Operation 115 'write' 'write_ln0' <Predicate = (!icmp_ln30)> <Delay = 0.00>
ST_2 : Operation 116 [1/1] (0.00ns)   --->   "%write_ln0 = write void @_ssdm_op_Write.ap_auto.i64P0A, i64 %arr_5_out, i64 %arr_5_load"   --->   Operation 116 'write' 'write_ln0' <Predicate = (!icmp_ln30)> <Delay = 0.00>
ST_2 : Operation 117 [1/1] (0.00ns)   --->   "%write_ln0 = write void @_ssdm_op_Write.ap_auto.i64P0A, i64 %arr_4_out, i64 %arr_4_load"   --->   Operation 117 'write' 'write_ln0' <Predicate = (!icmp_ln30)> <Delay = 0.00>
ST_2 : Operation 118 [1/1] (0.00ns)   --->   "%write_ln0 = write void @_ssdm_op_Write.ap_auto.i64P0A, i64 %arr_3_out, i64 %arr_3_load"   --->   Operation 118 'write' 'write_ln0' <Predicate = (!icmp_ln30)> <Delay = 0.00>
ST_2 : Operation 119 [1/1] (0.00ns)   --->   "%write_ln0 = write void @_ssdm_op_Write.ap_auto.i64P0A, i64 %arr_2_out, i64 %arr_2_load"   --->   Operation 119 'write' 'write_ln0' <Predicate = (!icmp_ln30)> <Delay = 0.00>
ST_2 : Operation 120 [1/1] (0.00ns)   --->   "%write_ln0 = write void @_ssdm_op_Write.ap_auto.i64P0A, i64 %arr_1_out, i64 %arr_1_load"   --->   Operation 120 'write' 'write_ln0' <Predicate = (!icmp_ln30)> <Delay = 0.00>
ST_2 : Operation 121 [1/1] (0.00ns)   --->   "%ret_ln0 = ret"   --->   Operation 121 'ret' 'ret_ln0' <Predicate = (!icmp_ln30)> <Delay = 0.00>


============================================================
+ Verbose Summary: Timing violations
============================================================
Target clock period: 10.000ns, clock uncertainty: 2.700ns.

 <State 1>: 0.574ns
The critical path consists of the following:
	'alloca' operation ('arr') [27]  (0.000 ns)
	'store' operation ('store_ln0') of constant 0 on local variable 'arr' [40]  (0.574 ns)

 <State 2>: 6.646ns
The critical path consists of the following:
	'load' operation ('i', d1.cpp:29) on local variable 'i' [51]  (0.000 ns)
	'sub' operation ('sub_ln37', d1.cpp:37) [67]  (0.797 ns)
	'mux' operation ('tmp', d1.cpp:37) [68]  (0.770 ns)
	multiplexor before operation 'mul' with delay (0.989 ns)
'mul' operation ('mul_ln37', d1.cpp:37) [70]  (2.431 ns)
	'add' operation ('arr', d1.cpp:37) [72]  (1.085 ns)
	'store' operation ('store_ln37', d1.cpp:37) of variable 'arr', d1.cpp:37 on local variable 'arr' [119]  (0.574 ns)


============================================================
+ Verbose Summary: Binding
============================================================
N/A
* FSMD analyzer results:
  - Output states:
 - Input state : 
  - Chain level:
	State 1
	State 2


============================================================
+ Verbose Summary: Datapath Resource usage 
============================================================
N/A
