

================================================================
== Vitis HLS Report for 'fiat_25519_carry_square'
================================================================
* Date:           Fri May 10 12:31:32 2024

* Version:        2023.1.1 (Build 3869133 on Jun 15 2023)
* Project:        D3
* Solution:       comb_4 (Vivado IP Flow Target)
* Product family: zynquplus
* Target device:  xczu9eg-ffvb1156-2-e


================================================================
== Performance Estimates
================================================================
+ Timing: 
    * Summary: 
    +--------+----------+----------+------------+
    |  Clock |  Target  | Estimated| Uncertainty|
    +--------+----------+----------+------------+
    |ap_clk  |  10.00 ns|  7.300 ns|     2.70 ns|
    +--------+----------+----------+------------+

+ Latency: 
    * Summary: 
    +---------+---------+----------+----------+-----+-----+---------+
    |  Latency (cycles) |  Latency (absolute) |  Interval | Pipeline|
    |   min   |   max   |    min   |    max   | min | max |   Type  |
    +---------+---------+----------+----------+-----+-----+---------+
    |       91|       91|  0.910 us|  0.910 us|   92|   92|       no|
    +---------+---------+----------+----------+-----+-----+---------+

    + Detail: 
        * Instance: 
        +-------------------------------------------------------------+--------------------------------------------------+---------+---------+-----------+-----------+-----+-----+---------+
        |                                                             |                                                  |  Latency (cycles) |   Latency (absolute)  |  Interval | Pipeline|
        |                           Instance                          |                      Module                      |   min   |   max   |    min    |    max    | min | max |   Type  |
        +-------------------------------------------------------------+--------------------------------------------------+---------+---------+-----------+-----------+-----+-----+---------+
        |grp_fiat_25519_carry_square_Pipeline_1_fu_432                |fiat_25519_carry_square_Pipeline_1                |       12|       12|   0.120 us|   0.120 us|   12|   12|       no|
        |grp_fiat_25519_carry_square_Pipeline_ARRAY_1_READ_fu_437     |fiat_25519_carry_square_Pipeline_ARRAY_1_READ     |       13|       13|   0.130 us|   0.130 us|   13|   13|       no|
        |grp_fiat_25519_carry_square_Pipeline_VITIS_LOOP_23_1_fu_445  |fiat_25519_carry_square_Pipeline_VITIS_LOOP_23_1  |       10|       10|   0.100 us|   0.100 us|   10|   10|       no|
        |grp_fiat_25519_carry_square_Pipeline_VITIS_LOOP_34_3_fu_453  |fiat_25519_carry_square_Pipeline_VITIS_LOOP_34_3  |        8|        8|  80.000 ns|  80.000 ns|    8|    8|       no|
        |grp_fiat_25519_carry_square_Pipeline_VITIS_LOOP_44_5_fu_460  |fiat_25519_carry_square_Pipeline_VITIS_LOOP_44_5  |        7|        7|  70.000 ns|  70.000 ns|    7|    7|       no|
        |grp_fiat_25519_carry_square_Pipeline_ARRAY_WRITE_fu_468      |fiat_25519_carry_square_Pipeline_ARRAY_WRITE      |       13|       13|   0.130 us|   0.130 us|   13|   13|       no|
        +-------------------------------------------------------------+--------------------------------------------------+---------+---------+-----------+-----------+-----+-----+---------+

        * Loop: 
        N/A



================================================================
== Utilization Estimates
================================================================
* Summary: 
+-----------------+---------+------+--------+--------+-----+
|       Name      | BRAM_18K|  DSP |   FF   |   LUT  | URAM|
+-----------------+---------+------+--------+--------+-----+
|DSP              |        -|     -|       -|       -|    -|
|Expression       |        -|     -|       0|    3958|    -|
|FIFO             |        -|     -|       -|       -|    -|
|Instance         |        4|   154|    1256|    2469|    0|
|Memory           |        0|     -|     246|      20|    0|
|Multiplexer      |        -|     -|       -|    1001|    -|
|Register         |        -|     -|    2494|       -|    -|
+-----------------+---------+------+--------+--------+-----+
|Total            |        4|   154|    3996|    7448|    0|
+-----------------+---------+------+--------+--------+-----+
|Available        |     1824|  2520|  548160|  274080|    0|
+-----------------+---------+------+--------+--------+-----+
|Utilization (%)  |       ~0|     6|      ~0|       2|    0|
+-----------------+---------+------+--------+--------+-----+

+ Detail: 
    * Instance: 
    +-------------------------------------------------------------+--------------------------------------------------+---------+----+-----+-----+-----+
    |                           Instance                          |                      Module                      | BRAM_18K| DSP|  FF | LUT | URAM|
    +-------------------------------------------------------------+--------------------------------------------------+---------+----+-----+-----+-----+
    |control_s_axi_U                                              |control_s_axi                                     |        0|   0|  176|  296|    0|
    |grp_fiat_25519_carry_square_Pipeline_1_fu_432                |fiat_25519_carry_square_Pipeline_1                |        0|   0|    6|   51|    0|
    |grp_fiat_25519_carry_square_Pipeline_ARRAY_1_READ_fu_437     |fiat_25519_carry_square_Pipeline_ARRAY_1_READ     |        0|   0|   50|   75|    0|
    |grp_fiat_25519_carry_square_Pipeline_ARRAY_WRITE_fu_468      |fiat_25519_carry_square_Pipeline_ARRAY_WRITE      |        0|   0|   37|   73|    0|
    |grp_fiat_25519_carry_square_Pipeline_VITIS_LOOP_23_1_fu_445  |fiat_25519_carry_square_Pipeline_VITIS_LOOP_23_1  |        0|   4|   44|  198|    0|
    |grp_fiat_25519_carry_square_Pipeline_VITIS_LOOP_34_3_fu_453  |fiat_25519_carry_square_Pipeline_VITIS_LOOP_34_3  |        0|   4|   43|  165|    0|
    |grp_fiat_25519_carry_square_Pipeline_VITIS_LOOP_44_5_fu_460  |fiat_25519_carry_square_Pipeline_VITIS_LOOP_44_5  |        0|   4|   70|  170|    0|
    |mem_m_axi_U                                                  |mem_m_axi                                         |        4|   0|  830|  694|    0|
    |mul_32ns_32ns_63_1_1_U24                                     |mul_32ns_32ns_63_1_1                              |        0|   4|    0|   20|    0|
    |mul_32ns_32ns_63_1_1_U25                                     |mul_32ns_32ns_63_1_1                              |        0|   4|    0|   20|    0|
    |mul_32ns_32ns_63_1_1_U26                                     |mul_32ns_32ns_63_1_1                              |        0|   4|    0|   20|    0|
    |mul_32ns_32ns_63_1_1_U27                                     |mul_32ns_32ns_63_1_1                              |        0|   4|    0|   20|    0|
    |mul_32ns_32ns_63_1_1_U28                                     |mul_32ns_32ns_63_1_1                              |        0|   4|    0|   20|    0|
    |mul_32ns_32ns_64_1_1_U29                                     |mul_32ns_32ns_64_1_1                              |        0|   4|    0|   20|    0|
    |mul_32ns_32ns_64_1_1_U30                                     |mul_32ns_32ns_64_1_1                              |        0|   4|    0|   20|    0|
    |mul_32ns_32ns_64_1_1_U31                                     |mul_32ns_32ns_64_1_1                              |        0|   4|    0|   20|    0|
    |mul_32ns_32ns_64_1_1_U32                                     |mul_32ns_32ns_64_1_1                              |        0|   4|    0|   20|    0|
    |mul_32ns_32ns_64_1_1_U33                                     |mul_32ns_32ns_64_1_1                              |        0|   4|    0|   20|    0|
    |mul_32ns_32ns_64_1_1_U34                                     |mul_32ns_32ns_64_1_1                              |        0|   4|    0|   20|    0|
    |mul_32ns_32ns_64_1_1_U35                                     |mul_32ns_32ns_64_1_1                              |        0|   4|    0|   20|    0|
    |mul_32ns_32ns_64_1_1_U36                                     |mul_32ns_32ns_64_1_1                              |        0|   4|    0|   20|    0|
    |mul_32ns_32ns_64_1_1_U37                                     |mul_32ns_32ns_64_1_1                              |        0|   4|    0|   20|    0|
    |mul_32ns_32ns_64_1_1_U38                                     |mul_32ns_32ns_64_1_1                              |        0|   4|    0|   20|    0|
    |mul_32ns_32ns_64_1_1_U39                                     |mul_32ns_32ns_64_1_1                              |        0|   4|    0|   20|    0|
    |mul_32ns_32ns_64_1_1_U40                                     |mul_32ns_32ns_64_1_1                              |        0|   4|    0|   20|    0|
    |mul_32ns_32ns_64_1_1_U41                                     |mul_32ns_32ns_64_1_1                              |        0|   4|    0|   20|    0|
    |mul_32ns_32ns_64_1_1_U42                                     |mul_32ns_32ns_64_1_1                              |        0|   4|    0|   20|    0|
    |mul_32ns_32ns_64_1_1_U43                                     |mul_32ns_32ns_64_1_1                              |        0|   4|    0|   20|    0|
    |mul_32ns_32ns_64_1_1_U44                                     |mul_32ns_32ns_64_1_1                              |        0|   4|    0|   20|    0|
    |mul_32ns_32ns_64_1_1_U45                                     |mul_32ns_32ns_64_1_1                              |        0|   4|    0|   20|    0|
    |mul_32ns_32ns_64_1_1_U46                                     |mul_32ns_32ns_64_1_1                              |        0|   4|    0|   20|    0|
    |mul_32ns_32ns_64_1_1_U47                                     |mul_32ns_32ns_64_1_1                              |        0|   4|    0|   20|    0|
    |mul_32ns_32ns_64_1_1_U48                                     |mul_32ns_32ns_64_1_1                              |        0|   4|    0|   20|    0|
    |mul_32ns_32ns_64_1_1_U49                                     |mul_32ns_32ns_64_1_1                              |        0|   4|    0|   20|    0|
    |mul_32ns_32ns_64_1_1_U50                                     |mul_32ns_32ns_64_1_1                              |        0|   4|    0|   20|    0|
    |mul_32ns_32ns_64_1_1_U51                                     |mul_32ns_32ns_64_1_1                              |        0|   4|    0|   20|    0|
    |mul_32ns_32ns_64_1_1_U52                                     |mul_32ns_32ns_64_1_1                              |        0|   4|    0|   20|    0|
    |mul_32ns_32ns_64_1_1_U53                                     |mul_32ns_32ns_64_1_1                              |        0|   4|    0|   20|    0|
    |mul_32ns_32ns_64_1_1_U54                                     |mul_32ns_32ns_64_1_1                              |        0|   4|    0|   20|    0|
    |mul_32ns_32ns_64_1_1_U55                                     |mul_32ns_32ns_64_1_1                              |        0|   4|    0|   20|    0|
    |mul_32ns_32ns_64_1_1_U56                                     |mul_32ns_32ns_64_1_1                              |        0|   4|    0|   20|    0|
    |mul_32ns_32ns_64_1_1_U57                                     |mul_32ns_32ns_64_1_1                              |        0|   4|    0|   20|    0|
    |mul_32s_6ns_32_1_1_U59                                       |mul_32s_6ns_32_1_1                                |        0|   2|    0|   20|    0|
    |mul_32s_7ns_32_1_1_U58                                       |mul_32s_7ns_32_1_1                                |        0|   2|    0|   20|    0|
    |mul_39ns_6ns_44_1_1_U60                                      |mul_39ns_6ns_44_1_1                               |        0|   2|    0|   27|    0|
    +-------------------------------------------------------------+--------------------------------------------------+---------+----+-----+-----+-----+
    |Total                                                        |                                                  |        4| 154| 1256| 2469|    0|
    +-------------------------------------------------------------+--------------------------------------------------+---------+----+-----+-----+-----+

    * DSP: 
    N/A

    * Memory: 
    +----------+----------------------+---------+-----+----+-----+------+-----+------+-------------+
    |  Memory  |        Module        | BRAM_18K|  FF | LUT| URAM| Words| Bits| Banks| W*Bits*Banks|
    +----------+----------------------+---------+-----+----+-----+------+-----+------+-------------+
    |arg1_r_U  |arg1_r_RAM_AUTO_1R1W  |        0|   64|   5|    0|    10|   32|     1|          320|
    |arr_U     |arr_RAM_AUTO_1R1W     |        0|  128|  10|    0|    10|   64|     1|          640|
    |out1_w_U  |out1_w_RAM_AUTO_1R1W  |        0|   54|   5|    0|    10|   27|     1|          270|
    +----------+----------------------+---------+-----+----+-----+------+-----+------+-------------+
    |Total     |                      |        0|  246|  20|    0|    30|  123|     3|         1230|
    +----------+----------------------+---------+-----+----+-----+------+-----+------+-------------+

    * FIFO: 
    N/A

    * Expression: 
    +----------------------------------+----------+----+---+----+------------+------------+
    |           Variable Name          | Operation| DSP| FF| LUT| Bitwidth P0| Bitwidth P1|
    +----------------------------------+----------+----+---+----+------------+------------+
    |add_ln100_1_fu_1250_p2            |         +|   0|  0|  64|          64|          64|
    |add_ln100_2_fu_1256_p2            |         +|   0|  0|  71|          64|          64|
    |add_ln100_fu_1261_p2              |         +|   0|  0|  64|          64|          64|
    |add_ln105_1_fu_1267_p2            |         +|   0|  0|  71|          64|          64|
    |add_ln105_2_fu_1273_p2            |         +|   0|  0|  71|          64|          64|
    |add_ln105_fu_1287_p2              |         +|   0|  0|  64|          64|          64|
    |add_ln106_1_fu_1389_p2            |         +|   0|  0|  26|          26|          26|
    |add_ln106_fu_1297_p2              |         +|   0|  0|  64|          64|          64|
    |add_ln113_10_fu_1314_p2           |         +|   0|  0|  26|          26|          26|
    |add_ln113_11_fu_1303_p2           |         +|   0|  0|  26|          26|          26|
    |add_ln113_12_fu_1309_p2           |         +|   0|  0|  33|          26|          26|
    |add_ln113_13_fu_1415_p2           |         +|   0|  0|  25|          25|          25|
    |add_ln113_14_fu_1477_p2           |         +|   0|  0|  25|          25|          25|
    |add_ln113_15_fu_1510_p2           |         +|   0|  0|  26|          26|          26|
    |add_ln113_16_fu_1543_p2           |         +|   0|  0|  25|          25|          25|
    |add_ln113_17_fu_1572_p2           |         +|   0|  0|  26|          26|          26|
    |add_ln113_1_fu_1396_p2            |         +|   0|  0|  71|          64|          64|
    |add_ln113_2_fu_1429_p2            |         +|   0|  0|  71|          64|          64|
    |add_ln113_3_fu_1458_p2            |         +|   0|  0|  71|          64|          64|
    |add_ln113_4_fu_1491_p2            |         +|   0|  0|  71|          64|          64|
    |add_ln113_5_fu_1524_p2            |         +|   0|  0|  71|          64|          64|
    |add_ln113_6_fu_1557_p2            |         +|   0|  0|  71|          64|          64|
    |add_ln113_7_fu_1640_p2            |         +|   0|  0|  71|          64|          64|
    |add_ln113_8_fu_1669_p2            |         +|   0|  0|  71|          64|          64|
    |add_ln113_9_fu_1693_p2            |         +|   0|  0|  33|          26|          26|
    |add_ln113_fu_1344_p2              |         +|   0|  0|  71|          64|          64|
    |add_ln114_1_fu_1733_p2            |         +|   0|  0|  32|          25|          25|
    |add_ln114_2_fu_1379_p2            |         +|   0|  0|  25|          25|          25|
    |add_ln114_3_fu_1374_p2            |         +|   0|  0|  25|          25|          25|
    |add_ln114_fu_1706_p2              |         +|   0|  0|  51|          44|          44|
    |add_ln115_1_fu_1767_p2            |         +|   0|  0|  34|          27|          27|
    |add_ln115_2_fu_1590_p2            |         +|   0|  0|  26|          26|          26|
    |add_ln115_3_fu_1586_p2            |         +|   0|  0|  33|          26|          26|
    |add_ln115_fu_1746_p2              |         +|   0|  0|  33|          26|          26|
    |add_ln116_fu_1596_p2              |         +|   0|  0|  25|          25|          25|
    |add_ln117_1_fu_1602_p2            |         +|   0|  0|  33|          26|          26|
    |add_ln117_fu_1607_p2              |         +|   0|  0|  26|          26|          26|
    |add_ln118_fu_1613_p2              |         +|   0|  0|  25|          25|          25|
    |add_ln119_fu_1619_p2              |         +|   0|  0|  26|          26|          26|
    |add_ln120_fu_1625_p2              |         +|   0|  0|  25|          25|          25|
    |add_ln121_fu_1631_p2              |         +|   0|  0|  26|          26|          26|
    |add_ln122_fu_1722_p2              |         +|   0|  0|  32|          25|          25|
    |add_ln61_1_fu_895_p2              |         +|   0|  0|  64|          64|          64|
    |add_ln61_2_fu_901_p2              |         +|   0|  0|  64|          64|          64|
    |add_ln61_3_fu_915_p2              |         +|   0|  0|  71|          64|          64|
    |add_ln61_fu_890_p2                |         +|   0|  0|  71|          64|          64|
    |add_ln62_1_fu_931_p2              |         +|   0|  0|  64|          64|          64|
    |add_ln62_2_fu_936_p2              |         +|   0|  0|  64|          64|          64|
    |add_ln62_3_fu_957_p2              |         +|   0|  0|  64|          64|          64|
    |add_ln62_4_fu_942_p2              |         +|   0|  0|  64|          64|          64|
    |add_ln62_5_fu_948_p2              |         +|   0|  0|  33|          26|          26|
    |add_ln62_fu_921_p2                |         +|   0|  0|  71|          64|          64|
    |add_ln64_1_fu_853_p2              |         +|   0|  0|  71|          64|          64|
    |add_ln64_2_fu_867_p2              |         +|   0|  0|  71|          64|          64|
    |add_ln64_fu_848_p2                |         +|   0|  0|  71|          64|          64|
    |add_ln78_1_fu_1085_p2             |         +|   0|  0|  71|          64|          64|
    |add_ln78_2_fu_1095_p2             |         +|   0|  0|  64|          64|          64|
    |add_ln78_3_fu_1101_p2             |         +|   0|  0|  71|          64|          64|
    |add_ln78_4_fu_1107_p2             |         +|   0|  0|  71|          64|          64|
    |add_ln78_5_fu_1121_p2             |         +|   0|  0|  71|          64|          64|
    |add_ln78_6_fu_1127_p2             |         +|   0|  0|  33|          26|          26|
    |add_ln78_7_fu_1132_p2             |         +|   0|  0|  33|          26|          26|
    |add_ln78_fu_1138_p2               |         +|   0|  0|  64|          64|          64|
    |add_ln83_1_fu_1144_p2             |         +|   0|  0|  71|          64|          64|
    |add_ln83_2_fu_1149_p2             |         +|   0|  0|  71|          64|          64|
    |add_ln83_fu_1163_p2               |         +|   0|  0|  71|          64|          64|
    |add_ln88_1_fu_1169_p2             |         +|   0|  0|  71|          64|          64|
    |add_ln88_2_fu_1175_p2             |         +|   0|  0|  71|          64|          64|
    |add_ln88_fu_1189_p2               |         +|   0|  0|  64|          64|          64|
    |add_ln89_1_fu_1385_p2             |         +|   0|  0|  26|          26|          26|
    |add_ln89_fu_1195_p2               |         +|   0|  0|  64|          64|          64|
    |add_ln93_1_fu_1200_p2             |         +|   0|  0|  64|          64|          64|
    |add_ln93_fu_1206_p2               |         +|   0|  0|  64|          64|          64|
    |add_ln94_fu_1216_p2               |         +|   0|  0|  71|          64|          64|
    |add_ln97_fu_705_p2                |         +|   0|  0|  71|          64|          64|
    |ap_block_state11_on_subcall_done  |        or|   0|  0|   2|           1|           1|
    +----------------------------------+----------+----+---+----+------------+------------+
    |Total                             |          |   0|  0|3958|        3670|        3670|
    +----------------------------------+----------+----+---+----+------------+------------+

    * Multiplexer: 
    +-----------------+-----+-----------+-----+-----------+
    |       Name      | LUT | Input Size| Bits| Total Bits|
    +-----------------+-----+-----------+-----+-----------+
    |ap_NS_fsm        |  189|         42|    1|         42|
    |arg1_r_address0  |   59|         11|    4|         44|
    |arg1_r_address1  |   31|          6|    4|         24|
    |arg1_r_ce0       |   31|          6|    1|          6|
    |arg1_r_ce1       |   14|          3|    1|          3|
    |arg1_r_we0       |    9|          2|    1|          2|
    |arr_address0     |   65|         15|    4|         60|
    |arr_address1     |   65|         12|    4|         48|
    |arr_ce0          |   26|          5|    1|          5|
    |arr_ce1          |   20|          4|    1|          4|
    |arr_d0           |   49|          9|   64|        576|
    |arr_d1           |   31|          6|   64|        384|
    |arr_we0          |   26|          5|    1|          5|
    |grp_fu_496_p0    |   14|          3|   32|         96|
    |grp_fu_496_p1    |   14|          3|   32|         96|
    |grp_fu_500_p0    |   14|          3|   32|         96|
    |grp_fu_500_p1    |   14|          3|   32|         96|
    |grp_fu_612_p0    |   20|          4|   32|        128|
    |grp_fu_612_p1    |   14|          3|    7|         21|
    |mem_ARADDR       |   14|          3|   64|        192|
    |mem_ARLEN        |   14|          3|   32|         96|
    |mem_ARVALID      |   14|          3|    1|          3|
    |mem_AWADDR       |   14|          3|   64|        192|
    |mem_AWLEN        |   14|          3|   32|         96|
    |mem_AWVALID      |   14|          3|    1|          3|
    |mem_BREADY       |   14|          3|    1|          3|
    |mem_RREADY       |    9|          2|    1|          2|
    |mem_WVALID       |    9|          2|    1|          2|
    |mem_blk_n_AR     |    9|          2|    1|          2|
    |mem_blk_n_AW     |    9|          2|    1|          2|
    |mem_blk_n_B      |    9|          2|    1|          2|
    |out1_w_address0  |   37|          7|    4|         28|
    |out1_w_address1  |   31|          6|    4|         24|
    |out1_w_ce0       |   14|          3|    1|          3|
    |out1_w_d0        |   31|          6|   27|        162|
    |out1_w_d1        |   31|          6|   27|        162|
    |reg_635          |    9|          2|   32|         64|
    +-----------------+-----+-----------+-----+-----------+
    |Total            | 1001|        206|  613|       2774|
    +-----------------+-----+-----------+-----+-----------+

    * Register: 
    +--------------------------------------------------------------------------+----+----+-----+-----------+
    |                                   Name                                   | FF | LUT| Bits| Const Bits|
    +--------------------------------------------------------------------------+----+----+-----+-----------+
    |add_ln100_reg_2169                                                        |  64|   0|   64|          0|
    |add_ln106_reg_2189                                                        |  64|   0|   64|          0|
    |add_ln113_10_reg_2195                                                     |  26|   0|   26|          0|
    |add_ln114_2_reg_2216                                                      |  25|   0|   25|          0|
    |add_ln115_2_reg_2227                                                      |  26|   0|   26|          0|
    |add_ln116_reg_2232                                                        |  25|   0|   25|          0|
    |add_ln117_reg_2237                                                        |  26|   0|   26|          0|
    |add_ln118_reg_2242                                                        |  25|   0|   25|          0|
    |add_ln119_reg_2247                                                        |  26|   0|   26|          0|
    |add_ln120_reg_2252                                                        |  25|   0|   25|          0|
    |add_ln121_reg_2257                                                        |  26|   0|   26|          0|
    |add_ln122_reg_2268                                                        |  25|   0|   25|          0|
    |add_ln61_3_reg_2099                                                       |  64|   0|   64|          0|
    |add_ln62_3_reg_2115                                                       |  64|   0|   64|          0|
    |add_ln62_5_reg_2105                                                       |  26|   0|   26|          0|
    |add_ln64_2_reg_2083                                                       |  64|   0|   64|          0|
    |add_ln78_6_reg_2121                                                       |  26|   0|   26|          0|
    |add_ln78_7_reg_2126                                                       |  26|   0|   26|          0|
    |add_ln78_reg_2131                                                         |  64|   0|   64|          0|
    |add_ln83_reg_2147                                                         |  64|   0|   64|          0|
    |add_ln89_reg_2163                                                         |  64|   0|   64|          0|
    |add_ln97_reg_2060                                                         |  64|   0|   64|          0|
    |ap_CS_fsm                                                                 |  41|   0|   41|          0|
    |arg1_r_load_1_reg_1857                                                    |  32|   0|   32|          0|
    |arg1_r_load_3_reg_1910                                                    |  32|   0|   32|          0|
    |arg1_r_load_4_reg_1949                                                    |  32|   0|   32|          0|
    |arg1_r_load_5_reg_1956                                                    |  32|   0|   32|          0|
    |arg1_r_load_7_reg_2007                                                    |  32|   0|   32|          0|
    |arg1_r_load_reg_1840                                                      |  32|   0|   32|          0|
    |arr_load_2_reg_1918                                                       |  64|   0|   64|          0|
    |arr_load_3_reg_1928                                                       |  64|   0|   64|          0|
    |arr_load_4_reg_1964                                                       |  64|   0|   64|          0|
    |arr_load_5_reg_1990                                                       |  64|   0|   64|          0|
    |arr_load_6_reg_2040                                                       |  64|   0|   64|          0|
    |arr_load_7_reg_2050                                                       |  64|   0|   64|          0|
    |grp_fiat_25519_carry_square_Pipeline_1_fu_432_ap_start_reg                |   1|   0|    1|          0|
    |grp_fiat_25519_carry_square_Pipeline_ARRAY_1_READ_fu_437_ap_start_reg     |   1|   0|    1|          0|
    |grp_fiat_25519_carry_square_Pipeline_ARRAY_WRITE_fu_468_ap_start_reg      |   1|   0|    1|          0|
    |grp_fiat_25519_carry_square_Pipeline_VITIS_LOOP_23_1_fu_445_ap_start_reg  |   1|   0|    1|          0|
    |grp_fiat_25519_carry_square_Pipeline_VITIS_LOOP_34_3_fu_453_ap_start_reg  |   1|   0|    1|          0|
    |grp_fiat_25519_carry_square_Pipeline_VITIS_LOOP_44_5_fu_460_ap_start_reg  |   1|   0|    1|          0|
    |lshr_ln113_1_reg_2201                                                     |  39|   0|   39|          0|
    |lshr_ln113_7_reg_2222                                                     |  39|   0|   39|          0|
    |mul16_reg_1845                                                            |  32|   0|   32|          0|
    |mul244_reg_2024                                                           |  32|   0|   32|          0|
    |mul45_reg_1863                                                            |  32|   0|   32|          0|
    |reg_630                                                                   |  64|   0|   64|          0|
    |reg_635                                                                   |  32|   0|   32|          0|
    |reg_640                                                                   |  32|   0|   32|          0|
    |tmp_s_reg_2262                                                            |  18|   0|   18|          0|
    |trunc_ln105_1_reg_2179                                                    |  26|   0|   26|          0|
    |trunc_ln105_reg_2174                                                      |  26|   0|   26|          0|
    |trunc_ln106_reg_2184                                                      |  26|   0|   26|          0|
    |trunc_ln113_2_reg_2206                                                    |  26|   0|   26|          0|
    |trunc_ln113_reg_2211                                                      |  25|   0|   25|          0|
    |trunc_ln3_reg_1824                                                        |  62|   0|   62|          0|
    |trunc_ln61_1_reg_2094                                                     |  25|   0|   25|          0|
    |trunc_ln61_reg_2089                                                       |  25|   0|   25|          0|
    |trunc_ln62_2_reg_2110                                                     |  26|   0|   26|          0|
    |trunc_ln62_reg_1938                                                       |  26|   0|   26|          0|
    |trunc_ln64_1_reg_2078                                                     |  25|   0|   25|          0|
    |trunc_ln64_reg_2073                                                       |  25|   0|   25|          0|
    |trunc_ln78_reg_1900                                                       |  26|   0|   26|          0|
    |trunc_ln83_1_reg_2142                                                     |  25|   0|   25|          0|
    |trunc_ln83_reg_2137                                                       |  25|   0|   25|          0|
    |trunc_ln88_1_reg_2158                                                     |  26|   0|   26|          0|
    |trunc_ln88_reg_2153                                                       |  26|   0|   26|          0|
    |trunc_ln89_reg_2045                                                       |  26|   0|   26|          0|
    |trunc_ln94_reg_2055                                                       |  25|   0|   25|          0|
    |trunc_ln98_1_reg_2065                                                     |  26|   0|   26|          0|
    |trunc_ln_reg_1818                                                         |  62|   0|   62|          0|
    |zext_ln60_reg_1995                                                        |  32|   0|   64|         32|
    +--------------------------------------------------------------------------+----+----+-----+-----------+
    |Total                                                                     |2494|   0| 2526|         32|
    +--------------------------------------------------------------------------+----+----+-----+-----------+



================================================================
== Interface
================================================================
* Summary: 
+-----------------------+-----+-----+------------+-------------------------+--------------+
|       RTL Ports       | Dir | Bits|  Protocol  |      Source Object      |    C Type    |
+-----------------------+-----+-----+------------+-------------------------+--------------+
|s_axi_control_AWVALID  |   in|    1|       s_axi|                  control|        scalar|
|s_axi_control_AWREADY  |  out|    1|       s_axi|                  control|        scalar|
|s_axi_control_AWADDR   |   in|    6|       s_axi|                  control|        scalar|
|s_axi_control_WVALID   |   in|    1|       s_axi|                  control|        scalar|
|s_axi_control_WREADY   |  out|    1|       s_axi|                  control|        scalar|
|s_axi_control_WDATA    |   in|   32|       s_axi|                  control|        scalar|
|s_axi_control_WSTRB    |   in|    4|       s_axi|                  control|        scalar|
|s_axi_control_ARVALID  |   in|    1|       s_axi|                  control|        scalar|
|s_axi_control_ARREADY  |  out|    1|       s_axi|                  control|        scalar|
|s_axi_control_ARADDR   |   in|    6|       s_axi|                  control|        scalar|
|s_axi_control_RVALID   |  out|    1|       s_axi|                  control|        scalar|
|s_axi_control_RREADY   |   in|    1|       s_axi|                  control|        scalar|
|s_axi_control_RDATA    |  out|   32|       s_axi|                  control|        scalar|
|s_axi_control_RRESP    |  out|    2|       s_axi|                  control|        scalar|
|s_axi_control_BVALID   |  out|    1|       s_axi|                  control|        scalar|
|s_axi_control_BREADY   |   in|    1|       s_axi|                  control|        scalar|
|s_axi_control_BRESP    |  out|    2|       s_axi|                  control|        scalar|
|ap_clk                 |   in|    1|  ap_ctrl_hs|  fiat_25519_carry_square|  return value|
|ap_rst_n               |   in|    1|  ap_ctrl_hs|  fiat_25519_carry_square|  return value|
|interrupt              |  out|    1|  ap_ctrl_hs|  fiat_25519_carry_square|  return value|
|m_axi_mem_AWVALID      |  out|    1|       m_axi|                      mem|       pointer|
|m_axi_mem_AWREADY      |   in|    1|       m_axi|                      mem|       pointer|
|m_axi_mem_AWADDR       |  out|   64|       m_axi|                      mem|       pointer|
|m_axi_mem_AWID         |  out|    1|       m_axi|                      mem|       pointer|
|m_axi_mem_AWLEN        |  out|    8|       m_axi|                      mem|       pointer|
|m_axi_mem_AWSIZE       |  out|    3|       m_axi|                      mem|       pointer|
|m_axi_mem_AWBURST      |  out|    2|       m_axi|                      mem|       pointer|
|m_axi_mem_AWLOCK       |  out|    2|       m_axi|                      mem|       pointer|
|m_axi_mem_AWCACHE      |  out|    4|       m_axi|                      mem|       pointer|
|m_axi_mem_AWPROT       |  out|    3|       m_axi|                      mem|       pointer|
|m_axi_mem_AWQOS        |  out|    4|       m_axi|                      mem|       pointer|
|m_axi_mem_AWREGION     |  out|    4|       m_axi|                      mem|       pointer|
|m_axi_mem_AWUSER       |  out|    1|       m_axi|                      mem|       pointer|
|m_axi_mem_WVALID       |  out|    1|       m_axi|                      mem|       pointer|
|m_axi_mem_WREADY       |   in|    1|       m_axi|                      mem|       pointer|
|m_axi_mem_WDATA        |  out|   32|       m_axi|                      mem|       pointer|
|m_axi_mem_WSTRB        |  out|    4|       m_axi|                      mem|       pointer|
|m_axi_mem_WLAST        |  out|    1|       m_axi|                      mem|       pointer|
|m_axi_mem_WID          |  out|    1|       m_axi|                      mem|       pointer|
|m_axi_mem_WUSER        |  out|    1|       m_axi|                      mem|       pointer|
|m_axi_mem_ARVALID      |  out|    1|       m_axi|                      mem|       pointer|
|m_axi_mem_ARREADY      |   in|    1|       m_axi|                      mem|       pointer|
|m_axi_mem_ARADDR       |  out|   64|       m_axi|                      mem|       pointer|
|m_axi_mem_ARID         |  out|    1|       m_axi|                      mem|       pointer|
|m_axi_mem_ARLEN        |  out|    8|       m_axi|                      mem|       pointer|
|m_axi_mem_ARSIZE       |  out|    3|       m_axi|                      mem|       pointer|
|m_axi_mem_ARBURST      |  out|    2|       m_axi|                      mem|       pointer|
|m_axi_mem_ARLOCK       |  out|    2|       m_axi|                      mem|       pointer|
|m_axi_mem_ARCACHE      |  out|    4|       m_axi|                      mem|       pointer|
|m_axi_mem_ARPROT       |  out|    3|       m_axi|                      mem|       pointer|
|m_axi_mem_ARQOS        |  out|    4|       m_axi|                      mem|       pointer|
|m_axi_mem_ARREGION     |  out|    4|       m_axi|                      mem|       pointer|
|m_axi_mem_ARUSER       |  out|    1|       m_axi|                      mem|       pointer|
|m_axi_mem_RVALID       |   in|    1|       m_axi|                      mem|       pointer|
|m_axi_mem_RREADY       |  out|    1|       m_axi|                      mem|       pointer|
|m_axi_mem_RDATA        |   in|   32|       m_axi|                      mem|       pointer|
|m_axi_mem_RLAST        |   in|    1|       m_axi|                      mem|       pointer|
|m_axi_mem_RID          |   in|    1|       m_axi|                      mem|       pointer|
|m_axi_mem_RUSER        |   in|    1|       m_axi|                      mem|       pointer|
|m_axi_mem_RRESP        |   in|    2|       m_axi|                      mem|       pointer|
|m_axi_mem_BVALID       |   in|    1|       m_axi|                      mem|       pointer|
|m_axi_mem_BREADY       |  out|    1|       m_axi|                      mem|       pointer|
|m_axi_mem_BRESP        |   in|    2|       m_axi|                      mem|       pointer|
|m_axi_mem_BID          |   in|    1|       m_axi|                      mem|       pointer|
|m_axi_mem_BUSER        |   in|    1|       m_axi|                      mem|       pointer|
+-----------------------+-----+-----+------------+-------------------------+--------------+

