

================================================================
== Synthesis Summary Report of 'test'
================================================================
+ General Information: 
    * Date:           Thu May  9 22:03:51 2024
    * Version:        2023.1.1 (Build 3869133 on Jun 15 2023)
    * Project:        D5
    * Solution:       comb_28 (Vivado IP Flow Target)
    * Product family: zynquplus
    * Target device:  xczu9eg-ffvb1156-2-e
    

+ Performance & Resource Estimates: 
    
    PS: '+' for module; 'o' for loop; '*' for dataflow
    +----------------------------------+------+------+---------+---------+----------+---------+------+----------+---------+-----------+------------+------------+-----+
    |              Modules             | Issue|      | Latency | Latency | Iteration|         | Trip |          |         |           |            |            |     |
    |              & Loops             | Type | Slack| (cycles)|   (ns)  |  Latency | Interval| Count| Pipelined|  BRAM   |    DSP    |     FF     |     LUT    | URAM|
    +----------------------------------+------+------+---------+---------+----------+---------+------+----------+---------+-----------+------------+------------+-----+
    |+ test                            |     -|  0.00|       76|  760.000|         -|       77|     -|        no|  8 (~0%)|  720 (28%)|   9761 (1%)|  13696 (4%)|    -|
    | + test_Pipeline_ARRAY_1_READ     |     -|  0.00|       11|  110.000|         -|       11|     -|        no|        -|          -|   587 (~0%)|    73 (~0%)|    -|
    |  o ARRAY_1_READ                  |     -|  7.30|        9|   90.000|         2|        1|     9|       yes|        -|          -|           -|           -|    -|
    | + test_Pipeline_ARRAY_2_READ     |     -|  0.00|       11|  110.000|         -|       11|     -|        no|        -|          -|   587 (~0%)|    73 (~0%)|    -|
    |  o ARRAY_2_READ                  |     -|  7.30|        9|   90.000|         2|        1|     9|       yes|        -|          -|           -|           -|    -|
    | + test_Pipeline_VITIS_LOOP_59_5  |     -|  0.41|       11|  110.000|         -|       11|     -|        no|        -|   128 (5%)|  2155 (~0%)|   3060 (1%)|    -|
    |  o VITIS_LOOP_59_5               |     -|  7.30|        9|   90.000|         3|        1|     8|       yes|        -|          -|           -|           -|    -|
    | + test_Pipeline_ARRAY_WRITE      |     -|  0.00|       11|  110.000|         -|       11|     -|        no|        -|          -|    66 (~0%)|   122 (~0%)|    -|
    |  o ARRAY_WRITE                   |     -|  7.30|        9|   90.000|         2|        1|     9|       yes|        -|          -|           -|           -|    -|
    +----------------------------------+------+------+---------+---------+----------+---------+------+----------+---------+-----------+------------+------------+-----+


================================================================
== HW Interfaces
================================================================
* M_AXI
+-----------+------------+---------------+---------+--------+----------+-----------+--------------+--------------+-------------+-------------+-------------------+
| Interface | Data Width | Address Width | Latency | Offset | Register | Max Widen | Max Read     | Max Write    | Num Read    | Num Write   | Resource Estimate |
|           | (SW->HW)   |               |         |        |          | Bitwidth  | Burst Length | Burst Length | Outstanding | Outstanding |                   |
+-----------+------------+---------------+---------+--------+----------+-----------+--------------+--------------+-------------+-------------+-------------------+
| m_axi_mem | 64 -> 64   | 64            | 0       | slave  | 0        | 0         | 16           | 16           | 16          | 16          | BRAM=8            |
+-----------+------------+---------------+---------+--------+----------+-----------+--------------+--------------+-------------+-------------+-------------------+

* S_AXILITE Interfaces
+---------------+------------+---------------+--------+----------+
| Interface     | Data Width | Address Width | Offset | Register |
+---------------+------------+---------------+--------+----------+
| s_axi_control | 32         | 6             | 16     | 0        |
+---------------+------------+---------------+--------+----------+

* S_AXILITE Registers
+---------------+----------+--------+-------+--------+----------------------------------+----------------------------------------------------------------------+
| Interface     | Register | Offset | Width | Access | Description                      | Bit Fields                                                           |
+---------------+----------+--------+-------+--------+----------------------------------+----------------------------------------------------------------------+
| s_axi_control | CTRL     | 0x00   | 32    | RW     | Control signals                  | 0=AP_START 1=AP_DONE 2=AP_IDLE 3=AP_READY 7=AUTO_RESTART 9=INTERRUPT |
| s_axi_control | GIER     | 0x04   | 32    | RW     | Global Interrupt Enable Register | 0=Enable                                                             |
| s_axi_control | IP_IER   | 0x08   | 32    | RW     | IP Interrupt Enable Register     | 0=CHAN0_INT_EN 1=CHAN1_INT_EN                                        |
| s_axi_control | IP_ISR   | 0x0c   | 32    | RW     | IP Interrupt Status Register     | 0=CHAN0_INT_ST 1=CHAN1_INT_ST                                        |
| s_axi_control | out1_1   | 0x10   | 32    | W      | Data signal of out1              |                                                                      |
| s_axi_control | out1_2   | 0x14   | 32    | W      | Data signal of out1              |                                                                      |
| s_axi_control | arg1_1   | 0x1c   | 32    | W      | Data signal of arg1              |                                                                      |
| s_axi_control | arg1_2   | 0x20   | 32    | W      | Data signal of arg1              |                                                                      |
| s_axi_control | arg2_1   | 0x28   | 32    | W      | Data signal of arg2              |                                                                      |
| s_axi_control | arg2_2   | 0x2c   | 32    | W      | Data signal of arg2              |                                                                      |
+---------------+----------+--------+-------+--------+----------------------------------+----------------------------------------------------------------------+

* TOP LEVEL CONTROL
+-----------+------------+-----------+
| Interface | Type       | Ports     |
+-----------+------------+-----------+
| ap_clk    | clock      | ap_clk    |
| ap_rst_n  | reset      | ap_rst_n  |
| interrupt | interrupt  | interrupt |
| ap_ctrl   | ap_ctrl_hs |           |
+-----------+------------+-----------+


================================================================
== SW I/O Information
================================================================
* Top Function Arguments
+----------+-----------+--------------------+
| Argument | Direction | Datatype           |
+----------+-----------+--------------------+
| out1     | inout     | long unsigned int* |
| arg1     | inout     | long unsigned int* |
| arg2     | inout     | long unsigned int* |
+----------+-----------+--------------------+

* SW-to-HW Mapping
+----------+---------------+-----------+----------+----------------------------------+
| Argument | HW Interface  | HW Type   | HW Usage | HW Info                          |
+----------+---------------+-----------+----------+----------------------------------+
| out1     | m_axi_mem     | interface |          |                                  |
| out1     | s_axi_control | register  | offset   | name=out1_1 offset=0x10 range=32 |
| out1     | s_axi_control | register  | offset   | name=out1_2 offset=0x14 range=32 |
| arg1     | m_axi_mem     | interface |          |                                  |
| arg1     | s_axi_control | register  | offset   | name=arg1_1 offset=0x1c range=32 |
| arg1     | s_axi_control | register  | offset   | name=arg1_2 offset=0x20 range=32 |
| arg2     | m_axi_mem     | interface |          |                                  |
| arg2     | s_axi_control | register  | offset   | name=arg2_1 offset=0x28 range=32 |
| arg2     | s_axi_control | register  | offset   | name=arg2_2 offset=0x2c range=32 |
+----------+---------------+-----------+----------+----------------------------------+


================================================================
== M_AXI Burst Information
================================================================
 Note: All burst requests might be further partitioned into multiple requests during RTL generation based on max_read_burst_length or max_write_burst_length settings.

* Inferred Burst Summary
+--------------+-----------+--------+-------+--------------+---------------+
| HW Interface | Direction | Length | Width | Loop         | Loop Location |
+--------------+-----------+--------+-------+--------------+---------------+
| m_axi_mem    | read      | 9      | 64    | ARRAY_1_READ | d5.cpp:22:2   |
| m_axi_mem    | read      | 9      | 64    | ARRAY_2_READ | d5.cpp:29:2   |
| m_axi_mem    | write     | 9      | 64    | ARRAY_WRITE  | d5.cpp:91:2   |
+--------------+-----------+--------+-------+--------------+---------------+

* All M_AXI Variable Accesses
+--------------+----------+-----------------+-----------+--------------+--------+--------------+---------------+------------+-------------------------------------------------------------------------------------------------------+
| HW Interface | Variable | Access Location | Direction | Burst Status | Length | Loop         | Loop Location | Resolution | Problem                                                                                               |
+--------------+----------+-----------------+-----------+--------------+--------+--------------+---------------+------------+-------------------------------------------------------------------------------------------------------+
| m_axi_mem    | arg1     | d5.cpp:24:15    | read      | Widen Fail   |        | ARRAY_1_READ | d5.cpp:22:2   | 214-353    | Could not widen since type i64 size is greater than or equal to the max_widen_bitwidth threshold of 0 |
| m_axi_mem    | arg1     | d5.cpp:24:15    | read      | Inferred     | 9      | ARRAY_1_READ | d5.cpp:22:2   |            |                                                                                                       |
| m_axi_mem    | arg2     | d5.cpp:31:15    | read      | Widen Fail   |        | ARRAY_2_READ | d5.cpp:29:2   | 214-353    | Could not widen since type i64 size is greater than or equal to the max_widen_bitwidth threshold of 0 |
| m_axi_mem    | arg2     | d5.cpp:31:15    | read      | Inferred     | 9      | ARRAY_2_READ | d5.cpp:29:2   |            |                                                                                                       |
| m_axi_mem    | out1     | d5.cpp:93:11    | write     | Widen Fail   |        | ARRAY_WRITE  | d5.cpp:91:2   | 214-353    | Could not widen since type i64 size is greater than or equal to the max_widen_bitwidth threshold of 0 |
| m_axi_mem    | out1     | d5.cpp:93:11    | write     | Inferred     | 9      | ARRAY_WRITE  | d5.cpp:91:2   |            |                                                                                                       |
+--------------+----------+-----------------+-----------+--------------+--------+--------------+---------------+------------+-------------------------------------------------------------------------------------------------------+

    * Resolution URL: www.xilinx.com/cgi-bin/docs/rdoc?v=2023.1;t=hls+guidance;d=XXX-YYY.html (replace XXX-YYY with column value)

================================================================
== Bind Op Report
================================================================
+----------------------------------+-----+--------+-------------+-----+--------+---------+
| Name                             | DSP | Pragma | Variable    | Op  | Impl   | Latency |
+----------------------------------+-----+--------+-------------+-----+--------+---------+
| + test                           | 720 |        |             |     |        |         |
|   mul_64ns_64ns_128_1_1_U89      | 16  |        | arr         | mul | auto   | 0       |
|   mul_64ns_64ns_128_1_1_U90      | 16  |        | mul_ln50_1  | mul | auto   | 0       |
|   mul_64ns_64ns_128_1_1_U91      | 16  |        | mul_ln50_2  | mul | auto   | 0       |
|   mul_64ns_64ns_128_1_1_U89      | 16  |        | mul_ln50_3  | mul | auto   | 0       |
|   mul_64ns_64ns_128_1_1_U90      | 16  |        | mul_ln50_4  | mul | auto   | 0       |
|   mul_64ns_64ns_128_1_1_U92      | 16  |        | mul_ln50_5  | mul | auto   | 0       |
|   mul_64ns_64ns_128_1_1_U93      | 16  |        | mul_ln50_6  | mul | auto   | 0       |
|   mul_64ns_64ns_128_1_1_U94      | 16  |        | mul_ln50_7  | mul | auto   | 0       |
|   mul_64ns_64ns_128_1_1_U95      | 16  |        | mul_ln50_8  | mul | auto   | 0       |
|   arr_1_fu_701_p2                | -   |        | arr_1       | add | fabric | 0       |
|   mul_64ns_64ns_128_1_1_U96      | 16  |        | mul_ln50_9  | mul | auto   | 0       |
|   mul_64ns_64ns_128_1_1_U91      | 16  |        | mul_ln50_10 | mul | auto   | 0       |
|   mul_64ns_64ns_128_1_1_U92      | 16  |        | mul_ln50_11 | mul | auto   | 0       |
|   mul_64ns_64ns_128_1_1_U93      | 16  |        | mul_ln50_12 | mul | auto   | 0       |
|   mul_64ns_64ns_128_1_1_U94      | 16  |        | mul_ln50_13 | mul | auto   | 0       |
|   mul_64ns_64ns_128_1_1_U97      | 16  |        | mul_ln50_14 | mul | auto   | 0       |
|   mul_64ns_64ns_128_1_1_U98      | 16  |        | mul_ln50_15 | mul | auto   | 0       |
|   mul_64ns_64ns_128_1_1_U99      | 16  |        | mul_ln50_16 | mul | auto   | 0       |
|   mul_64ns_64ns_128_1_1_U100     | 16  |        | mul_ln50_17 | mul | auto   | 0       |
|   mul_64ns_64ns_128_1_1_U101     | 16  |        | mul_ln50_18 | mul | auto   | 0       |
|   mul_64ns_64ns_128_1_1_U102     | 16  |        | mul_ln50_19 | mul | auto   | 0       |
|   mul_64ns_64ns_128_1_1_U103     | 16  |        | mul_ln50_20 | mul | auto   | 0       |
|   mul_64ns_64ns_128_1_1_U104     | 16  |        | mul_ln50_21 | mul | auto   | 0       |
|   add_ln50_4_fu_740_p2           | -   |        | add_ln50_4  | add | fabric | 0       |
|   mul_64ns_64ns_128_1_1_U105     | 16  |        | mul_ln50_22 | mul | auto   | 0       |
|   mul_64ns_64ns_128_1_1_U106     | 16  |        | mul_ln50_23 | mul | auto   | 0       |
|   mul_64ns_64ns_128_1_1_U107     | 16  |        | mul_ln50_24 | mul | auto   | 0       |
|   mul_64ns_64ns_128_1_1_U108     | 16  |        | mul_ln50_25 | mul | auto   | 0       |
|   mul_64ns_64ns_128_1_1_U109     | 16  |        | mul_ln50_26 | mul | auto   | 0       |
|   mul_64ns_64ns_128_1_1_U110     | 16  |        | mul_ln50_27 | mul | auto   | 0       |
|   mul_64ns_64ns_128_1_1_U111     | 16  |        | mul_ln50_28 | mul | auto   | 0       |
|   mul_64ns_64ns_128_1_1_U112     | 16  |        | mul_ln50_29 | mul | auto   | 0       |
|   mul_64ns_64ns_128_1_1_U113     | 16  |        | mul_ln50_30 | mul | auto   | 0       |
|   add_ln50_10_fu_775_p2          | -   |        | add_ln50_10 | add | fabric | 0       |
|   mul_64ns_64ns_128_1_1_U114     | 16  |        | mul_ln50_31 | mul | auto   | 0       |
|   mul_64ns_64ns_128_1_1_U115     | 16  |        | mul_ln50_32 | mul | auto   | 0       |
|   mul_64ns_64ns_128_1_1_U116     | 16  |        | mul_ln50_33 | mul | auto   | 0       |
|   add_ln50_15_fu_800_p2          | -   |        | add_ln50_15 | add | fabric | 0       |
|   add_ln50_18_fu_806_p2          | -   |        | add_ln50_18 | add | fabric | 0       |
|   mul_64ns_64ns_128_1_1_U117     | 16  |        | mul_ln50_34 | mul | auto   | 0       |
|   mul_64ns_64ns_128_1_1_U118     | 16  |        | mul_ln50_35 | mul | auto   | 0       |
|   add_ln50_21_fu_818_p2          | -   |        | add_ln50_21 | add | fabric | 0       |
|   add_ln50_22_fu_824_p2          | -   |        | add_ln50_22 | add | fabric | 0       |
|   add_ln50_25_fu_830_p2          | -   |        | add_ln50_25 | add | fabric | 0       |
|   mul_64ns_64ns_128_1_1_U95      | 16  |        | mul_ln43    | mul | auto   | 0       |
|   mul_64ns_64ns_128_1_1_U119     | 16  |        | mul_ln43_1  | mul | auto   | 0       |
|   mul_64ns_64ns_128_1_1_U120     | 16  |        | mul_ln43_2  | mul | auto   | 0       |
|   mul_64ns_64ns_128_1_1_U121     | 16  |        | mul_ln43_3  | mul | auto   | 0       |
|   mul_64ns_64ns_128_1_1_U122     | 16  |        | mul_ln43_4  | mul | auto   | 0       |
|   mul_64ns_64ns_128_1_1_U123     | 16  |        | mul_ln43_5  | mul | auto   | 0       |
|   mul_64ns_64ns_128_1_1_U124     | 16  |        | mul_ln43_6  | mul | auto   | 0       |
|   mul_64ns_64ns_128_1_1_U125     | 16  |        | mul_ln57    | mul | auto   | 0       |
|   mul_64ns_64ns_128_1_1_U96      | 16  |        | mul_ln43_7  | mul | auto   | 0       |
|   add_ln57_fu_876_p2             | -   |        | add_ln57    | add | fabric | 0       |
|   add_ln57_1_fu_882_p2           | -   |        | add_ln57_1  | add | fabric | 0       |
|   add_ln57_2_fu_1001_p2          | -   |        | add_ln57_2  | add | fabric | 0       |
|   add_ln57_3_fu_1005_p2          | -   |        | add_ln57_3  | add | fabric | 0       |
|   add_ln57_6_fu_1019_p2          | -   |        | add_ln57_6  | add | fabric | 0       |
|   add_ln57_7_fu_1015_p2          | -   |        | add_ln57_7  | add | fabric | 0       |
|   add_ln57_8_fu_1023_p2          | -   |        | add_ln57_8  | add | fabric | 0       |
|   add_ln79_fu_1060_p2            | -   |        | add_ln79    | add | fabric | 0       |
|   add_ln79_1_fu_1080_p2          | -   |        | add_ln79_1  | add | fabric | 0       |
|   add_ln79_2_fu_1100_p2          | -   |        | add_ln79_2  | add | fabric | 0       |
|   add_ln79_3_fu_1120_p2          | -   |        | add_ln79_3  | add | fabric | 0       |
|   add_ln79_4_fu_1242_p2          | -   |        | add_ln79_4  | add | fabric | 0       |
|   add_ln79_5_fu_1262_p2          | -   |        | add_ln79_5  | add | fabric | 0       |
|   add_ln79_6_fu_1282_p2          | -   |        | add_ln79_6  | add | fabric | 0       |
|   out1_w_fu_1318_p2              | -   |        | out1_w      | add | fabric | 0       |
|   add_ln80_fu_1340_p2            | -   |        | add_ln80    | add | fabric | 0       |
|   add_ln80_1_fu_1150_p2          | -   |        | add_ln80_1  | add | fabric | 0       |
|   out1_w_1_fu_1441_p2            | -   |        | out1_w_1    | add | fabric | 0       |
|   add_ln81_fu_1450_p2            | -   |        | add_ln81    | add | fabric | 0       |
|   add_ln81_1_fu_1170_p2          | -   |        | add_ln81_1  | add | fabric | 0       |
|   out1_w_2_fu_1477_p2            | -   |        | out1_w_2    | add | fabric | 0       |
|   out1_w_3_fu_1190_p2            | -   |        | out1_w_3    | add | fabric | 0       |
|   out1_w_4_fu_1210_p2            | -   |        | out1_w_4    | add | fabric | 0       |
|   out1_w_5_fu_1360_p2            | -   |        | out1_w_5    | add | fabric | 0       |
|   out1_w_6_fu_1379_p2            | -   |        | out1_w_6    | add | fabric | 0       |
|   out1_w_7_fu_1399_p2            | -   |        | out1_w_7    | add | fabric | 0       |
|  + test_Pipeline_ARRAY_1_READ    | 0   |        |             |     |        |         |
|    add_ln22_fu_218_p2            | -   |        | add_ln22    | add | fabric | 0       |
|  + test_Pipeline_ARRAY_2_READ    | 0   |        |             |     |        |         |
|    add_ln29_fu_218_p2            | -   |        | add_ln29    | add | fabric | 0       |
|  + test_Pipeline_VITIS_LOOP_59_5 | 128 |        |             |     |        |         |
|    mul_64ns_64ns_128_1_1_U23     | 16  |        | mul_ln72    | mul | auto   | 0       |
|    add_ln72_fu_816_p2            | -   |        | add_ln72    | add | fabric | 0       |
|    mul_64ns_64ns_128_1_1_U24     | 16  |        | mul_ln72_1  | mul | auto   | 0       |
|    add_ln72_1_fu_833_p2          | -   |        | add_ln72_1  | add | fabric | 0       |
|    add_ln69_fu_508_p2            | -   |        | add_ln69    | add | fabric | 0       |
|    mul_64ns_64ns_128_1_1_U25     | 16  |        | mul_ln72_2  | mul | auto   | 0       |
|    add_ln72_2_fu_851_p2          | -   |        | add_ln72_2  | add | fabric | 0       |
|    sub_ln69_3_fu_524_p2          | -   |        | sub_ln69_3  | sub | fabric | 0       |
|    mul_64ns_64ns_128_1_1_U26     | 16  |        | mul_ln72_3  | mul | auto   | 0       |
|    add_ln72_3_fu_869_p2          | -   |        | add_ln72_3  | add | fabric | 0       |
|    sub_ln69_4_fu_540_p2          | -   |        | sub_ln69_4  | sub | fabric | 0       |
|    mul_64ns_64ns_128_1_1_U27     | 16  |        | mul_ln72_4  | mul | auto   | 0       |
|    add_ln72_4_fu_887_p2          | -   |        | add_ln72_4  | add | fabric | 0       |
|    sub_ln69_fu_566_p2            | -   |        | sub_ln69    | sub | fabric | 0       |
|    mul_64ns_64ns_128_1_1_U28     | 16  |        | mul_ln72_5  | mul | auto   | 0       |
|    add_ln72_5_fu_905_p2          | -   |        | add_ln72_5  | add | fabric | 0       |
|    sub_ln69_1_fu_738_p2          | -   |        | sub_ln69_1  | sub | fabric | 0       |
|    mul_64ns_64ns_128_1_1_U29     | 16  |        | mul_ln72_6  | mul | auto   | 0       |
|    add_ln72_6_fu_923_p2          | -   |        | add_ln72_6  | add | fabric | 0       |
|    tmp_8_fu_772_p10              | -   |        | sub_ln69_2  | sub | fabric | 0       |
|    mul_64ns_64ns_128_1_1_U30     | 16  |        | mul_ln72_7  | mul | auto   | 0       |
|    add_ln72_7_fu_941_p2          | -   |        | add_ln72_7  | add | fabric | 0       |
|    add_ln59_fu_600_p2            | -   |        | add_ln59    | add | fabric | 0       |
|  + test_Pipeline_ARRAY_WRITE     | 0   |        |             |     |        |         |
|    add_ln91_fu_204_p2            | -   |        | add_ln91    | add | fabric | 0       |
+----------------------------------+-----+--------+-------------+-----+--------+---------+


================================================================
== Bind Storage Report
================================================================
  No bind storage info in design

================================================================
== Pragma Report
================================================================
* Valid Pragma Syntax
+-----------------+-------------------------------------------------+---------------------------+
| Type            | Options                                         | Location                  |
+-----------------+-------------------------------------------------+---------------------------+
| interface       | m_axi depth=9 port=out1 offset=slave bundle=mem | d5.cpp:5 in test, out1    |
| interface       | m_axi depth=9 port=arg1 offset=slave bundle=mem | d5.cpp:6 in test, arg1    |
| interface       | m_axi depth=9 port=arg2 offset=slave bundle=mem | d5.cpp:7 in test, arg2    |
| interface       | mode=s_axilite port=return                      | d5.cpp:9 in test, return  |
| array_partition | variable=out1_w type=complete                   | d5.cpp:15 in test, out1_w |
| array_partition | variable=arg1_r type=complete                   | d5.cpp:16 in test, arg1_r |
| array_partition | variable=arg2_r type=complete                   | d5.cpp:17 in test, arg2_r |
| array_partition | variable=arr type=complete                      | d5.cpp:18 in test, arr    |
| pipeline        | II=1                                            | d5.cpp:38 in test         |
| unroll          |                                                 | d5.cpp:41 in test         |
| pipeline        | II=1                                            | d5.cpp:46 in test         |
| unroll          |                                                 | d5.cpp:49 in test         |
| pipeline        | II=1                                            | d5.cpp:61 in test         |
| unroll          |                                                 | d5.cpp:64 in test         |
| pipeline        | II=1                                            | d5.cpp:68 in test         |
| unroll          |                                                 | d5.cpp:71 in test         |
+-----------------+-------------------------------------------------+---------------------------+


