

================================================================
== Vitis HLS Report for 'fiat_25519_carry_square_Pipeline_ARRAY_WRITE'
================================================================
* Date:           Thu May  9 15:27:40 2024

* Version:        2023.1.1 (Build 3869133 on Jun 15 2023)
* Project:        D1
* Solution:       comb_19 (Vivado IP Flow Target)
* Product family: zynquplus
* Target device:  xczu9eg-ffvb1156-2-e


================================================================
== Performance Estimates
================================================================
+ Timing: 
    * Summary: 
    +--------+----------+----------+------------+
    |  Clock |  Target  | Estimated| Uncertainty|
    +--------+----------+----------+------------+
    |ap_clk  |  10.00 ns|  7.300 ns|     2.70 ns|
    +--------+----------+----------+------------+

+ Latency: 
    * Summary: 
    +---------+---------+----------+----------+-----+-----+---------+
    |  Latency (cycles) |  Latency (absolute) |  Interval | Pipeline|
    |   min   |   max   |    min   |    max   | min | max |   Type  |
    +---------+---------+----------+----------+-----+-----+---------+
    |       12|       12|  0.120 us|  0.120 us|   12|   12|       no|
    +---------+---------+----------+----------+-----+-----+---------+

    + Detail: 
        * Instance: 
        N/A

        * Loop: 
        +---------------+---------+---------+----------+-----------+-----------+------+----------+
        |               |  Latency (cycles) | Iteration|  Initiation Interval  | Trip |          |
        |   Loop Name   |   min   |   max   |  Latency |  achieved |   target  | Count| Pipelined|
        +---------------+---------+---------+----------+-----------+-----------+------+----------+
        |- ARRAY_WRITE  |       10|       10|         2|          1|          1|    10|       yes|
        +---------------+---------+---------+----------+-----------+-----------+------+----------+

============================================================
+ Verbose Summary: Synthesis Manager
============================================================
InlineROM: 1
ExposeGlobal: 0
============================================================
+ Verbose Summary: CDFG Model
============================================================
IsTopModel: 0
ResetActiveHigh: 1
IsCombinational: 0
IsDatapathOnly: 0
HasWiredReturn: 1
HasMFsm: 2
HasVarLatency: 1
IsPipeline: 0
IsRtlPipelined: 0
IsInstanceOverlapped: 0
IsDontTouch: 0
HasImplIP: 0
IsGatedGlobalClock: 0

+ Individual pipeline summary: 
  * Pipeline-0: initiation interval (II) = 1, depth = 2


============================================================
+ Verbose Summary: Schedule
============================================================
* Number of FSM states : 2
* Pipeline : 1
  Pipeline-0 : II = 1, D = 2, States = { 1 2 }
* Dataflow Pipeline: 0

* FSM state transitions: 
1 --> 2 
2 --> 

* FSM state operations: 

State 1 <SV = 0> <Delay = 1.22>
ST_1 : Operation 5 [1/1] (0.00ns)   --->   "%i = alloca i32 1"   --->   Operation 5 'alloca' 'i' <Predicate = true> <Delay = 0.00>
ST_1 : Operation 6 [1/1] (0.00ns)   --->   "%zext_ln13_read = read i25 @_ssdm_op_Read.ap_auto.i25, i25 %zext_ln13"   --->   Operation 6 'read' 'zext_ln13_read' <Predicate = true> <Delay = 0.00>
ST_1 : Operation 7 [1/1] (0.00ns)   --->   "%zext_ln111_read = read i26 @_ssdm_op_Read.ap_auto.i26, i26 %zext_ln111"   --->   Operation 7 'read' 'zext_ln111_read' <Predicate = true> <Delay = 0.00>
ST_1 : Operation 8 [1/1] (0.00ns)   --->   "%zext_ln110_read = read i25 @_ssdm_op_Read.ap_auto.i25, i25 %zext_ln110"   --->   Operation 8 'read' 'zext_ln110_read' <Predicate = true> <Delay = 0.00>
ST_1 : Operation 9 [1/1] (0.00ns)   --->   "%zext_ln109_read = read i26 @_ssdm_op_Read.ap_auto.i26, i26 %zext_ln109"   --->   Operation 9 'read' 'zext_ln109_read' <Predicate = true> <Delay = 0.00>
ST_1 : Operation 10 [1/1] (0.00ns)   --->   "%zext_ln108_read = read i25 @_ssdm_op_Read.ap_auto.i25, i25 %zext_ln108"   --->   Operation 10 'read' 'zext_ln108_read' <Predicate = true> <Delay = 0.00>
ST_1 : Operation 11 [1/1] (0.00ns)   --->   "%zext_ln107_read = read i26 @_ssdm_op_Read.ap_auto.i26, i26 %zext_ln107"   --->   Operation 11 'read' 'zext_ln107_read' <Predicate = true> <Delay = 0.00>
ST_1 : Operation 12 [1/1] (0.00ns)   --->   "%zext_ln106_read = read i25 @_ssdm_op_Read.ap_auto.i25, i25 %zext_ln106"   --->   Operation 12 'read' 'zext_ln106_read' <Predicate = true> <Delay = 0.00>
ST_1 : Operation 13 [1/1] (0.00ns)   --->   "%out1_w_2_read = read i27 @_ssdm_op_Read.ap_auto.i27, i27 %out1_w_2"   --->   Operation 13 'read' 'out1_w_2_read' <Predicate = true> <Delay = 0.00>
ST_1 : Operation 14 [1/1] (0.00ns)   --->   "%zext_ln104_read = read i25 @_ssdm_op_Read.ap_auto.i25, i25 %zext_ln104"   --->   Operation 14 'read' 'zext_ln104_read' <Predicate = true> <Delay = 0.00>
ST_1 : Operation 15 [1/1] (0.00ns)   --->   "%zext_ln103_read = read i26 @_ssdm_op_Read.ap_auto.i26, i26 %zext_ln103"   --->   Operation 15 'read' 'zext_ln103_read' <Predicate = true> <Delay = 0.00>
ST_1 : Operation 16 [1/1] (0.00ns)   --->   "%sext_ln115_read = read i62 @_ssdm_op_Read.ap_auto.i62, i62 %sext_ln115"   --->   Operation 16 'read' 'sext_ln115_read' <Predicate = true> <Delay = 0.00>
ST_1 : Operation 17 [1/1] (0.00ns)   --->   "%zext_ln13_cast = zext i25 %zext_ln13_read"   --->   Operation 17 'zext' 'zext_ln13_cast' <Predicate = true> <Delay = 0.00>
ST_1 : Operation 18 [1/1] (0.00ns)   --->   "%zext_ln111_cast = zext i26 %zext_ln111_read"   --->   Operation 18 'zext' 'zext_ln111_cast' <Predicate = true> <Delay = 0.00>
ST_1 : Operation 19 [1/1] (0.00ns)   --->   "%zext_ln110_cast = zext i25 %zext_ln110_read"   --->   Operation 19 'zext' 'zext_ln110_cast' <Predicate = true> <Delay = 0.00>
ST_1 : Operation 20 [1/1] (0.00ns)   --->   "%zext_ln109_cast = zext i26 %zext_ln109_read"   --->   Operation 20 'zext' 'zext_ln109_cast' <Predicate = true> <Delay = 0.00>
ST_1 : Operation 21 [1/1] (0.00ns)   --->   "%zext_ln108_cast = zext i25 %zext_ln108_read"   --->   Operation 21 'zext' 'zext_ln108_cast' <Predicate = true> <Delay = 0.00>
ST_1 : Operation 22 [1/1] (0.00ns)   --->   "%zext_ln107_cast = zext i26 %zext_ln107_read"   --->   Operation 22 'zext' 'zext_ln107_cast' <Predicate = true> <Delay = 0.00>
ST_1 : Operation 23 [1/1] (0.00ns)   --->   "%zext_ln106_cast = zext i25 %zext_ln106_read"   --->   Operation 23 'zext' 'zext_ln106_cast' <Predicate = true> <Delay = 0.00>
ST_1 : Operation 24 [1/1] (0.00ns)   --->   "%zext_ln104_cast = zext i25 %zext_ln104_read"   --->   Operation 24 'zext' 'zext_ln104_cast' <Predicate = true> <Delay = 0.00>
ST_1 : Operation 25 [1/1] (0.00ns)   --->   "%zext_ln103_cast = zext i26 %zext_ln103_read"   --->   Operation 25 'zext' 'zext_ln103_cast' <Predicate = true> <Delay = 0.00>
ST_1 : Operation 26 [1/1] (0.00ns)   --->   "%sext_ln115_cast = sext i62 %sext_ln115_read"   --->   Operation 26 'sext' 'sext_ln115_cast' <Predicate = true> <Delay = 0.00>
ST_1 : Operation 27 [1/1] (0.00ns)   --->   "%specinterface_ln0 = specinterface void @_ssdm_op_SpecInterface, i32 %mem, void @empty_1, i32 0, i32 0, void @empty_2, i32 0, i32 10, void @empty_3, void @empty_4, void @empty_2, i32 16, i32 16, i32 16, i32 16, void @empty_2, void @empty_2, i32 4294967295, i32 0"   --->   Operation 27 'specinterface' 'specinterface_ln0' <Predicate = true> <Delay = 0.00>
ST_1 : Operation 28 [1/1] (0.42ns)   --->   "%store_ln0 = store i4 0, i4 %i"   --->   Operation 28 'store' 'store_ln0' <Predicate = true> <Delay = 0.42>
ST_1 : Operation 29 [1/1] (0.00ns)   --->   "%br_ln0 = br void %for.inc663"   --->   Operation 29 'br' 'br_ln0' <Predicate = true> <Delay = 0.00>
ST_1 : Operation 30 [1/1] (0.00ns)   --->   "%i_3 = load i4 %i" [d1.cpp:115]   --->   Operation 30 'load' 'i_3' <Predicate = true> <Delay = 0.00>
ST_1 : Operation 31 [1/1] (0.00ns)   --->   "%specbitsmap_ln0 = specbitsmap void @_ssdm_op_SpecBitsMap, i32 %mem"   --->   Operation 31 'specbitsmap' 'specbitsmap_ln0' <Predicate = true> <Delay = 0.00>
ST_1 : Operation 32 [1/1] (0.00ns)   --->   "%mem_addr = getelementptr i32 %mem, i64 %sext_ln115_cast" [d1.cpp:115]   --->   Operation 32 'getelementptr' 'mem_addr' <Predicate = true> <Delay = 0.00>
ST_1 : Operation 33 [1/1] (0.00ns)   --->   "%specpipeline_ln0 = specpipeline void @_ssdm_op_SpecPipeline, i32 4294967295, i32 0, i32 1, i32 0, void @p_str"   --->   Operation 33 'specpipeline' 'specpipeline_ln0' <Predicate = true> <Delay = 0.00>
ST_1 : Operation 34 [1/1] (0.79ns)   --->   "%icmp_ln115 = icmp_eq  i4 %i_3, i4 10" [d1.cpp:115]   --->   Operation 34 'icmp' 'icmp_ln115' <Predicate = true> <Delay = 0.79> <CoreInst = "Cmp">   --->   Core 9 'Cmp' <Latency = 0> <II = 1> <Delay = 0.79> <FuncUnit> <Opcode : 'icmp'> <InPorts = 2> <OutPorts = 1>
ST_1 : Operation 35 [1/1] (0.79ns)   --->   "%add_ln115 = add i4 %i_3, i4 1" [d1.cpp:115]   --->   Operation 35 'add' 'add_ln115' <Predicate = true> <Delay = 0.79> <CoreInst = "Adder">   --->   Core 1 'Adder' <Latency = 0> <II = 1> <Delay = 0.79> <FuncUnit> <Opcode : 'add' 'sub'> <InPorts = 2> <OutPorts = 1>
ST_1 : Operation 36 [1/1] (0.00ns)   --->   "%br_ln115 = br i1 %icmp_ln115, void %for.inc663.split, void %for.end665.exitStub" [d1.cpp:115]   --->   Operation 36 'br' 'br_ln115' <Predicate = true> <Delay = 0.00>
ST_1 : Operation 37 [1/1] (0.75ns)   --->   "%tmp_7 = mux i27 @_ssdm_op_Mux.ap_auto.10i27.i4, i27 %zext_ln103_cast, i27 %zext_ln104_cast, i27 %out1_w_2_read, i27 %zext_ln106_cast, i27 %zext_ln107_cast, i27 %zext_ln108_cast, i27 %zext_ln109_cast, i27 %zext_ln110_cast, i27 %zext_ln111_cast, i27 %zext_ln13_cast, i4 %i_3" [d1.cpp:117]   --->   Operation 37 'mux' 'tmp_7' <Predicate = (!icmp_ln115)> <Delay = 0.75> <CoreInst = "Multiplexer">   --->   Core 76 'Multiplexer' <Latency = 0> <II = 1> <Delay = 0.75> <FuncUnit> <Opcode : 'mux'> <InPorts = 2> <OutPorts = 1>
ST_1 : Operation 38 [1/1] (0.42ns)   --->   "%store_ln115 = store i4 %add_ln115, i4 %i" [d1.cpp:115]   --->   Operation 38 'store' 'store_ln115' <Predicate = (!icmp_ln115)> <Delay = 0.42>
ST_1 : Operation 44 [1/1] (0.00ns)   --->   "%ret_ln0 = ret"   --->   Operation 44 'ret' 'ret_ln0' <Predicate = (icmp_ln115)> <Delay = 0.00>

State 2 <SV = 1> <Delay = 7.30>
ST_2 : Operation 39 [1/1] (0.00ns)   --->   "%speclooptripcount_ln115 = speclooptripcount void @_ssdm_op_SpecLoopTripCount, i64 10, i64 10, i64 10" [d1.cpp:115]   --->   Operation 39 'speclooptripcount' 'speclooptripcount_ln115' <Predicate = true> <Delay = 0.00>
ST_2 : Operation 40 [1/1] (0.00ns)   --->   "%specloopname_ln115 = specloopname void @_ssdm_op_SpecLoopName, void @empty_14" [d1.cpp:115]   --->   Operation 40 'specloopname' 'specloopname_ln115' <Predicate = true> <Delay = 0.00>
ST_2 : Operation 41 [1/1] (0.00ns)   --->   "%zext_ln117 = zext i27 %tmp_7" [d1.cpp:117]   --->   Operation 41 'zext' 'zext_ln117' <Predicate = true> <Delay = 0.00>
ST_2 : Operation 42 [1/1] (7.30ns)   --->   "%write_ln117 = write void @_ssdm_op_Write.m_axi.p1i32, i32 %mem_addr, i32 %zext_ln117, i4 15" [d1.cpp:117]   --->   Operation 42 'write' 'write_ln117' <Predicate = true> <Delay = 7.30> <CoreInst = "m_axi">   --->   Core 121 'm_axi' <Latency = 0> <II = 1> <Delay = 1.00> <Adapter> <Opcode : 'read' 'write' 'readreq' 'writereq' 'writeresp'>
ST_2 : Operation 43 [1/1] (0.00ns)   --->   "%br_ln115 = br void %for.inc663" [d1.cpp:115]   --->   Operation 43 'br' 'br_ln115' <Predicate = true> <Delay = 0.00>


============================================================
+ Verbose Summary: Timing violations
============================================================
Target clock period: 10.000ns, clock uncertainty: 2.700ns.

 <State 1>: 1.224ns
The critical path consists of the following:
	'alloca' operation ('i') [13]  (0.000 ns)
	'load' operation ('i', d1.cpp:115) on local variable 'i' [39]  (0.000 ns)
	'add' operation ('add_ln115', d1.cpp:115) [44]  (0.797 ns)
	'store' operation ('store_ln115', d1.cpp:115) of variable 'add_ln115', d1.cpp:115 on local variable 'i' [52]  (0.427 ns)

 <State 2>: 7.300ns
The critical path consists of the following:
	bus write operation ('write_ln117', d1.cpp:117) on port 'mem' (d1.cpp:117) [51]  (7.300 ns)


============================================================
+ Verbose Summary: Binding
============================================================
N/A
* FSMD analyzer results:
  - Output states:
 - Input state : 
  - Chain level:
	State 1
	State 2


============================================================
+ Verbose Summary: Datapath Resource usage 
============================================================
N/A
