

================================================================
== Vitis HLS Report for 'fiat_25519_carry_square_Pipeline_VITIS_LOOP_23_1'
================================================================
* Date:           Fri May 10 12:42:49 2024

* Version:        2023.1.1 (Build 3869133 on Jun 15 2023)
* Project:        D3
* Solution:       comb_26 (Vivado IP Flow Target)
* Product family: zynquplus
* Target device:  xczu9eg-ffvb1156-2-e


================================================================
== Performance Estimates
================================================================
+ Timing: 
    * Summary: 
    +--------+----------+----------+------------+
    |  Clock |  Target  | Estimated| Uncertainty|
    +--------+----------+----------+------------+
    |ap_clk  |  10.00 ns|  6.442 ns|     2.70 ns|
    +--------+----------+----------+------------+

+ Latency: 
    * Summary: 
    +---------+---------+----------+----------+-----+-----+---------+
    |  Latency (cycles) |  Latency (absolute) |  Interval | Pipeline|
    |   min   |   max   |    min   |    max   | min | max |   Type  |
    +---------+---------+----------+----------+-----+-----+---------+
    |       16|       16|  0.160 us|  0.160 us|   16|   16|       no|
    +---------+---------+----------+----------+-----+-----+---------+

    + Detail: 
        * Instance: 
        N/A

        * Loop: 
        +-------------------+---------+---------+----------+-----------+-----------+------+----------+
        |                   |  Latency (cycles) | Iteration|  Initiation Interval  | Trip |          |
        |     Loop Name     |   min   |   max   |  Latency |  achieved |   target  | Count| Pipelined|
        +-------------------+---------+---------+----------+-----------+-----------+------+----------+
        |- VITIS_LOOP_23_1  |       14|       14|         8|          1|          1|     8|       yes|
        +-------------------+---------+---------+----------+-----------+-----------+------+----------+



================================================================
== Utilization Estimates
================================================================
* Summary: 
+-----------------+---------+------+--------+--------+-----+
|       Name      | BRAM_18K|  DSP |   FF   |   LUT  | URAM|
+-----------------+---------+------+--------+--------+-----+
|DSP              |        -|     -|       -|       -|    -|
|Expression       |        -|     -|       0|     141|    -|
|FIFO             |        -|     -|       -|       -|    -|
|Instance         |        -|     4|     136|     217|    -|
|Memory           |        -|     -|       -|       -|    -|
|Multiplexer      |        -|     -|       -|      36|    -|
|Register         |        -|     -|     192|      64|    -|
+-----------------+---------+------+--------+--------+-----+
|Total            |        0|     4|     328|     458|    0|
+-----------------+---------+------+--------+--------+-----+
|Available        |     1824|  2520|  548160|  274080|    0|
+-----------------+---------+------+--------+--------+-----+
|Utilization (%)  |        0|    ~0|      ~0|      ~0|    0|
+-----------------+---------+------+--------+--------+-----+

+ Detail: 
    * Instance: 
    +--------------------------+----------------------+---------+----+----+----+-----+
    |         Instance         |        Module        | BRAM_18K| DSP| FF | LUT| URAM|
    +--------------------------+----------------------+---------+----+----+----+-----+
    |mul_33ns_32ns_64_1_1_U16  |mul_33ns_32ns_64_1_1  |        0|   4|   0|  21|    0|
    |mul_4ns_6ns_9_1_1_U18     |mul_4ns_6ns_9_1_1     |        0|   0|   0|  23|    0|
    |mul_4ns_6ns_9_1_1_U20     |mul_4ns_6ns_9_1_1     |        0|   0|   0|  23|    0|
    |mux_3_2_32_1_1_U24        |mux_3_2_32_1_1        |        0|   0|   0|  14|    0|
    |mux_3_2_64_1_1_U25        |mux_3_2_64_1_1        |        0|   0|   0|  14|    0|
    |mux_4_2_32_1_1_U21        |mux_4_2_32_1_1        |        0|   0|   0|  20|    0|
    |mux_4_2_32_1_1_U22        |mux_4_2_32_1_1        |        0|   0|   0|  20|    0|
    |mux_4_2_32_1_1_U23        |mux_4_2_32_1_1        |        0|   0|   0|  20|    0|
    |urem_4ns_3ns_2_8_1_U17    |urem_4ns_3ns_2_8_1    |        0|   0|  68|  31|    0|
    |urem_4ns_3ns_2_8_1_U19    |urem_4ns_3ns_2_8_1    |        0|   0|  68|  31|    0|
    +--------------------------+----------------------+---------+----+----+----+-----+
    |Total                     |                      |        0|   4| 136| 217|    0|
    +--------------------------+----------------------+---------+----+----+----+-----+

    * DSP: 
    N/A

    * Memory: 
    N/A

    * FIFO: 
    N/A

    * Expression: 
    +-----------------------+----------+----+---+----+------------+------------+
    |     Variable Name     | Operation| DSP| FF| LUT| Bitwidth P0| Bitwidth P1|
    +-----------------------+----------+----+---+----+------------+------------+
    |add_ln23_fu_261_p2     |         +|   0|  0|  12|           4|           1|
    |add_ln30_fu_383_p2     |         +|   0|  0|  71|          64|          64|
    |empty_fu_229_p2        |         -|   0|  0|  12|           4|           4|
    |icmp_ln23_fu_217_p2    |      icmp|   0|  0|  12|           4|           4|
    |select_ln30_fu_372_p3  |    select|   0|  0|  32|           1|          33|
    |ap_enable_pp0          |       xor|   0|  0|   2|           1|           2|
    +-----------------------+----------+----+---+----+------------+------------+
    |Total                  |          |   0|  0| 141|          78|         108|
    +-----------------------+----------+----+---+----+------------+------------+

    * Multiplexer: 
    +-------------------------+----+-----------+-----+-----------+
    |           Name          | LUT| Input Size| Bits| Total Bits|
    +-------------------------+----+-----------+-----+-----------+
    |ap_done_int              |   9|          2|    1|          2|
    |ap_enable_reg_pp0_iter1  |   9|          2|    1|          2|
    |ap_sig_allocacmp_i_1     |   9|          2|    4|          8|
    |i_fu_80                  |   9|          2|    4|          8|
    +-------------------------+----+-----------+-----+-----------+
    |Total                    |  36|          8|   10|         20|
    +-------------------------+----+-----------+-----+-----------+

    * Register: 
    +----------------------------------+----+----+-----+-----------+
    |               Name               | FF | LUT| Bits| Const Bits|
    +----------------------------------+----+----+-----+-----------+
    |ap_CS_fsm                         |   1|   0|    1|          0|
    |ap_done_reg                       |   1|   0|    1|          0|
    |ap_enable_reg_pp0_iter1           |   1|   0|    1|          0|
    |ap_enable_reg_pp0_iter2           |   1|   0|    1|          0|
    |ap_enable_reg_pp0_iter3           |   1|   0|    1|          0|
    |ap_enable_reg_pp0_iter4           |   1|   0|    1|          0|
    |ap_enable_reg_pp0_iter5           |   1|   0|    1|          0|
    |ap_enable_reg_pp0_iter6           |   1|   0|    1|          0|
    |ap_enable_reg_pp0_iter7           |   1|   0|    1|          0|
    |ap_loop_exit_ready_pp0_iter1_reg  |   1|   0|    1|          0|
    |ap_loop_exit_ready_pp0_iter2_reg  |   1|   0|    1|          0|
    |ap_loop_exit_ready_pp0_iter3_reg  |   1|   0|    1|          0|
    |ap_loop_exit_ready_pp0_iter4_reg  |   1|   0|    1|          0|
    |ap_loop_exit_ready_pp0_iter5_reg  |   1|   0|    1|          0|
    |ap_loop_exit_ready_pp0_iter6_reg  |   1|   0|    1|          0|
    |arr_1_addr_reg_491                |   2|   0|    2|          0|
    |arr_2_addr_reg_497                |   2|   0|    2|          0|
    |arr_addr_reg_485                  |   2|   0|    2|          0|
    |empty_28_reg_480                  |   1|   0|    1|          0|
    |i_1_reg_457                       |   4|   0|    4|          0|
    |i_fu_80                           |   4|   0|    4|          0|
    |trunc_ln3_reg_473                 |   2|   0|    2|          0|
    |zext_ln23_cast_reg_452            |  32|   0|   33|          1|
    |i_1_reg_457                       |  64|  32|    4|          0|
    |trunc_ln3_reg_473                 |  64|  32|    2|          0|
    +----------------------------------+----+----+-----+-----------+
    |Total                             | 192|  64|   71|          1|
    +----------------------------------+----+----+-----+-----------+



================================================================
== Interface
================================================================
* Summary: 
+------------------------+-----+-----+------------+--------------------------------------------------+--------------+
|        RTL Ports       | Dir | Bits|  Protocol  |                   Source Object                  |    C Type    |
+------------------------+-----+-----+------------+--------------------------------------------------+--------------+
|ap_clk                  |   in|    1|  ap_ctrl_hs|  fiat_25519_carry_square_Pipeline_VITIS_LOOP_23_1|  return value|
|ap_rst                  |   in|    1|  ap_ctrl_hs|  fiat_25519_carry_square_Pipeline_VITIS_LOOP_23_1|  return value|
|ap_start                |   in|    1|  ap_ctrl_hs|  fiat_25519_carry_square_Pipeline_VITIS_LOOP_23_1|  return value|
|ap_done                 |  out|    1|  ap_ctrl_hs|  fiat_25519_carry_square_Pipeline_VITIS_LOOP_23_1|  return value|
|ap_idle                 |  out|    1|  ap_ctrl_hs|  fiat_25519_carry_square_Pipeline_VITIS_LOOP_23_1|  return value|
|ap_ready                |  out|    1|  ap_ctrl_hs|  fiat_25519_carry_square_Pipeline_VITIS_LOOP_23_1|  return value|
|arg1_r_125_0212_reload  |   in|   32|     ap_none|                            arg1_r_125_0212_reload|        scalar|
|arg1_r_226_0213_reload  |   in|   32|     ap_none|                            arg1_r_226_0213_reload|        scalar|
|arg1_r_0_0211_reload    |   in|   32|     ap_none|                              arg1_r_0_0211_reload|        scalar|
|arg1_r_1_0_0215_reload  |   in|   32|     ap_none|                            arg1_r_1_0_0215_reload|        scalar|
|arg1_r_1_1_0216_reload  |   in|   32|     ap_none|                            arg1_r_1_1_0216_reload|        scalar|
|arg1_r_1_2_0217_reload  |   in|   32|     ap_none|                            arg1_r_1_2_0217_reload|        scalar|
|arg1_r_2_0_0218_reload  |   in|   32|     ap_none|                            arg1_r_2_0_0218_reload|        scalar|
|arg1_r_2_1_0219_reload  |   in|   32|     ap_none|                            arg1_r_2_1_0219_reload|        scalar|
|arg1_r_2_2_0220_reload  |   in|   32|     ap_none|                            arg1_r_2_2_0220_reload|        scalar|
|arr_address0            |  out|    2|   ap_memory|                                               arr|         array|
|arr_ce0                 |  out|    1|   ap_memory|                                               arr|         array|
|arr_we0                 |  out|    1|   ap_memory|                                               arr|         array|
|arr_d0                  |  out|   64|   ap_memory|                                               arr|         array|
|arr_address1            |  out|    2|   ap_memory|                                               arr|         array|
|arr_ce1                 |  out|    1|   ap_memory|                                               arr|         array|
|arr_q1                  |   in|   64|   ap_memory|                                               arr|         array|
|arr_1_address0          |  out|    2|   ap_memory|                                             arr_1|         array|
|arr_1_ce0               |  out|    1|   ap_memory|                                             arr_1|         array|
|arr_1_we0               |  out|    1|   ap_memory|                                             arr_1|         array|
|arr_1_d0                |  out|   64|   ap_memory|                                             arr_1|         array|
|arr_1_address1          |  out|    2|   ap_memory|                                             arr_1|         array|
|arr_1_ce1               |  out|    1|   ap_memory|                                             arr_1|         array|
|arr_1_q1                |   in|   64|   ap_memory|                                             arr_1|         array|
|arr_2_address0          |  out|    2|   ap_memory|                                             arr_2|         array|
|arr_2_ce0               |  out|    1|   ap_memory|                                             arr_2|         array|
|arr_2_we0               |  out|    1|   ap_memory|                                             arr_2|         array|
|arr_2_d0                |  out|   64|   ap_memory|                                             arr_2|         array|
|arr_2_address1          |  out|    2|   ap_memory|                                             arr_2|         array|
|arr_2_ce1               |  out|    1|   ap_memory|                                             arr_2|         array|
|arr_2_q1                |   in|   64|   ap_memory|                                             arr_2|         array|
|mul16                   |   in|   32|     ap_none|                                             mul16|        scalar|
|zext_ln23               |   in|   32|     ap_none|                                         zext_ln23|        scalar|
+------------------------+-----+-----+------------+--------------------------------------------------+--------------+

============================================================
+ Verbose Summary: Synthesis Manager
============================================================
InlineROM: 1
ExposeGlobal: 0
============================================================
+ Verbose Summary: CDFG Model
============================================================
IsTopModel: 0
ResetActiveHigh: 1
IsCombinational: 2
IsDatapathOnly: 2
HasWiredReturn: 1
HasMFsm: 2
HasVarLatency: 1
IsPipeline: 0
IsRtlPipelined: 0
IsInstanceOverlapped: 0
IsDontTouch: 0
HasImplIP: 0
IsGatedGlobalClock: 0

+ Individual pipeline summary: 
  * Pipeline-0: initiation interval (II) = 1, depth = 8


============================================================
+ Verbose Summary: Schedule
============================================================
* Number of FSM states : 8
* Pipeline : 1
  Pipeline-0 : II = 1, D = 8, States = { 1 2 3 4 5 6 7 8 }
* Dataflow Pipeline: 0

* FSM state transitions: 
1 --> 2 
2 --> 3 
3 --> 4 
4 --> 5 
5 --> 6 
6 --> 7 
7 --> 8 
8 --> 

* FSM state operations: 

State 1 <SV = 0> <Delay = 2.02>
ST_1 : Operation 11 [1/1] (0.00ns)   --->   "%i = alloca i32 1"   --->   Operation 11 'alloca' 'i' <Predicate = true> <Delay = 0.00>
ST_1 : Operation 12 [1/1] (0.00ns)   --->   "%zext_ln23_read = read i32 @_ssdm_op_Read.ap_auto.i32, i32 %zext_ln23"   --->   Operation 12 'read' 'zext_ln23_read' <Predicate = true> <Delay = 0.00>
ST_1 : Operation 13 [1/1] (0.00ns)   --->   "%mul16_read = read i32 @_ssdm_op_Read.ap_auto.i32, i32 %mul16"   --->   Operation 13 'read' 'mul16_read' <Predicate = true> <Delay = 0.00>
ST_1 : Operation 14 [1/1] (0.00ns)   --->   "%arg1_r_2_2_0220_reload_read = read i32 @_ssdm_op_Read.ap_auto.i32, i32 %arg1_r_2_2_0220_reload"   --->   Operation 14 'read' 'arg1_r_2_2_0220_reload_read' <Predicate = true> <Delay = 0.00>
ST_1 : Operation 15 [1/1] (0.00ns)   --->   "%arg1_r_2_1_0219_reload_read = read i32 @_ssdm_op_Read.ap_auto.i32, i32 %arg1_r_2_1_0219_reload"   --->   Operation 15 'read' 'arg1_r_2_1_0219_reload_read' <Predicate = true> <Delay = 0.00>
ST_1 : Operation 16 [1/1] (0.00ns)   --->   "%arg1_r_2_0_0218_reload_read = read i32 @_ssdm_op_Read.ap_auto.i32, i32 %arg1_r_2_0_0218_reload"   --->   Operation 16 'read' 'arg1_r_2_0_0218_reload_read' <Predicate = true> <Delay = 0.00>
ST_1 : Operation 17 [1/1] (0.00ns)   --->   "%arg1_r_1_2_0217_reload_read = read i32 @_ssdm_op_Read.ap_auto.i32, i32 %arg1_r_1_2_0217_reload"   --->   Operation 17 'read' 'arg1_r_1_2_0217_reload_read' <Predicate = true> <Delay = 0.00>
ST_1 : Operation 18 [1/1] (0.00ns)   --->   "%arg1_r_1_1_0216_reload_read = read i32 @_ssdm_op_Read.ap_auto.i32, i32 %arg1_r_1_1_0216_reload"   --->   Operation 18 'read' 'arg1_r_1_1_0216_reload_read' <Predicate = true> <Delay = 0.00>
ST_1 : Operation 19 [1/1] (0.00ns)   --->   "%arg1_r_1_0_0215_reload_read = read i32 @_ssdm_op_Read.ap_auto.i32, i32 %arg1_r_1_0_0215_reload"   --->   Operation 19 'read' 'arg1_r_1_0_0215_reload_read' <Predicate = true> <Delay = 0.00>
ST_1 : Operation 20 [1/1] (0.00ns)   --->   "%arg1_r_0_0211_reload_read = read i32 @_ssdm_op_Read.ap_auto.i32, i32 %arg1_r_0_0211_reload"   --->   Operation 20 'read' 'arg1_r_0_0211_reload_read' <Predicate = true> <Delay = 0.00>
ST_1 : Operation 21 [1/1] (0.00ns)   --->   "%arg1_r_226_0213_reload_read = read i32 @_ssdm_op_Read.ap_auto.i32, i32 %arg1_r_226_0213_reload"   --->   Operation 21 'read' 'arg1_r_226_0213_reload_read' <Predicate = true> <Delay = 0.00>
ST_1 : Operation 22 [1/1] (0.00ns)   --->   "%arg1_r_125_0212_reload_read = read i32 @_ssdm_op_Read.ap_auto.i32, i32 %arg1_r_125_0212_reload"   --->   Operation 22 'read' 'arg1_r_125_0212_reload_read' <Predicate = true> <Delay = 0.00>
ST_1 : Operation 23 [1/1] (0.00ns)   --->   "%zext_ln23_cast = zext i32 %zext_ln23_read"   --->   Operation 23 'zext' 'zext_ln23_cast' <Predicate = true> <Delay = 0.00>
ST_1 : Operation 24 [1/1] (0.42ns)   --->   "%store_ln0 = store i4 1, i4 %i"   --->   Operation 24 'store' 'store_ln0' <Predicate = true> <Delay = 0.42>
ST_1 : Operation 25 [1/1] (0.00ns)   --->   "%br_ln0 = br void %for.inc25"   --->   Operation 25 'br' 'br_ln0' <Predicate = true> <Delay = 0.00>
ST_1 : Operation 26 [1/1] (0.00ns)   --->   "%i_1 = load i4 %i"   --->   Operation 26 'load' 'i_1' <Predicate = true> <Delay = 0.00>
ST_1 : Operation 27 [1/1] (0.79ns)   --->   "%icmp_ln23 = icmp_eq  i4 %i_1, i4 9" [d3.cpp:23]   --->   Operation 27 'icmp' 'icmp_ln23' <Predicate = true> <Delay = 0.79> <CoreInst = "Cmp">   --->   Core 9 'Cmp' <Latency = 0> <II = 1> <Delay = 0.79> <FuncUnit> <Opcode : 'icmp'> <InPorts = 2> <OutPorts = 1>
ST_1 : Operation 28 [1/1] (0.00ns)   --->   "%br_ln23 = br i1 %icmp_ln23, void %for.inc25.split, void %VITIS_LOOP_34_3.exitStub" [d3.cpp:23]   --->   Operation 28 'br' 'br_ln23' <Predicate = true> <Delay = 0.00>
ST_1 : Operation 29 [8/8] (0.78ns)   --->   "%urem_ln22 = urem i4 %i_1, i4 3" [d3.cpp:22]   --->   Operation 29 'urem' 'urem_ln22' <Predicate = (!icmp_ln23)> <Delay = 0.78> <CoreInst = "Divider">   --->   Core 6 'Divider' <Latency = 7> <II = 1> <Delay = 0.78> <FuncUnit> <Opcode : 'sdiv' 'srem' 'udiv' 'urem'> <InPorts = 2> <OutPorts = 1>
ST_1 : Operation 30 [1/1] (0.79ns)   --->   "%empty = sub i4 9, i4 %i_1"   --->   Operation 30 'sub' 'empty' <Predicate = (!icmp_ln23)> <Delay = 0.79> <CoreInst = "Adder">   --->   Core 1 'Adder' <Latency = 0> <II = 1> <Delay = 0.79> <FuncUnit> <Opcode : 'add' 'sub'> <InPorts = 2> <OutPorts = 1>
ST_1 : Operation 31 [1/1] (0.00ns)   --->   "%zext_ln26 = zext i4 %empty" [d3.cpp:26]   --->   Operation 31 'zext' 'zext_ln26' <Predicate = (!icmp_ln23)> <Delay = 0.00>
ST_1 : Operation 32 [1/1] (1.23ns)   --->   "%mul_ln26 = mul i9 %zext_ln26, i9 22" [d3.cpp:26]   --->   Operation 32 'mul' 'mul_ln26' <Predicate = (!icmp_ln23)> <Delay = 1.23> <CoreInst = "Multiplier">   --->   Core 3 'Multiplier' <Latency = 0> <II = 1> <Delay = 1.23> <FuncUnit> <Opcode : 'mul'> <InPorts = 2> <OutPorts = 1>
ST_1 : Operation 33 [8/8] (0.78ns)   --->   "%urem_ln26 = urem i4 %empty, i4 3" [d3.cpp:26]   --->   Operation 33 'urem' 'urem_ln26' <Predicate = (!icmp_ln23)> <Delay = 0.78> <CoreInst = "Divider">   --->   Core 6 'Divider' <Latency = 7> <II = 1> <Delay = 0.78> <FuncUnit> <Opcode : 'sdiv' 'srem' 'udiv' 'urem'> <InPorts = 2> <OutPorts = 1>
ST_1 : Operation 34 [1/1] (0.00ns)   --->   "%trunc_ln3 = partselect i2 @_ssdm_op_PartSelect.i2.i9.i32.i32, i9 %mul_ln26, i32 6, i32 7" [d3.cpp:30]   --->   Operation 34 'partselect' 'trunc_ln3' <Predicate = (!icmp_ln23)> <Delay = 0.00>
ST_1 : Operation 35 [1/1] (0.79ns)   --->   "%add_ln23 = add i4 %i_1, i4 1" [d3.cpp:23]   --->   Operation 35 'add' 'add_ln23' <Predicate = (!icmp_ln23)> <Delay = 0.79> <CoreInst = "Adder">   --->   Core 1 'Adder' <Latency = 0> <II = 1> <Delay = 0.79> <FuncUnit> <Opcode : 'add' 'sub'> <InPorts = 2> <OutPorts = 1>
ST_1 : Operation 36 [1/1] (0.42ns)   --->   "%store_ln23 = store i4 %add_ln23, i4 %i" [d3.cpp:23]   --->   Operation 36 'store' 'store_ln23' <Predicate = (!icmp_ln23)> <Delay = 0.42>
ST_1 : Operation 37 [1/1] (0.00ns)   --->   "%br_ln23 = br void %for.inc25" [d3.cpp:23]   --->   Operation 37 'br' 'br_ln23' <Predicate = (!icmp_ln23)> <Delay = 0.00>

State 2 <SV = 1> <Delay = 0.78>
ST_2 : Operation 38 [7/8] (0.78ns)   --->   "%urem_ln22 = urem i4 %i_1, i4 3" [d3.cpp:22]   --->   Operation 38 'urem' 'urem_ln22' <Predicate = true> <Delay = 0.78> <CoreInst = "Divider">   --->   Core 6 'Divider' <Latency = 7> <II = 1> <Delay = 0.78> <FuncUnit> <Opcode : 'sdiv' 'srem' 'udiv' 'urem'> <InPorts = 2> <OutPorts = 1>
ST_2 : Operation 39 [7/8] (0.78ns)   --->   "%urem_ln26 = urem i4 %empty, i4 3" [d3.cpp:26]   --->   Operation 39 'urem' 'urem_ln26' <Predicate = true> <Delay = 0.78> <CoreInst = "Divider">   --->   Core 6 'Divider' <Latency = 7> <II = 1> <Delay = 0.78> <FuncUnit> <Opcode : 'sdiv' 'srem' 'udiv' 'urem'> <InPorts = 2> <OutPorts = 1>

State 3 <SV = 2> <Delay = 0.78>
ST_3 : Operation 40 [6/8] (0.78ns)   --->   "%urem_ln22 = urem i4 %i_1, i4 3" [d3.cpp:22]   --->   Operation 40 'urem' 'urem_ln22' <Predicate = true> <Delay = 0.78> <CoreInst = "Divider">   --->   Core 6 'Divider' <Latency = 7> <II = 1> <Delay = 0.78> <FuncUnit> <Opcode : 'sdiv' 'srem' 'udiv' 'urem'> <InPorts = 2> <OutPorts = 1>
ST_3 : Operation 41 [6/8] (0.78ns)   --->   "%urem_ln26 = urem i4 %empty, i4 3" [d3.cpp:26]   --->   Operation 41 'urem' 'urem_ln26' <Predicate = true> <Delay = 0.78> <CoreInst = "Divider">   --->   Core 6 'Divider' <Latency = 7> <II = 1> <Delay = 0.78> <FuncUnit> <Opcode : 'sdiv' 'srem' 'udiv' 'urem'> <InPorts = 2> <OutPorts = 1>

State 4 <SV = 3> <Delay = 0.78>
ST_4 : Operation 42 [5/8] (0.78ns)   --->   "%urem_ln22 = urem i4 %i_1, i4 3" [d3.cpp:22]   --->   Operation 42 'urem' 'urem_ln22' <Predicate = true> <Delay = 0.78> <CoreInst = "Divider">   --->   Core 6 'Divider' <Latency = 7> <II = 1> <Delay = 0.78> <FuncUnit> <Opcode : 'sdiv' 'srem' 'udiv' 'urem'> <InPorts = 2> <OutPorts = 1>
ST_4 : Operation 43 [5/8] (0.78ns)   --->   "%urem_ln26 = urem i4 %empty, i4 3" [d3.cpp:26]   --->   Operation 43 'urem' 'urem_ln26' <Predicate = true> <Delay = 0.78> <CoreInst = "Divider">   --->   Core 6 'Divider' <Latency = 7> <II = 1> <Delay = 0.78> <FuncUnit> <Opcode : 'sdiv' 'srem' 'udiv' 'urem'> <InPorts = 2> <OutPorts = 1>

State 5 <SV = 4> <Delay = 0.78>
ST_5 : Operation 44 [4/8] (0.78ns)   --->   "%urem_ln22 = urem i4 %i_1, i4 3" [d3.cpp:22]   --->   Operation 44 'urem' 'urem_ln22' <Predicate = true> <Delay = 0.78> <CoreInst = "Divider">   --->   Core 6 'Divider' <Latency = 7> <II = 1> <Delay = 0.78> <FuncUnit> <Opcode : 'sdiv' 'srem' 'udiv' 'urem'> <InPorts = 2> <OutPorts = 1>
ST_5 : Operation 45 [4/8] (0.78ns)   --->   "%urem_ln26 = urem i4 %empty, i4 3" [d3.cpp:26]   --->   Operation 45 'urem' 'urem_ln26' <Predicate = true> <Delay = 0.78> <CoreInst = "Divider">   --->   Core 6 'Divider' <Latency = 7> <II = 1> <Delay = 0.78> <FuncUnit> <Opcode : 'sdiv' 'srem' 'udiv' 'urem'> <InPorts = 2> <OutPorts = 1>

State 6 <SV = 5> <Delay = 0.78>
ST_6 : Operation 46 [3/8] (0.78ns)   --->   "%urem_ln22 = urem i4 %i_1, i4 3" [d3.cpp:22]   --->   Operation 46 'urem' 'urem_ln22' <Predicate = true> <Delay = 0.78> <CoreInst = "Divider">   --->   Core 6 'Divider' <Latency = 7> <II = 1> <Delay = 0.78> <FuncUnit> <Opcode : 'sdiv' 'srem' 'udiv' 'urem'> <InPorts = 2> <OutPorts = 1>
ST_6 : Operation 47 [3/8] (0.78ns)   --->   "%urem_ln26 = urem i4 %empty, i4 3" [d3.cpp:26]   --->   Operation 47 'urem' 'urem_ln26' <Predicate = true> <Delay = 0.78> <CoreInst = "Divider">   --->   Core 6 'Divider' <Latency = 7> <II = 1> <Delay = 0.78> <FuncUnit> <Opcode : 'sdiv' 'srem' 'udiv' 'urem'> <InPorts = 2> <OutPorts = 1>

State 7 <SV = 6> <Delay = 1.90>
ST_7 : Operation 48 [1/1] (0.00ns)   --->   "%zext_ln22_1 = zext i4 %i_1" [d3.cpp:22]   --->   Operation 48 'zext' 'zext_ln22_1' <Predicate = true> <Delay = 0.00>
ST_7 : Operation 49 [1/1] (1.23ns)   --->   "%mul_ln22 = mul i9 %zext_ln22_1, i9 22" [d3.cpp:22]   --->   Operation 49 'mul' 'mul_ln22' <Predicate = true> <Delay = 1.23> <CoreInst = "Multiplier">   --->   Core 3 'Multiplier' <Latency = 0> <II = 1> <Delay = 1.23> <FuncUnit> <Opcode : 'mul'> <InPorts = 2> <OutPorts = 1>
ST_7 : Operation 50 [1/1] (0.00ns)   --->   "%tmp_2 = partselect i3 @_ssdm_op_PartSelect.i3.i9.i32.i32, i9 %mul_ln22, i32 6, i32 8" [d3.cpp:22]   --->   Operation 50 'partselect' 'tmp_2' <Predicate = true> <Delay = 0.00>
ST_7 : Operation 51 [1/1] (0.00ns)   --->   "%zext_ln22 = zext i3 %tmp_2" [d3.cpp:22]   --->   Operation 51 'zext' 'zext_ln22' <Predicate = true> <Delay = 0.00>
ST_7 : Operation 52 [2/8] (0.78ns)   --->   "%urem_ln22 = urem i4 %i_1, i4 3" [d3.cpp:22]   --->   Operation 52 'urem' 'urem_ln22' <Predicate = true> <Delay = 0.78> <CoreInst = "Divider">   --->   Core 6 'Divider' <Latency = 7> <II = 1> <Delay = 0.78> <FuncUnit> <Opcode : 'sdiv' 'srem' 'udiv' 'urem'> <InPorts = 2> <OutPorts = 1>
ST_7 : Operation 53 [2/8] (0.78ns)   --->   "%urem_ln26 = urem i4 %empty, i4 3" [d3.cpp:26]   --->   Operation 53 'urem' 'urem_ln26' <Predicate = true> <Delay = 0.78> <CoreInst = "Divider">   --->   Core 6 'Divider' <Latency = 7> <II = 1> <Delay = 0.78> <FuncUnit> <Opcode : 'sdiv' 'srem' 'udiv' 'urem'> <InPorts = 2> <OutPorts = 1>
ST_7 : Operation 54 [1/1] (0.00ns)   --->   "%empty_28 = trunc i4 %i_1"   --->   Operation 54 'trunc' 'empty_28' <Predicate = true> <Delay = 0.00>
ST_7 : Operation 55 [1/1] (0.00ns)   --->   "%arr_addr = getelementptr i64 %arr, i64 0, i64 %zext_ln22" [d3.cpp:30]   --->   Operation 55 'getelementptr' 'arr_addr' <Predicate = true> <Delay = 0.00>
ST_7 : Operation 56 [1/1] (0.00ns)   --->   "%arr_1_addr = getelementptr i64 %arr_1, i64 0, i64 %zext_ln22" [d3.cpp:30]   --->   Operation 56 'getelementptr' 'arr_1_addr' <Predicate = true> <Delay = 0.00>
ST_7 : Operation 57 [1/1] (0.00ns)   --->   "%arr_2_addr = getelementptr i64 %arr_2, i64 0, i64 %zext_ln22" [d3.cpp:30]   --->   Operation 57 'getelementptr' 'arr_2_addr' <Predicate = true> <Delay = 0.00>
ST_7 : Operation 58 [2/2] (0.67ns)   --->   "%arr_load = load i2 %arr_addr" [d3.cpp:30]   --->   Operation 58 'load' 'arr_load' <Predicate = true> <Delay = 0.67> <CoreInst = "RAM">   --->   Core 83 'RAM' <Latency = 1> <II = 1> <Delay = 0.67> <Storage> <Opcode : 'load' 'store'> <Ports = 2> <Width = 64> <Depth = 4> <RAM>
ST_7 : Operation 59 [2/2] (0.67ns)   --->   "%arr_1_load = load i2 %arr_1_addr" [d3.cpp:30]   --->   Operation 59 'load' 'arr_1_load' <Predicate = true> <Delay = 0.67> <CoreInst = "RAM">   --->   Core 83 'RAM' <Latency = 1> <II = 1> <Delay = 0.67> <Storage> <Opcode : 'load' 'store'> <Ports = 2> <Width = 64> <Depth = 4> <RAM>
ST_7 : Operation 60 [2/2] (0.67ns)   --->   "%arr_2_load = load i2 %arr_2_addr" [d3.cpp:30]   --->   Operation 60 'load' 'arr_2_load' <Predicate = true> <Delay = 0.67> <CoreInst = "RAM">   --->   Core 83 'RAM' <Latency = 1> <II = 1> <Delay = 0.67> <Storage> <Opcode : 'load' 'store'> <Ports = 2> <Width = 64> <Depth = 4> <RAM>
ST_7 : Operation 89 [1/1] (0.00ns)   --->   "%ret_ln0 = ret"   --->   Operation 89 'ret' 'ret_ln0' <Predicate = (icmp_ln23)> <Delay = 0.00>

State 8 <SV = 7> <Delay = 6.44>
ST_8 : Operation 61 [1/1] (0.00ns)   --->   "%specpipeline_ln25 = specpipeline void @_ssdm_op_SpecPipeline, i32 1, i32 0, i32 0, i32 0, void @empty_3" [d3.cpp:25]   --->   Operation 61 'specpipeline' 'specpipeline_ln25' <Predicate = true> <Delay = 0.00>
ST_8 : Operation 62 [1/1] (0.00ns)   --->   "%speclooptripcount_ln22 = speclooptripcount void @_ssdm_op_SpecLoopTripCount, i64 8, i64 8, i64 8" [d3.cpp:22]   --->   Operation 62 'speclooptripcount' 'speclooptripcount_ln22' <Predicate = true> <Delay = 0.00>
ST_8 : Operation 63 [1/1] (0.00ns)   --->   "%specloopname_ln23 = specloopname void @_ssdm_op_SpecLoopName, void @empty_8" [d3.cpp:23]   --->   Operation 63 'specloopname' 'specloopname_ln23' <Predicate = true> <Delay = 0.00>
ST_8 : Operation 64 [1/8] (0.78ns)   --->   "%urem_ln22 = urem i4 %i_1, i4 3" [d3.cpp:22]   --->   Operation 64 'urem' 'urem_ln22' <Predicate = true> <Delay = 0.78> <CoreInst = "Divider">   --->   Core 6 'Divider' <Latency = 7> <II = 1> <Delay = 0.78> <FuncUnit> <Opcode : 'sdiv' 'srem' 'udiv' 'urem'> <InPorts = 2> <OutPorts = 1>
ST_8 : Operation 65 [1/1] (0.00ns)   --->   "%trunc_ln22 = trunc i2 %urem_ln22" [d3.cpp:22]   --->   Operation 65 'trunc' 'trunc_ln22' <Predicate = true> <Delay = 0.00>
ST_8 : Operation 66 [1/8] (0.78ns)   --->   "%urem_ln26 = urem i4 %empty, i4 3" [d3.cpp:26]   --->   Operation 66 'urem' 'urem_ln26' <Predicate = true> <Delay = 0.78> <CoreInst = "Divider">   --->   Core 6 'Divider' <Latency = 7> <II = 1> <Delay = 0.78> <FuncUnit> <Opcode : 'sdiv' 'srem' 'udiv' 'urem'> <InPorts = 2> <OutPorts = 1>
ST_8 : Operation 67 [1/1] (0.00ns)   --->   "%empty_27 = trunc i2 %urem_ln26" [d3.cpp:26]   --->   Operation 67 'trunc' 'empty_27' <Predicate = true> <Delay = 0.00>
ST_8 : Operation 68 [1/1] (0.52ns)   --->   "%phi_ln = mux i32 @_ssdm_op_Mux.ap_auto.4i32.i2, i32 %arg1_r_0_0211_reload_read, i32 %arg1_r_125_0212_reload_read, i32 %arg1_r_226_0213_reload_read, i32 %arg1_r_226_0213_reload_read, i2 %trunc_ln3" [d3.cpp:30]   --->   Operation 68 'mux' 'phi_ln' <Predicate = true> <Delay = 0.52> <CoreInst = "Multiplexer">   --->   Core 76 'Multiplexer' <Latency = 0> <II = 1> <Delay = 0.52> <FuncUnit> <Opcode : 'mux'> <InPorts = 2> <OutPorts = 1>
ST_8 : Operation 69 [1/1] (0.52ns)   --->   "%phi_ln30_1 = mux i32 @_ssdm_op_Mux.ap_auto.4i32.i2, i32 %arg1_r_1_0_0215_reload_read, i32 %arg1_r_1_1_0216_reload_read, i32 %arg1_r_1_2_0217_reload_read, i32 %arg1_r_1_2_0217_reload_read, i2 %trunc_ln3" [d3.cpp:30]   --->   Operation 69 'mux' 'phi_ln30_1' <Predicate = true> <Delay = 0.52> <CoreInst = "Multiplexer">   --->   Core 76 'Multiplexer' <Latency = 0> <II = 1> <Delay = 0.52> <FuncUnit> <Opcode : 'mux'> <InPorts = 2> <OutPorts = 1>
ST_8 : Operation 70 [1/1] (0.52ns)   --->   "%phi_ln30_2 = mux i32 @_ssdm_op_Mux.ap_auto.4i32.i2, i32 %arg1_r_2_0_0218_reload_read, i32 %arg1_r_2_1_0219_reload_read, i32 %arg1_r_2_2_0220_reload_read, i32 %arg1_r_2_2_0220_reload_read, i2 %trunc_ln3" [d3.cpp:30]   --->   Operation 70 'mux' 'phi_ln30_2' <Predicate = true> <Delay = 0.52> <CoreInst = "Multiplexer">   --->   Core 76 'Multiplexer' <Latency = 0> <II = 1> <Delay = 0.52> <FuncUnit> <Opcode : 'mux'> <InPorts = 2> <OutPorts = 1>
ST_8 : Operation 71 [1/1] (0.47ns)   --->   "%tmp = mux i32 @_ssdm_op_Mux.ap_auto.3i32.i2, i32 %phi_ln, i32 %phi_ln30_1, i32 %phi_ln30_2, i2 %empty_27" [d3.cpp:30]   --->   Operation 71 'mux' 'tmp' <Predicate = true> <Delay = 0.47> <CoreInst = "Multiplexer">   --->   Core 76 'Multiplexer' <Latency = 0> <II = 1> <Delay = 0.47> <FuncUnit> <Opcode : 'mux'> <InPorts = 2> <OutPorts = 1>
ST_8 : Operation 72 [1/1] (0.00ns)   --->   "%zext_ln30 = zext i32 %tmp" [d3.cpp:30]   --->   Operation 72 'zext' 'zext_ln30' <Predicate = true> <Delay = 0.00>
ST_8 : Operation 73 [1/2] (0.67ns)   --->   "%arr_load = load i2 %arr_addr" [d3.cpp:30]   --->   Operation 73 'load' 'arr_load' <Predicate = true> <Delay = 0.67> <CoreInst = "RAM">   --->   Core 83 'RAM' <Latency = 1> <II = 1> <Delay = 0.67> <Storage> <Opcode : 'load' 'store'> <Ports = 2> <Width = 64> <Depth = 4> <RAM>
ST_8 : Operation 74 [1/2] (0.67ns)   --->   "%arr_1_load = load i2 %arr_1_addr" [d3.cpp:30]   --->   Operation 74 'load' 'arr_1_load' <Predicate = true> <Delay = 0.67> <CoreInst = "RAM">   --->   Core 83 'RAM' <Latency = 1> <II = 1> <Delay = 0.67> <Storage> <Opcode : 'load' 'store'> <Ports = 2> <Width = 64> <Depth = 4> <RAM>
ST_8 : Operation 75 [1/2] (0.67ns)   --->   "%arr_2_load = load i2 %arr_2_addr" [d3.cpp:30]   --->   Operation 75 'load' 'arr_2_load' <Predicate = true> <Delay = 0.67> <CoreInst = "RAM">   --->   Core 83 'RAM' <Latency = 1> <II = 1> <Delay = 0.67> <Storage> <Opcode : 'load' 'store'> <Ports = 2> <Width = 64> <Depth = 4> <RAM>
ST_8 : Operation 76 [1/1] (0.47ns)   --->   "%tmp_1 = mux i64 @_ssdm_op_Mux.ap_auto.3i64.i2, i64 %arr_load, i64 %arr_1_load, i64 %arr_2_load, i2 %trunc_ln22" [d3.cpp:30]   --->   Operation 76 'mux' 'tmp_1' <Predicate = true> <Delay = 0.47> <CoreInst = "Multiplexer">   --->   Core 76 'Multiplexer' <Latency = 0> <II = 1> <Delay = 0.47> <FuncUnit> <Opcode : 'mux'> <InPorts = 2> <OutPorts = 1>
ST_8 : Operation 77 [1/1] (0.00ns)   --->   "%shl_ln4 = bitconcatenate i33 @_ssdm_op_BitConcatenate.i33.i32.i1, i32 %mul16_read, i1 0" [d3.cpp:30]   --->   Operation 77 'bitconcatenate' 'shl_ln4' <Predicate = (!empty_28)> <Delay = 0.00>
ST_8 : Operation 78 [1/1] (0.43ns)   --->   "%select_ln30 = select i1 %empty_28, i33 %zext_ln23_cast, i33 %shl_ln4" [d3.cpp:30]   --->   Operation 78 'select' 'select_ln30' <Predicate = true> <Delay = 0.43> <CoreInst = "Sel">   --->   Core 73 'Sel' <Latency = 0> <II = 1> <Delay = 0.43> <FuncUnit> <Opcode : 'select'> <InPorts = 3> <OutPorts = 1>
ST_8 : Operation 79 [1/1] (0.00ns)   --->   "%zext_ln30_1 = zext i33 %select_ln30" [d3.cpp:30]   --->   Operation 79 'zext' 'zext_ln30_1' <Predicate = true> <Delay = 0.00>
ST_8 : Operation 80 [1/1] (3.41ns)   --->   "%mul_ln30 = mul i64 %zext_ln30_1, i64 %zext_ln30" [d3.cpp:30]   --->   Operation 80 'mul' 'mul_ln30' <Predicate = true> <Delay = 3.41> <CoreInst = "Multiplier">   --->   Core 3 'Multiplier' <Latency = 0> <II = 1> <Delay = 3.41> <FuncUnit> <Opcode : 'mul'> <InPorts = 2> <OutPorts = 1>
ST_8 : Operation 81 [1/1] (1.08ns)   --->   "%add_ln30 = add i64 %tmp_1, i64 %mul_ln30" [d3.cpp:30]   --->   Operation 81 'add' 'add_ln30' <Predicate = true> <Delay = 1.08> <CoreInst = "Adder">   --->   Core 1 'Adder' <Latency = 0> <II = 1> <Delay = 1.08> <FuncUnit> <Opcode : 'add' 'sub'> <InPorts = 2> <OutPorts = 1>
ST_8 : Operation 82 [1/1] (0.73ns)   --->   "%switch_ln30 = switch i2 %trunc_ln22, void %arrayidx23.case.2, i2 0, void %arrayidx23.case.0, i2 1, void %arrayidx23.case.1" [d3.cpp:30]   --->   Operation 82 'switch' 'switch_ln30' <Predicate = true> <Delay = 0.73>
ST_8 : Operation 83 [1/1] (0.67ns)   --->   "%store_ln30 = store i64 %add_ln30, i2 %arr_1_addr" [d3.cpp:30]   --->   Operation 83 'store' 'store_ln30' <Predicate = (trunc_ln22 == 1)> <Delay = 0.67> <CoreInst = "RAM">   --->   Core 83 'RAM' <Latency = 1> <II = 1> <Delay = 0.67> <Storage> <Opcode : 'load' 'store'> <Ports = 2> <Width = 64> <Depth = 4> <RAM>
ST_8 : Operation 84 [1/1] (0.00ns)   --->   "%br_ln30 = br void %arrayidx23.exit" [d3.cpp:30]   --->   Operation 84 'br' 'br_ln30' <Predicate = (trunc_ln22 == 1)> <Delay = 0.00>
ST_8 : Operation 85 [1/1] (0.67ns)   --->   "%store_ln30 = store i64 %add_ln30, i2 %arr_addr" [d3.cpp:30]   --->   Operation 85 'store' 'store_ln30' <Predicate = (trunc_ln22 == 0)> <Delay = 0.67> <CoreInst = "RAM">   --->   Core 83 'RAM' <Latency = 1> <II = 1> <Delay = 0.67> <Storage> <Opcode : 'load' 'store'> <Ports = 2> <Width = 64> <Depth = 4> <RAM>
ST_8 : Operation 86 [1/1] (0.00ns)   --->   "%br_ln30 = br void %arrayidx23.exit" [d3.cpp:30]   --->   Operation 86 'br' 'br_ln30' <Predicate = (trunc_ln22 == 0)> <Delay = 0.00>
ST_8 : Operation 87 [1/1] (0.67ns)   --->   "%store_ln30 = store i64 %add_ln30, i2 %arr_2_addr" [d3.cpp:30]   --->   Operation 87 'store' 'store_ln30' <Predicate = (trunc_ln22 != 0 & trunc_ln22 != 1)> <Delay = 0.67> <CoreInst = "RAM">   --->   Core 83 'RAM' <Latency = 1> <II = 1> <Delay = 0.67> <Storage> <Opcode : 'load' 'store'> <Ports = 2> <Width = 64> <Depth = 4> <RAM>
ST_8 : Operation 88 [1/1] (0.00ns)   --->   "%br_ln30 = br void %arrayidx23.exit" [d3.cpp:30]   --->   Operation 88 'br' 'br_ln30' <Predicate = (trunc_ln22 != 0 & trunc_ln22 != 1)> <Delay = 0.00>


============================================================
+ Verbose Summary: Binding
============================================================
STG Binding: 
---------------- STG Properties BEGIN ----------------
- Is combinational: 0
- Is one-state seq: 0
- Is datapath-only: 0
- Is pipelined: 0
- Is top level: 0
Port [ Return ] is wired: 1; IO mode=ap_ctrl_hs:ce=0
Port [ arg1_r_125_0212_reload]:  wired=1; compound=0; hidden=0; nouse=0; global=0; static=0; extern=0; dir=0; type=0; pingpong=0; private_global=0; IO mode=ap_none:ce=0
Port [ arg1_r_226_0213_reload]:  wired=1; compound=0; hidden=0; nouse=0; global=0; static=0; extern=0; dir=0; type=0; pingpong=0; private_global=0; IO mode=ap_none:ce=0
Port [ arg1_r_0_0211_reload]:  wired=1; compound=0; hidden=0; nouse=0; global=0; static=0; extern=0; dir=0; type=0; pingpong=0; private_global=0; IO mode=ap_none:ce=0
Port [ arg1_r_1_0_0215_reload]:  wired=1; compound=0; hidden=0; nouse=0; global=0; static=0; extern=0; dir=0; type=0; pingpong=0; private_global=0; IO mode=ap_none:ce=0
Port [ arg1_r_1_1_0216_reload]:  wired=1; compound=0; hidden=0; nouse=0; global=0; static=0; extern=0; dir=0; type=0; pingpong=0; private_global=0; IO mode=ap_none:ce=0
Port [ arg1_r_1_2_0217_reload]:  wired=1; compound=0; hidden=0; nouse=0; global=0; static=0; extern=0; dir=0; type=0; pingpong=0; private_global=0; IO mode=ap_none:ce=0
Port [ arg1_r_2_0_0218_reload]:  wired=1; compound=0; hidden=0; nouse=0; global=0; static=0; extern=0; dir=0; type=0; pingpong=0; private_global=0; IO mode=ap_none:ce=0
Port [ arg1_r_2_1_0219_reload]:  wired=1; compound=0; hidden=0; nouse=0; global=0; static=0; extern=0; dir=0; type=0; pingpong=0; private_global=0; IO mode=ap_none:ce=0
Port [ arg1_r_2_2_0220_reload]:  wired=1; compound=0; hidden=0; nouse=0; global=0; static=0; extern=0; dir=0; type=0; pingpong=0; private_global=0; IO mode=ap_none:ce=0
Port [ arr]:  wired=1; compound=1; hidden=0; nouse=0; global=0; static=0; extern=0; dir=2; type=1; pingpong=0; private_global=0; MemPort=[01]; IO mode=ap_memory:ce=0
Port [ arr_1]:  wired=1; compound=1; hidden=0; nouse=0; global=0; static=0; extern=0; dir=2; type=1; pingpong=0; private_global=0; MemPort=[01]; IO mode=ap_memory:ce=0
Port [ arr_2]:  wired=1; compound=1; hidden=0; nouse=0; global=0; static=0; extern=0; dir=2; type=1; pingpong=0; private_global=0; MemPort=[01]; IO mode=ap_memory:ce=0
Port [ mul16]:  wired=1; compound=0; hidden=0; nouse=0; global=0; static=0; extern=0; dir=0; type=0; pingpong=0; private_global=0; IO mode=ap_none:ce=0
Port [ zext_ln23]:  wired=1; compound=0; hidden=0; nouse=0; global=0; static=0; extern=0; dir=0; type=0; pingpong=0; private_global=0; IO mode=ap_none:ce=0
---------------- STG Properties END ------------------

---------------- Datapath Model BEGIN ----------------

<LifeTime>
<method=bitvector/>
i                           (alloca           ) [ 010000000]
zext_ln23_read              (read             ) [ 000000000]
mul16_read                  (read             ) [ 011111111]
arg1_r_2_2_0220_reload_read (read             ) [ 011111111]
arg1_r_2_1_0219_reload_read (read             ) [ 011111111]
arg1_r_2_0_0218_reload_read (read             ) [ 011111111]
arg1_r_1_2_0217_reload_read (read             ) [ 011111111]
arg1_r_1_1_0216_reload_read (read             ) [ 011111111]
arg1_r_1_0_0215_reload_read (read             ) [ 011111111]
arg1_r_0_0211_reload_read   (read             ) [ 011111111]
arg1_r_226_0213_reload_read (read             ) [ 011111111]
arg1_r_125_0212_reload_read (read             ) [ 011111111]
zext_ln23_cast              (zext             ) [ 011111111]
store_ln0                   (store            ) [ 000000000]
br_ln0                      (br               ) [ 000000000]
i_1                         (load             ) [ 011111111]
icmp_ln23                   (icmp             ) [ 011111110]
br_ln23                     (br               ) [ 000000000]
empty                       (sub              ) [ 011111111]
zext_ln26                   (zext             ) [ 000000000]
mul_ln26                    (mul              ) [ 000000000]
trunc_ln3                   (partselect       ) [ 011111111]
add_ln23                    (add              ) [ 000000000]
store_ln23                  (store            ) [ 000000000]
br_ln23                     (br               ) [ 000000000]
zext_ln22_1                 (zext             ) [ 000000000]
mul_ln22                    (mul              ) [ 000000000]
tmp_2                       (partselect       ) [ 000000000]
zext_ln22                   (zext             ) [ 000000000]
empty_28                    (trunc            ) [ 010000001]
arr_addr                    (getelementptr    ) [ 010000001]
arr_1_addr                  (getelementptr    ) [ 010000001]
arr_2_addr                  (getelementptr    ) [ 010000001]
specpipeline_ln25           (specpipeline     ) [ 000000000]
speclooptripcount_ln22      (speclooptripcount) [ 000000000]
specloopname_ln23           (specloopname     ) [ 000000000]
urem_ln22                   (urem             ) [ 000000000]
trunc_ln22                  (trunc            ) [ 010000001]
urem_ln26                   (urem             ) [ 000000000]
empty_27                    (trunc            ) [ 000000000]
phi_ln                      (mux              ) [ 000000000]
phi_ln30_1                  (mux              ) [ 000000000]
phi_ln30_2                  (mux              ) [ 000000000]
tmp                         (mux              ) [ 000000000]
zext_ln30                   (zext             ) [ 000000000]
arr_load                    (load             ) [ 000000000]
arr_1_load                  (load             ) [ 000000000]
arr_2_load                  (load             ) [ 000000000]
tmp_1                       (mux              ) [ 000000000]
shl_ln4                     (bitconcatenate   ) [ 000000000]
select_ln30                 (select           ) [ 000000000]
zext_ln30_1                 (zext             ) [ 000000000]
mul_ln30                    (mul              ) [ 000000000]
add_ln30                    (add              ) [ 000000000]
switch_ln30                 (switch           ) [ 000000000]
store_ln30                  (store            ) [ 000000000]
br_ln30                     (br               ) [ 000000000]
store_ln30                  (store            ) [ 000000000]
br_ln30                     (br               ) [ 000000000]
store_ln30                  (store            ) [ 000000000]
br_ln30                     (br               ) [ 000000000]
ret_ln0                     (ret              ) [ 000000000]
</LifeTime>

<model>

<comp_list>
<comp id="0" class="1000" name="arg1_r_125_0212_reload">
<pin_list>
<pin id="1" dir="1" index="0" bw="1" slack="0"/>
</pin_list>
<bind>
<StgValue><ssdm name="arg1_r_125_0212_reload"/></StgValue>
</bind>
</comp>

<comp id="2" class="1000" name="arg1_r_226_0213_reload">
<pin_list>
<pin id="3" dir="1" index="0" bw="1" slack="0"/>
</pin_list>
<bind>
<StgValue><ssdm name="arg1_r_226_0213_reload"/></StgValue>
</bind>
</comp>

<comp id="4" class="1000" name="arg1_r_0_0211_reload">
<pin_list>
<pin id="5" dir="1" index="0" bw="1" slack="0"/>
</pin_list>
<bind>
<StgValue><ssdm name="arg1_r_0_0211_reload"/></StgValue>
</bind>
</comp>

<comp id="6" class="1000" name="arg1_r_1_0_0215_reload">
<pin_list>
<pin id="7" dir="1" index="0" bw="1" slack="0"/>
</pin_list>
<bind>
<StgValue><ssdm name="arg1_r_1_0_0215_reload"/></StgValue>
</bind>
</comp>

<comp id="8" class="1000" name="arg1_r_1_1_0216_reload">
<pin_list>
<pin id="9" dir="1" index="0" bw="1" slack="0"/>
</pin_list>
<bind>
<StgValue><ssdm name="arg1_r_1_1_0216_reload"/></StgValue>
</bind>
</comp>

<comp id="10" class="1000" name="arg1_r_1_2_0217_reload">
<pin_list>
<pin id="11" dir="1" index="0" bw="1" slack="0"/>
</pin_list>
<bind>
<StgValue><ssdm name="arg1_r_1_2_0217_reload"/></StgValue>
</bind>
</comp>

<comp id="12" class="1000" name="arg1_r_2_0_0218_reload">
<pin_list>
<pin id="13" dir="1" index="0" bw="1" slack="0"/>
</pin_list>
<bind>
<StgValue><ssdm name="arg1_r_2_0_0218_reload"/></StgValue>
</bind>
</comp>

<comp id="14" class="1000" name="arg1_r_2_1_0219_reload">
<pin_list>
<pin id="15" dir="1" index="0" bw="1" slack="0"/>
</pin_list>
<bind>
<StgValue><ssdm name="arg1_r_2_1_0219_reload"/></StgValue>
</bind>
</comp>

<comp id="16" class="1000" name="arg1_r_2_2_0220_reload">
<pin_list>
<pin id="17" dir="1" index="0" bw="1" slack="0"/>
</pin_list>
<bind>
<StgValue><ssdm name="arg1_r_2_2_0220_reload"/></StgValue>
</bind>
</comp>

<comp id="18" class="1000" name="arr">
<pin_list>
<pin id="19" dir="1" index="0" bw="1" slack="0"/>
</pin_list>
<bind>
<StgValue><ssdm name="arr"/><MemPortTyVec>0 1 </MemPortTyVec>
</StgValue>
</bind>
</comp>

<comp id="20" class="1000" name="arr_1">
<pin_list>
<pin id="21" dir="1" index="0" bw="1" slack="0"/>
</pin_list>
<bind>
<StgValue><ssdm name="arr_1"/><MemPortTyVec>0 1 </MemPortTyVec>
</StgValue>
</bind>
</comp>

<comp id="22" class="1000" name="arr_2">
<pin_list>
<pin id="23" dir="1" index="0" bw="1" slack="0"/>
</pin_list>
<bind>
<StgValue><ssdm name="arr_2"/><MemPortTyVec>0 1 </MemPortTyVec>
</StgValue>
</bind>
</comp>

<comp id="24" class="1000" name="mul16">
<pin_list>
<pin id="25" dir="1" index="0" bw="1" slack="0"/>
</pin_list>
<bind>
<StgValue><ssdm name="mul16"/></StgValue>
</bind>
</comp>

<comp id="26" class="1000" name="zext_ln23">
<pin_list>
<pin id="27" dir="1" index="0" bw="1" slack="0"/>
</pin_list>
<bind>
<StgValue><ssdm name="zext_ln23"/></StgValue>
</bind>
</comp>

<comp id="28" class="1001" name="const_28">
<pin_list>
<pin id="29" dir="1" index="0" bw="1" slack="0"/>
</pin_list>
<bind>
<StgValue><ssdm name=""/></StgValue>
</bind>
</comp>

<comp id="30" class="1001" name="const_30">
<pin_list>
<pin id="31" dir="1" index="0" bw="1" slack="0"/>
</pin_list>
<bind>
<StgValue><ssdm name="_ssdm_op_Read.ap_auto.i32"/></StgValue>
</bind>
</comp>

<comp id="32" class="1001" name="const_32">
<pin_list>
<pin id="33" dir="1" index="0" bw="1" slack="0"/>
</pin_list>
<bind>
<StgValue><ssdm name=""/></StgValue>
</bind>
</comp>

<comp id="34" class="1001" name="const_34">
<pin_list>
<pin id="35" dir="1" index="0" bw="1" slack="0"/>
</pin_list>
<bind>
<StgValue><ssdm name=""/></StgValue>
</bind>
</comp>

<comp id="36" class="1001" name="const_36">
<pin_list>
<pin id="37" dir="1" index="0" bw="1" slack="0"/>
</pin_list>
<bind>
<StgValue><ssdm name=""/></StgValue>
</bind>
</comp>

<comp id="38" class="1001" name="const_38">
<pin_list>
<pin id="39" dir="1" index="0" bw="1" slack="0"/>
</pin_list>
<bind>
<StgValue><ssdm name=""/></StgValue>
</bind>
</comp>

<comp id="40" class="1001" name="const_40">
<pin_list>
<pin id="41" dir="1" index="0" bw="1" slack="0"/>
</pin_list>
<bind>
<StgValue><ssdm name="_ssdm_op_PartSelect.i2.i9.i32.i32"/></StgValue>
</bind>
</comp>

<comp id="42" class="1001" name="const_42">
<pin_list>
<pin id="43" dir="1" index="0" bw="1" slack="0"/>
</pin_list>
<bind>
<StgValue><ssdm name=""/></StgValue>
</bind>
</comp>

<comp id="44" class="1001" name="const_44">
<pin_list>
<pin id="45" dir="1" index="0" bw="1" slack="0"/>
</pin_list>
<bind>
<StgValue><ssdm name=""/></StgValue>
</bind>
</comp>

<comp id="46" class="1001" name="const_46">
<pin_list>
<pin id="47" dir="1" index="0" bw="1" slack="0"/>
</pin_list>
<bind>
<StgValue><ssdm name="_ssdm_op_PartSelect.i3.i9.i32.i32"/></StgValue>
</bind>
</comp>

<comp id="48" class="1001" name="const_48">
<pin_list>
<pin id="49" dir="1" index="0" bw="1" slack="0"/>
</pin_list>
<bind>
<StgValue><ssdm name=""/></StgValue>
</bind>
</comp>

<comp id="50" class="1001" name="const_50">
<pin_list>
<pin id="51" dir="1" index="0" bw="1" slack="0"/>
</pin_list>
<bind>
<StgValue><ssdm name=""/></StgValue>
</bind>
</comp>

<comp id="52" class="1001" name="const_52">
<pin_list>
<pin id="53" dir="1" index="0" bw="1" slack="2147483647"/>
</pin_list>
<bind>
<StgValue><ssdm name="_ssdm_op_SpecPipeline"/></StgValue>
</bind>
</comp>

<comp id="54" class="1001" name="const_54">
<pin_list>
<pin id="55" dir="1" index="0" bw="1" slack="2147483647"/>
</pin_list>
<bind>
<StgValue><ssdm name=""/></StgValue>
</bind>
</comp>

<comp id="56" class="1001" name="const_56">
<pin_list>
<pin id="57" dir="1" index="0" bw="1" slack="2147483647"/>
</pin_list>
<bind>
<StgValue><ssdm name="empty_3"/></StgValue>
</bind>
</comp>

<comp id="58" class="1001" name="const_58">
<pin_list>
<pin id="59" dir="1" index="0" bw="1" slack="2147483647"/>
</pin_list>
<bind>
<StgValue><ssdm name="_ssdm_op_SpecLoopTripCount"/></StgValue>
</bind>
</comp>

<comp id="60" class="1001" name="const_60">
<pin_list>
<pin id="61" dir="1" index="0" bw="1" slack="2147483647"/>
</pin_list>
<bind>
<StgValue><ssdm name=""/></StgValue>
</bind>
</comp>

<comp id="62" class="1001" name="const_62">
<pin_list>
<pin id="63" dir="1" index="0" bw="1" slack="2147483647"/>
</pin_list>
<bind>
<StgValue><ssdm name="_ssdm_op_SpecLoopName"/></StgValue>
</bind>
</comp>

<comp id="64" class="1001" name="const_64">
<pin_list>
<pin id="65" dir="1" index="0" bw="1" slack="2147483647"/>
</pin_list>
<bind>
<StgValue><ssdm name="empty_8"/></StgValue>
</bind>
</comp>

<comp id="66" class="1001" name="const_66">
<pin_list>
<pin id="67" dir="1" index="0" bw="1" slack="0"/>
</pin_list>
<bind>
<StgValue><ssdm name="_ssdm_op_Mux.ap_auto.4i32.i2"/></StgValue>
</bind>
</comp>

<comp id="68" class="1001" name="const_68">
<pin_list>
<pin id="69" dir="1" index="0" bw="1" slack="0"/>
</pin_list>
<bind>
<StgValue><ssdm name="_ssdm_op_Mux.ap_auto.3i32.i2"/></StgValue>
</bind>
</comp>

<comp id="70" class="1001" name="const_70">
<pin_list>
<pin id="71" dir="1" index="0" bw="1" slack="0"/>
</pin_list>
<bind>
<StgValue><ssdm name="_ssdm_op_Mux.ap_auto.3i64.i2"/></StgValue>
</bind>
</comp>

<comp id="72" class="1001" name="const_72">
<pin_list>
<pin id="73" dir="1" index="0" bw="1" slack="0"/>
</pin_list>
<bind>
<StgValue><ssdm name="_ssdm_op_BitConcatenate.i33.i32.i1"/></StgValue>
</bind>
</comp>

<comp id="74" class="1001" name="const_74">
<pin_list>
<pin id="75" dir="1" index="0" bw="1" slack="0"/>
</pin_list>
<bind>
<StgValue><ssdm name=""/></StgValue>
</bind>
</comp>

<comp id="76" class="1001" name="const_76">
<pin_list>
<pin id="77" dir="1" index="0" bw="1" slack="2147483647"/>
</pin_list>
<bind>
<StgValue><ssdm name=""/></StgValue>
</bind>
</comp>

<comp id="78" class="1001" name="const_78">
<pin_list>
<pin id="79" dir="1" index="0" bw="1" slack="2147483647"/>
</pin_list>
<bind>
<StgValue><ssdm name=""/></StgValue>
</bind>
</comp>

<comp id="80" class="1004" name="i_fu_80">
<pin_list>
<pin id="81" dir="0" index="0" bw="1" slack="0"/>
<pin id="82" dir="1" index="1" bw="4" slack="0"/>
</pin_list>
<bind>
<opcode="alloca(26) " fcode="alloca"/>
<opset="i/1 "/>
</bind>
</comp>

<comp id="84" class="1004" name="zext_ln23_read_read_fu_84">
<pin_list>
<pin id="85" dir="0" index="0" bw="32" slack="0"/>
<pin id="86" dir="0" index="1" bw="32" slack="0"/>
<pin id="87" dir="1" index="2" bw="32" slack="0"/>
</pin_list>
<bind>
<opcode="read(1150) " fcode="read"/>
<opset="zext_ln23_read/1 "/>
</bind>
</comp>

<comp id="90" class="1004" name="mul16_read_read_fu_90">
<pin_list>
<pin id="91" dir="0" index="0" bw="32" slack="0"/>
<pin id="92" dir="0" index="1" bw="32" slack="0"/>
<pin id="93" dir="1" index="2" bw="32" slack="7"/>
</pin_list>
<bind>
<opcode="read(1150) " fcode="read"/>
<opset="mul16_read/1 "/>
</bind>
</comp>

<comp id="96" class="1004" name="arg1_r_2_2_0220_reload_read_read_fu_96">
<pin_list>
<pin id="97" dir="0" index="0" bw="32" slack="0"/>
<pin id="98" dir="0" index="1" bw="32" slack="0"/>
<pin id="99" dir="1" index="2" bw="32" slack="7"/>
</pin_list>
<bind>
<opcode="read(1150) " fcode="read"/>
<opset="arg1_r_2_2_0220_reload_read/1 "/>
</bind>
</comp>

<comp id="102" class="1004" name="arg1_r_2_1_0219_reload_read_read_fu_102">
<pin_list>
<pin id="103" dir="0" index="0" bw="32" slack="0"/>
<pin id="104" dir="0" index="1" bw="32" slack="0"/>
<pin id="105" dir="1" index="2" bw="32" slack="7"/>
</pin_list>
<bind>
<opcode="read(1150) " fcode="read"/>
<opset="arg1_r_2_1_0219_reload_read/1 "/>
</bind>
</comp>

<comp id="108" class="1004" name="arg1_r_2_0_0218_reload_read_read_fu_108">
<pin_list>
<pin id="109" dir="0" index="0" bw="32" slack="0"/>
<pin id="110" dir="0" index="1" bw="32" slack="0"/>
<pin id="111" dir="1" index="2" bw="32" slack="7"/>
</pin_list>
<bind>
<opcode="read(1150) " fcode="read"/>
<opset="arg1_r_2_0_0218_reload_read/1 "/>
</bind>
</comp>

<comp id="114" class="1004" name="arg1_r_1_2_0217_reload_read_read_fu_114">
<pin_list>
<pin id="115" dir="0" index="0" bw="32" slack="0"/>
<pin id="116" dir="0" index="1" bw="32" slack="0"/>
<pin id="117" dir="1" index="2" bw="32" slack="7"/>
</pin_list>
<bind>
<opcode="read(1150) " fcode="read"/>
<opset="arg1_r_1_2_0217_reload_read/1 "/>
</bind>
</comp>

<comp id="120" class="1004" name="arg1_r_1_1_0216_reload_read_read_fu_120">
<pin_list>
<pin id="121" dir="0" index="0" bw="32" slack="0"/>
<pin id="122" dir="0" index="1" bw="32" slack="0"/>
<pin id="123" dir="1" index="2" bw="32" slack="7"/>
</pin_list>
<bind>
<opcode="read(1150) " fcode="read"/>
<opset="arg1_r_1_1_0216_reload_read/1 "/>
</bind>
</comp>

<comp id="126" class="1004" name="arg1_r_1_0_0215_reload_read_read_fu_126">
<pin_list>
<pin id="127" dir="0" index="0" bw="32" slack="0"/>
<pin id="128" dir="0" index="1" bw="32" slack="0"/>
<pin id="129" dir="1" index="2" bw="32" slack="7"/>
</pin_list>
<bind>
<opcode="read(1150) " fcode="read"/>
<opset="arg1_r_1_0_0215_reload_read/1 "/>
</bind>
</comp>

<comp id="132" class="1004" name="arg1_r_0_0211_reload_read_read_fu_132">
<pin_list>
<pin id="133" dir="0" index="0" bw="32" slack="0"/>
<pin id="134" dir="0" index="1" bw="32" slack="0"/>
<pin id="135" dir="1" index="2" bw="32" slack="7"/>
</pin_list>
<bind>
<opcode="read(1150) " fcode="read"/>
<opset="arg1_r_0_0211_reload_read/1 "/>
</bind>
</comp>

<comp id="138" class="1004" name="arg1_r_226_0213_reload_read_read_fu_138">
<pin_list>
<pin id="139" dir="0" index="0" bw="32" slack="0"/>
<pin id="140" dir="0" index="1" bw="32" slack="0"/>
<pin id="141" dir="1" index="2" bw="32" slack="7"/>
</pin_list>
<bind>
<opcode="read(1150) " fcode="read"/>
<opset="arg1_r_226_0213_reload_read/1 "/>
</bind>
</comp>

<comp id="144" class="1004" name="arg1_r_125_0212_reload_read_read_fu_144">
<pin_list>
<pin id="145" dir="0" index="0" bw="32" slack="0"/>
<pin id="146" dir="0" index="1" bw="32" slack="0"/>
<pin id="147" dir="1" index="2" bw="32" slack="7"/>
</pin_list>
<bind>
<opcode="read(1150) " fcode="read"/>
<opset="arg1_r_125_0212_reload_read/1 "/>
</bind>
</comp>

<comp id="150" class="1004" name="arr_addr_gep_fu_150">
<pin_list>
<pin id="151" dir="0" index="0" bw="64" slack="0"/>
<pin id="152" dir="0" index="1" bw="1" slack="0"/>
<pin id="153" dir="0" index="2" bw="3" slack="0"/>
<pin id="154" dir="1" index="3" bw="2" slack="0"/>
</pin_list>
<bind>
<opcode="getelementptr(29) " fcode="getelementptr"/>
<opset="arr_addr/7 "/>
</bind>
</comp>

<comp id="157" class="1004" name="arr_1_addr_gep_fu_157">
<pin_list>
<pin id="158" dir="0" index="0" bw="64" slack="0"/>
<pin id="159" dir="0" index="1" bw="1" slack="0"/>
<pin id="160" dir="0" index="2" bw="3" slack="0"/>
<pin id="161" dir="1" index="3" bw="2" slack="0"/>
</pin_list>
<bind>
<opcode="getelementptr(29) " fcode="getelementptr"/>
<opset="arr_1_addr/7 "/>
</bind>
</comp>

<comp id="164" class="1004" name="arr_2_addr_gep_fu_164">
<pin_list>
<pin id="165" dir="0" index="0" bw="64" slack="0"/>
<pin id="166" dir="0" index="1" bw="1" slack="0"/>
<pin id="167" dir="0" index="2" bw="3" slack="0"/>
<pin id="168" dir="1" index="3" bw="2" slack="0"/>
</pin_list>
<bind>
<opcode="getelementptr(29) " fcode="getelementptr"/>
<opset="arr_2_addr/7 "/>
</bind>
</comp>

<comp id="171" class="1004" name="grp_access_fu_171">
<pin_list>
<pin id="172" dir="0" index="0" bw="2" slack="1"/>
<pin id="173" dir="0" index="1" bw="64" slack="0"/>
<pin id="174" dir="0" index="2" bw="0" slack="0"/>
<pin id="176" dir="0" index="4" bw="2" slack="2147483647"/>
<pin id="177" dir="0" index="5" bw="64" slack="2147483647"/>
<pin id="178" dir="0" index="6" bw="0" slack="2147483647"/>
<pin id="175" dir="1" index="3" bw="64" slack="2147483647"/>
<pin id="179" dir="1" index="7" bw="64" slack="0"/>
</pin_list>
<bind>
<opcode="load(27) store(28) " fcode="store"/>
<opset="arr_load/7 store_ln30/8 "/>
</bind>
</comp>

<comp id="181" class="1004" name="grp_access_fu_181">
<pin_list>
<pin id="182" dir="0" index="0" bw="2" slack="1"/>
<pin id="183" dir="0" index="1" bw="64" slack="0"/>
<pin id="184" dir="0" index="2" bw="0" slack="0"/>
<pin id="186" dir="0" index="4" bw="2" slack="2147483647"/>
<pin id="187" dir="0" index="5" bw="64" slack="2147483647"/>
<pin id="188" dir="0" index="6" bw="0" slack="2147483647"/>
<pin id="185" dir="1" index="3" bw="64" slack="2147483647"/>
<pin id="189" dir="1" index="7" bw="64" slack="0"/>
</pin_list>
<bind>
<opcode="load(27) store(28) " fcode="store"/>
<opset="arr_1_load/7 store_ln30/8 "/>
</bind>
</comp>

<comp id="191" class="1004" name="grp_access_fu_191">
<pin_list>
<pin id="192" dir="0" index="0" bw="2" slack="1"/>
<pin id="193" dir="0" index="1" bw="64" slack="0"/>
<pin id="194" dir="0" index="2" bw="0" slack="0"/>
<pin id="196" dir="0" index="4" bw="2" slack="2147483647"/>
<pin id="197" dir="0" index="5" bw="64" slack="2147483647"/>
<pin id="198" dir="0" index="6" bw="0" slack="2147483647"/>
<pin id="195" dir="1" index="3" bw="64" slack="2147483647"/>
<pin id="199" dir="1" index="7" bw="64" slack="0"/>
</pin_list>
<bind>
<opcode="load(27) store(28) " fcode="store"/>
<opset="arr_2_load/7 store_ln30/8 "/>
</bind>
</comp>

<comp id="201" class="1004" name="mul_ln30_fu_201">
<pin_list>
<pin id="202" dir="0" index="0" bw="33" slack="0"/>
<pin id="203" dir="0" index="1" bw="32" slack="0"/>
<pin id="204" dir="1" index="2" bw="64" slack="0"/>
</pin_list>
<bind>
<opcode="mul(12) " fcode="mul"/>
<opset="mul_ln30/8 "/>
</bind>
</comp>

<comp id="205" class="1004" name="zext_ln23_cast_fu_205">
<pin_list>
<pin id="206" dir="0" index="0" bw="32" slack="0"/>
<pin id="207" dir="1" index="1" bw="33" slack="7"/>
</pin_list>
<bind>
<opcode="zext(34) " fcode="zext"/>
<opset="zext_ln23_cast/1 "/>
</bind>
</comp>

<comp id="209" class="1004" name="store_ln0_store_fu_209">
<pin_list>
<pin id="210" dir="0" index="0" bw="1" slack="0"/>
<pin id="211" dir="0" index="1" bw="4" slack="0"/>
<pin id="212" dir="1" index="2" bw="0" slack="2147483647"/>
</pin_list>
<bind>
<opcode="store(28) " fcode="store"/>
<opset="store_ln0/1 "/>
</bind>
</comp>

<comp id="214" class="1004" name="i_1_load_fu_214">
<pin_list>
<pin id="215" dir="0" index="0" bw="4" slack="0"/>
<pin id="216" dir="1" index="1" bw="4" slack="0"/>
</pin_list>
<bind>
<opcode="load(27) " fcode="load"/>
<opset="i_1/1 "/>
</bind>
</comp>

<comp id="217" class="1004" name="icmp_ln23_fu_217">
<pin_list>
<pin id="218" dir="0" index="0" bw="4" slack="0"/>
<pin id="219" dir="0" index="1" bw="4" slack="0"/>
<pin id="220" dir="1" index="2" bw="1" slack="6"/>
</pin_list>
<bind>
<opcode="icmp(45) " fcode="icmp"/>
<opset="icmp_ln23/1 "/>
</bind>
</comp>

<comp id="223" class="1004" name="grp_fu_223">
<pin_list>
<pin id="224" dir="0" index="0" bw="4" slack="0"/>
<pin id="225" dir="0" index="1" bw="3" slack="0"/>
<pin id="226" dir="1" index="2" bw="2" slack="0"/>
</pin_list>
<bind>
<opcode="urem(17) " fcode="urem"/>
<opset="urem_ln22/1 "/>
</bind>
</comp>

<comp id="229" class="1004" name="empty_fu_229">
<pin_list>
<pin id="230" dir="0" index="0" bw="4" slack="0"/>
<pin id="231" dir="0" index="1" bw="4" slack="0"/>
<pin id="232" dir="1" index="2" bw="4" slack="0"/>
</pin_list>
<bind>
<opcode="sub(10) " fcode="sub"/>
<opset="empty/1 "/>
</bind>
</comp>

<comp id="235" class="1004" name="zext_ln26_fu_235">
<pin_list>
<pin id="236" dir="0" index="0" bw="4" slack="0"/>
<pin id="237" dir="1" index="1" bw="9" slack="0"/>
</pin_list>
<bind>
<opcode="zext(34) " fcode="zext"/>
<opset="zext_ln26/1 "/>
</bind>
</comp>

<comp id="239" class="1004" name="mul_ln26_fu_239">
<pin_list>
<pin id="240" dir="0" index="0" bw="4" slack="0"/>
<pin id="241" dir="0" index="1" bw="6" slack="0"/>
<pin id="242" dir="1" index="2" bw="9" slack="0"/>
</pin_list>
<bind>
<opcode="mul(12) " fcode="mul"/>
<opset="mul_ln26/1 "/>
</bind>
</comp>

<comp id="245" class="1004" name="grp_fu_245">
<pin_list>
<pin id="246" dir="0" index="0" bw="4" slack="0"/>
<pin id="247" dir="0" index="1" bw="3" slack="0"/>
<pin id="248" dir="1" index="2" bw="2" slack="0"/>
</pin_list>
<bind>
<opcode="urem(17) " fcode="urem"/>
<opset="urem_ln26/1 "/>
</bind>
</comp>

<comp id="251" class="1004" name="trunc_ln3_fu_251">
<pin_list>
<pin id="252" dir="0" index="0" bw="2" slack="0"/>
<pin id="253" dir="0" index="1" bw="9" slack="0"/>
<pin id="254" dir="0" index="2" bw="4" slack="0"/>
<pin id="255" dir="0" index="3" bw="4" slack="0"/>
<pin id="256" dir="1" index="4" bw="2" slack="7"/>
</pin_list>
<bind>
<opcode="partselect(1002) " fcode="partselect"/>
<opset="trunc_ln3/1 "/>
</bind>
</comp>

<comp id="261" class="1004" name="add_ln23_fu_261">
<pin_list>
<pin id="262" dir="0" index="0" bw="4" slack="0"/>
<pin id="263" dir="0" index="1" bw="1" slack="0"/>
<pin id="264" dir="1" index="2" bw="4" slack="0"/>
</pin_list>
<bind>
<opcode="add(8) " fcode="add"/>
<opset="add_ln23/1 "/>
</bind>
</comp>

<comp id="267" class="1004" name="store_ln23_store_fu_267">
<pin_list>
<pin id="268" dir="0" index="0" bw="4" slack="0"/>
<pin id="269" dir="0" index="1" bw="4" slack="0"/>
<pin id="270" dir="1" index="2" bw="0" slack="2147483647"/>
</pin_list>
<bind>
<opcode="store(28) " fcode="store"/>
<opset="store_ln23/1 "/>
</bind>
</comp>

<comp id="272" class="1004" name="zext_ln22_1_fu_272">
<pin_list>
<pin id="273" dir="0" index="0" bw="4" slack="6"/>
<pin id="274" dir="1" index="1" bw="9" slack="0"/>
</pin_list>
<bind>
<opcode="zext(34) " fcode="zext"/>
<opset="zext_ln22_1/7 "/>
</bind>
</comp>

<comp id="275" class="1004" name="mul_ln22_fu_275">
<pin_list>
<pin id="276" dir="0" index="0" bw="4" slack="0"/>
<pin id="277" dir="0" index="1" bw="6" slack="0"/>
<pin id="278" dir="1" index="2" bw="9" slack="0"/>
</pin_list>
<bind>
<opcode="mul(12) " fcode="mul"/>
<opset="mul_ln22/7 "/>
</bind>
</comp>

<comp id="281" class="1004" name="tmp_2_fu_281">
<pin_list>
<pin id="282" dir="0" index="0" bw="3" slack="0"/>
<pin id="283" dir="0" index="1" bw="9" slack="0"/>
<pin id="284" dir="0" index="2" bw="4" slack="0"/>
<pin id="285" dir="0" index="3" bw="5" slack="0"/>
<pin id="286" dir="1" index="4" bw="3" slack="0"/>
</pin_list>
<bind>
<opcode="partselect(1002) " fcode="partselect"/>
<opset="tmp_2/7 "/>
</bind>
</comp>

<comp id="291" class="1004" name="zext_ln22_fu_291">
<pin_list>
<pin id="292" dir="0" index="0" bw="3" slack="0"/>
<pin id="293" dir="1" index="1" bw="64" slack="0"/>
</pin_list>
<bind>
<opcode="zext(34) " fcode="zext"/>
<opset="zext_ln22/7 "/>
</bind>
</comp>

<comp id="298" class="1004" name="empty_28_fu_298">
<pin_list>
<pin id="299" dir="0" index="0" bw="4" slack="6"/>
<pin id="300" dir="1" index="1" bw="1" slack="1"/>
</pin_list>
<bind>
<opcode="trunc(33) " fcode="trunc"/>
<opset="empty_28/7 "/>
</bind>
</comp>

<comp id="301" class="1004" name="trunc_ln22_fu_301">
<pin_list>
<pin id="302" dir="0" index="0" bw="2" slack="0"/>
<pin id="303" dir="1" index="1" bw="2" slack="0"/>
</pin_list>
<bind>
<opcode="trunc(33) " fcode="trunc"/>
<opset="trunc_ln22/8 "/>
</bind>
</comp>

<comp id="305" class="1004" name="empty_27_fu_305">
<pin_list>
<pin id="306" dir="0" index="0" bw="2" slack="0"/>
<pin id="307" dir="1" index="1" bw="2" slack="0"/>
</pin_list>
<bind>
<opcode="trunc(33) " fcode="trunc"/>
<opset="empty_27/8 "/>
</bind>
</comp>

<comp id="309" class="1004" name="phi_ln_fu_309">
<pin_list>
<pin id="310" dir="0" index="0" bw="32" slack="0"/>
<pin id="311" dir="0" index="1" bw="32" slack="7"/>
<pin id="312" dir="0" index="2" bw="32" slack="7"/>
<pin id="313" dir="0" index="3" bw="32" slack="7"/>
<pin id="314" dir="0" index="4" bw="32" slack="7"/>
<pin id="315" dir="0" index="5" bw="2" slack="7"/>
<pin id="316" dir="1" index="6" bw="32" slack="0"/>
</pin_list>
<bind>
<opcode="mux(1196) " fcode="mux"/>
<opset="phi_ln/8 "/>
</bind>
</comp>

<comp id="318" class="1004" name="phi_ln30_1_fu_318">
<pin_list>
<pin id="319" dir="0" index="0" bw="32" slack="0"/>
<pin id="320" dir="0" index="1" bw="32" slack="7"/>
<pin id="321" dir="0" index="2" bw="32" slack="7"/>
<pin id="322" dir="0" index="3" bw="32" slack="7"/>
<pin id="323" dir="0" index="4" bw="32" slack="7"/>
<pin id="324" dir="0" index="5" bw="2" slack="7"/>
<pin id="325" dir="1" index="6" bw="32" slack="0"/>
</pin_list>
<bind>
<opcode="mux(1196) " fcode="mux"/>
<opset="phi_ln30_1/8 "/>
</bind>
</comp>

<comp id="327" class="1004" name="phi_ln30_2_fu_327">
<pin_list>
<pin id="328" dir="0" index="0" bw="32" slack="0"/>
<pin id="329" dir="0" index="1" bw="32" slack="7"/>
<pin id="330" dir="0" index="2" bw="32" slack="7"/>
<pin id="331" dir="0" index="3" bw="32" slack="7"/>
<pin id="332" dir="0" index="4" bw="32" slack="7"/>
<pin id="333" dir="0" index="5" bw="2" slack="7"/>
<pin id="334" dir="1" index="6" bw="32" slack="0"/>
</pin_list>
<bind>
<opcode="mux(1196) " fcode="mux"/>
<opset="phi_ln30_2/8 "/>
</bind>
</comp>

<comp id="336" class="1004" name="tmp_fu_336">
<pin_list>
<pin id="337" dir="0" index="0" bw="32" slack="0"/>
<pin id="338" dir="0" index="1" bw="32" slack="0"/>
<pin id="339" dir="0" index="2" bw="32" slack="0"/>
<pin id="340" dir="0" index="3" bw="32" slack="0"/>
<pin id="341" dir="0" index="4" bw="2" slack="0"/>
<pin id="342" dir="1" index="5" bw="32" slack="0"/>
</pin_list>
<bind>
<opcode="mux(1196) " fcode="mux"/>
<opset="tmp/8 "/>
</bind>
</comp>

<comp id="348" class="1004" name="zext_ln30_fu_348">
<pin_list>
<pin id="349" dir="0" index="0" bw="32" slack="0"/>
<pin id="350" dir="1" index="1" bw="64" slack="0"/>
</pin_list>
<bind>
<opcode="zext(34) " fcode="zext"/>
<opset="zext_ln30/8 "/>
</bind>
</comp>

<comp id="353" class="1004" name="tmp_1_fu_353">
<pin_list>
<pin id="354" dir="0" index="0" bw="64" slack="0"/>
<pin id="355" dir="0" index="1" bw="64" slack="0"/>
<pin id="356" dir="0" index="2" bw="64" slack="0"/>
<pin id="357" dir="0" index="3" bw="64" slack="0"/>
<pin id="358" dir="0" index="4" bw="2" slack="0"/>
<pin id="359" dir="1" index="5" bw="64" slack="0"/>
</pin_list>
<bind>
<opcode="mux(1196) " fcode="mux"/>
<opset="tmp_1/8 "/>
</bind>
</comp>

<comp id="365" class="1004" name="shl_ln4_fu_365">
<pin_list>
<pin id="366" dir="0" index="0" bw="33" slack="0"/>
<pin id="367" dir="0" index="1" bw="32" slack="7"/>
<pin id="368" dir="0" index="2" bw="1" slack="0"/>
<pin id="369" dir="1" index="3" bw="33" slack="0"/>
</pin_list>
<bind>
<opcode="bitconcatenate(1004) " fcode="bitconcatenate"/>
<opset="shl_ln4/8 "/>
</bind>
</comp>

<comp id="372" class="1004" name="select_ln30_fu_372">
<pin_list>
<pin id="373" dir="0" index="0" bw="1" slack="1"/>
<pin id="374" dir="0" index="1" bw="33" slack="7"/>
<pin id="375" dir="0" index="2" bw="33" slack="0"/>
<pin id="376" dir="1" index="3" bw="33" slack="0"/>
</pin_list>
<bind>
<opcode="select(49) " fcode="select"/>
<opset="select_ln30/8 "/>
</bind>
</comp>

<comp id="378" class="1004" name="zext_ln30_1_fu_378">
<pin_list>
<pin id="379" dir="0" index="0" bw="33" slack="0"/>
<pin id="380" dir="1" index="1" bw="64" slack="0"/>
</pin_list>
<bind>
<opcode="zext(34) " fcode="zext"/>
<opset="zext_ln30_1/8 "/>
</bind>
</comp>

<comp id="383" class="1004" name="add_ln30_fu_383">
<pin_list>
<pin id="384" dir="0" index="0" bw="64" slack="0"/>
<pin id="385" dir="0" index="1" bw="64" slack="0"/>
<pin id="386" dir="1" index="2" bw="64" slack="0"/>
</pin_list>
<bind>
<opcode="add(8) " fcode="add"/>
<opset="add_ln30/8 "/>
</bind>
</comp>

<comp id="392" class="1005" name="i_reg_392">
<pin_list>
<pin id="393" dir="0" index="0" bw="4" slack="0"/>
<pin id="394" dir="1" index="1" bw="4" slack="0"/>
</pin_list>
<bind>
<opset="i "/>
</bind>
</comp>

<comp id="399" class="1005" name="mul16_read_reg_399">
<pin_list>
<pin id="400" dir="0" index="0" bw="32" slack="7"/>
<pin id="401" dir="1" index="1" bw="32" slack="7"/>
</pin_list>
<bind>
<opset="mul16_read "/>
</bind>
</comp>

<comp id="404" class="1005" name="arg1_r_2_2_0220_reload_read_reg_404">
<pin_list>
<pin id="405" dir="0" index="0" bw="32" slack="7"/>
<pin id="406" dir="1" index="1" bw="32" slack="7"/>
</pin_list>
<bind>
<opset="arg1_r_2_2_0220_reload_read "/>
</bind>
</comp>

<comp id="410" class="1005" name="arg1_r_2_1_0219_reload_read_reg_410">
<pin_list>
<pin id="411" dir="0" index="0" bw="32" slack="7"/>
<pin id="412" dir="1" index="1" bw="32" slack="7"/>
</pin_list>
<bind>
<opset="arg1_r_2_1_0219_reload_read "/>
</bind>
</comp>

<comp id="415" class="1005" name="arg1_r_2_0_0218_reload_read_reg_415">
<pin_list>
<pin id="416" dir="0" index="0" bw="32" slack="7"/>
<pin id="417" dir="1" index="1" bw="32" slack="7"/>
</pin_list>
<bind>
<opset="arg1_r_2_0_0218_reload_read "/>
</bind>
</comp>

<comp id="420" class="1005" name="arg1_r_1_2_0217_reload_read_reg_420">
<pin_list>
<pin id="421" dir="0" index="0" bw="32" slack="7"/>
<pin id="422" dir="1" index="1" bw="32" slack="7"/>
</pin_list>
<bind>
<opset="arg1_r_1_2_0217_reload_read "/>
</bind>
</comp>

<comp id="426" class="1005" name="arg1_r_1_1_0216_reload_read_reg_426">
<pin_list>
<pin id="427" dir="0" index="0" bw="32" slack="7"/>
<pin id="428" dir="1" index="1" bw="32" slack="7"/>
</pin_list>
<bind>
<opset="arg1_r_1_1_0216_reload_read "/>
</bind>
</comp>

<comp id="431" class="1005" name="arg1_r_1_0_0215_reload_read_reg_431">
<pin_list>
<pin id="432" dir="0" index="0" bw="32" slack="7"/>
<pin id="433" dir="1" index="1" bw="32" slack="7"/>
</pin_list>
<bind>
<opset="arg1_r_1_0_0215_reload_read "/>
</bind>
</comp>

<comp id="436" class="1005" name="arg1_r_0_0211_reload_read_reg_436">
<pin_list>
<pin id="437" dir="0" index="0" bw="32" slack="7"/>
<pin id="438" dir="1" index="1" bw="32" slack="7"/>
</pin_list>
<bind>
<opset="arg1_r_0_0211_reload_read "/>
</bind>
</comp>

<comp id="441" class="1005" name="arg1_r_226_0213_reload_read_reg_441">
<pin_list>
<pin id="442" dir="0" index="0" bw="32" slack="7"/>
<pin id="443" dir="1" index="1" bw="32" slack="7"/>
</pin_list>
<bind>
<opset="arg1_r_226_0213_reload_read "/>
</bind>
</comp>

<comp id="447" class="1005" name="arg1_r_125_0212_reload_read_reg_447">
<pin_list>
<pin id="448" dir="0" index="0" bw="32" slack="7"/>
<pin id="449" dir="1" index="1" bw="32" slack="7"/>
</pin_list>
<bind>
<opset="arg1_r_125_0212_reload_read "/>
</bind>
</comp>

<comp id="452" class="1005" name="zext_ln23_cast_reg_452">
<pin_list>
<pin id="453" dir="0" index="0" bw="33" slack="7"/>
<pin id="454" dir="1" index="1" bw="33" slack="7"/>
</pin_list>
<bind>
<opset="zext_ln23_cast "/>
</bind>
</comp>

<comp id="457" class="1005" name="i_1_reg_457">
<pin_list>
<pin id="458" dir="0" index="0" bw="4" slack="1"/>
<pin id="459" dir="1" index="1" bw="4" slack="1"/>
</pin_list>
<bind>
<opset="i_1 "/>
</bind>
</comp>

<comp id="464" class="1005" name="icmp_ln23_reg_464">
<pin_list>
<pin id="465" dir="0" index="0" bw="1" slack="6"/>
<pin id="466" dir="1" index="1" bw="1" slack="2147483647"/>
</pin_list>
<bind>
<opset="icmp_ln23 "/>
</bind>
</comp>

<comp id="468" class="1005" name="empty_reg_468">
<pin_list>
<pin id="469" dir="0" index="0" bw="4" slack="1"/>
<pin id="470" dir="1" index="1" bw="4" slack="1"/>
</pin_list>
<bind>
<opset="empty "/>
</bind>
</comp>

<comp id="473" class="1005" name="trunc_ln3_reg_473">
<pin_list>
<pin id="474" dir="0" index="0" bw="2" slack="7"/>
<pin id="475" dir="1" index="1" bw="2" slack="7"/>
</pin_list>
<bind>
<opset="trunc_ln3 "/>
</bind>
</comp>

<comp id="480" class="1005" name="empty_28_reg_480">
<pin_list>
<pin id="481" dir="0" index="0" bw="1" slack="1"/>
<pin id="482" dir="1" index="1" bw="1" slack="1"/>
</pin_list>
<bind>
<opset="empty_28 "/>
</bind>
</comp>

<comp id="485" class="1005" name="arr_addr_reg_485">
<pin_list>
<pin id="486" dir="0" index="0" bw="2" slack="1"/>
<pin id="487" dir="1" index="1" bw="2" slack="1"/>
</pin_list>
<bind>
<opset="arr_addr "/>
</bind>
</comp>

<comp id="491" class="1005" name="arr_1_addr_reg_491">
<pin_list>
<pin id="492" dir="0" index="0" bw="2" slack="1"/>
<pin id="493" dir="1" index="1" bw="2" slack="1"/>
</pin_list>
<bind>
<opset="arr_1_addr "/>
</bind>
</comp>

<comp id="497" class="1005" name="arr_2_addr_reg_497">
<pin_list>
<pin id="498" dir="0" index="0" bw="2" slack="1"/>
<pin id="499" dir="1" index="1" bw="2" slack="1"/>
</pin_list>
<bind>
<opset="arr_2_addr "/>
</bind>
</comp>

</comp_list>

<net_list>
<net id="83"><net_src comp="28" pin="0"/><net_sink comp="80" pin=0"/></net>

<net id="88"><net_src comp="30" pin="0"/><net_sink comp="84" pin=0"/></net>

<net id="89"><net_src comp="26" pin="0"/><net_sink comp="84" pin=1"/></net>

<net id="94"><net_src comp="30" pin="0"/><net_sink comp="90" pin=0"/></net>

<net id="95"><net_src comp="24" pin="0"/><net_sink comp="90" pin=1"/></net>

<net id="100"><net_src comp="30" pin="0"/><net_sink comp="96" pin=0"/></net>

<net id="101"><net_src comp="16" pin="0"/><net_sink comp="96" pin=1"/></net>

<net id="106"><net_src comp="30" pin="0"/><net_sink comp="102" pin=0"/></net>

<net id="107"><net_src comp="14" pin="0"/><net_sink comp="102" pin=1"/></net>

<net id="112"><net_src comp="30" pin="0"/><net_sink comp="108" pin=0"/></net>

<net id="113"><net_src comp="12" pin="0"/><net_sink comp="108" pin=1"/></net>

<net id="118"><net_src comp="30" pin="0"/><net_sink comp="114" pin=0"/></net>

<net id="119"><net_src comp="10" pin="0"/><net_sink comp="114" pin=1"/></net>

<net id="124"><net_src comp="30" pin="0"/><net_sink comp="120" pin=0"/></net>

<net id="125"><net_src comp="8" pin="0"/><net_sink comp="120" pin=1"/></net>

<net id="130"><net_src comp="30" pin="0"/><net_sink comp="126" pin=0"/></net>

<net id="131"><net_src comp="6" pin="0"/><net_sink comp="126" pin=1"/></net>

<net id="136"><net_src comp="30" pin="0"/><net_sink comp="132" pin=0"/></net>

<net id="137"><net_src comp="4" pin="0"/><net_sink comp="132" pin=1"/></net>

<net id="142"><net_src comp="30" pin="0"/><net_sink comp="138" pin=0"/></net>

<net id="143"><net_src comp="2" pin="0"/><net_sink comp="138" pin=1"/></net>

<net id="148"><net_src comp="30" pin="0"/><net_sink comp="144" pin=0"/></net>

<net id="149"><net_src comp="0" pin="0"/><net_sink comp="144" pin=1"/></net>

<net id="155"><net_src comp="18" pin="0"/><net_sink comp="150" pin=0"/></net>

<net id="156"><net_src comp="50" pin="0"/><net_sink comp="150" pin=1"/></net>

<net id="162"><net_src comp="20" pin="0"/><net_sink comp="157" pin=0"/></net>

<net id="163"><net_src comp="50" pin="0"/><net_sink comp="157" pin=1"/></net>

<net id="169"><net_src comp="22" pin="0"/><net_sink comp="164" pin=0"/></net>

<net id="170"><net_src comp="50" pin="0"/><net_sink comp="164" pin=1"/></net>

<net id="180"><net_src comp="150" pin="3"/><net_sink comp="171" pin=2"/></net>

<net id="190"><net_src comp="157" pin="3"/><net_sink comp="181" pin=2"/></net>

<net id="200"><net_src comp="164" pin="3"/><net_sink comp="191" pin=2"/></net>

<net id="208"><net_src comp="84" pin="2"/><net_sink comp="205" pin=0"/></net>

<net id="213"><net_src comp="32" pin="0"/><net_sink comp="209" pin=0"/></net>

<net id="221"><net_src comp="214" pin="1"/><net_sink comp="217" pin=0"/></net>

<net id="222"><net_src comp="34" pin="0"/><net_sink comp="217" pin=1"/></net>

<net id="227"><net_src comp="214" pin="1"/><net_sink comp="223" pin=0"/></net>

<net id="228"><net_src comp="36" pin="0"/><net_sink comp="223" pin=1"/></net>

<net id="233"><net_src comp="34" pin="0"/><net_sink comp="229" pin=0"/></net>

<net id="234"><net_src comp="214" pin="1"/><net_sink comp="229" pin=1"/></net>

<net id="238"><net_src comp="229" pin="2"/><net_sink comp="235" pin=0"/></net>

<net id="243"><net_src comp="235" pin="1"/><net_sink comp="239" pin=0"/></net>

<net id="244"><net_src comp="38" pin="0"/><net_sink comp="239" pin=1"/></net>

<net id="249"><net_src comp="229" pin="2"/><net_sink comp="245" pin=0"/></net>

<net id="250"><net_src comp="36" pin="0"/><net_sink comp="245" pin=1"/></net>

<net id="257"><net_src comp="40" pin="0"/><net_sink comp="251" pin=0"/></net>

<net id="258"><net_src comp="239" pin="2"/><net_sink comp="251" pin=1"/></net>

<net id="259"><net_src comp="42" pin="0"/><net_sink comp="251" pin=2"/></net>

<net id="260"><net_src comp="44" pin="0"/><net_sink comp="251" pin=3"/></net>

<net id="265"><net_src comp="214" pin="1"/><net_sink comp="261" pin=0"/></net>

<net id="266"><net_src comp="32" pin="0"/><net_sink comp="261" pin=1"/></net>

<net id="271"><net_src comp="261" pin="2"/><net_sink comp="267" pin=0"/></net>

<net id="279"><net_src comp="272" pin="1"/><net_sink comp="275" pin=0"/></net>

<net id="280"><net_src comp="38" pin="0"/><net_sink comp="275" pin=1"/></net>

<net id="287"><net_src comp="46" pin="0"/><net_sink comp="281" pin=0"/></net>

<net id="288"><net_src comp="275" pin="2"/><net_sink comp="281" pin=1"/></net>

<net id="289"><net_src comp="42" pin="0"/><net_sink comp="281" pin=2"/></net>

<net id="290"><net_src comp="48" pin="0"/><net_sink comp="281" pin=3"/></net>

<net id="294"><net_src comp="281" pin="4"/><net_sink comp="291" pin=0"/></net>

<net id="295"><net_src comp="291" pin="1"/><net_sink comp="150" pin=2"/></net>

<net id="296"><net_src comp="291" pin="1"/><net_sink comp="157" pin=2"/></net>

<net id="297"><net_src comp="291" pin="1"/><net_sink comp="164" pin=2"/></net>

<net id="304"><net_src comp="223" pin="2"/><net_sink comp="301" pin=0"/></net>

<net id="308"><net_src comp="245" pin="2"/><net_sink comp="305" pin=0"/></net>

<net id="317"><net_src comp="66" pin="0"/><net_sink comp="309" pin=0"/></net>

<net id="326"><net_src comp="66" pin="0"/><net_sink comp="318" pin=0"/></net>

<net id="335"><net_src comp="66" pin="0"/><net_sink comp="327" pin=0"/></net>

<net id="343"><net_src comp="68" pin="0"/><net_sink comp="336" pin=0"/></net>

<net id="344"><net_src comp="309" pin="6"/><net_sink comp="336" pin=1"/></net>

<net id="345"><net_src comp="318" pin="6"/><net_sink comp="336" pin=2"/></net>

<net id="346"><net_src comp="327" pin="6"/><net_sink comp="336" pin=3"/></net>

<net id="347"><net_src comp="305" pin="1"/><net_sink comp="336" pin=4"/></net>

<net id="351"><net_src comp="336" pin="5"/><net_sink comp="348" pin=0"/></net>

<net id="352"><net_src comp="348" pin="1"/><net_sink comp="201" pin=1"/></net>

<net id="360"><net_src comp="70" pin="0"/><net_sink comp="353" pin=0"/></net>

<net id="361"><net_src comp="171" pin="7"/><net_sink comp="353" pin=1"/></net>

<net id="362"><net_src comp="181" pin="7"/><net_sink comp="353" pin=2"/></net>

<net id="363"><net_src comp="191" pin="7"/><net_sink comp="353" pin=3"/></net>

<net id="364"><net_src comp="301" pin="1"/><net_sink comp="353" pin=4"/></net>

<net id="370"><net_src comp="72" pin="0"/><net_sink comp="365" pin=0"/></net>

<net id="371"><net_src comp="74" pin="0"/><net_sink comp="365" pin=2"/></net>

<net id="377"><net_src comp="365" pin="3"/><net_sink comp="372" pin=2"/></net>

<net id="381"><net_src comp="372" pin="3"/><net_sink comp="378" pin=0"/></net>

<net id="382"><net_src comp="378" pin="1"/><net_sink comp="201" pin=0"/></net>

<net id="387"><net_src comp="353" pin="5"/><net_sink comp="383" pin=0"/></net>

<net id="388"><net_src comp="201" pin="2"/><net_sink comp="383" pin=1"/></net>

<net id="389"><net_src comp="383" pin="2"/><net_sink comp="181" pin=1"/></net>

<net id="390"><net_src comp="383" pin="2"/><net_sink comp="171" pin=1"/></net>

<net id="391"><net_src comp="383" pin="2"/><net_sink comp="191" pin=1"/></net>

<net id="395"><net_src comp="80" pin="1"/><net_sink comp="392" pin=0"/></net>

<net id="396"><net_src comp="392" pin="1"/><net_sink comp="209" pin=1"/></net>

<net id="397"><net_src comp="392" pin="1"/><net_sink comp="214" pin=0"/></net>

<net id="398"><net_src comp="392" pin="1"/><net_sink comp="267" pin=1"/></net>

<net id="402"><net_src comp="90" pin="2"/><net_sink comp="399" pin=0"/></net>

<net id="403"><net_src comp="399" pin="1"/><net_sink comp="365" pin=1"/></net>

<net id="407"><net_src comp="96" pin="2"/><net_sink comp="404" pin=0"/></net>

<net id="408"><net_src comp="404" pin="1"/><net_sink comp="327" pin=3"/></net>

<net id="409"><net_src comp="404" pin="1"/><net_sink comp="327" pin=4"/></net>

<net id="413"><net_src comp="102" pin="2"/><net_sink comp="410" pin=0"/></net>

<net id="414"><net_src comp="410" pin="1"/><net_sink comp="327" pin=2"/></net>

<net id="418"><net_src comp="108" pin="2"/><net_sink comp="415" pin=0"/></net>

<net id="419"><net_src comp="415" pin="1"/><net_sink comp="327" pin=1"/></net>

<net id="423"><net_src comp="114" pin="2"/><net_sink comp="420" pin=0"/></net>

<net id="424"><net_src comp="420" pin="1"/><net_sink comp="318" pin=3"/></net>

<net id="425"><net_src comp="420" pin="1"/><net_sink comp="318" pin=4"/></net>

<net id="429"><net_src comp="120" pin="2"/><net_sink comp="426" pin=0"/></net>

<net id="430"><net_src comp="426" pin="1"/><net_sink comp="318" pin=2"/></net>

<net id="434"><net_src comp="126" pin="2"/><net_sink comp="431" pin=0"/></net>

<net id="435"><net_src comp="431" pin="1"/><net_sink comp="318" pin=1"/></net>

<net id="439"><net_src comp="132" pin="2"/><net_sink comp="436" pin=0"/></net>

<net id="440"><net_src comp="436" pin="1"/><net_sink comp="309" pin=1"/></net>

<net id="444"><net_src comp="138" pin="2"/><net_sink comp="441" pin=0"/></net>

<net id="445"><net_src comp="441" pin="1"/><net_sink comp="309" pin=3"/></net>

<net id="446"><net_src comp="441" pin="1"/><net_sink comp="309" pin=4"/></net>

<net id="450"><net_src comp="144" pin="2"/><net_sink comp="447" pin=0"/></net>

<net id="451"><net_src comp="447" pin="1"/><net_sink comp="309" pin=2"/></net>

<net id="455"><net_src comp="205" pin="1"/><net_sink comp="452" pin=0"/></net>

<net id="456"><net_src comp="452" pin="1"/><net_sink comp="372" pin=1"/></net>

<net id="460"><net_src comp="214" pin="1"/><net_sink comp="457" pin=0"/></net>

<net id="461"><net_src comp="457" pin="1"/><net_sink comp="223" pin=0"/></net>

<net id="462"><net_src comp="457" pin="1"/><net_sink comp="272" pin=0"/></net>

<net id="463"><net_src comp="457" pin="1"/><net_sink comp="298" pin=0"/></net>

<net id="467"><net_src comp="217" pin="2"/><net_sink comp="464" pin=0"/></net>

<net id="471"><net_src comp="229" pin="2"/><net_sink comp="468" pin=0"/></net>

<net id="472"><net_src comp="468" pin="1"/><net_sink comp="245" pin=0"/></net>

<net id="476"><net_src comp="251" pin="4"/><net_sink comp="473" pin=0"/></net>

<net id="477"><net_src comp="473" pin="1"/><net_sink comp="309" pin=5"/></net>

<net id="478"><net_src comp="473" pin="1"/><net_sink comp="318" pin=5"/></net>

<net id="479"><net_src comp="473" pin="1"/><net_sink comp="327" pin=5"/></net>

<net id="483"><net_src comp="298" pin="1"/><net_sink comp="480" pin=0"/></net>

<net id="484"><net_src comp="480" pin="1"/><net_sink comp="372" pin=0"/></net>

<net id="488"><net_src comp="150" pin="3"/><net_sink comp="485" pin=0"/></net>

<net id="489"><net_src comp="485" pin="1"/><net_sink comp="171" pin=2"/></net>

<net id="490"><net_src comp="485" pin="1"/><net_sink comp="171" pin=0"/></net>

<net id="494"><net_src comp="157" pin="3"/><net_sink comp="491" pin=0"/></net>

<net id="495"><net_src comp="491" pin="1"/><net_sink comp="181" pin=2"/></net>

<net id="496"><net_src comp="491" pin="1"/><net_sink comp="181" pin=0"/></net>

<net id="500"><net_src comp="164" pin="3"/><net_sink comp="497" pin=0"/></net>

<net id="501"><net_src comp="497" pin="1"/><net_sink comp="191" pin=2"/></net>

<net id="502"><net_src comp="497" pin="1"/><net_sink comp="191" pin=0"/></net>

</net_list>

</model> 
---------------- Datapath Model END ------------------

* FSMD analyzer results:
  - Output states:
	Port: arr | {8 }
	Port: arr_1 | {8 }
	Port: arr_2 | {8 }
 - Input state : 
	Port: fiat_25519_carry_square_Pipeline_VITIS_LOOP_23_1 : arg1_r_125_0212_reload | {1 }
	Port: fiat_25519_carry_square_Pipeline_VITIS_LOOP_23_1 : arg1_r_226_0213_reload | {1 }
	Port: fiat_25519_carry_square_Pipeline_VITIS_LOOP_23_1 : arg1_r_0_0211_reload | {1 }
	Port: fiat_25519_carry_square_Pipeline_VITIS_LOOP_23_1 : arg1_r_1_0_0215_reload | {1 }
	Port: fiat_25519_carry_square_Pipeline_VITIS_LOOP_23_1 : arg1_r_1_1_0216_reload | {1 }
	Port: fiat_25519_carry_square_Pipeline_VITIS_LOOP_23_1 : arg1_r_1_2_0217_reload | {1 }
	Port: fiat_25519_carry_square_Pipeline_VITIS_LOOP_23_1 : arg1_r_2_0_0218_reload | {1 }
	Port: fiat_25519_carry_square_Pipeline_VITIS_LOOP_23_1 : arg1_r_2_1_0219_reload | {1 }
	Port: fiat_25519_carry_square_Pipeline_VITIS_LOOP_23_1 : arg1_r_2_2_0220_reload | {1 }
	Port: fiat_25519_carry_square_Pipeline_VITIS_LOOP_23_1 : arr | {7 8 }
	Port: fiat_25519_carry_square_Pipeline_VITIS_LOOP_23_1 : arr_1 | {7 8 }
	Port: fiat_25519_carry_square_Pipeline_VITIS_LOOP_23_1 : arr_2 | {7 8 }
	Port: fiat_25519_carry_square_Pipeline_VITIS_LOOP_23_1 : mul16 | {1 }
	Port: fiat_25519_carry_square_Pipeline_VITIS_LOOP_23_1 : zext_ln23 | {1 }
  - Chain level:
	State 1
		store_ln0 : 1
		i_1 : 1
		icmp_ln23 : 2
		br_ln23 : 3
		urem_ln22 : 2
		empty : 2
		zext_ln26 : 3
		mul_ln26 : 4
		urem_ln26 : 3
		trunc_ln3 : 5
		add_ln23 : 2
		store_ln23 : 3
	State 2
	State 3
	State 4
	State 5
	State 6
	State 7
		mul_ln22 : 1
		tmp_2 : 2
		zext_ln22 : 3
		arr_addr : 4
		arr_1_addr : 4
		arr_2_addr : 4
		arr_load : 5
		arr_1_load : 5
		arr_2_load : 5
	State 8
		trunc_ln22 : 1
		empty_27 : 1
		tmp : 2
		zext_ln30 : 3
		tmp_1 : 2
		select_ln30 : 1
		zext_ln30_1 : 2
		mul_ln30 : 4
		add_ln30 : 5
		switch_ln30 : 2
		store_ln30 : 6
		store_ln30 : 6
		store_ln30 : 6


============================================================
+ Verbose Summary: Datapath Resource usage 
============================================================

* Functional unit list:
|----------|-----------------------------------------|---------|---------|---------|
| Operation|             Functional Unit             |   DSP   |    FF   |   LUT   |
|----------|-----------------------------------------|---------|---------|---------|
|   urem   |                grp_fu_223               |    0    |    68   |    31   |
|          |                grp_fu_245               |    0    |    68   |    31   |
|----------|-----------------------------------------|---------|---------|---------|
|          |              phi_ln_fu_309              |    0    |    0    |    20   |
|          |            phi_ln30_1_fu_318            |    0    |    0    |    20   |
|    mux   |            phi_ln30_2_fu_327            |    0    |    0    |    20   |
|          |                tmp_fu_336               |    0    |    0    |    14   |
|          |               tmp_1_fu_353              |    0    |    0    |    14   |
|----------|-----------------------------------------|---------|---------|---------|
|    add   |             add_ln23_fu_261             |    0    |    0    |    12   |
|          |             add_ln30_fu_383             |    0    |    0    |    71   |
|----------|-----------------------------------------|---------|---------|---------|
|          |             mul_ln30_fu_201             |    4    |    0    |    21   |
|    mul   |             mul_ln26_fu_239             |    0    |    0    |    23   |
|          |             mul_ln22_fu_275             |    0    |    0    |    23   |
|----------|-----------------------------------------|---------|---------|---------|
|  select  |            select_ln30_fu_372           |    0    |    0    |    32   |
|----------|-----------------------------------------|---------|---------|---------|
|   icmp   |             icmp_ln23_fu_217            |    0    |    0    |    12   |
|----------|-----------------------------------------|---------|---------|---------|
|    sub   |               empty_fu_229              |    0    |    0    |    12   |
|----------|-----------------------------------------|---------|---------|---------|
|          |        zext_ln23_read_read_fu_84        |    0    |    0    |    0    |
|          |          mul16_read_read_fu_90          |    0    |    0    |    0    |
|          |  arg1_r_2_2_0220_reload_read_read_fu_96 |    0    |    0    |    0    |
|          | arg1_r_2_1_0219_reload_read_read_fu_102 |    0    |    0    |    0    |
|          | arg1_r_2_0_0218_reload_read_read_fu_108 |    0    |    0    |    0    |
|   read   | arg1_r_1_2_0217_reload_read_read_fu_114 |    0    |    0    |    0    |
|          | arg1_r_1_1_0216_reload_read_read_fu_120 |    0    |    0    |    0    |
|          | arg1_r_1_0_0215_reload_read_read_fu_126 |    0    |    0    |    0    |
|          |  arg1_r_0_0211_reload_read_read_fu_132  |    0    |    0    |    0    |
|          | arg1_r_226_0213_reload_read_read_fu_138 |    0    |    0    |    0    |
|          | arg1_r_125_0212_reload_read_read_fu_144 |    0    |    0    |    0    |
|----------|-----------------------------------------|---------|---------|---------|
|          |          zext_ln23_cast_fu_205          |    0    |    0    |    0    |
|          |             zext_ln26_fu_235            |    0    |    0    |    0    |
|   zext   |            zext_ln22_1_fu_272           |    0    |    0    |    0    |
|          |             zext_ln22_fu_291            |    0    |    0    |    0    |
|          |             zext_ln30_fu_348            |    0    |    0    |    0    |
|          |            zext_ln30_1_fu_378           |    0    |    0    |    0    |
|----------|-----------------------------------------|---------|---------|---------|
|partselect|             trunc_ln3_fu_251            |    0    |    0    |    0    |
|          |               tmp_2_fu_281              |    0    |    0    |    0    |
|----------|-----------------------------------------|---------|---------|---------|
|          |             empty_28_fu_298             |    0    |    0    |    0    |
|   trunc  |            trunc_ln22_fu_301            |    0    |    0    |    0    |
|          |             empty_27_fu_305             |    0    |    0    |    0    |
|----------|-----------------------------------------|---------|---------|---------|
|bitconcatenate|              shl_ln4_fu_365             |    0    |    0    |    0    |
|----------|-----------------------------------------|---------|---------|---------|
|   Total  |                                         |    4    |   136   |   356   |
|----------|-----------------------------------------|---------|---------|---------|

Memories:
N/A

* Register list:
+-----------------------------------+--------+
|                                   |   FF   |
+-----------------------------------+--------+
| arg1_r_0_0211_reload_read_reg_436 |   32   |
|arg1_r_125_0212_reload_read_reg_447|   32   |
|arg1_r_1_0_0215_reload_read_reg_431|   32   |
|arg1_r_1_1_0216_reload_read_reg_426|   32   |
|arg1_r_1_2_0217_reload_read_reg_420|   32   |
|arg1_r_226_0213_reload_read_reg_441|   32   |
|arg1_r_2_0_0218_reload_read_reg_415|   32   |
|arg1_r_2_1_0219_reload_read_reg_410|   32   |
|arg1_r_2_2_0220_reload_read_reg_404|   32   |
|         arr_1_addr_reg_491        |    2   |
|         arr_2_addr_reg_497        |    2   |
|          arr_addr_reg_485         |    2   |
|          empty_28_reg_480         |    1   |
|           empty_reg_468           |    4   |
|            i_1_reg_457            |    4   |
|             i_reg_392             |    4   |
|         icmp_ln23_reg_464         |    1   |
|         mul16_read_reg_399        |   32   |
|         trunc_ln3_reg_473         |    2   |
|       zext_ln23_cast_reg_452      |   33   |
+-----------------------------------+--------+
|               Total               |   375  |
+-----------------------------------+--------+

* Multiplexer (MUX) list: 
|-------------------|------|------|------|--------||---------||---------|
|        Comp       |  Pin | Size |  BW  | S x BW ||  Delay  ||   LUT   |
|-------------------|------|------|------|--------||---------||---------|
| grp_access_fu_171 |  p2  |   2  |   0  |    0   ||    9    |
| grp_access_fu_181 |  p2  |   2  |   0  |    0   ||    9    |
| grp_access_fu_191 |  p2  |   2  |   0  |    0   ||    9    |
|     grp_fu_223    |  p0  |   2  |   4  |    8   ||    9    |
|     grp_fu_245    |  p0  |   2  |   4  |    8   ||    9    |
|-------------------|------|------|------|--------||---------||---------|
|       Total       |      |      |      |   16   ||  2.135  ||    45   |
|-------------------|------|------|------|--------||---------||---------|



* Summary:
+-----------+--------+--------+--------+--------+
|           |   DSP  |  Delay |   FF   |   LUT  |
+-----------+--------+--------+--------+--------+
|  Function |    4   |    -   |   136  |   356  |
|   Memory  |    -   |    -   |    -   |    -   |
|Multiplexer|    -   |    2   |    -   |   45   |
|  Register |    -   |    -   |   375  |    -   |
+-----------+--------+--------+--------+--------+
|   Total   |    4   |    2   |   511  |   401  |
+-----------+--------+--------+--------+--------+
