

================================================================
== Vitis HLS Report for 'fiat_25519_carry_mul_Pipeline_VITIS_LOOP_55_5'
================================================================
* Date:           Thu May  9 14:22:27 2024

* Version:        2023.1.1 (Build 3869133 on Jun 15 2023)
* Project:        D2
* Solution:       comb_41 (Vivado IP Flow Target)
* Product family: zynquplus
* Target device:  xczu9eg-ffvb1156-2-e


================================================================
== Performance Estimates
================================================================
+ Timing: 
    * Summary: 
    +--------+----------+----------+------------+
    |  Clock |  Target  | Estimated| Uncertainty|
    +--------+----------+----------+------------+
    |ap_clk  |  10.00 ns|  7.125 ns|     2.70 ns|
    +--------+----------+----------+------------+

+ Latency: 
    * Summary: 
    +---------+---------+-----------+-----------+-----+-----+---------+
    |  Latency (cycles) |   Latency (absolute)  |  Interval | Pipeline|
    |   min   |   max   |    min    |    max    | min | max |   Type  |
    +---------+---------+-----------+-----------+-----+-----+---------+
    |        4|        4|  40.000 ns|  40.000 ns|    4|    4|       no|
    +---------+---------+-----------+-----------+-----+-----+---------+

    + Detail: 
        * Instance: 
        N/A

        * Loop: 
        +-------------------+---------+---------+----------+-----------+-----------+------+----------+
        |                   |  Latency (cycles) | Iteration|  Initiation Interval  | Trip |          |
        |     Loop Name     |   min   |   max   |  Latency |  achieved |   target  | Count| Pipelined|
        +-------------------+---------+---------+----------+-----------+-----------+------+----------+
        |- VITIS_LOOP_55_5  |        2|        2|         2|          1|          1|     2|       yes|
        +-------------------+---------+---------+----------+-----------+-----------+------+----------+



================================================================
== Utilization Estimates
================================================================
* Summary: 
+-----------------+---------+------+--------+--------+-----+
|       Name      | BRAM_18K|  DSP |   FF   |   LUT  | URAM|
+-----------------+---------+------+--------+--------+-----+
|DSP              |        -|     -|       -|       -|    -|
|Expression       |        -|     -|       0|    4745|    -|
|FIFO             |        -|     -|       -|       -|    -|
|Instance         |        -|   160|       0|    1238|    -|
|Memory           |        -|     -|       -|       -|    -|
|Multiplexer      |        -|     -|       -|     126|    -|
|Register         |        -|     -|     709|       -|    -|
+-----------------+---------+------+--------+--------+-----+
|Total            |        0|   160|     709|    6109|    0|
+-----------------+---------+------+--------+--------+-----+
|Available        |     1824|  2520|  548160|  274080|    0|
+-----------------+---------+------+--------+--------+-----+
|Utilization (%)  |        0|     6|      ~0|       2|    0|
+-----------------+---------+------+--------+--------+-----+

+ Detail: 
    * Instance: 
    +--------------------------+----------------------+---------+----+---+----+-----+
    |         Instance         |        Module        | BRAM_18K| DSP| FF| LUT| URAM|
    +--------------------------+----------------------+---------+----+---+----+-----+
    |mul_32ns_32ns_64_1_1_U25  |mul_32ns_32ns_64_1_1  |        0|   4|  0|  20|    0|
    |mul_32ns_32ns_64_1_1_U26  |mul_32ns_32ns_64_1_1  |        0|   4|  0|  20|    0|
    |mul_32ns_32ns_64_1_1_U27  |mul_32ns_32ns_64_1_1  |        0|   4|  0|  20|    0|
    |mul_32ns_32ns_64_1_1_U28  |mul_32ns_32ns_64_1_1  |        0|   4|  0|  20|    0|
    |mul_32ns_32ns_64_1_1_U29  |mul_32ns_32ns_64_1_1  |        0|   4|  0|  20|    0|
    |mul_32ns_32ns_64_1_1_U30  |mul_32ns_32ns_64_1_1  |        0|   4|  0|  20|    0|
    |mul_32ns_32ns_64_1_1_U31  |mul_32ns_32ns_64_1_1  |        0|   4|  0|  20|    0|
    |mul_32ns_32ns_64_1_1_U32  |mul_32ns_32ns_64_1_1  |        0|   4|  0|  20|    0|
    |mul_32ns_32ns_64_1_1_U33  |mul_32ns_32ns_64_1_1  |        0|   4|  0|  20|    0|
    |mul_32ns_32ns_64_1_1_U34  |mul_32ns_32ns_64_1_1  |        0|   4|  0|  20|    0|
    |mul_32ns_32ns_64_1_1_U35  |mul_32ns_32ns_64_1_1  |        0|   4|  0|  20|    0|
    |mul_32ns_32ns_64_1_1_U36  |mul_32ns_32ns_64_1_1  |        0|   4|  0|  20|    0|
    |mul_32ns_32ns_64_1_1_U37  |mul_32ns_32ns_64_1_1  |        0|   4|  0|  20|    0|
    |mul_32ns_32ns_64_1_1_U38  |mul_32ns_32ns_64_1_1  |        0|   4|  0|  20|    0|
    |mul_32ns_32ns_64_1_1_U39  |mul_32ns_32ns_64_1_1  |        0|   4|  0|  20|    0|
    |mul_32ns_32ns_64_1_1_U40  |mul_32ns_32ns_64_1_1  |        0|   4|  0|  20|    0|
    |mul_32ns_32ns_64_1_1_U41  |mul_32ns_32ns_64_1_1  |        0|   4|  0|  20|    0|
    |mul_32ns_32ns_64_1_1_U42  |mul_32ns_32ns_64_1_1  |        0|   4|  0|  20|    0|
    |mul_32ns_32ns_64_1_1_U43  |mul_32ns_32ns_64_1_1  |        0|   4|  0|  20|    0|
    |mul_32ns_32ns_64_1_1_U44  |mul_32ns_32ns_64_1_1  |        0|   4|  0|  20|    0|
    |mul_32ns_32ns_64_1_1_U45  |mul_32ns_32ns_64_1_1  |        0|   4|  0|  20|    0|
    |mul_32ns_32ns_64_1_1_U46  |mul_32ns_32ns_64_1_1  |        0|   4|  0|  20|    0|
    |mul_32ns_32ns_64_1_1_U47  |mul_32ns_32ns_64_1_1  |        0|   4|  0|  20|    0|
    |mul_32ns_32ns_64_1_1_U48  |mul_32ns_32ns_64_1_1  |        0|   4|  0|  20|    0|
    |mul_32ns_32ns_64_1_1_U49  |mul_32ns_32ns_64_1_1  |        0|   4|  0|  20|    0|
    |mul_32ns_32ns_64_1_1_U50  |mul_32ns_32ns_64_1_1  |        0|   4|  0|  20|    0|
    |mul_32ns_32ns_64_1_1_U51  |mul_32ns_32ns_64_1_1  |        0|   4|  0|  20|    0|
    |mul_32ns_32ns_64_1_1_U52  |mul_32ns_32ns_64_1_1  |        0|   4|  0|  20|    0|
    |mul_32ns_32ns_64_1_1_U53  |mul_32ns_32ns_64_1_1  |        0|   4|  0|  20|    0|
    |mul_32ns_32ns_64_1_1_U54  |mul_32ns_32ns_64_1_1  |        0|   4|  0|  20|    0|
    |mul_32ns_32ns_64_1_1_U55  |mul_32ns_32ns_64_1_1  |        0|   4|  0|  20|    0|
    |mul_32ns_32ns_64_1_1_U56  |mul_32ns_32ns_64_1_1  |        0|   4|  0|  20|    0|
    |mul_32ns_32ns_64_1_1_U57  |mul_32ns_32ns_64_1_1  |        0|   4|  0|  20|    0|
    |mul_32ns_32ns_64_1_1_U58  |mul_32ns_32ns_64_1_1  |        0|   4|  0|  20|    0|
    |mul_32ns_32ns_64_1_1_U59  |mul_32ns_32ns_64_1_1  |        0|   4|  0|  20|    0|
    |mul_32ns_32ns_64_1_1_U60  |mul_32ns_32ns_64_1_1  |        0|   4|  0|  20|    0|
    |mul_32ns_32ns_64_1_1_U61  |mul_32ns_32ns_64_1_1  |        0|   4|  0|  20|    0|
    |mul_32ns_32ns_64_1_1_U62  |mul_32ns_32ns_64_1_1  |        0|   4|  0|  20|    0|
    |mul_32ns_32ns_64_1_1_U63  |mul_32ns_32ns_64_1_1  |        0|   4|  0|  20|    0|
    |mul_32ns_32ns_64_1_1_U64  |mul_32ns_32ns_64_1_1  |        0|   4|  0|  20|    0|
    |mux_10_4_32_1_1_U66       |mux_10_4_32_1_1       |        0|   0|  0|  54|    0|
    |mux_2_1_32_1_1_U78        |mux_2_1_32_1_1        |        0|   0|  0|   9|    0|
    |mux_3_2_32_1_1_U77        |mux_3_2_32_1_1        |        0|   0|  0|  14|    0|
    |mux_4_2_32_1_1_U76        |mux_4_2_32_1_1        |        0|   0|  0|  20|    0|
    |mux_5_3_32_1_1_U75        |mux_5_3_32_1_1        |        0|   0|  0|  26|    0|
    |mux_6_3_32_1_1_U65        |mux_6_3_32_1_1        |        0|   0|  0|  31|    0|
    |mux_6_3_32_1_1_U68        |mux_6_3_32_1_1        |        0|   0|  0|  31|    0|
    |mux_6_3_32_1_1_U70        |mux_6_3_32_1_1        |        0|   0|  0|  31|    0|
    |mux_6_3_32_1_1_U72        |mux_6_3_32_1_1        |        0|   0|  0|  31|    0|
    |mux_6_3_32_1_1_U73        |mux_6_3_32_1_1        |        0|   0|  0|  31|    0|
    |mux_6_3_32_1_1_U74        |mux_6_3_32_1_1        |        0|   0|  0|  31|    0|
    |mux_7_3_32_1_1_U71        |mux_7_3_32_1_1        |        0|   0|  0|  37|    0|
    |mux_8_3_32_1_1_U69        |mux_8_3_32_1_1        |        0|   0|  0|  43|    0|
    |mux_9_4_32_1_1_U67        |mux_9_4_32_1_1        |        0|   0|  0|  49|    0|
    +--------------------------+----------------------+---------+----+---+----+-----+
    |Total                     |                      |        0| 160|  0|1238|    0|
    +--------------------------+----------------------+---------+----+---+----+-----+

    * DSP: 
    N/A

    * Memory: 
    N/A

    * FIFO: 
    N/A

    * Expression: 
    +---------------------------+----------+----+---+----+------------+------------+
    |       Variable Name       | Operation| DSP| FF| LUT| Bitwidth P0| Bitwidth P1|
    +---------------------------+----------+----+---+----+------------+------------+
    |add_ln67_1_fu_740_p2       |         +|   0|  0|  12|           4|           3|
    |add_ln67_2_fu_752_p2       |         +|   0|  0|  12|           5|           3|
    |add_ln67_3_fu_770_p2       |         +|   0|  0|  12|           5|           4|
    |add_ln67_4_fu_782_p2       |         +|   0|  0|  12|           5|           4|
    |add_ln68_10_fu_1313_p2     |         +|   0|  0|  71|          64|          64|
    |add_ln68_11_fu_1319_p2     |         +|   0|  0|  64|          64|          64|
    |add_ln68_12_fu_1325_p2     |         +|   0|  0|  64|          64|          64|
    |add_ln68_13_fu_1331_p2     |         +|   0|  0|  64|          64|          64|
    |add_ln68_14_fu_1337_p2     |         +|   0|  0|  64|          64|          64|
    |add_ln68_15_fu_1401_p2     |         +|   0|  0|  71|          64|          64|
    |add_ln68_16_fu_1407_p2     |         +|   0|  0|  64|          64|          64|
    |add_ln68_17_fu_1413_p2     |         +|   0|  0|  64|          64|          64|
    |add_ln68_18_fu_1419_p2     |         +|   0|  0|  64|          64|          64|
    |add_ln68_19_fu_1425_p2     |         +|   0|  0|  64|          64|          64|
    |add_ln68_1_fu_1139_p2      |         +|   0|  0|  64|          64|          64|
    |add_ln68_20_fu_1508_p2     |         +|   0|  0|  71|          64|          64|
    |add_ln68_21_fu_1514_p2     |         +|   0|  0|  64|          64|          64|
    |add_ln68_22_fu_1520_p2     |         +|   0|  0|  64|          64|          64|
    |add_ln68_23_fu_1526_p2     |         +|   0|  0|  64|          64|          64|
    |add_ln68_24_fu_1532_p2     |         +|   0|  0|  64|          64|          64|
    |add_ln68_25_fu_1598_p2     |         +|   0|  0|  71|          64|          64|
    |add_ln68_26_fu_1604_p2     |         +|   0|  0|  64|          64|          64|
    |add_ln68_27_fu_1610_p2     |         +|   0|  0|  64|          64|          64|
    |add_ln68_28_fu_1616_p2     |         +|   0|  0|  64|          64|          64|
    |add_ln68_29_fu_1622_p2     |         +|   0|  0|  64|          64|          64|
    |add_ln68_2_fu_1145_p2      |         +|   0|  0|  64|          64|          64|
    |add_ln68_30_fu_1646_p2     |         +|   0|  0|  71|          64|          64|
    |add_ln68_31_fu_1652_p2     |         +|   0|  0|  64|          64|          64|
    |add_ln68_32_fu_1658_p2     |         +|   0|  0|  64|          64|          64|
    |add_ln68_33_fu_1688_p2     |         +|   0|  0|  71|          64|          64|
    |add_ln68_34_fu_1694_p2     |         +|   0|  0|  71|          64|          64|
    |add_ln68_35_fu_1700_p2     |         +|   0|  0|  64|          64|          64|
    |add_ln68_36_fu_1706_p2     |         +|   0|  0|  64|          64|          64|
    |add_ln68_37_fu_1718_p2     |         +|   0|  0|  71|          64|          64|
    |add_ln68_38_fu_1736_p2     |         +|   0|  0|  64|          64|          64|
    |add_ln68_39_fu_1742_p2     |         +|   0|  0|  64|          64|          64|
    |add_ln68_3_fu_1151_p2      |         +|   0|  0|  64|          64|          64|
    |add_ln68_4_fu_1157_p2      |         +|   0|  0|  64|          64|          64|
    |add_ln68_5_fu_1211_p2      |         +|   0|  0|  71|          64|          64|
    |add_ln68_6_fu_1217_p2      |         +|   0|  0|  64|          64|          64|
    |add_ln68_7_fu_1223_p2      |         +|   0|  0|  64|          64|          64|
    |add_ln68_8_fu_1229_p2      |         +|   0|  0|  64|          64|          64|
    |add_ln68_9_fu_1235_p2      |         +|   0|  0|  64|          64|          64|
    |add_ln68_fu_1133_p2        |         +|   0|  0|  71|          64|          64|
    |i1_3_fu_722_p2             |         +|   0|  0|  12|           4|           3|
    |sub_ln68_1_fu_704_p2       |         -|   0|  0|  12|           5|           4|
    |sub_ln68_2_fu_710_p2       |         -|   0|  0|  10|           3|           3|
    |sub_ln68_3_fu_716_p2       |         -|   0|  0|  10|           3|           3|
    |sub_ln68_4_fu_734_p2       |         -|   0|  0|  12|           4|           3|
    |sub_ln68_5_fu_764_p2       |         -|   0|  0|  10|           3|           2|
    |sub_ln68_fu_698_p2         |         -|   0|  0|  12|           4|           4|
    |and_ln67_1_fu_1247_p2      |       and|   0|  0|   2|           1|           1|
    |and_ln67_2_fu_1343_p2      |       and|   0|  0|   2|           1|           1|
    |and_ln67_3_fu_1437_p2      |       and|   0|  0|   2|           1|           1|
    |and_ln67_4_fu_1538_p2      |       and|   0|  0|   2|           1|           1|
    |and_ln67_fu_1163_p2        |       and|   0|  0|   2|           1|           1|
    |and_ln68_10_fu_1561_p2     |       and|   0|  0|  64|          64|          64|
    |and_ln68_11_fu_1567_p2     |       and|   0|  0|  64|          64|          64|
    |and_ln68_12_fu_1573_p2     |       and|   0|  0|  64|          64|          64|
    |and_ln68_13_fu_1586_p2     |       and|   0|  0|  64|          64|          64|
    |and_ln68_14_fu_1592_p2     |       and|   0|  0|  64|          64|          64|
    |and_ln68_15_fu_1628_p2     |       and|   0|  0|  64|          64|          64|
    |and_ln68_16_fu_1634_p2     |       and|   0|  0|  64|          64|          64|
    |and_ln68_17_fu_1640_p2     |       and|   0|  0|  64|          64|          64|
    |and_ln68_18_fu_1664_p2     |       and|   0|  0|  64|          64|          64|
    |and_ln68_19_fu_1670_p2     |       and|   0|  0|  64|          64|          64|
    |and_ln68_1_fu_1301_p2      |       and|   0|  0|  64|          64|          64|
    |and_ln68_20_fu_1676_p2     |       and|   0|  0|  64|          64|          64|
    |and_ln68_21_fu_1682_p2     |       and|   0|  0|  64|          64|          64|
    |and_ln68_22_fu_1712_p2     |       and|   0|  0|  64|          64|          64|
    |and_ln68_23_fu_1724_p2     |       and|   0|  0|  64|          64|          64|
    |and_ln68_24_fu_1730_p2     |       and|   0|  0|  64|          64|          64|
    |and_ln68_2_fu_1307_p2      |       and|   0|  0|  64|          64|          64|
    |and_ln68_3_fu_1376_p2      |       and|   0|  0|  64|          64|          64|
    |and_ln68_4_fu_1389_p2      |       and|   0|  0|  64|          64|          64|
    |and_ln68_5_fu_1395_p2      |       and|   0|  0|  64|          64|          64|
    |and_ln68_6_fu_1477_p2      |       and|   0|  0|  64|          64|          64|
    |and_ln68_7_fu_1483_p2      |       and|   0|  0|  64|          64|          64|
    |and_ln68_8_fu_1496_p2      |       and|   0|  0|  64|          64|          64|
    |and_ln68_9_fu_1502_p2      |       and|   0|  0|  64|          64|          64|
    |and_ln68_fu_1205_p2        |       and|   0|  0|  64|          64|          64|
    |icmp_ln67_1_fu_728_p2      |      icmp|   0|  0|  12|           4|           4|
    |icmp_ln67_2_fu_746_p2      |      icmp|   0|  0|  12|           4|           4|
    |icmp_ln67_3_fu_758_p2      |      icmp|   0|  0|  12|           5|           4|
    |icmp_ln67_4_fu_776_p2      |      icmp|   0|  0|  12|           5|           4|
    |icmp_ln67_5_fu_788_p2      |      icmp|   0|  0|  12|           5|           4|
    |icmp_ln67_fu_676_p2        |      icmp|   0|  0|  12|           4|           4|
    |select_ln68_10_fu_1294_p3  |    select|   0|  0|   2|           1|           2|
    |select_ln68_11_fu_1382_p3  |    select|   0|  0|   2|           1|           2|
    |select_ln68_12_fu_1489_p3  |    select|   0|  0|   2|           1|           2|
    |select_ln68_13_fu_1579_p3  |    select|   0|  0|   2|           1|           2|
    |select_ln68_1_fu_974_p3    |    select|   0|  0|  32|           1|          32|
    |select_ln68_2_fu_1034_p3   |    select|   0|  0|  32|           1|          32|
    |select_ln68_3_fu_1092_p3   |    select|   0|  0|  32|           1|          32|
    |select_ln68_4_fu_1183_p3   |    select|   0|  0|  32|           1|          32|
    |select_ln68_5_fu_1273_p3   |    select|   0|  0|  32|           1|          32|
    |select_ln68_6_fu_1361_p3   |    select|   0|  0|  32|           1|          32|
    |select_ln68_7_fu_1456_p3   |    select|   0|  0|  32|           1|          32|
    |select_ln68_8_fu_1547_p3   |    select|   0|  0|  32|           1|          32|
    |select_ln68_9_fu_1198_p3   |    select|   0|  0|   2|           1|           2|
    |select_ln68_fu_901_p3      |    select|   0|  0|  32|           1|          32|
    |ap_enable_pp0              |       xor|   0|  0|   2|           1|           2|
    |cmp95_185_fu_913_p2        |       xor|   0|  0|   2|           1|           2|
    |tmp_10_fu_1257_p5          |       xor|   0|  0|   2|           2|           2|
    |tmp_4_fu_952_p9            |       xor|   0|  0|   3|           3|           2|
    +---------------------------+----------+----+---+----+------------+------------+
    |Total                      |          |   0|  0|4745|        4258|        4531|
    +---------------------------+----------+----+---+----+------------+------------+

    * Multiplexer: 
    +-------------------------+----+-----------+-----+-----------+
    |           Name          | LUT| Input Size| Bits| Total Bits|
    +-------------------------+----+-----------+-----+-----------+
    |add129408_fu_160         |   9|          2|   64|        128|
    |add129_1204409_fu_164    |   9|          2|   64|        128|
    |add129_1410_fu_168       |   9|          2|   64|        128|
    |add129_1_182411_fu_172   |   9|          2|   64|        128|
    |add129_2412_fu_176       |   9|          2|   64|        128|
    |add129_2_164413_fu_180   |   9|          2|   64|        128|
    |add129_3414_fu_184       |   9|          2|   64|        128|
    |add129_3_146415_fu_188   |   9|          2|   64|        128|
    |add129_4416_fu_192       |   9|          2|   64|        128|
    |add129_4_128417_fu_196   |   9|          2|   64|        128|
    |ap_done_int              |   9|          2|    1|          2|
    |ap_enable_reg_pp0_iter1  |   9|          2|    1|          2|
    |ap_sig_allocacmp_i1_2    |   9|          2|    4|          8|
    |i1_fu_200                |   9|          2|    4|          8|
    +-------------------------+----+-----------+-----+-----------+
    |Total                    | 126|         28|  650|       1300|
    +-------------------------+----+-----------+-----+-----------+

    * Register: 
    +----------------------------+----+----+-----+-----------+
    |            Name            | FF | LUT| Bits| Const Bits|
    +----------------------------+----+----+-----+-----------+
    |add129408_fu_160            |  64|   0|   64|          0|
    |add129_1204409_fu_164       |  64|   0|   64|          0|
    |add129_1410_fu_168          |  64|   0|   64|          0|
    |add129_1_182411_fu_172      |  64|   0|   64|          0|
    |add129_2412_fu_176          |  64|   0|   64|          0|
    |add129_2_164413_fu_180      |  64|   0|   64|          0|
    |add129_3414_fu_184          |  64|   0|   64|          0|
    |add129_3_146415_fu_188      |  64|   0|   64|          0|
    |add129_4416_fu_192          |  64|   0|   64|          0|
    |add129_4_128417_fu_196      |  64|   0|   64|          0|
    |ap_CS_fsm                   |   1|   0|    1|          0|
    |ap_done_reg                 |   1|   0|    1|          0|
    |ap_enable_reg_pp0_iter1     |   1|   0|    1|          0|
    |i1_fu_200                   |   4|   0|    4|          0|
    |icmp_ln67_1_reg_2137        |   1|   0|    1|          0|
    |icmp_ln67_2_reg_2148        |   1|   0|    1|          0|
    |icmp_ln67_3_reg_2154        |   1|   0|    1|          0|
    |icmp_ln67_4_reg_2165        |   1|   0|    1|          0|
    |icmp_ln67_5_reg_2171        |   1|   0|    1|          0|
    |sub_ln68_1_reg_2122         |   4|   0|    4|          0|
    |sub_ln68_2_reg_2127         |   3|   0|    3|          0|
    |sub_ln68_3_reg_2132         |   3|   0|    3|          0|
    |sub_ln68_4_reg_2143         |   3|   0|    3|          0|
    |sub_ln68_5_reg_2160         |   2|   0|    2|          0|
    |sub_ln68_reg_2117           |   4|   0|    4|          0|
    |trunc_ln55_1_reg_2107       |   3|   0|    3|          0|
    |trunc_ln55_reg_2102         |   2|   0|    2|          0|
    |trunc_ln67_reg_2090         |   1|   0|    1|          0|
    |zext_ln68_23_cast_reg_2081  |  32|   0|   64|         32|
    +----------------------------+----+----+-----+-----------+
    |Total                       | 709|   0|  741|         32|
    +----------------------------+----+----+-----+-----------+



================================================================
== Interface
================================================================
* Summary: 
+----------------------------+-----+-----+------------+-----------------------------------------------+--------------+
|          RTL Ports         | Dir | Bits|  Protocol  |                 Source Object                 |    C Type    |
+----------------------------+-----+-----+------------+-----------------------------------------------+--------------+
|ap_clk                      |   in|    1|  ap_ctrl_hs|  fiat_25519_carry_mul_Pipeline_VITIS_LOOP_55_5|  return value|
|ap_rst                      |   in|    1|  ap_ctrl_hs|  fiat_25519_carry_mul_Pipeline_VITIS_LOOP_55_5|  return value|
|ap_start                    |   in|    1|  ap_ctrl_hs|  fiat_25519_carry_mul_Pipeline_VITIS_LOOP_55_5|  return value|
|ap_done                     |  out|    1|  ap_ctrl_hs|  fiat_25519_carry_mul_Pipeline_VITIS_LOOP_55_5|  return value|
|ap_idle                     |  out|    1|  ap_ctrl_hs|  fiat_25519_carry_mul_Pipeline_VITIS_LOOP_55_5|  return value|
|ap_ready                    |  out|    1|  ap_ctrl_hs|  fiat_25519_carry_mul_Pipeline_VITIS_LOOP_55_5|  return value|
|arr_8                       |   in|   64|     ap_none|                                          arr_8|        scalar|
|arr_7                       |   in|   64|     ap_none|                                          arr_7|        scalar|
|arr_6                       |   in|   64|     ap_none|                                          arr_6|        scalar|
|arr_5                       |   in|   64|     ap_none|                                          arr_5|        scalar|
|arr_4                       |   in|   64|     ap_none|                                          arr_4|        scalar|
|arr_3                       |   in|   64|     ap_none|                                          arr_3|        scalar|
|arr_2                       |   in|   64|     ap_none|                                          arr_2|        scalar|
|arr_1                       |   in|   64|     ap_none|                                          arr_1|        scalar|
|arr                         |   in|   64|     ap_none|                                            arr|        scalar|
|arg1_r_reload               |   in|   32|     ap_none|                                  arg1_r_reload|        scalar|
|arg1_r_1_reload             |   in|   32|     ap_none|                                arg1_r_1_reload|        scalar|
|arg1_r_2_reload             |   in|   32|     ap_none|                                arg1_r_2_reload|        scalar|
|arg1_r_3_reload             |   in|   32|     ap_none|                                arg1_r_3_reload|        scalar|
|arg1_r_4_reload             |   in|   32|     ap_none|                                arg1_r_4_reload|        scalar|
|arg1_r_5_reload             |   in|   32|     ap_none|                                arg1_r_5_reload|        scalar|
|arg2_r_4_reload             |   in|   32|     ap_none|                                arg2_r_4_reload|        scalar|
|arg2_r_5_reload             |   in|   32|     ap_none|                                arg2_r_5_reload|        scalar|
|arg2_r_6_reload             |   in|   32|     ap_none|                                arg2_r_6_reload|        scalar|
|arg2_r_7_reload             |   in|   32|     ap_none|                                arg2_r_7_reload|        scalar|
|arg2_r_8_reload             |   in|   32|     ap_none|                                arg2_r_8_reload|        scalar|
|arg2_r_9_reload             |   in|   32|     ap_none|                                arg2_r_9_reload|        scalar|
|arg2_r_3_reload             |   in|   32|     ap_none|                                arg2_r_3_reload|        scalar|
|arg1_r_6_reload             |   in|   32|     ap_none|                                arg1_r_6_reload|        scalar|
|arg2_r_2_reload             |   in|   32|     ap_none|                                arg2_r_2_reload|        scalar|
|arg1_r_7_reload             |   in|   32|     ap_none|                                arg1_r_7_reload|        scalar|
|arg2_r_1_reload             |   in|   32|     ap_none|                                arg2_r_1_reload|        scalar|
|arg1_r_8_reload             |   in|   32|     ap_none|                                arg1_r_8_reload|        scalar|
|arg2_r_reload               |   in|   32|     ap_none|                                  arg2_r_reload|        scalar|
|arg1_r_9_reload             |   in|   32|     ap_none|                                arg1_r_9_reload|        scalar|
|zext_ln68_23                |   in|   32|     ap_none|                                   zext_ln68_23|        scalar|
|add129_4_128417_out         |  out|   64|      ap_vld|                            add129_4_128417_out|       pointer|
|add129_4_128417_out_ap_vld  |  out|    1|      ap_vld|                            add129_4_128417_out|       pointer|
|add129_4416_out             |  out|   64|      ap_vld|                                add129_4416_out|       pointer|
|add129_4416_out_ap_vld      |  out|    1|      ap_vld|                                add129_4416_out|       pointer|
|add129_3_146415_out         |  out|   64|      ap_vld|                            add129_3_146415_out|       pointer|
|add129_3_146415_out_ap_vld  |  out|    1|      ap_vld|                            add129_3_146415_out|       pointer|
|add129_3414_out             |  out|   64|      ap_vld|                                add129_3414_out|       pointer|
|add129_3414_out_ap_vld      |  out|    1|      ap_vld|                                add129_3414_out|       pointer|
|add129_2_164413_out         |  out|   64|      ap_vld|                            add129_2_164413_out|       pointer|
|add129_2_164413_out_ap_vld  |  out|    1|      ap_vld|                            add129_2_164413_out|       pointer|
|add129_2412_out             |  out|   64|      ap_vld|                                add129_2412_out|       pointer|
|add129_2412_out_ap_vld      |  out|    1|      ap_vld|                                add129_2412_out|       pointer|
|add129_1_182411_out         |  out|   64|      ap_vld|                            add129_1_182411_out|       pointer|
|add129_1_182411_out_ap_vld  |  out|    1|      ap_vld|                            add129_1_182411_out|       pointer|
|add129_1410_out             |  out|   64|      ap_vld|                                add129_1410_out|       pointer|
|add129_1410_out_ap_vld      |  out|    1|      ap_vld|                                add129_1410_out|       pointer|
|add129_1204409_out          |  out|   64|      ap_vld|                             add129_1204409_out|       pointer|
|add129_1204409_out_ap_vld   |  out|    1|      ap_vld|                             add129_1204409_out|       pointer|
|add129408_out               |  out|   64|      ap_vld|                                  add129408_out|       pointer|
|add129408_out_ap_vld        |  out|    1|      ap_vld|                                  add129408_out|       pointer|
+----------------------------+-----+-----+------------+-----------------------------------------------+--------------+

